00:00:00
new vehicle0 @ 00:44:59 (sumoTime: 2699 seconds) on link 1 with path_nodes [1, 2, 3, 4] which means path_links [1, 2, 3]
['newVeh0'] arrived @ sumotime 2727.0 seconds
new vehicle1 @ 00:56:03 (sumoTime: 3363 seconds) on link 1 with path_nodes [1, 2, 3, 4] which means path_links [1, 2, 3]
['newVeh1'] arrived @ sumotime 3389.0 seconds
01:00:00
[INFO: transfer Visum-Sumo]: [(1.0, 100.0, 4.995138888888889, 2.0, 1.0), (-3.0, 100.0, 0.0, 3.0, 4.0), (5.0, 100.0, 0.0, 5.0, 4.0)] 
 [(3, 2)]
Umlegung ausgeführt
curVolumes: (10000, [(3, 2, 0)])
new vehicle2 @ 01:08:19 (sumoTime: 4099 seconds) on link 1 with path_nodes [1, 2, 3, 4] which means path_links [1, 2, 3]
['newVeh2'] arrived @ sumotime 4125.0 seconds
new vehicle3 @ 01:32:35 (sumoTime: 5555 seconds) on link 1 with path_nodes [1, 2, 3, 4] which means path_links [1, 2, 3]
['newVeh3'] arrived @ sumotime 5584.0 seconds
new vehicle4 @ 01:42:08 (sumoTime: 6128 seconds) on link 1 with path_nodes [1, 2, 3, 4] which means path_links [1, 2, 3]
['newVeh4'] arrived @ sumotime 6156.0 seconds
new vehicle5 @ 01:54:52 (sumoTime: 6892 seconds) on link 1 with path_nodes [1, 2, 3, 4] which means path_links [1, 2, 3]
['newVeh5'] arrived @ sumotime 6918.0 seconds
02:00:00
[INFO: transfer Visum-Sumo]: [(1.0, 100.0, 7.495138888888889, 2.0, 1.0), (-3.0, 100.0, 0.0, 3.0, 4.0), (5.0, 100.0, 0.0, 5.0, 4.0)] 
 [(3, 4)]
Umlegung ausgeführt
curVolumes: (20000, [(3, 4, 0)])
new vehicle6 @ 02:04:52 (sumoTime: 7492 seconds) on link 1 with path_nodes [1, 2, 3, 4] which means path_links [1, 2, 3]
['newVeh6'] arrived @ sumotime 7518.0 seconds
['newVeh6'] arrived @ sumotime 7519.0 seconds
new vehicle7 @ 02:11:29 (sumoTime: 7889 seconds) on link 1 with path_nodes [1, 2, 3, 4] which means path_links [1, 2, 3]
new vehicle8 @ 02:11:38 (sumoTime: 7898 seconds) on link 1 with path_nodes [1, 2, 3, 4] which means path_links [1, 2, 3]
new vehicle9 @ 02:11:42 (sumoTime: 7902 seconds) on link 1 with path_nodes [1, 2, 3, 4] which means path_links [1, 2, 3]
['newVeh7'] arrived @ sumotime 7915.0 seconds
['newVeh8'] arrived @ sumotime 7927.0 seconds
['newVeh9'] arrived @ sumotime 7932.0 seconds
['newVeh9'] arrived @ sumotime 7933.0 seconds
new vehicle10 @ 02:30:00 (sumoTime: 9000 seconds) on link 1 with path_nodes [1, 2, 3, 4] which means path_links [1, 2, 3]
['newVeh10'] arrived @ sumotime 9027.0 seconds
new vehicle11 @ 02:31:18 (sumoTime: 9078 seconds) on link 1 with path_nodes [1, 2, 3, 4] which means path_links [1, 2, 3]
['newVeh11'] arrived @ sumotime 9106.0 seconds
new vehicle12 @ 02:35:07 (sumoTime: 9307 seconds) on link 1 with path_nodes [1, 2, 3, 4] which means path_links [1, 2, 3]
['newVeh12'] arrived @ sumotime 9338.0 seconds
['newVeh12'] arrived @ sumotime 9339.0 seconds
new vehicle13 @ 02:46:57 (sumoTime: 10017 seconds) on link 1 with path_nodes [1, 2, 3, 4] which means path_links [1, 2, 3]
['newVeh13'] arrived @ sumotime 10044.0 seconds
new vehicle14 @ 02:50:07 (sumoTime: 10207 seconds) on link 1 with path_nodes [1, 2, 3, 4] which means path_links [1, 2, 3]
['newVeh14'] arrived @ sumotime 10234.0 seconds
new vehicle15 @ 02:57:08 (sumoTime: 10628 seconds) on link 1 with path_nodes [1, 2, 3, 4] which means path_links [1, 2, 3]
['newVeh15'] arrived @ sumotime 10655.0 seconds
03:00:00
[INFO: transfer Visum-Sumo]: [(1.0, 100.0, 9.995138888888889, 2.0, 1.0), (-3.0, 100.0, 0.0, 3.0, 4.0), (5.0, 100.0, 0.0, 5.0, 4.0)] 
 [(3, 13)]
Umlegung ausgeführt
curVolumes: (30000, [(3, 13, 0)])
new vehicle16 @ 03:01:27 (sumoTime: 10887 seconds) on link 1 with path_nodes [1, 2, 3, 4] which means path_links [1, 2, 3]
['newVeh16'] arrived @ sumotime 10913.0 seconds
new vehicle17 @ 03:06:35 (sumoTime: 11195 seconds) on link 1 with path_nodes [1, 2, 3, 4] which means path_links [1, 2, 3]
['newVeh17'] arrived @ sumotime 11225.0 seconds
new vehicle18 @ 03:10:50 (sumoTime: 11450 seconds) on link 1 with path_nodes [1, 2, 3, 4] which means path_links [1, 2, 3]
['newVeh18'] arrived @ sumotime 11477.0 seconds
new vehicle19 @ 03:25:34 (sumoTime: 12334 seconds) on link 1 with path_nodes [1, 2, 3, 4] which means path_links [1, 2, 3]
['newVeh19'] arrived @ sumotime 12359.0 seconds
new vehicle20 @ 03:37:21 (sumoTime: 13041 seconds) on link 1 with path_nodes [1, 2, 3, 4] which means path_links [1, 2, 3]
['newVeh20'] arrived @ sumotime 13067.0 seconds
new vehicle21 @ 03:38:12 (sumoTime: 13092 seconds) on link 1 with path_nodes [1, 2, 3, 4] which means path_links [1, 2, 3]
['newVeh21'] arrived @ sumotime 13122.0 seconds
new vehicle22 @ 03:38:55 (sumoTime: 13135 seconds) on link 1 with path_nodes [1, 2, 3, 4] which means path_links [1, 2, 3]
['newVeh22'] arrived @ sumotime 13161.0 seconds
new vehicle23 @ 03:45:47 (sumoTime: 13547 seconds) on link 1 with path_nodes [1, 2, 3, 4] which means path_links [1, 2, 3]
['newVeh23'] arrived @ sumotime 13573.0 seconds
new vehicle24 @ 03:51:42 (sumoTime: 13902 seconds) on link 1 with path_nodes [1, 2, 3, 4] which means path_links [1, 2, 3]
['newVeh24'] arrived @ sumotime 13931.0 seconds
new vehicle25 @ 03:53:25 (sumoTime: 14005 seconds) on link 1 with path_nodes [1, 2, 3, 4] which means path_links [1, 2, 3]
['newVeh25'] arrived @ sumotime 14031.0 seconds
new vehicle26 @ 03:57:48 (sumoTime: 14268 seconds) on link 1 with path_nodes [1, 2, 3, 4] which means path_links [1, 2, 3]
['newVeh26'] arrived @ sumotime 14297.0 seconds
04:00:00
[INFO: transfer Visum-Sumo]: [(1.0, 100.0, 12.495138888888889, 2.0, 1.0), (-3.0, 100.0, 0.0, 3.0, 4.0), (5.0, 100.0, 0.0, 5.0, 4.0)] 
 [(3, 11)]
Umlegung ausgeführt
curVolumes: (40000, [(3, 11, 0)])
new vehicle27 @ 04:01:38 (sumoTime: 14498 seconds) on link 1 with path_nodes [1, 2, 3, 4] which means path_links [1, 2, 3]
['newVeh27'] arrived @ sumotime 14526.0 seconds
new vehicle28 @ 04:10:48 (sumoTime: 15048 seconds) on link 1 with path_nodes [1, 2, 3, 4] which means path_links [1, 2, 3]
['newVeh28'] arrived @ sumotime 15075.0 seconds
new vehicle29 @ 04:13:12 (sumoTime: 15192 seconds) on link 1 with path_nodes [1, 2, 3, 4] which means path_links [1, 2, 3]
['newVeh29'] arrived @ sumotime 15218.0 seconds
new vehicle30 @ 04:13:39 (sumoTime: 15219 seconds) on link 1 with path_nodes [1, 2, 3, 4] which means path_links [1, 2, 3]
['newVeh30'] arrived @ sumotime 15247.0 seconds
new vehicle31 @ 04:20:36 (sumoTime: 15636 seconds) on link 1 with path_nodes [1, 2, 3, 4] which means path_links [1, 2, 3]
['newVeh31'] arrived @ sumotime 15662.0 seconds
new vehicle32 @ 04:24:38 (sumoTime: 15878 seconds) on link 1 with path_nodes [1, 2, 3, 4] which means path_links [1, 2, 3]
['newVeh32'] arrived @ sumotime 15908.0 seconds
new vehicle33 @ 04:27:42 (sumoTime: 16062 seconds) on link 1 with path_nodes [1, 2, 3, 4] which means path_links [1, 2, 3]
['newVeh33'] arrived @ sumotime 16090.0 seconds
new vehicle34 @ 04:45:48 (sumoTime: 17148 seconds) on link 1 with path_nodes [1, 2, 3, 4] which means path_links [1, 2, 3]
['newVeh34'] arrived @ sumotime 17173.0 seconds
new vehicle35 @ 04:48:36 (sumoTime: 17316 seconds) on link 1 with path_nodes [1, 2, 3, 4] which means path_links [1, 2, 3]
['newVeh35'] arrived @ sumotime 17342.0 seconds
new vehicle36 @ 04:49:26 (sumoTime: 17366 seconds) on link 1 with path_nodes [1, 2, 3, 4] which means path_links [1, 2, 3]
['newVeh36'] arrived @ sumotime 17392.0 seconds
new vehicle37 @ 04:51:17 (sumoTime: 17477 seconds) on link 1 with path_nodes [1, 2, 3, 4] which means path_links [1, 2, 3]
['newVeh37'] arrived @ sumotime 17503.0 seconds
new vehicle38 @ 04:51:54 (sumoTime: 17514 seconds) on link 1 with path_nodes [1, 2, 3, 4] which means path_links [1, 2, 3]
new vehicle39 @ 04:51:54 (sumoTime: 17514 seconds) on link 1 with path_nodes [1, 2, 3, 4] which means path_links [1, 2, 3]
['newVeh38'] arrived @ sumotime 17541.0 seconds
['newVeh39'] arrived @ sumotime 17548.0 seconds
new vehicle40 @ 04:54:04 (sumoTime: 17644 seconds) on link 1 with path_nodes [1, 2, 3, 4] which means path_links [1, 2, 3]
['newVeh40'] arrived @ sumotime 17673.0 seconds
new vehicle41 @ 04:54:40 (sumoTime: 17680 seconds) on link 1 with path_nodes [1, 2, 3, 4] which means path_links [1, 2, 3]
['newVeh41'] arrived @ sumotime 17707.0 seconds
05:00:00
[INFO: transfer Visum-Sumo]: [(1.0, 100.0, 14.995138888888889, 2.0, 1.0), (-3.0, 100.0, 0.0, 3.0, 4.0), (5.0, 100.0, 0.0, 5.0, 4.0)] 
 [(3, 15)]
Umlegung ausgeführt
curVolumes: (50000, [(3, 15, 0)])
new vehicle42 @ 05:02:50 (sumoTime: 18170 seconds) on link 1 with path_nodes [1, 2, 3, 4] which means path_links [1, 2, 3]
['newVeh42'] arrived @ sumotime 18198.0 seconds
new vehicle43 @ 05:03:52 (sumoTime: 18232 seconds) on link 1 with path_nodes [1, 2, 3, 4] which means path_links [1, 2, 3]
['newVeh43'] arrived @ sumotime 18262.0 seconds
new vehicle44 @ 05:07:20 (sumoTime: 18440 seconds) on link 1 with path_nodes [1, 2, 3, 4] which means path_links [1, 2, 3]
['newVeh44'] arrived @ sumotime 18464.0 seconds
new vehicle45 @ 05:10:56 (sumoTime: 18656 seconds) on link 1 with path_nodes [1, 2, 3, 4] which means path_links [1, 2, 3]
['newVeh45'] arrived @ sumotime 18683.0 seconds
new vehicle46 @ 05:14:27 (sumoTime: 18867 seconds) on link 1 with path_nodes [1, 2, 3, 4] which means path_links [1, 2, 3]
new vehicle47 @ 05:14:47 (sumoTime: 18887 seconds) on link 1 with path_nodes [1, 2, 3, 4] which means path_links [1, 2, 3]
['newVeh46'] arrived @ sumotime 18896.0 seconds
['newVeh47'] arrived @ sumotime 18914.0 seconds
new vehicle48 @ 05:15:26 (sumoTime: 18926 seconds) on link 1 with path_nodes [1, 2, 3, 4] which means path_links [1, 2, 3]
['newVeh48'] arrived @ sumotime 18955.0 seconds
new vehicle49 @ 05:21:05 (sumoTime: 19265 seconds) on link 1 with path_nodes [1, 2, 3, 4] which means path_links [1, 2, 3]
['newVeh49'] arrived @ sumotime 19293.0 seconds
new vehicle50 @ 05:22:28 (sumoTime: 19348 seconds) on link 1 with path_nodes [1, 2, 3, 4] which means path_links [1, 2, 3]
['newVeh50'] arrived @ sumotime 19375.0 seconds
new vehicle51 @ 05:24:05 (sumoTime: 19445 seconds) on link 1 with path_nodes [1, 2, 3, 4] which means path_links [1, 2, 3]
['newVeh51'] arrived @ sumotime 19470.0 seconds
new vehicle52 @ 05:26:33 (sumoTime: 19593 seconds) on link 1 with path_nodes [1, 2, 3, 4] which means path_links [1, 2, 3]
['newVeh52'] arrived @ sumotime 19621.0 seconds
new vehicle53 @ 05:34:39 (sumoTime: 20079 seconds) on link 1 with path_nodes [1, 2, 3, 4] which means path_links [1, 2, 3]
['newVeh53'] arrived @ sumotime 20105.0 seconds
new vehicle54 @ 05:39:15 (sumoTime: 20355 seconds) on link 1 with path_nodes [1, 2, 3, 4] which means path_links [1, 2, 3]
['newVeh54'] arrived @ sumotime 20381.0 seconds
new vehicle55 @ 05:39:45 (sumoTime: 20385 seconds) on link 1 with path_nodes [1, 2, 3, 4] which means path_links [1, 2, 3]
['newVeh55'] arrived @ sumotime 20411.0 seconds
new vehicle56 @ 05:45:42 (sumoTime: 20742 seconds) on link 1 with path_nodes [1, 2, 3, 4] which means path_links [1, 2, 3]
['newVeh56'] arrived @ sumotime 20769.0 seconds
new vehicle57 @ 05:46:43 (sumoTime: 20803 seconds) on link 1 with path_nodes [1, 2, 3, 4] which means path_links [1, 2, 3]
['newVeh57'] arrived @ sumotime 20832.0 seconds
new vehicle58 @ 05:49:02 (sumoTime: 20942 seconds) on link 1 with path_nodes [1, 2, 3, 4] which means path_links [1, 2, 3]
['newVeh58'] arrived @ sumotime 20967.0 seconds
new vehicle59 @ 05:52:14 (sumoTime: 21134 seconds) on link 1 with path_nodes [1, 2, 3, 4] which means path_links [1, 2, 3]
['newVeh59'] arrived @ sumotime 21161.0 seconds
new vehicle60 @ 05:58:03 (sumoTime: 21483 seconds) on link 1 with path_nodes [1, 2, 3, 4] which means path_links [1, 2, 3]
['newVeh60'] arrived @ sumotime 21512.0 seconds
new vehicle61 @ 05:59:10 (sumoTime: 21550 seconds) on link 1 with path_nodes [1, 2, 3, 4] which means path_links [1, 2, 3]
['newVeh61'] arrived @ sumotime 21580.0 seconds
06:00:00
[INFO: transfer Visum-Sumo]: [(1.0, 100.0, 17.49513888888889, 2.0, 1.0), (-3.0, 100.0, 0.0, 3.0, 4.0), (5.0, 100.0, 0.0, 5.0, 4.0)] 
 [(3, 20)]
Umlegung ausgeführt
curVolumes: (60000, [(3, 20, 0)])
new vehicle62 @ 06:07:09 (sumoTime: 22029 seconds) on link 1 with path_nodes [1, 2, 3, 4] which means path_links [1, 2, 3]
['newVeh62'] arrived @ sumotime 22059.0 seconds
new vehicle63 @ 06:14:38 (sumoTime: 22478 seconds) on link 1 with path_nodes [1, 2, 3, 4] which means path_links [1, 2, 3]
['newVeh63'] arrived @ sumotime 22505.0 seconds
new vehicle64 @ 06:19:05 (sumoTime: 22745 seconds) on link 1 with path_nodes [1, 2, 3, 4] which means path_links [1, 2, 3]
['newVeh64'] arrived @ sumotime 22771.0 seconds
new vehicle65 @ 06:21:34 (sumoTime: 22894 seconds) on link 1 with path_nodes [1, 2, 3, 4] which means path_links [1, 2, 3]
['newVeh65'] arrived @ sumotime 22920.0 seconds
new vehicle66 @ 06:23:53 (sumoTime: 23033 seconds) on link 1 with path_nodes [1, 2, 3, 4] which means path_links [1, 2, 3]
['newVeh66'] arrived @ sumotime 23061.0 seconds
new vehicle67 @ 06:35:06 (sumoTime: 23706 seconds) on link 1 with path_nodes [1, 2, 3, 4] which means path_links [1, 2, 3]
['newVeh67'] arrived @ sumotime 23733.0 seconds
new vehicle68 @ 06:40:48 (sumoTime: 24048 seconds) on link 1 with path_nodes [1, 2, 3, 4] which means path_links [1, 2, 3]
['newVeh68'] arrived @ sumotime 24074.0 seconds
new vehicle69 @ 06:42:19 (sumoTime: 24139 seconds) on link 1 with path_nodes [1, 2, 3, 4] which means path_links [1, 2, 3]
['newVeh69'] arrived @ sumotime 24166.0 seconds
new vehicle70 @ 06:45:35 (sumoTime: 24335 seconds) on link 1 with path_nodes [1, 2, 3, 4] which means path_links [1, 2, 3]
new vehicle71 @ 06:45:47 (sumoTime: 24347 seconds) on link 1 with path_nodes [1, 2, 3, 4] which means path_links [1, 2, 3]
['newVeh70'] arrived @ sumotime 24361.0 seconds
['newVeh71'] arrived @ sumotime 24374.0 seconds
07:00:00
[INFO: transfer Visum-Sumo]: [(1.0, 100.0, 19.99513888888889, 2.0, 1.0), (-3.0, 100.0, 0.0, 3.0, 4.0), (5.0, 100.0, 0.0, 5.0, 4.0)] 
 [(3, 10)]
Umlegung ausgeführt
curVolumes: (70000, [(3, 10, 0)])
new vehicle72 @ 07:00:07 (sumoTime: 25207 seconds) on link 1 with path_nodes [1, 2, 3, 4] which means path_links [1, 2, 3]
['newVeh72'] arrived @ sumotime 25234.0 seconds
new vehicle73 @ 07:04:51 (sumoTime: 25491 seconds) on link 1 with path_nodes [1, 2, 3, 4] which means path_links [1, 2, 3]
new vehicle74 @ 07:04:53 (sumoTime: 25493 seconds) on link 1 with path_nodes [1, 2, 3, 4] which means path_links [1, 2, 3]
['newVeh73'] arrived @ sumotime 25518.0 seconds
['newVeh74'] arrived @ sumotime 25523.0 seconds
new vehicle75 @ 07:07:06 (sumoTime: 25626 seconds) on link 1 with path_nodes [1, 2, 3, 4] which means path_links [1, 2, 3]
['newVeh75'] arrived @ sumotime 25654.0 seconds
new vehicle76 @ 07:08:52 (sumoTime: 25732 seconds) on link 1 with path_nodes [1, 2, 3, 4] which means path_links [1, 2, 3]
['newVeh76'] arrived @ sumotime 25757.0 seconds
new vehicle77 @ 07:10:20 (sumoTime: 25820 seconds) on link 1 with path_nodes [1, 2, 3, 4] which means path_links [1, 2, 3]
['newVeh77'] arrived @ sumotime 25851.0 seconds
new vehicle78 @ 07:16:49 (sumoTime: 26209 seconds) on link 1 with path_nodes [1, 2, 3, 4] which means path_links [1, 2, 3]
['newVeh78'] arrived @ sumotime 26237.0 seconds
new vehicle79 @ 07:28:58 (sumoTime: 26938 seconds) on link 1 with path_nodes [1, 2, 3, 4] which means path_links [1, 2, 3]
['newVeh79'] arrived @ sumotime 26968.0 seconds
new vehicle80 @ 07:29:43 (sumoTime: 26983 seconds) on link 1 with path_nodes [1, 2, 3, 4] which means path_links [1, 2, 3]
['newVeh80'] arrived @ sumotime 27015.0 seconds
new vehicle81 @ 07:32:15 (sumoTime: 27135 seconds) on link 1 with path_nodes [1, 2, 3, 4] which means path_links [1, 2, 3]
['newVeh81'] arrived @ sumotime 27161.0 seconds
new vehicle82 @ 07:33:33 (sumoTime: 27213 seconds) on link 1 with path_nodes [1, 2, 3, 4] which means path_links [1, 2, 3]
['newVeh82'] arrived @ sumotime 27241.0 seconds
new vehicle83 @ 07:34:10 (sumoTime: 27250 seconds) on link 1 with path_nodes [1, 2, 3, 4] which means path_links [1, 2, 3]
['newVeh83'] arrived @ sumotime 27278.0 seconds
new vehicle84 @ 07:35:39 (sumoTime: 27339 seconds) on link 1 with path_nodes [1, 2, 3, 4] which means path_links [1, 2, 3]
new vehicle85 @ 07:35:58 (sumoTime: 27358 seconds) on link 1 with path_nodes [1, 2, 3, 4] which means path_links [1, 2, 3]
['newVeh84'] arrived @ sumotime 27365.0 seconds
['newVeh85'] arrived @ sumotime 27384.0 seconds
new vehicle86 @ 07:36:56 (sumoTime: 27416 seconds) on link 1 with path_nodes [1, 2, 3, 4] which means path_links [1, 2, 3]
['newVeh86'] arrived @ sumotime 27444.0 seconds
new vehicle87 @ 07:40:15 (sumoTime: 27615 seconds) on link 1 with path_nodes [1, 2, 3, 4] which means path_links [1, 2, 3]
['newVeh87'] arrived @ sumotime 27641.0 seconds
new vehicle88 @ 07:48:44 (sumoTime: 28124 seconds) on link 1 with path_nodes [1, 2, 3, 4] which means path_links [1, 2, 3]
['newVeh88'] arrived @ sumotime 28150.0 seconds
new vehicle89 @ 07:52:33 (sumoTime: 28353 seconds) on link 1 with path_nodes [1, 2, 3, 4] which means path_links [1, 2, 3]
['newVeh89'] arrived @ sumotime 28383.0 seconds
new vehicle90 @ 07:58:19 (sumoTime: 28699 seconds) on link 1 with path_nodes [1, 2, 3, 4] which means path_links [1, 2, 3]
['newVeh90'] arrived @ sumotime 28724.0 seconds
08:00:00
[INFO: transfer Visum-Sumo]: [(1.0, 100.0, 22.49513888888889, 2.0, 1.0), (-3.0, 100.0, 0.0, 3.0, 4.0), (5.0, 100.0, 0.0, 5.0, 4.0)] 
 [(3, 19)]
Umlegung ausgeführt
curVolumes: (80000, [(3, 19, 0)])
new vehicle91 @ 08:04:34 (sumoTime: 29074 seconds) on link 1 with path_nodes [1, 2, 3, 4] which means path_links [1, 2, 3]
['newVeh91'] arrived @ sumotime 29125.0 seconds
new vehicle92 @ 08:08:35 (sumoTime: 29315 seconds) on link 1 with path_nodes [1, 2, 3, 4] which means path_links [1, 2, 3]
['newVeh92'] arrived @ sumotime 29364.0 seconds
new vehicle93 @ 08:12:09 (sumoTime: 29529 seconds) on link 1 with path_nodes [1, 2, 3, 4] which means path_links [1, 2, 3]
new vehicle94 @ 08:12:14 (sumoTime: 29534 seconds) on link 1 with path_nodes [1, 2, 3, 4] which means path_links [1, 2, 3]
['newVeh93'] arrived @ sumotime 29582.0 seconds
['newVeh94'] arrived @ sumotime 29587.0 seconds
new vehicle95 @ 08:17:23 (sumoTime: 29843 seconds) on link 1 with path_nodes [1, 2, 3, 4] which means path_links [1, 2, 3]
['newVeh95'] arrived @ sumotime 29900.0 seconds
new vehicle96 @ 08:22:14 (sumoTime: 30134 seconds) on link 1 with path_nodes [1, 2, 3, 4] which means path_links [1, 2, 3]
['newVeh96'] arrived @ sumotime 30184.0 seconds
new vehicle97 @ 08:25:55 (sumoTime: 30355 seconds) on link 1 with path_nodes [1, 2, 3, 4] which means path_links [1, 2, 3]
['newVeh97'] arrived @ sumotime 30405.0 seconds
new vehicle98 @ 08:27:48 (sumoTime: 30468 seconds) on link 1 with path_nodes [1, 2, 3, 4] which means path_links [1, 2, 3]
['newVeh98'] arrived @ sumotime 30518.0 seconds
new vehicle99 @ 08:29:06 (sumoTime: 30546 seconds) on link 1 with path_nodes [1, 2, 3, 4] which means path_links [1, 2, 3]
new vehicle100 @ 08:29:10 (sumoTime: 30550 seconds) on link 1 with path_nodes [1, 2, 3, 4] which means path_links [1, 2, 3]
['newVeh99'] arrived @ sumotime 30611.0 seconds
['newVeh100'] arrived @ sumotime 30612.0 seconds
new vehicle101 @ 08:31:05 (sumoTime: 30665 seconds) on link 1 with path_nodes [1, 2, 3, 4] which means path_links [1, 2, 3]
new vehicle102 @ 08:31:24 (sumoTime: 30684 seconds) on link 1 with path_nodes [1, 2, 3, 4] which means path_links [1, 2, 3]
['newVeh101'] arrived @ sumotime 30719.0 seconds
['newVeh102'] arrived @ sumotime 30739.0 seconds
new vehicle103 @ 08:34:44 (sumoTime: 30884 seconds) on link 1 with path_nodes [1, 2, 3, 4] which means path_links [1, 2, 3]
['newVeh103'] arrived @ sumotime 30940.0 seconds
new vehicle104 @ 08:35:56 (sumoTime: 30956 seconds) on link 1 with path_nodes [1, 2, 3, 4] which means path_links [1, 2, 3]
new vehicle105 @ 08:36:11 (sumoTime: 30971 seconds) on link 1 with path_nodes [1, 2, 3, 4] which means path_links [1, 2, 3]
new vehicle106 @ 08:36:17 (sumoTime: 30977 seconds) on link 1 with path_nodes [1, 2, 3, 4] which means path_links [1, 2, 3]
['newVeh104'] arrived @ sumotime 31006.0 seconds
['newVeh105'] arrived @ sumotime 31019.0 seconds
new vehicle107 @ 08:37:08 (sumoTime: 31028 seconds) on link 1 with path_nodes [1, 2, 3, 4] which means path_links [1, 2, 3]
['newVeh106'] arrived @ sumotime 31030.0 seconds
['newVeh107'] arrived @ sumotime 31083.0 seconds
new vehicle108 @ 08:43:32 (sumoTime: 31412 seconds) on link 1 with path_nodes [1, 2, 3, 4] which means path_links [1, 2, 3]
new vehicle109 @ 08:43:54 (sumoTime: 31434 seconds) on link 1 with path_nodes [1, 2, 3, 4] which means path_links [1, 2, 3]
['newVeh108'] arrived @ sumotime 31466.0 seconds
new vehicle110 @ 08:44:40 (sumoTime: 31480 seconds) on link 1 with path_nodes [1, 2, 3, 4] which means path_links [1, 2, 3]
['newVeh109'] arrived @ sumotime 31487.0 seconds
['newVeh110'] arrived @ sumotime 31531.0 seconds
new vehicle111 @ 08:49:37 (sumoTime: 31777 seconds) on link 1 with path_nodes [1, 2, 3, 4] which means path_links [1, 2, 3]
['newVeh111'] arrived @ sumotime 31830.0 seconds
new vehicle112 @ 08:51:56 (sumoTime: 31916 seconds) on link 1 with path_nodes [1, 2, 3, 4] which means path_links [1, 2, 3]
['newVeh112'] arrived @ sumotime 31972.0 seconds
new vehicle113 @ 08:53:25 (sumoTime: 32005 seconds) on link 1 with path_nodes [1, 2, 3, 4] which means path_links [1, 2, 3]
['newVeh113'] arrived @ sumotime 32056.0 seconds
09:00:00
[INFO: transfer Visum-Sumo]: [(1.0, 100.0, 24.99513888888889, 2.0, 1.0), (-3.0, 100.0, 0.0, 3.0, 4.0), (5.0, 100.0, 0.0, 5.0, 4.0)] 
 [(3, 23)]
Umlegung ausgeführt
curVolumes: (90000, [(3, 23, 0)])
new vehicle114 @ 09:05:02 (sumoTime: 32702 seconds) on link 1 with path_nodes [1, 2, 3, 4] which means path_links [1, 2, 3]
new vehicle115 @ 09:05:52 (sumoTime: 32752 seconds) on link 1 with path_nodes [1, 2, 3, 4] which means path_links [1, 2, 3]
['newVeh114'] arrived @ sumotime 32758.0 seconds
['newVeh115'] arrived @ sumotime 32808.0 seconds
new vehicle116 @ 09:08:10 (sumoTime: 32890 seconds) on link 1 with path_nodes [1, 2, 3, 4] which means path_links [1, 2, 3]
new vehicle117 @ 09:08:12 (sumoTime: 32892 seconds) on link 1 with path_nodes [1, 2, 3, 4] which means path_links [1, 2, 3]
['newVeh116'] arrived @ sumotime 32943.0 seconds
['newVeh117'] arrived @ sumotime 32946.0 seconds
['newVeh117'] arrived @ sumotime 32947.0 seconds
new vehicle118 @ 09:10:44 (sumoTime: 33044 seconds) on link 1 with path_nodes [1, 2, 3, 4] which means path_links [1, 2, 3]
new vehicle119 @ 09:10:56 (sumoTime: 33056 seconds) on link 1 with path_nodes [1, 2, 3, 4] which means path_links [1, 2, 3]
['newVeh118'] arrived @ sumotime 33101.0 seconds
['newVeh118'] arrived @ sumotime 33102.0 seconds
['newVeh119'] arrived @ sumotime 33107.0 seconds
new vehicle120 @ 09:18:39 (sumoTime: 33519 seconds) on link 1 with path_nodes [1, 2, 3, 4] which means path_links [1, 2, 3]
new vehicle121 @ 09:19:06 (sumoTime: 33546 seconds) on link 1 with path_nodes [1, 2, 3, 4] which means path_links [1, 2, 3]
['newVeh120'] arrived @ sumotime 33567.0 seconds
['newVeh121'] arrived @ sumotime 33599.0 seconds
new vehicle122 @ 09:25:25 (sumoTime: 33925 seconds) on link 1 with path_nodes [1, 2, 3, 4] which means path_links [1, 2, 3]
new vehicle123 @ 09:25:29 (sumoTime: 33929 seconds) on link 1 with path_nodes [1, 2, 3, 4] which means path_links [1, 2, 3]
['newVeh122'] arrived @ sumotime 33977.0 seconds
['newVeh123'] arrived @ sumotime 33989.0 seconds
['newVeh123'] arrived @ sumotime 33990.0 seconds
new vehicle124 @ 09:33:52 (sumoTime: 34432 seconds) on link 1 with path_nodes [1, 2, 3, 4] which means path_links [1, 2, 3]
new vehicle125 @ 09:33:55 (sumoTime: 34435 seconds) on link 1 with path_nodes [1, 2, 3, 4] which means path_links [1, 2, 3]
new vehicle126 @ 09:34:17 (sumoTime: 34457 seconds) on link 1 with path_nodes [1, 2, 3, 4] which means path_links [1, 2, 3]
['newVeh124'] arrived @ sumotime 34480.0 seconds
['newVeh125'] arrived @ sumotime 34486.0 seconds
['newVeh126'] arrived @ sumotime 34510.0 seconds
new vehicle127 @ 09:35:23 (sumoTime: 34523 seconds) on link 1 with path_nodes [1, 2, 3, 4] which means path_links [1, 2, 3]
['newVeh127'] arrived @ sumotime 34583.0 seconds
new vehicle128 @ 09:40:34 (sumoTime: 34834 seconds) on link 1 with path_nodes [1, 2, 3, 4] which means path_links [1, 2, 3]
new vehicle129 @ 09:40:47 (sumoTime: 34847 seconds) on link 1 with path_nodes [1, 2, 3, 4] which means path_links [1, 2, 3]
new vehicle130 @ 09:40:52 (sumoTime: 34852 seconds) on link 1 with path_nodes [1, 2, 3, 4] which means path_links [1, 2, 3]
['newVeh128'] arrived @ sumotime 34889.0 seconds
['newVeh129'] arrived @ sumotime 34897.0 seconds
['newVeh130'] arrived @ sumotime 34903.0 seconds
new vehicle131 @ 09:43:56 (sumoTime: 35036 seconds) on link 1 with path_nodes [1, 2, 3, 4] which means path_links [1, 2, 3]
['newVeh131'] arrived @ sumotime 35088.0 seconds
new vehicle132 @ 09:45:18 (sumoTime: 35118 seconds) on link 1 with path_nodes [1, 2, 3, 4] which means path_links [1, 2, 3]
['newVeh132'] arrived @ sumotime 35173.0 seconds
new vehicle133 @ 09:53:19 (sumoTime: 35599 seconds) on link 1 with path_nodes [1, 2, 3, 4] which means path_links [1, 2, 3]
['newVeh133'] arrived @ sumotime 35651.0 seconds
new vehicle134 @ 09:56:19 (sumoTime: 35779 seconds) on link 1 with path_nodes [1, 2, 3, 4] which means path_links [1, 2, 3]
['newVeh134'] arrived @ sumotime 35828.0 seconds
new vehicle135 @ 09:58:04 (sumoTime: 35884 seconds) on link 1 with path_nodes [1, 2, 3, 4] which means path_links [1, 2, 3]
['newVeh135'] arrived @ sumotime 35946.0 seconds
10:00:00
[INFO: transfer Visum-Sumo]: [(1.0, 100.0, 27.49513888888889, 2.0, 1.0), (-3.0, 100.0, 0.0, 3.0, 4.0), (5.0, 100.0, 0.0, 5.0, 4.0)] 
 [(3, 25)]
Umlegung ausgeführt
curVolumes: (100000, [(3, 25, 0)])
new vehicle136 @ 10:03:47 (sumoTime: 36227 seconds) on link 1 with path_nodes [1, 2, 3, 4] which means path_links [1, 2, 3]
new vehicle137 @ 10:04:28 (sumoTime: 36268 seconds) on link 1 with path_nodes [1, 2, 3, 4] which means path_links [1, 2, 3]
['newVeh136'] arrived @ sumotime 36280.0 seconds
['newVeh137'] arrived @ sumotime 36324.0 seconds
['newVeh137'] arrived @ sumotime 36325.0 seconds
new vehicle138 @ 10:05:47 (sumoTime: 36347 seconds) on link 1 with path_nodes [1, 2, 3, 4] which means path_links [1, 2, 3]
['newVeh138'] arrived @ sumotime 36400.0 seconds
new vehicle139 @ 10:07:50 (sumoTime: 36470 seconds) on link 1 with path_nodes [1, 2, 3, 4] which means path_links [1, 2, 3]
new vehicle140 @ 10:08:29 (sumoTime: 36509 seconds) on link 1 with path_nodes [1, 2, 3, 4] which means path_links [1, 2, 3]
['newVeh139'] arrived @ sumotime 36520.0 seconds
new vehicle141 @ 10:09:08 (sumoTime: 36548 seconds) on link 1 with path_nodes [1, 2, 3, 4] which means path_links [1, 2, 3]
['newVeh140'] arrived @ sumotime 36559.0 seconds
['newVeh141'] arrived @ sumotime 36601.0 seconds
new vehicle142 @ 10:14:04 (sumoTime: 36844 seconds) on link 1 with path_nodes [1, 2, 3, 4] which means path_links [1, 2, 3]
['newVeh142'] arrived @ sumotime 36893.0 seconds
new vehicle143 @ 10:15:32 (sumoTime: 36932 seconds) on link 1 with path_nodes [1, 2, 3, 4] which means path_links [1, 2, 3]
['newVeh143'] arrived @ sumotime 36978.0 seconds
new vehicle144 @ 10:16:44 (sumoTime: 37004 seconds) on link 1 with path_nodes [1, 2, 3, 4] which means path_links [1, 2, 3]
['newVeh144'] arrived @ sumotime 37056.0 seconds
new vehicle145 @ 10:17:46 (sumoTime: 37066 seconds) on link 1 with path_nodes [1, 2, 3, 4] which means path_links [1, 2, 3]
['newVeh145'] arrived @ sumotime 37116.0 seconds
new vehicle146 @ 10:18:45 (sumoTime: 37125 seconds) on link 1 with path_nodes [1, 2, 3, 4] which means path_links [1, 2, 3]
['newVeh146'] arrived @ sumotime 37175.0 seconds
new vehicle147 @ 10:20:08 (sumoTime: 37208 seconds) on link 1 with path_nodes [1, 2, 3, 4] which means path_links [1, 2, 3]
['newVeh147'] arrived @ sumotime 37263.0 seconds
new vehicle148 @ 10:21:30 (sumoTime: 37290 seconds) on link 1 with path_nodes [1, 2, 3, 4] which means path_links [1, 2, 3]
new vehicle149 @ 10:21:47 (sumoTime: 37307 seconds) on link 1 with path_nodes [1, 2, 3, 4] which means path_links [1, 2, 3]
['newVeh148'] arrived @ sumotime 37345.0 seconds
['newVeh148'] arrived @ sumotime 37346.0 seconds
new vehicle150 @ 10:22:37 (sumoTime: 37357 seconds) on link 1 with path_nodes [1, 2, 3, 4] which means path_links [1, 2, 3]
['newVeh149'] arrived @ sumotime 37357.0 seconds
['newVeh150'] arrived @ sumotime 37407.0 seconds
new vehicle151 @ 10:24:01 (sumoTime: 37441 seconds) on link 1 with path_nodes [1, 2, 3, 4] which means path_links [1, 2, 3]
['newVeh151'] arrived @ sumotime 37493.0 seconds
new vehicle152 @ 10:26:07 (sumoTime: 37567 seconds) on link 1 with path_nodes [1, 2, 3, 4] which means path_links [1, 2, 3]
new vehicle153 @ 10:26:49 (sumoTime: 37609 seconds) on link 1 with path_nodes [1, 2, 3, 4] which means path_links [1, 2, 3]
['newVeh152'] arrived @ sumotime 37618.0 seconds
['newVeh153'] arrived @ sumotime 37664.0 seconds
new vehicle154 @ 10:30:00 (sumoTime: 37800 seconds) on link 1 with path_nodes [1, 2, 3, 4] which means path_links [1, 2, 3]
['newVeh154'] arrived @ sumotime 37850.0 seconds
new vehicle155 @ 10:31:27 (sumoTime: 37887 seconds) on link 1 with path_nodes [1, 2, 3, 4] which means path_links [1, 2, 3]
new vehicle156 @ 10:31:41 (sumoTime: 37901 seconds) on link 1 with path_nodes [1, 2, 3, 4] which means path_links [1, 2, 3]
new vehicle157 @ 10:31:55 (sumoTime: 37915 seconds) on link 1 with path_nodes [1, 2, 3, 4] which means path_links [1, 2, 3]
['newVeh155'] arrived @ sumotime 37936.0 seconds
['newVeh156'] arrived @ sumotime 37955.0 seconds
['newVeh157'] arrived @ sumotime 37965.0 seconds
new vehicle158 @ 10:33:03 (sumoTime: 37983 seconds) on link 1 with path_nodes [1, 2, 3, 4] which means path_links [1, 2, 3]
['newVeh158'] arrived @ sumotime 38032.0 seconds
new vehicle159 @ 10:34:02 (sumoTime: 38042 seconds) on link 1 with path_nodes [1, 2, 3, 4] which means path_links [1, 2, 3]
['newVeh159'] arrived @ sumotime 38096.0 seconds
new vehicle160 @ 10:37:49 (sumoTime: 38269 seconds) on link 1 with path_nodes [1, 2, 3, 4] which means path_links [1, 2, 3]
new vehicle161 @ 10:38:13 (sumoTime: 38293 seconds) on link 1 with path_nodes [1, 2, 3, 4] which means path_links [1, 2, 3]
new vehicle162 @ 10:38:13 (sumoTime: 38293 seconds) on link 1 with path_nodes [1, 2, 3, 4] which means path_links [1, 2, 3]
['newVeh160'] arrived @ sumotime 38325.0 seconds
new vehicle163 @ 10:38:47 (sumoTime: 38327 seconds) on link 1 with path_nodes [1, 2, 3, 4] which means path_links [1, 2, 3]
['newVeh161'] arrived @ sumotime 38348.0 seconds
['newVeh162'] arrived @ sumotime 38350.0 seconds
['newVeh163'] arrived @ sumotime 38378.0 seconds
new vehicle164 @ 10:40:37 (sumoTime: 38437 seconds) on link 1 with path_nodes [1, 2, 3, 4] which means path_links [1, 2, 3]
new vehicle165 @ 10:40:59 (sumoTime: 38459 seconds) on link 1 with path_nodes [1, 2, 3, 4] which means path_links [1, 2, 3]
new vehicle166 @ 10:41:27 (sumoTime: 38487 seconds) on link 1 with path_nodes [1, 2, 3, 4] which means path_links [1, 2, 3]
['newVeh164'] arrived @ sumotime 38487.0 seconds
['newVeh165'] arrived @ sumotime 38509.0 seconds
['newVeh166'] arrived @ sumotime 38533.0 seconds
new vehicle167 @ 10:45:08 (sumoTime: 38708 seconds) on link 1 with path_nodes [1, 2, 3, 4] which means path_links [1, 2, 3]
['newVeh167'] arrived @ sumotime 38763.0 seconds
new vehicle168 @ 10:51:51 (sumoTime: 39111 seconds) on link 1 with path_nodes [1, 2, 3, 4] which means path_links [1, 2, 3]
['newVeh168'] arrived @ sumotime 39169.0 seconds
new vehicle169 @ 10:53:54 (sumoTime: 39234 seconds) on link 1 with path_nodes [1, 2, 3, 4] which means path_links [1, 2, 3]
['newVeh169'] arrived @ sumotime 39288.0 seconds
new vehicle170 @ 10:56:09 (sumoTime: 39369 seconds) on link 1 with path_nodes [1, 2, 3, 4] which means path_links [1, 2, 3]
['newVeh170'] arrived @ sumotime 39424.0 seconds
['newVeh170'] arrived @ sumotime 39425.0 seconds
new vehicle171 @ 10:57:22 (sumoTime: 39442 seconds) on link 1 with path_nodes [1, 2, 3, 4] which means path_links [1, 2, 3]
new vehicle172 @ 10:57:26 (sumoTime: 39446 seconds) on link 1 with path_nodes [1, 2, 3, 4] which means path_links [1, 2, 3]
new vehicle173 @ 10:58:21 (sumoTime: 39501 seconds) on link 1 with path_nodes [1, 2, 3, 4] which means path_links [1, 2, 3]
new vehicle174 @ 10:58:24 (sumoTime: 39504 seconds) on link 1 with path_nodes [1, 2, 3, 4] which means path_links [1, 2, 3]
['newVeh171'] arrived @ sumotime 39504.0 seconds
['newVeh172'] arrived @ sumotime 39506.0 seconds
['newVeh173'] arrived @ sumotime 39552.0 seconds
new vehicle175 @ 10:59:16 (sumoTime: 39556 seconds) on link 1 with path_nodes [1, 2, 3, 4] which means path_links [1, 2, 3]
['newVeh174'] arrived @ sumotime 39558.0 seconds
11:00:00
[INFO: transfer Visum-Sumo]: [(1.0, 100.0, 29.99513888888889, 2.0, 1.0), (-3.0, 100.0, 0.0, 3.0, 4.0), (5.0, 100.0, 0.0, 5.0, 4.0)] 
 [(3, 42)]
Umlegung ausgeführt
curVolumes: (110000, [(3, 42, 0)])
['newVeh175'] arrived @ sumotime 39606.0 seconds
new vehicle176 @ 11:02:50 (sumoTime: 39770 seconds) on link 1 with path_nodes [1, 2, 3, 4] which means path_links [1, 2, 3]
['newVeh176'] arrived @ sumotime 39823.0 seconds
new vehicle177 @ 11:04:19 (sumoTime: 39859 seconds) on link 1 with path_nodes [1, 2, 3, 4] which means path_links [1, 2, 3]
['newVeh177'] arrived @ sumotime 39912.0 seconds
new vehicle178 @ 11:05:48 (sumoTime: 39948 seconds) on link 1 with path_nodes [1, 2, 3, 4] which means path_links [1, 2, 3]
['newVeh178'] arrived @ sumotime 39998.0 seconds
new vehicle179 @ 11:06:45 (sumoTime: 40005 seconds) on link 1 with path_nodes [1, 2, 3, 4] which means path_links [1, 2, 3]
['newVeh179'] arrived @ sumotime 40063.0 seconds
new vehicle180 @ 11:09:52 (sumoTime: 40192 seconds) on link 1 with path_nodes [1, 2, 3, 4] which means path_links [1, 2, 3]
['newVeh180'] arrived @ sumotime 40243.0 seconds
new vehicle181 @ 11:14:09 (sumoTime: 40449 seconds) on link 1 with path_nodes [1, 2, 3, 4] which means path_links [1, 2, 3]
['newVeh181'] arrived @ sumotime 40499.0 seconds
new vehicle182 @ 11:16:05 (sumoTime: 40565 seconds) on link 1 with path_nodes [1, 2, 3, 4] which means path_links [1, 2, 3]
['newVeh182'] arrived @ sumotime 40620.0 seconds
new vehicle183 @ 11:17:43 (sumoTime: 40663 seconds) on link 1 with path_nodes [1, 2, 3, 4] which means path_links [1, 2, 3]
new vehicle184 @ 11:18:31 (sumoTime: 40711 seconds) on link 1 with path_nodes [1, 2, 3, 4] which means path_links [1, 2, 3]
['newVeh183'] arrived @ sumotime 40713.0 seconds
['newVeh184'] arrived @ sumotime 40773.0 seconds
new vehicle185 @ 11:20:47 (sumoTime: 40847 seconds) on link 1 with path_nodes [1, 2, 3, 4] which means path_links [1, 2, 3]
new vehicle186 @ 11:21:00 (sumoTime: 40860 seconds) on link 1 with path_nodes [1, 2, 3, 4] which means path_links [1, 2, 3]
['newVeh185'] arrived @ sumotime 40898.0 seconds
['newVeh186'] arrived @ sumotime 40915.0 seconds
new vehicle187 @ 11:22:21 (sumoTime: 40941 seconds) on link 1 with path_nodes [1, 2, 3, 4] which means path_links [1, 2, 3]
new vehicle188 @ 11:22:57 (sumoTime: 40977 seconds) on link 1 with path_nodes [1, 2, 3, 4] which means path_links [1, 2, 3]
new vehicle189 @ 11:23:03 (sumoTime: 40983 seconds) on link 1 with path_nodes [1, 2, 3, 4] which means path_links [1, 2, 3]
new vehicle190 @ 11:23:05 (sumoTime: 40985 seconds) on link 1 with path_nodes [1, 2, 3, 4] which means path_links [1, 2, 3]
['newVeh187'] arrived @ sumotime 40994.0 seconds
['newVeh188'] arrived @ sumotime 41028.0 seconds
['newVeh189'] arrived @ sumotime 41044.0 seconds
['newVeh190'] arrived @ sumotime 41046.0 seconds
new vehicle191 @ 11:29:39 (sumoTime: 41379 seconds) on link 1 with path_nodes [1, 2, 3, 4] which means path_links [1, 2, 3]
['newVeh191'] arrived @ sumotime 41428.0 seconds
new vehicle192 @ 11:32:26 (sumoTime: 41546 seconds) on link 1 with path_nodes [1, 2, 3, 4] which means path_links [1, 2, 3]
new vehicle193 @ 11:33:14 (sumoTime: 41594 seconds) on link 1 with path_nodes [1, 2, 3, 4] which means path_links [1, 2, 3]
['newVeh192'] arrived @ sumotime 41598.0 seconds
new vehicle194 @ 11:33:48 (sumoTime: 41628 seconds) on link 1 with path_nodes [1, 2, 3, 4] which means path_links [1, 2, 3]
['newVeh193'] arrived @ sumotime 41648.0 seconds
['newVeh194'] arrived @ sumotime 41680.0 seconds
['newVeh194'] arrived @ sumotime 41681.0 seconds
new vehicle195 @ 11:36:10 (sumoTime: 41770 seconds) on link 1 with path_nodes [1, 2, 3, 4] which means path_links [1, 2, 3]
['newVeh195'] arrived @ sumotime 41822.0 seconds
new vehicle196 @ 11:38:22 (sumoTime: 41902 seconds) on link 1 with path_nodes [1, 2, 3, 4] which means path_links [1, 2, 3]
['newVeh196'] arrived @ sumotime 41955.0 seconds
new vehicle197 @ 11:46:48 (sumoTime: 42408 seconds) on link 1 with path_nodes [1, 2, 3, 4] which means path_links [1, 2, 3]
['newVeh197'] arrived @ sumotime 42460.0 seconds
new vehicle198 @ 11:48:03 (sumoTime: 42483 seconds) on link 1 with path_nodes [1, 2, 3, 4] which means path_links [1, 2, 3]
['newVeh198'] arrived @ sumotime 42533.0 seconds
new vehicle199 @ 11:50:19 (sumoTime: 42619 seconds) on link 1 with path_nodes [1, 2, 3, 4] which means path_links [1, 2, 3]
new vehicle200 @ 11:50:28 (sumoTime: 42628 seconds) on link 1 with path_nodes [1, 2, 3, 4] which means path_links [1, 2, 3]
['newVeh199'] arrived @ sumotime 42669.0 seconds
['newVeh200'] arrived @ sumotime 42679.0 seconds
new vehicle201 @ 11:51:51 (sumoTime: 42711 seconds) on link 1 with path_nodes [1, 2, 3, 4] which means path_links [1, 2, 3]
['newVeh201'] arrived @ sumotime 42761.0 seconds
new vehicle202 @ 11:55:02 (sumoTime: 42902 seconds) on link 1 with path_nodes [1, 2, 3, 4] which means path_links [1, 2, 3]
new vehicle203 @ 11:55:52 (sumoTime: 42952 seconds) on link 1 with path_nodes [1, 2, 3, 4] which means path_links [1, 2, 3]
['newVeh202'] arrived @ sumotime 42961.0 seconds
['newVeh203'] arrived @ sumotime 43007.0 seconds
new vehicle204 @ 11:59:21 (sumoTime: 43161 seconds) on link 1 with path_nodes [1, 2, 3, 4] which means path_links [1, 2, 3]
12:00:00
[INFO: transfer Visum-Sumo]: [(1.0, 100.0, 32.49513888888889, 2.0, 1.0), (-3.0, 100.0, 0.0, 3.0, 4.0), (5.0, 100.0, 0.0, 5.0, 4.0)] 
 [(3, 30)]
Umlegung ausgeführt
curVolumes: (120000, [(3, 30, 0)])
['newVeh204'] arrived @ sumotime 43211.0 seconds
new vehicle205 @ 12:00:31 (sumoTime: 43231 seconds) on link 1 with path_nodes [1, 2, 3, 4] which means path_links [1, 2, 3]
['newVeh205'] arrived @ sumotime 43257.0 seconds
new vehicle206 @ 12:02:21 (sumoTime: 43341 seconds) on link 1 with path_nodes [1, 2, 3, 4] which means path_links [1, 2, 3]
['newVeh206'] arrived @ sumotime 43369.0 seconds
new vehicle207 @ 12:03:31 (sumoTime: 43411 seconds) on link 1 with path_nodes [1, 2, 3, 4] which means path_links [1, 2, 3]
['newVeh207'] arrived @ sumotime 43439.0 seconds
['newVeh207'] arrived @ sumotime 43440.0 seconds
new vehicle208 @ 12:06:46 (sumoTime: 43606 seconds) on link 1 with path_nodes [1, 2, 3, 4] which means path_links [1, 2, 3]
new vehicle209 @ 12:06:49 (sumoTime: 43609 seconds) on link 1 with path_nodes [1, 2, 3, 4] which means path_links [1, 2, 3]
new vehicle210 @ 12:06:52 (sumoTime: 43612 seconds) on link 1 with path_nodes [1, 2, 3, 4] which means path_links [1, 2, 3]
['newVeh208'] arrived @ sumotime 43633.0 seconds
['newVeh209'] arrived @ sumotime 43636.0 seconds
['newVeh210'] arrived @ sumotime 43639.0 seconds
new vehicle211 @ 12:08:18 (sumoTime: 43698 seconds) on link 1 with path_nodes [1, 2, 3, 4] which means path_links [1, 2, 3]
['newVeh211'] arrived @ sumotime 43724.0 seconds
new vehicle212 @ 12:09:15 (sumoTime: 43755 seconds) on link 1 with path_nodes [1, 2, 3, 4] which means path_links [1, 2, 3]
['newVeh212'] arrived @ sumotime 43782.0 seconds
new vehicle213 @ 12:10:32 (sumoTime: 43832 seconds) on link 1 with path_nodes [1, 2, 3, 4] which means path_links [1, 2, 3]
new vehicle214 @ 12:10:33 (sumoTime: 43833 seconds) on link 1 with path_nodes [1, 2, 3, 4] which means path_links [1, 2, 3]
new vehicle215 @ 12:10:42 (sumoTime: 43842 seconds) on link 1 with path_nodes [1, 2, 3, 4] which means path_links [1, 2, 3]
['newVeh213'] arrived @ sumotime 43863.0 seconds
['newVeh214'] arrived @ sumotime 43865.0 seconds
['newVeh215'] arrived @ sumotime 43868.0 seconds
new vehicle216 @ 12:13:23 (sumoTime: 44003 seconds) on link 1 with path_nodes [1, 2, 3, 4] which means path_links [1, 2, 3]
['newVeh216'] arrived @ sumotime 44030.0 seconds
new vehicle217 @ 12:14:20 (sumoTime: 44060 seconds) on link 1 with path_nodes [1, 2, 3, 4] which means path_links [1, 2, 3]
['newVeh217'] arrived @ sumotime 44087.0 seconds
new vehicle218 @ 12:15:11 (sumoTime: 44111 seconds) on link 1 with path_nodes [1, 2, 3, 4] which means path_links [1, 2, 3]
['newVeh218'] arrived @ sumotime 44138.0 seconds
new vehicle219 @ 12:16:49 (sumoTime: 44209 seconds) on link 1 with path_nodes [1, 2, 3, 4] which means path_links [1, 2, 3]
['newVeh219'] arrived @ sumotime 44237.0 seconds
new vehicle220 @ 12:19:01 (sumoTime: 44341 seconds) on link 1 with path_nodes [1, 2, 3, 4] which means path_links [1, 2, 3]
['newVeh220'] arrived @ sumotime 44367.0 seconds
new vehicle221 @ 12:19:30 (sumoTime: 44370 seconds) on link 1 with path_nodes [1, 2, 3, 4] which means path_links [1, 2, 3]
['newVeh221'] arrived @ sumotime 44397.0 seconds
new vehicle222 @ 12:20:19 (sumoTime: 44419 seconds) on link 1 with path_nodes [1, 2, 3, 4] which means path_links [1, 2, 3]
['newVeh222'] arrived @ sumotime 44451.0 seconds
new vehicle223 @ 12:22:09 (sumoTime: 44529 seconds) on link 1 with path_nodes [1, 2, 3, 4] which means path_links [1, 2, 3]
['newVeh223'] arrived @ sumotime 44559.0 seconds
new vehicle224 @ 12:29:46 (sumoTime: 44986 seconds) on link 1 with path_nodes [1, 2, 3, 4] which means path_links [1, 2, 3]
new vehicle225 @ 12:29:53 (sumoTime: 44993 seconds) on link 1 with path_nodes [1, 2, 3, 4] which means path_links [1, 2, 3]
new vehicle226 @ 12:30:08 (sumoTime: 45008 seconds) on link 1 with path_nodes [1, 2, 3, 4] which means path_links [1, 2, 3]
['newVeh224'] arrived @ sumotime 45013.0 seconds
['newVeh225'] arrived @ sumotime 45019.0 seconds
['newVeh226'] arrived @ sumotime 45033.0 seconds
new vehicle227 @ 12:31:33 (sumoTime: 45093 seconds) on link 1 with path_nodes [1, 2, 3, 4] which means path_links [1, 2, 3]
['newVeh227'] arrived @ sumotime 45119.0 seconds
new vehicle228 @ 12:36:46 (sumoTime: 45406 seconds) on link 1 with path_nodes [1, 2, 3, 4] which means path_links [1, 2, 3]
['newVeh228'] arrived @ sumotime 45432.0 seconds
new vehicle229 @ 12:38:02 (sumoTime: 45482 seconds) on link 1 with path_nodes [1, 2, 3, 4] which means path_links [1, 2, 3]
['newVeh229'] arrived @ sumotime 45508.0 seconds
new vehicle230 @ 12:38:42 (sumoTime: 45522 seconds) on link 1 with path_nodes [1, 2, 3, 4] which means path_links [1, 2, 3]
new vehicle231 @ 12:38:48 (sumoTime: 45528 seconds) on link 1 with path_nodes [1, 2, 3, 4] which means path_links [1, 2, 3]
['newVeh230'] arrived @ sumotime 45547.0 seconds
['newVeh230'] arrived @ sumotime 45548.0 seconds
['newVeh231'] arrived @ sumotime 45555.0 seconds
new vehicle232 @ 12:41:12 (sumoTime: 45672 seconds) on link 1 with path_nodes [1, 2, 3, 4] which means path_links [1, 2, 3]
['newVeh232'] arrived @ sumotime 45700.0 seconds
new vehicle233 @ 12:45:48 (sumoTime: 45948 seconds) on link 1 with path_nodes [1, 2, 3, 4] which means path_links [1, 2, 3]
['newVeh233'] arrived @ sumotime 45974.0 seconds
new vehicle234 @ 12:47:47 (sumoTime: 46067 seconds) on link 1 with path_nodes [1, 2, 3, 4] which means path_links [1, 2, 3]
['newVeh234'] arrived @ sumotime 46097.0 seconds
new vehicle235 @ 12:48:36 (sumoTime: 46116 seconds) on link 1 with path_nodes [1, 2, 3, 4] which means path_links [1, 2, 3]
['newVeh235'] arrived @ sumotime 46143.0 seconds
new vehicle236 @ 12:51:56 (sumoTime: 46316 seconds) on link 1 with path_nodes [1, 2, 3, 4] which means path_links [1, 2, 3]
['newVeh236'] arrived @ sumotime 46343.0 seconds
new vehicle237 @ 12:53:55 (sumoTime: 46435 seconds) on link 1 with path_nodes [1, 2, 3, 4] which means path_links [1, 2, 3]
new vehicle238 @ 12:53:58 (sumoTime: 46438 seconds) on link 1 with path_nodes [1, 2, 3, 4] which means path_links [1, 2, 3]
['newVeh237'] arrived @ sumotime 46461.0 seconds
['newVeh238'] arrived @ sumotime 46464.0 seconds
new vehicle239 @ 12:56:21 (sumoTime: 46581 seconds) on link 1 with path_nodes [1, 2, 3, 4] which means path_links [1, 2, 3]
['newVeh239'] arrived @ sumotime 46608.0 seconds
13:00:00
[INFO: transfer Visum-Sumo]: [(1.0, 100.0, 34.99513888888889, 2.0, 1.0), (-3.0, 100.0, 0.0, 3.0, 4.0), (5.0, 100.0, 0.0, 5.0, 4.0)] 
 [(3, 38)]
Umlegung ausgeführt
curVolumes: (130000, [(3, 38, 0)])
new vehicle240 @ 13:01:21 (sumoTime: 46881 seconds) on link 1 with path_nodes [1, 2, 3, 4] which means path_links [1, 2, 3]
new vehicle241 @ 13:01:23 (sumoTime: 46883 seconds) on link 1 with path_nodes [1, 2, 3, 4] which means path_links [1, 2, 3]
['newVeh240'] arrived @ sumotime 46911.0 seconds
['newVeh241'] arrived @ sumotime 46913.0 seconds
new vehicle242 @ 13:04:44 (sumoTime: 47084 seconds) on link 1 with path_nodes [1, 2, 3, 4] which means path_links [1, 2, 3]
['newVeh242'] arrived @ sumotime 47111.0 seconds
new vehicle243 @ 13:07:00 (sumoTime: 47220 seconds) on link 1 with path_nodes [1, 2, 3, 4] which means path_links [1, 2, 3]
['newVeh243'] arrived @ sumotime 47246.0 seconds
new vehicle244 @ 13:10:14 (sumoTime: 47414 seconds) on link 1 with path_nodes [1, 2, 3, 4] which means path_links [1, 2, 3]
['newVeh244'] arrived @ sumotime 47442.0 seconds
new vehicle245 @ 13:11:20 (sumoTime: 47480 seconds) on link 1 with path_nodes [1, 2, 3, 4] which means path_links [1, 2, 3]
['newVeh245'] arrived @ sumotime 47509.0 seconds
new vehicle246 @ 13:12:12 (sumoTime: 47532 seconds) on link 1 with path_nodes [1, 2, 3, 4] which means path_links [1, 2, 3]
new vehicle247 @ 13:12:30 (sumoTime: 47550 seconds) on link 1 with path_nodes [1, 2, 3, 4] which means path_links [1, 2, 3]
['newVeh246'] arrived @ sumotime 47558.0 seconds
['newVeh247'] arrived @ sumotime 47576.0 seconds
new vehicle248 @ 13:13:15 (sumoTime: 47595 seconds) on link 1 with path_nodes [1, 2, 3, 4] which means path_links [1, 2, 3]
['newVeh248'] arrived @ sumotime 47620.0 seconds
new vehicle249 @ 13:15:14 (sumoTime: 47714 seconds) on link 1 with path_nodes [1, 2, 3, 4] which means path_links [1, 2, 3]
['newVeh249'] arrived @ sumotime 47741.0 seconds
new vehicle250 @ 13:15:49 (sumoTime: 47749 seconds) on link 1 with path_nodes [1, 2, 3, 4] which means path_links [1, 2, 3]
['newVeh250'] arrived @ sumotime 47776.0 seconds
new vehicle251 @ 13:16:27 (sumoTime: 47787 seconds) on link 1 with path_nodes [1, 2, 3, 4] which means path_links [1, 2, 3]
['newVeh251'] arrived @ sumotime 47818.0 seconds
new vehicle252 @ 13:20:09 (sumoTime: 48009 seconds) on link 1 with path_nodes [1, 2, 3, 4] which means path_links [1, 2, 3]
['newVeh252'] arrived @ sumotime 48036.0 seconds
['newVeh252'] arrived @ sumotime 48037.0 seconds
new vehicle253 @ 13:20:39 (sumoTime: 48039 seconds) on link 1 with path_nodes [1, 2, 3, 4] which means path_links [1, 2, 3]
['newVeh253'] arrived @ sumotime 48066.0 seconds
new vehicle254 @ 13:22:17 (sumoTime: 48137 seconds) on link 1 with path_nodes [1, 2, 3, 4] which means path_links [1, 2, 3]
['newVeh254'] arrived @ sumotime 48164.0 seconds
new vehicle255 @ 13:23:02 (sumoTime: 48182 seconds) on link 1 with path_nodes [1, 2, 3, 4] which means path_links [1, 2, 3]
['newVeh255'] arrived @ sumotime 48210.0 seconds
new vehicle256 @ 13:25:20 (sumoTime: 48320 seconds) on link 1 with path_nodes [1, 2, 3, 4] which means path_links [1, 2, 3]
['newVeh256'] arrived @ sumotime 48347.0 seconds
new vehicle257 @ 13:27:14 (sumoTime: 48434 seconds) on link 1 with path_nodes [1, 2, 3, 4] which means path_links [1, 2, 3]
['newVeh257'] arrived @ sumotime 48462.0 seconds
new vehicle258 @ 13:29:44 (sumoTime: 48584 seconds) on link 1 with path_nodes [1, 2, 3, 4] which means path_links [1, 2, 3]
['newVeh258'] arrived @ sumotime 48611.0 seconds
new vehicle259 @ 13:30:26 (sumoTime: 48626 seconds) on link 1 with path_nodes [1, 2, 3, 4] which means path_links [1, 2, 3]
['newVeh259'] arrived @ sumotime 48654.0 seconds
new vehicle260 @ 13:31:12 (sumoTime: 48672 seconds) on link 1 with path_nodes [1, 2, 3, 4] which means path_links [1, 2, 3]
['newVeh260'] arrived @ sumotime 48702.0 seconds
new vehicle261 @ 13:32:38 (sumoTime: 48758 seconds) on link 1 with path_nodes [1, 2, 3, 4] which means path_links [1, 2, 3]
['newVeh261'] arrived @ sumotime 48786.0 seconds
new vehicle262 @ 13:34:47 (sumoTime: 48887 seconds) on link 1 with path_nodes [1, 2, 3, 4] which means path_links [1, 2, 3]
['newVeh262'] arrived @ sumotime 48914.0 seconds
new vehicle263 @ 13:36:32 (sumoTime: 48992 seconds) on link 1 with path_nodes [1, 2, 3, 4] which means path_links [1, 2, 3]
new vehicle264 @ 13:36:38 (sumoTime: 48998 seconds) on link 1 with path_nodes [1, 2, 3, 4] which means path_links [1, 2, 3]
['newVeh263'] arrived @ sumotime 49019.0 seconds
['newVeh264'] arrived @ sumotime 49025.0 seconds
new vehicle265 @ 13:38:01 (sumoTime: 49081 seconds) on link 1 with path_nodes [1, 2, 3, 4] which means path_links [1, 2, 3]
['newVeh265'] arrived @ sumotime 49107.0 seconds
['newVeh265'] arrived @ sumotime 49108.0 seconds
new vehicle266 @ 13:39:35 (sumoTime: 49175 seconds) on link 1 with path_nodes [1, 2, 3, 4] which means path_links [1, 2, 3]
['newVeh266'] arrived @ sumotime 49200.0 seconds
new vehicle267 @ 13:43:20 (sumoTime: 49400 seconds) on link 1 with path_nodes [1, 2, 3, 4] which means path_links [1, 2, 3]
new vehicle268 @ 13:43:44 (sumoTime: 49424 seconds) on link 1 with path_nodes [1, 2, 3, 4] which means path_links [1, 2, 3]
['newVeh267'] arrived @ sumotime 49425.0 seconds
['newVeh268'] arrived @ sumotime 49449.0 seconds
['newVeh268'] arrived @ sumotime 49450.0 seconds
new vehicle269 @ 13:44:18 (sumoTime: 49458 seconds) on link 1 with path_nodes [1, 2, 3, 4] which means path_links [1, 2, 3]
['newVeh269'] arrived @ sumotime 49486.0 seconds
new vehicle270 @ 13:45:08 (sumoTime: 49508 seconds) on link 1 with path_nodes [1, 2, 3, 4] which means path_links [1, 2, 3]
['newVeh270'] arrived @ sumotime 49536.0 seconds
new vehicle271 @ 13:46:45 (sumoTime: 49605 seconds) on link 1 with path_nodes [1, 2, 3, 4] which means path_links [1, 2, 3]
new vehicle272 @ 13:47:01 (sumoTime: 49621 seconds) on link 1 with path_nodes [1, 2, 3, 4] which means path_links [1, 2, 3]
['newVeh271'] arrived @ sumotime 49632.0 seconds
new vehicle273 @ 13:47:19 (sumoTime: 49639 seconds) on link 1 with path_nodes [1, 2, 3, 4] which means path_links [1, 2, 3]
['newVeh272'] arrived @ sumotime 49647.0 seconds
['newVeh273'] arrived @ sumotime 49670.0 seconds
new vehicle274 @ 13:49:28 (sumoTime: 49768 seconds) on link 1 with path_nodes [1, 2, 3, 4] which means path_links [1, 2, 3]
new vehicle275 @ 13:49:49 (sumoTime: 49789 seconds) on link 1 with path_nodes [1, 2, 3, 4] which means path_links [1, 2, 3]
['newVeh274'] arrived @ sumotime 49794.0 seconds
['newVeh275'] arrived @ sumotime 49816.0 seconds
new vehicle276 @ 13:51:29 (sumoTime: 49889 seconds) on link 1 with path_nodes [1, 2, 3, 4] which means path_links [1, 2, 3]
['newVeh276'] arrived @ sumotime 49916.0 seconds
new vehicle277 @ 13:54:52 (sumoTime: 50092 seconds) on link 1 with path_nodes [1, 2, 3, 4] which means path_links [1, 2, 3]
['newVeh277'] arrived @ sumotime 50120.0 seconds
new vehicle278 @ 13:55:53 (sumoTime: 50153 seconds) on link 1 with path_nodes [1, 2, 3, 4] which means path_links [1, 2, 3]
['newVeh278'] arrived @ sumotime 50180.0 seconds
new vehicle279 @ 13:57:21 (sumoTime: 50241 seconds) on link 1 with path_nodes [1, 2, 3, 4] which means path_links [1, 2, 3]
new vehicle280 @ 13:57:34 (sumoTime: 50254 seconds) on link 1 with path_nodes [1, 2, 3, 4] which means path_links [1, 2, 3]
['newVeh279'] arrived @ sumotime 50268.0 seconds
['newVeh280'] arrived @ sumotime 50283.0 seconds
['newVeh280'] arrived @ sumotime 50284.0 seconds
14:00:00
[INFO: transfer Visum-Sumo]: [(1.0, 100.0, 37.49513888888889, 2.0, 1.0), (-3.0, 100.0, 0.0, 3.0, 4.0), (5.0, 100.0, 0.0, 5.0, 4.0)] 
 [(3, 45)]
Umlegung ausgeführt
curVolumes: (140000, [(3, 45, 0)])
new vehicle281 @ 14:01:26 (sumoTime: 50486 seconds) on link 1 with path_nodes [1, 2, 3, 4] which means path_links [1, 2, 3]
['newVeh281'] arrived @ sumotime 50514.0 seconds
new vehicle282 @ 14:02:26 (sumoTime: 50546 seconds) on link 1 with path_nodes [1, 2, 3, 4] which means path_links [1, 2, 3]
['newVeh282'] arrived @ sumotime 50574.0 seconds
new vehicle283 @ 14:03:06 (sumoTime: 50586 seconds) on link 1 with path_nodes [1, 2, 3, 4] which means path_links [1, 2, 3]
new vehicle284 @ 14:03:15 (sumoTime: 50595 seconds) on link 1 with path_nodes [1, 2, 3, 4] which means path_links [1, 2, 3]
['newVeh283'] arrived @ sumotime 50612.0 seconds
['newVeh284'] arrived @ sumotime 50623.0 seconds
new vehicle285 @ 14:04:52 (sumoTime: 50692 seconds) on link 1 with path_nodes [1, 2, 3, 4] which means path_links [1, 2, 3]
new vehicle286 @ 14:04:59 (sumoTime: 50699 seconds) on link 1 with path_nodes [1, 2, 3, 4] which means path_links [1, 2, 3]
['newVeh285'] arrived @ sumotime 50721.0 seconds
['newVeh286'] arrived @ sumotime 50725.0 seconds
new vehicle287 @ 14:08:45 (sumoTime: 50925 seconds) on link 1 with path_nodes [1, 2, 3, 4] which means path_links [1, 2, 3]
['newVeh287'] arrived @ sumotime 50951.0 seconds
new vehicle288 @ 14:10:12 (sumoTime: 51012 seconds) on link 1 with path_nodes [1, 2, 3, 4] which means path_links [1, 2, 3]
['newVeh288'] arrived @ sumotime 51044.0 seconds
new vehicle289 @ 14:11:39 (sumoTime: 51099 seconds) on link 1 with path_nodes [1, 2, 3, 4] which means path_links [1, 2, 3]
['newVeh289'] arrived @ sumotime 51127.0 seconds
new vehicle290 @ 14:12:49 (sumoTime: 51169 seconds) on link 1 with path_nodes [1, 2, 3, 4] which means path_links [1, 2, 3]
['newVeh290'] arrived @ sumotime 51194.0 seconds
new vehicle291 @ 14:20:35 (sumoTime: 51635 seconds) on link 1 with path_nodes [1, 2, 3, 4] which means path_links [1, 2, 3]
['newVeh291'] arrived @ sumotime 51662.0 seconds
new vehicle292 @ 14:26:35 (sumoTime: 51995 seconds) on link 1 with path_nodes [1, 2, 3, 4] which means path_links [1, 2, 3]
['newVeh292'] arrived @ sumotime 52020.0 seconds
new vehicle293 @ 14:28:08 (sumoTime: 52088 seconds) on link 1 with path_nodes [1, 2, 3, 4] which means path_links [1, 2, 3]
['newVeh293'] arrived @ sumotime 52119.0 seconds
new vehicle294 @ 14:29:11 (sumoTime: 52151 seconds) on link 1 with path_nodes [1, 2, 3, 4] which means path_links [1, 2, 3]
['newVeh294'] arrived @ sumotime 52182.0 seconds
new vehicle295 @ 14:29:48 (sumoTime: 52188 seconds) on link 1 with path_nodes [1, 2, 3, 4] which means path_links [1, 2, 3]
new vehicle296 @ 14:29:57 (sumoTime: 52197 seconds) on link 1 with path_nodes [1, 2, 3, 4] which means path_links [1, 2, 3]
['newVeh295'] arrived @ sumotime 52213.0 seconds
['newVeh296'] arrived @ sumotime 52224.0 seconds
['newVeh296'] arrived @ sumotime 52225.0 seconds
new vehicle297 @ 14:32:58 (sumoTime: 52378 seconds) on link 1 with path_nodes [1, 2, 3, 4] which means path_links [1, 2, 3]
['newVeh297'] arrived @ sumotime 52405.0 seconds
new vehicle298 @ 14:35:05 (sumoTime: 52505 seconds) on link 1 with path_nodes [1, 2, 3, 4] which means path_links [1, 2, 3]
['newVeh298'] arrived @ sumotime 52533.0 seconds
new vehicle299 @ 14:39:47 (sumoTime: 52787 seconds) on link 1 with path_nodes [1, 2, 3, 4] which means path_links [1, 2, 3]
['newVeh299'] arrived @ sumotime 52813.0 seconds
new vehicle300 @ 14:41:20 (sumoTime: 52880 seconds) on link 1 with path_nodes [1, 2, 3, 4] which means path_links [1, 2, 3]
['newVeh300'] arrived @ sumotime 52907.0 seconds
new vehicle301 @ 14:41:50 (sumoTime: 52910 seconds) on link 1 with path_nodes [1, 2, 3, 4] which means path_links [1, 2, 3]
['newVeh301'] arrived @ sumotime 52937.0 seconds
['newVeh301'] arrived @ sumotime 52938.0 seconds
new vehicle302 @ 14:44:41 (sumoTime: 53081 seconds) on link 1 with path_nodes [1, 2, 3, 4] which means path_links [1, 2, 3]
['newVeh302'] arrived @ sumotime 53107.0 seconds
new vehicle303 @ 14:45:09 (sumoTime: 53109 seconds) on link 1 with path_nodes [1, 2, 3, 4] which means path_links [1, 2, 3]
new vehicle304 @ 14:45:09 (sumoTime: 53109 seconds) on link 1 with path_nodes [1, 2, 3, 4] which means path_links [1, 2, 3]
new vehicle305 @ 14:45:12 (sumoTime: 53112 seconds) on link 1 with path_nodes [1, 2, 3, 4] which means path_links [1, 2, 3]
new vehicle306 @ 14:45:35 (sumoTime: 53135 seconds) on link 1 with path_nodes [1, 2, 3, 4] which means path_links [1, 2, 3]
['newVeh303'] arrived @ sumotime 53137.0 seconds
['newVeh304'] arrived @ sumotime 53139.0 seconds
['newVeh305'] arrived @ sumotime 53143.0 seconds
['newVeh306'] arrived @ sumotime 53164.0 seconds
new vehicle307 @ 14:46:29 (sumoTime: 53189 seconds) on link 1 with path_nodes [1, 2, 3, 4] which means path_links [1, 2, 3]
['newVeh307'] arrived @ sumotime 53215.0 seconds
new vehicle308 @ 14:47:41 (sumoTime: 53261 seconds) on link 1 with path_nodes [1, 2, 3, 4] which means path_links [1, 2, 3]
['newVeh308'] arrived @ sumotime 53285.0 seconds
new vehicle309 @ 14:51:42 (sumoTime: 53502 seconds) on link 1 with path_nodes [1, 2, 3, 4] which means path_links [1, 2, 3]
['newVeh309'] arrived @ sumotime 53528.0 seconds
new vehicle310 @ 14:53:56 (sumoTime: 53636 seconds) on link 1 with path_nodes [1, 2, 3, 4] which means path_links [1, 2, 3]
['newVeh310'] arrived @ sumotime 53666.0 seconds
new vehicle311 @ 14:56:43 (sumoTime: 53803 seconds) on link 1 with path_nodes [1, 2, 3, 4] which means path_links [1, 2, 3]
new vehicle312 @ 14:56:45 (sumoTime: 53805 seconds) on link 1 with path_nodes [1, 2, 3, 4] which means path_links [1, 2, 3]
['newVeh311'] arrived @ sumotime 53830.0 seconds
['newVeh312'] arrived @ sumotime 53836.0 seconds
new vehicle313 @ 14:59:10 (sumoTime: 53950 seconds) on link 1 with path_nodes [1, 2, 3, 4] which means path_links [1, 2, 3]
new vehicle314 @ 14:59:15 (sumoTime: 53955 seconds) on link 1 with path_nodes [1, 2, 3, 4] which means path_links [1, 2, 3]
new vehicle315 @ 14:59:15 (sumoTime: 53955 seconds) on link 1 with path_nodes [1, 2, 3, 4] which means path_links [1, 2, 3]
['newVeh313'] arrived @ sumotime 53977.0 seconds
['newVeh314'] arrived @ sumotime 53981.0 seconds
['newVeh314'] arrived @ sumotime 53982.0 seconds
['newVeh315'] arrived @ sumotime 53984.0 seconds
new vehicle316 @ 14:59:48 (sumoTime: 53988 seconds) on link 1 with path_nodes [1, 2, 3, 4] which means path_links [1, 2, 3]
Gesamte Auslastung: 296
Summe erzeugter Fahrzeuge: 317
-> Fahrzeuge verloren: -21
Neue Umlegungen nötig: [False, True, True, True, True, True, True, True, True, True, True, True, True, True, True]
Tupel bestehend aus: VolVisum, geplantesVolSumo, avgArrTimeVisum, avgArrTimeSumo
Link: 1 -> [(2, 3, 1800, 1910), (5, 5, 720, 1097), (7, 11, 514, 414), (10, 12, 360, 336), (12, 16, 300, 240), (15, 21, 240, 173), (17, 11, 211, 322), (20, 20, 180, 196), (22, 24, 163, 146), (25, 23, 144, 155), (27, 41, 133, 86), (30, 30, 120, 129), (32, 36, 112, 102), (35, 42, 102, 89), (37, 37, 97, 97)]
Link: 3 -> []
Link: 5 -> []
VolumenInSumo: [(4459, ['1', '2', '3']), (5603, ['1', '2', '3']), (10819, ['1', '2', '3']), (13235, ['1', '2', '3']), (14208, ['1', '2', '3']), (15452, ['1', '2', '3']), (20452, ['1', '2', '3']), (21129, ['1', '2', '3']), (21138, ['1', '2', '3']), (21142, ['1', '2', '3']), (23000, ['1', '2', '3']), (23118, ['1', '2', '3']), (23507, ['1', '2', '3']), (24657, ['1', '2', '3']), (25007, ['1', '2', '3']), (25708, ['1', '2', '3']), (30127, ['1', '2', '3']), (30635, ['1', '2', '3']), (31050, ['1', '2', '3']), (32534, ['1', '2', '3']), (33721, ['1', '2', '3']), (33812, ['1', '2', '3']), (33855, ['1', '2', '3']), (34547, ['1', '2', '3']), (35142, ['1', '2', '3']), (35325, ['1', '2', '3']), (35748, ['1', '2', '3']), (40138, ['1', '2', '3']), (41048, ['1', '2', '3']), (41312, ['1', '2', '3']), (41339, ['1', '2', '3']), (42036, ['1', '2', '3']), (42438, ['1', '2', '3']), (42742, ['1', '2', '3']), (44548, ['1', '2', '3']), (44836, ['1', '2', '3']), (44926, ['1', '2', '3']), (45117, ['1', '2', '3']), (45154, ['1', '2', '3']), (45154, ['1', '2', '3']), (45404, ['1', '2', '3']), (45440, ['1', '2', '3']), (50250, ['1', '2', '3']), (50352, ['1', '2', '3']), (50720, ['1', '2', '3']), (51056, ['1', '2', '3']), (51427, ['1', '2', '3']), (51447, ['1', '2', '3']), (51526, ['1', '2', '3']), (52105, ['1', '2', '3']), (52228, ['1', '2', '3']), (52405, ['1', '2', '3']), (52633, ['1', '2', '3']), (53439, ['1', '2', '3']), (53915, ['1', '2', '3']), (53945, ['1', '2', '3']), (54542, ['1', '2', '3']), (54643, ['1', '2', '3']), (54902, ['1', '2', '3']), (55214, ['1', '2', '3']), (55803, ['1', '2', '3']), (55910, ['1', '2', '3']), (60709, ['1', '2', '3']), (61438, ['1', '2', '3']), (61905, ['1', '2', '3']), (62134, ['1', '2', '3']), (62353, ['1', '2', '3']), (63506, ['1', '2', '3']), (64048, ['1', '2', '3']), (64219, ['1', '2', '3']), (64535, ['1', '2', '3']), (64547, ['1', '2', '3']), (70007, ['1', '2', '3']), (70451, ['1', '2', '3']), (70453, ['1', '2', '3']), (70706, ['1', '2', '3']), (70852, ['1', '2', '3']), (71020, ['1', '2', '3']), (71649, ['1', '2', '3']), (72858, ['1', '2', '3']), (72943, ['1', '2', '3']), (73215, ['1', '2', '3']), (73333, ['1', '2', '3']), (73410, ['1', '2', '3']), (73539, ['1', '2', '3']), (73558, ['1', '2', '3']), (73656, ['1', '2', '3']), (74015, ['1', '2', '3']), (74844, ['1', '2', '3']), (75233, ['1', '2', '3']), (75819, ['1', '2', '3']), (80434, ['1', '6', '7', '-8', '3']), (80835, ['1', '6', '7', '-8', '3']), (81209, ['1', '6', '7', '-8', '3']), (81214, ['1', '6', '7', '-8', '3']), (81723, ['1', '6', '7', '-8', '3']), (82214, ['1', '6', '7', '-8', '3']), (82555, ['1', '6', '7', '-8', '3']), (82748, ['1', '6', '7', '-8', '3']), (82906, ['1', '6', '7', '-8', '3']), (82910, ['1', '6', '7', '-8', '3']), (83105, ['1', '6', '7', '-8', '3']), (83124, ['1', '6', '7', '-8', '3']), (83444, ['1', '6', '7', '-8', '3']), (83556, ['1', '6', '7', '-8', '3']), (83611, ['1', '6', '7', '-8', '3']), (83617, ['1', '6', '7', '-8', '3']), (83708, ['1', '6', '7', '-8', '3']), (84332, ['1', '6', '7', '-8', '3']), (84354, ['1', '6', '7', '-8', '3']), (84440, ['1', '6', '7', '-8', '3']), (84937, ['1', '6', '7', '-8', '3']), (85156, ['1', '6', '7', '-8', '3']), (85325, ['1', '6', '7', '-8', '3']), (90502, ['1', '6', '7', '-8', '3']), (90552, ['1', '6', '7', '-8', '3']), (90810, ['1', '6', '7', '-8', '3']), (90812, ['1', '6', '7', '-8', '3']), (91044, ['1', '6', '7', '-8', '3']), (91056, ['1', '6', '7', '-8', '3']), (91839, ['1', '6', '7', '-8', '3']), (91906, ['1', '6', '7', '-8', '3']), (92525, ['1', '6', '7', '-8', '3']), (92529, ['1', '6', '7', '-8', '3']), (93352, ['1', '6', '7', '-8', '3']), (93355, ['1', '6', '7', '-8', '3']), (93417, ['1', '6', '7', '-8', '3']), (93523, ['1', '6', '7', '-8', '3']), (94034, ['1', '6', '7', '-8', '3']), (94047, ['1', '6', '7', '-8', '3']), (94052, ['1', '6', '7', '-8', '3']), (94356, ['1', '6', '7', '-8', '3']), (94518, ['1', '6', '7', '-8', '3']), (95319, ['1', '6', '7', '-8', '3']), (95619, ['1', '6', '7', '-8', '3']), (95804, ['1', '6', '7', '-8', '3']), (100347, ['1', '6', '7', '-8', '3']), (100428, ['1', '6', '7', '-8', '3']), (100547, ['1', '6', '7', '-8', '3']), (100750, ['1', '6', '7', '-8', '3']), (100829, ['1', '6', '7', '-8', '3']), (100908, ['1', '6', '7', '-8', '3']), (101404, ['1', '6', '7', '-8', '3']), (101532, ['1', '6', '7', '-8', '3']), (101644, ['1', '6', '7', '-8', '3']), (101746, ['1', '6', '7', '-8', '3']), (101845, ['1', '6', '7', '-8', '3']), (102008, ['1', '6', '7', '-8', '3']), (102130, ['1', '6', '7', '-8', '3']), (102147, ['1', '6', '7', '-8', '3']), (102237, ['1', '6', '7', '-8', '3']), (102401, ['1', '6', '7', '-8', '3']), (102607, ['1', '6', '7', '-8', '3']), (102649, ['1', '6', '7', '-8', '3']), (103000, ['1', '6', '7', '-8', '3']), (103127, ['1', '6', '7', '-8', '3']), (103141, ['1', '6', '7', '-8', '3']), (103155, ['1', '6', '7', '-8', '3']), (103303, ['1', '6', '7', '-8', '3']), (103402, ['1', '6', '7', '-8', '3']), (103749, ['1', '6', '7', '-8', '3']), (103813, ['1', '6', '7', '-8', '3']), (103813, ['1', '6', '7', '-8', '3']), (103847, ['1', '6', '7', '-8', '3']), (104037, ['1', '6', '7', '-8', '3']), (104059, ['1', '6', '7', '-8', '3']), (104127, ['1', '6', '7', '-8', '3']), (104508, ['1', '6', '7', '-8', '3']), (105151, ['1', '6', '7', '-8', '3']), (105354, ['1', '6', '7', '-8', '3']), (105609, ['1', '6', '7', '-8', '3']), (105722, ['1', '6', '7', '-8', '3']), (105726, ['1', '6', '7', '-8', '3']), (105821, ['1', '6', '7', '-8', '3']), (105824, ['1', '6', '7', '-8', '3']), (105916, ['1', '6', '7', '-8', '3']), (110250, ['1', '6', '7', '-8', '3']), (110419, ['1', '6', '7', '-8', '3']), (110548, ['1', '6', '7', '-8', '3']), (110645, ['1', '6', '7', '-8', '3']), (110952, ['1', '6', '7', '-8', '3']), (111409, ['1', '6', '7', '-8', '3']), (111605, ['1', '6', '7', '-8', '3']), (111743, ['1', '6', '7', '-8', '3']), (111831, ['1', '6', '7', '-8', '3']), (112047, ['1', '6', '7', '-8', '3']), (112100, ['1', '6', '7', '-8', '3']), (112221, ['1', '6', '7', '-8', '3']), (112257, ['1', '6', '7', '-8', '3']), (112303, ['1', '6', '7', '-8', '3']), (112305, ['1', '6', '7', '-8', '3']), (112939, ['1', '6', '7', '-8', '3']), (113226, ['1', '6', '7', '-8', '3']), (113314, ['1', '6', '7', '-8', '3']), (113348, ['1', '6', '7', '-8', '3']), (113610, ['1', '6', '7', '-8', '3']), (113822, ['1', '6', '7', '-8', '3']), (114648, ['1', '6', '7', '-8', '3']), (114803, ['1', '6', '7', '-8', '3']), (115019, ['1', '6', '7', '-8', '3']), (115028, ['1', '6', '7', '-8', '3']), (115151, ['1', '6', '7', '-8', '3']), (115502, ['1', '6', '7', '-8', '3']), (115552, ['1', '6', '7', '-8', '3']), (115921, ['1', '6', '7', '-8', '3']), (120031, ['1', '2', '3']), (120221, ['1', '2', '3']), (120331, ['1', '2', '3']), (120646, ['1', '2', '3']), (120649, ['1', '2', '3']), (120652, ['1', '2', '3']), (120818, ['1', '2', '3']), (120915, ['1', '2', '3']), (121032, ['1', '2', '3']), (121033, ['1', '2', '3']), (121042, ['1', '2', '3']), (121323, ['1', '2', '3']), (121420, ['1', '2', '3']), (121511, ['1', '2', '3']), (121649, ['1', '2', '3']), (121901, ['1', '2', '3']), (121930, ['1', '2', '3']), (122019, ['1', '2', '3']), (122209, ['1', '2', '3']), (122946, ['1', '2', '3']), (122953, ['1', '2', '3']), (123008, ['1', '2', '3']), (123133, ['1', '2', '3']), (123646, ['1', '2', '3']), (123802, ['1', '2', '3']), (123842, ['1', '2', '3']), (123848, ['1', '2', '3']), (124112, ['1', '2', '3']), (124548, ['1', '2', '3']), (124747, ['1', '2', '3']), (124836, ['1', '2', '3']), (125156, ['1', '2', '3']), (125355, ['1', '2', '3']), (125358, ['1', '2', '3']), (125621, ['1', '2', '3']), (130121, ['1', '2', '3']), (130123, ['1', '2', '3']), (130444, ['1', '2', '3']), (130700, ['1', '2', '3']), (131014, ['1', '2', '3']), (131120, ['1', '2', '3']), (131212, ['1', '2', '3']), (131230, ['1', '2', '3']), (131315, ['1', '2', '3']), (131514, ['1', '2', '3']), (131549, ['1', '2', '3']), (131627, ['1', '2', '3']), (132009, ['1', '2', '3']), (132039, ['1', '2', '3']), (132217, ['1', '2', '3']), (132302, ['1', '2', '3']), (132520, ['1', '2', '3']), (132714, ['1', '2', '3']), (132944, ['1', '2', '3']), (133026, ['1', '2', '3']), (133112, ['1', '2', '3']), (133238, ['1', '2', '3']), (133447, ['1', '2', '3']), (133632, ['1', '2', '3']), (133638, ['1', '2', '3']), (133801, ['1', '2', '3']), (133935, ['1', '2', '3']), (134320, ['1', '2', '3']), (134344, ['1', '2', '3']), (134418, ['1', '2', '3']), (134508, ['1', '2', '3']), (134645, ['1', '2', '3']), (134701, ['1', '2', '3']), (134719, ['1', '2', '3']), (134928, ['1', '2', '3']), (134949, ['1', '2', '3']), (135129, ['1', '2', '3']), (135452, ['1', '2', '3']), (135553, ['1', '2', '3']), (135721, ['1', '2', '3']), (135734, ['1', '2', '3']), (140126, ['1', '2', '3']), (140226, ['1', '2', '3']), (140306, ['1', '2', '3']), (140315, ['1', '2', '3']), (140452, ['1', '2', '3']), (140459, ['1', '2', '3']), (140845, ['1', '2', '3']), (141012, ['1', '2', '3']), (141139, ['1', '2', '3']), (141249, ['1', '2', '3']), (142035, ['1', '2', '3']), (142635, ['1', '2', '3']), (142808, ['1', '2', '3']), (142911, ['1', '2', '3']), (142948, ['1', '2', '3']), (142957, ['1', '2', '3']), (143258, ['1', '2', '3']), (143505, ['1', '2', '3']), (143947, ['1', '2', '3']), (144120, ['1', '2', '3']), (144150, ['1', '2', '3']), (144441, ['1', '2', '3']), (144509, ['1', '2', '3']), (144509, ['1', '2', '3']), (144512, ['1', '2', '3']), (144535, ['1', '2', '3']), (144629, ['1', '2', '3']), (144741, ['1', '2', '3']), (145142, ['1', '2', '3']), (145356, ['1', '2', '3']), (145643, ['1', '2', '3']), (145645, ['1', '2', '3']), (145910, ['1', '2', '3']), (145915, ['1', '2', '3']), (145915, ['1', '2', '3']), (145948, ['1', '2', '3'])]
2 -> 3 : [(10000, 2), (20000, 4), (30000, 7), (40000, 10), (50000, 12), (60000, 15), (70000, 10), (80000, 19), (90000, 22), (100000, 25), (110000, 27), (120000, 30), (130000, 32), (140000, 35)]
2 -> 5 : [(10000, 0), (20000, 1), (30000, 0), (40000, 0), (50000, 0), (60000, 0), (70000, 8), (80000, 1), (90000, 0), (100000, 0), (110000, 0), (120000, 0), (130000, 0), (140000, 0)]
2 -> 6 : [(10000, 0), (20000, 0), (30000, 0), (40000, 0), (50000, 0), (60000, 0), (70000, 0), (80000, 0), (90000, 0), (100000, 0), (110000, 0), (120000, 0), (130000, 0), (140000, 0)]
3 -> 2 : [(10000, 0), (20000, 0), (30000, 0), (40000, 0), (50000, 0), (60000, 0), (70000, 0), (80000, 0), (90000, 0), (100000, 0), (110000, 0), (120000, 0), (130000, 0), (140000, 0)]
3 -> 4 : [(10000, 2), (20000, 4), (30000, 7), (40000, 10), (50000, 12), (60000, 15), (70000, 10), (80000, 19), (90000, 22), (100000, 25), (110000, 27), (120000, 30), (130000, 32), (140000, 35)]
3 -> 7 : [(10000, 0), (20000, 0), (30000, 0), (40000, 0), (50000, 0), (60000, 0), (70000, 0), (80000, 0), (90000, 0), (100000, 0), (110000, 0), (120000, 0), (130000, 0), (140000, 0)]
4 -> 3 : [(10000, 0), (20000, 0), (30000, 0), (40000, 0), (50000, 0), (60000, 0), (70000, 0), (80000, 0), (90000, 0), (100000, 0), (110000, 0), (120000, 0), (130000, 0), (140000, 0)]
4 -> 5 : [(10000, 0), (20000, 0), (30000, 0), (40000, 0), (50000, 0), (60000, 0), (70000, 0), (80000, 0), (90000, 0), (100000, 0), (110000, 0), (120000, 0), (130000, 0), (140000, 0)]
5 -> 2 : [(10000, 0), (20000, 0), (30000, 0), (40000, 0), (50000, 0), (60000, 0), (70000, 0), (80000, 0), (90000, 0), (100000, 0), (110000, 0), (120000, 0), (130000, 0), (140000, 0)]
5 -> 4 : [(10000, 0), (20000, 1), (30000, 0), (40000, 0), (50000, 0), (60000, 0), (70000, 7), (80000, 1), (90000, 0), (100000, 0), (110000, 0), (120000, 0), (130000, 0), (140000, 0)]
6 -> 2 : [(10000, 0), (20000, 0), (30000, 0), (40000, 0), (50000, 0), (60000, 0), (70000, 0), (80000, 0), (90000, 0), (100000, 0), (110000, 0), (120000, 0), (130000, 0), (140000, 0)]
6 -> 7 : [(10000, 0), (20000, 0), (30000, 0), (40000, 0), (50000, 0), (60000, 0), (70000, 0), (80000, 0), (90000, 0), (100000, 0), (110000, 0), (120000, 0), (130000, 0), (140000, 0)]
7 -> 3 : [(10000, 0), (20000, 0), (30000, 0), (40000, 0), (50000, 0), (60000, 0), (70000, 0), (80000, 0), (90000, 0), (100000, 0), (110000, 0), (120000, 0), (130000, 0), (140000, 0)]
7 -> 6 : [(10000, 0), (20000, 0), (30000, 0), (40000, 0), (50000, 0), (60000, 0), (70000, 0), (80000, 0), (90000, 0), (100000, 0), (110000, 0), (120000, 0), (130000, 0), (140000, 0)]
