00:00:00
new vehicle0 @ 00:45:07 (sumoTime: 2707 seconds) on link 1 with path_nodes [1, 2, 3, 4] which means path_links [1, 2, 3]
['newVeh0'] arrived @ sumotime 2735.0 seconds
01:00:00
[INFO: transfer Visum-Sumo]: [(1.0, 100.0, 4.995138888888889, 2.0, 1.0), (-3.0, 100.0, 0.0, 3.0, 4.0), (5.0, 100.0, 0.0, 5.0, 4.0)] 
 [(3, 1)]
Umlegung ausgeführt
curVolumes: (10000, [(3, 1, 0)])
new vehicle1 @ 01:00:10 (sumoTime: 3610 seconds) on link 1 with path_nodes [1, 2, 3, 4] which means path_links [1, 2, 3]
['newVeh1'] arrived @ sumotime 3636.0 seconds
new vehicle2 @ 01:15:33 (sumoTime: 4533 seconds) on link 1 with path_nodes [1, 2, 3, 4] which means path_links [1, 2, 3]
['newVeh2'] arrived @ sumotime 4559.0 seconds
new vehicle3 @ 01:26:58 (sumoTime: 5218 seconds) on link 1 with path_nodes [1, 2, 3, 4] which means path_links [1, 2, 3]
['newVeh3'] arrived @ sumotime 5247.0 seconds
new vehicle4 @ 01:32:22 (sumoTime: 5542 seconds) on link 1 with path_nodes [1, 2, 3, 4] which means path_links [1, 2, 3]
['newVeh4'] arrived @ sumotime 5570.0 seconds
new vehicle5 @ 01:41:22 (sumoTime: 6082 seconds) on link 1 with path_nodes [1, 2, 3, 4] which means path_links [1, 2, 3]
['newVeh5'] arrived @ sumotime 6108.0 seconds
new vehicle6 @ 01:53:37 (sumoTime: 6817 seconds) on link 1 with path_nodes [1, 2, 3, 4] which means path_links [1, 2, 3]
['newVeh6'] arrived @ sumotime 6843.0 seconds
['newVeh6'] arrived @ sumotime 6844.0 seconds
new vehicle7 @ 01:58:04 (sumoTime: 7084 seconds) on link 1 with path_nodes [1, 2, 3, 4] which means path_links [1, 2, 3]
['newVeh7'] arrived @ sumotime 7109.0 seconds
02:00:00
[INFO: transfer Visum-Sumo]: [(1.0, 100.0, 7.495138888888889, 2.0, 1.0), (-3.0, 100.0, 0.0, 3.0, 4.0), (5.0, 100.0, 0.0, 5.0, 4.0)] 
 [(3, 8)]
Umlegung ausgeführt
curVolumes: (20000, [(3, 8, 0)])
new vehicle8 @ 02:07:02 (sumoTime: 7622 seconds) on link 1 with path_nodes [1, 2, 3, 4] which means path_links [1, 2, 3]
['newVeh8'] arrived @ sumotime 7652.0 seconds
new vehicle9 @ 02:23:31 (sumoTime: 8611 seconds) on link 1 with path_nodes [1, 2, 3, 4] which means path_links [1, 2, 3]
['newVeh9'] arrived @ sumotime 8641.0 seconds
new vehicle10 @ 02:37:13 (sumoTime: 9433 seconds) on link 1 with path_nodes [1, 2, 3, 4] which means path_links [1, 2, 3]
['newVeh10'] arrived @ sumotime 9460.0 seconds
new vehicle11 @ 02:39:32 (sumoTime: 9572 seconds) on link 1 with path_nodes [1, 2, 3, 4] which means path_links [1, 2, 3]
['newVeh11'] arrived @ sumotime 9600.0 seconds
new vehicle12 @ 02:48:54 (sumoTime: 10134 seconds) on link 1 with path_nodes [1, 2, 3, 4] which means path_links [1, 2, 3]
new vehicle13 @ 02:48:55 (sumoTime: 10135 seconds) on link 1 with path_nodes [1, 2, 3, 4] which means path_links [1, 2, 3]
['newVeh12'] arrived @ sumotime 10166.0 seconds
['newVeh13'] arrived @ sumotime 10167.0 seconds
['newVeh13'] arrived @ sumotime 10168.0 seconds
new vehicle14 @ 02:58:31 (sumoTime: 10711 seconds) on link 1 with path_nodes [1, 2, 3, 4] which means path_links [1, 2, 3]
['newVeh14'] arrived @ sumotime 10739.0 seconds
03:00:00
[INFO: transfer Visum-Sumo]: [(1.0, 100.0, 9.995138888888889, 2.0, 1.0), (-3.0, 100.0, 0.0, 3.0, 4.0), (5.0, 100.0, 0.0, 5.0, 4.0)] 
 [(3, 8)]
Umlegung ausgeführt
curVolumes: (30000, [(3, 8, 0)])
new vehicle15 @ 03:03:14 (sumoTime: 10994 seconds) on link 1 with path_nodes [1, 2, 3, 4] which means path_links [1, 2, 3]
['newVeh15'] arrived @ sumotime 11021.0 seconds
new vehicle16 @ 03:03:44 (sumoTime: 11024 seconds) on link 1 with path_nodes [1, 2, 3, 4] which means path_links [1, 2, 3]
['newVeh16'] arrived @ sumotime 11050.0 seconds
new vehicle17 @ 03:05:16 (sumoTime: 11116 seconds) on link 1 with path_nodes [1, 2, 3, 4] which means path_links [1, 2, 3]
['newVeh17'] arrived @ sumotime 11146.0 seconds
new vehicle18 @ 03:07:20 (sumoTime: 11240 seconds) on link 1 with path_nodes [1, 2, 3, 4] which means path_links [1, 2, 3]
['newVeh18'] arrived @ sumotime 11267.0 seconds
new vehicle19 @ 03:07:54 (sumoTime: 11274 seconds) on link 1 with path_nodes [1, 2, 3, 4] which means path_links [1, 2, 3]
['newVeh19'] arrived @ sumotime 11299.0 seconds
new vehicle20 @ 03:12:37 (sumoTime: 11557 seconds) on link 1 with path_nodes [1, 2, 3, 4] which means path_links [1, 2, 3]
['newVeh20'] arrived @ sumotime 11583.0 seconds
new vehicle21 @ 03:14:34 (sumoTime: 11674 seconds) on link 1 with path_nodes [1, 2, 3, 4] which means path_links [1, 2, 3]
['newVeh21'] arrived @ sumotime 11704.0 seconds
new vehicle22 @ 03:24:24 (sumoTime: 12264 seconds) on link 1 with path_nodes [1, 2, 3, 4] which means path_links [1, 2, 3]
['newVeh22'] arrived @ sumotime 12290.0 seconds
new vehicle23 @ 03:31:47 (sumoTime: 12707 seconds) on link 1 with path_nodes [1, 2, 3, 4] which means path_links [1, 2, 3]
['newVeh23'] arrived @ sumotime 12733.0 seconds
new vehicle24 @ 03:39:08 (sumoTime: 13148 seconds) on link 1 with path_nodes [1, 2, 3, 4] which means path_links [1, 2, 3]
['newVeh24'] arrived @ sumotime 13177.0 seconds
new vehicle25 @ 03:47:10 (sumoTime: 13630 seconds) on link 1 with path_nodes [1, 2, 3, 4] which means path_links [1, 2, 3]
['newVeh25'] arrived @ sumotime 13656.0 seconds
new vehicle26 @ 03:52:52 (sumoTime: 13972 seconds) on link 1 with path_nodes [1, 2, 3, 4] which means path_links [1, 2, 3]
['newVeh26'] arrived @ sumotime 14001.0 seconds
04:00:00
[INFO: transfer Visum-Sumo]: [(1.0, 100.0, 12.495138888888889, 2.0, 1.0), (-3.0, 100.0, 0.0, 3.0, 4.0), (5.0, 100.0, 0.0, 5.0, 4.0)] 
 [(3, 12)]
Umlegung ausgeführt
curVolumes: (40000, [(3, 12, 0)])
new vehicle27 @ 04:08:09 (sumoTime: 14889 seconds) on link 1 with path_nodes [1, 2, 3, 4] which means path_links [1, 2, 3]
['newVeh27'] arrived @ sumotime 14917.0 seconds
new vehicle28 @ 04:11:03 (sumoTime: 15063 seconds) on link 1 with path_nodes [1, 2, 3, 4] which means path_links [1, 2, 3]
new vehicle29 @ 04:11:11 (sumoTime: 15071 seconds) on link 1 with path_nodes [1, 2, 3, 4] which means path_links [1, 2, 3]
['newVeh28'] arrived @ sumotime 15090.0 seconds
['newVeh29'] arrived @ sumotime 15097.0 seconds
new vehicle30 @ 04:18:09 (sumoTime: 15489 seconds) on link 1 with path_nodes [1, 2, 3, 4] which means path_links [1, 2, 3]
['newVeh30'] arrived @ sumotime 15517.0 seconds
new vehicle31 @ 04:20:47 (sumoTime: 15647 seconds) on link 1 with path_nodes [1, 2, 3, 4] which means path_links [1, 2, 3]
['newVeh31'] arrived @ sumotime 15673.0 seconds
new vehicle32 @ 04:22:08 (sumoTime: 15728 seconds) on link 1 with path_nodes [1, 2, 3, 4] which means path_links [1, 2, 3]
['newVeh32'] arrived @ sumotime 15758.0 seconds
new vehicle33 @ 04:24:49 (sumoTime: 15889 seconds) on link 1 with path_nodes [1, 2, 3, 4] which means path_links [1, 2, 3]
['newVeh33'] arrived @ sumotime 15917.0 seconds
new vehicle34 @ 04:30:43 (sumoTime: 16243 seconds) on link 1 with path_nodes [1, 2, 3, 4] which means path_links [1, 2, 3]
['newVeh34'] arrived @ sumotime 16268.0 seconds
new vehicle35 @ 04:35:12 (sumoTime: 16512 seconds) on link 1 with path_nodes [1, 2, 3, 4] which means path_links [1, 2, 3]
['newVeh35'] arrived @ sumotime 16538.0 seconds
new vehicle36 @ 04:40:41 (sumoTime: 16841 seconds) on link 1 with path_nodes [1, 2, 3, 4] which means path_links [1, 2, 3]
['newVeh36'] arrived @ sumotime 16867.0 seconds
new vehicle37 @ 04:41:51 (sumoTime: 16911 seconds) on link 1 with path_nodes [1, 2, 3, 4] which means path_links [1, 2, 3]
['newVeh37'] arrived @ sumotime 16937.0 seconds
new vehicle38 @ 04:47:58 (sumoTime: 17278 seconds) on link 1 with path_nodes [1, 2, 3, 4] which means path_links [1, 2, 3]
['newVeh38'] arrived @ sumotime 17305.0 seconds
new vehicle39 @ 04:48:41 (sumoTime: 17321 seconds) on link 1 with path_nodes [1, 2, 3, 4] which means path_links [1, 2, 3]
['newVeh39'] arrived @ sumotime 17349.0 seconds
new vehicle40 @ 04:56:54 (sumoTime: 17814 seconds) on link 1 with path_nodes [1, 2, 3, 4] which means path_links [1, 2, 3]
['newVeh40'] arrived @ sumotime 17843.0 seconds
05:00:00
[INFO: transfer Visum-Sumo]: [(1.0, 100.0, 14.995138888888889, 2.0, 1.0), (-3.0, 100.0, 0.0, 3.0, 4.0), (5.0, 100.0, 0.0, 5.0, 4.0)] 
 [(3, 14)]
Umlegung ausgeführt
curVolumes: (50000, [(3, 14, 0)])
new vehicle41 @ 05:04:58 (sumoTime: 18298 seconds) on link 1 with path_nodes [1, 2, 3, 4] which means path_links [1, 2, 3]
['newVeh41'] arrived @ sumotime 18326.0 seconds
new vehicle42 @ 05:08:17 (sumoTime: 18497 seconds) on link 1 with path_nodes [1, 2, 3, 4] which means path_links [1, 2, 3]
['newVeh42'] arrived @ sumotime 18525.0 seconds
new vehicle43 @ 05:12:36 (sumoTime: 18756 seconds) on link 1 with path_nodes [1, 2, 3, 4] which means path_links [1, 2, 3]
['newVeh43'] arrived @ sumotime 18787.0 seconds
new vehicle44 @ 05:19:55 (sumoTime: 19195 seconds) on link 1 with path_nodes [1, 2, 3, 4] which means path_links [1, 2, 3]
new vehicle45 @ 05:20:13 (sumoTime: 19213 seconds) on link 1 with path_nodes [1, 2, 3, 4] which means path_links [1, 2, 3]
['newVeh44'] arrived @ sumotime 19219.0 seconds
['newVeh45'] arrived @ sumotime 19240.0 seconds
new vehicle46 @ 05:27:14 (sumoTime: 19634 seconds) on link 1 with path_nodes [1, 2, 3, 4] which means path_links [1, 2, 3]
new vehicle47 @ 05:27:39 (sumoTime: 19659 seconds) on link 1 with path_nodes [1, 2, 3, 4] which means path_links [1, 2, 3]
['newVeh46'] arrived @ sumotime 19663.0 seconds
['newVeh47'] arrived @ sumotime 19685.0 seconds
new vehicle48 @ 05:32:14 (sumoTime: 19934 seconds) on link 1 with path_nodes [1, 2, 3, 4] which means path_links [1, 2, 3]
['newVeh48'] arrived @ sumotime 19963.0 seconds
new vehicle49 @ 05:32:49 (sumoTime: 19969 seconds) on link 1 with path_nodes [1, 2, 3, 4] which means path_links [1, 2, 3]
['newVeh49'] arrived @ sumotime 19997.0 seconds
new vehicle50 @ 05:38:28 (sumoTime: 20308 seconds) on link 1 with path_nodes [1, 2, 3, 4] which means path_links [1, 2, 3]
['newVeh50'] arrived @ sumotime 20335.0 seconds
new vehicle51 @ 05:39:42 (sumoTime: 20382 seconds) on link 1 with path_nodes [1, 2, 3, 4] which means path_links [1, 2, 3]
['newVeh51'] arrived @ sumotime 20407.0 seconds
new vehicle52 @ 05:46:23 (sumoTime: 20783 seconds) on link 1 with path_nodes [1, 2, 3, 4] which means path_links [1, 2, 3]
['newVeh52'] arrived @ sumotime 20811.0 seconds
new vehicle53 @ 05:48:57 (sumoTime: 20937 seconds) on link 1 with path_nodes [1, 2, 3, 4] which means path_links [1, 2, 3]
['newVeh53'] arrived @ sumotime 20963.0 seconds
new vehicle54 @ 05:50:00 (sumoTime: 21000 seconds) on link 1 with path_nodes [1, 2, 3, 4] which means path_links [1, 2, 3]
['newVeh54'] arrived @ sumotime 21026.0 seconds
new vehicle55 @ 05:57:37 (sumoTime: 21457 seconds) on link 1 with path_nodes [1, 2, 3, 4] which means path_links [1, 2, 3]
['newVeh55'] arrived @ sumotime 21483.0 seconds
new vehicle56 @ 05:59:58 (sumoTime: 21598 seconds) on link 1 with path_nodes [1, 2, 3, 4] which means path_links [1, 2, 3]
06:00:00
[INFO: transfer Visum-Sumo]: [(1.0, 100.0, 17.49513888888889, 2.0, 1.0), (-3.0, 100.0, 0.0, 3.0, 4.0), (5.0, 100.0, 0.0, 5.0, 4.0)] 
 [(3, 15)]
Umlegung ausgeführt
curVolumes: (60000, [(3, 15, 0)])
['newVeh56'] arrived @ sumotime 21625.0 seconds
new vehicle57 @ 06:01:13 (sumoTime: 21673 seconds) on link 1 with path_nodes [1, 2, 3, 4] which means path_links [1, 2, 3]
new vehicle58 @ 06:01:37 (sumoTime: 21697 seconds) on link 1 with path_nodes [1, 2, 3, 4] which means path_links [1, 2, 3]
['newVeh57'] arrived @ sumotime 21702.0 seconds
['newVeh58'] arrived @ sumotime 21722.0 seconds
new vehicle59 @ 06:10:11 (sumoTime: 22211 seconds) on link 1 with path_nodes [1, 2, 3, 4] which means path_links [1, 2, 3]
['newVeh59'] arrived @ sumotime 22240.0 seconds
new vehicle60 @ 06:10:51 (sumoTime: 22251 seconds) on link 1 with path_nodes [1, 2, 3, 4] which means path_links [1, 2, 3]
['newVeh60'] arrived @ sumotime 22280.0 seconds
new vehicle61 @ 06:11:39 (sumoTime: 22299 seconds) on link 1 with path_nodes [1, 2, 3, 4] which means path_links [1, 2, 3]
['newVeh61'] arrived @ sumotime 22329.0 seconds
new vehicle62 @ 06:13:33 (sumoTime: 22413 seconds) on link 1 with path_nodes [1, 2, 3, 4] which means path_links [1, 2, 3]
['newVeh62'] arrived @ sumotime 22443.0 seconds
new vehicle63 @ 06:15:45 (sumoTime: 22545 seconds) on link 1 with path_nodes [1, 2, 3, 4] which means path_links [1, 2, 3]
['newVeh63'] arrived @ sumotime 22572.0 seconds
new vehicle64 @ 06:25:50 (sumoTime: 23150 seconds) on link 1 with path_nodes [1, 2, 3, 4] which means path_links [1, 2, 3]
new vehicle65 @ 06:26:05 (sumoTime: 23165 seconds) on link 1 with path_nodes [1, 2, 3, 4] which means path_links [1, 2, 3]
['newVeh64'] arrived @ sumotime 23176.0 seconds
['newVeh65'] arrived @ sumotime 23191.0 seconds
new vehicle66 @ 06:31:00 (sumoTime: 23460 seconds) on link 1 with path_nodes [1, 2, 3, 4] which means path_links [1, 2, 3]
['newVeh66'] arrived @ sumotime 23488.0 seconds
new vehicle67 @ 06:34:55 (sumoTime: 23695 seconds) on link 1 with path_nodes [1, 2, 3, 4] which means path_links [1, 2, 3]
['newVeh67'] arrived @ sumotime 23722.0 seconds
new vehicle68 @ 06:36:48 (sumoTime: 23808 seconds) on link 1 with path_nodes [1, 2, 3, 4] which means path_links [1, 2, 3]
new vehicle69 @ 06:36:58 (sumoTime: 23818 seconds) on link 1 with path_nodes [1, 2, 3, 4] which means path_links [1, 2, 3]
['newVeh68'] arrived @ sumotime 23834.0 seconds
['newVeh69'] arrived @ sumotime 23845.0 seconds
new vehicle70 @ 06:37:42 (sumoTime: 23862 seconds) on link 1 with path_nodes [1, 2, 3, 4] which means path_links [1, 2, 3]
['newVeh70'] arrived @ sumotime 23888.0 seconds
new vehicle71 @ 06:39:02 (sumoTime: 23942 seconds) on link 1 with path_nodes [1, 2, 3, 4] which means path_links [1, 2, 3]
new vehicle72 @ 06:39:03 (sumoTime: 23943 seconds) on link 1 with path_nodes [1, 2, 3, 4] which means path_links [1, 2, 3]
['newVeh71'] arrived @ sumotime 23969.0 seconds
['newVeh72'] arrived @ sumotime 23972.0 seconds
new vehicle73 @ 06:43:21 (sumoTime: 24201 seconds) on link 1 with path_nodes [1, 2, 3, 4] which means path_links [1, 2, 3]
['newVeh73'] arrived @ sumotime 24228.0 seconds
new vehicle74 @ 06:43:49 (sumoTime: 24229 seconds) on link 1 with path_nodes [1, 2, 3, 4] which means path_links [1, 2, 3]
['newVeh74'] arrived @ sumotime 24258.0 seconds
new vehicle75 @ 06:45:47 (sumoTime: 24347 seconds) on link 1 with path_nodes [1, 2, 3, 4] which means path_links [1, 2, 3]
['newVeh75'] arrived @ sumotime 24375.0 seconds
new vehicle76 @ 06:47:33 (sumoTime: 24453 seconds) on link 1 with path_nodes [1, 2, 3, 4] which means path_links [1, 2, 3]
['newVeh76'] arrived @ sumotime 24478.0 seconds
new vehicle77 @ 06:53:06 (sumoTime: 24786 seconds) on link 1 with path_nodes [1, 2, 3, 4] which means path_links [1, 2, 3]
['newVeh77'] arrived @ sumotime 24817.0 seconds
new vehicle78 @ 06:54:16 (sumoTime: 24856 seconds) on link 1 with path_nodes [1, 2, 3, 4] which means path_links [1, 2, 3]
['newVeh78'] arrived @ sumotime 24884.0 seconds
new vehicle79 @ 06:58:15 (sumoTime: 25095 seconds) on link 1 with path_nodes [1, 2, 3, 4] which means path_links [1, 2, 3]
['newVeh79'] arrived @ sumotime 25125.0 seconds
['newVeh79'] arrived @ sumotime 25126.0 seconds
07:00:00
[INFO: transfer Visum-Sumo]: [(1.0, 100.0, 19.99513888888889, 2.0, 1.0), (-3.0, 100.0, 0.0, 3.0, 4.0), (5.0, 100.0, 0.0, 5.0, 4.0)] 
 [(3, 25)]
Umlegung ausgeführt
curVolumes: (70000, [(3, 25, 0)])
new vehicle80 @ 07:04:36 (sumoTime: 25476 seconds) on link 1 with path_nodes [1, 2, 3, 4] which means path_links [1, 2, 3]
['newVeh80'] arrived @ sumotime 25508.0 seconds
new vehicle81 @ 07:07:05 (sumoTime: 25625 seconds) on link 1 with path_nodes [1, 2, 3, 4] which means path_links [1, 2, 3]
['newVeh81'] arrived @ sumotime 25651.0 seconds
new vehicle82 @ 07:11:21 (sumoTime: 25881 seconds) on link 1 with path_nodes [1, 2, 3, 4] which means path_links [1, 2, 3]
['newVeh82'] arrived @ sumotime 25909.0 seconds
new vehicle83 @ 07:12:24 (sumoTime: 25944 seconds) on link 1 with path_nodes [1, 2, 3, 4] which means path_links [1, 2, 3]
['newVeh83'] arrived @ sumotime 25972.0 seconds
new vehicle84 @ 07:13:26 (sumoTime: 26006 seconds) on link 1 with path_nodes [1, 2, 3, 4] which means path_links [1, 2, 3]
['newVeh84'] arrived @ sumotime 26032.0 seconds
new vehicle85 @ 07:18:11 (sumoTime: 26291 seconds) on link 1 with path_nodes [1, 2, 3, 4] which means path_links [1, 2, 3]
['newVeh85'] arrived @ sumotime 26317.0 seconds
new vehicle86 @ 07:18:47 (sumoTime: 26327 seconds) on link 1 with path_nodes [1, 2, 3, 4] which means path_links [1, 2, 3]
['newVeh86'] arrived @ sumotime 26355.0 seconds
new vehicle87 @ 07:25:01 (sumoTime: 26701 seconds) on link 1 with path_nodes [1, 2, 3, 4] which means path_links [1, 2, 3]
['newVeh87'] arrived @ sumotime 26727.0 seconds
new vehicle88 @ 07:26:31 (sumoTime: 26791 seconds) on link 1 with path_nodes [1, 2, 3, 4] which means path_links [1, 2, 3]
['newVeh88'] arrived @ sumotime 26817.0 seconds
new vehicle89 @ 07:32:19 (sumoTime: 27139 seconds) on link 1 with path_nodes [1, 2, 3, 4] which means path_links [1, 2, 3]
['newVeh89'] arrived @ sumotime 27169.0 seconds
new vehicle90 @ 07:34:53 (sumoTime: 27293 seconds) on link 1 with path_nodes [1, 2, 3, 4] which means path_links [1, 2, 3]
['newVeh90'] arrived @ sumotime 27318.0 seconds
new vehicle91 @ 07:36:56 (sumoTime: 27416 seconds) on link 1 with path_nodes [1, 2, 3, 4] which means path_links [1, 2, 3]
['newVeh91'] arrived @ sumotime 27443.0 seconds
new vehicle92 @ 07:37:56 (sumoTime: 27476 seconds) on link 1 with path_nodes [1, 2, 3, 4] which means path_links [1, 2, 3]
new vehicle93 @ 07:38:15 (sumoTime: 27495 seconds) on link 1 with path_nodes [1, 2, 3, 4] which means path_links [1, 2, 3]
['newVeh92'] arrived @ sumotime 27502.0 seconds
['newVeh93'] arrived @ sumotime 27522.0 seconds
new vehicle94 @ 07:41:09 (sumoTime: 27669 seconds) on link 1 with path_nodes [1, 2, 3, 4] which means path_links [1, 2, 3]
['newVeh94'] arrived @ sumotime 27697.0 seconds
new vehicle95 @ 07:49:49 (sumoTime: 28189 seconds) on link 1 with path_nodes [1, 2, 3, 4] which means path_links [1, 2, 3]
['newVeh95'] arrived @ sumotime 28219.0 seconds
new vehicle96 @ 07:50:37 (sumoTime: 28237 seconds) on link 1 with path_nodes [1, 2, 3, 4] which means path_links [1, 2, 3]
['newVeh96'] arrived @ sumotime 28263.0 seconds
new vehicle97 @ 07:51:26 (sumoTime: 28286 seconds) on link 1 with path_nodes [1, 2, 3, 4] which means path_links [1, 2, 3]
['newVeh97'] arrived @ sumotime 28312.0 seconds
new vehicle98 @ 07:51:57 (sumoTime: 28317 seconds) on link 1 with path_nodes [1, 2, 3, 4] which means path_links [1, 2, 3]
['newVeh98'] arrived @ sumotime 28343.0 seconds
new vehicle99 @ 07:54:26 (sumoTime: 28466 seconds) on link 1 with path_nodes [1, 2, 3, 4] which means path_links [1, 2, 3]
['newVeh99'] arrived @ sumotime 28499.0 seconds
new vehicle100 @ 07:57:51 (sumoTime: 28671 seconds) on link 1 with path_nodes [1, 2, 3, 4] which means path_links [1, 2, 3]
['newVeh100'] arrived @ sumotime 28700.0 seconds
['newVeh100'] arrived @ sumotime 28701.0 seconds
new vehicle101 @ 07:58:31 (sumoTime: 28711 seconds) on link 1 with path_nodes [1, 2, 3, 4] which means path_links [1, 2, 3]
['newVeh101'] arrived @ sumotime 28740.0 seconds
new vehicle102 @ 07:59:54 (sumoTime: 28794 seconds) on link 1 with path_nodes [1, 2, 3, 4] which means path_links [1, 2, 3]
08:00:00
[INFO: transfer Visum-Sumo]: [(1.0, 100.0, 22.49513888888889, 2.0, 1.0), (-3.0, 100.0, 0.0, 3.0, 4.0), (5.0, 100.0, 0.0, 5.0, 4.0)] 
 [(3, 23)]
Umlegung ausgeführt
curVolumes: (80000, [(3, 23, 0)])
new vehicle103 @ 08:01:18 (sumoTime: 28878 seconds) on link 1 with path_nodes [1, 2, 3, 4] which means path_links [1, 2, 3]
new vehicle104 @ 08:02:11 (sumoTime: 28931 seconds) on link 1 with path_nodes [1, 2, 3, 4] which means path_links [1, 2, 3]
new vehicle105 @ 08:04:16 (sumoTime: 29056 seconds) on link 1 with path_nodes [1, 2, 3, 4] which means path_links [1, 2, 3]
['newVeh102'] arrived @ sumotime 29123.0 seconds
['newVeh103'] arrived @ sumotime 29153.0 seconds
['newVeh104'] arrived @ sumotime 29155.0 seconds
['newVeh105'] arrived @ sumotime 29158.0 seconds
new vehicle106 @ 08:07:23 (sumoTime: 29243 seconds) on link 1 with path_nodes [1, 2, 3, 4] which means path_links [1, 2, 3]
new vehicle107 @ 08:07:47 (sumoTime: 29267 seconds) on link 1 with path_nodes [1, 2, 3, 4] which means path_links [1, 2, 3]
['newVeh106'] arrived @ sumotime 29297.0 seconds
['newVeh107'] arrived @ sumotime 29322.0 seconds
['newVeh107'] arrived @ sumotime 29323.0 seconds
new vehicle108 @ 08:10:15 (sumoTime: 29415 seconds) on link 1 with path_nodes [1, 2, 3, 4] which means path_links [1, 2, 3]
new vehicle109 @ 08:10:50 (sumoTime: 29450 seconds) on link 1 with path_nodes [1, 2, 3, 4] which means path_links [1, 2, 3]
['newVeh108'] arrived @ sumotime 29467.0 seconds
new vehicle110 @ 08:11:32 (sumoTime: 29492 seconds) on link 1 with path_nodes [1, 2, 3, 4] which means path_links [1, 2, 3]
['newVeh109'] arrived @ sumotime 29504.0 seconds
['newVeh110'] arrived @ sumotime 29544.0 seconds
new vehicle111 @ 08:14:07 (sumoTime: 29647 seconds) on link 1 with path_nodes [1, 2, 3, 4] which means path_links [1, 2, 3]
['newVeh111'] arrived @ sumotime 29698.0 seconds
new vehicle112 @ 08:15:35 (sumoTime: 29735 seconds) on link 1 with path_nodes [1, 2, 3, 4] which means path_links [1, 2, 3]
new vehicle113 @ 08:15:36 (sumoTime: 29736 seconds) on link 1 with path_nodes [1, 2, 3, 4] which means path_links [1, 2, 3]
new vehicle114 @ 08:16:14 (sumoTime: 29774 seconds) on link 1 with path_nodes [1, 2, 3, 4] which means path_links [1, 2, 3]
['newVeh112'] arrived @ sumotime 29792.0 seconds
['newVeh112'] arrived @ sumotime 29793.0 seconds
['newVeh113'] arrived @ sumotime 29794.0 seconds
['newVeh114'] arrived @ sumotime 29829.0 seconds
['newVeh114'] arrived @ sumotime 29830.0 seconds
new vehicle115 @ 08:19:26 (sumoTime: 29966 seconds) on link 1 with path_nodes [1, 2, 3, 4] which means path_links [1, 2, 3]
new vehicle116 @ 08:20:03 (sumoTime: 30003 seconds) on link 1 with path_nodes [1, 2, 3, 4] which means path_links [1, 2, 3]
['newVeh115'] arrived @ sumotime 30023.0 seconds
['newVeh116'] arrived @ sumotime 30058.0 seconds
new vehicle117 @ 08:21:17 (sumoTime: 30077 seconds) on link 1 with path_nodes [1, 2, 3, 4] which means path_links [1, 2, 3]
['newVeh117'] arrived @ sumotime 30129.0 seconds
new vehicle118 @ 08:25:03 (sumoTime: 30303 seconds) on link 1 with path_nodes [1, 2, 3, 4] which means path_links [1, 2, 3]
['newVeh118'] arrived @ sumotime 30359.0 seconds
new vehicle119 @ 08:26:08 (sumoTime: 30368 seconds) on link 1 with path_nodes [1, 2, 3, 4] which means path_links [1, 2, 3]
['newVeh119'] arrived @ sumotime 30419.0 seconds
new vehicle120 @ 08:30:23 (sumoTime: 30623 seconds) on link 1 with path_nodes [1, 2, 3, 4] which means path_links [1, 2, 3]
['newVeh120'] arrived @ sumotime 30672.0 seconds
new vehicle121 @ 08:31:17 (sumoTime: 30677 seconds) on link 1 with path_nodes [1, 2, 3, 4] which means path_links [1, 2, 3]
new vehicle122 @ 08:32:06 (sumoTime: 30726 seconds) on link 1 with path_nodes [1, 2, 3, 4] which means path_links [1, 2, 3]
['newVeh121'] arrived @ sumotime 30732.0 seconds
['newVeh122'] arrived @ sumotime 30777.0 seconds
new vehicle123 @ 08:45:23 (sumoTime: 31523 seconds) on link 1 with path_nodes [1, 2, 3, 4] which means path_links [1, 2, 3]
new vehicle124 @ 08:46:18 (sumoTime: 31578 seconds) on link 1 with path_nodes [1, 2, 3, 4] which means path_links [1, 2, 3]
['newVeh123'] arrived @ sumotime 31585.0 seconds
new vehicle125 @ 08:46:26 (sumoTime: 31586 seconds) on link 1 with path_nodes [1, 2, 3, 4] which means path_links [1, 2, 3]
['newVeh124'] arrived @ sumotime 31627.0 seconds
['newVeh125'] arrived @ sumotime 31637.0 seconds
new vehicle126 @ 08:50:11 (sumoTime: 31811 seconds) on link 1 with path_nodes [1, 2, 3, 4] which means path_links [1, 2, 3]
['newVeh126'] arrived @ sumotime 31863.0 seconds
new vehicle127 @ 08:51:19 (sumoTime: 31879 seconds) on link 1 with path_nodes [1, 2, 3, 4] which means path_links [1, 2, 3]
['newVeh127'] arrived @ sumotime 31939.0 seconds
['newVeh127'] arrived @ sumotime 31940.0 seconds
new vehicle128 @ 08:56:27 (sumoTime: 32187 seconds) on link 1 with path_nodes [1, 2, 3, 4] which means path_links [1, 2, 3]
['newVeh128'] arrived @ sumotime 32244.0 seconds
new vehicle129 @ 08:57:28 (sumoTime: 32248 seconds) on link 1 with path_nodes [1, 2, 3, 4] which means path_links [1, 2, 3]
['newVeh129'] arrived @ sumotime 32299.0 seconds
09:00:00
[INFO: transfer Visum-Sumo]: [(1.0, 100.0, 24.99513888888889, 2.0, 1.0), (-3.0, 100.0, 0.0, 3.0, 4.0), (5.0, 100.0, 0.0, 5.0, 4.0)] 
 [(3, 32)]
Umlegung ausgeführt
curVolumes: (90000, [(3, 32, 0)])
new vehicle130 @ 09:12:43 (sumoTime: 33163 seconds) on link 1 with path_nodes [1, 2, 3, 4] which means path_links [1, 2, 3]
new vehicle131 @ 09:13:00 (sumoTime: 33180 seconds) on link 1 with path_nodes [1, 2, 3, 4] which means path_links [1, 2, 3]
['newVeh130'] arrived @ sumotime 33214.0 seconds
['newVeh131'] arrived @ sumotime 33231.0 seconds
new vehicle132 @ 09:19:17 (sumoTime: 33557 seconds) on link 1 with path_nodes [1, 2, 3, 4] which means path_links [1, 2, 3]
['newVeh132'] arrived @ sumotime 33612.0 seconds
new vehicle133 @ 09:20:27 (sumoTime: 33627 seconds) on link 1 with path_nodes [1, 2, 3, 4] which means path_links [1, 2, 3]
new vehicle134 @ 09:21:08 (sumoTime: 33668 seconds) on link 1 with path_nodes [1, 2, 3, 4] which means path_links [1, 2, 3]
['newVeh133'] arrived @ sumotime 33679.0 seconds
['newVeh134'] arrived @ sumotime 33717.0 seconds
new vehicle135 @ 09:25:16 (sumoTime: 33916 seconds) on link 1 with path_nodes [1, 2, 3, 4] which means path_links [1, 2, 3]
new vehicle136 @ 09:25:21 (sumoTime: 33921 seconds) on link 1 with path_nodes [1, 2, 3, 4] which means path_links [1, 2, 3]
['newVeh135'] arrived @ sumotime 33979.0 seconds
['newVeh136'] arrived @ sumotime 33981.0 seconds
new vehicle137 @ 09:26:50 (sumoTime: 34010 seconds) on link 1 with path_nodes [1, 2, 3, 4] which means path_links [1, 2, 3]
['newVeh137'] arrived @ sumotime 34064.0 seconds
new vehicle138 @ 09:28:40 (sumoTime: 34120 seconds) on link 1 with path_nodes [1, 2, 3, 4] which means path_links [1, 2, 3]
new vehicle139 @ 09:29:00 (sumoTime: 34140 seconds) on link 1 with path_nodes [1, 2, 3, 4] which means path_links [1, 2, 3]
['newVeh138'] arrived @ sumotime 34172.0 seconds
['newVeh138'] arrived @ sumotime 34173.0 seconds
['newVeh139'] arrived @ sumotime 34190.0 seconds
new vehicle140 @ 09:30:36 (sumoTime: 34236 seconds) on link 1 with path_nodes [1, 2, 3, 4] which means path_links [1, 2, 3]
['newVeh140'] arrived @ sumotime 34287.0 seconds
new vehicle141 @ 09:35:46 (sumoTime: 34546 seconds) on link 1 with path_nodes [1, 2, 3, 4] which means path_links [1, 2, 3]
['newVeh141'] arrived @ sumotime 34601.0 seconds
new vehicle142 @ 09:36:54 (sumoTime: 34614 seconds) on link 1 with path_nodes [1, 2, 3, 4] which means path_links [1, 2, 3]
['newVeh142'] arrived @ sumotime 34663.0 seconds
new vehicle143 @ 09:37:45 (sumoTime: 34665 seconds) on link 1 with path_nodes [1, 2, 3, 4] which means path_links [1, 2, 3]
['newVeh143'] arrived @ sumotime 34712.0 seconds
['newVeh143'] arrived @ sumotime 34713.0 seconds
new vehicle144 @ 09:40:08 (sumoTime: 34808 seconds) on link 1 with path_nodes [1, 2, 3, 4] which means path_links [1, 2, 3]
new vehicle145 @ 09:40:34 (sumoTime: 34834 seconds) on link 1 with path_nodes [1, 2, 3, 4] which means path_links [1, 2, 3]
['newVeh144'] arrived @ sumotime 34859.0 seconds
new vehicle146 @ 09:41:21 (sumoTime: 34881 seconds) on link 1 with path_nodes [1, 2, 3, 4] which means path_links [1, 2, 3]
['newVeh145'] arrived @ sumotime 34884.0 seconds
['newVeh146'] arrived @ sumotime 34932.0 seconds
new vehicle147 @ 09:46:02 (sumoTime: 35162 seconds) on link 1 with path_nodes [1, 2, 3, 4] which means path_links [1, 2, 3]
['newVeh147'] arrived @ sumotime 35216.0 seconds
new vehicle148 @ 09:47:55 (sumoTime: 35275 seconds) on link 1 with path_nodes [1, 2, 3, 4] which means path_links [1, 2, 3]
['newVeh148'] arrived @ sumotime 35330.0 seconds
new vehicle149 @ 09:48:58 (sumoTime: 35338 seconds) on link 1 with path_nodes [1, 2, 3, 4] which means path_links [1, 2, 3]
['newVeh149'] arrived @ sumotime 35389.0 seconds
new vehicle150 @ 09:50:01 (sumoTime: 35401 seconds) on link 1 with path_nodes [1, 2, 3, 4] which means path_links [1, 2, 3]
['newVeh150'] arrived @ sumotime 35451.0 seconds
new vehicle151 @ 09:52:05 (sumoTime: 35525 seconds) on link 1 with path_nodes [1, 2, 3, 4] which means path_links [1, 2, 3]
['newVeh151'] arrived @ sumotime 35577.0 seconds
new vehicle152 @ 09:56:32 (sumoTime: 35792 seconds) on link 1 with path_nodes [1, 2, 3, 4] which means path_links [1, 2, 3]
['newVeh152'] arrived @ sumotime 35843.0 seconds
new vehicle153 @ 09:58:12 (sumoTime: 35892 seconds) on link 1 with path_nodes [1, 2, 3, 4] which means path_links [1, 2, 3]
['newVeh153'] arrived @ sumotime 35945.0 seconds
10:00:00
[INFO: transfer Visum-Sumo]: [(1.0, 100.0, 27.49513888888889, 2.0, 1.0), (-3.0, 100.0, 0.0, 3.0, 4.0), (5.0, 100.0, 0.0, 5.0, 4.0)] 
 [(3, 26)]
Umlegung ausgeführt
curVolumes: (100000, [(3, 26, 0)])
new vehicle154 @ 10:03:22 (sumoTime: 36202 seconds) on link 1 with path_nodes [1, 2, 3, 4] which means path_links [1, 2, 3]
['newVeh154'] arrived @ sumotime 36254.0 seconds
new vehicle155 @ 10:11:21 (sumoTime: 36681 seconds) on link 1 with path_nodes [1, 2, 3, 4] which means path_links [1, 2, 3]
new vehicle156 @ 10:11:44 (sumoTime: 36704 seconds) on link 1 with path_nodes [1, 2, 3, 4] which means path_links [1, 2, 3]
['newVeh155'] arrived @ sumotime 36728.0 seconds
['newVeh156'] arrived @ sumotime 36760.0 seconds
new vehicle157 @ 10:19:52 (sumoTime: 37192 seconds) on link 1 with path_nodes [1, 2, 3, 4] which means path_links [1, 2, 3]
new vehicle158 @ 10:19:56 (sumoTime: 37196 seconds) on link 1 with path_nodes [1, 2, 3, 4] which means path_links [1, 2, 3]
['newVeh157'] arrived @ sumotime 37239.0 seconds
['newVeh158'] arrived @ sumotime 37244.0 seconds
['newVeh158'] arrived @ sumotime 37245.0 seconds
new vehicle159 @ 10:27:04 (sumoTime: 37624 seconds) on link 1 with path_nodes [1, 2, 3, 4] which means path_links [1, 2, 3]
new vehicle160 @ 10:27:34 (sumoTime: 37654 seconds) on link 1 with path_nodes [1, 2, 3, 4] which means path_links [1, 2, 3]
['newVeh159'] arrived @ sumotime 37677.0 seconds
['newVeh160'] arrived @ sumotime 37714.0 seconds
new vehicle161 @ 10:30:14 (sumoTime: 37814 seconds) on link 1 with path_nodes [1, 2, 3, 4] which means path_links [1, 2, 3]
new vehicle162 @ 10:30:30 (sumoTime: 37830 seconds) on link 1 with path_nodes [1, 2, 3, 4] which means path_links [1, 2, 3]
['newVeh161'] arrived @ sumotime 37868.0 seconds
['newVeh162'] arrived @ sumotime 37880.0 seconds
new vehicle163 @ 10:38:15 (sumoTime: 38295 seconds) on link 1 with path_nodes [1, 2, 3, 4] which means path_links [1, 2, 3]
['newVeh163'] arrived @ sumotime 38344.0 seconds
new vehicle164 @ 10:40:11 (sumoTime: 38411 seconds) on link 1 with path_nodes [1, 2, 3, 4] which means path_links [1, 2, 3]
['newVeh164'] arrived @ sumotime 38460.0 seconds
new vehicle165 @ 10:41:31 (sumoTime: 38491 seconds) on link 1 with path_nodes [1, 2, 3, 4] which means path_links [1, 2, 3]
['newVeh165'] arrived @ sumotime 38541.0 seconds
new vehicle166 @ 10:46:52 (sumoTime: 38812 seconds) on link 1 with path_nodes [1, 2, 3, 4] which means path_links [1, 2, 3]
new vehicle167 @ 10:47:23 (sumoTime: 38843 seconds) on link 1 with path_nodes [1, 2, 3, 4] which means path_links [1, 2, 3]
['newVeh166'] arrived @ sumotime 38860.0 seconds
new vehicle168 @ 10:48:13 (sumoTime: 38893 seconds) on link 1 with path_nodes [1, 2, 3, 4] which means path_links [1, 2, 3]
['newVeh167'] arrived @ sumotime 38899.0 seconds
['newVeh168'] arrived @ sumotime 38950.0 seconds
['newVeh168'] arrived @ sumotime 38951.0 seconds
new vehicle169 @ 10:51:17 (sumoTime: 39077 seconds) on link 1 with path_nodes [1, 2, 3, 4] which means path_links [1, 2, 3]
new vehicle170 @ 10:51:35 (sumoTime: 39095 seconds) on link 1 with path_nodes [1, 2, 3, 4] which means path_links [1, 2, 3]
['newVeh169'] arrived @ sumotime 39132.0 seconds
['newVeh170'] arrived @ sumotime 39151.0 seconds
11:00:00
[INFO: transfer Visum-Sumo]: [(1.0, 100.0, 29.99513888888889, 2.0, 1.0), (-3.0, 100.0, 0.0, 3.0, 4.0), (5.0, 100.0, 0.0, 5.0, 4.0)] 
 [(3, 19)]
Umlegung ausgeführt
curVolumes: (110000, [(3, 19, 0)])
new vehicle171 @ 11:02:16 (sumoTime: 39736 seconds) on link 1 with path_nodes [1, 2, 3, 4] which means path_links [1, 2, 3]
['newVeh171'] arrived @ sumotime 39798.0 seconds
new vehicle172 @ 11:03:33 (sumoTime: 39813 seconds) on link 1 with path_nodes [1, 2, 3, 4] which means path_links [1, 2, 3]
new vehicle173 @ 11:03:45 (sumoTime: 39825 seconds) on link 1 with path_nodes [1, 2, 3, 4] which means path_links [1, 2, 3]
['newVeh172'] arrived @ sumotime 39859.0 seconds
['newVeh173'] arrived @ sumotime 39877.0 seconds
new vehicle174 @ 11:06:36 (sumoTime: 39996 seconds) on link 1 with path_nodes [1, 2, 3, 4] which means path_links [1, 2, 3]
new vehicle175 @ 11:07:08 (sumoTime: 40028 seconds) on link 1 with path_nodes [1, 2, 3, 4] which means path_links [1, 2, 3]
['newVeh174'] arrived @ sumotime 40051.0 seconds
['newVeh175'] arrived @ sumotime 40079.0 seconds
new vehicle176 @ 11:08:39 (sumoTime: 40119 seconds) on link 1 with path_nodes [1, 2, 3, 4] which means path_links [1, 2, 3]
new vehicle177 @ 11:09:14 (sumoTime: 40154 seconds) on link 1 with path_nodes [1, 2, 3, 4] which means path_links [1, 2, 3]
['newVeh176'] arrived @ sumotime 40171.0 seconds
new vehicle178 @ 11:10:01 (sumoTime: 40201 seconds) on link 1 with path_nodes [1, 2, 3, 4] which means path_links [1, 2, 3]
['newVeh177'] arrived @ sumotime 40207.0 seconds
['newVeh178'] arrived @ sumotime 40249.0 seconds
new vehicle179 @ 11:11:23 (sumoTime: 40283 seconds) on link 1 with path_nodes [1, 2, 3, 4] which means path_links [1, 2, 3]
new vehicle180 @ 11:11:54 (sumoTime: 40314 seconds) on link 1 with path_nodes [1, 2, 3, 4] which means path_links [1, 2, 3]
['newVeh179'] arrived @ sumotime 40341.0 seconds
['newVeh180'] arrived @ sumotime 40364.0 seconds
new vehicle181 @ 11:12:48 (sumoTime: 40368 seconds) on link 1 with path_nodes [1, 2, 3, 4] which means path_links [1, 2, 3]
new vehicle182 @ 11:13:05 (sumoTime: 40385 seconds) on link 1 with path_nodes [1, 2, 3, 4] which means path_links [1, 2, 3]
['newVeh181'] arrived @ sumotime 40420.0 seconds
['newVeh182'] arrived @ sumotime 40439.0 seconds
new vehicle183 @ 11:16:53 (sumoTime: 40613 seconds) on link 1 with path_nodes [1, 2, 3, 4] which means path_links [1, 2, 3]
['newVeh183'] arrived @ sumotime 40664.0 seconds
new vehicle184 @ 11:17:50 (sumoTime: 40670 seconds) on link 1 with path_nodes [1, 2, 3, 4] which means path_links [1, 2, 3]
['newVeh184'] arrived @ sumotime 40731.0 seconds
new vehicle185 @ 11:20:18 (sumoTime: 40818 seconds) on link 1 with path_nodes [1, 2, 3, 4] which means path_links [1, 2, 3]
['newVeh185'] arrived @ sumotime 40870.0 seconds
new vehicle186 @ 11:21:19 (sumoTime: 40879 seconds) on link 1 with path_nodes [1, 2, 3, 4] which means path_links [1, 2, 3]
new vehicle187 @ 11:22:08 (sumoTime: 40928 seconds) on link 1 with path_nodes [1, 2, 3, 4] which means path_links [1, 2, 3]
['newVeh186'] arrived @ sumotime 40934.0 seconds
['newVeh187'] arrived @ sumotime 40982.0 seconds
new vehicle188 @ 11:26:54 (sumoTime: 41214 seconds) on link 1 with path_nodes [1, 2, 3, 4] which means path_links [1, 2, 3]
new vehicle189 @ 11:27:41 (sumoTime: 41261 seconds) on link 1 with path_nodes [1, 2, 3, 4] which means path_links [1, 2, 3]
['newVeh188'] arrived @ sumotime 41263.0 seconds
['newVeh189'] arrived @ sumotime 41322.0 seconds
new vehicle190 @ 11:29:05 (sumoTime: 41345 seconds) on link 1 with path_nodes [1, 2, 3, 4] which means path_links [1, 2, 3]
['newVeh190'] arrived @ sumotime 41401.0 seconds
new vehicle191 @ 11:30:13 (sumoTime: 41413 seconds) on link 1 with path_nodes [1, 2, 3, 4] which means path_links [1, 2, 3]
new vehicle192 @ 11:30:58 (sumoTime: 41458 seconds) on link 1 with path_nodes [1, 2, 3, 4] which means path_links [1, 2, 3]
['newVeh191'] arrived @ sumotime 41462.0 seconds
['newVeh192'] arrived @ sumotime 41508.0 seconds
new vehicle193 @ 11:32:38 (sumoTime: 41558 seconds) on link 1 with path_nodes [1, 2, 3, 4] which means path_links [1, 2, 3]
['newVeh193'] arrived @ sumotime 41611.0 seconds
new vehicle194 @ 11:33:56 (sumoTime: 41636 seconds) on link 1 with path_nodes [1, 2, 3, 4] which means path_links [1, 2, 3]
['newVeh194'] arrived @ sumotime 41688.0 seconds
new vehicle195 @ 11:35:23 (sumoTime: 41723 seconds) on link 1 with path_nodes [1, 2, 3, 4] which means path_links [1, 2, 3]
['newVeh195'] arrived @ sumotime 41773.0 seconds
new vehicle196 @ 11:37:46 (sumoTime: 41866 seconds) on link 1 with path_nodes [1, 2, 3, 4] which means path_links [1, 2, 3]
['newVeh196'] arrived @ sumotime 41919.0 seconds
new vehicle197 @ 11:39:54 (sumoTime: 41994 seconds) on link 1 with path_nodes [1, 2, 3, 4] which means path_links [1, 2, 3]
new vehicle198 @ 11:40:05 (sumoTime: 42005 seconds) on link 1 with path_nodes [1, 2, 3, 4] which means path_links [1, 2, 3]
['newVeh197'] arrived @ sumotime 42046.0 seconds
['newVeh198'] arrived @ sumotime 42057.0 seconds
new vehicle199 @ 11:42:38 (sumoTime: 42158 seconds) on link 1 with path_nodes [1, 2, 3, 4] which means path_links [1, 2, 3]
['newVeh199'] arrived @ sumotime 42208.0 seconds
new vehicle200 @ 11:43:46 (sumoTime: 42226 seconds) on link 1 with path_nodes [1, 2, 3, 4] which means path_links [1, 2, 3]
['newVeh200'] arrived @ sumotime 42277.0 seconds
new vehicle201 @ 11:54:00 (sumoTime: 42840 seconds) on link 1 with path_nodes [1, 2, 3, 4] which means path_links [1, 2, 3]
['newVeh201'] arrived @ sumotime 42889.0 seconds
new vehicle202 @ 11:58:22 (sumoTime: 43102 seconds) on link 1 with path_nodes [1, 2, 3, 4] which means path_links [1, 2, 3]
['newVeh202'] arrived @ sumotime 43161.0 seconds
12:00:00
[INFO: transfer Visum-Sumo]: [(1.0, 100.0, 32.49513888888889, 2.0, 1.0), (-3.0, 100.0, 0.0, 3.0, 4.0), (5.0, 100.0, 0.0, 5.0, 4.0)] 
 [(3, 32)]
Umlegung ausgeführt
curVolumes: (120000, [(3, 32, 0)])
new vehicle203 @ 12:00:10 (sumoTime: 43210 seconds) on link 1 with path_nodes [1, 2, 3, 4] which means path_links [1, 2, 3]
['newVeh203'] arrived @ sumotime 43240.0 seconds
new vehicle204 @ 12:02:00 (sumoTime: 43320 seconds) on link 1 with path_nodes [1, 2, 3, 4] which means path_links [1, 2, 3]
['newVeh204'] arrived @ sumotime 43348.0 seconds
new vehicle205 @ 12:04:05 (sumoTime: 43445 seconds) on link 1 with path_nodes [1, 2, 3, 4] which means path_links [1, 2, 3]
['newVeh205'] arrived @ sumotime 43473.0 seconds
new vehicle206 @ 12:04:53 (sumoTime: 43493 seconds) on link 1 with path_nodes [1, 2, 3, 4] which means path_links [1, 2, 3]
['newVeh206'] arrived @ sumotime 43519.0 seconds
new vehicle207 @ 12:06:59 (sumoTime: 43619 seconds) on link 1 with path_nodes [1, 2, 3, 4] which means path_links [1, 2, 3]
new vehicle208 @ 12:07:11 (sumoTime: 43631 seconds) on link 1 with path_nodes [1, 2, 3, 4] which means path_links [1, 2, 3]
['newVeh207'] arrived @ sumotime 43646.0 seconds
['newVeh207'] arrived @ sumotime 43647.0 seconds
['newVeh208'] arrived @ sumotime 43658.0 seconds
['newVeh208'] arrived @ sumotime 43659.0 seconds
new vehicle209 @ 12:13:44 (sumoTime: 44024 seconds) on link 1 with path_nodes [1, 2, 3, 4] which means path_links [1, 2, 3]
['newVeh209'] arrived @ sumotime 44050.0 seconds
new vehicle210 @ 12:15:56 (sumoTime: 44156 seconds) on link 1 with path_nodes [1, 2, 3, 4] which means path_links [1, 2, 3]
['newVeh210'] arrived @ sumotime 44184.0 seconds
new vehicle211 @ 12:16:36 (sumoTime: 44196 seconds) on link 1 with path_nodes [1, 2, 3, 4] which means path_links [1, 2, 3]
['newVeh211'] arrived @ sumotime 44222.0 seconds
new vehicle212 @ 12:18:21 (sumoTime: 44301 seconds) on link 1 with path_nodes [1, 2, 3, 4] which means path_links [1, 2, 3]
['newVeh212'] arrived @ sumotime 44328.0 seconds
new vehicle213 @ 12:19:01 (sumoTime: 44341 seconds) on link 1 with path_nodes [1, 2, 3, 4] which means path_links [1, 2, 3]
new vehicle214 @ 12:19:13 (sumoTime: 44353 seconds) on link 1 with path_nodes [1, 2, 3, 4] which means path_links [1, 2, 3]
['newVeh213'] arrived @ sumotime 44373.0 seconds
['newVeh214'] arrived @ sumotime 44381.0 seconds
new vehicle215 @ 12:19:42 (sumoTime: 44382 seconds) on link 1 with path_nodes [1, 2, 3, 4] which means path_links [1, 2, 3]
['newVeh215'] arrived @ sumotime 44410.0 seconds
new vehicle216 @ 12:21:17 (sumoTime: 44477 seconds) on link 1 with path_nodes [1, 2, 3, 4] which means path_links [1, 2, 3]
['newVeh216'] arrived @ sumotime 44504.0 seconds
['newVeh216'] arrived @ sumotime 44505.0 seconds
new vehicle217 @ 12:23:23 (sumoTime: 44603 seconds) on link 1 with path_nodes [1, 2, 3, 4] which means path_links [1, 2, 3]
['newVeh217'] arrived @ sumotime 44630.0 seconds
new vehicle218 @ 12:27:07 (sumoTime: 44827 seconds) on link 1 with path_nodes [1, 2, 3, 4] which means path_links [1, 2, 3]
['newVeh218'] arrived @ sumotime 44854.0 seconds
new vehicle219 @ 12:27:37 (sumoTime: 44857 seconds) on link 1 with path_nodes [1, 2, 3, 4] which means path_links [1, 2, 3]
['newVeh219'] arrived @ sumotime 44886.0 seconds
new vehicle220 @ 12:31:44 (sumoTime: 45104 seconds) on link 1 with path_nodes [1, 2, 3, 4] which means path_links [1, 2, 3]
['newVeh220'] arrived @ sumotime 45131.0 seconds
new vehicle221 @ 12:35:20 (sumoTime: 45320 seconds) on link 1 with path_nodes [1, 2, 3, 4] which means path_links [1, 2, 3]
['newVeh221'] arrived @ sumotime 45346.0 seconds
new vehicle222 @ 12:41:41 (sumoTime: 45701 seconds) on link 1 with path_nodes [1, 2, 3, 4] which means path_links [1, 2, 3]
['newVeh222'] arrived @ sumotime 45733.0 seconds
new vehicle223 @ 12:47:46 (sumoTime: 46066 seconds) on link 1 with path_nodes [1, 2, 3, 4] which means path_links [1, 2, 3]
['newVeh223'] arrived @ sumotime 46096.0 seconds
new vehicle224 @ 12:50:27 (sumoTime: 46227 seconds) on link 1 with path_nodes [1, 2, 3, 4] which means path_links [1, 2, 3]
['newVeh224'] arrived @ sumotime 46254.0 seconds
new vehicle225 @ 12:51:20 (sumoTime: 46280 seconds) on link 1 with path_nodes [1, 2, 3, 4] which means path_links [1, 2, 3]
['newVeh225'] arrived @ sumotime 46306.0 seconds
new vehicle226 @ 12:53:17 (sumoTime: 46397 seconds) on link 1 with path_nodes [1, 2, 3, 4] which means path_links [1, 2, 3]
['newVeh226'] arrived @ sumotime 46423.0 seconds
new vehicle227 @ 12:56:13 (sumoTime: 46573 seconds) on link 1 with path_nodes [1, 2, 3, 4] which means path_links [1, 2, 3]
['newVeh227'] arrived @ sumotime 46599.0 seconds
13:00:00
[INFO: transfer Visum-Sumo]: [(1.0, 100.0, 34.99513888888889, 2.0, 1.0), (-3.0, 100.0, 0.0, 3.0, 4.0), (5.0, 100.0, 0.0, 5.0, 4.0)] 
 [(3, 28)]
Umlegung ausgeführt
curVolumes: (130000, [(3, 28, 0)])
new vehicle228 @ 13:00:17 (sumoTime: 46817 seconds) on link 1 with path_nodes [1, 2, 3, 4] which means path_links [1, 2, 3]
['newVeh228'] arrived @ sumotime 46843.0 seconds
new vehicle229 @ 13:01:25 (sumoTime: 46885 seconds) on link 1 with path_nodes [1, 2, 3, 4] which means path_links [1, 2, 3]
['newVeh229'] arrived @ sumotime 46913.0 seconds
new vehicle230 @ 13:06:24 (sumoTime: 47184 seconds) on link 1 with path_nodes [1, 2, 3, 4] which means path_links [1, 2, 3]
['newVeh230'] arrived @ sumotime 47212.0 seconds
new vehicle231 @ 13:12:46 (sumoTime: 47566 seconds) on link 1 with path_nodes [1, 2, 3, 4] which means path_links [1, 2, 3]
['newVeh231'] arrived @ sumotime 47592.0 seconds
new vehicle232 @ 13:13:13 (sumoTime: 47593 seconds) on link 1 with path_nodes [1, 2, 3, 4] which means path_links [1, 2, 3]
['newVeh232'] arrived @ sumotime 47620.0 seconds
new vehicle233 @ 13:16:22 (sumoTime: 47782 seconds) on link 1 with path_nodes [1, 2, 3, 4] which means path_links [1, 2, 3]
['newVeh233'] arrived @ sumotime 47808.0 seconds
new vehicle234 @ 13:20:51 (sumoTime: 48051 seconds) on link 1 with path_nodes [1, 2, 3, 4] which means path_links [1, 2, 3]
['newVeh234'] arrived @ sumotime 48081.0 seconds
new vehicle235 @ 13:28:13 (sumoTime: 48493 seconds) on link 1 with path_nodes [1, 2, 3, 4] which means path_links [1, 2, 3]
new vehicle236 @ 13:28:23 (sumoTime: 48503 seconds) on link 1 with path_nodes [1, 2, 3, 4] which means path_links [1, 2, 3]
['newVeh235'] arrived @ sumotime 48521.0 seconds
['newVeh236'] arrived @ sumotime 48530.0 seconds
new vehicle237 @ 13:31:28 (sumoTime: 48688 seconds) on link 1 with path_nodes [1, 2, 3, 4] which means path_links [1, 2, 3]
['newVeh237'] arrived @ sumotime 48714.0 seconds
new vehicle238 @ 13:32:50 (sumoTime: 48770 seconds) on link 1 with path_nodes [1, 2, 3, 4] which means path_links [1, 2, 3]
new vehicle239 @ 13:32:52 (sumoTime: 48772 seconds) on link 1 with path_nodes [1, 2, 3, 4] which means path_links [1, 2, 3]
['newVeh238'] arrived @ sumotime 48796.0 seconds
['newVeh239'] arrived @ sumotime 48800.0 seconds
new vehicle240 @ 13:35:43 (sumoTime: 48943 seconds) on link 1 with path_nodes [1, 2, 3, 4] which means path_links [1, 2, 3]
['newVeh240'] arrived @ sumotime 48973.0 seconds
['newVeh240'] arrived @ sumotime 48974.0 seconds
new vehicle241 @ 13:37:34 (sumoTime: 49054 seconds) on link 1 with path_nodes [1, 2, 3, 4] which means path_links [1, 2, 3]
['newVeh241'] arrived @ sumotime 49083.0 seconds
new vehicle242 @ 13:38:07 (sumoTime: 49087 seconds) on link 1 with path_nodes [1, 2, 3, 4] which means path_links [1, 2, 3]
['newVeh242'] arrived @ sumotime 49114.0 seconds
new vehicle243 @ 13:38:41 (sumoTime: 49121 seconds) on link 1 with path_nodes [1, 2, 3, 4] which means path_links [1, 2, 3]
new vehicle244 @ 13:38:47 (sumoTime: 49127 seconds) on link 1 with path_nodes [1, 2, 3, 4] which means path_links [1, 2, 3]
['newVeh243'] arrived @ sumotime 49147.0 seconds
['newVeh244'] arrived @ sumotime 49154.0 seconds
new vehicle245 @ 13:39:18 (sumoTime: 49158 seconds) on link 1 with path_nodes [1, 2, 3, 4] which means path_links [1, 2, 3]
['newVeh245'] arrived @ sumotime 49187.0 seconds
new vehicle246 @ 13:40:05 (sumoTime: 49205 seconds) on link 1 with path_nodes [1, 2, 3, 4] which means path_links [1, 2, 3]
['newVeh246'] arrived @ sumotime 49231.0 seconds
new vehicle247 @ 13:43:45 (sumoTime: 49425 seconds) on link 1 with path_nodes [1, 2, 3, 4] which means path_links [1, 2, 3]
['newVeh247'] arrived @ sumotime 49450.0 seconds
new vehicle248 @ 13:47:58 (sumoTime: 49678 seconds) on link 1 with path_nodes [1, 2, 3, 4] which means path_links [1, 2, 3]
['newVeh248'] arrived @ sumotime 49703.0 seconds
new vehicle249 @ 13:48:39 (sumoTime: 49719 seconds) on link 1 with path_nodes [1, 2, 3, 4] which means path_links [1, 2, 3]
['newVeh249'] arrived @ sumotime 49745.0 seconds
new vehicle250 @ 13:49:41 (sumoTime: 49781 seconds) on link 1 with path_nodes [1, 2, 3, 4] which means path_links [1, 2, 3]
['newVeh250'] arrived @ sumotime 49808.0 seconds
new vehicle251 @ 13:54:45 (sumoTime: 50085 seconds) on link 1 with path_nodes [1, 2, 3, 4] which means path_links [1, 2, 3]
['newVeh251'] arrived @ sumotime 50114.0 seconds
['newVeh251'] arrived @ sumotime 50115.0 seconds
new vehicle252 @ 13:56:46 (sumoTime: 50206 seconds) on link 1 with path_nodes [1, 2, 3, 4] which means path_links [1, 2, 3]
['newVeh252'] arrived @ sumotime 50233.0 seconds
new vehicle253 @ 13:58:41 (sumoTime: 50321 seconds) on link 1 with path_nodes [1, 2, 3, 4] which means path_links [1, 2, 3]
['newVeh253'] arrived @ sumotime 50347.0 seconds
['newVeh253'] arrived @ sumotime 50348.0 seconds
new vehicle254 @ 13:59:19 (sumoTime: 50359 seconds) on link 1 with path_nodes [1, 2, 3, 4] which means path_links [1, 2, 3]
['newVeh254'] arrived @ sumotime 50386.0 seconds
14:00:00
[INFO: transfer Visum-Sumo]: [(1.0, 100.0, 37.49513888888889, 2.0, 1.0), (-3.0, 100.0, 0.0, 3.0, 4.0), (5.0, 100.0, 0.0, 5.0, 4.0)] 
 [(3, 30)]
Umlegung ausgeführt
curVolumes: (140000, [(3, 30, 0)])
new vehicle255 @ 14:01:01 (sumoTime: 50461 seconds) on link 1 with path_nodes [1, 2, 3, 4] which means path_links [1, 2, 3]
['newVeh255'] arrived @ sumotime 50487.0 seconds
new vehicle256 @ 14:01:42 (sumoTime: 50502 seconds) on link 1 with path_nodes [1, 2, 3, 4] which means path_links [1, 2, 3]
['newVeh256'] arrived @ sumotime 50529.0 seconds
new vehicle257 @ 14:02:52 (sumoTime: 50572 seconds) on link 1 with path_nodes [1, 2, 3, 4] which means path_links [1, 2, 3]
new vehicle258 @ 14:02:52 (sumoTime: 50572 seconds) on link 1 with path_nodes [1, 2, 3, 4] which means path_links [1, 2, 3]
new vehicle259 @ 14:03:03 (sumoTime: 50583 seconds) on link 1 with path_nodes [1, 2, 3, 4] which means path_links [1, 2, 3]
['newVeh257'] arrived @ sumotime 50599.0 seconds
['newVeh258'] arrived @ sumotime 50603.0 seconds
['newVeh259'] arrived @ sumotime 50612.0 seconds
new vehicle260 @ 14:04:47 (sumoTime: 50687 seconds) on link 1 with path_nodes [1, 2, 3, 4] which means path_links [1, 2, 3]
['newVeh260'] arrived @ sumotime 50717.0 seconds
new vehicle261 @ 14:06:17 (sumoTime: 50777 seconds) on link 1 with path_nodes [1, 2, 3, 4] which means path_links [1, 2, 3]
['newVeh261'] arrived @ sumotime 50805.0 seconds
['newVeh261'] arrived @ sumotime 50806.0 seconds
new vehicle262 @ 14:10:30 (sumoTime: 51030 seconds) on link 1 with path_nodes [1, 2, 3, 4] which means path_links [1, 2, 3]
['newVeh262'] arrived @ sumotime 51057.0 seconds
new vehicle263 @ 14:11:33 (sumoTime: 51093 seconds) on link 1 with path_nodes [1, 2, 3, 4] which means path_links [1, 2, 3]
['newVeh263'] arrived @ sumotime 51120.0 seconds
new vehicle264 @ 14:18:01 (sumoTime: 51481 seconds) on link 1 with path_nodes [1, 2, 3, 4] which means path_links [1, 2, 3]
['newVeh264'] arrived @ sumotime 51508.0 seconds
new vehicle265 @ 14:19:37 (sumoTime: 51577 seconds) on link 1 with path_nodes [1, 2, 3, 4] which means path_links [1, 2, 3]
['newVeh265'] arrived @ sumotime 51604.0 seconds
new vehicle266 @ 14:20:16 (sumoTime: 51616 seconds) on link 1 with path_nodes [1, 2, 3, 4] which means path_links [1, 2, 3]
['newVeh266'] arrived @ sumotime 51640.0 seconds
new vehicle267 @ 14:23:37 (sumoTime: 51817 seconds) on link 1 with path_nodes [1, 2, 3, 4] which means path_links [1, 2, 3]
['newVeh267'] arrived @ sumotime 51843.0 seconds
new vehicle268 @ 14:24:07 (sumoTime: 51847 seconds) on link 1 with path_nodes [1, 2, 3, 4] which means path_links [1, 2, 3]
['newVeh268'] arrived @ sumotime 51873.0 seconds
new vehicle269 @ 14:26:26 (sumoTime: 51986 seconds) on link 1 with path_nodes [1, 2, 3, 4] which means path_links [1, 2, 3]
['newVeh269'] arrived @ sumotime 52015.0 seconds
new vehicle270 @ 14:32:24 (sumoTime: 52344 seconds) on link 1 with path_nodes [1, 2, 3, 4] which means path_links [1, 2, 3]
['newVeh270'] arrived @ sumotime 52370.0 seconds
new vehicle271 @ 14:35:38 (sumoTime: 52538 seconds) on link 1 with path_nodes [1, 2, 3, 4] which means path_links [1, 2, 3]
['newVeh271'] arrived @ sumotime 52564.0 seconds
new vehicle272 @ 14:36:38 (sumoTime: 52598 seconds) on link 1 with path_nodes [1, 2, 3, 4] which means path_links [1, 2, 3]
['newVeh272'] arrived @ sumotime 52624.0 seconds
new vehicle273 @ 14:37:14 (sumoTime: 52634 seconds) on link 1 with path_nodes [1, 2, 3, 4] which means path_links [1, 2, 3]
['newVeh273'] arrived @ sumotime 52665.0 seconds
new vehicle274 @ 14:38:35 (sumoTime: 52715 seconds) on link 1 with path_nodes [1, 2, 3, 4] which means path_links [1, 2, 3]
['newVeh274'] arrived @ sumotime 52743.0 seconds
['newVeh274'] arrived @ sumotime 52744.0 seconds
new vehicle275 @ 14:39:54 (sumoTime: 52794 seconds) on link 1 with path_nodes [1, 2, 3, 4] which means path_links [1, 2, 3]
['newVeh275'] arrived @ sumotime 52821.0 seconds
new vehicle276 @ 14:43:40 (sumoTime: 53020 seconds) on link 1 with path_nodes [1, 2, 3, 4] which means path_links [1, 2, 3]
['newVeh276'] arrived @ sumotime 53046.0 seconds
['newVeh276'] arrived @ sumotime 53047.0 seconds
new vehicle277 @ 14:45:48 (sumoTime: 53148 seconds) on link 1 with path_nodes [1, 2, 3, 4] which means path_links [1, 2, 3]
['newVeh277'] arrived @ sumotime 53174.0 seconds
new vehicle278 @ 14:49:10 (sumoTime: 53350 seconds) on link 1 with path_nodes [1, 2, 3, 4] which means path_links [1, 2, 3]
['newVeh278'] arrived @ sumotime 53378.0 seconds
new vehicle279 @ 14:51:04 (sumoTime: 53464 seconds) on link 1 with path_nodes [1, 2, 3, 4] which means path_links [1, 2, 3]
['newVeh279'] arrived @ sumotime 53491.0 seconds
new vehicle280 @ 14:53:14 (sumoTime: 53594 seconds) on link 1 with path_nodes [1, 2, 3, 4] which means path_links [1, 2, 3]
['newVeh280'] arrived @ sumotime 53622.0 seconds
new vehicle281 @ 14:54:22 (sumoTime: 53662 seconds) on link 1 with path_nodes [1, 2, 3, 4] which means path_links [1, 2, 3]
['newVeh281'] arrived @ sumotime 53692.0 seconds
new vehicle282 @ 14:57:05 (sumoTime: 53825 seconds) on link 1 with path_nodes [1, 2, 3, 4] which means path_links [1, 2, 3]
['newVeh282'] arrived @ sumotime 53853.0 seconds
new vehicle283 @ 14:57:47 (sumoTime: 53867 seconds) on link 1 with path_nodes [1, 2, 3, 4] which means path_links [1, 2, 3]
['newVeh283'] arrived @ sumotime 53892.0 seconds
new vehicle284 @ 14:58:33 (sumoTime: 53913 seconds) on link 1 with path_nodes [1, 2, 3, 4] which means path_links [1, 2, 3]
new vehicle285 @ 14:58:47 (sumoTime: 53927 seconds) on link 1 with path_nodes [1, 2, 3, 4] which means path_links [1, 2, 3]
['newVeh284'] arrived @ sumotime 53941.0 seconds
['newVeh285'] arrived @ sumotime 53958.0 seconds
Gesamte Auslastung: 296
Summe erzeugter Fahrzeuge: 286
-> Fahrzeuge verloren: 10
Neue Umlegungen nötig: [False, True, True, True, True, True, True, True, True, True, True, True, True, True, True]
Tupel bestehend aus: VolVisum, geplantesVolSumo, avgArrTimeVisum, avgArrTimeSumo
Link: 1 -> [(2, 2, 1800, 1618), (5, 8, 720, 648), (7, 8, 514, 458), (10, 13, 360, 354), (12, 15, 300, 304), (15, 17, 240, 244), (17, 24, 211, 161), (20, 24, 180, 149), (22, 28, 163, 140), (25, 25, 144, 120), (27, 18, 133, 204), (30, 33, 120, 108), (32, 26, 112, 146), (35, 28, 102, 134), (37, 32, 97, 120)]
Link: 3 -> []
Link: 5 -> []
VolumenInSumo: [(4507, ['1', '2', '3']), (10010, ['1', '2', '3']), (11533, ['1', '2', '3']), (12658, ['1', '2', '3']), (13222, ['1', '2', '3']), (14122, ['1', '2', '3']), (15337, ['1', '2', '3']), (15804, ['1', '2', '3']), (20702, ['1', '2', '3']), (22331, ['1', '2', '3']), (23713, ['1', '2', '3']), (23932, ['1', '2', '3']), (24854, ['1', '2', '3']), (24855, ['1', '2', '3']), (25831, ['1', '2', '3']), (30314, ['1', '2', '3']), (30344, ['1', '2', '3']), (30516, ['1', '2', '3']), (30720, ['1', '2', '3']), (30754, ['1', '2', '3']), (31237, ['1', '2', '3']), (31434, ['1', '2', '3']), (32424, ['1', '2', '3']), (33147, ['1', '2', '3']), (33908, ['1', '2', '3']), (34710, ['1', '2', '3']), (35252, ['1', '2', '3']), (40809, ['1', '2', '3']), (41103, ['1', '2', '3']), (41111, ['1', '2', '3']), (41809, ['1', '2', '3']), (42047, ['1', '2', '3']), (42208, ['1', '2', '3']), (42449, ['1', '2', '3']), (43043, ['1', '2', '3']), (43512, ['1', '2', '3']), (44041, ['1', '2', '3']), (44151, ['1', '2', '3']), (44758, ['1', '2', '3']), (44841, ['1', '2', '3']), (45654, ['1', '2', '3']), (50458, ['1', '2', '3']), (50817, ['1', '2', '3']), (51236, ['1', '2', '3']), (51955, ['1', '2', '3']), (52013, ['1', '2', '3']), (52714, ['1', '2', '3']), (52739, ['1', '2', '3']), (53214, ['1', '2', '3']), (53249, ['1', '2', '3']), (53828, ['1', '2', '3']), (53942, ['1', '2', '3']), (54623, ['1', '2', '3']), (54857, ['1', '2', '3']), (55000, ['1', '2', '3']), (55737, ['1', '2', '3']), (55958, ['1', '2', '3']), (60113, ['1', '2', '3']), (60137, ['1', '2', '3']), (61011, ['1', '2', '3']), (61051, ['1', '2', '3']), (61139, ['1', '2', '3']), (61333, ['1', '2', '3']), (61545, ['1', '2', '3']), (62550, ['1', '2', '3']), (62605, ['1', '2', '3']), (63100, ['1', '2', '3']), (63455, ['1', '2', '3']), (63648, ['1', '2', '3']), (63658, ['1', '2', '3']), (63742, ['1', '2', '3']), (63902, ['1', '2', '3']), (63903, ['1', '2', '3']), (64321, ['1', '2', '3']), (64349, ['1', '2', '3']), (64547, ['1', '2', '3']), (64733, ['1', '2', '3']), (65306, ['1', '2', '3']), (65416, ['1', '2', '3']), (65815, ['1', '2', '3']), (70436, ['1', '2', '3']), (70705, ['1', '2', '3']), (71121, ['1', '2', '3']), (71224, ['1', '2', '3']), (71326, ['1', '2', '3']), (71811, ['1', '2', '3']), (71847, ['1', '2', '3']), (72501, ['1', '2', '3']), (72631, ['1', '2', '3']), (73219, ['1', '2', '3']), (73453, ['1', '2', '3']), (73656, ['1', '2', '3']), (73756, ['1', '2', '3']), (73815, ['1', '2', '3']), (74109, ['1', '2', '3']), (74949, ['1', '2', '3']), (75037, ['1', '2', '3']), (75126, ['1', '2', '3']), (75157, ['1', '2', '3']), (75426, ['1', '2', '3']), (75751, ['1', '2', '3']), (75831, ['1', '2', '3']), (75954, ['1', '2', '3']), (80118, ['1', '6', '7', '-8', '3']), (80211, ['1', '6', '7', '-8', '3']), (80416, ['1', '6', '7', '-8', '3']), (80723, ['1', '6', '7', '-8', '3']), (80747, ['1', '6', '7', '-8', '3']), (81015, ['1', '6', '7', '-8', '3']), (81050, ['1', '6', '7', '-8', '3']), (81132, ['1', '6', '7', '-8', '3']), (81407, ['1', '6', '7', '-8', '3']), (81535, ['1', '6', '7', '-8', '3']), (81536, ['1', '6', '7', '-8', '3']), (81614, ['1', '6', '7', '-8', '3']), (81926, ['1', '6', '7', '-8', '3']), (82003, ['1', '6', '7', '-8', '3']), (82117, ['1', '6', '7', '-8', '3']), (82503, ['1', '6', '7', '-8', '3']), (82608, ['1', '6', '7', '-8', '3']), (83023, ['1', '6', '7', '-8', '3']), (83117, ['1', '6', '7', '-8', '3']), (83206, ['1', '6', '7', '-8', '3']), (84523, ['1', '6', '7', '-8', '3']), (84618, ['1', '6', '7', '-8', '3']), (84626, ['1', '6', '7', '-8', '3']), (85011, ['1', '6', '7', '-8', '3']), (85119, ['1', '6', '7', '-8', '3']), (85627, ['1', '6', '7', '-8', '3']), (85728, ['1', '6', '7', '-8', '3']), (91243, ['1', '6', '7', '-8', '3']), (91300, ['1', '6', '7', '-8', '3']), (91917, ['1', '6', '7', '-8', '3']), (92027, ['1', '6', '7', '-8', '3']), (92108, ['1', '6', '7', '-8', '3']), (92516, ['1', '6', '7', '-8', '3']), (92521, ['1', '6', '7', '-8', '3']), (92650, ['1', '6', '7', '-8', '3']), (92840, ['1', '6', '7', '-8', '3']), (92900, ['1', '6', '7', '-8', '3']), (93036, ['1', '6', '7', '-8', '3']), (93546, ['1', '6', '7', '-8', '3']), (93654, ['1', '6', '7', '-8', '3']), (93745, ['1', '6', '7', '-8', '3']), (94008, ['1', '6', '7', '-8', '3']), (94034, ['1', '6', '7', '-8', '3']), (94121, ['1', '6', '7', '-8', '3']), (94602, ['1', '6', '7', '-8', '3']), (94755, ['1', '6', '7', '-8', '3']), (94858, ['1', '6', '7', '-8', '3']), (95001, ['1', '6', '7', '-8', '3']), (95205, ['1', '6', '7', '-8', '3']), (95632, ['1', '6', '7', '-8', '3']), (95812, ['1', '6', '7', '-8', '3']), (100322, ['1', '6', '7', '-8', '3']), (101121, ['1', '6', '7', '-8', '3']), (101144, ['1', '6', '7', '-8', '3']), (101952, ['1', '6', '7', '-8', '3']), (101956, ['1', '6', '7', '-8', '3']), (102704, ['1', '6', '7', '-8', '3']), (102734, ['1', '6', '7', '-8', '3']), (103014, ['1', '6', '7', '-8', '3']), (103030, ['1', '6', '7', '-8', '3']), (103815, ['1', '6', '7', '-8', '3']), (104011, ['1', '6', '7', '-8', '3']), (104131, ['1', '6', '7', '-8', '3']), (104652, ['1', '6', '7', '-8', '3']), (104723, ['1', '6', '7', '-8', '3']), (104813, ['1', '6', '7', '-8', '3']), (105117, ['1', '6', '7', '-8', '3']), (105135, ['1', '6', '7', '-8', '3']), (110216, ['1', '6', '7', '-8', '3']), (110333, ['1', '6', '7', '-8', '3']), (110345, ['1', '6', '7', '-8', '3']), (110636, ['1', '6', '7', '-8', '3']), (110708, ['1', '6', '7', '-8', '3']), (110839, ['1', '6', '7', '-8', '3']), (110914, ['1', '6', '7', '-8', '3']), (111001, ['1', '6', '7', '-8', '3']), (111123, ['1', '6', '7', '-8', '3']), (111154, ['1', '6', '7', '-8', '3']), (111248, ['1', '6', '7', '-8', '3']), (111305, ['1', '6', '7', '-8', '3']), (111653, ['1', '6', '7', '-8', '3']), (111750, ['1', '6', '7', '-8', '3']), (112018, ['1', '6', '7', '-8', '3']), (112119, ['1', '6', '7', '-8', '3']), (112208, ['1', '6', '7', '-8', '3']), (112654, ['1', '6', '7', '-8', '3']), (112741, ['1', '6', '7', '-8', '3']), (112905, ['1', '6', '7', '-8', '3']), (113013, ['1', '6', '7', '-8', '3']), (113058, ['1', '6', '7', '-8', '3']), (113238, ['1', '6', '7', '-8', '3']), (113356, ['1', '6', '7', '-8', '3']), (113523, ['1', '6', '7', '-8', '3']), (113746, ['1', '6', '7', '-8', '3']), (113954, ['1', '6', '7', '-8', '3']), (114005, ['1', '6', '7', '-8', '3']), (114238, ['1', '6', '7', '-8', '3']), (114346, ['1', '6', '7', '-8', '3']), (115400, ['1', '6', '7', '-8', '3']), (115822, ['1', '6', '7', '-8', '3']), (120010, ['1', '2', '3']), (120200, ['1', '2', '3']), (120405, ['1', '2', '3']), (120453, ['1', '2', '3']), (120659, ['1', '2', '3']), (120711, ['1', '2', '3']), (121344, ['1', '2', '3']), (121556, ['1', '2', '3']), (121636, ['1', '2', '3']), (121821, ['1', '2', '3']), (121901, ['1', '2', '3']), (121913, ['1', '2', '3']), (121942, ['1', '2', '3']), (122117, ['1', '2', '3']), (122323, ['1', '2', '3']), (122707, ['1', '2', '3']), (122737, ['1', '2', '3']), (123144, ['1', '2', '3']), (123520, ['1', '2', '3']), (124141, ['1', '2', '3']), (124746, ['1', '2', '3']), (125027, ['1', '2', '3']), (125120, ['1', '2', '3']), (125317, ['1', '2', '3']), (125613, ['1', '2', '3']), (130017, ['1', '2', '3']), (130125, ['1', '2', '3']), (130624, ['1', '2', '3']), (131246, ['1', '2', '3']), (131313, ['1', '2', '3']), (131622, ['1', '2', '3']), (132051, ['1', '2', '3']), (132813, ['1', '2', '3']), (132823, ['1', '2', '3']), (133128, ['1', '2', '3']), (133250, ['1', '2', '3']), (133252, ['1', '2', '3']), (133543, ['1', '2', '3']), (133734, ['1', '2', '3']), (133807, ['1', '2', '3']), (133841, ['1', '2', '3']), (133847, ['1', '2', '3']), (133918, ['1', '2', '3']), (134005, ['1', '2', '3']), (134345, ['1', '2', '3']), (134758, ['1', '2', '3']), (134839, ['1', '2', '3']), (134941, ['1', '2', '3']), (135445, ['1', '2', '3']), (135646, ['1', '2', '3']), (135841, ['1', '2', '3']), (135919, ['1', '2', '3']), (140101, ['1', '2', '3']), (140142, ['1', '2', '3']), (140252, ['1', '2', '3']), (140252, ['1', '2', '3']), (140303, ['1', '2', '3']), (140447, ['1', '2', '3']), (140617, ['1', '2', '3']), (141030, ['1', '2', '3']), (141133, ['1', '2', '3']), (141801, ['1', '2', '3']), (141937, ['1', '2', '3']), (142016, ['1', '2', '3']), (142337, ['1', '2', '3']), (142407, ['1', '2', '3']), (142626, ['1', '2', '3']), (143224, ['1', '2', '3']), (143538, ['1', '2', '3']), (143638, ['1', '2', '3']), (143714, ['1', '2', '3']), (143835, ['1', '2', '3']), (143954, ['1', '2', '3']), (144340, ['1', '2', '3']), (144548, ['1', '2', '3']), (144910, ['1', '2', '3']), (145104, ['1', '2', '3']), (145314, ['1', '2', '3']), (145422, ['1', '2', '3']), (145705, ['1', '2', '3']), (145747, ['1', '2', '3']), (145833, ['1', '2', '3']), (145847, ['1', '2', '3'])]
2 -> 3 : [(10000, 1), (20000, 5), (30000, 7), (40000, 10), (50000, 12), (60000, 15), (70000, 17), (80000, 20), (90000, 22), (100000, 25), (110000, 19), (120000, 30), (130000, 27), (140000, 28)]
2 -> 5 : [(10000, 1), (20000, 0), (30000, 0), (40000, 0), (50000, 0), (60000, 0), (70000, 0), (80000, 0), (90000, 0), (100000, 0), (110000, 9), (120000, 0), (130000, 5), (140000, 7)]
2 -> 6 : [(10000, 0), (20000, 0), (30000, 0), (40000, 0), (50000, 0), (60000, 0), (70000, 0), (80000, 0), (90000, 0), (100000, 0), (110000, 0), (120000, 0), (130000, 0), (140000, 0)]
3 -> 2 : [(10000, 0), (20000, 0), (30000, 0), (40000, 0), (50000, 0), (60000, 0), (70000, 0), (80000, 0), (90000, 0), (100000, 0), (110000, 0), (120000, 0), (130000, 0), (140000, 0)]
3 -> 4 : [(10000, 1), (20000, 5), (30000, 7), (40000, 10), (50000, 12), (60000, 15), (70000, 17), (80000, 20), (90000, 22), (100000, 25), (110000, 19), (120000, 30), (130000, 28), (140000, 28)]
3 -> 7 : [(10000, 0), (20000, 0), (30000, 0), (40000, 0), (50000, 0), (60000, 0), (70000, 0), (80000, 0), (90000, 0), (100000, 0), (110000, 0), (120000, 0), (130000, 0), (140000, 0)]
4 -> 3 : [(10000, 0), (20000, 0), (30000, 0), (40000, 0), (50000, 0), (60000, 0), (70000, 0), (80000, 0), (90000, 0), (100000, 0), (110000, 0), (120000, 0), (130000, 0), (140000, 0)]
4 -> 5 : [(10000, 0), (20000, 0), (30000, 0), (40000, 0), (50000, 0), (60000, 0), (70000, 0), (80000, 0), (90000, 0), (100000, 0), (110000, 0), (120000, 0), (130000, 0), (140000, 0)]
5 -> 2 : [(10000, 0), (20000, 0), (30000, 0), (40000, 0), (50000, 0), (60000, 0), (70000, 0), (80000, 0), (90000, 0), (100000, 0), (110000, 0), (120000, 0), (130000, 0), (140000, 0)]
5 -> 4 : [(10000, 1), (20000, 0), (30000, 0), (40000, 0), (50000, 0), (60000, 0), (70000, 0), (80000, 0), (90000, 0), (100000, 0), (110000, 8), (120000, 0), (130000, 5), (140000, 7)]
6 -> 2 : [(10000, 0), (20000, 0), (30000, 0), (40000, 0), (50000, 0), (60000, 0), (70000, 0), (80000, 0), (90000, 0), (100000, 0), (110000, 0), (120000, 0), (130000, 0), (140000, 0)]
6 -> 7 : [(10000, 0), (20000, 0), (30000, 0), (40000, 0), (50000, 0), (60000, 0), (70000, 0), (80000, 0), (90000, 0), (100000, 0), (110000, 0), (120000, 0), (130000, 0), (140000, 0)]
7 -> 3 : [(10000, 0), (20000, 0), (30000, 0), (40000, 0), (50000, 0), (60000, 0), (70000, 0), (80000, 0), (90000, 0), (100000, 0), (110000, 0), (120000, 0), (130000, 0), (140000, 0)]
7 -> 6 : [(10000, 0), (20000, 0), (30000, 0), (40000, 0), (50000, 0), (60000, 0), (70000, 0), (80000, 0), (90000, 0), (100000, 0), (110000, 0), (120000, 0), (130000, 0), (140000, 0)]
