00:00:00
new vehicle0 @ 00:16:29 (sumoTime: 989 seconds) on link 1 with path_nodes [1, 2, 3, 4] which means path_links [1, 2, 3]
['newVeh0'] arrived @ sumotime 1017.0 seconds
new vehicle1 @ 00:48:35 (sumoTime: 2915 seconds) on link 1 with path_nodes [1, 2, 3, 4] which means path_links [1, 2, 3]
['newVeh1'] arrived @ sumotime 2941.0 seconds
new vehicle2 @ 00:58:05 (sumoTime: 3485 seconds) on link 1 with path_nodes [1, 2, 3, 4] which means path_links [1, 2, 3]
['newVeh2'] arrived @ sumotime 3511.0 seconds
01:00:00
[INFO: transfer Visum-Sumo]: [(1.0, 100.0, 4.995138888888889, 2.0, 1.0), (-3.0, 100.0, 0.0, 3.0, 4.0), (5.0, 100.0, 0.0, 5.0, 4.0)] 
 [(3, 3)]
Umlegung ausgeführt
curVolumes: (10000, [(3, 3, 0)])
new vehicle3 @ 01:27:50 (sumoTime: 5270 seconds) on link 1 with path_nodes [1, 2, 3, 4] which means path_links [1, 2, 3]
['newVeh3'] arrived @ sumotime 5299.0 seconds
new vehicle4 @ 01:32:15 (sumoTime: 5535 seconds) on link 1 with path_nodes [1, 2, 3, 4] which means path_links [1, 2, 3]
['newVeh4'] arrived @ sumotime 5563.0 seconds
new vehicle5 @ 01:46:26 (sumoTime: 6386 seconds) on link 1 with path_nodes [1, 2, 3, 4] which means path_links [1, 2, 3]
['newVeh5'] arrived @ sumotime 6412.0 seconds
new vehicle6 @ 01:48:50 (sumoTime: 6530 seconds) on link 1 with path_nodes [1, 2, 3, 4] which means path_links [1, 2, 3]
['newVeh6'] arrived @ sumotime 6556.0 seconds
['newVeh6'] arrived @ sumotime 6557.0 seconds
02:00:00
[INFO: transfer Visum-Sumo]: [(1.0, 100.0, 7.495138888888889, 2.0, 1.0), (-3.0, 100.0, 0.0, 3.0, 4.0), (5.0, 100.0, 0.0, 5.0, 4.0)] 
 [(3, 5)]
Umlegung ausgeführt
curVolumes: (20000, [(3, 5, 0)])
new vehicle7 @ 02:15:56 (sumoTime: 8156 seconds) on link 1 with path_nodes [1, 2, 3, 4] which means path_links [1, 2, 3]
['newVeh7'] arrived @ sumotime 8181.0 seconds
new vehicle8 @ 02:44:01 (sumoTime: 9841 seconds) on link 1 with path_nodes [1, 2, 3, 4] which means path_links [1, 2, 3]
['newVeh8'] arrived @ sumotime 9871.0 seconds
new vehicle9 @ 02:46:00 (sumoTime: 9960 seconds) on link 1 with path_nodes [1, 2, 3, 4] which means path_links [1, 2, 3]
['newVeh9'] arrived @ sumotime 9990.0 seconds
new vehicle10 @ 02:47:24 (sumoTime: 10044 seconds) on link 1 with path_nodes [1, 2, 3, 4] which means path_links [1, 2, 3]
['newVeh10'] arrived @ sumotime 10071.0 seconds
new vehicle11 @ 02:52:13 (sumoTime: 10333 seconds) on link 1 with path_nodes [1, 2, 3, 4] which means path_links [1, 2, 3]
['newVeh11'] arrived @ sumotime 10361.0 seconds
new vehicle12 @ 02:53:07 (sumoTime: 10387 seconds) on link 1 with path_nodes [1, 2, 3, 4] which means path_links [1, 2, 3]
['newVeh12'] arrived @ sumotime 10418.0 seconds
03:00:00
[INFO: transfer Visum-Sumo]: [(1.0, 100.0, 9.995138888888889, 2.0, 1.0), (-3.0, 100.0, 0.0, 3.0, 4.0), (5.0, 100.0, 0.0, 5.0, 4.0)] 
 [(3, 6)]
Umlegung ausgeführt
curVolumes: (30000, [(3, 6, 0)])
new vehicle13 @ 03:06:18 (sumoTime: 11178 seconds) on link 1 with path_nodes [1, 2, 3, 4] which means path_links [1, 2, 3]
new vehicle14 @ 03:06:41 (sumoTime: 11201 seconds) on link 1 with path_nodes [1, 2, 3, 4] which means path_links [1, 2, 3]
['newVeh13'] arrived @ sumotime 11205.0 seconds
['newVeh14'] arrived @ sumotime 11229.0 seconds
new vehicle15 @ 03:08:22 (sumoTime: 11302 seconds) on link 1 with path_nodes [1, 2, 3, 4] which means path_links [1, 2, 3]
['newVeh15'] arrived @ sumotime 11329.0 seconds
new vehicle16 @ 03:14:39 (sumoTime: 11679 seconds) on link 1 with path_nodes [1, 2, 3, 4] which means path_links [1, 2, 3]
['newVeh16'] arrived @ sumotime 11705.0 seconds
new vehicle17 @ 03:17:59 (sumoTime: 11879 seconds) on link 1 with path_nodes [1, 2, 3, 4] which means path_links [1, 2, 3]
['newVeh17'] arrived @ sumotime 11909.0 seconds
new vehicle18 @ 03:23:51 (sumoTime: 12231 seconds) on link 1 with path_nodes [1, 2, 3, 4] which means path_links [1, 2, 3]
['newVeh18'] arrived @ sumotime 12258.0 seconds
new vehicle19 @ 03:26:54 (sumoTime: 12414 seconds) on link 1 with path_nodes [1, 2, 3, 4] which means path_links [1, 2, 3]
['newVeh19'] arrived @ sumotime 12439.0 seconds
new vehicle20 @ 03:28:10 (sumoTime: 12490 seconds) on link 1 with path_nodes [1, 2, 3, 4] which means path_links [1, 2, 3]
['newVeh20'] arrived @ sumotime 12516.0 seconds
new vehicle21 @ 03:33:25 (sumoTime: 12805 seconds) on link 1 with path_nodes [1, 2, 3, 4] which means path_links [1, 2, 3]
['newVeh21'] arrived @ sumotime 12835.0 seconds
new vehicle22 @ 03:35:00 (sumoTime: 12900 seconds) on link 1 with path_nodes [1, 2, 3, 4] which means path_links [1, 2, 3]
['newVeh22'] arrived @ sumotime 12926.0 seconds
new vehicle23 @ 03:42:29 (sumoTime: 13349 seconds) on link 1 with path_nodes [1, 2, 3, 4] which means path_links [1, 2, 3]
['newVeh23'] arrived @ sumotime 13375.0 seconds
new vehicle24 @ 03:46:43 (sumoTime: 13603 seconds) on link 1 with path_nodes [1, 2, 3, 4] which means path_links [1, 2, 3]
['newVeh24'] arrived @ sumotime 13632.0 seconds
new vehicle25 @ 03:52:27 (sumoTime: 13947 seconds) on link 1 with path_nodes [1, 2, 3, 4] which means path_links [1, 2, 3]
['newVeh25'] arrived @ sumotime 13973.0 seconds
new vehicle26 @ 03:59:09 (sumoTime: 14349 seconds) on link 1 with path_nodes [1, 2, 3, 4] which means path_links [1, 2, 3]
['newVeh26'] arrived @ sumotime 14378.0 seconds
04:00:00
[INFO: transfer Visum-Sumo]: [(1.0, 100.0, 12.495138888888889, 2.0, 1.0), (-3.0, 100.0, 0.0, 3.0, 4.0), (5.0, 100.0, 0.0, 5.0, 4.0)] 
 [(3, 14)]
Umlegung ausgeführt
curVolumes: (40000, [(3, 14, 0)])
new vehicle27 @ 04:05:36 (sumoTime: 14736 seconds) on link 1 with path_nodes [1, 2, 3, 4] which means path_links [1, 2, 3]
['newVeh27'] arrived @ sumotime 14764.0 seconds
new vehicle28 @ 04:07:52 (sumoTime: 14872 seconds) on link 1 with path_nodes [1, 2, 3, 4] which means path_links [1, 2, 3]
['newVeh28'] arrived @ sumotime 14899.0 seconds
new vehicle29 @ 04:12:58 (sumoTime: 15178 seconds) on link 1 with path_nodes [1, 2, 3, 4] which means path_links [1, 2, 3]
['newVeh29'] arrived @ sumotime 15204.0 seconds
new vehicle30 @ 04:15:56 (sumoTime: 15356 seconds) on link 1 with path_nodes [1, 2, 3, 4] which means path_links [1, 2, 3]
['newVeh30'] arrived @ sumotime 15384.0 seconds
new vehicle31 @ 04:20:09 (sumoTime: 15609 seconds) on link 1 with path_nodes [1, 2, 3, 4] which means path_links [1, 2, 3]
['newVeh31'] arrived @ sumotime 15635.0 seconds
new vehicle32 @ 04:24:08 (sumoTime: 15848 seconds) on link 1 with path_nodes [1, 2, 3, 4] which means path_links [1, 2, 3]
['newVeh32'] arrived @ sumotime 15878.0 seconds
new vehicle33 @ 04:29:42 (sumoTime: 16182 seconds) on link 1 with path_nodes [1, 2, 3, 4] which means path_links [1, 2, 3]
new vehicle34 @ 04:30:02 (sumoTime: 16202 seconds) on link 1 with path_nodes [1, 2, 3, 4] which means path_links [1, 2, 3]
['newVeh33'] arrived @ sumotime 16210.0 seconds
['newVeh34'] arrived @ sumotime 16227.0 seconds
new vehicle35 @ 04:35:19 (sumoTime: 16519 seconds) on link 1 with path_nodes [1, 2, 3, 4] which means path_links [1, 2, 3]
['newVeh35'] arrived @ sumotime 16545.0 seconds
new vehicle36 @ 04:37:51 (sumoTime: 16671 seconds) on link 1 with path_nodes [1, 2, 3, 4] which means path_links [1, 2, 3]
['newVeh36'] arrived @ sumotime 16697.0 seconds
new vehicle37 @ 04:46:57 (sumoTime: 17217 seconds) on link 1 with path_nodes [1, 2, 3, 4] which means path_links [1, 2, 3]
['newVeh37'] arrived @ sumotime 17243.0 seconds
new vehicle38 @ 04:48:29 (sumoTime: 17309 seconds) on link 1 with path_nodes [1, 2, 3, 4] which means path_links [1, 2, 3]
['newVeh38'] arrived @ sumotime 17336.0 seconds
new vehicle39 @ 04:49:41 (sumoTime: 17381 seconds) on link 1 with path_nodes [1, 2, 3, 4] which means path_links [1, 2, 3]
['newVeh39'] arrived @ sumotime 17409.0 seconds
05:00:00
[INFO: transfer Visum-Sumo]: [(1.0, 100.0, 14.995138888888889, 2.0, 1.0), (-3.0, 100.0, 0.0, 3.0, 4.0), (5.0, 100.0, 0.0, 5.0, 4.0)] 
 [(3, 13)]
Umlegung ausgeführt
curVolumes: (50000, [(3, 13, 0)])
new vehicle40 @ 05:01:40 (sumoTime: 18100 seconds) on link 1 with path_nodes [1, 2, 3, 4] which means path_links [1, 2, 3]
['newVeh40'] arrived @ sumotime 18129.0 seconds
new vehicle41 @ 05:18:03 (sumoTime: 19083 seconds) on link 1 with path_nodes [1, 2, 3, 4] which means path_links [1, 2, 3]
['newVeh41'] arrived @ sumotime 19111.0 seconds
new vehicle42 @ 05:22:00 (sumoTime: 19320 seconds) on link 1 with path_nodes [1, 2, 3, 4] which means path_links [1, 2, 3]
['newVeh42'] arrived @ sumotime 19348.0 seconds
new vehicle43 @ 05:26:12 (sumoTime: 19572 seconds) on link 1 with path_nodes [1, 2, 3, 4] which means path_links [1, 2, 3]
['newVeh43'] arrived @ sumotime 19603.0 seconds
new vehicle44 @ 05:31:16 (sumoTime: 19876 seconds) on link 1 with path_nodes [1, 2, 3, 4] which means path_links [1, 2, 3]
['newVeh44'] arrived @ sumotime 19900.0 seconds
new vehicle45 @ 05:35:30 (sumoTime: 20130 seconds) on link 1 with path_nodes [1, 2, 3, 4] which means path_links [1, 2, 3]
['newVeh45'] arrived @ sumotime 20157.0 seconds
new vehicle46 @ 05:36:21 (sumoTime: 20181 seconds) on link 1 with path_nodes [1, 2, 3, 4] which means path_links [1, 2, 3]
['newVeh46'] arrived @ sumotime 20210.0 seconds
new vehicle47 @ 05:44:08 (sumoTime: 20648 seconds) on link 1 with path_nodes [1, 2, 3, 4] which means path_links [1, 2, 3]
['newVeh47'] arrived @ sumotime 20674.0 seconds
['newVeh47'] arrived @ sumotime 20675.0 seconds
new vehicle48 @ 05:47:12 (sumoTime: 20832 seconds) on link 1 with path_nodes [1, 2, 3, 4] which means path_links [1, 2, 3]
['newVeh48'] arrived @ sumotime 20861.0 seconds
new vehicle49 @ 05:53:10 (sumoTime: 21190 seconds) on link 1 with path_nodes [1, 2, 3, 4] which means path_links [1, 2, 3]
['newVeh49'] arrived @ sumotime 21218.0 seconds
new vehicle50 @ 05:53:52 (sumoTime: 21232 seconds) on link 1 with path_nodes [1, 2, 3, 4] which means path_links [1, 2, 3]
['newVeh50'] arrived @ sumotime 21258.0 seconds
['newVeh50'] arrived @ sumotime 21259.0 seconds
new vehicle51 @ 05:57:14 (sumoTime: 21434 seconds) on link 1 with path_nodes [1, 2, 3, 4] which means path_links [1, 2, 3]
['newVeh51'] arrived @ sumotime 21459.0 seconds
new vehicle52 @ 05:57:50 (sumoTime: 21470 seconds) on link 1 with path_nodes [1, 2, 3, 4] which means path_links [1, 2, 3]
['newVeh52'] arrived @ sumotime 21498.0 seconds
['newVeh52'] arrived @ sumotime 21499.0 seconds
new vehicle53 @ 05:59:33 (sumoTime: 21573 seconds) on link 1 with path_nodes [1, 2, 3, 4] which means path_links [1, 2, 3]
['newVeh53'] arrived @ sumotime 21599.0 seconds
06:00:00
[INFO: transfer Visum-Sumo]: [(1.0, 100.0, 17.49513888888889, 2.0, 1.0), (-3.0, 100.0, 0.0, 3.0, 4.0), (5.0, 100.0, 0.0, 5.0, 4.0)] 
 [(3, 17)]
Umlegung ausgeführt
curVolumes: (60000, [(3, 17, 0)])
new vehicle54 @ 06:04:46 (sumoTime: 21886 seconds) on link 1 with path_nodes [1, 2, 3, 4] which means path_links [1, 2, 3]
new vehicle55 @ 06:04:49 (sumoTime: 21889 seconds) on link 1 with path_nodes [1, 2, 3, 4] which means path_links [1, 2, 3]
['newVeh54'] arrived @ sumotime 21912.0 seconds
['newVeh55'] arrived @ sumotime 21915.0 seconds
new vehicle56 @ 06:05:19 (sumoTime: 21919 seconds) on link 1 with path_nodes [1, 2, 3, 4] which means path_links [1, 2, 3]
['newVeh56'] arrived @ sumotime 21946.0 seconds
new vehicle57 @ 06:12:38 (sumoTime: 22358 seconds) on link 1 with path_nodes [1, 2, 3, 4] which means path_links [1, 2, 3]
['newVeh57'] arrived @ sumotime 22387.0 seconds
new vehicle58 @ 06:21:22 (sumoTime: 22882 seconds) on link 1 with path_nodes [1, 2, 3, 4] which means path_links [1, 2, 3]
['newVeh58'] arrived @ sumotime 22907.0 seconds
new vehicle59 @ 06:24:30 (sumoTime: 23070 seconds) on link 1 with path_nodes [1, 2, 3, 4] which means path_links [1, 2, 3]
['newVeh59'] arrived @ sumotime 23099.0 seconds
new vehicle60 @ 06:26:24 (sumoTime: 23184 seconds) on link 1 with path_nodes [1, 2, 3, 4] which means path_links [1, 2, 3]
['newVeh60'] arrived @ sumotime 23213.0 seconds
new vehicle61 @ 06:30:15 (sumoTime: 23415 seconds) on link 1 with path_nodes [1, 2, 3, 4] which means path_links [1, 2, 3]
['newVeh61'] arrived @ sumotime 23445.0 seconds
new vehicle62 @ 06:31:25 (sumoTime: 23485 seconds) on link 1 with path_nodes [1, 2, 3, 4] which means path_links [1, 2, 3]
['newVeh62'] arrived @ sumotime 23515.0 seconds
new vehicle63 @ 06:33:58 (sumoTime: 23638 seconds) on link 1 with path_nodes [1, 2, 3, 4] which means path_links [1, 2, 3]
['newVeh63'] arrived @ sumotime 23665.0 seconds
new vehicle64 @ 06:35:08 (sumoTime: 23708 seconds) on link 1 with path_nodes [1, 2, 3, 4] which means path_links [1, 2, 3]
['newVeh64'] arrived @ sumotime 23734.0 seconds
new vehicle65 @ 06:38:58 (sumoTime: 23938 seconds) on link 1 with path_nodes [1, 2, 3, 4] which means path_links [1, 2, 3]
new vehicle66 @ 06:39:19 (sumoTime: 23959 seconds) on link 1 with path_nodes [1, 2, 3, 4] which means path_links [1, 2, 3]
['newVeh65'] arrived @ sumotime 23964.0 seconds
['newVeh66'] arrived @ sumotime 23987.0 seconds
new vehicle67 @ 06:43:07 (sumoTime: 24187 seconds) on link 1 with path_nodes [1, 2, 3, 4] which means path_links [1, 2, 3]
['newVeh67'] arrived @ sumotime 24214.0 seconds
new vehicle68 @ 06:48:03 (sumoTime: 24483 seconds) on link 1 with path_nodes [1, 2, 3, 4] which means path_links [1, 2, 3]
['newVeh68'] arrived @ sumotime 24509.0 seconds
new vehicle69 @ 06:48:34 (sumoTime: 24514 seconds) on link 1 with path_nodes [1, 2, 3, 4] which means path_links [1, 2, 3]
['newVeh69'] arrived @ sumotime 24541.0 seconds
new vehicle70 @ 06:49:09 (sumoTime: 24549 seconds) on link 1 with path_nodes [1, 2, 3, 4] which means path_links [1, 2, 3]
['newVeh70'] arrived @ sumotime 24575.0 seconds
new vehicle71 @ 06:56:37 (sumoTime: 24997 seconds) on link 1 with path_nodes [1, 2, 3, 4] which means path_links [1, 2, 3]
['newVeh71'] arrived @ sumotime 25024.0 seconds
new vehicle72 @ 06:57:35 (sumoTime: 25055 seconds) on link 1 with path_nodes [1, 2, 3, 4] which means path_links [1, 2, 3]
['newVeh72'] arrived @ sumotime 25082.0 seconds
new vehicle73 @ 06:59:42 (sumoTime: 25182 seconds) on link 1 with path_nodes [1, 2, 3, 4] which means path_links [1, 2, 3]
new vehicle74 @ 06:59:44 (sumoTime: 25184 seconds) on link 1 with path_nodes [1, 2, 3, 4] which means path_links [1, 2, 3]
07:00:00
[INFO: transfer Visum-Sumo]: [(1.0, 100.0, 19.99513888888889, 2.0, 1.0), (-3.0, 100.0, 0.0, 3.0, 4.0), (5.0, 100.0, 0.0, 5.0, 4.0)] 
 [(3, 19)]
Umlegung ausgeführt
curVolumes: (70000, [(3, 19, 0)])
['newVeh73'] arrived @ sumotime 25209.0 seconds
['newVeh74'] arrived @ sumotime 25214.0 seconds
new vehicle75 @ 07:01:13 (sumoTime: 25273 seconds) on link 1 with path_nodes [1, 2, 3, 4] which means path_links [1, 2, 3]
['newVeh75'] arrived @ sumotime 25301.0 seconds
new vehicle76 @ 07:03:42 (sumoTime: 25422 seconds) on link 1 with path_nodes [1, 2, 3, 4] which means path_links [1, 2, 3]
['newVeh76'] arrived @ sumotime 25447.0 seconds
new vehicle77 @ 07:06:41 (sumoTime: 25601 seconds) on link 1 with path_nodes [1, 2, 3, 4] which means path_links [1, 2, 3]
['newVeh77'] arrived @ sumotime 25632.0 seconds
new vehicle78 @ 07:09:18 (sumoTime: 25758 seconds) on link 1 with path_nodes [1, 2, 3, 4] which means path_links [1, 2, 3]
new vehicle79 @ 07:09:34 (sumoTime: 25774 seconds) on link 1 with path_nodes [1, 2, 3, 4] which means path_links [1, 2, 3]
['newVeh78'] arrived @ sumotime 25786.0 seconds
new vehicle80 @ 07:09:58 (sumoTime: 25798 seconds) on link 1 with path_nodes [1, 2, 3, 4] which means path_links [1, 2, 3]
['newVeh79'] arrived @ sumotime 25804.0 seconds
new vehicle81 @ 07:10:28 (sumoTime: 25828 seconds) on link 1 with path_nodes [1, 2, 3, 4] which means path_links [1, 2, 3]
['newVeh80'] arrived @ sumotime 25830.0 seconds
['newVeh81'] arrived @ sumotime 25854.0 seconds
new vehicle82 @ 07:14:46 (sumoTime: 26086 seconds) on link 1 with path_nodes [1, 2, 3, 4] which means path_links [1, 2, 3]
['newVeh82'] arrived @ sumotime 26114.0 seconds
new vehicle83 @ 07:16:04 (sumoTime: 26164 seconds) on link 1 with path_nodes [1, 2, 3, 4] which means path_links [1, 2, 3]
['newVeh83'] arrived @ sumotime 26192.0 seconds
new vehicle84 @ 07:23:02 (sumoTime: 26582 seconds) on link 1 with path_nodes [1, 2, 3, 4] which means path_links [1, 2, 3]
['newVeh84'] arrived @ sumotime 26608.0 seconds
new vehicle85 @ 07:23:44 (sumoTime: 26624 seconds) on link 1 with path_nodes [1, 2, 3, 4] which means path_links [1, 2, 3]
['newVeh85'] arrived @ sumotime 26650.0 seconds
new vehicle86 @ 07:31:11 (sumoTime: 27071 seconds) on link 1 with path_nodes [1, 2, 3, 4] which means path_links [1, 2, 3]
['newVeh86'] arrived @ sumotime 27099.0 seconds
new vehicle87 @ 07:32:52 (sumoTime: 27172 seconds) on link 1 with path_nodes [1, 2, 3, 4] which means path_links [1, 2, 3]
['newVeh87'] arrived @ sumotime 27198.0 seconds
new vehicle88 @ 07:33:19 (sumoTime: 27199 seconds) on link 1 with path_nodes [1, 2, 3, 4] which means path_links [1, 2, 3]
['newVeh88'] arrived @ sumotime 27225.0 seconds
new vehicle89 @ 07:35:35 (sumoTime: 27335 seconds) on link 1 with path_nodes [1, 2, 3, 4] which means path_links [1, 2, 3]
['newVeh89'] arrived @ sumotime 27365.0 seconds
new vehicle90 @ 07:37:21 (sumoTime: 27441 seconds) on link 1 with path_nodes [1, 2, 3, 4] which means path_links [1, 2, 3]
['newVeh90'] arrived @ sumotime 27466.0 seconds
new vehicle91 @ 07:37:58 (sumoTime: 27478 seconds) on link 1 with path_nodes [1, 2, 3, 4] which means path_links [1, 2, 3]
['newVeh91'] arrived @ sumotime 27505.0 seconds
new vehicle92 @ 07:39:01 (sumoTime: 27541 seconds) on link 1 with path_nodes [1, 2, 3, 4] which means path_links [1, 2, 3]
['newVeh92'] arrived @ sumotime 27567.0 seconds
new vehicle93 @ 07:42:57 (sumoTime: 27777 seconds) on link 1 with path_nodes [1, 2, 3, 4] which means path_links [1, 2, 3]
new vehicle94 @ 07:43:22 (sumoTime: 27802 seconds) on link 1 with path_nodes [1, 2, 3, 4] which means path_links [1, 2, 3]
['newVeh93'] arrived @ sumotime 27804.0 seconds
['newVeh94'] arrived @ sumotime 27830.0 seconds
new vehicle95 @ 07:46:59 (sumoTime: 28019 seconds) on link 1 with path_nodes [1, 2, 3, 4] which means path_links [1, 2, 3]
['newVeh95'] arrived @ sumotime 28049.0 seconds
new vehicle96 @ 07:48:54 (sumoTime: 28134 seconds) on link 1 with path_nodes [1, 2, 3, 4] which means path_links [1, 2, 3]
['newVeh96'] arrived @ sumotime 28160.0 seconds
new vehicle97 @ 07:53:03 (sumoTime: 28383 seconds) on link 1 with path_nodes [1, 2, 3, 4] which means path_links [1, 2, 3]
['newVeh97'] arrived @ sumotime 28409.0 seconds
new vehicle98 @ 07:55:20 (sumoTime: 28520 seconds) on link 1 with path_nodes [1, 2, 3, 4] which means path_links [1, 2, 3]
['newVeh98'] arrived @ sumotime 28546.0 seconds
new vehicle99 @ 07:59:01 (sumoTime: 28741 seconds) on link 1 with path_nodes [1, 2, 3, 4] which means path_links [1, 2, 3]
['newVeh99'] arrived @ sumotime 28774.0 seconds
08:00:00
[INFO: transfer Visum-Sumo]: [(1.0, 100.0, 22.49513888888889, 2.0, 1.0), (-3.0, 100.0, 0.0, 3.0, 4.0), (5.0, 100.0, 0.0, 5.0, 4.0)] 
 [(3, 27)]
Umlegung ausgeführt
curVolumes: (80000, [(3, 27, 0)])
new vehicle100 @ 08:04:43 (sumoTime: 29083 seconds) on link 1 with path_nodes [1, 2, 3, 4] which means path_links [1, 2, 3]
['newVeh100'] arrived @ sumotime 29138.0 seconds
new vehicle101 @ 08:06:11 (sumoTime: 29171 seconds) on link 1 with path_nodes [1, 2, 3, 4] which means path_links [1, 2, 3]
['newVeh101'] arrived @ sumotime 29225.0 seconds
new vehicle102 @ 08:11:39 (sumoTime: 29499 seconds) on link 1 with path_nodes [1, 2, 3, 4] which means path_links [1, 2, 3]
['newVeh102'] arrived @ sumotime 29553.0 seconds
new vehicle103 @ 08:13:34 (sumoTime: 29614 seconds) on link 1 with path_nodes [1, 2, 3, 4] which means path_links [1, 2, 3]
['newVeh103'] arrived @ sumotime 29670.0 seconds
new vehicle104 @ 08:15:05 (sumoTime: 29705 seconds) on link 1 with path_nodes [1, 2, 3, 4] which means path_links [1, 2, 3]
new vehicle105 @ 08:15:17 (sumoTime: 29717 seconds) on link 1 with path_nodes [1, 2, 3, 4] which means path_links [1, 2, 3]
['newVeh104'] arrived @ sumotime 29755.0 seconds
new vehicle106 @ 08:16:03 (sumoTime: 29763 seconds) on link 1 with path_nodes [1, 2, 3, 4] which means path_links [1, 2, 3]
['newVeh105'] arrived @ sumotime 29765.0 seconds
['newVeh106'] arrived @ sumotime 29815.0 seconds
new vehicle107 @ 08:17:04 (sumoTime: 29824 seconds) on link 1 with path_nodes [1, 2, 3, 4] which means path_links [1, 2, 3]
new vehicle108 @ 08:17:33 (sumoTime: 29853 seconds) on link 1 with path_nodes [1, 2, 3, 4] which means path_links [1, 2, 3]
['newVeh107'] arrived @ sumotime 29878.0 seconds
['newVeh108'] arrived @ sumotime 29905.0 seconds
new vehicle109 @ 08:22:10 (sumoTime: 30130 seconds) on link 1 with path_nodes [1, 2, 3, 4] which means path_links [1, 2, 3]
['newVeh109'] arrived @ sumotime 30183.0 seconds
new vehicle110 @ 08:24:08 (sumoTime: 30248 seconds) on link 1 with path_nodes [1, 2, 3, 4] which means path_links [1, 2, 3]
['newVeh110'] arrived @ sumotime 30300.0 seconds
new vehicle111 @ 08:26:04 (sumoTime: 30364 seconds) on link 1 with path_nodes [1, 2, 3, 4] which means path_links [1, 2, 3]
new vehicle112 @ 08:26:17 (sumoTime: 30377 seconds) on link 1 with path_nodes [1, 2, 3, 4] which means path_links [1, 2, 3]
new vehicle113 @ 08:26:46 (sumoTime: 30406 seconds) on link 1 with path_nodes [1, 2, 3, 4] which means path_links [1, 2, 3]
['newVeh111'] arrived @ sumotime 30416.0 seconds
['newVeh112'] arrived @ sumotime 30434.0 seconds
['newVeh113'] arrived @ sumotime 30456.0 seconds
new vehicle114 @ 08:29:58 (sumoTime: 30598 seconds) on link 1 with path_nodes [1, 2, 3, 4] which means path_links [1, 2, 3]
['newVeh114'] arrived @ sumotime 30654.0 seconds
new vehicle115 @ 08:33:22 (sumoTime: 30802 seconds) on link 1 with path_nodes [1, 2, 3, 4] which means path_links [1, 2, 3]
['newVeh115'] arrived @ sumotime 30858.0 seconds
['newVeh115'] arrived @ sumotime 30859.0 seconds
new vehicle116 @ 08:36:12 (sumoTime: 30972 seconds) on link 1 with path_nodes [1, 2, 3, 4] which means path_links [1, 2, 3]
['newVeh116'] arrived @ sumotime 31026.0 seconds
new vehicle117 @ 08:37:25 (sumoTime: 31045 seconds) on link 1 with path_nodes [1, 2, 3, 4] which means path_links [1, 2, 3]
['newVeh117'] arrived @ sumotime 31096.0 seconds
['newVeh117'] arrived @ sumotime 31097.0 seconds
new vehicle118 @ 08:41:47 (sumoTime: 31307 seconds) on link 1 with path_nodes [1, 2, 3, 4] which means path_links [1, 2, 3]
['newVeh118'] arrived @ sumotime 31366.0 seconds
new vehicle119 @ 08:42:52 (sumoTime: 31372 seconds) on link 1 with path_nodes [1, 2, 3, 4] which means path_links [1, 2, 3]
['newVeh119'] arrived @ sumotime 31424.0 seconds
['newVeh119'] arrived @ sumotime 31425.0 seconds
new vehicle120 @ 08:49:30 (sumoTime: 31770 seconds) on link 1 with path_nodes [1, 2, 3, 4] which means path_links [1, 2, 3]
['newVeh120'] arrived @ sumotime 31819.0 seconds
new vehicle121 @ 08:51:18 (sumoTime: 31878 seconds) on link 1 with path_nodes [1, 2, 3, 4] which means path_links [1, 2, 3]
['newVeh121'] arrived @ sumotime 31933.0 seconds
new vehicle122 @ 08:52:29 (sumoTime: 31949 seconds) on link 1 with path_nodes [1, 2, 3, 4] which means path_links [1, 2, 3]
new vehicle123 @ 08:52:38 (sumoTime: 31958 seconds) on link 1 with path_nodes [1, 2, 3, 4] which means path_links [1, 2, 3]
['newVeh122'] arrived @ sumotime 32001.0 seconds
['newVeh123'] arrived @ sumotime 32020.0 seconds
new vehicle124 @ 08:55:41 (sumoTime: 32141 seconds) on link 1 with path_nodes [1, 2, 3, 4] which means path_links [1, 2, 3]
['newVeh124'] arrived @ sumotime 32187.0 seconds
new vehicle125 @ 08:58:52 (sumoTime: 32332 seconds) on link 1 with path_nodes [1, 2, 3, 4] which means path_links [1, 2, 3]
new vehicle126 @ 08:59:00 (sumoTime: 32340 seconds) on link 1 with path_nodes [1, 2, 3, 4] which means path_links [1, 2, 3]
['newVeh125'] arrived @ sumotime 32386.0 seconds
new vehicle127 @ 08:59:47 (sumoTime: 32387 seconds) on link 1 with path_nodes [1, 2, 3, 4] which means path_links [1, 2, 3]
['newVeh126'] arrived @ sumotime 32392.0 seconds
09:00:00
[INFO: transfer Visum-Sumo]: [(1.0, 100.0, 24.99513888888889, 2.0, 1.0), (-3.0, 100.0, 0.0, 3.0, 4.0), (5.0, 100.0, 0.0, 5.0, 4.0)] 
 [(3, 30)]
Umlegung ausgeführt
curVolumes: (90000, [(3, 30, 0)])
['newVeh127'] arrived @ sumotime 32447.0 seconds
['newVeh127'] arrived @ sumotime 32448.0 seconds
new vehicle128 @ 09:01:34 (sumoTime: 32494 seconds) on link 1 with path_nodes [1, 2, 3, 4] which means path_links [1, 2, 3]
['newVeh128'] arrived @ sumotime 32549.0 seconds
new vehicle129 @ 09:02:39 (sumoTime: 32559 seconds) on link 1 with path_nodes [1, 2, 3, 4] which means path_links [1, 2, 3]
['newVeh129'] arrived @ sumotime 32609.0 seconds
new vehicle130 @ 09:05:29 (sumoTime: 32729 seconds) on link 1 with path_nodes [1, 2, 3, 4] which means path_links [1, 2, 3]
new vehicle131 @ 09:05:54 (sumoTime: 32754 seconds) on link 1 with path_nodes [1, 2, 3, 4] which means path_links [1, 2, 3]
new vehicle132 @ 09:06:12 (sumoTime: 32772 seconds) on link 1 with path_nodes [1, 2, 3, 4] which means path_links [1, 2, 3]
new vehicle133 @ 09:06:18 (sumoTime: 32778 seconds) on link 1 with path_nodes [1, 2, 3, 4] which means path_links [1, 2, 3]
['newVeh130'] arrived @ sumotime 32778.0 seconds
new vehicle134 @ 09:06:19 (sumoTime: 32779 seconds) on link 1 with path_nodes [1, 2, 3, 4] which means path_links [1, 2, 3]
new vehicle135 @ 09:06:42 (sumoTime: 32802 seconds) on link 1 with path_nodes [1, 2, 3, 4] which means path_links [1, 2, 3]
['newVeh131'] arrived @ sumotime 32806.0 seconds
['newVeh132'] arrived @ sumotime 32829.0 seconds
['newVeh133'] arrived @ sumotime 32832.0 seconds
['newVeh134'] arrived @ sumotime 32834.0 seconds
['newVeh135'] arrived @ sumotime 32864.0 seconds
new vehicle136 @ 09:07:49 (sumoTime: 32869 seconds) on link 1 with path_nodes [1, 2, 3, 4] which means path_links [1, 2, 3]
['newVeh136'] arrived @ sumotime 32924.0 seconds
new vehicle137 @ 09:10:01 (sumoTime: 33001 seconds) on link 1 with path_nodes [1, 2, 3, 4] which means path_links [1, 2, 3]
new vehicle138 @ 09:10:20 (sumoTime: 33020 seconds) on link 1 with path_nodes [1, 2, 3, 4] which means path_links [1, 2, 3]
new vehicle139 @ 09:10:35 (sumoTime: 33035 seconds) on link 1 with path_nodes [1, 2, 3, 4] which means path_links [1, 2, 3]
['newVeh137'] arrived @ sumotime 33056.0 seconds
['newVeh137'] arrived @ sumotime 33057.0 seconds
['newVeh138'] arrived @ sumotime 33074.0 seconds
['newVeh139'] arrived @ sumotime 33084.0 seconds
new vehicle140 @ 09:13:41 (sumoTime: 33221 seconds) on link 1 with path_nodes [1, 2, 3, 4] which means path_links [1, 2, 3]
new vehicle141 @ 09:14:26 (sumoTime: 33266 seconds) on link 1 with path_nodes [1, 2, 3, 4] which means path_links [1, 2, 3]
['newVeh140'] arrived @ sumotime 33272.0 seconds
['newVeh141'] arrived @ sumotime 33319.0 seconds
new vehicle142 @ 09:19:49 (sumoTime: 33589 seconds) on link 1 with path_nodes [1, 2, 3, 4] which means path_links [1, 2, 3]
['newVeh142'] arrived @ sumotime 33640.0 seconds
new vehicle143 @ 09:22:58 (sumoTime: 33778 seconds) on link 1 with path_nodes [1, 2, 3, 4] which means path_links [1, 2, 3]
['newVeh143'] arrived @ sumotime 33825.0 seconds
new vehicle144 @ 09:24:30 (sumoTime: 33870 seconds) on link 1 with path_nodes [1, 2, 3, 4] which means path_links [1, 2, 3]
['newVeh144'] arrived @ sumotime 33921.0 seconds
new vehicle145 @ 09:27:47 (sumoTime: 34067 seconds) on link 1 with path_nodes [1, 2, 3, 4] which means path_links [1, 2, 3]
['newVeh145'] arrived @ sumotime 34116.0 seconds
new vehicle146 @ 09:30:16 (sumoTime: 34216 seconds) on link 1 with path_nodes [1, 2, 3, 4] which means path_links [1, 2, 3]
['newVeh146'] arrived @ sumotime 34266.0 seconds
new vehicle147 @ 09:32:07 (sumoTime: 34327 seconds) on link 1 with path_nodes [1, 2, 3, 4] which means path_links [1, 2, 3]
new vehicle148 @ 09:32:15 (sumoTime: 34335 seconds) on link 1 with path_nodes [1, 2, 3, 4] which means path_links [1, 2, 3]
['newVeh147'] arrived @ sumotime 34382.0 seconds
['newVeh148'] arrived @ sumotime 34390.0 seconds
new vehicle149 @ 09:34:10 (sumoTime: 34450 seconds) on link 1 with path_nodes [1, 2, 3, 4] which means path_links [1, 2, 3]
['newVeh149'] arrived @ sumotime 34502.0 seconds
new vehicle150 @ 09:36:18 (sumoTime: 34578 seconds) on link 1 with path_nodes [1, 2, 3, 4] which means path_links [1, 2, 3]
['newVeh150'] arrived @ sumotime 34627.0 seconds
new vehicle151 @ 09:38:59 (sumoTime: 34739 seconds) on link 1 with path_nodes [1, 2, 3, 4] which means path_links [1, 2, 3]
['newVeh151'] arrived @ sumotime 34792.0 seconds
new vehicle152 @ 09:46:33 (sumoTime: 35193 seconds) on link 1 with path_nodes [1, 2, 3, 4] which means path_links [1, 2, 3]
new vehicle153 @ 09:46:51 (sumoTime: 35211 seconds) on link 1 with path_nodes [1, 2, 3, 4] which means path_links [1, 2, 3]
new vehicle154 @ 09:46:56 (sumoTime: 35216 seconds) on link 1 with path_nodes [1, 2, 3, 4] which means path_links [1, 2, 3]
['newVeh152'] arrived @ sumotime 35243.0 seconds
new vehicle155 @ 09:47:34 (sumoTime: 35254 seconds) on link 1 with path_nodes [1, 2, 3, 4] which means path_links [1, 2, 3]
['newVeh153'] arrived @ sumotime 35264.0 seconds
['newVeh154'] arrived @ sumotime 35268.0 seconds
['newVeh155'] arrived @ sumotime 35302.0 seconds
['newVeh155'] arrived @ sumotime 35303.0 seconds
new vehicle156 @ 09:53:29 (sumoTime: 35609 seconds) on link 1 with path_nodes [1, 2, 3, 4] which means path_links [1, 2, 3]
['newVeh156'] arrived @ sumotime 35663.0 seconds
['newVeh156'] arrived @ sumotime 35664.0 seconds
new vehicle157 @ 09:54:55 (sumoTime: 35695 seconds) on link 1 with path_nodes [1, 2, 3, 4] which means path_links [1, 2, 3]
['newVeh157'] arrived @ sumotime 35742.0 seconds
10:00:00
[INFO: transfer Visum-Sumo]: [(1.0, 100.0, 27.49513888888889, 2.0, 1.0), (-3.0, 100.0, 0.0, 3.0, 4.0), (5.0, 100.0, 0.0, 5.0, 4.0)] 
 [(3, 35)]
Umlegung ausgeführt
curVolumes: (100000, [(3, 35, 0)])
new vehicle158 @ 10:00:27 (sumoTime: 36027 seconds) on link 1 with path_nodes [1, 2, 3, 4] which means path_links [1, 2, 3]
['newVeh158'] arrived @ sumotime 36075.0 seconds
new vehicle159 @ 10:01:36 (sumoTime: 36096 seconds) on link 1 with path_nodes [1, 2, 3, 4] which means path_links [1, 2, 3]
['newVeh159'] arrived @ sumotime 36149.0 seconds
new vehicle160 @ 10:05:22 (sumoTime: 36322 seconds) on link 1 with path_nodes [1, 2, 3, 4] which means path_links [1, 2, 3]
new vehicle161 @ 10:05:27 (sumoTime: 36327 seconds) on link 1 with path_nodes [1, 2, 3, 4] which means path_links [1, 2, 3]
new vehicle162 @ 10:05:34 (sumoTime: 36334 seconds) on link 1 with path_nodes [1, 2, 3, 4] which means path_links [1, 2, 3]
['newVeh160'] arrived @ sumotime 36380.0 seconds
['newVeh161'] arrived @ sumotime 36382.0 seconds
['newVeh162'] arrived @ sumotime 36384.0 seconds
new vehicle163 @ 10:09:30 (sumoTime: 36570 seconds) on link 1 with path_nodes [1, 2, 3, 4] which means path_links [1, 2, 3]
new vehicle164 @ 10:10:03 (sumoTime: 36603 seconds) on link 1 with path_nodes [1, 2, 3, 4] which means path_links [1, 2, 3]
['newVeh163'] arrived @ sumotime 36620.0 seconds
['newVeh164'] arrived @ sumotime 36654.0 seconds
new vehicle165 @ 10:11:47 (sumoTime: 36707 seconds) on link 1 with path_nodes [1, 2, 3, 4] which means path_links [1, 2, 3]
['newVeh165'] arrived @ sumotime 36757.0 seconds
new vehicle166 @ 10:13:43 (sumoTime: 36823 seconds) on link 1 with path_nodes [1, 2, 3, 4] which means path_links [1, 2, 3]
new vehicle167 @ 10:14:07 (sumoTime: 36847 seconds) on link 1 with path_nodes [1, 2, 3, 4] which means path_links [1, 2, 3]
['newVeh166'] arrived @ sumotime 36872.0 seconds
['newVeh167'] arrived @ sumotime 36902.0 seconds
new vehicle168 @ 10:19:56 (sumoTime: 37196 seconds) on link 1 with path_nodes [1, 2, 3, 4] which means path_links [1, 2, 3]
['newVeh168'] arrived @ sumotime 37254.0 seconds
new vehicle169 @ 10:21:54 (sumoTime: 37314 seconds) on link 1 with path_nodes [1, 2, 3, 4] which means path_links [1, 2, 3]
['newVeh169'] arrived @ sumotime 37368.0 seconds
new vehicle170 @ 10:23:56 (sumoTime: 37436 seconds) on link 1 with path_nodes [1, 2, 3, 4] which means path_links [1, 2, 3]
['newVeh170'] arrived @ sumotime 37493.0 seconds
new vehicle171 @ 10:26:18 (sumoTime: 37578 seconds) on link 1 with path_nodes [1, 2, 3, 4] which means path_links [1, 2, 3]
['newVeh171'] arrived @ sumotime 37642.0 seconds
new vehicle172 @ 10:27:50 (sumoTime: 37670 seconds) on link 1 with path_nodes [1, 2, 3, 4] which means path_links [1, 2, 3]
['newVeh172'] arrived @ sumotime 37719.0 seconds
new vehicle173 @ 10:28:48 (sumoTime: 37728 seconds) on link 1 with path_nodes [1, 2, 3, 4] which means path_links [1, 2, 3]
['newVeh173'] arrived @ sumotime 37778.0 seconds
new vehicle174 @ 10:31:23 (sumoTime: 37883 seconds) on link 1 with path_nodes [1, 2, 3, 4] which means path_links [1, 2, 3]
new vehicle175 @ 10:31:47 (sumoTime: 37907 seconds) on link 1 with path_nodes [1, 2, 3, 4] which means path_links [1, 2, 3]
['newVeh174'] arrived @ sumotime 37936.0 seconds
['newVeh175'] arrived @ sumotime 37956.0 seconds
new vehicle176 @ 10:39:01 (sumoTime: 38341 seconds) on link 1 with path_nodes [1, 2, 3, 4] which means path_links [1, 2, 3]
['newVeh176'] arrived @ sumotime 38392.0 seconds
new vehicle177 @ 10:40:10 (sumoTime: 38410 seconds) on link 1 with path_nodes [1, 2, 3, 4] which means path_links [1, 2, 3]
['newVeh177'] arrived @ sumotime 38464.0 seconds
new vehicle178 @ 10:44:32 (sumoTime: 38672 seconds) on link 1 with path_nodes [1, 2, 3, 4] which means path_links [1, 2, 3]
['newVeh178'] arrived @ sumotime 38722.0 seconds
new vehicle179 @ 10:49:50 (sumoTime: 38990 seconds) on link 1 with path_nodes [1, 2, 3, 4] which means path_links [1, 2, 3]
['newVeh179'] arrived @ sumotime 39049.0 seconds
new vehicle180 @ 10:54:13 (sumoTime: 39253 seconds) on link 1 with path_nodes [1, 2, 3, 4] which means path_links [1, 2, 3]
['newVeh180'] arrived @ sumotime 39304.0 seconds
new vehicle181 @ 10:55:51 (sumoTime: 39351 seconds) on link 1 with path_nodes [1, 2, 3, 4] which means path_links [1, 2, 3]
['newVeh181'] arrived @ sumotime 39402.0 seconds
11:00:00
[INFO: transfer Visum-Sumo]: [(1.0, 100.0, 29.99513888888889, 2.0, 1.0), (-3.0, 100.0, 0.0, 3.0, 4.0), (5.0, 100.0, 0.0, 5.0, 4.0)] 
 [(3, 24)]
Umlegung ausgeführt
curVolumes: (110000, [(3, 24, 0)])
new vehicle182 @ 11:02:13 (sumoTime: 39733 seconds) on link 1 with path_nodes [1, 2, 3, 4] which means path_links [1, 2, 3]
new vehicle183 @ 11:03:01 (sumoTime: 39781 seconds) on link 1 with path_nodes [1, 2, 3, 4] which means path_links [1, 2, 3]
['newVeh182'] arrived @ sumotime 39787.0 seconds
['newVeh183'] arrived @ sumotime 39831.0 seconds
new vehicle184 @ 11:06:48 (sumoTime: 40008 seconds) on link 1 with path_nodes [1, 2, 3, 4] which means path_links [1, 2, 3]
['newVeh184'] arrived @ sumotime 40068.0 seconds
new vehicle185 @ 11:11:05 (sumoTime: 40265 seconds) on link 1 with path_nodes [1, 2, 3, 4] which means path_links [1, 2, 3]
['newVeh185'] arrived @ sumotime 40317.0 seconds
new vehicle186 @ 11:13:38 (sumoTime: 40418 seconds) on link 1 with path_nodes [1, 2, 3, 4] which means path_links [1, 2, 3]
['newVeh186'] arrived @ sumotime 40474.0 seconds
new vehicle187 @ 11:17:42 (sumoTime: 40662 seconds) on link 1 with path_nodes [1, 2, 3, 4] which means path_links [1, 2, 3]
new vehicle188 @ 11:18:10 (sumoTime: 40690 seconds) on link 1 with path_nodes [1, 2, 3, 4] which means path_links [1, 2, 3]
['newVeh187'] arrived @ sumotime 40715.0 seconds
['newVeh188'] arrived @ sumotime 40739.0 seconds
new vehicle189 @ 11:20:18 (sumoTime: 40818 seconds) on link 1 with path_nodes [1, 2, 3, 4] which means path_links [1, 2, 3]
['newVeh189'] arrived @ sumotime 40877.0 seconds
new vehicle190 @ 11:21:30 (sumoTime: 40890 seconds) on link 1 with path_nodes [1, 2, 3, 4] which means path_links [1, 2, 3]
['newVeh190'] arrived @ sumotime 40946.0 seconds
new vehicle191 @ 11:22:44 (sumoTime: 40964 seconds) on link 1 with path_nodes [1, 2, 3, 4] which means path_links [1, 2, 3]
new vehicle192 @ 11:22:47 (sumoTime: 40967 seconds) on link 1 with path_nodes [1, 2, 3, 4] which means path_links [1, 2, 3]
['newVeh191'] arrived @ sumotime 41013.0 seconds
['newVeh192'] arrived @ sumotime 41020.0 seconds
new vehicle193 @ 11:25:56 (sumoTime: 41156 seconds) on link 1 with path_nodes [1, 2, 3, 4] which means path_links [1, 2, 3]
new vehicle194 @ 11:26:17 (sumoTime: 41177 seconds) on link 1 with path_nodes [1, 2, 3, 4] which means path_links [1, 2, 3]
['newVeh193'] arrived @ sumotime 41206.0 seconds
['newVeh194'] arrived @ sumotime 41229.0 seconds
new vehicle195 @ 11:27:48 (sumoTime: 41268 seconds) on link 1 with path_nodes [1, 2, 3, 4] which means path_links [1, 2, 3]
['newVeh195'] arrived @ sumotime 41320.0 seconds
new vehicle196 @ 11:29:03 (sumoTime: 41343 seconds) on link 1 with path_nodes [1, 2, 3, 4] which means path_links [1, 2, 3]
['newVeh196'] arrived @ sumotime 41397.0 seconds
new vehicle197 @ 11:30:23 (sumoTime: 41423 seconds) on link 1 with path_nodes [1, 2, 3, 4] which means path_links [1, 2, 3]
['newVeh197'] arrived @ sumotime 41474.0 seconds
['newVeh197'] arrived @ sumotime 41475.0 seconds
new vehicle198 @ 11:32:30 (sumoTime: 41550 seconds) on link 1 with path_nodes [1, 2, 3, 4] which means path_links [1, 2, 3]
new vehicle199 @ 11:32:40 (sumoTime: 41560 seconds) on link 1 with path_nodes [1, 2, 3, 4] which means path_links [1, 2, 3]
['newVeh198'] arrived @ sumotime 41600.0 seconds
['newVeh199'] arrived @ sumotime 41610.0 seconds
new vehicle200 @ 11:34:08 (sumoTime: 41648 seconds) on link 1 with path_nodes [1, 2, 3, 4] which means path_links [1, 2, 3]
new vehicle201 @ 11:34:34 (sumoTime: 41674 seconds) on link 1 with path_nodes [1, 2, 3, 4] which means path_links [1, 2, 3]
['newVeh200'] arrived @ sumotime 41698.0 seconds
['newVeh201'] arrived @ sumotime 41724.0 seconds
new vehicle202 @ 11:36:44 (sumoTime: 41804 seconds) on link 1 with path_nodes [1, 2, 3, 4] which means path_links [1, 2, 3]
['newVeh202'] arrived @ sumotime 41863.0 seconds
['newVeh202'] arrived @ sumotime 41864.0 seconds
new vehicle203 @ 11:40:34 (sumoTime: 42034 seconds) on link 1 with path_nodes [1, 2, 3, 4] which means path_links [1, 2, 3]
new vehicle204 @ 11:40:59 (sumoTime: 42059 seconds) on link 1 with path_nodes [1, 2, 3, 4] which means path_links [1, 2, 3]
['newVeh203'] arrived @ sumotime 42089.0 seconds
new vehicle205 @ 11:41:31 (sumoTime: 42091 seconds) on link 1 with path_nodes [1, 2, 3, 4] which means path_links [1, 2, 3]
new vehicle206 @ 11:41:46 (sumoTime: 42106 seconds) on link 1 with path_nodes [1, 2, 3, 4] which means path_links [1, 2, 3]
['newVeh204'] arrived @ sumotime 42107.0 seconds
['newVeh205'] arrived @ sumotime 42142.0 seconds
['newVeh206'] arrived @ sumotime 42157.0 seconds
new vehicle207 @ 11:43:55 (sumoTime: 42235 seconds) on link 1 with path_nodes [1, 2, 3, 4] which means path_links [1, 2, 3]
['newVeh207'] arrived @ sumotime 42287.0 seconds
new vehicle208 @ 11:45:09 (sumoTime: 42309 seconds) on link 1 with path_nodes [1, 2, 3, 4] which means path_links [1, 2, 3]
new vehicle209 @ 11:45:31 (sumoTime: 42331 seconds) on link 1 with path_nodes [1, 2, 3, 4] which means path_links [1, 2, 3]
['newVeh208'] arrived @ sumotime 42361.0 seconds
['newVeh209'] arrived @ sumotime 42382.0 seconds
new vehicle210 @ 11:49:55 (sumoTime: 42595 seconds) on link 1 with path_nodes [1, 2, 3, 4] which means path_links [1, 2, 3]
['newVeh210'] arrived @ sumotime 42646.0 seconds
new vehicle211 @ 11:54:05 (sumoTime: 42845 seconds) on link 1 with path_nodes [1, 2, 3, 4] which means path_links [1, 2, 3]
['newVeh211'] arrived @ sumotime 42895.0 seconds
new vehicle212 @ 11:55:11 (sumoTime: 42911 seconds) on link 1 with path_nodes [1, 2, 3, 4] which means path_links [1, 2, 3]
['newVeh212'] arrived @ sumotime 42964.0 seconds
new vehicle213 @ 11:58:05 (sumoTime: 43085 seconds) on link 1 with path_nodes [1, 2, 3, 4] which means path_links [1, 2, 3]
['newVeh213'] arrived @ sumotime 43144.0 seconds
new vehicle214 @ 11:59:15 (sumoTime: 43155 seconds) on link 1 with path_nodes [1, 2, 3, 4] which means path_links [1, 2, 3]
12:00:00
[INFO: transfer Visum-Sumo]: [(1.0, 100.0, 32.49513888888889, 2.0, 1.0), (-3.0, 100.0, 0.0, 3.0, 4.0), (5.0, 100.0, 0.0, 5.0, 4.0)] 
 [(3, 34)]
Umlegung ausgeführt
curVolumes: (120000, [(3, 34, 0)])
['newVeh214'] arrived @ sumotime 43211.0 seconds
new vehicle215 @ 12:00:30 (sumoTime: 43230 seconds) on link 1 with path_nodes [1, 2, 3, 4] which means path_links [1, 2, 3]
['newVeh215'] arrived @ sumotime 43256.0 seconds
new vehicle216 @ 12:03:56 (sumoTime: 43436 seconds) on link 1 with path_nodes [1, 2, 3, 4] which means path_links [1, 2, 3]
new vehicle217 @ 12:04:06 (sumoTime: 43446 seconds) on link 1 with path_nodes [1, 2, 3, 4] which means path_links [1, 2, 3]
['newVeh216'] arrived @ sumotime 43463.0 seconds
['newVeh217'] arrived @ sumotime 43473.0 seconds
new vehicle218 @ 12:07:49 (sumoTime: 43669 seconds) on link 1 with path_nodes [1, 2, 3, 4] which means path_links [1, 2, 3]
new vehicle219 @ 12:08:04 (sumoTime: 43684 seconds) on link 1 with path_nodes [1, 2, 3, 4] which means path_links [1, 2, 3]
['newVeh218'] arrived @ sumotime 43696.0 seconds
['newVeh219'] arrived @ sumotime 43712.0 seconds
new vehicle220 @ 12:11:05 (sumoTime: 43865 seconds) on link 1 with path_nodes [1, 2, 3, 4] which means path_links [1, 2, 3]
['newVeh220'] arrived @ sumotime 43891.0 seconds
new vehicle221 @ 12:13:35 (sumoTime: 44015 seconds) on link 1 with path_nodes [1, 2, 3, 4] which means path_links [1, 2, 3]
['newVeh221'] arrived @ sumotime 44041.0 seconds
['newVeh221'] arrived @ sumotime 44042.0 seconds
new vehicle222 @ 12:14:12 (sumoTime: 44052 seconds) on link 1 with path_nodes [1, 2, 3, 4] which means path_links [1, 2, 3]
['newVeh222'] arrived @ sumotime 44084.0 seconds
new vehicle223 @ 12:16:14 (sumoTime: 44174 seconds) on link 1 with path_nodes [1, 2, 3, 4] which means path_links [1, 2, 3]
['newVeh223'] arrived @ sumotime 44204.0 seconds
new vehicle224 @ 12:18:06 (sumoTime: 44286 seconds) on link 1 with path_nodes [1, 2, 3, 4] which means path_links [1, 2, 3]
['newVeh224'] arrived @ sumotime 44313.0 seconds
new vehicle225 @ 12:18:54 (sumoTime: 44334 seconds) on link 1 with path_nodes [1, 2, 3, 4] which means path_links [1, 2, 3]
new vehicle226 @ 12:18:58 (sumoTime: 44338 seconds) on link 1 with path_nodes [1, 2, 3, 4] which means path_links [1, 2, 3]
['newVeh225'] arrived @ sumotime 44360.0 seconds
['newVeh226'] arrived @ sumotime 44362.0 seconds
['newVeh226'] arrived @ sumotime 44363.0 seconds
new vehicle227 @ 12:22:54 (sumoTime: 44574 seconds) on link 1 with path_nodes [1, 2, 3, 4] which means path_links [1, 2, 3]
new vehicle228 @ 12:23:08 (sumoTime: 44588 seconds) on link 1 with path_nodes [1, 2, 3, 4] which means path_links [1, 2, 3]
['newVeh227'] arrived @ sumotime 44600.0 seconds
new vehicle229 @ 12:23:30 (sumoTime: 44610 seconds) on link 1 with path_nodes [1, 2, 3, 4] which means path_links [1, 2, 3]
['newVeh228'] arrived @ sumotime 44614.0 seconds
new vehicle230 @ 12:23:48 (sumoTime: 44628 seconds) on link 1 with path_nodes [1, 2, 3, 4] which means path_links [1, 2, 3]
['newVeh229'] arrived @ sumotime 44636.0 seconds
['newVeh229'] arrived @ sumotime 44637.0 seconds
['newVeh230'] arrived @ sumotime 44653.0 seconds
new vehicle231 @ 12:26:08 (sumoTime: 44768 seconds) on link 1 with path_nodes [1, 2, 3, 4] which means path_links [1, 2, 3]
['newVeh231'] arrived @ sumotime 44795.0 seconds
new vehicle232 @ 12:26:53 (sumoTime: 44813 seconds) on link 1 with path_nodes [1, 2, 3, 4] which means path_links [1, 2, 3]
new vehicle233 @ 12:27:04 (sumoTime: 44824 seconds) on link 1 with path_nodes [1, 2, 3, 4] which means path_links [1, 2, 3]
['newVeh232'] arrived @ sumotime 44841.0 seconds
new vehicle234 @ 12:27:29 (sumoTime: 44849 seconds) on link 1 with path_nodes [1, 2, 3, 4] which means path_links [1, 2, 3]
['newVeh233'] arrived @ sumotime 44850.0 seconds
['newVeh234'] arrived @ sumotime 44879.0 seconds
new vehicle235 @ 12:29:19 (sumoTime: 44959 seconds) on link 1 with path_nodes [1, 2, 3, 4] which means path_links [1, 2, 3]
new vehicle236 @ 12:29:39 (sumoTime: 44979 seconds) on link 1 with path_nodes [1, 2, 3, 4] which means path_links [1, 2, 3]
['newVeh235'] arrived @ sumotime 44986.0 seconds
['newVeh236'] arrived @ sumotime 45006.0 seconds
new vehicle237 @ 12:32:03 (sumoTime: 45123 seconds) on link 1 with path_nodes [1, 2, 3, 4] which means path_links [1, 2, 3]
['newVeh237'] arrived @ sumotime 45149.0 seconds
new vehicle238 @ 12:33:24 (sumoTime: 45204 seconds) on link 1 with path_nodes [1, 2, 3, 4] which means path_links [1, 2, 3]
['newVeh238'] arrived @ sumotime 45230.0 seconds
new vehicle239 @ 12:33:56 (sumoTime: 45236 seconds) on link 1 with path_nodes [1, 2, 3, 4] which means path_links [1, 2, 3]
new vehicle240 @ 12:34:03 (sumoTime: 45243 seconds) on link 1 with path_nodes [1, 2, 3, 4] which means path_links [1, 2, 3]
new vehicle241 @ 12:34:17 (sumoTime: 45257 seconds) on link 1 with path_nodes [1, 2, 3, 4] which means path_links [1, 2, 3]
new vehicle242 @ 12:34:20 (sumoTime: 45260 seconds) on link 1 with path_nodes [1, 2, 3, 4] which means path_links [1, 2, 3]
['newVeh239'] arrived @ sumotime 45263.0 seconds
['newVeh240'] arrived @ sumotime 45272.0 seconds
['newVeh241'] arrived @ sumotime 45286.0 seconds
['newVeh242'] arrived @ sumotime 45288.0 seconds
new vehicle243 @ 12:36:01 (sumoTime: 45361 seconds) on link 1 with path_nodes [1, 2, 3, 4] which means path_links [1, 2, 3]
['newVeh243'] arrived @ sumotime 45387.0 seconds
new vehicle244 @ 12:36:41 (sumoTime: 45401 seconds) on link 1 with path_nodes [1, 2, 3, 4] which means path_links [1, 2, 3]
['newVeh244'] arrived @ sumotime 45429.0 seconds
new vehicle245 @ 12:44:21 (sumoTime: 45861 seconds) on link 1 with path_nodes [1, 2, 3, 4] which means path_links [1, 2, 3]
['newVeh245'] arrived @ sumotime 45890.0 seconds
new vehicle246 @ 12:46:28 (sumoTime: 45988 seconds) on link 1 with path_nodes [1, 2, 3, 4] which means path_links [1, 2, 3]
['newVeh246'] arrived @ sumotime 46014.0 seconds
new vehicle247 @ 12:50:19 (sumoTime: 46219 seconds) on link 1 with path_nodes [1, 2, 3, 4] which means path_links [1, 2, 3]
['newVeh247'] arrived @ sumotime 46245.0 seconds
new vehicle248 @ 12:51:35 (sumoTime: 46295 seconds) on link 1 with path_nodes [1, 2, 3, 4] which means path_links [1, 2, 3]
['newVeh248'] arrived @ sumotime 46320.0 seconds
['newVeh248'] arrived @ sumotime 46321.0 seconds
new vehicle249 @ 12:55:28 (sumoTime: 46528 seconds) on link 1 with path_nodes [1, 2, 3, 4] which means path_links [1, 2, 3]
new vehicle250 @ 12:55:50 (sumoTime: 46550 seconds) on link 1 with path_nodes [1, 2, 3, 4] which means path_links [1, 2, 3]
['newVeh249'] arrived @ sumotime 46554.0 seconds
['newVeh249'] arrived @ sumotime 46555.0 seconds
['newVeh250'] arrived @ sumotime 46577.0 seconds
new vehicle251 @ 12:57:08 (sumoTime: 46628 seconds) on link 1 with path_nodes [1, 2, 3, 4] which means path_links [1, 2, 3]
new vehicle252 @ 12:57:22 (sumoTime: 46642 seconds) on link 1 with path_nodes [1, 2, 3, 4] which means path_links [1, 2, 3]
['newVeh251'] arrived @ sumotime 46659.0 seconds
['newVeh252'] arrived @ sumotime 46670.0 seconds
new vehicle253 @ 12:58:25 (sumoTime: 46705 seconds) on link 1 with path_nodes [1, 2, 3, 4] which means path_links [1, 2, 3]
['newVeh253'] arrived @ sumotime 46732.0 seconds
new vehicle254 @ 12:59:04 (sumoTime: 46744 seconds) on link 1 with path_nodes [1, 2, 3, 4] which means path_links [1, 2, 3]
new vehicle255 @ 12:59:09 (sumoTime: 46749 seconds) on link 1 with path_nodes [1, 2, 3, 4] which means path_links [1, 2, 3]
['newVeh254'] arrived @ sumotime 46771.0 seconds
['newVeh255'] arrived @ sumotime 46777.0 seconds
13:00:00
[INFO: transfer Visum-Sumo]: [(1.0, 100.0, 34.99513888888889, 2.0, 1.0), (-3.0, 100.0, 0.0, 3.0, 4.0), (5.0, 100.0, 0.0, 5.0, 4.0)] 
 [(3, 47)]
Umlegung ausgeführt
curVolumes: (130000, [(3, 47, 0)])
new vehicle256 @ 13:00:01 (sumoTime: 46801 seconds) on link 1 with path_nodes [1, 2, 3, 4] which means path_links [1, 2, 3]
new vehicle257 @ 13:00:21 (sumoTime: 46821 seconds) on link 1 with path_nodes [1, 2, 3, 4] which means path_links [1, 2, 3]
['newVeh256'] arrived @ sumotime 46828.0 seconds
['newVeh257'] arrived @ sumotime 46849.0 seconds
new vehicle258 @ 13:04:25 (sumoTime: 47065 seconds) on link 1 with path_nodes [1, 2, 3, 4] which means path_links [1, 2, 3]
['newVeh258'] arrived @ sumotime 47092.0 seconds
new vehicle259 @ 13:04:54 (sumoTime: 47094 seconds) on link 1 with path_nodes [1, 2, 3, 4] which means path_links [1, 2, 3]
['newVeh259'] arrived @ sumotime 47121.0 seconds
['newVeh259'] arrived @ sumotime 47122.0 seconds
new vehicle260 @ 13:06:07 (sumoTime: 47167 seconds) on link 1 with path_nodes [1, 2, 3, 4] which means path_links [1, 2, 3]
new vehicle261 @ 13:06:21 (sumoTime: 47181 seconds) on link 1 with path_nodes [1, 2, 3, 4] which means path_links [1, 2, 3]
['newVeh260'] arrived @ sumotime 47197.0 seconds
new vehicle262 @ 13:06:40 (sumoTime: 47200 seconds) on link 1 with path_nodes [1, 2, 3, 4] which means path_links [1, 2, 3]
['newVeh261'] arrived @ sumotime 47209.0 seconds
['newVeh262'] arrived @ sumotime 47227.0 seconds
new vehicle263 @ 13:08:04 (sumoTime: 47284 seconds) on link 1 with path_nodes [1, 2, 3, 4] which means path_links [1, 2, 3]
['newVeh263'] arrived @ sumotime 47311.0 seconds
new vehicle264 @ 13:08:42 (sumoTime: 47322 seconds) on link 1 with path_nodes [1, 2, 3, 4] which means path_links [1, 2, 3]
['newVeh264'] arrived @ sumotime 47350.0 seconds
['newVeh264'] arrived @ sumotime 47351.0 seconds
new vehicle265 @ 13:13:15 (sumoTime: 47595 seconds) on link 1 with path_nodes [1, 2, 3, 4] which means path_links [1, 2, 3]
['newVeh265'] arrived @ sumotime 47622.0 seconds
new vehicle266 @ 13:13:47 (sumoTime: 47627 seconds) on link 1 with path_nodes [1, 2, 3, 4] which means path_links [1, 2, 3]
['newVeh266'] arrived @ sumotime 47650.0 seconds
new vehicle267 @ 13:14:15 (sumoTime: 47655 seconds) on link 1 with path_nodes [1, 2, 3, 4] which means path_links [1, 2, 3]
['newVeh267'] arrived @ sumotime 47680.0 seconds
new vehicle268 @ 13:18:11 (sumoTime: 47891 seconds) on link 1 with path_nodes [1, 2, 3, 4] which means path_links [1, 2, 3]
['newVeh268'] arrived @ sumotime 47916.0 seconds
new vehicle269 @ 13:18:39 (sumoTime: 47919 seconds) on link 1 with path_nodes [1, 2, 3, 4] which means path_links [1, 2, 3]
new vehicle270 @ 13:18:44 (sumoTime: 47924 seconds) on link 1 with path_nodes [1, 2, 3, 4] which means path_links [1, 2, 3]
new vehicle271 @ 13:18:56 (sumoTime: 47936 seconds) on link 1 with path_nodes [1, 2, 3, 4] which means path_links [1, 2, 3]
['newVeh269'] arrived @ sumotime 47948.0 seconds
['newVeh270'] arrived @ sumotime 47951.0 seconds
['newVeh271'] arrived @ sumotime 47961.0 seconds
new vehicle272 @ 13:34:45 (sumoTime: 48885 seconds) on link 1 with path_nodes [1, 2, 3, 4] which means path_links [1, 2, 3]
new vehicle273 @ 13:35:11 (sumoTime: 48911 seconds) on link 1 with path_nodes [1, 2, 3, 4] which means path_links [1, 2, 3]
['newVeh272'] arrived @ sumotime 48911.0 seconds
['newVeh273'] arrived @ sumotime 48942.0 seconds
new vehicle274 @ 13:37:05 (sumoTime: 49025 seconds) on link 1 with path_nodes [1, 2, 3, 4] which means path_links [1, 2, 3]
new vehicle275 @ 13:37:27 (sumoTime: 49047 seconds) on link 1 with path_nodes [1, 2, 3, 4] which means path_links [1, 2, 3]
['newVeh274'] arrived @ sumotime 49052.0 seconds
['newVeh275'] arrived @ sumotime 49075.0 seconds
new vehicle276 @ 13:38:30 (sumoTime: 49110 seconds) on link 1 with path_nodes [1, 2, 3, 4] which means path_links [1, 2, 3]
['newVeh276'] arrived @ sumotime 49137.0 seconds
new vehicle277 @ 13:48:59 (sumoTime: 49739 seconds) on link 1 with path_nodes [1, 2, 3, 4] which means path_links [1, 2, 3]
['newVeh277'] arrived @ sumotime 49765.0 seconds
new vehicle278 @ 13:50:58 (sumoTime: 49858 seconds) on link 1 with path_nodes [1, 2, 3, 4] which means path_links [1, 2, 3]
['newVeh278'] arrived @ sumotime 49885.0 seconds
['newVeh278'] arrived @ sumotime 49886.0 seconds
new vehicle279 @ 13:53:20 (sumoTime: 50000 seconds) on link 1 with path_nodes [1, 2, 3, 4] which means path_links [1, 2, 3]
new vehicle280 @ 13:53:29 (sumoTime: 50009 seconds) on link 1 with path_nodes [1, 2, 3, 4] which means path_links [1, 2, 3]
['newVeh279'] arrived @ sumotime 50027.0 seconds
['newVeh280'] arrived @ sumotime 50037.0 seconds
new vehicle281 @ 13:55:36 (sumoTime: 50136 seconds) on link 1 with path_nodes [1, 2, 3, 4] which means path_links [1, 2, 3]
new vehicle282 @ 13:55:45 (sumoTime: 50145 seconds) on link 1 with path_nodes [1, 2, 3, 4] which means path_links [1, 2, 3]
['newVeh281'] arrived @ sumotime 50164.0 seconds
['newVeh282'] arrived @ sumotime 50174.0 seconds
new vehicle283 @ 13:56:48 (sumoTime: 50208 seconds) on link 1 with path_nodes [1, 2, 3, 4] which means path_links [1, 2, 3]
new vehicle284 @ 13:57:00 (sumoTime: 50220 seconds) on link 1 with path_nodes [1, 2, 3, 4] which means path_links [1, 2, 3]
['newVeh283'] arrived @ sumotime 50232.0 seconds
['newVeh284'] arrived @ sumotime 50248.0 seconds
new vehicle285 @ 13:58:12 (sumoTime: 50292 seconds) on link 1 with path_nodes [1, 2, 3, 4] which means path_links [1, 2, 3]
['newVeh285'] arrived @ sumotime 50321.0 seconds
new vehicle286 @ 13:59:44 (sumoTime: 50384 seconds) on link 1 with path_nodes [1, 2, 3, 4] which means path_links [1, 2, 3]
14:00:00
[INFO: transfer Visum-Sumo]: [(1.0, 100.0, 37.49513888888889, 2.0, 1.0), (-3.0, 100.0, 0.0, 3.0, 4.0), (5.0, 100.0, 0.0, 5.0, 4.0)] 
 [(3, 33)]
Umlegung ausgeführt
curVolumes: (140000, [(3, 33, 0)])
['newVeh286'] arrived @ sumotime 50410.0 seconds
new vehicle287 @ 14:00:35 (sumoTime: 50435 seconds) on link 1 with path_nodes [1, 2, 3, 4] which means path_links [1, 2, 3]
['newVeh287'] arrived @ sumotime 50462.0 seconds
new vehicle288 @ 14:01:44 (sumoTime: 50504 seconds) on link 1 with path_nodes [1, 2, 3, 4] which means path_links [1, 2, 3]
['newVeh288'] arrived @ sumotime 50535.0 seconds
new vehicle289 @ 14:03:53 (sumoTime: 50633 seconds) on link 1 with path_nodes [1, 2, 3, 4] which means path_links [1, 2, 3]
new vehicle290 @ 14:04:04 (sumoTime: 50644 seconds) on link 1 with path_nodes [1, 2, 3, 4] which means path_links [1, 2, 3]
['newVeh289'] arrived @ sumotime 50661.0 seconds
['newVeh290'] arrived @ sumotime 50670.0 seconds
new vehicle291 @ 14:04:52 (sumoTime: 50692 seconds) on link 1 with path_nodes [1, 2, 3, 4] which means path_links [1, 2, 3]
['newVeh291'] arrived @ sumotime 50719.0 seconds
new vehicle292 @ 14:06:59 (sumoTime: 50819 seconds) on link 1 with path_nodes [1, 2, 3, 4] which means path_links [1, 2, 3]
['newVeh292'] arrived @ sumotime 50844.0 seconds
new vehicle293 @ 14:07:48 (sumoTime: 50868 seconds) on link 1 with path_nodes [1, 2, 3, 4] which means path_links [1, 2, 3]
new vehicle294 @ 14:07:59 (sumoTime: 50879 seconds) on link 1 with path_nodes [1, 2, 3, 4] which means path_links [1, 2, 3]
['newVeh293'] arrived @ sumotime 50899.0 seconds
['newVeh294'] arrived @ sumotime 50909.0 seconds
new vehicle295 @ 14:08:59 (sumoTime: 50939 seconds) on link 1 with path_nodes [1, 2, 3, 4] which means path_links [1, 2, 3]
['newVeh295'] arrived @ sumotime 50965.0 seconds
new vehicle296 @ 14:10:34 (sumoTime: 51034 seconds) on link 1 with path_nodes [1, 2, 3, 4] which means path_links [1, 2, 3]
['newVeh296'] arrived @ sumotime 51060.0 seconds
new vehicle297 @ 14:12:59 (sumoTime: 51179 seconds) on link 1 with path_nodes [1, 2, 3, 4] which means path_links [1, 2, 3]
['newVeh297'] arrived @ sumotime 51208.0 seconds
new vehicle298 @ 14:16:15 (sumoTime: 51375 seconds) on link 1 with path_nodes [1, 2, 3, 4] which means path_links [1, 2, 3]
new vehicle299 @ 14:16:37 (sumoTime: 51397 seconds) on link 1 with path_nodes [1, 2, 3, 4] which means path_links [1, 2, 3]
['newVeh298'] arrived @ sumotime 51404.0 seconds
new vehicle300 @ 14:16:47 (sumoTime: 51407 seconds) on link 1 with path_nodes [1, 2, 3, 4] which means path_links [1, 2, 3]
['newVeh299'] arrived @ sumotime 51423.0 seconds
['newVeh300'] arrived @ sumotime 51434.0 seconds
new vehicle301 @ 14:18:01 (sumoTime: 51481 seconds) on link 1 with path_nodes [1, 2, 3, 4] which means path_links [1, 2, 3]
['newVeh301'] arrived @ sumotime 51507.0 seconds
new vehicle302 @ 14:18:42 (sumoTime: 51522 seconds) on link 1 with path_nodes [1, 2, 3, 4] which means path_links [1, 2, 3]
['newVeh302'] arrived @ sumotime 51549.0 seconds
new vehicle303 @ 14:20:25 (sumoTime: 51625 seconds) on link 1 with path_nodes [1, 2, 3, 4] which means path_links [1, 2, 3]
['newVeh303'] arrived @ sumotime 51654.0 seconds
new vehicle304 @ 14:22:22 (sumoTime: 51742 seconds) on link 1 with path_nodes [1, 2, 3, 4] which means path_links [1, 2, 3]
['newVeh304'] arrived @ sumotime 51768.0 seconds
new vehicle305 @ 14:27:31 (sumoTime: 52051 seconds) on link 1 with path_nodes [1, 2, 3, 4] which means path_links [1, 2, 3]
['newVeh305'] arrived @ sumotime 52078.0 seconds
new vehicle306 @ 14:28:28 (sumoTime: 52108 seconds) on link 1 with path_nodes [1, 2, 3, 4] which means path_links [1, 2, 3]
['newVeh306'] arrived @ sumotime 52137.0 seconds
new vehicle307 @ 14:29:58 (sumoTime: 52198 seconds) on link 1 with path_nodes [1, 2, 3, 4] which means path_links [1, 2, 3]
['newVeh307'] arrived @ sumotime 52225.0 seconds
new vehicle308 @ 14:32:23 (sumoTime: 52343 seconds) on link 1 with path_nodes [1, 2, 3, 4] which means path_links [1, 2, 3]
['newVeh308'] arrived @ sumotime 52367.0 seconds
new vehicle309 @ 14:34:12 (sumoTime: 52452 seconds) on link 1 with path_nodes [1, 2, 3, 4] which means path_links [1, 2, 3]
['newVeh309'] arrived @ sumotime 52478.0 seconds
new vehicle310 @ 14:35:49 (sumoTime: 52549 seconds) on link 1 with path_nodes [1, 2, 3, 4] which means path_links [1, 2, 3]
['newVeh310'] arrived @ sumotime 52579.0 seconds
new vehicle311 @ 14:38:08 (sumoTime: 52688 seconds) on link 1 with path_nodes [1, 2, 3, 4] which means path_links [1, 2, 3]
new vehicle312 @ 14:38:35 (sumoTime: 52715 seconds) on link 1 with path_nodes [1, 2, 3, 4] which means path_links [1, 2, 3]
['newVeh311'] arrived @ sumotime 52715.0 seconds
['newVeh312'] arrived @ sumotime 52743.0 seconds
new vehicle313 @ 14:39:10 (sumoTime: 52750 seconds) on link 1 with path_nodes [1, 2, 3, 4] which means path_links [1, 2, 3]
['newVeh313'] arrived @ sumotime 52777.0 seconds
new vehicle314 @ 14:40:07 (sumoTime: 52807 seconds) on link 1 with path_nodes [1, 2, 3, 4] which means path_links [1, 2, 3]
new vehicle315 @ 14:40:13 (sumoTime: 52813 seconds) on link 1 with path_nodes [1, 2, 3, 4] which means path_links [1, 2, 3]
['newVeh314'] arrived @ sumotime 52835.0 seconds
['newVeh315'] arrived @ sumotime 52839.0 seconds
new vehicle316 @ 14:43:49 (sumoTime: 53029 seconds) on link 1 with path_nodes [1, 2, 3, 4] which means path_links [1, 2, 3]
['newVeh316'] arrived @ sumotime 53053.0 seconds
new vehicle317 @ 14:44:53 (sumoTime: 53093 seconds) on link 1 with path_nodes [1, 2, 3, 4] which means path_links [1, 2, 3]
new vehicle318 @ 14:45:04 (sumoTime: 53104 seconds) on link 1 with path_nodes [1, 2, 3, 4] which means path_links [1, 2, 3]
['newVeh317'] arrived @ sumotime 53120.0 seconds
['newVeh318'] arrived @ sumotime 53131.0 seconds
new vehicle319 @ 14:46:14 (sumoTime: 53174 seconds) on link 1 with path_nodes [1, 2, 3, 4] which means path_links [1, 2, 3]
new vehicle320 @ 14:46:38 (sumoTime: 53198 seconds) on link 1 with path_nodes [1, 2, 3, 4] which means path_links [1, 2, 3]
['newVeh319'] arrived @ sumotime 53203.0 seconds
['newVeh319'] arrived @ sumotime 53204.0 seconds
['newVeh320'] arrived @ sumotime 53229.0 seconds
['newVeh320'] arrived @ sumotime 53230.0 seconds
new vehicle321 @ 14:54:16 (sumoTime: 53656 seconds) on link 1 with path_nodes [1, 2, 3, 4] which means path_links [1, 2, 3]
['newVeh321'] arrived @ sumotime 53684.0 seconds
new vehicle322 @ 14:55:00 (sumoTime: 53700 seconds) on link 1 with path_nodes [1, 2, 3, 4] which means path_links [1, 2, 3]
['newVeh322'] arrived @ sumotime 53726.0 seconds
Gesamte Auslastung: 296
Summe erzeugter Fahrzeuge: 323
-> Fahrzeuge verloren: -27
Neue Umlegungen nötig: [False, True, True, True, True, True, True, True, True, True, True, True, True, True, True]
Tupel bestehend aus: VolVisum, geplantesVolSumo, avgArrTimeVisum, avgArrTimeSumo
Link: 1 -> [(2, 4, 1800, 1490), (5, 5, 720, 548), (7, 7, 514, 790), (10, 15, 360, 239), (12, 14, 300, 256), (15, 15, 240, 261), (17, 22, 211, 163), (20, 26, 180, 151), (22, 29, 163, 119), (25, 31, 144, 117), (27, 25, 133, 154), (30, 34, 120, 108), (32, 42, 112, 88), (35, 32, 102, 116), (37, 37, 97, 100)]
Link: 3 -> []
Link: 5 -> []
VolumenInSumo: [(1629, ['1', '2', '3']), (4835, ['1', '2', '3']), (5805, ['1', '2', '3']), (12750, ['1', '2', '3']), (13215, ['1', '2', '3']), (14626, ['1', '2', '3']), (14850, ['1', '2', '3']), (21556, ['1', '2', '3']), (24401, ['1', '2', '3']), (24600, ['1', '2', '3']), (24724, ['1', '2', '3']), (25213, ['1', '2', '3']), (25307, ['1', '2', '3']), (30618, ['1', '2', '3']), (30641, ['1', '2', '3']), (30822, ['1', '2', '3']), (31439, ['1', '2', '3']), (31759, ['1', '2', '3']), (32351, ['1', '2', '3']), (32654, ['1', '2', '3']), (32810, ['1', '2', '3']), (33325, ['1', '2', '3']), (33500, ['1', '2', '3']), (34229, ['1', '2', '3']), (34643, ['1', '2', '3']), (35227, ['1', '2', '3']), (35909, ['1', '2', '3']), (40536, ['1', '2', '3']), (40752, ['1', '2', '3']), (41258, ['1', '2', '3']), (41556, ['1', '2', '3']), (42009, ['1', '2', '3']), (42408, ['1', '2', '3']), (42942, ['1', '2', '3']), (43002, ['1', '2', '3']), (43519, ['1', '2', '3']), (43751, ['1', '2', '3']), (44657, ['1', '2', '3']), (44829, ['1', '2', '3']), (44941, ['1', '2', '3']), (50140, ['1', '2', '3']), (51803, ['1', '2', '3']), (52200, ['1', '2', '3']), (52612, ['1', '2', '3']), (53116, ['1', '2', '3']), (53530, ['1', '2', '3']), (53621, ['1', '2', '3']), (54408, ['1', '2', '3']), (54712, ['1', '2', '3']), (55310, ['1', '2', '3']), (55352, ['1', '2', '3']), (55714, ['1', '2', '3']), (55750, ['1', '2', '3']), (55933, ['1', '2', '3']), (60446, ['1', '2', '3']), (60449, ['1', '2', '3']), (60519, ['1', '2', '3']), (61238, ['1', '2', '3']), (62122, ['1', '2', '3']), (62430, ['1', '2', '3']), (62624, ['1', '2', '3']), (63015, ['1', '2', '3']), (63125, ['1', '2', '3']), (63358, ['1', '2', '3']), (63508, ['1', '2', '3']), (63858, ['1', '2', '3']), (63919, ['1', '2', '3']), (64307, ['1', '2', '3']), (64803, ['1', '2', '3']), (64834, ['1', '2', '3']), (64909, ['1', '2', '3']), (65637, ['1', '2', '3']), (65735, ['1', '2', '3']), (65942, ['1', '2', '3']), (65944, ['1', '2', '3']), (70113, ['1', '2', '3']), (70342, ['1', '2', '3']), (70641, ['1', '2', '3']), (70918, ['1', '2', '3']), (70934, ['1', '2', '3']), (70958, ['1', '2', '3']), (71028, ['1', '2', '3']), (71446, ['1', '2', '3']), (71604, ['1', '2', '3']), (72302, ['1', '2', '3']), (72344, ['1', '2', '3']), (73111, ['1', '2', '3']), (73252, ['1', '2', '3']), (73319, ['1', '2', '3']), (73535, ['1', '2', '3']), (73721, ['1', '2', '3']), (73758, ['1', '2', '3']), (73901, ['1', '2', '3']), (74257, ['1', '2', '3']), (74322, ['1', '2', '3']), (74659, ['1', '2', '3']), (74854, ['1', '2', '3']), (75303, ['1', '2', '3']), (75520, ['1', '2', '3']), (75901, ['1', '2', '3']), (80443, ['1', '6', '7', '-8', '3']), (80611, ['1', '6', '7', '-8', '3']), (81139, ['1', '6', '7', '-8', '3']), (81334, ['1', '6', '7', '-8', '3']), (81505, ['1', '6', '7', '-8', '3']), (81517, ['1', '6', '7', '-8', '3']), (81603, ['1', '6', '7', '-8', '3']), (81704, ['1', '6', '7', '-8', '3']), (81733, ['1', '6', '7', '-8', '3']), (82210, ['1', '6', '7', '-8', '3']), (82408, ['1', '6', '7', '-8', '3']), (82604, ['1', '6', '7', '-8', '3']), (82617, ['1', '6', '7', '-8', '3']), (82646, ['1', '6', '7', '-8', '3']), (82958, ['1', '6', '7', '-8', '3']), (83322, ['1', '6', '7', '-8', '3']), (83612, ['1', '6', '7', '-8', '3']), (83725, ['1', '6', '7', '-8', '3']), (84147, ['1', '6', '7', '-8', '3']), (84252, ['1', '6', '7', '-8', '3']), (84930, ['1', '6', '7', '-8', '3']), (85118, ['1', '6', '7', '-8', '3']), (85229, ['1', '6', '7', '-8', '3']), (85238, ['1', '6', '7', '-8', '3']), (85541, ['1', '6', '7', '-8', '3']), (85852, ['1', '6', '7', '-8', '3']), (85900, ['1', '6', '7', '-8', '3']), (85947, ['1', '6', '7', '-8', '3']), (90134, ['1', '6', '7', '-8', '3']), (90239, ['1', '6', '7', '-8', '3']), (90529, ['1', '6', '7', '-8', '3']), (90554, ['1', '6', '7', '-8', '3']), (90612, ['1', '6', '7', '-8', '3']), (90618, ['1', '6', '7', '-8', '3']), (90619, ['1', '6', '7', '-8', '3']), (90642, ['1', '6', '7', '-8', '3']), (90749, ['1', '6', '7', '-8', '3']), (91001, ['1', '6', '7', '-8', '3']), (91020, ['1', '6', '7', '-8', '3']), (91035, ['1', '6', '7', '-8', '3']), (91341, ['1', '6', '7', '-8', '3']), (91426, ['1', '6', '7', '-8', '3']), (91949, ['1', '6', '7', '-8', '3']), (92258, ['1', '6', '7', '-8', '3']), (92430, ['1', '6', '7', '-8', '3']), (92747, ['1', '6', '7', '-8', '3']), (93016, ['1', '6', '7', '-8', '3']), (93207, ['1', '6', '7', '-8', '3']), (93215, ['1', '6', '7', '-8', '3']), (93410, ['1', '6', '7', '-8', '3']), (93618, ['1', '6', '7', '-8', '3']), (93859, ['1', '6', '7', '-8', '3']), (94633, ['1', '6', '7', '-8', '3']), (94651, ['1', '6', '7', '-8', '3']), (94656, ['1', '6', '7', '-8', '3']), (94734, ['1', '6', '7', '-8', '3']), (95329, ['1', '6', '7', '-8', '3']), (95455, ['1', '6', '7', '-8', '3']), (100027, ['1', '6', '7', '-8', '3']), (100136, ['1', '6', '7', '-8', '3']), (100522, ['1', '6', '7', '-8', '3']), (100527, ['1', '6', '7', '-8', '3']), (100534, ['1', '6', '7', '-8', '3']), (100930, ['1', '6', '7', '-8', '3']), (101003, ['1', '6', '7', '-8', '3']), (101147, ['1', '6', '7', '-8', '3']), (101343, ['1', '6', '7', '-8', '3']), (101407, ['1', '6', '7', '-8', '3']), (101956, ['1', '6', '7', '-8', '3']), (102154, ['1', '6', '7', '-8', '3']), (102356, ['1', '6', '7', '-8', '3']), (102618, ['1', '6', '7', '-8', '3']), (102750, ['1', '6', '7', '-8', '3']), (102848, ['1', '6', '7', '-8', '3']), (103123, ['1', '6', '7', '-8', '3']), (103147, ['1', '6', '7', '-8', '3']), (103901, ['1', '6', '7', '-8', '3']), (104010, ['1', '6', '7', '-8', '3']), (104432, ['1', '6', '7', '-8', '3']), (104950, ['1', '6', '7', '-8', '3']), (105413, ['1', '6', '7', '-8', '3']), (105551, ['1', '6', '7', '-8', '3']), (110213, ['1', '6', '7', '-8', '3']), (110301, ['1', '6', '7', '-8', '3']), (110648, ['1', '6', '7', '-8', '3']), (111105, ['1', '6', '7', '-8', '3']), (111338, ['1', '6', '7', '-8', '3']), (111742, ['1', '6', '7', '-8', '3']), (111810, ['1', '6', '7', '-8', '3']), (112018, ['1', '6', '7', '-8', '3']), (112130, ['1', '6', '7', '-8', '3']), (112244, ['1', '6', '7', '-8', '3']), (112247, ['1', '6', '7', '-8', '3']), (112556, ['1', '6', '7', '-8', '3']), (112617, ['1', '6', '7', '-8', '3']), (112748, ['1', '6', '7', '-8', '3']), (112903, ['1', '6', '7', '-8', '3']), (113023, ['1', '6', '7', '-8', '3']), (113230, ['1', '6', '7', '-8', '3']), (113240, ['1', '6', '7', '-8', '3']), (113408, ['1', '6', '7', '-8', '3']), (113434, ['1', '6', '7', '-8', '3']), (113644, ['1', '6', '7', '-8', '3']), (114034, ['1', '6', '7', '-8', '3']), (114059, ['1', '6', '7', '-8', '3']), (114131, ['1', '6', '7', '-8', '3']), (114146, ['1', '6', '7', '-8', '3']), (114355, ['1', '6', '7', '-8', '3']), (114509, ['1', '6', '7', '-8', '3']), (114531, ['1', '6', '7', '-8', '3']), (114955, ['1', '6', '7', '-8', '3']), (115405, ['1', '6', '7', '-8', '3']), (115511, ['1', '6', '7', '-8', '3']), (115805, ['1', '6', '7', '-8', '3']), (115915, ['1', '6', '7', '-8', '3']), (120030, ['1', '2', '3']), (120356, ['1', '2', '3']), (120406, ['1', '2', '3']), (120749, ['1', '2', '3']), (120804, ['1', '2', '3']), (121105, ['1', '2', '3']), (121335, ['1', '2', '3']), (121412, ['1', '2', '3']), (121614, ['1', '2', '3']), (121806, ['1', '2', '3']), (121854, ['1', '2', '3']), (121858, ['1', '2', '3']), (122254, ['1', '2', '3']), (122308, ['1', '2', '3']), (122330, ['1', '2', '3']), (122348, ['1', '2', '3']), (122608, ['1', '2', '3']), (122653, ['1', '2', '3']), (122704, ['1', '2', '3']), (122729, ['1', '2', '3']), (122919, ['1', '2', '3']), (122939, ['1', '2', '3']), (123203, ['1', '2', '3']), (123324, ['1', '2', '3']), (123356, ['1', '2', '3']), (123403, ['1', '2', '3']), (123417, ['1', '2', '3']), (123420, ['1', '2', '3']), (123601, ['1', '2', '3']), (123641, ['1', '2', '3']), (124421, ['1', '2', '3']), (124628, ['1', '2', '3']), (125019, ['1', '2', '3']), (125135, ['1', '2', '3']), (125528, ['1', '2', '3']), (125550, ['1', '2', '3']), (125708, ['1', '2', '3']), (125722, ['1', '2', '3']), (125825, ['1', '2', '3']), (125904, ['1', '2', '3']), (125909, ['1', '2', '3']), (130001, ['1', '2', '3']), (130021, ['1', '2', '3']), (130425, ['1', '2', '3']), (130454, ['1', '2', '3']), (130607, ['1', '2', '3']), (130621, ['1', '2', '3']), (130640, ['1', '2', '3']), (130804, ['1', '2', '3']), (130842, ['1', '2', '3']), (131315, ['1', '2', '3']), (131347, ['1', '2', '3']), (131415, ['1', '2', '3']), (131811, ['1', '2', '3']), (131839, ['1', '2', '3']), (131844, ['1', '2', '3']), (131856, ['1', '2', '3']), (133445, ['1', '2', '3']), (133511, ['1', '2', '3']), (133705, ['1', '2', '3']), (133727, ['1', '2', '3']), (133830, ['1', '2', '3']), (134859, ['1', '2', '3']), (135058, ['1', '2', '3']), (135320, ['1', '2', '3']), (135329, ['1', '2', '3']), (135536, ['1', '2', '3']), (135545, ['1', '2', '3']), (135648, ['1', '2', '3']), (135700, ['1', '2', '3']), (135812, ['1', '2', '3']), (135944, ['1', '2', '3']), (140035, ['1', '2', '3']), (140144, ['1', '2', '3']), (140353, ['1', '2', '3']), (140404, ['1', '2', '3']), (140452, ['1', '2', '3']), (140659, ['1', '2', '3']), (140748, ['1', '2', '3']), (140759, ['1', '2', '3']), (140859, ['1', '2', '3']), (141034, ['1', '2', '3']), (141259, ['1', '2', '3']), (141615, ['1', '2', '3']), (141637, ['1', '2', '3']), (141647, ['1', '2', '3']), (141801, ['1', '2', '3']), (141842, ['1', '2', '3']), (142025, ['1', '2', '3']), (142222, ['1', '2', '3']), (142731, ['1', '2', '3']), (142828, ['1', '2', '3']), (142958, ['1', '2', '3']), (143223, ['1', '2', '3']), (143412, ['1', '2', '3']), (143549, ['1', '2', '3']), (143808, ['1', '2', '3']), (143835, ['1', '2', '3']), (143910, ['1', '2', '3']), (144007, ['1', '2', '3']), (144013, ['1', '2', '3']), (144349, ['1', '2', '3']), (144453, ['1', '2', '3']), (144504, ['1', '2', '3']), (144614, ['1', '2', '3']), (144638, ['1', '2', '3']), (145416, ['1', '2', '3']), (145500, ['1', '2', '3'])]
2 -> 3 : [(10000, 2), (20000, 5), (30000, 6), (40000, 10), (50000, 12), (60000, 15), (70000, 17), (80000, 20), (90000, 22), (100000, 25), (110000, 24), (120000, 30), (130000, 32), (140000, 34)]
2 -> 5 : [(10000, 0), (20000, 0), (30000, 1), (40000, 0), (50000, 0), (60000, 0), (70000, 0), (80000, 0), (90000, 0), (100000, 0), (110000, 3), (120000, 0), (130000, 0), (140000, 1)]
2 -> 6 : [(10000, 0), (20000, 0), (30000, 0), (40000, 0), (50000, 0), (60000, 0), (70000, 0), (80000, 0), (90000, 0), (100000, 0), (110000, 0), (120000, 0), (130000, 0), (140000, 0)]
3 -> 2 : [(10000, 0), (20000, 0), (30000, 0), (40000, 0), (50000, 0), (60000, 0), (70000, 0), (80000, 0), (90000, 0), (100000, 0), (110000, 0), (120000, 0), (130000, 0), (140000, 0)]
3 -> 4 : [(10000, 2), (20000, 5), (30000, 6), (40000, 10), (50000, 12), (60000, 15), (70000, 17), (80000, 20), (90000, 22), (100000, 25), (110000, 24), (120000, 30), (130000, 32), (140000, 33)]
3 -> 7 : [(10000, 0), (20000, 0), (30000, 0), (40000, 0), (50000, 0), (60000, 0), (70000, 0), (80000, 0), (90000, 0), (100000, 0), (110000, 0), (120000, 0), (130000, 0), (140000, 0)]
4 -> 3 : [(10000, 0), (20000, 0), (30000, 0), (40000, 0), (50000, 0), (60000, 0), (70000, 0), (80000, 0), (90000, 0), (100000, 0), (110000, 0), (120000, 0), (130000, 0), (140000, 0)]
4 -> 5 : [(10000, 0), (20000, 0), (30000, 0), (40000, 0), (50000, 0), (60000, 0), (70000, 0), (80000, 0), (90000, 0), (100000, 0), (110000, 0), (120000, 0), (130000, 0), (140000, 0)]
5 -> 2 : [(10000, 0), (20000, 0), (30000, 0), (40000, 0), (50000, 0), (60000, 0), (70000, 0), (80000, 0), (90000, 0), (100000, 0), (110000, 0), (120000, 0), (130000, 0), (140000, 0)]
5 -> 4 : [(10000, 0), (20000, 0), (30000, 1), (40000, 0), (50000, 0), (60000, 0), (70000, 0), (80000, 0), (90000, 0), (100000, 0), (110000, 3), (120000, 0), (130000, 0), (140000, 1)]
6 -> 2 : [(10000, 0), (20000, 0), (30000, 0), (40000, 0), (50000, 0), (60000, 0), (70000, 0), (80000, 0), (90000, 0), (100000, 0), (110000, 0), (120000, 0), (130000, 0), (140000, 0)]
6 -> 7 : [(10000, 0), (20000, 0), (30000, 0), (40000, 0), (50000, 0), (60000, 0), (70000, 0), (80000, 0), (90000, 0), (100000, 0), (110000, 0), (120000, 0), (130000, 0), (140000, 0)]
7 -> 3 : [(10000, 0), (20000, 0), (30000, 0), (40000, 0), (50000, 0), (60000, 0), (70000, 0), (80000, 0), (90000, 0), (100000, 0), (110000, 0), (120000, 0), (130000, 0), (140000, 0)]
7 -> 6 : [(10000, 0), (20000, 0), (30000, 0), (40000, 0), (50000, 0), (60000, 0), (70000, 0), (80000, 0), (90000, 0), (100000, 0), (110000, 0), (120000, 0), (130000, 0), (140000, 0)]
