00:00:00
new vehicle0 @ 00:53:28 (sumoTime: 3208 seconds) on link 1 with path_nodes [1, 2, 3, 4] which means path_links [1, 2, 3]
['newVeh0'] arrived @ sumotime 3236.0 seconds
01:00:00
[INFO: transfer Visum-Sumo]: [(1.0, 100.0, 4.995138888888889, 2.0, 1.0), (-3.0, 100.0, 0.0, 3.0, 4.0), (5.0, 100.0, 0.0, 5.0, 4.0)] 
 [(3, 1)]
Umlegung ausgeführt
curVolumes: (10000, [(3, 1, 0)])
new vehicle1 @ 01:16:45 (sumoTime: 4605 seconds) on link 1 with path_nodes [1, 2, 3, 4] which means path_links [1, 2, 3]
['newVeh1'] arrived @ sumotime 4631.0 seconds
new vehicle2 @ 01:25:23 (sumoTime: 5123 seconds) on link 1 with path_nodes [1, 2, 3, 4] which means path_links [1, 2, 3]
['newVeh2'] arrived @ sumotime 5149.0 seconds
new vehicle3 @ 01:36:57 (sumoTime: 5817 seconds) on link 1 with path_nodes [1, 2, 3, 4] which means path_links [1, 2, 3]
['newVeh3'] arrived @ sumotime 5846.0 seconds
new vehicle4 @ 01:57:27 (sumoTime: 7047 seconds) on link 1 with path_nodes [1, 2, 3, 4] which means path_links [1, 2, 3]
['newVeh4'] arrived @ sumotime 7075.0 seconds
02:00:00
[INFO: transfer Visum-Sumo]: [(1.0, 100.0, 7.495138888888889, 2.0, 1.0), (-3.0, 100.0, 0.0, 3.0, 4.0), (5.0, 100.0, 0.0, 5.0, 4.0)] 
 [(3, 4)]
Umlegung ausgeführt
curVolumes: (20000, [(3, 4, 0)])
new vehicle5 @ 02:17:15 (sumoTime: 8235 seconds) on link 1 with path_nodes [1, 2, 3, 4] which means path_links [1, 2, 3]
['newVeh5'] arrived @ sumotime 8261.0 seconds
new vehicle6 @ 02:43:42 (sumoTime: 9822 seconds) on link 1 with path_nodes [1, 2, 3, 4] which means path_links [1, 2, 3]
['newVeh6'] arrived @ sumotime 9848.0 seconds
['newVeh6'] arrived @ sumotime 9849.0 seconds
new vehicle7 @ 02:53:33 (sumoTime: 10413 seconds) on link 1 with path_nodes [1, 2, 3, 4] which means path_links [1, 2, 3]
['newVeh7'] arrived @ sumotime 10438.0 seconds
03:00:00
[INFO: transfer Visum-Sumo]: [(1.0, 100.0, 9.995138888888889, 2.0, 1.0), (-3.0, 100.0, 0.0, 3.0, 4.0), (5.0, 100.0, 0.0, 5.0, 4.0)] 
 [(3, 4)]
Umlegung ausgeführt
curVolumes: (30000, [(3, 4, 0)])
new vehicle8 @ 03:14:36 (sumoTime: 11676 seconds) on link 1 with path_nodes [1, 2, 3, 4] which means path_links [1, 2, 3]
['newVeh8'] arrived @ sumotime 11706.0 seconds
new vehicle9 @ 03:17:18 (sumoTime: 11838 seconds) on link 1 with path_nodes [1, 2, 3, 4] which means path_links [1, 2, 3]
new vehicle10 @ 03:17:35 (sumoTime: 11855 seconds) on link 1 with path_nodes [1, 2, 3, 4] which means path_links [1, 2, 3]
['newVeh9'] arrived @ sumotime 11868.0 seconds
['newVeh10'] arrived @ sumotime 11882.0 seconds
new vehicle11 @ 03:21:38 (sumoTime: 12098 seconds) on link 1 with path_nodes [1, 2, 3, 4] which means path_links [1, 2, 3]
['newVeh11'] arrived @ sumotime 12126.0 seconds
new vehicle12 @ 03:25:46 (sumoTime: 12346 seconds) on link 1 with path_nodes [1, 2, 3, 4] which means path_links [1, 2, 3]
['newVeh12'] arrived @ sumotime 12377.0 seconds
new vehicle13 @ 03:50:29 (sumoTime: 13829 seconds) on link 1 with path_nodes [1, 2, 3, 4] which means path_links [1, 2, 3]
['newVeh13'] arrived @ sumotime 13856.0 seconds
new vehicle14 @ 03:54:51 (sumoTime: 14091 seconds) on link 1 with path_nodes [1, 2, 3, 4] which means path_links [1, 2, 3]
['newVeh14'] arrived @ sumotime 14119.0 seconds
new vehicle15 @ 03:59:14 (sumoTime: 14354 seconds) on link 1 with path_nodes [1, 2, 3, 4] which means path_links [1, 2, 3]
['newVeh15'] arrived @ sumotime 14381.0 seconds
04:00:00
[INFO: transfer Visum-Sumo]: [(1.0, 100.0, 12.495138888888889, 2.0, 1.0), (-3.0, 100.0, 0.0, 3.0, 4.0), (5.0, 100.0, 0.0, 5.0, 4.0)] 
 [(3, 8)]
Umlegung ausgeführt
curVolumes: (40000, [(3, 8, 0)])
new vehicle16 @ 04:02:06 (sumoTime: 14526 seconds) on link 1 with path_nodes [1, 2, 3, 4] which means path_links [1, 2, 3]
['newVeh16'] arrived @ sumotime 14552.0 seconds
new vehicle17 @ 04:04:57 (sumoTime: 14697 seconds) on link 1 with path_nodes [1, 2, 3, 4] which means path_links [1, 2, 3]
['newVeh17'] arrived @ sumotime 14727.0 seconds
new vehicle18 @ 04:07:38 (sumoTime: 14858 seconds) on link 1 with path_nodes [1, 2, 3, 4] which means path_links [1, 2, 3]
['newVeh18'] arrived @ sumotime 14885.0 seconds
new vehicle19 @ 04:09:23 (sumoTime: 14963 seconds) on link 1 with path_nodes [1, 2, 3, 4] which means path_links [1, 2, 3]
['newVeh19'] arrived @ sumotime 14988.0 seconds
new vehicle20 @ 04:10:47 (sumoTime: 15047 seconds) on link 1 with path_nodes [1, 2, 3, 4] which means path_links [1, 2, 3]
['newVeh20'] arrived @ sumotime 15073.0 seconds
new vehicle21 @ 04:15:27 (sumoTime: 15327 seconds) on link 1 with path_nodes [1, 2, 3, 4] which means path_links [1, 2, 3]
new vehicle22 @ 04:15:46 (sumoTime: 15346 seconds) on link 1 with path_nodes [1, 2, 3, 4] which means path_links [1, 2, 3]
['newVeh21'] arrived @ sumotime 15357.0 seconds
['newVeh22'] arrived @ sumotime 15372.0 seconds
new vehicle23 @ 04:19:33 (sumoTime: 15573 seconds) on link 1 with path_nodes [1, 2, 3, 4] which means path_links [1, 2, 3]
['newVeh23'] arrived @ sumotime 15599.0 seconds
new vehicle24 @ 04:28:11 (sumoTime: 16091 seconds) on link 1 with path_nodes [1, 2, 3, 4] which means path_links [1, 2, 3]
['newVeh24'] arrived @ sumotime 16120.0 seconds
new vehicle25 @ 04:33:22 (sumoTime: 16402 seconds) on link 1 with path_nodes [1, 2, 3, 4] which means path_links [1, 2, 3]
['newVeh25'] arrived @ sumotime 16428.0 seconds
new vehicle26 @ 04:40:08 (sumoTime: 16808 seconds) on link 1 with path_nodes [1, 2, 3, 4] which means path_links [1, 2, 3]
['newVeh26'] arrived @ sumotime 16837.0 seconds
new vehicle27 @ 04:43:11 (sumoTime: 16991 seconds) on link 1 with path_nodes [1, 2, 3, 4] which means path_links [1, 2, 3]
['newVeh27'] arrived @ sumotime 17019.0 seconds
new vehicle28 @ 04:44:16 (sumoTime: 17056 seconds) on link 1 with path_nodes [1, 2, 3, 4] which means path_links [1, 2, 3]
['newVeh28'] arrived @ sumotime 17083.0 seconds
new vehicle29 @ 04:51:01 (sumoTime: 17461 seconds) on link 1 with path_nodes [1, 2, 3, 4] which means path_links [1, 2, 3]
['newVeh29'] arrived @ sumotime 17487.0 seconds
05:00:00
[INFO: transfer Visum-Sumo]: [(1.0, 100.0, 14.995138888888889, 2.0, 1.0), (-3.0, 100.0, 0.0, 3.0, 4.0), (5.0, 100.0, 0.0, 5.0, 4.0)] 
 [(3, 14)]
Umlegung ausgeführt
curVolumes: (50000, [(3, 14, 0)])
new vehicle30 @ 05:03:31 (sumoTime: 18211 seconds) on link 1 with path_nodes [1, 2, 3, 4] which means path_links [1, 2, 3]
['newVeh30'] arrived @ sumotime 18239.0 seconds
new vehicle31 @ 05:05:51 (sumoTime: 18351 seconds) on link 1 with path_nodes [1, 2, 3, 4] which means path_links [1, 2, 3]
['newVeh31'] arrived @ sumotime 18377.0 seconds
new vehicle32 @ 05:07:35 (sumoTime: 18455 seconds) on link 1 with path_nodes [1, 2, 3, 4] which means path_links [1, 2, 3]
['newVeh32'] arrived @ sumotime 18485.0 seconds
new vehicle33 @ 05:09:15 (sumoTime: 18555 seconds) on link 1 with path_nodes [1, 2, 3, 4] which means path_links [1, 2, 3]
['newVeh33'] arrived @ sumotime 18583.0 seconds
new vehicle34 @ 05:15:19 (sumoTime: 18919 seconds) on link 1 with path_nodes [1, 2, 3, 4] which means path_links [1, 2, 3]
['newVeh34'] arrived @ sumotime 18944.0 seconds
new vehicle35 @ 05:26:06 (sumoTime: 19566 seconds) on link 1 with path_nodes [1, 2, 3, 4] which means path_links [1, 2, 3]
['newVeh35'] arrived @ sumotime 19592.0 seconds
new vehicle36 @ 05:35:52 (sumoTime: 20152 seconds) on link 1 with path_nodes [1, 2, 3, 4] which means path_links [1, 2, 3]
['newVeh36'] arrived @ sumotime 20178.0 seconds
new vehicle37 @ 05:47:30 (sumoTime: 20850 seconds) on link 1 with path_nodes [1, 2, 3, 4] which means path_links [1, 2, 3]
['newVeh37'] arrived @ sumotime 20876.0 seconds
new vehicle38 @ 05:48:21 (sumoTime: 20901 seconds) on link 1 with path_nodes [1, 2, 3, 4] which means path_links [1, 2, 3]
['newVeh38'] arrived @ sumotime 20928.0 seconds
new vehicle39 @ 05:52:41 (sumoTime: 21161 seconds) on link 1 with path_nodes [1, 2, 3, 4] which means path_links [1, 2, 3]
['newVeh39'] arrived @ sumotime 21189.0 seconds
new vehicle40 @ 05:53:18 (sumoTime: 21198 seconds) on link 1 with path_nodes [1, 2, 3, 4] which means path_links [1, 2, 3]
['newVeh40'] arrived @ sumotime 21227.0 seconds
new vehicle41 @ 05:55:27 (sumoTime: 21327 seconds) on link 1 with path_nodes [1, 2, 3, 4] which means path_links [1, 2, 3]
['newVeh41'] arrived @ sumotime 21355.0 seconds
06:00:00
[INFO: transfer Visum-Sumo]: [(1.0, 100.0, 17.49513888888889, 2.0, 1.0), (-3.0, 100.0, 0.0, 3.0, 4.0), (5.0, 100.0, 0.0, 5.0, 4.0)] 
 [(3, 12)]
Umlegung ausgeführt
curVolumes: (60000, [(3, 12, 0)])
new vehicle42 @ 06:03:23 (sumoTime: 21803 seconds) on link 1 with path_nodes [1, 2, 3, 4] which means path_links [1, 2, 3]
['newVeh42'] arrived @ sumotime 21831.0 seconds
new vehicle43 @ 06:13:48 (sumoTime: 22428 seconds) on link 1 with path_nodes [1, 2, 3, 4] which means path_links [1, 2, 3]
['newVeh43'] arrived @ sumotime 22459.0 seconds
new vehicle44 @ 06:26:29 (sumoTime: 23189 seconds) on link 1 with path_nodes [1, 2, 3, 4] which means path_links [1, 2, 3]
['newVeh44'] arrived @ sumotime 23213.0 seconds
new vehicle45 @ 06:28:23 (sumoTime: 23303 seconds) on link 1 with path_nodes [1, 2, 3, 4] which means path_links [1, 2, 3]
['newVeh45'] arrived @ sumotime 23330.0 seconds
new vehicle46 @ 06:29:28 (sumoTime: 23368 seconds) on link 1 with path_nodes [1, 2, 3, 4] which means path_links [1, 2, 3]
['newVeh46'] arrived @ sumotime 23397.0 seconds
new vehicle47 @ 06:32:57 (sumoTime: 23577 seconds) on link 1 with path_nodes [1, 2, 3, 4] which means path_links [1, 2, 3]
['newVeh47'] arrived @ sumotime 23603.0 seconds
['newVeh47'] arrived @ sumotime 23604.0 seconds
new vehicle48 @ 06:34:43 (sumoTime: 23683 seconds) on link 1 with path_nodes [1, 2, 3, 4] which means path_links [1, 2, 3]
['newVeh48'] arrived @ sumotime 23712.0 seconds
new vehicle49 @ 06:40:44 (sumoTime: 24044 seconds) on link 1 with path_nodes [1, 2, 3, 4] which means path_links [1, 2, 3]
['newVeh49'] arrived @ sumotime 24072.0 seconds
new vehicle50 @ 06:45:55 (sumoTime: 24355 seconds) on link 1 with path_nodes [1, 2, 3, 4] which means path_links [1, 2, 3]
['newVeh50'] arrived @ sumotime 24381.0 seconds
['newVeh50'] arrived @ sumotime 24382.0 seconds
new vehicle51 @ 06:51:30 (sumoTime: 24690 seconds) on link 1 with path_nodes [1, 2, 3, 4] which means path_links [1, 2, 3]
['newVeh51'] arrived @ sumotime 24715.0 seconds
new vehicle52 @ 06:54:37 (sumoTime: 24877 seconds) on link 1 with path_nodes [1, 2, 3, 4] which means path_links [1, 2, 3]
['newVeh52'] arrived @ sumotime 24905.0 seconds
['newVeh52'] arrived @ sumotime 24906.0 seconds
new vehicle53 @ 06:57:03 (sumoTime: 25023 seconds) on link 1 with path_nodes [1, 2, 3, 4] which means path_links [1, 2, 3]
['newVeh53'] arrived @ sumotime 25049.0 seconds
new vehicle54 @ 06:59:46 (sumoTime: 25186 seconds) on link 1 with path_nodes [1, 2, 3, 4] which means path_links [1, 2, 3]
07:00:00
[INFO: transfer Visum-Sumo]: [(1.0, 100.0, 19.99513888888889, 2.0, 1.0), (-3.0, 100.0, 0.0, 3.0, 4.0), (5.0, 100.0, 0.0, 5.0, 4.0)] 
 [(3, 15)]
Umlegung ausgeführt
curVolumes: (70000, [(3, 15, 0)])
['newVeh54'] arrived @ sumotime 25212.0 seconds
new vehicle55 @ 07:09:30 (sumoTime: 25770 seconds) on link 1 with path_nodes [1, 2, 3, 4] which means path_links [1, 2, 3]
['newVeh55'] arrived @ sumotime 25796.0 seconds
new vehicle56 @ 07:13:04 (sumoTime: 25984 seconds) on link 1 with path_nodes [1, 2, 3, 4] which means path_links [1, 2, 3]
['newVeh56'] arrived @ sumotime 26011.0 seconds
new vehicle57 @ 07:17:27 (sumoTime: 26247 seconds) on link 1 with path_nodes [1, 2, 3, 4] which means path_links [1, 2, 3]
['newVeh57'] arrived @ sumotime 26276.0 seconds
new vehicle58 @ 07:26:55 (sumoTime: 26815 seconds) on link 1 with path_nodes [1, 2, 3, 4] which means path_links [1, 2, 3]
['newVeh58'] arrived @ sumotime 26840.0 seconds
new vehicle59 @ 07:28:18 (sumoTime: 26898 seconds) on link 1 with path_nodes [1, 2, 3, 4] which means path_links [1, 2, 3]
['newVeh59'] arrived @ sumotime 26927.0 seconds
new vehicle60 @ 07:31:05 (sumoTime: 27065 seconds) on link 1 with path_nodes [1, 2, 3, 4] which means path_links [1, 2, 3]
['newVeh60'] arrived @ sumotime 27094.0 seconds
new vehicle61 @ 07:36:26 (sumoTime: 27386 seconds) on link 1 with path_nodes [1, 2, 3, 4] which means path_links [1, 2, 3]
['newVeh61'] arrived @ sumotime 27416.0 seconds
new vehicle62 @ 07:39:18 (sumoTime: 27558 seconds) on link 1 with path_nodes [1, 2, 3, 4] which means path_links [1, 2, 3]
new vehicle63 @ 07:39:25 (sumoTime: 27565 seconds) on link 1 with path_nodes [1, 2, 3, 4] which means path_links [1, 2, 3]
new vehicle64 @ 07:39:44 (sumoTime: 27584 seconds) on link 1 with path_nodes [1, 2, 3, 4] which means path_links [1, 2, 3]
['newVeh62'] arrived @ sumotime 27587.0 seconds
['newVeh63'] arrived @ sumotime 27592.0 seconds
['newVeh64'] arrived @ sumotime 27610.0 seconds
new vehicle65 @ 07:41:20 (sumoTime: 27680 seconds) on link 1 with path_nodes [1, 2, 3, 4] which means path_links [1, 2, 3]
['newVeh65'] arrived @ sumotime 27706.0 seconds
new vehicle66 @ 07:48:12 (sumoTime: 28092 seconds) on link 1 with path_nodes [1, 2, 3, 4] which means path_links [1, 2, 3]
new vehicle67 @ 07:48:18 (sumoTime: 28098 seconds) on link 1 with path_nodes [1, 2, 3, 4] which means path_links [1, 2, 3]
['newVeh66'] arrived @ sumotime 28120.0 seconds
['newVeh67'] arrived @ sumotime 28125.0 seconds
new vehicle68 @ 07:54:55 (sumoTime: 28495 seconds) on link 1 with path_nodes [1, 2, 3, 4] which means path_links [1, 2, 3]
['newVeh68'] arrived @ sumotime 28521.0 seconds
new vehicle69 @ 07:56:20 (sumoTime: 28580 seconds) on link 1 with path_nodes [1, 2, 3, 4] which means path_links [1, 2, 3]
['newVeh69'] arrived @ sumotime 28607.0 seconds
08:00:00
[INFO: transfer Visum-Sumo]: [(1.0, 100.0, 22.49513888888889, 2.0, 1.0), (-3.0, 100.0, 0.0, 3.0, 4.0), (5.0, 100.0, 0.0, 5.0, 4.0)] 
 [(3, 16)]
Umlegung ausgeführt
curVolumes: (80000, [(3, 16, 0)])
new vehicle70 @ 08:08:18 (sumoTime: 29298 seconds) on link 1 with path_nodes [1, 2, 3, 4] which means path_links [1, 2, 3]
['newVeh70'] arrived @ sumotime 29348.0 seconds
new vehicle71 @ 08:13:30 (sumoTime: 29610 seconds) on link 1 with path_nodes [1, 2, 3, 4] which means path_links [1, 2, 3]
new vehicle72 @ 08:13:58 (sumoTime: 29638 seconds) on link 1 with path_nodes [1, 2, 3, 4] which means path_links [1, 2, 3]
new vehicle73 @ 08:14:11 (sumoTime: 29651 seconds) on link 1 with path_nodes [1, 2, 3, 4] which means path_links [1, 2, 3]
['newVeh71'] arrived @ sumotime 29662.0 seconds
['newVeh72'] arrived @ sumotime 29689.0 seconds
['newVeh73'] arrived @ sumotime 29704.0 seconds
new vehicle74 @ 08:17:24 (sumoTime: 29844 seconds) on link 1 with path_nodes [1, 2, 3, 4] which means path_links [1, 2, 3]
['newVeh74'] arrived @ sumotime 29898.0 seconds
new vehicle75 @ 08:20:12 (sumoTime: 30012 seconds) on link 1 with path_nodes [1, 2, 3, 4] which means path_links [1, 2, 3]
new vehicle76 @ 08:20:19 (sumoTime: 30019 seconds) on link 1 with path_nodes [1, 2, 3, 4] which means path_links [1, 2, 3]
['newVeh75'] arrived @ sumotime 30064.0 seconds
new vehicle77 @ 08:21:06 (sumoTime: 30066 seconds) on link 1 with path_nodes [1, 2, 3, 4] which means path_links [1, 2, 3]
['newVeh76'] arrived @ sumotime 30067.0 seconds
new vehicle78 @ 08:21:23 (sumoTime: 30083 seconds) on link 1 with path_nodes [1, 2, 3, 4] which means path_links [1, 2, 3]
['newVeh77'] arrived @ sumotime 30125.0 seconds
['newVeh78'] arrived @ sumotime 30135.0 seconds
new vehicle79 @ 08:23:26 (sumoTime: 30206 seconds) on link 1 with path_nodes [1, 2, 3, 4] which means path_links [1, 2, 3]
['newVeh79'] arrived @ sumotime 30263.0 seconds
new vehicle80 @ 08:25:49 (sumoTime: 30349 seconds) on link 1 with path_nodes [1, 2, 3, 4] which means path_links [1, 2, 3]
new vehicle81 @ 08:26:41 (sumoTime: 30401 seconds) on link 1 with path_nodes [1, 2, 3, 4] which means path_links [1, 2, 3]
['newVeh80'] arrived @ sumotime 30410.0 seconds
['newVeh80'] arrived @ sumotime 30411.0 seconds
['newVeh81'] arrived @ sumotime 30452.0 seconds
new vehicle82 @ 08:31:40 (sumoTime: 30700 seconds) on link 1 with path_nodes [1, 2, 3, 4] which means path_links [1, 2, 3]
['newVeh82'] arrived @ sumotime 30753.0 seconds
new vehicle83 @ 08:34:37 (sumoTime: 30877 seconds) on link 1 with path_nodes [1, 2, 3, 4] which means path_links [1, 2, 3]
['newVeh83'] arrived @ sumotime 30933.0 seconds
new vehicle84 @ 08:39:28 (sumoTime: 31168 seconds) on link 1 with path_nodes [1, 2, 3, 4] which means path_links [1, 2, 3]
['newVeh84'] arrived @ sumotime 31218.0 seconds
new vehicle85 @ 08:49:26 (sumoTime: 31766 seconds) on link 1 with path_nodes [1, 2, 3, 4] which means path_links [1, 2, 3]
['newVeh85'] arrived @ sumotime 31817.0 seconds
new vehicle86 @ 08:50:29 (sumoTime: 31829 seconds) on link 1 with path_nodes [1, 2, 3, 4] which means path_links [1, 2, 3]
['newVeh86'] arrived @ sumotime 31881.0 seconds
09:00:00
[INFO: transfer Visum-Sumo]: [(1.0, 100.0, 24.99513888888889, 2.0, 1.0), (-3.0, 100.0, 0.0, 3.0, 4.0), (5.0, 100.0, 0.0, 5.0, 4.0)] 
 [(3, 18)]
Umlegung ausgeführt
curVolumes: (90000, [(3, 18, 0)])
new vehicle87 @ 09:00:01 (sumoTime: 32401 seconds) on link 1 with path_nodes [1, 2, 3, 4] which means path_links [1, 2, 3]
new vehicle88 @ 09:00:36 (sumoTime: 32436 seconds) on link 1 with path_nodes [1, 2, 3, 4] which means path_links [1, 2, 3]
['newVeh87'] arrived @ sumotime 32452.0 seconds
['newVeh88'] arrived @ sumotime 32486.0 seconds
new vehicle89 @ 09:03:27 (sumoTime: 32607 seconds) on link 1 with path_nodes [1, 2, 3, 4] which means path_links [1, 2, 3]
new vehicle90 @ 09:03:39 (sumoTime: 32619 seconds) on link 1 with path_nodes [1, 2, 3, 4] which means path_links [1, 2, 3]
['newVeh89'] arrived @ sumotime 32664.0 seconds
['newVeh90'] arrived @ sumotime 32671.0 seconds
new vehicle91 @ 09:05:08 (sumoTime: 32708 seconds) on link 1 with path_nodes [1, 2, 3, 4] which means path_links [1, 2, 3]
['newVeh91'] arrived @ sumotime 32760.0 seconds
new vehicle92 @ 09:07:14 (sumoTime: 32834 seconds) on link 1 with path_nodes [1, 2, 3, 4] which means path_links [1, 2, 3]
['newVeh92'] arrived @ sumotime 32885.0 seconds
new vehicle93 @ 09:13:42 (sumoTime: 33222 seconds) on link 1 with path_nodes [1, 2, 3, 4] which means path_links [1, 2, 3]
new vehicle94 @ 09:14:21 (sumoTime: 33261 seconds) on link 1 with path_nodes [1, 2, 3, 4] which means path_links [1, 2, 3]
['newVeh93'] arrived @ sumotime 33278.0 seconds
['newVeh94'] arrived @ sumotime 33314.0 seconds
new vehicle95 @ 09:15:28 (sumoTime: 33328 seconds) on link 1 with path_nodes [1, 2, 3, 4] which means path_links [1, 2, 3]
['newVeh95'] arrived @ sumotime 33385.0 seconds
new vehicle96 @ 09:16:41 (sumoTime: 33401 seconds) on link 1 with path_nodes [1, 2, 3, 4] which means path_links [1, 2, 3]
['newVeh96'] arrived @ sumotime 33451.0 seconds
new vehicle97 @ 09:20:14 (sumoTime: 33614 seconds) on link 1 with path_nodes [1, 2, 3, 4] which means path_links [1, 2, 3]
new vehicle98 @ 09:20:19 (sumoTime: 33619 seconds) on link 1 with path_nodes [1, 2, 3, 4] which means path_links [1, 2, 3]
['newVeh97'] arrived @ sumotime 33664.0 seconds
['newVeh98'] arrived @ sumotime 33669.0 seconds
new vehicle99 @ 09:22:44 (sumoTime: 33764 seconds) on link 1 with path_nodes [1, 2, 3, 4] which means path_links [1, 2, 3]
['newVeh99'] arrived @ sumotime 33828.0 seconds
new vehicle100 @ 09:24:03 (sumoTime: 33843 seconds) on link 1 with path_nodes [1, 2, 3, 4] which means path_links [1, 2, 3]
new vehicle101 @ 09:24:03 (sumoTime: 33843 seconds) on link 1 with path_nodes [1, 2, 3, 4] which means path_links [1, 2, 3]
new vehicle102 @ 09:24:12 (sumoTime: 33852 seconds) on link 1 with path_nodes [1, 2, 3, 4] which means path_links [1, 2, 3]
new vehicle103 @ 09:24:24 (sumoTime: 33864 seconds) on link 1 with path_nodes [1, 2, 3, 4] which means path_links [1, 2, 3]
['newVeh100'] arrived @ sumotime 33899.0 seconds
['newVeh101'] arrived @ sumotime 33903.0 seconds
new vehicle104 @ 09:25:06 (sumoTime: 33906 seconds) on link 1 with path_nodes [1, 2, 3, 4] which means path_links [1, 2, 3]
['newVeh102'] arrived @ sumotime 33908.0 seconds
['newVeh103'] arrived @ sumotime 33919.0 seconds
new vehicle105 @ 09:25:29 (sumoTime: 33929 seconds) on link 1 with path_nodes [1, 2, 3, 4] which means path_links [1, 2, 3]
new vehicle106 @ 09:25:36 (sumoTime: 33936 seconds) on link 1 with path_nodes [1, 2, 3, 4] which means path_links [1, 2, 3]
['newVeh104'] arrived @ sumotime 33955.0 seconds
['newVeh105'] arrived @ sumotime 33978.0 seconds
['newVeh106'] arrived @ sumotime 33989.0 seconds
new vehicle107 @ 09:26:58 (sumoTime: 34018 seconds) on link 1 with path_nodes [1, 2, 3, 4] which means path_links [1, 2, 3]
new vehicle108 @ 09:27:06 (sumoTime: 34026 seconds) on link 1 with path_nodes [1, 2, 3, 4] which means path_links [1, 2, 3]
['newVeh107'] arrived @ sumotime 34073.0 seconds
['newVeh107'] arrived @ sumotime 34074.0 seconds
['newVeh108'] arrived @ sumotime 34078.0 seconds
new vehicle109 @ 09:31:18 (sumoTime: 34278 seconds) on link 1 with path_nodes [1, 2, 3, 4] which means path_links [1, 2, 3]
['newVeh109'] arrived @ sumotime 34332.0 seconds
new vehicle110 @ 09:35:06 (sumoTime: 34506 seconds) on link 1 with path_nodes [1, 2, 3, 4] which means path_links [1, 2, 3]
['newVeh110'] arrived @ sumotime 34557.0 seconds
new vehicle111 @ 09:36:42 (sumoTime: 34602 seconds) on link 1 with path_nodes [1, 2, 3, 4] which means path_links [1, 2, 3]
['newVeh111'] arrived @ sumotime 34654.0 seconds
new vehicle112 @ 09:38:14 (sumoTime: 34694 seconds) on link 1 with path_nodes [1, 2, 3, 4] which means path_links [1, 2, 3]
new vehicle113 @ 09:38:42 (sumoTime: 34722 seconds) on link 1 with path_nodes [1, 2, 3, 4] which means path_links [1, 2, 3]
['newVeh112'] arrived @ sumotime 34752.0 seconds
['newVeh113'] arrived @ sumotime 34773.0 seconds
new vehicle114 @ 09:40:32 (sumoTime: 34832 seconds) on link 1 with path_nodes [1, 2, 3, 4] which means path_links [1, 2, 3]
['newVeh114'] arrived @ sumotime 34886.0 seconds
new vehicle115 @ 09:43:22 (sumoTime: 35002 seconds) on link 1 with path_nodes [1, 2, 3, 4] which means path_links [1, 2, 3]
['newVeh115'] arrived @ sumotime 35058.0 seconds
['newVeh115'] arrived @ sumotime 35059.0 seconds
new vehicle116 @ 09:52:30 (sumoTime: 35550 seconds) on link 1 with path_nodes [1, 2, 3, 4] which means path_links [1, 2, 3]
['newVeh116'] arrived @ sumotime 35604.0 seconds
new vehicle117 @ 09:58:45 (sumoTime: 35925 seconds) on link 1 with path_nodes [1, 2, 3, 4] which means path_links [1, 2, 3]
['newVeh117'] arrived @ sumotime 35976.0 seconds
10:00:00
[INFO: transfer Visum-Sumo]: [(1.0, 100.0, 27.49513888888889, 2.0, 1.0), (-3.0, 100.0, 0.0, 3.0, 4.0), (5.0, 100.0, 0.0, 5.0, 4.0)] 
 [(3, 33)]
Umlegung ausgeführt
curVolumes: (100000, [(3, 33, 0)])
new vehicle118 @ 10:02:30 (sumoTime: 36150 seconds) on link 1 with path_nodes [1, 2, 3, 4] which means path_links [1, 2, 3]
['newVeh118'] arrived @ sumotime 36207.0 seconds
new vehicle119 @ 10:05:38 (sumoTime: 36338 seconds) on link 1 with path_nodes [1, 2, 3, 4] which means path_links [1, 2, 3]
['newVeh119'] arrived @ sumotime 36390.0 seconds
new vehicle120 @ 10:10:51 (sumoTime: 36651 seconds) on link 1 with path_nodes [1, 2, 3, 4] which means path_links [1, 2, 3]
['newVeh120'] arrived @ sumotime 36701.0 seconds
new vehicle121 @ 10:17:18 (sumoTime: 37038 seconds) on link 1 with path_nodes [1, 2, 3, 4] which means path_links [1, 2, 3]
new vehicle122 @ 10:18:03 (sumoTime: 37083 seconds) on link 1 with path_nodes [1, 2, 3, 4] which means path_links [1, 2, 3]
['newVeh121'] arrived @ sumotime 37092.0 seconds
new vehicle123 @ 10:18:32 (sumoTime: 37112 seconds) on link 1 with path_nodes [1, 2, 3, 4] which means path_links [1, 2, 3]
['newVeh122'] arrived @ sumotime 37134.0 seconds
['newVeh123'] arrived @ sumotime 37174.0 seconds
new vehicle124 @ 10:30:06 (sumoTime: 37806 seconds) on link 1 with path_nodes [1, 2, 3, 4] which means path_links [1, 2, 3]
new vehicle125 @ 10:30:14 (sumoTime: 37814 seconds) on link 1 with path_nodes [1, 2, 3, 4] which means path_links [1, 2, 3]
new vehicle126 @ 10:30:36 (sumoTime: 37836 seconds) on link 1 with path_nodes [1, 2, 3, 4] which means path_links [1, 2, 3]
['newVeh124'] arrived @ sumotime 37853.0 seconds
['newVeh125'] arrived @ sumotime 37866.0 seconds
['newVeh126'] arrived @ sumotime 37888.0 seconds
new vehicle127 @ 10:32:48 (sumoTime: 37968 seconds) on link 1 with path_nodes [1, 2, 3, 4] which means path_links [1, 2, 3]
['newVeh127'] arrived @ sumotime 38028.0 seconds
new vehicle128 @ 10:36:42 (sumoTime: 38202 seconds) on link 1 with path_nodes [1, 2, 3, 4] which means path_links [1, 2, 3]
['newVeh128'] arrived @ sumotime 38258.0 seconds
new vehicle129 @ 10:40:05 (sumoTime: 38405 seconds) on link 1 with path_nodes [1, 2, 3, 4] which means path_links [1, 2, 3]
new vehicle130 @ 10:40:40 (sumoTime: 38440 seconds) on link 1 with path_nodes [1, 2, 3, 4] which means path_links [1, 2, 3]
['newVeh129'] arrived @ sumotime 38455.0 seconds
['newVeh130'] arrived @ sumotime 38489.0 seconds
new vehicle131 @ 10:44:01 (sumoTime: 38641 seconds) on link 1 with path_nodes [1, 2, 3, 4] which means path_links [1, 2, 3]
new vehicle132 @ 10:44:46 (sumoTime: 38686 seconds) on link 1 with path_nodes [1, 2, 3, 4] which means path_links [1, 2, 3]
['newVeh131'] arrived @ sumotime 38694.0 seconds
['newVeh132'] arrived @ sumotime 38743.0 seconds
new vehicle133 @ 10:46:19 (sumoTime: 38779 seconds) on link 1 with path_nodes [1, 2, 3, 4] which means path_links [1, 2, 3]
new vehicle134 @ 10:46:37 (sumoTime: 38797 seconds) on link 1 with path_nodes [1, 2, 3, 4] which means path_links [1, 2, 3]
new vehicle135 @ 10:46:55 (sumoTime: 38815 seconds) on link 1 with path_nodes [1, 2, 3, 4] which means path_links [1, 2, 3]
['newVeh133'] arrived @ sumotime 38831.0 seconds
['newVeh134'] arrived @ sumotime 38846.0 seconds
['newVeh135'] arrived @ sumotime 38878.0 seconds
new vehicle136 @ 10:48:29 (sumoTime: 38909 seconds) on link 1 with path_nodes [1, 2, 3, 4] which means path_links [1, 2, 3]
['newVeh136'] arrived @ sumotime 38965.0 seconds
new vehicle137 @ 10:53:48 (sumoTime: 39228 seconds) on link 1 with path_nodes [1, 2, 3, 4] which means path_links [1, 2, 3]
['newVeh137'] arrived @ sumotime 39283.0 seconds
new vehicle138 @ 10:59:17 (sumoTime: 39557 seconds) on link 1 with path_nodes [1, 2, 3, 4] which means path_links [1, 2, 3]
new vehicle139 @ 10:59:29 (sumoTime: 39569 seconds) on link 1 with path_nodes [1, 2, 3, 4] which means path_links [1, 2, 3]
11:00:00
[INFO: transfer Visum-Sumo]: [(1.0, 100.0, 29.99513888888889, 2.0, 1.0), (-3.0, 100.0, 0.0, 3.0, 4.0), (5.0, 100.0, 0.0, 5.0, 4.0)] 
 [(3, 20)]
Umlegung ausgeführt
curVolumes: (110000, [(3, 20, 0)])
['newVeh138'] arrived @ sumotime 39609.0 seconds
['newVeh139'] arrived @ sumotime 39618.0 seconds
new vehicle140 @ 11:00:32 (sumoTime: 39632 seconds) on link 1 with path_nodes [1, 2, 3, 4] which means path_links [1, 2, 3]
['newVeh140'] arrived @ sumotime 39683.0 seconds
new vehicle141 @ 11:02:37 (sumoTime: 39757 seconds) on link 1 with path_nodes [1, 2, 3, 4] which means path_links [1, 2, 3]
['newVeh141'] arrived @ sumotime 39813.0 seconds
new vehicle142 @ 11:04:05 (sumoTime: 39845 seconds) on link 1 with path_nodes [1, 2, 3, 4] which means path_links [1, 2, 3]
new vehicle143 @ 11:04:47 (sumoTime: 39887 seconds) on link 1 with path_nodes [1, 2, 3, 4] which means path_links [1, 2, 3]
['newVeh142'] arrived @ sumotime 39896.0 seconds
['newVeh143'] arrived @ sumotime 39933.0 seconds
new vehicle144 @ 11:05:56 (sumoTime: 39956 seconds) on link 1 with path_nodes [1, 2, 3, 4] which means path_links [1, 2, 3]
['newVeh144'] arrived @ sumotime 40008.0 seconds
new vehicle145 @ 11:12:00 (sumoTime: 40320 seconds) on link 1 with path_nodes [1, 2, 3, 4] which means path_links [1, 2, 3]
['newVeh145'] arrived @ sumotime 40369.0 seconds
new vehicle146 @ 11:19:41 (sumoTime: 40781 seconds) on link 1 with path_nodes [1, 2, 3, 4] which means path_links [1, 2, 3]
['newVeh146'] arrived @ sumotime 40832.0 seconds
new vehicle147 @ 11:20:37 (sumoTime: 40837 seconds) on link 1 with path_nodes [1, 2, 3, 4] which means path_links [1, 2, 3]
['newVeh147'] arrived @ sumotime 40893.0 seconds
new vehicle148 @ 11:24:38 (sumoTime: 41078 seconds) on link 1 with path_nodes [1, 2, 3, 4] which means path_links [1, 2, 3]
new vehicle149 @ 11:24:56 (sumoTime: 41096 seconds) on link 1 with path_nodes [1, 2, 3, 4] which means path_links [1, 2, 3]
['newVeh148'] arrived @ sumotime 41133.0 seconds
['newVeh148'] arrived @ sumotime 41134.0 seconds
['newVeh149'] arrived @ sumotime 41147.0 seconds
new vehicle150 @ 11:27:04 (sumoTime: 41224 seconds) on link 1 with path_nodes [1, 2, 3, 4] which means path_links [1, 2, 3]
new vehicle151 @ 11:27:44 (sumoTime: 41264 seconds) on link 1 with path_nodes [1, 2, 3, 4] which means path_links [1, 2, 3]
['newVeh150'] arrived @ sumotime 41274.0 seconds
['newVeh151'] arrived @ sumotime 41318.0 seconds
new vehicle152 @ 11:31:54 (sumoTime: 41514 seconds) on link 1 with path_nodes [1, 2, 3, 4] which means path_links [1, 2, 3]
new vehicle153 @ 11:31:59 (sumoTime: 41519 seconds) on link 1 with path_nodes [1, 2, 3, 4] which means path_links [1, 2, 3]
new vehicle154 @ 11:32:16 (sumoTime: 41536 seconds) on link 1 with path_nodes [1, 2, 3, 4] which means path_links [1, 2, 3]
['newVeh152'] arrived @ sumotime 41564.0 seconds
['newVeh153'] arrived @ sumotime 41573.0 seconds
['newVeh154'] arrived @ sumotime 41586.0 seconds
new vehicle155 @ 11:35:15 (sumoTime: 41715 seconds) on link 1 with path_nodes [1, 2, 3, 4] which means path_links [1, 2, 3]
new vehicle156 @ 11:35:42 (sumoTime: 41742 seconds) on link 1 with path_nodes [1, 2, 3, 4] which means path_links [1, 2, 3]
['newVeh155'] arrived @ sumotime 41762.0 seconds
new vehicle157 @ 11:36:19 (sumoTime: 41779 seconds) on link 1 with path_nodes [1, 2, 3, 4] which means path_links [1, 2, 3]
['newVeh156'] arrived @ sumotime 41797.0 seconds
['newVeh157'] arrived @ sumotime 41825.0 seconds
['newVeh157'] arrived @ sumotime 41826.0 seconds
new vehicle158 @ 11:38:15 (sumoTime: 41895 seconds) on link 1 with path_nodes [1, 2, 3, 4] which means path_links [1, 2, 3]
['newVeh158'] arrived @ sumotime 41942.0 seconds
new vehicle159 @ 11:39:17 (sumoTime: 41957 seconds) on link 1 with path_nodes [1, 2, 3, 4] which means path_links [1, 2, 3]
['newVeh159'] arrived @ sumotime 42010.0 seconds
new vehicle160 @ 11:41:24 (sumoTime: 42084 seconds) on link 1 with path_nodes [1, 2, 3, 4] which means path_links [1, 2, 3]
['newVeh160'] arrived @ sumotime 42141.0 seconds
['newVeh160'] arrived @ sumotime 42142.0 seconds
new vehicle161 @ 11:50:56 (sumoTime: 42656 seconds) on link 1 with path_nodes [1, 2, 3, 4] which means path_links [1, 2, 3]
new vehicle162 @ 11:51:10 (sumoTime: 42670 seconds) on link 1 with path_nodes [1, 2, 3, 4] which means path_links [1, 2, 3]
['newVeh161'] arrived @ sumotime 42709.0 seconds
['newVeh162'] arrived @ sumotime 42719.0 seconds
new vehicle163 @ 11:54:36 (sumoTime: 42876 seconds) on link 1 with path_nodes [1, 2, 3, 4] which means path_links [1, 2, 3]
['newVeh163'] arrived @ sumotime 42927.0 seconds
new vehicle164 @ 11:57:43 (sumoTime: 43063 seconds) on link 1 with path_nodes [1, 2, 3, 4] which means path_links [1, 2, 3]
['newVeh164'] arrived @ sumotime 43113.0 seconds
12:00:00
[INFO: transfer Visum-Sumo]: [(1.0, 100.0, 32.49513888888889, 2.0, 1.0), (-3.0, 100.0, 0.0, 3.0, 4.0), (5.0, 100.0, 0.0, 5.0, 4.0)] 
 [(3, 30)]
Umlegung ausgeführt
curVolumes: (120000, [(3, 30, 0)])
new vehicle165 @ 12:00:53 (sumoTime: 43253 seconds) on link 1 with path_nodes [1, 2, 3, 4] which means path_links [1, 2, 3]
['newVeh165'] arrived @ sumotime 43280.0 seconds
['newVeh165'] arrived @ sumotime 43281.0 seconds
new vehicle166 @ 12:02:58 (sumoTime: 43378 seconds) on link 1 with path_nodes [1, 2, 3, 4] which means path_links [1, 2, 3]
['newVeh166'] arrived @ sumotime 43403.0 seconds
new vehicle167 @ 12:04:54 (sumoTime: 43494 seconds) on link 1 with path_nodes [1, 2, 3, 4] which means path_links [1, 2, 3]
['newVeh167'] arrived @ sumotime 43522.0 seconds
new vehicle168 @ 12:08:17 (sumoTime: 43697 seconds) on link 1 with path_nodes [1, 2, 3, 4] which means path_links [1, 2, 3]
['newVeh168'] arrived @ sumotime 43727.0 seconds
new vehicle169 @ 12:08:49 (sumoTime: 43729 seconds) on link 1 with path_nodes [1, 2, 3, 4] which means path_links [1, 2, 3]
['newVeh169'] arrived @ sumotime 43757.0 seconds
['newVeh169'] arrived @ sumotime 43758.0 seconds
new vehicle170 @ 12:10:03 (sumoTime: 43803 seconds) on link 1 with path_nodes [1, 2, 3, 4] which means path_links [1, 2, 3]
new vehicle171 @ 12:10:31 (sumoTime: 43831 seconds) on link 1 with path_nodes [1, 2, 3, 4] which means path_links [1, 2, 3]
['newVeh170'] arrived @ sumotime 43833.0 seconds
new vehicle172 @ 12:10:38 (sumoTime: 43838 seconds) on link 1 with path_nodes [1, 2, 3, 4] which means path_links [1, 2, 3]
new vehicle173 @ 12:10:47 (sumoTime: 43847 seconds) on link 1 with path_nodes [1, 2, 3, 4] which means path_links [1, 2, 3]
['newVeh171'] arrived @ sumotime 43864.0 seconds
['newVeh172'] arrived @ sumotime 43866.0 seconds
['newVeh173'] arrived @ sumotime 43874.0 seconds
new vehicle174 @ 12:11:57 (sumoTime: 43917 seconds) on link 1 with path_nodes [1, 2, 3, 4] which means path_links [1, 2, 3]
['newVeh174'] arrived @ sumotime 43944.0 seconds
new vehicle175 @ 12:14:36 (sumoTime: 44076 seconds) on link 1 with path_nodes [1, 2, 3, 4] which means path_links [1, 2, 3]
new vehicle176 @ 12:14:53 (sumoTime: 44093 seconds) on link 1 with path_nodes [1, 2, 3, 4] which means path_links [1, 2, 3]
['newVeh175'] arrived @ sumotime 44102.0 seconds
['newVeh176'] arrived @ sumotime 44120.0 seconds
new vehicle177 @ 12:16:20 (sumoTime: 44180 seconds) on link 1 with path_nodes [1, 2, 3, 4] which means path_links [1, 2, 3]
new vehicle178 @ 12:16:42 (sumoTime: 44202 seconds) on link 1 with path_nodes [1, 2, 3, 4] which means path_links [1, 2, 3]
new vehicle179 @ 12:16:43 (sumoTime: 44203 seconds) on link 1 with path_nodes [1, 2, 3, 4] which means path_links [1, 2, 3]
['newVeh177'] arrived @ sumotime 44208.0 seconds
['newVeh178'] arrived @ sumotime 44228.0 seconds
['newVeh179'] arrived @ sumotime 44236.0 seconds
new vehicle180 @ 12:17:35 (sumoTime: 44255 seconds) on link 1 with path_nodes [1, 2, 3, 4] which means path_links [1, 2, 3]
new vehicle181 @ 12:17:52 (sumoTime: 44272 seconds) on link 1 with path_nodes [1, 2, 3, 4] which means path_links [1, 2, 3]
['newVeh180'] arrived @ sumotime 44282.0 seconds
['newVeh181'] arrived @ sumotime 44298.0 seconds
new vehicle182 @ 12:18:19 (sumoTime: 44299 seconds) on link 1 with path_nodes [1, 2, 3, 4] which means path_links [1, 2, 3]
['newVeh182'] arrived @ sumotime 44327.0 seconds
new vehicle183 @ 12:19:33 (sumoTime: 44373 seconds) on link 1 with path_nodes [1, 2, 3, 4] which means path_links [1, 2, 3]
new vehicle184 @ 12:19:49 (sumoTime: 44389 seconds) on link 1 with path_nodes [1, 2, 3, 4] which means path_links [1, 2, 3]
['newVeh183'] arrived @ sumotime 44399.0 seconds
['newVeh184'] arrived @ sumotime 44420.0 seconds
['newVeh184'] arrived @ sumotime 44421.0 seconds
new vehicle185 @ 12:22:59 (sumoTime: 44579 seconds) on link 1 with path_nodes [1, 2, 3, 4] which means path_links [1, 2, 3]
new vehicle186 @ 12:23:07 (sumoTime: 44587 seconds) on link 1 with path_nodes [1, 2, 3, 4] which means path_links [1, 2, 3]
['newVeh185'] arrived @ sumotime 44605.0 seconds
['newVeh186'] arrived @ sumotime 44617.0 seconds
new vehicle187 @ 12:26:44 (sumoTime: 44804 seconds) on link 1 with path_nodes [1, 2, 3, 4] which means path_links [1, 2, 3]
['newVeh187'] arrived @ sumotime 44832.0 seconds
new vehicle188 @ 12:27:50 (sumoTime: 44870 seconds) on link 1 with path_nodes [1, 2, 3, 4] which means path_links [1, 2, 3]
['newVeh188'] arrived @ sumotime 44896.0 seconds
new vehicle189 @ 12:29:02 (sumoTime: 44942 seconds) on link 1 with path_nodes [1, 2, 3, 4] which means path_links [1, 2, 3]
['newVeh189'] arrived @ sumotime 44974.0 seconds
new vehicle190 @ 12:30:01 (sumoTime: 45001 seconds) on link 1 with path_nodes [1, 2, 3, 4] which means path_links [1, 2, 3]
['newVeh190'] arrived @ sumotime 45031.0 seconds
new vehicle191 @ 12:32:18 (sumoTime: 45138 seconds) on link 1 with path_nodes [1, 2, 3, 4] which means path_links [1, 2, 3]
['newVeh191'] arrived @ sumotime 45164.0 seconds
new vehicle192 @ 12:38:29 (sumoTime: 45509 seconds) on link 1 with path_nodes [1, 2, 3, 4] which means path_links [1, 2, 3]
['newVeh192'] arrived @ sumotime 45537.0 seconds
new vehicle193 @ 12:39:12 (sumoTime: 45552 seconds) on link 1 with path_nodes [1, 2, 3, 4] which means path_links [1, 2, 3]
['newVeh193'] arrived @ sumotime 45579.0 seconds
new vehicle194 @ 12:40:51 (sumoTime: 45651 seconds) on link 1 with path_nodes [1, 2, 3, 4] which means path_links [1, 2, 3]
['newVeh194'] arrived @ sumotime 45678.0 seconds
new vehicle195 @ 12:42:49 (sumoTime: 45769 seconds) on link 1 with path_nodes [1, 2, 3, 4] which means path_links [1, 2, 3]
['newVeh195'] arrived @ sumotime 45796.0 seconds
new vehicle196 @ 12:49:01 (sumoTime: 46141 seconds) on link 1 with path_nodes [1, 2, 3, 4] which means path_links [1, 2, 3]
new vehicle197 @ 12:49:28 (sumoTime: 46168 seconds) on link 1 with path_nodes [1, 2, 3, 4] which means path_links [1, 2, 3]
['newVeh196'] arrived @ sumotime 46169.0 seconds
['newVeh197'] arrived @ sumotime 46195.0 seconds
new vehicle198 @ 12:53:47 (sumoTime: 46427 seconds) on link 1 with path_nodes [1, 2, 3, 4] which means path_links [1, 2, 3]
new vehicle199 @ 12:53:59 (sumoTime: 46439 seconds) on link 1 with path_nodes [1, 2, 3, 4] which means path_links [1, 2, 3]
['newVeh198'] arrived @ sumotime 46453.0 seconds
['newVeh199'] arrived @ sumotime 46465.0 seconds
new vehicle200 @ 12:55:06 (sumoTime: 46506 seconds) on link 1 with path_nodes [1, 2, 3, 4] which means path_links [1, 2, 3]
['newVeh200'] arrived @ sumotime 46532.0 seconds
new vehicle201 @ 12:56:51 (sumoTime: 46611 seconds) on link 1 with path_nodes [1, 2, 3, 4] which means path_links [1, 2, 3]
['newVeh201'] arrived @ sumotime 46637.0 seconds
new vehicle202 @ 12:57:35 (sumoTime: 46655 seconds) on link 1 with path_nodes [1, 2, 3, 4] which means path_links [1, 2, 3]
['newVeh202'] arrived @ sumotime 46686.0 seconds
['newVeh202'] arrived @ sumotime 46687.0 seconds
new vehicle203 @ 12:59:52 (sumoTime: 46792 seconds) on link 1 with path_nodes [1, 2, 3, 4] which means path_links [1, 2, 3]
new vehicle204 @ 12:59:52 (sumoTime: 46792 seconds) on link 1 with path_nodes [1, 2, 3, 4] which means path_links [1, 2, 3]
13:00:00
[INFO: transfer Visum-Sumo]: [(1.0, 100.0, 34.99513888888889, 2.0, 1.0), (-3.0, 100.0, 0.0, 3.0, 4.0), (5.0, 100.0, 0.0, 5.0, 4.0)] 
 [(3, 42)]
Umlegung ausgeführt
curVolumes: (130000, [(3, 42, 0)])
new vehicle205 @ 13:00:04 (sumoTime: 46804 seconds) on link 1 with path_nodes [1, 2, 3, 4] which means path_links [1, 2, 3]
['newVeh203'] arrived @ sumotime 46821.0 seconds
['newVeh204'] arrived @ sumotime 46822.0 seconds
new vehicle206 @ 13:00:29 (sumoTime: 46829 seconds) on link 1 with path_nodes [1, 2, 3, 4] which means path_links [1, 2, 3]
['newVeh205'] arrived @ sumotime 46830.0 seconds
['newVeh206'] arrived @ sumotime 46857.0 seconds
new vehicle207 @ 13:01:53 (sumoTime: 46913 seconds) on link 1 with path_nodes [1, 2, 3, 4] which means path_links [1, 2, 3]
['newVeh207'] arrived @ sumotime 46941.0 seconds
new vehicle208 @ 13:03:35 (sumoTime: 47015 seconds) on link 1 with path_nodes [1, 2, 3, 4] which means path_links [1, 2, 3]
new vehicle209 @ 13:03:56 (sumoTime: 47036 seconds) on link 1 with path_nodes [1, 2, 3, 4] which means path_links [1, 2, 3]
['newVeh208'] arrived @ sumotime 47042.0 seconds
['newVeh209'] arrived @ sumotime 47062.0 seconds
new vehicle210 @ 13:05:54 (sumoTime: 47154 seconds) on link 1 with path_nodes [1, 2, 3, 4] which means path_links [1, 2, 3]
new vehicle211 @ 13:06:01 (sumoTime: 47161 seconds) on link 1 with path_nodes [1, 2, 3, 4] which means path_links [1, 2, 3]
new vehicle212 @ 13:06:03 (sumoTime: 47163 seconds) on link 1 with path_nodes [1, 2, 3, 4] which means path_links [1, 2, 3]
['newVeh210'] arrived @ sumotime 47181.0 seconds
['newVeh211'] arrived @ sumotime 47187.0 seconds
['newVeh212'] arrived @ sumotime 47191.0 seconds
new vehicle213 @ 13:07:16 (sumoTime: 47236 seconds) on link 1 with path_nodes [1, 2, 3, 4] which means path_links [1, 2, 3]
new vehicle214 @ 13:07:18 (sumoTime: 47238 seconds) on link 1 with path_nodes [1, 2, 3, 4] which means path_links [1, 2, 3]
new vehicle215 @ 13:07:46 (sumoTime: 47266 seconds) on link 1 with path_nodes [1, 2, 3, 4] which means path_links [1, 2, 3]
['newVeh213'] arrived @ sumotime 47268.0 seconds
['newVeh214'] arrived @ sumotime 47269.0 seconds
new vehicle216 @ 13:07:51 (sumoTime: 47271 seconds) on link 1 with path_nodes [1, 2, 3, 4] which means path_links [1, 2, 3]
['newVeh215'] arrived @ sumotime 47292.0 seconds
['newVeh216'] arrived @ sumotime 47299.0 seconds
new vehicle217 @ 13:09:56 (sumoTime: 47396 seconds) on link 1 with path_nodes [1, 2, 3, 4] which means path_links [1, 2, 3]
['newVeh217'] arrived @ sumotime 47423.0 seconds
new vehicle218 @ 13:16:52 (sumoTime: 47812 seconds) on link 1 with path_nodes [1, 2, 3, 4] which means path_links [1, 2, 3]
['newVeh218'] arrived @ sumotime 47839.0 seconds
new vehicle219 @ 13:17:57 (sumoTime: 47877 seconds) on link 1 with path_nodes [1, 2, 3, 4] which means path_links [1, 2, 3]
new vehicle220 @ 13:18:01 (sumoTime: 47881 seconds) on link 1 with path_nodes [1, 2, 3, 4] which means path_links [1, 2, 3]
['newVeh219'] arrived @ sumotime 47905.0 seconds
['newVeh220'] arrived @ sumotime 47907.0 seconds
new vehicle221 @ 13:19:11 (sumoTime: 47951 seconds) on link 1 with path_nodes [1, 2, 3, 4] which means path_links [1, 2, 3]
['newVeh221'] arrived @ sumotime 47978.0 seconds
new vehicle222 @ 13:21:04 (sumoTime: 48064 seconds) on link 1 with path_nodes [1, 2, 3, 4] which means path_links [1, 2, 3]
['newVeh222'] arrived @ sumotime 48096.0 seconds
new vehicle223 @ 13:22:36 (sumoTime: 48156 seconds) on link 1 with path_nodes [1, 2, 3, 4] which means path_links [1, 2, 3]
['newVeh223'] arrived @ sumotime 48185.0 seconds
new vehicle224 @ 13:23:27 (sumoTime: 48207 seconds) on link 1 with path_nodes [1, 2, 3, 4] which means path_links [1, 2, 3]
new vehicle225 @ 13:23:45 (sumoTime: 48225 seconds) on link 1 with path_nodes [1, 2, 3, 4] which means path_links [1, 2, 3]
['newVeh224'] arrived @ sumotime 48234.0 seconds
['newVeh225'] arrived @ sumotime 48251.0 seconds
new vehicle226 @ 13:24:33 (sumoTime: 48273 seconds) on link 1 with path_nodes [1, 2, 3, 4] which means path_links [1, 2, 3]
new vehicle227 @ 13:24:39 (sumoTime: 48279 seconds) on link 1 with path_nodes [1, 2, 3, 4] which means path_links [1, 2, 3]
['newVeh226'] arrived @ sumotime 48298.0 seconds
['newVeh227'] arrived @ sumotime 48305.0 seconds
new vehicle228 @ 13:25:52 (sumoTime: 48352 seconds) on link 1 with path_nodes [1, 2, 3, 4] which means path_links [1, 2, 3]
['newVeh228'] arrived @ sumotime 48378.0 seconds
new vehicle229 @ 13:29:13 (sumoTime: 48553 seconds) on link 1 with path_nodes [1, 2, 3, 4] which means path_links [1, 2, 3]
['newVeh229'] arrived @ sumotime 48579.0 seconds
['newVeh229'] arrived @ sumotime 48580.0 seconds
new vehicle230 @ 13:30:30 (sumoTime: 48630 seconds) on link 1 with path_nodes [1, 2, 3, 4] which means path_links [1, 2, 3]
new vehicle231 @ 13:30:42 (sumoTime: 48642 seconds) on link 1 with path_nodes [1, 2, 3, 4] which means path_links [1, 2, 3]
['newVeh230'] arrived @ sumotime 48655.0 seconds
['newVeh231'] arrived @ sumotime 48669.0 seconds
new vehicle232 @ 13:31:24 (sumoTime: 48684 seconds) on link 1 with path_nodes [1, 2, 3, 4] which means path_links [1, 2, 3]
['newVeh232'] arrived @ sumotime 48712.0 seconds
new vehicle233 @ 13:33:19 (sumoTime: 48799 seconds) on link 1 with path_nodes [1, 2, 3, 4] which means path_links [1, 2, 3]
new vehicle234 @ 13:33:42 (sumoTime: 48822 seconds) on link 1 with path_nodes [1, 2, 3, 4] which means path_links [1, 2, 3]
['newVeh233'] arrived @ sumotime 48824.0 seconds
['newVeh233'] arrived @ sumotime 48825.0 seconds
['newVeh234'] arrived @ sumotime 48852.0 seconds
new vehicle235 @ 13:35:58 (sumoTime: 48958 seconds) on link 1 with path_nodes [1, 2, 3, 4] which means path_links [1, 2, 3]
['newVeh235'] arrived @ sumotime 48986.0 seconds
new vehicle236 @ 13:39:25 (sumoTime: 49165 seconds) on link 1 with path_nodes [1, 2, 3, 4] which means path_links [1, 2, 3]
new vehicle237 @ 13:39:31 (sumoTime: 49171 seconds) on link 1 with path_nodes [1, 2, 3, 4] which means path_links [1, 2, 3]
['newVeh236'] arrived @ sumotime 49192.0 seconds
['newVeh237'] arrived @ sumotime 49197.0 seconds
new vehicle238 @ 13:40:51 (sumoTime: 49251 seconds) on link 1 with path_nodes [1, 2, 3, 4] which means path_links [1, 2, 3]
['newVeh238'] arrived @ sumotime 49277.0 seconds
new vehicle239 @ 13:41:22 (sumoTime: 49282 seconds) on link 1 with path_nodes [1, 2, 3, 4] which means path_links [1, 2, 3]
new vehicle240 @ 13:41:26 (sumoTime: 49286 seconds) on link 1 with path_nodes [1, 2, 3, 4] which means path_links [1, 2, 3]
['newVeh239'] arrived @ sumotime 49309.0 seconds
['newVeh240'] arrived @ sumotime 49315.0 seconds
new vehicle241 @ 13:44:40 (sumoTime: 49480 seconds) on link 1 with path_nodes [1, 2, 3, 4] which means path_links [1, 2, 3]
['newVeh241'] arrived @ sumotime 49509.0 seconds
new vehicle242 @ 13:45:16 (sumoTime: 49516 seconds) on link 1 with path_nodes [1, 2, 3, 4] which means path_links [1, 2, 3]
['newVeh242'] arrived @ sumotime 49542.0 seconds
new vehicle243 @ 13:47:57 (sumoTime: 49677 seconds) on link 1 with path_nodes [1, 2, 3, 4] which means path_links [1, 2, 3]
['newVeh243'] arrived @ sumotime 49703.0 seconds
['newVeh243'] arrived @ sumotime 49704.0 seconds
new vehicle244 @ 13:49:54 (sumoTime: 49794 seconds) on link 1 with path_nodes [1, 2, 3, 4] which means path_links [1, 2, 3]
new vehicle245 @ 13:50:06 (sumoTime: 49806 seconds) on link 1 with path_nodes [1, 2, 3, 4] which means path_links [1, 2, 3]
['newVeh244'] arrived @ sumotime 49820.0 seconds
['newVeh244'] arrived @ sumotime 49821.0 seconds
['newVeh245'] arrived @ sumotime 49836.0 seconds
new vehicle246 @ 13:52:11 (sumoTime: 49931 seconds) on link 1 with path_nodes [1, 2, 3, 4] which means path_links [1, 2, 3]
['newVeh246'] arrived @ sumotime 49957.0 seconds
['newVeh246'] arrived @ sumotime 49958.0 seconds
new vehicle247 @ 13:53:42 (sumoTime: 50022 seconds) on link 1 with path_nodes [1, 2, 3, 4] which means path_links [1, 2, 3]
['newVeh247'] arrived @ sumotime 50048.0 seconds
new vehicle248 @ 13:57:36 (sumoTime: 50256 seconds) on link 1 with path_nodes [1, 2, 3, 4] which means path_links [1, 2, 3]
['newVeh248'] arrived @ sumotime 50281.0 seconds
14:00:00
[INFO: transfer Visum-Sumo]: [(1.0, 100.0, 37.49513888888889, 2.0, 1.0), (-3.0, 100.0, 0.0, 3.0, 4.0), (5.0, 100.0, 0.0, 5.0, 4.0)] 
 [(3, 51)]
Umlegung ausgeführt
curVolumes: (140000, [(3, 51, 0)])
new vehicle249 @ 14:00:51 (sumoTime: 50451 seconds) on link 1 with path_nodes [1, 2, 3, 4] which means path_links [1, 2, 3]
['newVeh249'] arrived @ sumotime 50477.0 seconds
new vehicle250 @ 14:02:27 (sumoTime: 50547 seconds) on link 1 with path_nodes [1, 2, 3, 4] which means path_links [1, 2, 3]
['newVeh250'] arrived @ sumotime 50574.0 seconds
new vehicle251 @ 14:02:57 (sumoTime: 50577 seconds) on link 1 with path_nodes [1, 2, 3, 4] which means path_links [1, 2, 3]
['newVeh251'] arrived @ sumotime 50606.0 seconds
new vehicle252 @ 14:03:30 (sumoTime: 50610 seconds) on link 1 with path_nodes [1, 2, 3, 4] which means path_links [1, 2, 3]
new vehicle253 @ 14:03:50 (sumoTime: 50630 seconds) on link 1 with path_nodes [1, 2, 3, 4] which means path_links [1, 2, 3]
['newVeh252'] arrived @ sumotime 50637.0 seconds
new vehicle254 @ 14:04:00 (sumoTime: 50640 seconds) on link 1 with path_nodes [1, 2, 3, 4] which means path_links [1, 2, 3]
['newVeh253'] arrived @ sumotime 50657.0 seconds
['newVeh254'] arrived @ sumotime 50669.0 seconds
new vehicle255 @ 14:05:16 (sumoTime: 50716 seconds) on link 1 with path_nodes [1, 2, 3, 4] which means path_links [1, 2, 3]
['newVeh255'] arrived @ sumotime 50744.0 seconds
new vehicle256 @ 14:06:49 (sumoTime: 50809 seconds) on link 1 with path_nodes [1, 2, 3, 4] which means path_links [1, 2, 3]
['newVeh256'] arrived @ sumotime 50836.0 seconds
new vehicle257 @ 14:09:05 (sumoTime: 50945 seconds) on link 1 with path_nodes [1, 2, 3, 4] which means path_links [1, 2, 3]
['newVeh257'] arrived @ sumotime 50974.0 seconds
new vehicle258 @ 14:11:09 (sumoTime: 51069 seconds) on link 1 with path_nodes [1, 2, 3, 4] which means path_links [1, 2, 3]
new vehicle259 @ 14:11:23 (sumoTime: 51083 seconds) on link 1 with path_nodes [1, 2, 3, 4] which means path_links [1, 2, 3]
['newVeh258'] arrived @ sumotime 51096.0 seconds
['newVeh259'] arrived @ sumotime 51110.0 seconds
new vehicle260 @ 14:14:25 (sumoTime: 51265 seconds) on link 1 with path_nodes [1, 2, 3, 4] which means path_links [1, 2, 3]
new vehicle261 @ 14:14:40 (sumoTime: 51280 seconds) on link 1 with path_nodes [1, 2, 3, 4] which means path_links [1, 2, 3]
new vehicle262 @ 14:14:41 (sumoTime: 51281 seconds) on link 1 with path_nodes [1, 2, 3, 4] which means path_links [1, 2, 3]
['newVeh260'] arrived @ sumotime 51295.0 seconds
['newVeh261'] arrived @ sumotime 51308.0 seconds
['newVeh262'] arrived @ sumotime 51310.0 seconds
new vehicle263 @ 14:17:06 (sumoTime: 51426 seconds) on link 1 with path_nodes [1, 2, 3, 4] which means path_links [1, 2, 3]
new vehicle264 @ 14:17:10 (sumoTime: 51430 seconds) on link 1 with path_nodes [1, 2, 3, 4] which means path_links [1, 2, 3]
['newVeh263'] arrived @ sumotime 51453.0 seconds
['newVeh264'] arrived @ sumotime 51457.0 seconds
new vehicle265 @ 14:20:50 (sumoTime: 51650 seconds) on link 1 with path_nodes [1, 2, 3, 4] which means path_links [1, 2, 3]
new vehicle266 @ 14:20:52 (sumoTime: 51652 seconds) on link 1 with path_nodes [1, 2, 3, 4] which means path_links [1, 2, 3]
['newVeh265'] arrived @ sumotime 51677.0 seconds
['newVeh266'] arrived @ sumotime 51678.0 seconds
new vehicle267 @ 14:21:40 (sumoTime: 51700 seconds) on link 1 with path_nodes [1, 2, 3, 4] which means path_links [1, 2, 3]
['newVeh267'] arrived @ sumotime 51726.0 seconds
new vehicle268 @ 14:23:04 (sumoTime: 51784 seconds) on link 1 with path_nodes [1, 2, 3, 4] which means path_links [1, 2, 3]
['newVeh268'] arrived @ sumotime 51809.0 seconds
new vehicle269 @ 14:23:33 (sumoTime: 51813 seconds) on link 1 with path_nodes [1, 2, 3, 4] which means path_links [1, 2, 3]
['newVeh269'] arrived @ sumotime 51841.0 seconds
new vehicle270 @ 14:27:08 (sumoTime: 52028 seconds) on link 1 with path_nodes [1, 2, 3, 4] which means path_links [1, 2, 3]
new vehicle271 @ 14:27:26 (sumoTime: 52046 seconds) on link 1 with path_nodes [1, 2, 3, 4] which means path_links [1, 2, 3]
['newVeh270'] arrived @ sumotime 52057.0 seconds
new vehicle272 @ 14:27:42 (sumoTime: 52062 seconds) on link 1 with path_nodes [1, 2, 3, 4] which means path_links [1, 2, 3]
['newVeh271'] arrived @ sumotime 52071.0 seconds
['newVeh272'] arrived @ sumotime 52088.0 seconds
new vehicle273 @ 14:29:07 (sumoTime: 52147 seconds) on link 1 with path_nodes [1, 2, 3, 4] which means path_links [1, 2, 3]
new vehicle274 @ 14:29:17 (sumoTime: 52157 seconds) on link 1 with path_nodes [1, 2, 3, 4] which means path_links [1, 2, 3]
new vehicle275 @ 14:29:19 (sumoTime: 52159 seconds) on link 1 with path_nodes [1, 2, 3, 4] which means path_links [1, 2, 3]
['newVeh273'] arrived @ sumotime 52179.0 seconds
['newVeh274'] arrived @ sumotime 52184.0 seconds
['newVeh275'] arrived @ sumotime 52189.0 seconds
new vehicle276 @ 14:29:52 (sumoTime: 52192 seconds) on link 1 with path_nodes [1, 2, 3, 4] which means path_links [1, 2, 3]
['newVeh276'] arrived @ sumotime 52219.0 seconds
new vehicle277 @ 14:31:41 (sumoTime: 52301 seconds) on link 1 with path_nodes [1, 2, 3, 4] which means path_links [1, 2, 3]
new vehicle278 @ 14:31:47 (sumoTime: 52307 seconds) on link 1 with path_nodes [1, 2, 3, 4] which means path_links [1, 2, 3]
new vehicle279 @ 14:31:51 (sumoTime: 52311 seconds) on link 1 with path_nodes [1, 2, 3, 4] which means path_links [1, 2, 3]
new vehicle280 @ 14:31:56 (sumoTime: 52316 seconds) on link 1 with path_nodes [1, 2, 3, 4] which means path_links [1, 2, 3]
['newVeh277'] arrived @ sumotime 52327.0 seconds
['newVeh278'] arrived @ sumotime 52335.0 seconds
['newVeh279'] arrived @ sumotime 52338.0 seconds
['newVeh280'] arrived @ sumotime 52344.0 seconds
new vehicle281 @ 14:32:48 (sumoTime: 52368 seconds) on link 1 with path_nodes [1, 2, 3, 4] which means path_links [1, 2, 3]
['newVeh281'] arrived @ sumotime 52397.0 seconds
new vehicle282 @ 14:35:22 (sumoTime: 52522 seconds) on link 1 with path_nodes [1, 2, 3, 4] which means path_links [1, 2, 3]
['newVeh282'] arrived @ sumotime 52551.0 seconds
new vehicle283 @ 14:43:45 (sumoTime: 53025 seconds) on link 1 with path_nodes [1, 2, 3, 4] which means path_links [1, 2, 3]
['newVeh283'] arrived @ sumotime 53051.0 seconds
new vehicle284 @ 14:44:21 (sumoTime: 53061 seconds) on link 1 with path_nodes [1, 2, 3, 4] which means path_links [1, 2, 3]
['newVeh284'] arrived @ sumotime 53089.0 seconds
new vehicle285 @ 14:45:01 (sumoTime: 53101 seconds) on link 1 with path_nodes [1, 2, 3, 4] which means path_links [1, 2, 3]
new vehicle286 @ 14:45:16 (sumoTime: 53116 seconds) on link 1 with path_nodes [1, 2, 3, 4] which means path_links [1, 2, 3]
['newVeh285'] arrived @ sumotime 53132.0 seconds
['newVeh286'] arrived @ sumotime 53142.0 seconds
new vehicle287 @ 14:48:17 (sumoTime: 53297 seconds) on link 1 with path_nodes [1, 2, 3, 4] which means path_links [1, 2, 3]
['newVeh287'] arrived @ sumotime 53323.0 seconds
new vehicle288 @ 14:50:57 (sumoTime: 53457 seconds) on link 1 with path_nodes [1, 2, 3, 4] which means path_links [1, 2, 3]
['newVeh288'] arrived @ sumotime 53488.0 seconds
new vehicle289 @ 14:51:40 (sumoTime: 53500 seconds) on link 1 with path_nodes [1, 2, 3, 4] which means path_links [1, 2, 3]
['newVeh289'] arrived @ sumotime 53528.0 seconds
new vehicle290 @ 14:52:37 (sumoTime: 53557 seconds) on link 1 with path_nodes [1, 2, 3, 4] which means path_links [1, 2, 3]
['newVeh290'] arrived @ sumotime 53583.0 seconds
new vehicle291 @ 14:53:33 (sumoTime: 53613 seconds) on link 1 with path_nodes [1, 2, 3, 4] which means path_links [1, 2, 3]
['newVeh291'] arrived @ sumotime 53640.0 seconds
Gesamte Auslastung: 296
Summe erzeugter Fahrzeuge: 292
-> Fahrzeuge verloren: 4
Neue Umlegungen nötig: [False, True, True, True, True, True, True, True, True, True, True, True, True, True, True]
Tupel bestehend aus: VolVisum, geplantesVolSumo, avgArrTimeVisum, avgArrTimeSumo
Link: 1 -> [(2, 2, 1800, 1004), (5, 5, 720, 956), (7, 4, 514, 878), (10, 9, 360, 390), (12, 15, 300, 286), (15, 13, 240, 290), (17, 14, 211, 272), (20, 16, 180, 227), (22, 18, 163, 190), (25, 32, 144, 119), (27, 23, 133, 160), (30, 26, 120, 144), (32, 41, 112, 89), (35, 45, 102, 82), (37, 44, 97, 83)]
Link: 3 -> []
Link: 5 -> []
VolumenInSumo: [(5328, ['1', '2', '3']), (11645, ['1', '2', '3']), (12523, ['1', '2', '3']), (13657, ['1', '2', '3']), (15727, ['1', '2', '3']), (21715, ['1', '2', '3']), (24342, ['1', '2', '3']), (25333, ['1', '2', '3']), (31436, ['1', '2', '3']), (31718, ['1', '2', '3']), (31735, ['1', '2', '3']), (32138, ['1', '2', '3']), (32546, ['1', '2', '3']), (35029, ['1', '2', '3']), (35451, ['1', '2', '3']), (35914, ['1', '2', '3']), (40206, ['1', '2', '3']), (40457, ['1', '2', '3']), (40738, ['1', '2', '3']), (40923, ['1', '2', '3']), (41047, ['1', '2', '3']), (41527, ['1', '2', '3']), (41546, ['1', '2', '3']), (41933, ['1', '2', '3']), (42811, ['1', '2', '3']), (43322, ['1', '2', '3']), (44008, ['1', '2', '3']), (44311, ['1', '2', '3']), (44416, ['1', '2', '3']), (45101, ['1', '2', '3']), (50331, ['1', '2', '3']), (50551, ['1', '2', '3']), (50735, ['1', '2', '3']), (50915, ['1', '2', '3']), (51519, ['1', '2', '3']), (52606, ['1', '2', '3']), (53552, ['1', '2', '3']), (54730, ['1', '2', '3']), (54821, ['1', '2', '3']), (55241, ['1', '2', '3']), (55318, ['1', '2', '3']), (55527, ['1', '2', '3']), (60323, ['1', '2', '3']), (61348, ['1', '2', '3']), (62629, ['1', '2', '3']), (62823, ['1', '2', '3']), (62928, ['1', '2', '3']), (63257, ['1', '2', '3']), (63443, ['1', '2', '3']), (64044, ['1', '2', '3']), (64555, ['1', '2', '3']), (65130, ['1', '2', '3']), (65437, ['1', '2', '3']), (65703, ['1', '2', '3']), (65946, ['1', '2', '3']), (70930, ['1', '2', '3']), (71304, ['1', '2', '3']), (71727, ['1', '2', '3']), (72655, ['1', '2', '3']), (72818, ['1', '2', '3']), (73105, ['1', '2', '3']), (73626, ['1', '2', '3']), (73918, ['1', '2', '3']), (73925, ['1', '2', '3']), (73944, ['1', '2', '3']), (74120, ['1', '2', '3']), (74812, ['1', '2', '3']), (74818, ['1', '2', '3']), (75455, ['1', '2', '3']), (75620, ['1', '2', '3']), (80818, ['1', '6', '7', '-8', '3']), (81330, ['1', '6', '7', '-8', '3']), (81358, ['1', '6', '7', '-8', '3']), (81411, ['1', '6', '7', '-8', '3']), (81724, ['1', '6', '7', '-8', '3']), (82012, ['1', '6', '7', '-8', '3']), (82019, ['1', '6', '7', '-8', '3']), (82106, ['1', '6', '7', '-8', '3']), (82123, ['1', '6', '7', '-8', '3']), (82326, ['1', '6', '7', '-8', '3']), (82549, ['1', '6', '7', '-8', '3']), (82641, ['1', '6', '7', '-8', '3']), (83140, ['1', '6', '7', '-8', '3']), (83437, ['1', '6', '7', '-8', '3']), (83928, ['1', '6', '7', '-8', '3']), (84926, ['1', '6', '7', '-8', '3']), (85029, ['1', '6', '7', '-8', '3']), (90001, ['1', '6', '7', '-8', '3']), (90036, ['1', '6', '7', '-8', '3']), (90327, ['1', '6', '7', '-8', '3']), (90339, ['1', '6', '7', '-8', '3']), (90508, ['1', '6', '7', '-8', '3']), (90714, ['1', '6', '7', '-8', '3']), (91342, ['1', '6', '7', '-8', '3']), (91421, ['1', '6', '7', '-8', '3']), (91528, ['1', '6', '7', '-8', '3']), (91641, ['1', '6', '7', '-8', '3']), (92014, ['1', '6', '7', '-8', '3']), (92019, ['1', '6', '7', '-8', '3']), (92244, ['1', '6', '7', '-8', '3']), (92403, ['1', '6', '7', '-8', '3']), (92403, ['1', '6', '7', '-8', '3']), (92412, ['1', '6', '7', '-8', '3']), (92424, ['1', '6', '7', '-8', '3']), (92506, ['1', '6', '7', '-8', '3']), (92529, ['1', '6', '7', '-8', '3']), (92536, ['1', '6', '7', '-8', '3']), (92658, ['1', '6', '7', '-8', '3']), (92706, ['1', '6', '7', '-8', '3']), (93118, ['1', '6', '7', '-8', '3']), (93506, ['1', '6', '7', '-8', '3']), (93642, ['1', '6', '7', '-8', '3']), (93814, ['1', '6', '7', '-8', '3']), (93842, ['1', '6', '7', '-8', '3']), (94032, ['1', '6', '7', '-8', '3']), (94322, ['1', '6', '7', '-8', '3']), (95230, ['1', '6', '7', '-8', '3']), (95845, ['1', '6', '7', '-8', '3']), (100230, ['1', '6', '7', '-8', '3']), (100538, ['1', '6', '7', '-8', '3']), (101051, ['1', '6', '7', '-8', '3']), (101718, ['1', '6', '7', '-8', '3']), (101803, ['1', '6', '7', '-8', '3']), (101832, ['1', '6', '7', '-8', '3']), (103006, ['1', '6', '7', '-8', '3']), (103014, ['1', '6', '7', '-8', '3']), (103036, ['1', '6', '7', '-8', '3']), (103248, ['1', '6', '7', '-8', '3']), (103642, ['1', '6', '7', '-8', '3']), (104005, ['1', '6', '7', '-8', '3']), (104040, ['1', '6', '7', '-8', '3']), (104401, ['1', '6', '7', '-8', '3']), (104446, ['1', '6', '7', '-8', '3']), (104619, ['1', '6', '7', '-8', '3']), (104637, ['1', '6', '7', '-8', '3']), (104655, ['1', '6', '7', '-8', '3']), (104829, ['1', '6', '7', '-8', '3']), (105348, ['1', '6', '7', '-8', '3']), (105917, ['1', '6', '7', '-8', '3']), (105929, ['1', '6', '7', '-8', '3']), (110032, ['1', '6', '7', '-8', '3']), (110237, ['1', '6', '7', '-8', '3']), (110405, ['1', '6', '7', '-8', '3']), (110447, ['1', '6', '7', '-8', '3']), (110556, ['1', '6', '7', '-8', '3']), (111200, ['1', '6', '7', '-8', '3']), (111941, ['1', '6', '7', '-8', '3']), (112037, ['1', '6', '7', '-8', '3']), (112438, ['1', '6', '7', '-8', '3']), (112456, ['1', '6', '7', '-8', '3']), (112704, ['1', '6', '7', '-8', '3']), (112744, ['1', '6', '7', '-8', '3']), (113154, ['1', '6', '7', '-8', '3']), (113159, ['1', '6', '7', '-8', '3']), (113216, ['1', '6', '7', '-8', '3']), (113515, ['1', '6', '7', '-8', '3']), (113542, ['1', '6', '7', '-8', '3']), (113619, ['1', '6', '7', '-8', '3']), (113815, ['1', '6', '7', '-8', '3']), (113917, ['1', '6', '7', '-8', '3']), (114124, ['1', '6', '7', '-8', '3']), (115056, ['1', '6', '7', '-8', '3']), (115110, ['1', '6', '7', '-8', '3']), (115436, ['1', '6', '7', '-8', '3']), (115743, ['1', '6', '7', '-8', '3']), (120053, ['1', '2', '3']), (120258, ['1', '2', '3']), (120454, ['1', '2', '3']), (120817, ['1', '2', '3']), (120849, ['1', '2', '3']), (121003, ['1', '2', '3']), (121031, ['1', '2', '3']), (121038, ['1', '2', '3']), (121047, ['1', '2', '3']), (121157, ['1', '2', '3']), (121436, ['1', '2', '3']), (121453, ['1', '2', '3']), (121620, ['1', '2', '3']), (121642, ['1', '2', '3']), (121643, ['1', '2', '3']), (121735, ['1', '2', '3']), (121752, ['1', '2', '3']), (121819, ['1', '2', '3']), (121933, ['1', '2', '3']), (121949, ['1', '2', '3']), (122259, ['1', '2', '3']), (122307, ['1', '2', '3']), (122644, ['1', '2', '3']), (122750, ['1', '2', '3']), (122902, ['1', '2', '3']), (123001, ['1', '2', '3']), (123218, ['1', '2', '3']), (123829, ['1', '2', '3']), (123912, ['1', '2', '3']), (124051, ['1', '2', '3']), (124249, ['1', '2', '3']), (124901, ['1', '2', '3']), (124928, ['1', '2', '3']), (125347, ['1', '2', '3']), (125359, ['1', '2', '3']), (125506, ['1', '2', '3']), (125651, ['1', '2', '3']), (125735, ['1', '2', '3']), (125952, ['1', '2', '3']), (125952, ['1', '2', '3']), (130004, ['1', '2', '3']), (130029, ['1', '2', '3']), (130153, ['1', '2', '3']), (130335, ['1', '2', '3']), (130356, ['1', '2', '3']), (130554, ['1', '2', '3']), (130601, ['1', '2', '3']), (130603, ['1', '2', '3']), (130716, ['1', '2', '3']), (130718, ['1', '2', '3']), (130746, ['1', '2', '3']), (130751, ['1', '2', '3']), (130956, ['1', '2', '3']), (131652, ['1', '2', '3']), (131757, ['1', '2', '3']), (131801, ['1', '2', '3']), (131911, ['1', '2', '3']), (132104, ['1', '2', '3']), (132236, ['1', '2', '3']), (132327, ['1', '2', '3']), (132345, ['1', '2', '3']), (132433, ['1', '2', '3']), (132439, ['1', '2', '3']), (132552, ['1', '2', '3']), (132913, ['1', '2', '3']), (133030, ['1', '2', '3']), (133042, ['1', '2', '3']), (133124, ['1', '2', '3']), (133319, ['1', '2', '3']), (133342, ['1', '2', '3']), (133558, ['1', '2', '3']), (133925, ['1', '2', '3']), (133931, ['1', '2', '3']), (134051, ['1', '2', '3']), (134122, ['1', '2', '3']), (134126, ['1', '2', '3']), (134440, ['1', '2', '3']), (134516, ['1', '2', '3']), (134757, ['1', '2', '3']), (134954, ['1', '2', '3']), (135006, ['1', '2', '3']), (135211, ['1', '2', '3']), (135342, ['1', '2', '3']), (135736, ['1', '2', '3']), (140051, ['1', '2', '3']), (140227, ['1', '2', '3']), (140257, ['1', '2', '3']), (140330, ['1', '2', '3']), (140350, ['1', '2', '3']), (140400, ['1', '2', '3']), (140516, ['1', '2', '3']), (140649, ['1', '2', '3']), (140905, ['1', '2', '3']), (141109, ['1', '2', '3']), (141123, ['1', '2', '3']), (141425, ['1', '2', '3']), (141440, ['1', '2', '3']), (141441, ['1', '2', '3']), (141706, ['1', '2', '3']), (141710, ['1', '2', '3']), (142050, ['1', '2', '3']), (142052, ['1', '2', '3']), (142140, ['1', '2', '3']), (142304, ['1', '2', '3']), (142333, ['1', '2', '3']), (142708, ['1', '2', '3']), (142726, ['1', '2', '3']), (142742, ['1', '2', '3']), (142907, ['1', '2', '3']), (142917, ['1', '2', '3']), (142919, ['1', '2', '3']), (142952, ['1', '2', '3']), (143141, ['1', '2', '3']), (143147, ['1', '2', '3']), (143151, ['1', '2', '3']), (143156, ['1', '2', '3']), (143248, ['1', '2', '3']), (143522, ['1', '2', '3']), (144345, ['1', '2', '3']), (144421, ['1', '2', '3']), (144501, ['1', '2', '3']), (144516, ['1', '2', '3']), (144817, ['1', '2', '3']), (145057, ['1', '2', '3']), (145140, ['1', '2', '3']), (145237, ['1', '2', '3']), (145333, ['1', '2', '3'])]
2 -> 3 : [(10000, 1), (20000, 4), (30000, 4), (40000, 8), (50000, 12), (60000, 12), (70000, 15), (80000, 17), (90000, 18), (100000, 25), (110000, 20), (120000, 30), (130000, 32), (140000, 35)]
2 -> 5 : [(10000, 1), (20000, 1), (30000, 3), (40000, 2), (50000, 0), (60000, 3), (70000, 2), (80000, 3), (90000, 4), (100000, 0), (110000, 8), (120000, 0), (130000, 0), (140000, 0)]
2 -> 6 : [(10000, 0), (20000, 0), (30000, 0), (40000, 0), (50000, 0), (60000, 0), (70000, 0), (80000, 0), (90000, 0), (100000, 0), (110000, 0), (120000, 0), (130000, 0), (140000, 0)]
3 -> 2 : [(10000, 0), (20000, 0), (30000, 0), (40000, 0), (50000, 0), (60000, 0), (70000, 0), (80000, 0), (90000, 0), (100000, 0), (110000, 0), (120000, 0), (130000, 0), (140000, 0)]
3 -> 4 : [(10000, 1), (20000, 4), (30000, 4), (40000, 8), (50000, 12), (60000, 12), (70000, 15), (80000, 17), (90000, 18), (100000, 25), (110000, 20), (120000, 30), (130000, 32), (140000, 35)]
3 -> 7 : [(10000, 0), (20000, 0), (30000, 0), (40000, 0), (50000, 0), (60000, 0), (70000, 0), (80000, 0), (90000, 0), (100000, 0), (110000, 0), (120000, 0), (130000, 0), (140000, 0)]
4 -> 3 : [(10000, 0), (20000, 0), (30000, 0), (40000, 0), (50000, 0), (60000, 0), (70000, 0), (80000, 0), (90000, 0), (100000, 0), (110000, 0), (120000, 0), (130000, 0), (140000, 0)]
4 -> 5 : [(10000, 0), (20000, 0), (30000, 0), (40000, 0), (50000, 0), (60000, 0), (70000, 0), (80000, 0), (90000, 0), (100000, 0), (110000, 0), (120000, 0), (130000, 0), (140000, 0)]
5 -> 2 : [(10000, 0), (20000, 0), (30000, 0), (40000, 0), (50000, 0), (60000, 0), (70000, 0), (80000, 0), (90000, 0), (100000, 0), (110000, 0), (120000, 0), (130000, 0), (140000, 0)]
5 -> 4 : [(10000, 1), (20000, 1), (30000, 3), (40000, 2), (50000, 0), (60000, 3), (70000, 2), (80000, 3), (90000, 4), (100000, 0), (110000, 8), (120000, 0), (130000, 0), (140000, 0)]
6 -> 2 : [(10000, 0), (20000, 0), (30000, 0), (40000, 0), (50000, 0), (60000, 0), (70000, 0), (80000, 0), (90000, 0), (100000, 0), (110000, 0), (120000, 0), (130000, 0), (140000, 0)]
6 -> 7 : [(10000, 0), (20000, 0), (30000, 0), (40000, 0), (50000, 0), (60000, 0), (70000, 0), (80000, 0), (90000, 0), (100000, 0), (110000, 0), (120000, 0), (130000, 0), (140000, 0)]
7 -> 3 : [(10000, 0), (20000, 0), (30000, 0), (40000, 0), (50000, 0), (60000, 0), (70000, 0), (80000, 0), (90000, 0), (100000, 0), (110000, 0), (120000, 0), (130000, 0), (140000, 0)]
7 -> 6 : [(10000, 0), (20000, 0), (30000, 0), (40000, 0), (50000, 0), (60000, 0), (70000, 0), (80000, 0), (90000, 0), (100000, 0), (110000, 0), (120000, 0), (130000, 0), (140000, 0)]
