00:00:00
new vehicle0 @ 00:02:54 (sumoTime: 174 seconds) on link 1 with path_nodes [1, 2, 3, 4] which means path_links [1, 2, 3]
['newVeh0'] arrived @ sumotime 202.0 seconds
01:00:00
[INFO: transfer Visum-Sumo]: [(1.0, 100.0, 4.995138888888889, 2.0, 1.0), (-3.0, 100.0, 0.0, 3.0, 4.0), (5.0, 100.0, 0.0, 5.0, 4.0)] 
 [(3, 1)]
Umlegung ausgeführt
curVolumes: (10000, [(3, 1, 0)])
new vehicle1 @ 01:00:48 (sumoTime: 3648 seconds) on link 1 with path_nodes [1, 2, 3, 4] which means path_links [1, 2, 3]
new vehicle2 @ 01:00:59 (sumoTime: 3659 seconds) on link 1 with path_nodes [1, 2, 3, 4] which means path_links [1, 2, 3]
['newVeh1'] arrived @ sumotime 3674.0 seconds
['newVeh2'] arrived @ sumotime 3685.0 seconds
new vehicle3 @ 01:01:28 (sumoTime: 3688 seconds) on link 1 with path_nodes [1, 2, 3, 4] which means path_links [1, 2, 3]
['newVeh3'] arrived @ sumotime 3717.0 seconds
new vehicle4 @ 01:05:38 (sumoTime: 3938 seconds) on link 1 with path_nodes [1, 2, 3, 4] which means path_links [1, 2, 3]
['newVeh4'] arrived @ sumotime 3966.0 seconds
new vehicle5 @ 01:26:08 (sumoTime: 5168 seconds) on link 1 with path_nodes [1, 2, 3, 4] which means path_links [1, 2, 3]
['newVeh5'] arrived @ sumotime 5194.0 seconds
new vehicle6 @ 01:26:53 (sumoTime: 5213 seconds) on link 1 with path_nodes [1, 2, 3, 4] which means path_links [1, 2, 3]
['newVeh6'] arrived @ sumotime 5239.0 seconds
['newVeh6'] arrived @ sumotime 5240.0 seconds
02:00:00
[INFO: transfer Visum-Sumo]: [(1.0, 100.0, 7.495138888888889, 2.0, 1.0), (-3.0, 100.0, 0.0, 3.0, 4.0), (5.0, 100.0, 0.0, 5.0, 4.0)] 
 [(3, 7)]
Umlegung ausgeführt
curVolumes: (20000, [(3, 7, 0)])
new vehicle7 @ 02:03:44 (sumoTime: 7424 seconds) on link 1 with path_nodes [1, 2, 3, 4] which means path_links [1, 2, 3]
['newVeh7'] arrived @ sumotime 7449.0 seconds
new vehicle8 @ 02:15:15 (sumoTime: 8115 seconds) on link 1 with path_nodes [1, 2, 3, 4] which means path_links [1, 2, 3]
['newVeh8'] arrived @ sumotime 8145.0 seconds
new vehicle9 @ 02:15:49 (sumoTime: 8149 seconds) on link 1 with path_nodes [1, 2, 3, 4] which means path_links [1, 2, 3]
['newVeh9'] arrived @ sumotime 8179.0 seconds
new vehicle10 @ 02:18:41 (sumoTime: 8321 seconds) on link 1 with path_nodes [1, 2, 3, 4] which means path_links [1, 2, 3]
['newVeh10'] arrived @ sumotime 8348.0 seconds
new vehicle11 @ 02:31:15 (sumoTime: 9075 seconds) on link 1 with path_nodes [1, 2, 3, 4] which means path_links [1, 2, 3]
['newVeh11'] arrived @ sumotime 9103.0 seconds
new vehicle12 @ 02:44:27 (sumoTime: 9867 seconds) on link 1 with path_nodes [1, 2, 3, 4] which means path_links [1, 2, 3]
['newVeh12'] arrived @ sumotime 9898.0 seconds
new vehicle13 @ 02:46:35 (sumoTime: 9995 seconds) on link 1 with path_nodes [1, 2, 3, 4] which means path_links [1, 2, 3]
['newVeh13'] arrived @ sumotime 10022.0 seconds
new vehicle14 @ 02:51:50 (sumoTime: 10310 seconds) on link 1 with path_nodes [1, 2, 3, 4] which means path_links [1, 2, 3]
['newVeh14'] arrived @ sumotime 10338.0 seconds
new vehicle15 @ 02:53:20 (sumoTime: 10400 seconds) on link 1 with path_nodes [1, 2, 3, 4] which means path_links [1, 2, 3]
['newVeh15'] arrived @ sumotime 10427.0 seconds
03:00:00
[INFO: transfer Visum-Sumo]: [(1.0, 100.0, 9.995138888888889, 2.0, 1.0), (-3.0, 100.0, 0.0, 3.0, 4.0), (5.0, 100.0, 0.0, 5.0, 4.0)] 
 [(3, 9)]
Umlegung ausgeführt
curVolumes: (30000, [(3, 9, 0)])
new vehicle16 @ 03:03:15 (sumoTime: 10995 seconds) on link 1 with path_nodes [1, 2, 3, 4] which means path_links [1, 2, 3]
new vehicle17 @ 03:03:19 (sumoTime: 10999 seconds) on link 1 with path_nodes [1, 2, 3, 4] which means path_links [1, 2, 3]
['newVeh16'] arrived @ sumotime 11020.0 seconds
['newVeh17'] arrived @ sumotime 11029.0 seconds
new vehicle18 @ 03:07:20 (sumoTime: 11240 seconds) on link 1 with path_nodes [1, 2, 3, 4] which means path_links [1, 2, 3]
['newVeh18'] arrived @ sumotime 11267.0 seconds
new vehicle19 @ 03:10:08 (sumoTime: 11408 seconds) on link 1 with path_nodes [1, 2, 3, 4] which means path_links [1, 2, 3]
['newVeh19'] arrived @ sumotime 11433.0 seconds
new vehicle20 @ 03:19:05 (sumoTime: 11945 seconds) on link 1 with path_nodes [1, 2, 3, 4] which means path_links [1, 2, 3]
['newVeh20'] arrived @ sumotime 11971.0 seconds
new vehicle21 @ 03:25:05 (sumoTime: 12305 seconds) on link 1 with path_nodes [1, 2, 3, 4] which means path_links [1, 2, 3]
['newVeh21'] arrived @ sumotime 12335.0 seconds
new vehicle22 @ 03:29:22 (sumoTime: 12562 seconds) on link 1 with path_nodes [1, 2, 3, 4] which means path_links [1, 2, 3]
['newVeh22'] arrived @ sumotime 12588.0 seconds
new vehicle23 @ 03:30:08 (sumoTime: 12608 seconds) on link 1 with path_nodes [1, 2, 3, 4] which means path_links [1, 2, 3]
['newVeh23'] arrived @ sumotime 12633.0 seconds
['newVeh23'] arrived @ sumotime 12634.0 seconds
new vehicle24 @ 03:36:52 (sumoTime: 13012 seconds) on link 1 with path_nodes [1, 2, 3, 4] which means path_links [1, 2, 3]
['newVeh24'] arrived @ sumotime 13041.0 seconds
new vehicle25 @ 03:38:32 (sumoTime: 13112 seconds) on link 1 with path_nodes [1, 2, 3, 4] which means path_links [1, 2, 3]
['newVeh25'] arrived @ sumotime 13138.0 seconds
new vehicle26 @ 03:39:24 (sumoTime: 13164 seconds) on link 1 with path_nodes [1, 2, 3, 4] which means path_links [1, 2, 3]
['newVeh26'] arrived @ sumotime 13193.0 seconds
new vehicle27 @ 03:42:34 (sumoTime: 13354 seconds) on link 1 with path_nodes [1, 2, 3, 4] which means path_links [1, 2, 3]
['newVeh27'] arrived @ sumotime 13382.0 seconds
new vehicle28 @ 03:50:38 (sumoTime: 13838 seconds) on link 1 with path_nodes [1, 2, 3, 4] which means path_links [1, 2, 3]
['newVeh28'] arrived @ sumotime 13865.0 seconds
new vehicle29 @ 03:54:59 (sumoTime: 14099 seconds) on link 1 with path_nodes [1, 2, 3, 4] which means path_links [1, 2, 3]
['newVeh29'] arrived @ sumotime 14125.0 seconds
04:00:00
[INFO: transfer Visum-Sumo]: [(1.0, 100.0, 12.495138888888889, 2.0, 1.0), (-3.0, 100.0, 0.0, 3.0, 4.0), (5.0, 100.0, 0.0, 5.0, 4.0)] 
 [(3, 15)]
Umlegung ausgeführt
curVolumes: (40000, [(3, 15, 0)])
new vehicle30 @ 04:02:40 (sumoTime: 14560 seconds) on link 1 with path_nodes [1, 2, 3, 4] which means path_links [1, 2, 3]
['newVeh30'] arrived @ sumotime 14588.0 seconds
new vehicle31 @ 04:05:57 (sumoTime: 14757 seconds) on link 1 with path_nodes [1, 2, 3, 4] which means path_links [1, 2, 3]
['newVeh31'] arrived @ sumotime 14783.0 seconds
new vehicle32 @ 04:09:59 (sumoTime: 14999 seconds) on link 1 with path_nodes [1, 2, 3, 4] which means path_links [1, 2, 3]
['newVeh32'] arrived @ sumotime 15029.0 seconds
new vehicle33 @ 04:10:43 (sumoTime: 15043 seconds) on link 1 with path_nodes [1, 2, 3, 4] which means path_links [1, 2, 3]
['newVeh33'] arrived @ sumotime 15071.0 seconds
new vehicle34 @ 04:11:39 (sumoTime: 15099 seconds) on link 1 with path_nodes [1, 2, 3, 4] which means path_links [1, 2, 3]
['newVeh34'] arrived @ sumotime 15124.0 seconds
new vehicle35 @ 04:19:08 (sumoTime: 15548 seconds) on link 1 with path_nodes [1, 2, 3, 4] which means path_links [1, 2, 3]
['newVeh35'] arrived @ sumotime 15574.0 seconds
new vehicle36 @ 04:22:51 (sumoTime: 15771 seconds) on link 1 with path_nodes [1, 2, 3, 4] which means path_links [1, 2, 3]
['newVeh36'] arrived @ sumotime 15797.0 seconds
new vehicle37 @ 04:29:10 (sumoTime: 16150 seconds) on link 1 with path_nodes [1, 2, 3, 4] which means path_links [1, 2, 3]
['newVeh37'] arrived @ sumotime 16176.0 seconds
new vehicle38 @ 04:35:05 (sumoTime: 16505 seconds) on link 1 with path_nodes [1, 2, 3, 4] which means path_links [1, 2, 3]
['newVeh38'] arrived @ sumotime 16532.0 seconds
['newVeh38'] arrived @ sumotime 16533.0 seconds
new vehicle39 @ 04:38:14 (sumoTime: 16694 seconds) on link 1 with path_nodes [1, 2, 3, 4] which means path_links [1, 2, 3]
['newVeh39'] arrived @ sumotime 16722.0 seconds
new vehicle40 @ 04:46:26 (sumoTime: 17186 seconds) on link 1 with path_nodes [1, 2, 3, 4] which means path_links [1, 2, 3]
['newVeh40'] arrived @ sumotime 17215.0 seconds
new vehicle41 @ 04:53:12 (sumoTime: 17592 seconds) on link 1 with path_nodes [1, 2, 3, 4] which means path_links [1, 2, 3]
new vehicle42 @ 04:53:36 (sumoTime: 17616 seconds) on link 1 with path_nodes [1, 2, 3, 4] which means path_links [1, 2, 3]
['newVeh41'] arrived @ sumotime 17620.0 seconds
['newVeh42'] arrived @ sumotime 17644.0 seconds
new vehicle43 @ 04:54:32 (sumoTime: 17672 seconds) on link 1 with path_nodes [1, 2, 3, 4] which means path_links [1, 2, 3]
['newVeh43'] arrived @ sumotime 17703.0 seconds
new vehicle44 @ 04:56:26 (sumoTime: 17786 seconds) on link 1 with path_nodes [1, 2, 3, 4] which means path_links [1, 2, 3]
['newVeh44'] arrived @ sumotime 17810.0 seconds
new vehicle45 @ 04:58:15 (sumoTime: 17895 seconds) on link 1 with path_nodes [1, 2, 3, 4] which means path_links [1, 2, 3]
new vehicle46 @ 04:58:35 (sumoTime: 17915 seconds) on link 1 with path_nodes [1, 2, 3, 4] which means path_links [1, 2, 3]
['newVeh45'] arrived @ sumotime 17922.0 seconds
['newVeh46'] arrived @ sumotime 17944.0 seconds
05:00:00
[INFO: transfer Visum-Sumo]: [(1.0, 100.0, 14.995138888888889, 2.0, 1.0), (-3.0, 100.0, 0.0, 3.0, 4.0), (5.0, 100.0, 0.0, 5.0, 4.0)] 
 [(3, 18)]
Umlegung ausgeführt
curVolumes: (50000, [(3, 18, 0)])
new vehicle47 @ 05:12:13 (sumoTime: 18733 seconds) on link 1 with path_nodes [1, 2, 3, 4] which means path_links [1, 2, 3]
['newVeh47'] arrived @ sumotime 18759.0 seconds
['newVeh47'] arrived @ sumotime 18760.0 seconds
new vehicle48 @ 05:16:15 (sumoTime: 18975 seconds) on link 1 with path_nodes [1, 2, 3, 4] which means path_links [1, 2, 3]
['newVeh48'] arrived @ sumotime 19004.0 seconds
new vehicle49 @ 05:26:27 (sumoTime: 19587 seconds) on link 1 with path_nodes [1, 2, 3, 4] which means path_links [1, 2, 3]
['newVeh49'] arrived @ sumotime 19615.0 seconds
new vehicle50 @ 05:27:16 (sumoTime: 19636 seconds) on link 1 with path_nodes [1, 2, 3, 4] which means path_links [1, 2, 3]
['newVeh50'] arrived @ sumotime 19662.0 seconds
['newVeh50'] arrived @ sumotime 19663.0 seconds
new vehicle51 @ 05:32:22 (sumoTime: 19942 seconds) on link 1 with path_nodes [1, 2, 3, 4] which means path_links [1, 2, 3]
['newVeh51'] arrived @ sumotime 19967.0 seconds
new vehicle52 @ 05:34:02 (sumoTime: 20042 seconds) on link 1 with path_nodes [1, 2, 3, 4] which means path_links [1, 2, 3]
['newVeh52'] arrived @ sumotime 20070.0 seconds
['newVeh52'] arrived @ sumotime 20071.0 seconds
new vehicle53 @ 05:34:51 (sumoTime: 20091 seconds) on link 1 with path_nodes [1, 2, 3, 4] which means path_links [1, 2, 3]
['newVeh53'] arrived @ sumotime 20117.0 seconds
new vehicle54 @ 05:35:29 (sumoTime: 20129 seconds) on link 1 with path_nodes [1, 2, 3, 4] which means path_links [1, 2, 3]
['newVeh54'] arrived @ sumotime 20155.0 seconds
new vehicle55 @ 05:36:35 (sumoTime: 20195 seconds) on link 1 with path_nodes [1, 2, 3, 4] which means path_links [1, 2, 3]
['newVeh55'] arrived @ sumotime 20221.0 seconds
new vehicle56 @ 05:39:19 (sumoTime: 20359 seconds) on link 1 with path_nodes [1, 2, 3, 4] which means path_links [1, 2, 3]
['newVeh56'] arrived @ sumotime 20386.0 seconds
new vehicle57 @ 05:40:30 (sumoTime: 20430 seconds) on link 1 with path_nodes [1, 2, 3, 4] which means path_links [1, 2, 3]
['newVeh57'] arrived @ sumotime 20459.0 seconds
new vehicle58 @ 05:47:44 (sumoTime: 20864 seconds) on link 1 with path_nodes [1, 2, 3, 4] which means path_links [1, 2, 3]
['newVeh58'] arrived @ sumotime 20889.0 seconds
new vehicle59 @ 05:48:54 (sumoTime: 20934 seconds) on link 1 with path_nodes [1, 2, 3, 4] which means path_links [1, 2, 3]
['newVeh59'] arrived @ sumotime 20963.0 seconds
new vehicle60 @ 05:51:11 (sumoTime: 21071 seconds) on link 1 with path_nodes [1, 2, 3, 4] which means path_links [1, 2, 3]
['newVeh60'] arrived @ sumotime 21100.0 seconds
new vehicle61 @ 05:53:05 (sumoTime: 21185 seconds) on link 1 with path_nodes [1, 2, 3, 4] which means path_links [1, 2, 3]
['newVeh61'] arrived @ sumotime 21215.0 seconds
new vehicle62 @ 05:53:53 (sumoTime: 21233 seconds) on link 1 with path_nodes [1, 2, 3, 4] which means path_links [1, 2, 3]
['newVeh62'] arrived @ sumotime 21263.0 seconds
new vehicle63 @ 05:54:52 (sumoTime: 21292 seconds) on link 1 with path_nodes [1, 2, 3, 4] which means path_links [1, 2, 3]
['newVeh63'] arrived @ sumotime 21319.0 seconds
06:00:00
[INFO: transfer Visum-Sumo]: [(1.0, 100.0, 17.49513888888889, 2.0, 1.0), (-3.0, 100.0, 0.0, 3.0, 4.0), (5.0, 100.0, 0.0, 5.0, 4.0)] 
 [(3, 20)]
Umlegung ausgeführt
curVolumes: (60000, [(3, 20, 0)])
new vehicle64 @ 06:03:10 (sumoTime: 21790 seconds) on link 1 with path_nodes [1, 2, 3, 4] which means path_links [1, 2, 3]
['newVeh64'] arrived @ sumotime 21816.0 seconds
new vehicle65 @ 06:04:43 (sumoTime: 21883 seconds) on link 1 with path_nodes [1, 2, 3, 4] which means path_links [1, 2, 3]
['newVeh65'] arrived @ sumotime 21909.0 seconds
new vehicle66 @ 06:14:35 (sumoTime: 22475 seconds) on link 1 with path_nodes [1, 2, 3, 4] which means path_links [1, 2, 3]
new vehicle67 @ 06:15:02 (sumoTime: 22502 seconds) on link 1 with path_nodes [1, 2, 3, 4] which means path_links [1, 2, 3]
['newVeh66'] arrived @ sumotime 22503.0 seconds
['newVeh67'] arrived @ sumotime 22529.0 seconds
new vehicle68 @ 06:17:57 (sumoTime: 22677 seconds) on link 1 with path_nodes [1, 2, 3, 4] which means path_links [1, 2, 3]
['newVeh68'] arrived @ sumotime 22703.0 seconds
new vehicle69 @ 06:18:33 (sumoTime: 22713 seconds) on link 1 with path_nodes [1, 2, 3, 4] which means path_links [1, 2, 3]
['newVeh69'] arrived @ sumotime 22740.0 seconds
new vehicle70 @ 06:21:28 (sumoTime: 22888 seconds) on link 1 with path_nodes [1, 2, 3, 4] which means path_links [1, 2, 3]
['newVeh70'] arrived @ sumotime 22914.0 seconds
new vehicle71 @ 06:30:12 (sumoTime: 23412 seconds) on link 1 with path_nodes [1, 2, 3, 4] which means path_links [1, 2, 3]
['newVeh71'] arrived @ sumotime 23439.0 seconds
new vehicle72 @ 06:34:52 (sumoTime: 23692 seconds) on link 1 with path_nodes [1, 2, 3, 4] which means path_links [1, 2, 3]
['newVeh72'] arrived @ sumotime 23719.0 seconds
new vehicle73 @ 06:38:15 (sumoTime: 23895 seconds) on link 1 with path_nodes [1, 2, 3, 4] which means path_links [1, 2, 3]
new vehicle74 @ 06:38:22 (sumoTime: 23902 seconds) on link 1 with path_nodes [1, 2, 3, 4] which means path_links [1, 2, 3]
['newVeh73'] arrived @ sumotime 23922.0 seconds
['newVeh74'] arrived @ sumotime 23931.0 seconds
new vehicle75 @ 06:44:58 (sumoTime: 24298 seconds) on link 1 with path_nodes [1, 2, 3, 4] which means path_links [1, 2, 3]
['newVeh75'] arrived @ sumotime 24326.0 seconds
new vehicle76 @ 06:53:38 (sumoTime: 24818 seconds) on link 1 with path_nodes [1, 2, 3, 4] which means path_links [1, 2, 3]
['newVeh76'] arrived @ sumotime 24843.0 seconds
new vehicle77 @ 06:54:45 (sumoTime: 24885 seconds) on link 1 with path_nodes [1, 2, 3, 4] which means path_links [1, 2, 3]
['newVeh77'] arrived @ sumotime 24916.0 seconds
07:00:00
[INFO: transfer Visum-Sumo]: [(1.0, 100.0, 19.99513888888889, 2.0, 1.0), (-3.0, 100.0, 0.0, 3.0, 4.0), (5.0, 100.0, 0.0, 5.0, 4.0)] 
 [(3, 14)]
Umlegung ausgeführt
curVolumes: (70000, [(3, 14, 0)])
new vehicle78 @ 07:07:55 (sumoTime: 25675 seconds) on link 1 with path_nodes [1, 2, 3, 4] which means path_links [1, 2, 3]
new vehicle79 @ 07:08:11 (sumoTime: 25691 seconds) on link 1 with path_nodes [1, 2, 3, 4] which means path_links [1, 2, 3]
['newVeh78'] arrived @ sumotime 25703.0 seconds
['newVeh79'] arrived @ sumotime 25721.0 seconds
['newVeh79'] arrived @ sumotime 25722.0 seconds
new vehicle80 @ 07:13:53 (sumoTime: 26033 seconds) on link 1 with path_nodes [1, 2, 3, 4] which means path_links [1, 2, 3]
['newVeh80'] arrived @ sumotime 26065.0 seconds
new vehicle81 @ 07:14:52 (sumoTime: 26092 seconds) on link 1 with path_nodes [1, 2, 3, 4] which means path_links [1, 2, 3]
['newVeh81'] arrived @ sumotime 26118.0 seconds
new vehicle82 @ 07:16:10 (sumoTime: 26170 seconds) on link 1 with path_nodes [1, 2, 3, 4] which means path_links [1, 2, 3]
new vehicle83 @ 07:16:30 (sumoTime: 26190 seconds) on link 1 with path_nodes [1, 2, 3, 4] which means path_links [1, 2, 3]
new vehicle84 @ 07:16:33 (sumoTime: 26193 seconds) on link 1 with path_nodes [1, 2, 3, 4] which means path_links [1, 2, 3]
['newVeh82'] arrived @ sumotime 26198.0 seconds
['newVeh83'] arrived @ sumotime 26219.0 seconds
['newVeh84'] arrived @ sumotime 26220.0 seconds
new vehicle85 @ 07:22:05 (sumoTime: 26525 seconds) on link 1 with path_nodes [1, 2, 3, 4] which means path_links [1, 2, 3]
['newVeh85'] arrived @ sumotime 26551.0 seconds
new vehicle86 @ 07:24:33 (sumoTime: 26673 seconds) on link 1 with path_nodes [1, 2, 3, 4] which means path_links [1, 2, 3]
['newVeh86'] arrived @ sumotime 26701.0 seconds
new vehicle87 @ 07:25:35 (sumoTime: 26735 seconds) on link 1 with path_nodes [1, 2, 3, 4] which means path_links [1, 2, 3]
['newVeh87'] arrived @ sumotime 26761.0 seconds
new vehicle88 @ 07:26:54 (sumoTime: 26814 seconds) on link 1 with path_nodes [1, 2, 3, 4] which means path_links [1, 2, 3]
['newVeh88'] arrived @ sumotime 26840.0 seconds
new vehicle89 @ 07:32:01 (sumoTime: 27121 seconds) on link 1 with path_nodes [1, 2, 3, 4] which means path_links [1, 2, 3]
['newVeh89'] arrived @ sumotime 27151.0 seconds
new vehicle90 @ 07:32:59 (sumoTime: 27179 seconds) on link 1 with path_nodes [1, 2, 3, 4] which means path_links [1, 2, 3]
['newVeh90'] arrived @ sumotime 27204.0 seconds
new vehicle91 @ 07:35:55 (sumoTime: 27355 seconds) on link 1 with path_nodes [1, 2, 3, 4] which means path_links [1, 2, 3]
['newVeh91'] arrived @ sumotime 27382.0 seconds
new vehicle92 @ 07:36:47 (sumoTime: 27407 seconds) on link 1 with path_nodes [1, 2, 3, 4] which means path_links [1, 2, 3]
['newVeh92'] arrived @ sumotime 27433.0 seconds
new vehicle93 @ 07:39:03 (sumoTime: 27543 seconds) on link 1 with path_nodes [1, 2, 3, 4] which means path_links [1, 2, 3]
['newVeh93'] arrived @ sumotime 27570.0 seconds
['newVeh93'] arrived @ sumotime 27571.0 seconds
new vehicle94 @ 07:43:30 (sumoTime: 27810 seconds) on link 1 with path_nodes [1, 2, 3, 4] which means path_links [1, 2, 3]
['newVeh94'] arrived @ sumotime 27838.0 seconds
new vehicle95 @ 07:45:34 (sumoTime: 27934 seconds) on link 1 with path_nodes [1, 2, 3, 4] which means path_links [1, 2, 3]
['newVeh95'] arrived @ sumotime 27964.0 seconds
new vehicle96 @ 07:46:44 (sumoTime: 28004 seconds) on link 1 with path_nodes [1, 2, 3, 4] which means path_links [1, 2, 3]
['newVeh96'] arrived @ sumotime 28030.0 seconds
new vehicle97 @ 07:47:29 (sumoTime: 28049 seconds) on link 1 with path_nodes [1, 2, 3, 4] which means path_links [1, 2, 3]
['newVeh97'] arrived @ sumotime 28075.0 seconds
new vehicle98 @ 07:48:27 (sumoTime: 28107 seconds) on link 1 with path_nodes [1, 2, 3, 4] which means path_links [1, 2, 3]
['newVeh98'] arrived @ sumotime 28133.0 seconds
new vehicle99 @ 07:52:22 (sumoTime: 28342 seconds) on link 1 with path_nodes [1, 2, 3, 4] which means path_links [1, 2, 3]
['newVeh99'] arrived @ sumotime 28375.0 seconds
new vehicle100 @ 07:55:39 (sumoTime: 28539 seconds) on link 1 with path_nodes [1, 2, 3, 4] which means path_links [1, 2, 3]
['newVeh100'] arrived @ sumotime 28569.0 seconds
new vehicle101 @ 07:57:07 (sumoTime: 28627 seconds) on link 1 with path_nodes [1, 2, 3, 4] which means path_links [1, 2, 3]
['newVeh101'] arrived @ sumotime 28656.0 seconds
new vehicle102 @ 07:57:58 (sumoTime: 28678 seconds) on link 1 with path_nodes [1, 2, 3, 4] which means path_links [1, 2, 3]
['newVeh102'] arrived @ sumotime 28707.0 seconds
08:00:00
[INFO: transfer Visum-Sumo]: [(1.0, 100.0, 22.49513888888889, 2.0, 1.0), (-3.0, 100.0, 0.0, 3.0, 4.0), (5.0, 100.0, 0.0, 5.0, 4.0)] 
 [(3, 27)]
Umlegung ausgeführt
curVolumes: (80000, [(3, 27, 0)])
new vehicle103 @ 08:00:20 (sumoTime: 28820 seconds) on link 1 with path_nodes [1, 2, 3, 4] which means path_links [1, 2, 3]
['newVeh103'] arrived @ sumotime 28875.0 seconds
new vehicle104 @ 08:08:07 (sumoTime: 29287 seconds) on link 1 with path_nodes [1, 2, 3, 4] which means path_links [1, 2, 3]
['newVeh104'] arrived @ sumotime 29337.0 seconds
new vehicle105 @ 08:10:03 (sumoTime: 29403 seconds) on link 1 with path_nodes [1, 2, 3, 4] which means path_links [1, 2, 3]
new vehicle106 @ 08:10:31 (sumoTime: 29431 seconds) on link 1 with path_nodes [1, 2, 3, 4] which means path_links [1, 2, 3]
['newVeh105'] arrived @ sumotime 29451.0 seconds
['newVeh106'] arrived @ sumotime 29485.0 seconds
new vehicle107 @ 08:13:21 (sumoTime: 29601 seconds) on link 1 with path_nodes [1, 2, 3, 4] which means path_links [1, 2, 3]
['newVeh107'] arrived @ sumotime 29657.0 seconds
new vehicle108 @ 08:15:19 (sumoTime: 29719 seconds) on link 1 with path_nodes [1, 2, 3, 4] which means path_links [1, 2, 3]
new vehicle109 @ 08:15:59 (sumoTime: 29759 seconds) on link 1 with path_nodes [1, 2, 3, 4] which means path_links [1, 2, 3]
['newVeh108'] arrived @ sumotime 29770.0 seconds
new vehicle110 @ 08:16:43 (sumoTime: 29803 seconds) on link 1 with path_nodes [1, 2, 3, 4] which means path_links [1, 2, 3]
['newVeh109'] arrived @ sumotime 29811.0 seconds
['newVeh110'] arrived @ sumotime 29854.0 seconds
['newVeh110'] arrived @ sumotime 29855.0 seconds
new vehicle111 @ 08:17:36 (sumoTime: 29856 seconds) on link 1 with path_nodes [1, 2, 3, 4] which means path_links [1, 2, 3]
['newVeh111'] arrived @ sumotime 29907.0 seconds
new vehicle112 @ 08:24:35 (sumoTime: 30275 seconds) on link 1 with path_nodes [1, 2, 3, 4] which means path_links [1, 2, 3]
['newVeh112'] arrived @ sumotime 30331.0 seconds
new vehicle113 @ 08:28:39 (sumoTime: 30519 seconds) on link 1 with path_nodes [1, 2, 3, 4] which means path_links [1, 2, 3]
['newVeh113'] arrived @ sumotime 30569.0 seconds
new vehicle114 @ 08:33:45 (sumoTime: 30825 seconds) on link 1 with path_nodes [1, 2, 3, 4] which means path_links [1, 2, 3]
['newVeh114'] arrived @ sumotime 30881.0 seconds
new vehicle115 @ 08:36:51 (sumoTime: 31011 seconds) on link 1 with path_nodes [1, 2, 3, 4] which means path_links [1, 2, 3]
['newVeh115'] arrived @ sumotime 31066.0 seconds
new vehicle116 @ 08:39:05 (sumoTime: 31145 seconds) on link 1 with path_nodes [1, 2, 3, 4] which means path_links [1, 2, 3]
new vehicle117 @ 08:39:26 (sumoTime: 31166 seconds) on link 1 with path_nodes [1, 2, 3, 4] which means path_links [1, 2, 3]
['newVeh116'] arrived @ sumotime 31199.0 seconds
['newVeh117'] arrived @ sumotime 31216.0 seconds
new vehicle118 @ 08:41:44 (sumoTime: 31304 seconds) on link 1 with path_nodes [1, 2, 3, 4] which means path_links [1, 2, 3]
['newVeh118'] arrived @ sumotime 31362.0 seconds
new vehicle119 @ 08:44:38 (sumoTime: 31478 seconds) on link 1 with path_nodes [1, 2, 3, 4] which means path_links [1, 2, 3]
new vehicle120 @ 08:45:21 (sumoTime: 31521 seconds) on link 1 with path_nodes [1, 2, 3, 4] which means path_links [1, 2, 3]
['newVeh119'] arrived @ sumotime 31529.0 seconds
['newVeh120'] arrived @ sumotime 31569.0 seconds
new vehicle121 @ 08:47:42 (sumoTime: 31662 seconds) on link 1 with path_nodes [1, 2, 3, 4] which means path_links [1, 2, 3]
['newVeh121'] arrived @ sumotime 31717.0 seconds
new vehicle122 @ 08:52:13 (sumoTime: 31933 seconds) on link 1 with path_nodes [1, 2, 3, 4] which means path_links [1, 2, 3]
new vehicle123 @ 08:52:59 (sumoTime: 31979 seconds) on link 1 with path_nodes [1, 2, 3, 4] which means path_links [1, 2, 3]
['newVeh122'] arrived @ sumotime 31983.0 seconds
['newVeh123'] arrived @ sumotime 32041.0 seconds
new vehicle124 @ 08:55:04 (sumoTime: 32104 seconds) on link 1 with path_nodes [1, 2, 3, 4] which means path_links [1, 2, 3]
['newVeh124'] arrived @ sumotime 32152.0 seconds
new vehicle125 @ 08:57:51 (sumoTime: 32271 seconds) on link 1 with path_nodes [1, 2, 3, 4] which means path_links [1, 2, 3]
['newVeh125'] arrived @ sumotime 32324.0 seconds
09:00:00
[INFO: transfer Visum-Sumo]: [(1.0, 100.0, 24.99513888888889, 2.0, 1.0), (-3.0, 100.0, 0.0, 3.0, 4.0), (5.0, 100.0, 0.0, 5.0, 4.0)] 
 [(3, 24)]
Umlegung ausgeführt
curVolumes: (90000, [(3, 24, 0)])
new vehicle126 @ 09:01:39 (sumoTime: 32499 seconds) on link 1 with path_nodes [1, 2, 3, 4] which means path_links [1, 2, 3]
['newVeh126'] arrived @ sumotime 32552.0 seconds
new vehicle127 @ 09:02:42 (sumoTime: 32562 seconds) on link 1 with path_nodes [1, 2, 3, 4] which means path_links [1, 2, 3]
['newVeh127'] arrived @ sumotime 32621.0 seconds
new vehicle128 @ 09:06:11 (sumoTime: 32771 seconds) on link 1 with path_nodes [1, 2, 3, 4] which means path_links [1, 2, 3]
new vehicle129 @ 09:06:25 (sumoTime: 32785 seconds) on link 1 with path_nodes [1, 2, 3, 4] which means path_links [1, 2, 3]
new vehicle130 @ 09:06:40 (sumoTime: 32800 seconds) on link 1 with path_nodes [1, 2, 3, 4] which means path_links [1, 2, 3]
['newVeh128'] arrived @ sumotime 32829.0 seconds
['newVeh129'] arrived @ sumotime 32834.0 seconds
['newVeh130'] arrived @ sumotime 32851.0 seconds
new vehicle131 @ 09:11:50 (sumoTime: 33110 seconds) on link 1 with path_nodes [1, 2, 3, 4] which means path_links [1, 2, 3]
['newVeh131'] arrived @ sumotime 33161.0 seconds
['newVeh131'] arrived @ sumotime 33162.0 seconds
new vehicle132 @ 09:13:34 (sumoTime: 33214 seconds) on link 1 with path_nodes [1, 2, 3, 4] which means path_links [1, 2, 3]
['newVeh132'] arrived @ sumotime 33269.0 seconds
new vehicle133 @ 09:15:46 (sumoTime: 33346 seconds) on link 1 with path_nodes [1, 2, 3, 4] which means path_links [1, 2, 3]
['newVeh133'] arrived @ sumotime 33398.0 seconds
new vehicle134 @ 09:19:21 (sumoTime: 33561 seconds) on link 1 with path_nodes [1, 2, 3, 4] which means path_links [1, 2, 3]
new vehicle135 @ 09:19:45 (sumoTime: 33585 seconds) on link 1 with path_nodes [1, 2, 3, 4] which means path_links [1, 2, 3]
['newVeh134'] arrived @ sumotime 33610.0 seconds
['newVeh135'] arrived @ sumotime 33649.0 seconds
new vehicle136 @ 09:22:28 (sumoTime: 33748 seconds) on link 1 with path_nodes [1, 2, 3, 4] which means path_links [1, 2, 3]
['newVeh136'] arrived @ sumotime 33801.0 seconds
new vehicle137 @ 09:24:09 (sumoTime: 33849 seconds) on link 1 with path_nodes [1, 2, 3, 4] which means path_links [1, 2, 3]
['newVeh137'] arrived @ sumotime 33904.0 seconds
new vehicle138 @ 09:26:39 (sumoTime: 33999 seconds) on link 1 with path_nodes [1, 2, 3, 4] which means path_links [1, 2, 3]
['newVeh138'] arrived @ sumotime 34052.0 seconds
new vehicle139 @ 09:35:06 (sumoTime: 34506 seconds) on link 1 with path_nodes [1, 2, 3, 4] which means path_links [1, 2, 3]
['newVeh139'] arrived @ sumotime 34557.0 seconds
new vehicle140 @ 09:38:00 (sumoTime: 34680 seconds) on link 1 with path_nodes [1, 2, 3, 4] which means path_links [1, 2, 3]
['newVeh140'] arrived @ sumotime 34731.0 seconds
new vehicle141 @ 09:39:47 (sumoTime: 34787 seconds) on link 1 with path_nodes [1, 2, 3, 4] which means path_links [1, 2, 3]
['newVeh141'] arrived @ sumotime 34840.0 seconds
new vehicle142 @ 09:42:33 (sumoTime: 34953 seconds) on link 1 with path_nodes [1, 2, 3, 4] which means path_links [1, 2, 3]
['newVeh142'] arrived @ sumotime 35003.0 seconds
new vehicle143 @ 09:47:33 (sumoTime: 35253 seconds) on link 1 with path_nodes [1, 2, 3, 4] which means path_links [1, 2, 3]
new vehicle144 @ 09:47:54 (sumoTime: 35274 seconds) on link 1 with path_nodes [1, 2, 3, 4] which means path_links [1, 2, 3]
['newVeh143'] arrived @ sumotime 35299.0 seconds
['newVeh144'] arrived @ sumotime 35326.0 seconds
new vehicle145 @ 09:49:48 (sumoTime: 35388 seconds) on link 1 with path_nodes [1, 2, 3, 4] which means path_links [1, 2, 3]
['newVeh145'] arrived @ sumotime 35438.0 seconds
new vehicle146 @ 09:51:35 (sumoTime: 35495 seconds) on link 1 with path_nodes [1, 2, 3, 4] which means path_links [1, 2, 3]
['newVeh146'] arrived @ sumotime 35546.0 seconds
new vehicle147 @ 09:53:02 (sumoTime: 35582 seconds) on link 1 with path_nodes [1, 2, 3, 4] which means path_links [1, 2, 3]
['newVeh147'] arrived @ sumotime 35637.0 seconds
new vehicle148 @ 09:54:08 (sumoTime: 35648 seconds) on link 1 with path_nodes [1, 2, 3, 4] which means path_links [1, 2, 3]
['newVeh148'] arrived @ sumotime 35703.0 seconds
new vehicle149 @ 09:55:40 (sumoTime: 35740 seconds) on link 1 with path_nodes [1, 2, 3, 4] which means path_links [1, 2, 3]
['newVeh149'] arrived @ sumotime 35791.0 seconds
new vehicle150 @ 09:59:49 (sumoTime: 35989 seconds) on link 1 with path_nodes [1, 2, 3, 4] which means path_links [1, 2, 3]
10:00:00
[INFO: transfer Visum-Sumo]: [(1.0, 100.0, 27.49513888888889, 2.0, 1.0), (-3.0, 100.0, 0.0, 3.0, 4.0), (5.0, 100.0, 0.0, 5.0, 4.0)] 
 [(3, 25)]
Umlegung ausgeführt
curVolumes: (100000, [(3, 25, 0)])
['newVeh150'] arrived @ sumotime 36039.0 seconds
new vehicle151 @ 10:01:07 (sumoTime: 36067 seconds) on link 1 with path_nodes [1, 2, 3, 4] which means path_links [1, 2, 3]
['newVeh151'] arrived @ sumotime 36119.0 seconds
new vehicle152 @ 10:02:21 (sumoTime: 36141 seconds) on link 1 with path_nodes [1, 2, 3, 4] which means path_links [1, 2, 3]
new vehicle153 @ 10:02:41 (sumoTime: 36161 seconds) on link 1 with path_nodes [1, 2, 3, 4] which means path_links [1, 2, 3]
['newVeh152'] arrived @ sumotime 36192.0 seconds
['newVeh153'] arrived @ sumotime 36216.0 seconds
new vehicle154 @ 10:04:45 (sumoTime: 36285 seconds) on link 1 with path_nodes [1, 2, 3, 4] which means path_links [1, 2, 3]
new vehicle155 @ 10:05:32 (sumoTime: 36332 seconds) on link 1 with path_nodes [1, 2, 3, 4] which means path_links [1, 2, 3]
['newVeh154'] arrived @ sumotime 36335.0 seconds
['newVeh155'] arrived @ sumotime 36380.0 seconds
new vehicle156 @ 10:08:39 (sumoTime: 36519 seconds) on link 1 with path_nodes [1, 2, 3, 4] which means path_links [1, 2, 3]
['newVeh156'] arrived @ sumotime 36573.0 seconds
new vehicle157 @ 10:11:33 (sumoTime: 36693 seconds) on link 1 with path_nodes [1, 2, 3, 4] which means path_links [1, 2, 3]
['newVeh157'] arrived @ sumotime 36741.0 seconds
new vehicle158 @ 10:12:58 (sumoTime: 36778 seconds) on link 1 with path_nodes [1, 2, 3, 4] which means path_links [1, 2, 3]
new vehicle159 @ 10:13:08 (sumoTime: 36788 seconds) on link 1 with path_nodes [1, 2, 3, 4] which means path_links [1, 2, 3]
['newVeh158'] arrived @ sumotime 36826.0 seconds
['newVeh159'] arrived @ sumotime 36841.0 seconds
new vehicle160 @ 10:14:33 (sumoTime: 36873 seconds) on link 1 with path_nodes [1, 2, 3, 4] which means path_links [1, 2, 3]
new vehicle161 @ 10:14:38 (sumoTime: 36878 seconds) on link 1 with path_nodes [1, 2, 3, 4] which means path_links [1, 2, 3]
['newVeh160'] arrived @ sumotime 36932.0 seconds
['newVeh161'] arrived @ sumotime 36934.0 seconds
new vehicle162 @ 10:17:51 (sumoTime: 37071 seconds) on link 1 with path_nodes [1, 2, 3, 4] which means path_links [1, 2, 3]
['newVeh162'] arrived @ sumotime 37120.0 seconds
new vehicle163 @ 10:18:42 (sumoTime: 37122 seconds) on link 1 with path_nodes [1, 2, 3, 4] which means path_links [1, 2, 3]
['newVeh163'] arrived @ sumotime 37172.0 seconds
new vehicle164 @ 10:21:40 (sumoTime: 37300 seconds) on link 1 with path_nodes [1, 2, 3, 4] which means path_links [1, 2, 3]
['newVeh164'] arrived @ sumotime 37350.0 seconds
new vehicle165 @ 10:27:24 (sumoTime: 37644 seconds) on link 1 with path_nodes [1, 2, 3, 4] which means path_links [1, 2, 3]
['newVeh165'] arrived @ sumotime 37696.0 seconds
new vehicle166 @ 10:28:20 (sumoTime: 37700 seconds) on link 1 with path_nodes [1, 2, 3, 4] which means path_links [1, 2, 3]
new vehicle167 @ 10:29:02 (sumoTime: 37742 seconds) on link 1 with path_nodes [1, 2, 3, 4] which means path_links [1, 2, 3]
['newVeh166'] arrived @ sumotime 37748.0 seconds
['newVeh167'] arrived @ sumotime 37795.0 seconds
['newVeh167'] arrived @ sumotime 37796.0 seconds
new vehicle168 @ 10:30:06 (sumoTime: 37806 seconds) on link 1 with path_nodes [1, 2, 3, 4] which means path_links [1, 2, 3]
['newVeh168'] arrived @ sumotime 37863.0 seconds
new vehicle169 @ 10:34:30 (sumoTime: 38070 seconds) on link 1 with path_nodes [1, 2, 3, 4] which means path_links [1, 2, 3]
['newVeh169'] arrived @ sumotime 38124.0 seconds
new vehicle170 @ 10:35:32 (sumoTime: 38132 seconds) on link 1 with path_nodes [1, 2, 3, 4] which means path_links [1, 2, 3]
['newVeh170'] arrived @ sumotime 38190.0 seconds
['newVeh170'] arrived @ sumotime 38191.0 seconds
new vehicle171 @ 10:38:41 (sumoTime: 38321 seconds) on link 1 with path_nodes [1, 2, 3, 4] which means path_links [1, 2, 3]
['newVeh171'] arrived @ sumotime 38385.0 seconds
new vehicle172 @ 10:40:12 (sumoTime: 38412 seconds) on link 1 with path_nodes [1, 2, 3, 4] which means path_links [1, 2, 3]
['newVeh172'] arrived @ sumotime 38460.0 seconds
new vehicle173 @ 10:44:57 (sumoTime: 38697 seconds) on link 1 with path_nodes [1, 2, 3, 4] which means path_links [1, 2, 3]
['newVeh173'] arrived @ sumotime 38747.0 seconds
new vehicle174 @ 10:45:48 (sumoTime: 38748 seconds) on link 1 with path_nodes [1, 2, 3, 4] which means path_links [1, 2, 3]
['newVeh174'] arrived @ sumotime 38800.0 seconds
new vehicle175 @ 10:46:50 (sumoTime: 38810 seconds) on link 1 with path_nodes [1, 2, 3, 4] which means path_links [1, 2, 3]
['newVeh175'] arrived @ sumotime 38861.0 seconds
new vehicle176 @ 10:47:48 (sumoTime: 38868 seconds) on link 1 with path_nodes [1, 2, 3, 4] which means path_links [1, 2, 3]
['newVeh176'] arrived @ sumotime 38920.0 seconds
new vehicle177 @ 10:49:06 (sumoTime: 38946 seconds) on link 1 with path_nodes [1, 2, 3, 4] which means path_links [1, 2, 3]
['newVeh177'] arrived @ sumotime 38999.0 seconds
new vehicle178 @ 10:56:06 (sumoTime: 39366 seconds) on link 1 with path_nodes [1, 2, 3, 4] which means path_links [1, 2, 3]
['newVeh178'] arrived @ sumotime 39415.0 seconds
new vehicle179 @ 10:58:02 (sumoTime: 39482 seconds) on link 1 with path_nodes [1, 2, 3, 4] which means path_links [1, 2, 3]
['newVeh179'] arrived @ sumotime 39540.0 seconds
new vehicle180 @ 10:59:18 (sumoTime: 39558 seconds) on link 1 with path_nodes [1, 2, 3, 4] which means path_links [1, 2, 3]
new vehicle181 @ 10:59:32 (sumoTime: 39572 seconds) on link 1 with path_nodes [1, 2, 3, 4] which means path_links [1, 2, 3]
11:00:00
[INFO: transfer Visum-Sumo]: [(1.0, 100.0, 29.99513888888889, 2.0, 1.0), (-3.0, 100.0, 0.0, 3.0, 4.0), (5.0, 100.0, 0.0, 5.0, 4.0)] 
 [(3, 32)]
Umlegung ausgeführt
curVolumes: (110000, [(3, 32, 0)])
['newVeh180'] arrived @ sumotime 39613.0 seconds
['newVeh181'] arrived @ sumotime 39622.0 seconds
new vehicle182 @ 11:03:38 (sumoTime: 39818 seconds) on link 1 with path_nodes [1, 2, 3, 4] which means path_links [1, 2, 3]
['newVeh182'] arrived @ sumotime 39872.0 seconds
new vehicle183 @ 11:07:13 (sumoTime: 40033 seconds) on link 1 with path_nodes [1, 2, 3, 4] which means path_links [1, 2, 3]
new vehicle184 @ 11:07:48 (sumoTime: 40068 seconds) on link 1 with path_nodes [1, 2, 3, 4] which means path_links [1, 2, 3]
new vehicle185 @ 11:07:52 (sumoTime: 40072 seconds) on link 1 with path_nodes [1, 2, 3, 4] which means path_links [1, 2, 3]
new vehicle186 @ 11:08:01 (sumoTime: 40081 seconds) on link 1 with path_nodes [1, 2, 3, 4] which means path_links [1, 2, 3]
['newVeh183'] arrived @ sumotime 40083.0 seconds
['newVeh184'] arrived @ sumotime 40130.0 seconds
['newVeh185'] arrived @ sumotime 40132.0 seconds
['newVeh186'] arrived @ sumotime 40137.0 seconds
new vehicle187 @ 11:09:16 (sumoTime: 40156 seconds) on link 1 with path_nodes [1, 2, 3, 4] which means path_links [1, 2, 3]
new vehicle188 @ 11:09:54 (sumoTime: 40194 seconds) on link 1 with path_nodes [1, 2, 3, 4] which means path_links [1, 2, 3]
['newVeh187'] arrived @ sumotime 40208.0 seconds
['newVeh188'] arrived @ sumotime 40244.0 seconds
new vehicle189 @ 11:11:09 (sumoTime: 40269 seconds) on link 1 with path_nodes [1, 2, 3, 4] which means path_links [1, 2, 3]
['newVeh189'] arrived @ sumotime 40330.0 seconds
new vehicle190 @ 11:14:39 (sumoTime: 40479 seconds) on link 1 with path_nodes [1, 2, 3, 4] which means path_links [1, 2, 3]
['newVeh190'] arrived @ sumotime 40535.0 seconds
new vehicle191 @ 11:19:15 (sumoTime: 40755 seconds) on link 1 with path_nodes [1, 2, 3, 4] which means path_links [1, 2, 3]
['newVeh191'] arrived @ sumotime 40804.0 seconds
new vehicle192 @ 11:20:28 (sumoTime: 40828 seconds) on link 1 with path_nodes [1, 2, 3, 4] which means path_links [1, 2, 3]
['newVeh192'] arrived @ sumotime 40879.0 seconds
new vehicle193 @ 11:23:20 (sumoTime: 41000 seconds) on link 1 with path_nodes [1, 2, 3, 4] which means path_links [1, 2, 3]
['newVeh193'] arrived @ sumotime 41052.0 seconds
new vehicle194 @ 11:25:30 (sumoTime: 41130 seconds) on link 1 with path_nodes [1, 2, 3, 4] which means path_links [1, 2, 3]
new vehicle195 @ 11:25:47 (sumoTime: 41147 seconds) on link 1 with path_nodes [1, 2, 3, 4] which means path_links [1, 2, 3]
['newVeh194'] arrived @ sumotime 41182.0 seconds
['newVeh194'] arrived @ sumotime 41183.0 seconds
['newVeh195'] arrived @ sumotime 41197.0 seconds
new vehicle196 @ 11:26:57 (sumoTime: 41217 seconds) on link 1 with path_nodes [1, 2, 3, 4] which means path_links [1, 2, 3]
new vehicle197 @ 11:27:19 (sumoTime: 41239 seconds) on link 1 with path_nodes [1, 2, 3, 4] which means path_links [1, 2, 3]
new vehicle198 @ 11:27:32 (sumoTime: 41252 seconds) on link 1 with path_nodes [1, 2, 3, 4] which means path_links [1, 2, 3]
['newVeh196'] arrived @ sumotime 41271.0 seconds
['newVeh197'] arrived @ sumotime 41291.0 seconds
['newVeh198'] arrived @ sumotime 41302.0 seconds
new vehicle199 @ 11:29:35 (sumoTime: 41375 seconds) on link 1 with path_nodes [1, 2, 3, 4] which means path_links [1, 2, 3]
['newVeh199'] arrived @ sumotime 41426.0 seconds
new vehicle200 @ 11:33:22 (sumoTime: 41602 seconds) on link 1 with path_nodes [1, 2, 3, 4] which means path_links [1, 2, 3]
new vehicle201 @ 11:33:29 (sumoTime: 41609 seconds) on link 1 with path_nodes [1, 2, 3, 4] which means path_links [1, 2, 3]
new vehicle202 @ 11:34:05 (sumoTime: 41645 seconds) on link 1 with path_nodes [1, 2, 3, 4] which means path_links [1, 2, 3]
['newVeh200'] arrived @ sumotime 41653.0 seconds
['newVeh201'] arrived @ sumotime 41660.0 seconds
new vehicle203 @ 11:34:34 (sumoTime: 41674 seconds) on link 1 with path_nodes [1, 2, 3, 4] which means path_links [1, 2, 3]
['newVeh202'] arrived @ sumotime 41706.0 seconds
['newVeh203'] arrived @ sumotime 41728.0 seconds
new vehicle204 @ 11:37:16 (sumoTime: 41836 seconds) on link 1 with path_nodes [1, 2, 3, 4] which means path_links [1, 2, 3]
['newVeh204'] arrived @ sumotime 41885.0 seconds
new vehicle205 @ 11:39:53 (sumoTime: 41993 seconds) on link 1 with path_nodes [1, 2, 3, 4] which means path_links [1, 2, 3]
['newVeh205'] arrived @ sumotime 42043.0 seconds
new vehicle206 @ 11:43:00 (sumoTime: 42180 seconds) on link 1 with path_nodes [1, 2, 3, 4] which means path_links [1, 2, 3]
['newVeh206'] arrived @ sumotime 42231.0 seconds
new vehicle207 @ 11:48:33 (sumoTime: 42513 seconds) on link 1 with path_nodes [1, 2, 3, 4] which means path_links [1, 2, 3]
['newVeh207'] arrived @ sumotime 42567.0 seconds
new vehicle208 @ 11:54:32 (sumoTime: 42872 seconds) on link 1 with path_nodes [1, 2, 3, 4] which means path_links [1, 2, 3]
['newVeh208'] arrived @ sumotime 42924.0 seconds
new vehicle209 @ 11:59:57 (sumoTime: 43197 seconds) on link 1 with path_nodes [1, 2, 3, 4] which means path_links [1, 2, 3]
12:00:00
[INFO: transfer Visum-Sumo]: [(1.0, 100.0, 32.49513888888889, 2.0, 1.0), (-3.0, 100.0, 0.0, 3.0, 4.0), (5.0, 100.0, 0.0, 5.0, 4.0)] 
 [(3, 30)]
Umlegung ausgeführt
curVolumes: (120000, [(3, 30, 0)])
['newVeh209'] arrived @ sumotime 43249.0 seconds
new vehicle210 @ 12:02:53 (sumoTime: 43373 seconds) on link 1 with path_nodes [1, 2, 3, 4] which means path_links [1, 2, 3]
['newVeh210'] arrived @ sumotime 43400.0 seconds
new vehicle211 @ 12:04:28 (sumoTime: 43468 seconds) on link 1 with path_nodes [1, 2, 3, 4] which means path_links [1, 2, 3]
new vehicle212 @ 12:04:29 (sumoTime: 43469 seconds) on link 1 with path_nodes [1, 2, 3, 4] which means path_links [1, 2, 3]
new vehicle213 @ 12:04:40 (sumoTime: 43480 seconds) on link 1 with path_nodes [1, 2, 3, 4] which means path_links [1, 2, 3]
['newVeh211'] arrived @ sumotime 43493.0 seconds
['newVeh212'] arrived @ sumotime 43498.0 seconds
new vehicle214 @ 12:05:00 (sumoTime: 43500 seconds) on link 1 with path_nodes [1, 2, 3, 4] which means path_links [1, 2, 3]
['newVeh213'] arrived @ sumotime 43512.0 seconds
['newVeh214'] arrived @ sumotime 43529.0 seconds
new vehicle215 @ 12:05:50 (sumoTime: 43550 seconds) on link 1 with path_nodes [1, 2, 3, 4] which means path_links [1, 2, 3]
new vehicle216 @ 12:06:08 (sumoTime: 43568 seconds) on link 1 with path_nodes [1, 2, 3, 4] which means path_links [1, 2, 3]
['newVeh215'] arrived @ sumotime 43576.0 seconds
['newVeh216'] arrived @ sumotime 43597.0 seconds
new vehicle217 @ 12:07:38 (sumoTime: 43658 seconds) on link 1 with path_nodes [1, 2, 3, 4] which means path_links [1, 2, 3]
['newVeh217'] arrived @ sumotime 43685.0 seconds
new vehicle218 @ 12:08:10 (sumoTime: 43690 seconds) on link 1 with path_nodes [1, 2, 3, 4] which means path_links [1, 2, 3]
['newVeh218'] arrived @ sumotime 43717.0 seconds
new vehicle219 @ 12:08:51 (sumoTime: 43731 seconds) on link 1 with path_nodes [1, 2, 3, 4] which means path_links [1, 2, 3]
['newVeh219'] arrived @ sumotime 43759.0 seconds
new vehicle220 @ 12:11:09 (sumoTime: 43869 seconds) on link 1 with path_nodes [1, 2, 3, 4] which means path_links [1, 2, 3]
['newVeh220'] arrived @ sumotime 43895.0 seconds
['newVeh220'] arrived @ sumotime 43896.0 seconds
new vehicle221 @ 12:11:40 (sumoTime: 43900 seconds) on link 1 with path_nodes [1, 2, 3, 4] which means path_links [1, 2, 3]
['newVeh221'] arrived @ sumotime 43926.0 seconds
new vehicle222 @ 12:26:25 (sumoTime: 44785 seconds) on link 1 with path_nodes [1, 2, 3, 4] which means path_links [1, 2, 3]
['newVeh222'] arrived @ sumotime 44817.0 seconds
new vehicle223 @ 12:27:02 (sumoTime: 44822 seconds) on link 1 with path_nodes [1, 2, 3, 4] which means path_links [1, 2, 3]
['newVeh223'] arrived @ sumotime 44852.0 seconds
new vehicle224 @ 12:28:22 (sumoTime: 44902 seconds) on link 1 with path_nodes [1, 2, 3, 4] which means path_links [1, 2, 3]
['newVeh224'] arrived @ sumotime 44929.0 seconds
new vehicle225 @ 12:32:35 (sumoTime: 45155 seconds) on link 1 with path_nodes [1, 2, 3, 4] which means path_links [1, 2, 3]
['newVeh225'] arrived @ sumotime 45181.0 seconds
new vehicle226 @ 12:33:53 (sumoTime: 45233 seconds) on link 1 with path_nodes [1, 2, 3, 4] which means path_links [1, 2, 3]
new vehicle227 @ 12:33:59 (sumoTime: 45239 seconds) on link 1 with path_nodes [1, 2, 3, 4] which means path_links [1, 2, 3]
['newVeh226'] arrived @ sumotime 45258.0 seconds
['newVeh227'] arrived @ sumotime 45265.0 seconds
new vehicle228 @ 12:35:15 (sumoTime: 45315 seconds) on link 1 with path_nodes [1, 2, 3, 4] which means path_links [1, 2, 3]
['newVeh228'] arrived @ sumotime 45341.0 seconds
new vehicle229 @ 12:38:01 (sumoTime: 45481 seconds) on link 1 with path_nodes [1, 2, 3, 4] which means path_links [1, 2, 3]
['newVeh229'] arrived @ sumotime 45507.0 seconds
['newVeh229'] arrived @ sumotime 45508.0 seconds
new vehicle230 @ 12:38:38 (sumoTime: 45518 seconds) on link 1 with path_nodes [1, 2, 3, 4] which means path_links [1, 2, 3]
['newVeh230'] arrived @ sumotime 45543.0 seconds
new vehicle231 @ 12:39:05 (sumoTime: 45545 seconds) on link 1 with path_nodes [1, 2, 3, 4] which means path_links [1, 2, 3]
['newVeh231'] arrived @ sumotime 45572.0 seconds
new vehicle232 @ 12:40:09 (sumoTime: 45609 seconds) on link 1 with path_nodes [1, 2, 3, 4] which means path_links [1, 2, 3]
['newVeh232'] arrived @ sumotime 45637.0 seconds
new vehicle233 @ 12:41:10 (sumoTime: 45670 seconds) on link 1 with path_nodes [1, 2, 3, 4] which means path_links [1, 2, 3]
['newVeh233'] arrived @ sumotime 45696.0 seconds
new vehicle234 @ 12:41:49 (sumoTime: 45709 seconds) on link 1 with path_nodes [1, 2, 3, 4] which means path_links [1, 2, 3]
new vehicle235 @ 12:42:04 (sumoTime: 45724 seconds) on link 1 with path_nodes [1, 2, 3, 4] which means path_links [1, 2, 3]
['newVeh234'] arrived @ sumotime 45739.0 seconds
['newVeh235'] arrived @ sumotime 45752.0 seconds
new vehicle236 @ 12:46:24 (sumoTime: 45984 seconds) on link 1 with path_nodes [1, 2, 3, 4] which means path_links [1, 2, 3]
['newVeh236'] arrived @ sumotime 46011.0 seconds
new vehicle237 @ 12:48:42 (sumoTime: 46122 seconds) on link 1 with path_nodes [1, 2, 3, 4] which means path_links [1, 2, 3]
['newVeh237'] arrived @ sumotime 46148.0 seconds
new vehicle238 @ 12:50:19 (sumoTime: 46219 seconds) on link 1 with path_nodes [1, 2, 3, 4] which means path_links [1, 2, 3]
['newVeh238'] arrived @ sumotime 46245.0 seconds
new vehicle239 @ 12:54:06 (sumoTime: 46446 seconds) on link 1 with path_nodes [1, 2, 3, 4] which means path_links [1, 2, 3]
new vehicle240 @ 12:54:20 (sumoTime: 46460 seconds) on link 1 with path_nodes [1, 2, 3, 4] which means path_links [1, 2, 3]
['newVeh239'] arrived @ sumotime 46473.0 seconds
['newVeh240'] arrived @ sumotime 46490.0 seconds
13:00:00
[INFO: transfer Visum-Sumo]: [(1.0, 100.0, 34.99513888888889, 2.0, 1.0), (-3.0, 100.0, 0.0, 3.0, 4.0), (5.0, 100.0, 0.0, 5.0, 4.0)] 
 [(3, 34)]
Umlegung ausgeführt
curVolumes: (130000, [(3, 34, 0)])
new vehicle241 @ 13:00:00 (sumoTime: 46800 seconds) on link 1 with path_nodes [1, 2, 3, 4] which means path_links [1, 2, 3]
['newVeh241'] arrived @ sumotime 46829.0 seconds
new vehicle242 @ 13:01:55 (sumoTime: 46915 seconds) on link 1 with path_nodes [1, 2, 3, 4] which means path_links [1, 2, 3]
['newVeh242'] arrived @ sumotime 46941.0 seconds
['newVeh242'] arrived @ sumotime 46942.0 seconds
new vehicle243 @ 13:02:53 (sumoTime: 46973 seconds) on link 1 with path_nodes [1, 2, 3, 4] which means path_links [1, 2, 3]
['newVeh243'] arrived @ sumotime 46999.0 seconds
new vehicle244 @ 13:04:54 (sumoTime: 47094 seconds) on link 1 with path_nodes [1, 2, 3, 4] which means path_links [1, 2, 3]
['newVeh244'] arrived @ sumotime 47122.0 seconds
new vehicle245 @ 13:07:46 (sumoTime: 47266 seconds) on link 1 with path_nodes [1, 2, 3, 4] which means path_links [1, 2, 3]
['newVeh245'] arrived @ sumotime 47295.0 seconds
new vehicle246 @ 13:08:23 (sumoTime: 47303 seconds) on link 1 with path_nodes [1, 2, 3, 4] which means path_links [1, 2, 3]
['newVeh246'] arrived @ sumotime 47329.0 seconds
new vehicle247 @ 13:11:50 (sumoTime: 47510 seconds) on link 1 with path_nodes [1, 2, 3, 4] which means path_links [1, 2, 3]
['newVeh247'] arrived @ sumotime 47536.0 seconds
new vehicle248 @ 13:13:35 (sumoTime: 47615 seconds) on link 1 with path_nodes [1, 2, 3, 4] which means path_links [1, 2, 3]
new vehicle249 @ 13:13:57 (sumoTime: 47637 seconds) on link 1 with path_nodes [1, 2, 3, 4] which means path_links [1, 2, 3]
['newVeh248'] arrived @ sumotime 47640.0 seconds
new vehicle250 @ 13:14:02 (sumoTime: 47642 seconds) on link 1 with path_nodes [1, 2, 3, 4] which means path_links [1, 2, 3]
new vehicle251 @ 13:14:09 (sumoTime: 47649 seconds) on link 1 with path_nodes [1, 2, 3, 4] which means path_links [1, 2, 3]
['newVeh249'] arrived @ sumotime 47664.0 seconds
['newVeh250'] arrived @ sumotime 47669.0 seconds
['newVeh251'] arrived @ sumotime 47679.0 seconds
new vehicle252 @ 13:16:58 (sumoTime: 47818 seconds) on link 1 with path_nodes [1, 2, 3, 4] which means path_links [1, 2, 3]
['newVeh252'] arrived @ sumotime 47845.0 seconds
new vehicle253 @ 13:17:37 (sumoTime: 47857 seconds) on link 1 with path_nodes [1, 2, 3, 4] which means path_links [1, 2, 3]
['newVeh253'] arrived @ sumotime 47884.0 seconds
new vehicle254 @ 13:18:08 (sumoTime: 47888 seconds) on link 1 with path_nodes [1, 2, 3, 4] which means path_links [1, 2, 3]
['newVeh254'] arrived @ sumotime 47917.0 seconds
new vehicle255 @ 13:21:46 (sumoTime: 48106 seconds) on link 1 with path_nodes [1, 2, 3, 4] which means path_links [1, 2, 3]
['newVeh255'] arrived @ sumotime 48134.0 seconds
new vehicle256 @ 13:22:43 (sumoTime: 48163 seconds) on link 1 with path_nodes [1, 2, 3, 4] which means path_links [1, 2, 3]
['newVeh256'] arrived @ sumotime 48190.0 seconds
new vehicle257 @ 13:23:40 (sumoTime: 48220 seconds) on link 1 with path_nodes [1, 2, 3, 4] which means path_links [1, 2, 3]
['newVeh257'] arrived @ sumotime 48248.0 seconds
new vehicle258 @ 13:25:02 (sumoTime: 48302 seconds) on link 1 with path_nodes [1, 2, 3, 4] which means path_links [1, 2, 3]
new vehicle259 @ 13:25:14 (sumoTime: 48314 seconds) on link 1 with path_nodes [1, 2, 3, 4] which means path_links [1, 2, 3]
['newVeh258'] arrived @ sumotime 48329.0 seconds
['newVeh259'] arrived @ sumotime 48341.0 seconds
new vehicle260 @ 13:26:08 (sumoTime: 48368 seconds) on link 1 with path_nodes [1, 2, 3, 4] which means path_links [1, 2, 3]
new vehicle261 @ 13:26:24 (sumoTime: 48384 seconds) on link 1 with path_nodes [1, 2, 3, 4] which means path_links [1, 2, 3]
['newVeh260'] arrived @ sumotime 48398.0 seconds
['newVeh261'] arrived @ sumotime 48412.0 seconds
new vehicle262 @ 13:27:35 (sumoTime: 48455 seconds) on link 1 with path_nodes [1, 2, 3, 4] which means path_links [1, 2, 3]
['newVeh262'] arrived @ sumotime 48482.0 seconds
new vehicle263 @ 13:28:18 (sumoTime: 48498 seconds) on link 1 with path_nodes [1, 2, 3, 4] which means path_links [1, 2, 3]
['newVeh263'] arrived @ sumotime 48525.0 seconds
new vehicle264 @ 13:29:10 (sumoTime: 48550 seconds) on link 1 with path_nodes [1, 2, 3, 4] which means path_links [1, 2, 3]
['newVeh264'] arrived @ sumotime 48578.0 seconds
new vehicle265 @ 13:33:01 (sumoTime: 48781 seconds) on link 1 with path_nodes [1, 2, 3, 4] which means path_links [1, 2, 3]
['newVeh265'] arrived @ sumotime 48808.0 seconds
new vehicle266 @ 13:36:17 (sumoTime: 48977 seconds) on link 1 with path_nodes [1, 2, 3, 4] which means path_links [1, 2, 3]
['newVeh266'] arrived @ sumotime 49000.0 seconds
new vehicle267 @ 13:37:13 (sumoTime: 49033 seconds) on link 1 with path_nodes [1, 2, 3, 4] which means path_links [1, 2, 3]
['newVeh267'] arrived @ sumotime 49058.0 seconds
new vehicle268 @ 13:39:32 (sumoTime: 49172 seconds) on link 1 with path_nodes [1, 2, 3, 4] which means path_links [1, 2, 3]
['newVeh268'] arrived @ sumotime 49198.0 seconds
new vehicle269 @ 13:40:53 (sumoTime: 49253 seconds) on link 1 with path_nodes [1, 2, 3, 4] which means path_links [1, 2, 3]
['newVeh269'] arrived @ sumotime 49282.0 seconds
new vehicle270 @ 13:41:38 (sumoTime: 49298 seconds) on link 1 with path_nodes [1, 2, 3, 4] which means path_links [1, 2, 3]
['newVeh270'] arrived @ sumotime 49326.0 seconds
new vehicle271 @ 13:44:44 (sumoTime: 49484 seconds) on link 1 with path_nodes [1, 2, 3, 4] which means path_links [1, 2, 3]
['newVeh271'] arrived @ sumotime 49511.0 seconds
new vehicle272 @ 13:46:16 (sumoTime: 49576 seconds) on link 1 with path_nodes [1, 2, 3, 4] which means path_links [1, 2, 3]
['newVeh272'] arrived @ sumotime 49602.0 seconds
new vehicle273 @ 13:48:01 (sumoTime: 49681 seconds) on link 1 with path_nodes [1, 2, 3, 4] which means path_links [1, 2, 3]
['newVeh273'] arrived @ sumotime 49712.0 seconds
new vehicle274 @ 13:53:03 (sumoTime: 49983 seconds) on link 1 with path_nodes [1, 2, 3, 4] which means path_links [1, 2, 3]
['newVeh274'] arrived @ sumotime 50009.0 seconds
new vehicle275 @ 13:53:58 (sumoTime: 50038 seconds) on link 1 with path_nodes [1, 2, 3, 4] which means path_links [1, 2, 3]
['newVeh275'] arrived @ sumotime 50065.0 seconds
new vehicle276 @ 13:56:07 (sumoTime: 50167 seconds) on link 1 with path_nodes [1, 2, 3, 4] which means path_links [1, 2, 3]
['newVeh276'] arrived @ sumotime 50194.0 seconds
14:00:00
[INFO: transfer Visum-Sumo]: [(1.0, 100.0, 37.49513888888889, 2.0, 1.0), (-3.0, 100.0, 0.0, 3.0, 4.0), (5.0, 100.0, 0.0, 5.0, 4.0)] 
 [(3, 37)]
Umlegung ausgeführt
curVolumes: (140000, [(3, 37, 0)])
new vehicle277 @ 14:01:06 (sumoTime: 50466 seconds) on link 1 with path_nodes [1, 2, 3, 4] which means path_links [1, 2, 3]
['newVeh277'] arrived @ sumotime 50494.0 seconds
new vehicle278 @ 14:02:50 (sumoTime: 50570 seconds) on link 1 with path_nodes [1, 2, 3, 4] which means path_links [1, 2, 3]
new vehicle279 @ 14:03:01 (sumoTime: 50581 seconds) on link 1 with path_nodes [1, 2, 3, 4] which means path_links [1, 2, 3]
['newVeh278'] arrived @ sumotime 50597.0 seconds
['newVeh279'] arrived @ sumotime 50608.0 seconds
new vehicle280 @ 14:04:50 (sumoTime: 50690 seconds) on link 1 with path_nodes [1, 2, 3, 4] which means path_links [1, 2, 3]
['newVeh280'] arrived @ sumotime 50720.0 seconds
new vehicle281 @ 14:06:25 (sumoTime: 50785 seconds) on link 1 with path_nodes [1, 2, 3, 4] which means path_links [1, 2, 3]
['newVeh281'] arrived @ sumotime 50813.0 seconds
new vehicle282 @ 14:07:56 (sumoTime: 50876 seconds) on link 1 with path_nodes [1, 2, 3, 4] which means path_links [1, 2, 3]
['newVeh282'] arrived @ sumotime 50904.0 seconds
new vehicle283 @ 14:09:16 (sumoTime: 50956 seconds) on link 1 with path_nodes [1, 2, 3, 4] which means path_links [1, 2, 3]
['newVeh283'] arrived @ sumotime 50981.0 seconds
new vehicle284 @ 14:11:18 (sumoTime: 51078 seconds) on link 1 with path_nodes [1, 2, 3, 4] which means path_links [1, 2, 3]
['newVeh284'] arrived @ sumotime 51106.0 seconds
new vehicle285 @ 14:12:35 (sumoTime: 51155 seconds) on link 1 with path_nodes [1, 2, 3, 4] which means path_links [1, 2, 3]
['newVeh285'] arrived @ sumotime 51184.0 seconds
['newVeh285'] arrived @ sumotime 51185.0 seconds
new vehicle286 @ 14:14:13 (sumoTime: 51253 seconds) on link 1 with path_nodes [1, 2, 3, 4] which means path_links [1, 2, 3]
['newVeh286'] arrived @ sumotime 51279.0 seconds
new vehicle287 @ 14:16:56 (sumoTime: 51416 seconds) on link 1 with path_nodes [1, 2, 3, 4] which means path_links [1, 2, 3]
['newVeh287'] arrived @ sumotime 51442.0 seconds
new vehicle288 @ 14:17:51 (sumoTime: 51471 seconds) on link 1 with path_nodes [1, 2, 3, 4] which means path_links [1, 2, 3]
['newVeh288'] arrived @ sumotime 51502.0 seconds
['newVeh288'] arrived @ sumotime 51503.0 seconds
new vehicle289 @ 14:20:00 (sumoTime: 51600 seconds) on link 1 with path_nodes [1, 2, 3, 4] which means path_links [1, 2, 3]
new vehicle290 @ 14:20:21 (sumoTime: 51621 seconds) on link 1 with path_nodes [1, 2, 3, 4] which means path_links [1, 2, 3]
['newVeh289'] arrived @ sumotime 51628.0 seconds
['newVeh290'] arrived @ sumotime 51646.0 seconds
new vehicle291 @ 14:20:58 (sumoTime: 51658 seconds) on link 1 with path_nodes [1, 2, 3, 4] which means path_links [1, 2, 3]
['newVeh291'] arrived @ sumotime 51684.0 seconds
['newVeh291'] arrived @ sumotime 51685.0 seconds
new vehicle292 @ 14:22:01 (sumoTime: 51721 seconds) on link 1 with path_nodes [1, 2, 3, 4] which means path_links [1, 2, 3]
['newVeh292'] arrived @ sumotime 51746.0 seconds
new vehicle293 @ 14:23:47 (sumoTime: 51827 seconds) on link 1 with path_nodes [1, 2, 3, 4] which means path_links [1, 2, 3]
['newVeh293'] arrived @ sumotime 51858.0 seconds
['newVeh293'] arrived @ sumotime 51859.0 seconds
new vehicle294 @ 14:24:28 (sumoTime: 51868 seconds) on link 1 with path_nodes [1, 2, 3, 4] which means path_links [1, 2, 3]
['newVeh294'] arrived @ sumotime 51898.0 seconds
new vehicle295 @ 14:25:05 (sumoTime: 51905 seconds) on link 1 with path_nodes [1, 2, 3, 4] which means path_links [1, 2, 3]
['newVeh295'] arrived @ sumotime 51930.0 seconds
new vehicle296 @ 14:26:58 (sumoTime: 52018 seconds) on link 1 with path_nodes [1, 2, 3, 4] which means path_links [1, 2, 3]
new vehicle297 @ 14:27:21 (sumoTime: 52041 seconds) on link 1 with path_nodes [1, 2, 3, 4] which means path_links [1, 2, 3]
['newVeh296'] arrived @ sumotime 52044.0 seconds
['newVeh297'] arrived @ sumotime 52070.0 seconds
new vehicle298 @ 14:30:50 (sumoTime: 52250 seconds) on link 1 with path_nodes [1, 2, 3, 4] which means path_links [1, 2, 3]
['newVeh298'] arrived @ sumotime 52278.0 seconds
new vehicle299 @ 14:31:44 (sumoTime: 52304 seconds) on link 1 with path_nodes [1, 2, 3, 4] which means path_links [1, 2, 3]
['newVeh299'] arrived @ sumotime 52330.0 seconds
new vehicle300 @ 14:34:08 (sumoTime: 52448 seconds) on link 1 with path_nodes [1, 2, 3, 4] which means path_links [1, 2, 3]
['newVeh300'] arrived @ sumotime 52475.0 seconds
new vehicle301 @ 14:37:04 (sumoTime: 52624 seconds) on link 1 with path_nodes [1, 2, 3, 4] which means path_links [1, 2, 3]
['newVeh301'] arrived @ sumotime 52651.0 seconds
new vehicle302 @ 14:37:57 (sumoTime: 52677 seconds) on link 1 with path_nodes [1, 2, 3, 4] which means path_links [1, 2, 3]
new vehicle303 @ 14:38:11 (sumoTime: 52691 seconds) on link 1 with path_nodes [1, 2, 3, 4] which means path_links [1, 2, 3]
new vehicle304 @ 14:38:13 (sumoTime: 52693 seconds) on link 1 with path_nodes [1, 2, 3, 4] which means path_links [1, 2, 3]
['newVeh302'] arrived @ sumotime 52703.0 seconds
['newVeh303'] arrived @ sumotime 52719.0 seconds
['newVeh304'] arrived @ sumotime 52721.0 seconds
new vehicle305 @ 14:38:50 (sumoTime: 52730 seconds) on link 1 with path_nodes [1, 2, 3, 4] which means path_links [1, 2, 3]
['newVeh305'] arrived @ sumotime 52757.0 seconds
new vehicle306 @ 14:41:06 (sumoTime: 52866 seconds) on link 1 with path_nodes [1, 2, 3, 4] which means path_links [1, 2, 3]
['newVeh306'] arrived @ sumotime 52894.0 seconds
new vehicle307 @ 14:41:36 (sumoTime: 52896 seconds) on link 1 with path_nodes [1, 2, 3, 4] which means path_links [1, 2, 3]
new vehicle308 @ 14:41:42 (sumoTime: 52902 seconds) on link 1 with path_nodes [1, 2, 3, 4] which means path_links [1, 2, 3]
['newVeh307'] arrived @ sumotime 52922.0 seconds
['newVeh307'] arrived @ sumotime 52923.0 seconds
['newVeh308'] arrived @ sumotime 52927.0 seconds
new vehicle309 @ 14:45:58 (sumoTime: 53158 seconds) on link 1 with path_nodes [1, 2, 3, 4] which means path_links [1, 2, 3]
['newVeh309'] arrived @ sumotime 53183.0 seconds
['newVeh309'] arrived @ sumotime 53184.0 seconds
new vehicle310 @ 14:47:04 (sumoTime: 53224 seconds) on link 1 with path_nodes [1, 2, 3, 4] which means path_links [1, 2, 3]
new vehicle311 @ 14:47:27 (sumoTime: 53247 seconds) on link 1 with path_nodes [1, 2, 3, 4] which means path_links [1, 2, 3]
['newVeh310'] arrived @ sumotime 53254.0 seconds
['newVeh311'] arrived @ sumotime 53274.0 seconds
new vehicle312 @ 14:48:35 (sumoTime: 53315 seconds) on link 1 with path_nodes [1, 2, 3, 4] which means path_links [1, 2, 3]
['newVeh312'] arrived @ sumotime 53343.0 seconds
new vehicle313 @ 14:50:07 (sumoTime: 53407 seconds) on link 1 with path_nodes [1, 2, 3, 4] which means path_links [1, 2, 3]
['newVeh313'] arrived @ sumotime 53434.0 seconds
new vehicle314 @ 14:51:23 (sumoTime: 53483 seconds) on link 1 with path_nodes [1, 2, 3, 4] which means path_links [1, 2, 3]
['newVeh314'] arrived @ sumotime 53510.0 seconds
new vehicle315 @ 14:54:43 (sumoTime: 53683 seconds) on link 1 with path_nodes [1, 2, 3, 4] which means path_links [1, 2, 3]
new vehicle316 @ 14:54:53 (sumoTime: 53693 seconds) on link 1 with path_nodes [1, 2, 3, 4] which means path_links [1, 2, 3]
['newVeh315'] arrived @ sumotime 53709.0 seconds
['newVeh316'] arrived @ sumotime 53717.0 seconds
new vehicle317 @ 14:55:31 (sumoTime: 53731 seconds) on link 1 with path_nodes [1, 2, 3, 4] which means path_links [1, 2, 3]
new vehicle318 @ 14:55:49 (sumoTime: 53749 seconds) on link 1 with path_nodes [1, 2, 3, 4] which means path_links [1, 2, 3]
['newVeh317'] arrived @ sumotime 53758.0 seconds
['newVeh318'] arrived @ sumotime 53776.0 seconds
new vehicle319 @ 14:57:50 (sumoTime: 53870 seconds) on link 1 with path_nodes [1, 2, 3, 4] which means path_links [1, 2, 3]
['newVeh319'] arrived @ sumotime 53900.0 seconds
Gesamte Auslastung: 296
Summe erzeugter Fahrzeuge: 320
-> Fahrzeuge verloren: -24
Neue Umlegungen nötig: [False, True, True, True, True, True, True, True, True, True, True, True, True, True, True]
Tupel bestehend aus: VolVisum, geplantesVolSumo, avgArrTimeVisum, avgArrTimeSumo
Link: 1 -> [(2, 2, 1800, 5089), (5, 7, 720, 628), (7, 10, 514, 402), (10, 15, 360, 252), (12, 18, 300, 216), (15, 18, 240, 226), (17, 15, 211, 282), (20, 26, 180, 141), (22, 24, 163, 162), (25, 26, 144, 148), (27, 32, 133, 118), (30, 29, 120, 127), (32, 32, 112, 122), (35, 37, 102, 108), (37, 44, 97, 85)]
Link: 3 -> []
Link: 5 -> []
VolumenInSumo: [(254, ['1', '2', '3']), (10048, ['1', '2', '3']), (10059, ['1', '2', '3']), (10128, ['1', '2', '3']), (10538, ['1', '2', '3']), (12608, ['1', '2', '3']), (12653, ['1', '2', '3']), (20344, ['1', '2', '3']), (21515, ['1', '2', '3']), (21549, ['1', '2', '3']), (21841, ['1', '2', '3']), (23115, ['1', '2', '3']), (24427, ['1', '2', '3']), (24635, ['1', '2', '3']), (25150, ['1', '2', '3']), (25320, ['1', '2', '3']), (30315, ['1', '2', '3']), (30319, ['1', '2', '3']), (30720, ['1', '2', '3']), (31008, ['1', '2', '3']), (31905, ['1', '2', '3']), (32505, ['1', '2', '3']), (32922, ['1', '2', '3']), (33008, ['1', '2', '3']), (33652, ['1', '2', '3']), (33832, ['1', '2', '3']), (33924, ['1', '2', '3']), (34234, ['1', '2', '3']), (35038, ['1', '2', '3']), (35459, ['1', '2', '3']), (40240, ['1', '2', '3']), (40557, ['1', '2', '3']), (40959, ['1', '2', '3']), (41043, ['1', '2', '3']), (41139, ['1', '2', '3']), (41908, ['1', '2', '3']), (42251, ['1', '2', '3']), (42910, ['1', '2', '3']), (43505, ['1', '2', '3']), (43814, ['1', '2', '3']), (44626, ['1', '2', '3']), (45312, ['1', '2', '3']), (45336, ['1', '2', '3']), (45432, ['1', '2', '3']), (45626, ['1', '2', '3']), (45815, ['1', '2', '3']), (45835, ['1', '2', '3']), (51213, ['1', '2', '3']), (51615, ['1', '2', '3']), (52627, ['1', '2', '3']), (52716, ['1', '2', '3']), (53222, ['1', '2', '3']), (53402, ['1', '2', '3']), (53451, ['1', '2', '3']), (53529, ['1', '2', '3']), (53635, ['1', '2', '3']), (53919, ['1', '2', '3']), (54030, ['1', '2', '3']), (54744, ['1', '2', '3']), (54854, ['1', '2', '3']), (55111, ['1', '2', '3']), (55305, ['1', '2', '3']), (55353, ['1', '2', '3']), (55452, ['1', '2', '3']), (60310, ['1', '2', '3']), (60443, ['1', '2', '3']), (61435, ['1', '2', '3']), (61502, ['1', '2', '3']), (61757, ['1', '2', '3']), (61833, ['1', '2', '3']), (62128, ['1', '2', '3']), (63012, ['1', '2', '3']), (63452, ['1', '2', '3']), (63815, ['1', '2', '3']), (63822, ['1', '2', '3']), (64458, ['1', '2', '3']), (65338, ['1', '2', '3']), (65445, ['1', '2', '3']), (70755, ['1', '2', '3']), (70811, ['1', '2', '3']), (71353, ['1', '2', '3']), (71452, ['1', '2', '3']), (71610, ['1', '2', '3']), (71630, ['1', '2', '3']), (71633, ['1', '2', '3']), (72205, ['1', '2', '3']), (72433, ['1', '2', '3']), (72535, ['1', '2', '3']), (72654, ['1', '2', '3']), (73201, ['1', '2', '3']), (73259, ['1', '2', '3']), (73555, ['1', '2', '3']), (73647, ['1', '2', '3']), (73903, ['1', '2', '3']), (74330, ['1', '2', '3']), (74534, ['1', '2', '3']), (74644, ['1', '2', '3']), (74729, ['1', '2', '3']), (74827, ['1', '2', '3']), (75222, ['1', '2', '3']), (75539, ['1', '2', '3']), (75707, ['1', '2', '3']), (75758, ['1', '2', '3']), (80020, ['1', '6', '7', '-8', '3']), (80807, ['1', '6', '7', '-8', '3']), (81003, ['1', '6', '7', '-8', '3']), (81031, ['1', '6', '7', '-8', '3']), (81321, ['1', '6', '7', '-8', '3']), (81519, ['1', '6', '7', '-8', '3']), (81559, ['1', '6', '7', '-8', '3']), (81643, ['1', '6', '7', '-8', '3']), (81736, ['1', '6', '7', '-8', '3']), (82435, ['1', '6', '7', '-8', '3']), (82839, ['1', '6', '7', '-8', '3']), (83345, ['1', '6', '7', '-8', '3']), (83651, ['1', '6', '7', '-8', '3']), (83905, ['1', '6', '7', '-8', '3']), (83926, ['1', '6', '7', '-8', '3']), (84144, ['1', '6', '7', '-8', '3']), (84438, ['1', '6', '7', '-8', '3']), (84521, ['1', '6', '7', '-8', '3']), (84742, ['1', '6', '7', '-8', '3']), (85213, ['1', '6', '7', '-8', '3']), (85259, ['1', '6', '7', '-8', '3']), (85504, ['1', '6', '7', '-8', '3']), (85751, ['1', '6', '7', '-8', '3']), (90139, ['1', '6', '7', '-8', '3']), (90242, ['1', '6', '7', '-8', '3']), (90611, ['1', '6', '7', '-8', '3']), (90625, ['1', '6', '7', '-8', '3']), (90640, ['1', '6', '7', '-8', '3']), (91150, ['1', '6', '7', '-8', '3']), (91334, ['1', '6', '7', '-8', '3']), (91546, ['1', '6', '7', '-8', '3']), (91921, ['1', '6', '7', '-8', '3']), (91945, ['1', '6', '7', '-8', '3']), (92228, ['1', '6', '7', '-8', '3']), (92409, ['1', '6', '7', '-8', '3']), (92639, ['1', '6', '7', '-8', '3']), (93506, ['1', '6', '7', '-8', '3']), (93800, ['1', '6', '7', '-8', '3']), (93947, ['1', '6', '7', '-8', '3']), (94233, ['1', '6', '7', '-8', '3']), (94733, ['1', '6', '7', '-8', '3']), (94754, ['1', '6', '7', '-8', '3']), (94948, ['1', '6', '7', '-8', '3']), (95135, ['1', '6', '7', '-8', '3']), (95302, ['1', '6', '7', '-8', '3']), (95408, ['1', '6', '7', '-8', '3']), (95540, ['1', '6', '7', '-8', '3']), (95949, ['1', '6', '7', '-8', '3']), (100107, ['1', '6', '7', '-8', '3']), (100221, ['1', '6', '7', '-8', '3']), (100241, ['1', '6', '7', '-8', '3']), (100445, ['1', '6', '7', '-8', '3']), (100532, ['1', '6', '7', '-8', '3']), (100839, ['1', '6', '7', '-8', '3']), (101133, ['1', '6', '7', '-8', '3']), (101258, ['1', '6', '7', '-8', '3']), (101308, ['1', '6', '7', '-8', '3']), (101433, ['1', '6', '7', '-8', '3']), (101438, ['1', '6', '7', '-8', '3']), (101751, ['1', '6', '7', '-8', '3']), (101842, ['1', '6', '7', '-8', '3']), (102140, ['1', '6', '7', '-8', '3']), (102724, ['1', '6', '7', '-8', '3']), (102820, ['1', '6', '7', '-8', '3']), (102902, ['1', '6', '7', '-8', '3']), (103006, ['1', '6', '7', '-8', '3']), (103430, ['1', '6', '7', '-8', '3']), (103532, ['1', '6', '7', '-8', '3']), (103841, ['1', '6', '7', '-8', '3']), (104012, ['1', '6', '7', '-8', '3']), (104457, ['1', '6', '7', '-8', '3']), (104548, ['1', '6', '7', '-8', '3']), (104650, ['1', '6', '7', '-8', '3']), (104748, ['1', '6', '7', '-8', '3']), (104906, ['1', '6', '7', '-8', '3']), (105606, ['1', '6', '7', '-8', '3']), (105802, ['1', '6', '7', '-8', '3']), (105918, ['1', '6', '7', '-8', '3']), (105932, ['1', '6', '7', '-8', '3']), (110338, ['1', '6', '7', '-8', '3']), (110713, ['1', '6', '7', '-8', '3']), (110748, ['1', '6', '7', '-8', '3']), (110752, ['1', '6', '7', '-8', '3']), (110801, ['1', '6', '7', '-8', '3']), (110916, ['1', '6', '7', '-8', '3']), (110954, ['1', '6', '7', '-8', '3']), (111109, ['1', '6', '7', '-8', '3']), (111439, ['1', '6', '7', '-8', '3']), (111915, ['1', '6', '7', '-8', '3']), (112028, ['1', '6', '7', '-8', '3']), (112320, ['1', '6', '7', '-8', '3']), (112530, ['1', '6', '7', '-8', '3']), (112547, ['1', '6', '7', '-8', '3']), (112657, ['1', '6', '7', '-8', '3']), (112719, ['1', '6', '7', '-8', '3']), (112732, ['1', '6', '7', '-8', '3']), (112935, ['1', '6', '7', '-8', '3']), (113322, ['1', '6', '7', '-8', '3']), (113329, ['1', '6', '7', '-8', '3']), (113405, ['1', '6', '7', '-8', '3']), (113434, ['1', '6', '7', '-8', '3']), (113716, ['1', '6', '7', '-8', '3']), (113953, ['1', '6', '7', '-8', '3']), (114300, ['1', '6', '7', '-8', '3']), (114833, ['1', '6', '7', '-8', '3']), (115432, ['1', '6', '7', '-8', '3']), (115957, ['1', '6', '7', '-8', '3']), (120253, ['1', '2', '3']), (120428, ['1', '2', '3']), (120429, ['1', '2', '3']), (120440, ['1', '2', '3']), (120500, ['1', '2', '3']), (120550, ['1', '2', '3']), (120608, ['1', '2', '3']), (120738, ['1', '2', '3']), (120810, ['1', '2', '3']), (120851, ['1', '2', '3']), (121109, ['1', '2', '3']), (121140, ['1', '2', '3']), (122625, ['1', '2', '3']), (122702, ['1', '2', '3']), (122822, ['1', '2', '3']), (123235, ['1', '2', '3']), (123353, ['1', '2', '3']), (123359, ['1', '2', '3']), (123515, ['1', '2', '3']), (123801, ['1', '2', '3']), (123838, ['1', '2', '3']), (123905, ['1', '2', '3']), (124009, ['1', '2', '3']), (124110, ['1', '2', '3']), (124149, ['1', '2', '3']), (124204, ['1', '2', '3']), (124624, ['1', '2', '3']), (124842, ['1', '2', '3']), (125019, ['1', '2', '3']), (125406, ['1', '2', '3']), (125420, ['1', '2', '3']), (130000, ['1', '2', '3']), (130155, ['1', '2', '3']), (130253, ['1', '2', '3']), (130454, ['1', '2', '3']), (130746, ['1', '2', '3']), (130823, ['1', '2', '3']), (131150, ['1', '2', '3']), (131335, ['1', '2', '3']), (131357, ['1', '2', '3']), (131402, ['1', '2', '3']), (131409, ['1', '2', '3']), (131658, ['1', '2', '3']), (131737, ['1', '2', '3']), (131808, ['1', '2', '3']), (132146, ['1', '2', '3']), (132243, ['1', '2', '3']), (132340, ['1', '2', '3']), (132502, ['1', '2', '3']), (132514, ['1', '2', '3']), (132608, ['1', '2', '3']), (132624, ['1', '2', '3']), (132735, ['1', '2', '3']), (132818, ['1', '2', '3']), (132910, ['1', '2', '3']), (133301, ['1', '2', '3']), (133617, ['1', '2', '3']), (133713, ['1', '2', '3']), (133932, ['1', '2', '3']), (134053, ['1', '2', '3']), (134138, ['1', '2', '3']), (134444, ['1', '2', '3']), (134616, ['1', '2', '3']), (134801, ['1', '2', '3']), (135303, ['1', '2', '3']), (135358, ['1', '2', '3']), (135607, ['1', '2', '3']), (140106, ['1', '2', '3']), (140250, ['1', '2', '3']), (140301, ['1', '2', '3']), (140450, ['1', '2', '3']), (140625, ['1', '2', '3']), (140756, ['1', '2', '3']), (140916, ['1', '2', '3']), (141118, ['1', '2', '3']), (141235, ['1', '2', '3']), (141413, ['1', '2', '3']), (141656, ['1', '2', '3']), (141751, ['1', '2', '3']), (142000, ['1', '2', '3']), (142021, ['1', '2', '3']), (142058, ['1', '2', '3']), (142201, ['1', '2', '3']), (142347, ['1', '2', '3']), (142428, ['1', '2', '3']), (142505, ['1', '2', '3']), (142658, ['1', '2', '3']), (142721, ['1', '2', '3']), (143050, ['1', '2', '3']), (143144, ['1', '2', '3']), (143408, ['1', '2', '3']), (143704, ['1', '2', '3']), (143757, ['1', '2', '3']), (143811, ['1', '2', '3']), (143813, ['1', '2', '3']), (143850, ['1', '2', '3']), (144106, ['1', '2', '3']), (144136, ['1', '2', '3']), (144142, ['1', '2', '3']), (144558, ['1', '2', '3']), (144704, ['1', '2', '3']), (144727, ['1', '2', '3']), (144835, ['1', '2', '3']), (145007, ['1', '2', '3']), (145123, ['1', '2', '3']), (145443, ['1', '2', '3']), (145453, ['1', '2', '3']), (145531, ['1', '2', '3']), (145549, ['1', '2', '3']), (145750, ['1', '2', '3'])]
2 -> 3 : [(10000, 1), (20000, 5), (30000, 7), (40000, 10), (50000, 12), (60000, 15), (70000, 14), (80000, 20), (90000, 22), (100000, 25), (110000, 27), (120000, 30), (130000, 32), (140000, 35)]
2 -> 5 : [(10000, 1), (20000, 0), (30000, 0), (40000, 0), (50000, 0), (60000, 0), (70000, 3), (80000, 0), (90000, 0), (100000, 0), (110000, 0), (120000, 0), (130000, 0), (140000, 0)]
2 -> 6 : [(10000, 0), (20000, 0), (30000, 0), (40000, 0), (50000, 0), (60000, 0), (70000, 0), (80000, 0), (90000, 0), (100000, 0), (110000, 0), (120000, 0), (130000, 0), (140000, 0)]
3 -> 2 : [(10000, 0), (20000, 0), (30000, 0), (40000, 0), (50000, 0), (60000, 0), (70000, 0), (80000, 0), (90000, 0), (100000, 0), (110000, 0), (120000, 0), (130000, 0), (140000, 0)]
3 -> 4 : [(10000, 1), (20000, 5), (30000, 7), (40000, 10), (50000, 12), (60000, 15), (70000, 14), (80000, 20), (90000, 22), (100000, 25), (110000, 27), (120000, 30), (130000, 32), (140000, 35)]
3 -> 7 : [(10000, 0), (20000, 0), (30000, 0), (40000, 0), (50000, 0), (60000, 0), (70000, 0), (80000, 0), (90000, 0), (100000, 0), (110000, 0), (120000, 0), (130000, 0), (140000, 0)]
4 -> 3 : [(10000, 0), (20000, 0), (30000, 0), (40000, 0), (50000, 0), (60000, 0), (70000, 0), (80000, 0), (90000, 0), (100000, 0), (110000, 0), (120000, 0), (130000, 0), (140000, 0)]
4 -> 5 : [(10000, 0), (20000, 0), (30000, 0), (40000, 0), (50000, 0), (60000, 0), (70000, 0), (80000, 0), (90000, 0), (100000, 0), (110000, 0), (120000, 0), (130000, 0), (140000, 0)]
5 -> 2 : [(10000, 0), (20000, 0), (30000, 0), (40000, 0), (50000, 0), (60000, 0), (70000, 0), (80000, 0), (90000, 0), (100000, 0), (110000, 0), (120000, 0), (130000, 0), (140000, 0)]
5 -> 4 : [(10000, 1), (20000, 0), (30000, 0), (40000, 0), (50000, 0), (60000, 0), (70000, 3), (80000, 0), (90000, 0), (100000, 0), (110000, 0), (120000, 0), (130000, 0), (140000, 0)]
6 -> 2 : [(10000, 0), (20000, 0), (30000, 0), (40000, 0), (50000, 0), (60000, 0), (70000, 0), (80000, 0), (90000, 0), (100000, 0), (110000, 0), (120000, 0), (130000, 0), (140000, 0)]
6 -> 7 : [(10000, 0), (20000, 0), (30000, 0), (40000, 0), (50000, 0), (60000, 0), (70000, 0), (80000, 0), (90000, 0), (100000, 0), (110000, 0), (120000, 0), (130000, 0), (140000, 0)]
7 -> 3 : [(10000, 0), (20000, 0), (30000, 0), (40000, 0), (50000, 0), (60000, 0), (70000, 0), (80000, 0), (90000, 0), (100000, 0), (110000, 0), (120000, 0), (130000, 0), (140000, 0)]
7 -> 6 : [(10000, 0), (20000, 0), (30000, 0), (40000, 0), (50000, 0), (60000, 0), (70000, 0), (80000, 0), (90000, 0), (100000, 0), (110000, 0), (120000, 0), (130000, 0), (140000, 0)]
