00:00:00
new vehicle0 @ 00:15:38 (sumoTime: 938 seconds) on link 1 with path_nodes [1, 2, 3, 4] which means path_links [1, 2, 3]
['newVeh0'] arrived @ sumotime 966.0 seconds
01:00:00
[INFO: transfer Visum-Sumo]: [(1.0, 100.0, 4.995138888888889, 2.0, 1.0), (-3.0, 100.0, 0.0, 3.0, 4.0), (5.0, 100.0, 0.0, 5.0, 4.0)] 
 [(3, 1)]
curVolumes: (10000, [(3, 1, 0)])
new vehicle1 @ 01:01:18 (sumoTime: 3678 seconds) on link 1 with path_nodes [1, 2, 3, 4] which means path_links [1, 2, 3]
['newVeh1'] arrived @ sumotime 3704.0 seconds
new vehicle2 @ 01:16:25 (sumoTime: 4585 seconds) on link 1 with path_nodes [1, 2, 3, 4] which means path_links [1, 2, 3]
['newVeh2'] arrived @ sumotime 4611.0 seconds
new vehicle3 @ 01:56:00 (sumoTime: 6960 seconds) on link 1 with path_nodes [1, 2, 3, 4] which means path_links [1, 2, 3]
['newVeh3'] arrived @ sumotime 6989.0 seconds
02:00:00
[INFO: transfer Visum-Sumo]: [(1.0, 100.0, 7.495138888888889, 2.0, 1.0), (-3.0, 100.0, 0.0, 3.0, 4.0), (5.0, 100.0, 0.0, 5.0, 4.0)] 
 [(3, 3)]
curVolumes: (20000, [(3, 3, 0)])
new vehicle4 @ 02:08:05 (sumoTime: 7685 seconds) on link 1 with path_nodes [1, 2, 3, 4] which means path_links [1, 2, 3]
['newVeh4'] arrived @ sumotime 7713.0 seconds
new vehicle5 @ 02:13:20 (sumoTime: 8000 seconds) on link 1 with path_nodes [1, 2, 3, 4] which means path_links [1, 2, 3]
['newVeh5'] arrived @ sumotime 8026.0 seconds
new vehicle6 @ 02:17:43 (sumoTime: 8263 seconds) on link 1 with path_nodes [1, 2, 3, 4] which means path_links [1, 2, 3]
['newVeh6'] arrived @ sumotime 8289.0 seconds
['newVeh6'] arrived @ sumotime 8290.0 seconds
new vehicle7 @ 02:42:08 (sumoTime: 9728 seconds) on link 1 with path_nodes [1, 2, 3, 4] which means path_links [1, 2, 3]
['newVeh7'] arrived @ sumotime 9753.0 seconds
new vehicle8 @ 02:48:51 (sumoTime: 10131 seconds) on link 1 with path_nodes [1, 2, 3, 4] which means path_links [1, 2, 3]
['newVeh8'] arrived @ sumotime 10161.0 seconds
new vehicle9 @ 02:53:29 (sumoTime: 10409 seconds) on link 1 with path_nodes [1, 2, 3, 4] which means path_links [1, 2, 3]
['newVeh9'] arrived @ sumotime 10439.0 seconds
03:00:00
[INFO: transfer Visum-Sumo]: [(1.0, 100.0, 9.995138888888889, 2.0, 1.0), (-3.0, 100.0, 0.0, 3.0, 4.0), (5.0, 100.0, 0.0, 5.0, 4.0)] 
 [(3, 7)]
curVolumes: (30000, [(3, 7, 0)])
new vehicle10 @ 03:08:55 (sumoTime: 11335 seconds) on link 1 with path_nodes [1, 2, 3, 4] which means path_links [1, 2, 3]
['newVeh10'] arrived @ sumotime 11362.0 seconds
new vehicle11 @ 03:20:44 (sumoTime: 12044 seconds) on link 1 with path_nodes [1, 2, 3, 4] which means path_links [1, 2, 3]
['newVeh11'] arrived @ sumotime 12072.0 seconds
new vehicle12 @ 03:30:09 (sumoTime: 12609 seconds) on link 1 with path_nodes [1, 2, 3, 4] which means path_links [1, 2, 3]
new vehicle13 @ 03:30:23 (sumoTime: 12623 seconds) on link 1 with path_nodes [1, 2, 3, 4] which means path_links [1, 2, 3]
['newVeh12'] arrived @ sumotime 12640.0 seconds
['newVeh13'] arrived @ sumotime 12650.0 seconds
new vehicle14 @ 03:33:22 (sumoTime: 12802 seconds) on link 1 with path_nodes [1, 2, 3, 4] which means path_links [1, 2, 3]
['newVeh14'] arrived @ sumotime 12830.0 seconds
new vehicle15 @ 03:42:49 (sumoTime: 13369 seconds) on link 1 with path_nodes [1, 2, 3, 4] which means path_links [1, 2, 3]
['newVeh15'] arrived @ sumotime 13396.0 seconds
new vehicle16 @ 03:44:53 (sumoTime: 13493 seconds) on link 1 with path_nodes [1, 2, 3, 4] which means path_links [1, 2, 3]
['newVeh16'] arrived @ sumotime 13519.0 seconds
new vehicle17 @ 03:48:28 (sumoTime: 13708 seconds) on link 1 with path_nodes [1, 2, 3, 4] which means path_links [1, 2, 3]
['newVeh17'] arrived @ sumotime 13738.0 seconds
new vehicle18 @ 03:50:11 (sumoTime: 13811 seconds) on link 1 with path_nodes [1, 2, 3, 4] which means path_links [1, 2, 3]
['newVeh18'] arrived @ sumotime 13838.0 seconds
new vehicle19 @ 03:53:39 (sumoTime: 14019 seconds) on link 1 with path_nodes [1, 2, 3, 4] which means path_links [1, 2, 3]
['newVeh19'] arrived @ sumotime 14044.0 seconds
04:00:00
[INFO: transfer Visum-Sumo]: [(1.0, 100.0, 12.495138888888889, 2.0, 1.0), (-3.0, 100.0, 0.0, 3.0, 4.0), (5.0, 100.0, 0.0, 5.0, 4.0)] 
 [(3, 10)]
curVolumes: (40000, [(3, 10, 0)])
new vehicle20 @ 04:01:31 (sumoTime: 14491 seconds) on link 1 with path_nodes [1, 2, 3, 4] which means path_links [1, 2, 3]
['newVeh20'] arrived @ sumotime 14517.0 seconds
new vehicle21 @ 04:05:41 (sumoTime: 14741 seconds) on link 1 with path_nodes [1, 2, 3, 4] which means path_links [1, 2, 3]
['newVeh21'] arrived @ sumotime 14771.0 seconds
new vehicle22 @ 04:06:16 (sumoTime: 14776 seconds) on link 1 with path_nodes [1, 2, 3, 4] which means path_links [1, 2, 3]
['newVeh22'] arrived @ sumotime 14802.0 seconds
new vehicle23 @ 04:07:03 (sumoTime: 14823 seconds) on link 1 with path_nodes [1, 2, 3, 4] which means path_links [1, 2, 3]
['newVeh23'] arrived @ sumotime 14849.0 seconds
new vehicle24 @ 04:11:51 (sumoTime: 15111 seconds) on link 1 with path_nodes [1, 2, 3, 4] which means path_links [1, 2, 3]
['newVeh24'] arrived @ sumotime 15140.0 seconds
new vehicle25 @ 04:13:54 (sumoTime: 15234 seconds) on link 1 with path_nodes [1, 2, 3, 4] which means path_links [1, 2, 3]
['newVeh25'] arrived @ sumotime 15260.0 seconds
new vehicle26 @ 04:20:58 (sumoTime: 15658 seconds) on link 1 with path_nodes [1, 2, 3, 4] which means path_links [1, 2, 3]
['newVeh26'] arrived @ sumotime 15687.0 seconds
new vehicle27 @ 04:30:38 (sumoTime: 16238 seconds) on link 1 with path_nodes [1, 2, 3, 4] which means path_links [1, 2, 3]
['newVeh27'] arrived @ sumotime 16266.0 seconds
new vehicle28 @ 04:32:56 (sumoTime: 16376 seconds) on link 1 with path_nodes [1, 2, 3, 4] which means path_links [1, 2, 3]
new vehicle29 @ 04:33:06 (sumoTime: 16386 seconds) on link 1 with path_nodes [1, 2, 3, 4] which means path_links [1, 2, 3]
new vehicle30 @ 04:33:23 (sumoTime: 16403 seconds) on link 1 with path_nodes [1, 2, 3, 4] which means path_links [1, 2, 3]
['newVeh28'] arrived @ sumotime 16403.0 seconds
['newVeh29'] arrived @ sumotime 16412.0 seconds
['newVeh30'] arrived @ sumotime 16431.0 seconds
new vehicle31 @ 04:35:18 (sumoTime: 16518 seconds) on link 1 with path_nodes [1, 2, 3, 4] which means path_links [1, 2, 3]
['newVeh31'] arrived @ sumotime 16544.0 seconds
new vehicle32 @ 04:56:30 (sumoTime: 17790 seconds) on link 1 with path_nodes [1, 2, 3, 4] which means path_links [1, 2, 3]
new vehicle33 @ 04:56:51 (sumoTime: 17811 seconds) on link 1 with path_nodes [1, 2, 3, 4] which means path_links [1, 2, 3]
['newVeh32'] arrived @ sumotime 17820.0 seconds
['newVeh33'] arrived @ sumotime 17839.0 seconds
new vehicle34 @ 04:57:25 (sumoTime: 17845 seconds) on link 1 with path_nodes [1, 2, 3, 4] which means path_links [1, 2, 3]
['newVeh34'] arrived @ sumotime 17870.0 seconds
new vehicle35 @ 04:57:54 (sumoTime: 17874 seconds) on link 1 with path_nodes [1, 2, 3, 4] which means path_links [1, 2, 3]
['newVeh35'] arrived @ sumotime 17900.0 seconds
new vehicle36 @ 04:58:38 (sumoTime: 17918 seconds) on link 1 with path_nodes [1, 2, 3, 4] which means path_links [1, 2, 3]
['newVeh36'] arrived @ sumotime 17944.0 seconds
new vehicle37 @ 04:59:41 (sumoTime: 17981 seconds) on link 1 with path_nodes [1, 2, 3, 4] which means path_links [1, 2, 3]
05:00:00
[INFO: transfer Visum-Sumo]: [(1.0, 100.0, 14.995138888888889, 2.0, 1.0), (-3.0, 100.0, 0.0, 3.0, 4.0), (5.0, 100.0, 0.0, 5.0, 4.0)] 
 [(3, 17)]
Umlegung ausgeführt
curVolumes: (50000, [(3, 17, 0)])
['newVeh37'] arrived @ sumotime 18007.0 seconds
new vehicle38 @ 05:01:46 (sumoTime: 18106 seconds) on link 1 with path_nodes [1, 2, 3, 4] which means path_links [1, 2, 3]
['newVeh38'] arrived @ sumotime 18133.0 seconds
new vehicle39 @ 05:03:57 (sumoTime: 18237 seconds) on link 1 with path_nodes [1, 2, 3, 4] which means path_links [1, 2, 3]
['newVeh39'] arrived @ sumotime 18265.0 seconds
new vehicle40 @ 05:07:17 (sumoTime: 18437 seconds) on link 1 with path_nodes [1, 2, 3, 4] which means path_links [1, 2, 3]
['newVeh40'] arrived @ sumotime 18466.0 seconds
new vehicle41 @ 05:10:10 (sumoTime: 18610 seconds) on link 1 with path_nodes [1, 2, 3, 4] which means path_links [1, 2, 3]
['newVeh41'] arrived @ sumotime 18638.0 seconds
new vehicle42 @ 05:13:40 (sumoTime: 18820 seconds) on link 1 with path_nodes [1, 2, 3, 4] which means path_links [1, 2, 3]
['newVeh42'] arrived @ sumotime 18848.0 seconds
new vehicle43 @ 05:15:53 (sumoTime: 18953 seconds) on link 1 with path_nodes [1, 2, 3, 4] which means path_links [1, 2, 3]
['newVeh43'] arrived @ sumotime 18984.0 seconds
new vehicle44 @ 05:25:42 (sumoTime: 19542 seconds) on link 1 with path_nodes [1, 2, 3, 4] which means path_links [1, 2, 3]
['newVeh44'] arrived @ sumotime 19566.0 seconds
new vehicle45 @ 05:27:25 (sumoTime: 19645 seconds) on link 1 with path_nodes [1, 2, 3, 4] which means path_links [1, 2, 3]
new vehicle46 @ 05:27:28 (sumoTime: 19648 seconds) on link 1 with path_nodes [1, 2, 3, 4] which means path_links [1, 2, 3]
['newVeh45'] arrived @ sumotime 19673.0 seconds
['newVeh46'] arrived @ sumotime 19678.0 seconds
new vehicle47 @ 05:41:42 (sumoTime: 20502 seconds) on link 1 with path_nodes [1, 2, 3, 4] which means path_links [1, 2, 3]
['newVeh47'] arrived @ sumotime 20529.0 seconds
new vehicle48 @ 05:44:23 (sumoTime: 20663 seconds) on link 1 with path_nodes [1, 2, 3, 4] which means path_links [1, 2, 3]
['newVeh48'] arrived @ sumotime 20692.0 seconds
new vehicle49 @ 05:48:50 (sumoTime: 20930 seconds) on link 1 with path_nodes [1, 2, 3, 4] which means path_links [1, 2, 3]
['newVeh49'] arrived @ sumotime 20958.0 seconds
new vehicle50 @ 05:50:15 (sumoTime: 21015 seconds) on link 1 with path_nodes [1, 2, 3, 4] which means path_links [1, 2, 3]
['newVeh50'] arrived @ sumotime 21041.0 seconds
['newVeh50'] arrived @ sumotime 21042.0 seconds
new vehicle51 @ 05:52:43 (sumoTime: 21163 seconds) on link 1 with path_nodes [1, 2, 3, 4] which means path_links [1, 2, 3]
['newVeh51'] arrived @ sumotime 21188.0 seconds
new vehicle52 @ 05:58:04 (sumoTime: 21484 seconds) on link 1 with path_nodes [1, 2, 3, 4] which means path_links [1, 2, 3]
['newVeh52'] arrived @ sumotime 21512.0 seconds
['newVeh52'] arrived @ sumotime 21513.0 seconds
06:00:00
[INFO: transfer Visum-Sumo]: [(1.0, 100.0, 17.49513888888889, 2.0, 1.0), (-3.0, 100.0, 0.0, 3.0, 4.0), (5.0, 100.0, 0.0, 5.0, 4.0)] 
 [(3, 18)]
Umlegung ausgeführt
curVolumes: (60000, [(3, 18, 0)])
new vehicle53 @ 06:00:54 (sumoTime: 21654 seconds) on link 1 with path_nodes [1, 2, 3, 4] which means path_links [1, 2, 3]
['newVeh53'] arrived @ sumotime 21680.0 seconds
new vehicle54 @ 06:05:12 (sumoTime: 21912 seconds) on link 1 with path_nodes [1, 2, 3, 4] which means path_links [1, 2, 3]
['newVeh54'] arrived @ sumotime 21938.0 seconds
new vehicle55 @ 06:14:40 (sumoTime: 22480 seconds) on link 1 with path_nodes [1, 2, 3, 4] which means path_links [1, 2, 3]
['newVeh55'] arrived @ sumotime 22507.0 seconds
new vehicle56 @ 06:16:55 (sumoTime: 22615 seconds) on link 1 with path_nodes [1, 2, 3, 4] which means path_links [1, 2, 3]
['newVeh56'] arrived @ sumotime 22642.0 seconds
new vehicle57 @ 06:18:02 (sumoTime: 22682 seconds) on link 1 with path_nodes [1, 2, 3, 4] which means path_links [1, 2, 3]
['newVeh57'] arrived @ sumotime 22711.0 seconds
new vehicle58 @ 06:18:51 (sumoTime: 22731 seconds) on link 1 with path_nodes [1, 2, 3, 4] which means path_links [1, 2, 3]
['newVeh58'] arrived @ sumotime 22756.0 seconds
new vehicle59 @ 06:19:30 (sumoTime: 22770 seconds) on link 1 with path_nodes [1, 2, 3, 4] which means path_links [1, 2, 3]
['newVeh59'] arrived @ sumotime 22797.0 seconds
new vehicle60 @ 06:24:00 (sumoTime: 23040 seconds) on link 1 with path_nodes [1, 2, 3, 4] which means path_links [1, 2, 3]
['newVeh60'] arrived @ sumotime 23069.0 seconds
new vehicle61 @ 06:30:49 (sumoTime: 23449 seconds) on link 1 with path_nodes [1, 2, 3, 4] which means path_links [1, 2, 3]
['newVeh61'] arrived @ sumotime 23479.0 seconds
new vehicle62 @ 06:34:28 (sumoTime: 23668 seconds) on link 1 with path_nodes [1, 2, 3, 4] which means path_links [1, 2, 3]
['newVeh62'] arrived @ sumotime 23698.0 seconds
new vehicle63 @ 06:35:06 (sumoTime: 23706 seconds) on link 1 with path_nodes [1, 2, 3, 4] which means path_links [1, 2, 3]
['newVeh63'] arrived @ sumotime 23732.0 seconds
new vehicle64 @ 06:37:14 (sumoTime: 23834 seconds) on link 1 with path_nodes [1, 2, 3, 4] which means path_links [1, 2, 3]
['newVeh64'] arrived @ sumotime 23860.0 seconds
new vehicle65 @ 06:37:46 (sumoTime: 23866 seconds) on link 1 with path_nodes [1, 2, 3, 4] which means path_links [1, 2, 3]
new vehicle66 @ 06:37:55 (sumoTime: 23875 seconds) on link 1 with path_nodes [1, 2, 3, 4] which means path_links [1, 2, 3]
new vehicle67 @ 06:38:06 (sumoTime: 23886 seconds) on link 1 with path_nodes [1, 2, 3, 4] which means path_links [1, 2, 3]
['newVeh65'] arrived @ sumotime 23892.0 seconds
['newVeh66'] arrived @ sumotime 23903.0 seconds
['newVeh67'] arrived @ sumotime 23913.0 seconds
new vehicle68 @ 06:38:53 (sumoTime: 23933 seconds) on link 1 with path_nodes [1, 2, 3, 4] which means path_links [1, 2, 3]
['newVeh68'] arrived @ sumotime 23959.0 seconds
new vehicle69 @ 06:39:54 (sumoTime: 23994 seconds) on link 1 with path_nodes [1, 2, 3, 4] which means path_links [1, 2, 3]
['newVeh69'] arrived @ sumotime 24021.0 seconds
new vehicle70 @ 06:40:40 (sumoTime: 24040 seconds) on link 1 with path_nodes [1, 2, 3, 4] which means path_links [1, 2, 3]
['newVeh70'] arrived @ sumotime 24066.0 seconds
new vehicle71 @ 06:47:10 (sumoTime: 24430 seconds) on link 1 with path_nodes [1, 2, 3, 4] which means path_links [1, 2, 3]
['newVeh71'] arrived @ sumotime 24457.0 seconds
new vehicle72 @ 06:52:33 (sumoTime: 24753 seconds) on link 1 with path_nodes [1, 2, 3, 4] which means path_links [1, 2, 3]
['newVeh72'] arrived @ sumotime 24780.0 seconds
new vehicle73 @ 06:55:57 (sumoTime: 24957 seconds) on link 1 with path_nodes [1, 2, 3, 4] which means path_links [1, 2, 3]
['newVeh73'] arrived @ sumotime 24984.0 seconds
new vehicle74 @ 06:57:09 (sumoTime: 25029 seconds) on link 1 with path_nodes [1, 2, 3, 4] which means path_links [1, 2, 3]
['newVeh74'] arrived @ sumotime 25057.0 seconds
07:00:00
[INFO: transfer Visum-Sumo]: [(1.0, 100.0, 19.99513888888889, 2.0, 1.0), (-3.0, 100.0, 0.0, 3.0, 4.0), (5.0, 100.0, 0.0, 5.0, 4.0)] 
 [(3, 22)]
Umlegung ausgeführt
curVolumes: (70000, [(3, 22, 0)])
new vehicle75 @ 07:00:06 (sumoTime: 25206 seconds) on link 1 with path_nodes [1, 2, 3, 4] which means path_links [1, 2, 3]
['newVeh75'] arrived @ sumotime 25234.0 seconds
new vehicle76 @ 07:02:09 (sumoTime: 25329 seconds) on link 1 with path_nodes [1, 2, 3, 4] which means path_links [1, 2, 3]
['newVeh76'] arrived @ sumotime 25354.0 seconds
['newVeh76'] arrived @ sumotime 25355.0 seconds
new vehicle77 @ 07:04:29 (sumoTime: 25469 seconds) on link 1 with path_nodes [1, 2, 3, 4] which means path_links [1, 2, 3]
['newVeh77'] arrived @ sumotime 25500.0 seconds
new vehicle78 @ 07:05:09 (sumoTime: 25509 seconds) on link 1 with path_nodes [1, 2, 3, 4] which means path_links [1, 2, 3]
new vehicle79 @ 07:05:33 (sumoTime: 25533 seconds) on link 1 with path_nodes [1, 2, 3, 4] which means path_links [1, 2, 3]
['newVeh78'] arrived @ sumotime 25537.0 seconds
['newVeh79'] arrived @ sumotime 25563.0 seconds
new vehicle80 @ 07:07:06 (sumoTime: 25626 seconds) on link 1 with path_nodes [1, 2, 3, 4] which means path_links [1, 2, 3]
new vehicle81 @ 07:07:33 (sumoTime: 25653 seconds) on link 1 with path_nodes [1, 2, 3, 4] which means path_links [1, 2, 3]
['newVeh80'] arrived @ sumotime 25658.0 seconds
['newVeh81'] arrived @ sumotime 25679.0 seconds
new vehicle82 @ 07:09:41 (sumoTime: 25781 seconds) on link 1 with path_nodes [1, 2, 3, 4] which means path_links [1, 2, 3]
['newVeh82'] arrived @ sumotime 25809.0 seconds
new vehicle83 @ 07:11:33 (sumoTime: 25893 seconds) on link 1 with path_nodes [1, 2, 3, 4] which means path_links [1, 2, 3]
['newVeh83'] arrived @ sumotime 25921.0 seconds
new vehicle84 @ 07:23:38 (sumoTime: 26618 seconds) on link 1 with path_nodes [1, 2, 3, 4] which means path_links [1, 2, 3]
['newVeh84'] arrived @ sumotime 26644.0 seconds
new vehicle85 @ 07:26:40 (sumoTime: 26800 seconds) on link 1 with path_nodes [1, 2, 3, 4] which means path_links [1, 2, 3]
new vehicle86 @ 07:26:43 (sumoTime: 26803 seconds) on link 1 with path_nodes [1, 2, 3, 4] which means path_links [1, 2, 3]
['newVeh85'] arrived @ sumotime 26826.0 seconds
['newVeh86'] arrived @ sumotime 26829.0 seconds
new vehicle87 @ 07:27:17 (sumoTime: 26837 seconds) on link 1 with path_nodes [1, 2, 3, 4] which means path_links [1, 2, 3]
['newVeh87'] arrived @ sumotime 26862.0 seconds
new vehicle88 @ 07:33:44 (sumoTime: 27224 seconds) on link 1 with path_nodes [1, 2, 3, 4] which means path_links [1, 2, 3]
['newVeh88'] arrived @ sumotime 27250.0 seconds
new vehicle89 @ 07:34:30 (sumoTime: 27270 seconds) on link 1 with path_nodes [1, 2, 3, 4] which means path_links [1, 2, 3]
['newVeh89'] arrived @ sumotime 27300.0 seconds
new vehicle90 @ 07:35:13 (sumoTime: 27313 seconds) on link 1 with path_nodes [1, 2, 3, 4] which means path_links [1, 2, 3]
new vehicle91 @ 07:35:35 (sumoTime: 27335 seconds) on link 1 with path_nodes [1, 2, 3, 4] which means path_links [1, 2, 3]
['newVeh90'] arrived @ sumotime 27340.0 seconds
new vehicle92 @ 07:35:48 (sumoTime: 27348 seconds) on link 1 with path_nodes [1, 2, 3, 4] which means path_links [1, 2, 3]
['newVeh91'] arrived @ sumotime 27362.0 seconds
['newVeh92'] arrived @ sumotime 27374.0 seconds
new vehicle93 @ 07:37:57 (sumoTime: 27477 seconds) on link 1 with path_nodes [1, 2, 3, 4] which means path_links [1, 2, 3]
['newVeh93'] arrived @ sumotime 27504.0 seconds
new vehicle94 @ 07:45:23 (sumoTime: 27923 seconds) on link 1 with path_nodes [1, 2, 3, 4] which means path_links [1, 2, 3]
['newVeh94'] arrived @ sumotime 27951.0 seconds
new vehicle95 @ 07:47:48 (sumoTime: 28068 seconds) on link 1 with path_nodes [1, 2, 3, 4] which means path_links [1, 2, 3]
new vehicle96 @ 07:47:55 (sumoTime: 28075 seconds) on link 1 with path_nodes [1, 2, 3, 4] which means path_links [1, 2, 3]
['newVeh95'] arrived @ sumotime 28098.0 seconds
['newVeh96'] arrived @ sumotime 28101.0 seconds
new vehicle97 @ 07:57:24 (sumoTime: 28644 seconds) on link 1 with path_nodes [1, 2, 3, 4] which means path_links [1, 2, 3]
['newVeh97'] arrived @ sumotime 28670.0 seconds
new vehicle98 @ 07:59:57 (sumoTime: 28797 seconds) on link 1 with path_nodes [1, 2, 3, 4] which means path_links [1, 2, 3]
08:00:00
[INFO: transfer Visum-Sumo]: [(1.0, 100.0, 22.49513888888889, 2.0, 1.0), (-3.0, 100.0, 0.0, 3.0, 4.0), (5.0, 100.0, 0.0, 5.0, 4.0)] 
 [(3, 24)]
Umlegung ausgeführt
curVolumes: (80000, [(3, 24, 0)])
new vehicle99 @ 08:00:31 (sumoTime: 28831 seconds) on link 1 with path_nodes [1, 2, 3, 4] which means path_links [1, 2, 3]
new vehicle100 @ 08:04:09 (sumoTime: 29049 seconds) on link 1 with path_nodes [1, 2, 3, 4] which means path_links [1, 2, 3]
['newVeh98'] arrived @ sumotime 29125.0 seconds
['newVeh99'] arrived @ sumotime 29164.0 seconds
['newVeh100'] arrived @ sumotime 29165.0 seconds
new vehicle101 @ 08:09:49 (sumoTime: 29389 seconds) on link 1 with path_nodes [1, 2, 3, 4] which means path_links [1, 2, 3]
['newVeh101'] arrived @ sumotime 29444.0 seconds
new vehicle102 @ 08:13:15 (sumoTime: 29595 seconds) on link 1 with path_nodes [1, 2, 3, 4] which means path_links [1, 2, 3]
['newVeh102'] arrived @ sumotime 29650.0 seconds
new vehicle103 @ 08:15:30 (sumoTime: 29730 seconds) on link 1 with path_nodes [1, 2, 3, 4] which means path_links [1, 2, 3]
['newVeh103'] arrived @ sumotime 29785.0 seconds
new vehicle104 @ 08:20:15 (sumoTime: 30015 seconds) on link 1 with path_nodes [1, 2, 3, 4] which means path_links [1, 2, 3]
new vehicle105 @ 08:20:44 (sumoTime: 30044 seconds) on link 1 with path_nodes [1, 2, 3, 4] which means path_links [1, 2, 3]
['newVeh104'] arrived @ sumotime 30065.0 seconds
['newVeh105'] arrived @ sumotime 30092.0 seconds
new vehicle106 @ 08:21:57 (sumoTime: 30117 seconds) on link 1 with path_nodes [1, 2, 3, 4] which means path_links [1, 2, 3]
new vehicle107 @ 08:22:31 (sumoTime: 30151 seconds) on link 1 with path_nodes [1, 2, 3, 4] which means path_links [1, 2, 3]
['newVeh106'] arrived @ sumotime 30170.0 seconds
new vehicle108 @ 08:23:19 (sumoTime: 30199 seconds) on link 1 with path_nodes [1, 2, 3, 4] which means path_links [1, 2, 3]
['newVeh107'] arrived @ sumotime 30207.0 seconds
['newVeh108'] arrived @ sumotime 30250.0 seconds
['newVeh108'] arrived @ sumotime 30251.0 seconds
new vehicle109 @ 08:26:09 (sumoTime: 30369 seconds) on link 1 with path_nodes [1, 2, 3, 4] which means path_links [1, 2, 3]
new vehicle110 @ 08:26:11 (sumoTime: 30371 seconds) on link 1 with path_nodes [1, 2, 3, 4] which means path_links [1, 2, 3]
new vehicle111 @ 08:26:44 (sumoTime: 30404 seconds) on link 1 with path_nodes [1, 2, 3, 4] which means path_links [1, 2, 3]
new vehicle112 @ 08:27:04 (sumoTime: 30424 seconds) on link 1 with path_nodes [1, 2, 3, 4] which means path_links [1, 2, 3]
['newVeh109'] arrived @ sumotime 30424.0 seconds
['newVeh110'] arrived @ sumotime 30427.0 seconds
['newVeh110'] arrived @ sumotime 30428.0 seconds
['newVeh111'] arrived @ sumotime 30455.0 seconds
new vehicle113 @ 08:27:50 (sumoTime: 30470 seconds) on link 1 with path_nodes [1, 2, 3, 4] which means path_links [1, 2, 3]
['newVeh112'] arrived @ sumotime 30482.0 seconds
['newVeh113'] arrived @ sumotime 30521.0 seconds
new vehicle114 @ 08:31:08 (sumoTime: 30668 seconds) on link 1 with path_nodes [1, 2, 3, 4] which means path_links [1, 2, 3]
['newVeh114'] arrived @ sumotime 30722.0 seconds
new vehicle115 @ 08:36:02 (sumoTime: 30962 seconds) on link 1 with path_nodes [1, 2, 3, 4] which means path_links [1, 2, 3]
['newVeh115'] arrived @ sumotime 31018.0 seconds
new vehicle116 @ 08:37:41 (sumoTime: 31061 seconds) on link 1 with path_nodes [1, 2, 3, 4] which means path_links [1, 2, 3]
['newVeh116'] arrived @ sumotime 31115.0 seconds
new vehicle117 @ 08:44:24 (sumoTime: 31464 seconds) on link 1 with path_nodes [1, 2, 3, 4] which means path_links [1, 2, 3]
['newVeh117'] arrived @ sumotime 31518.0 seconds
new vehicle118 @ 08:45:52 (sumoTime: 31552 seconds) on link 1 with path_nodes [1, 2, 3, 4] which means path_links [1, 2, 3]
new vehicle119 @ 08:46:19 (sumoTime: 31579 seconds) on link 1 with path_nodes [1, 2, 3, 4] which means path_links [1, 2, 3]
['newVeh118'] arrived @ sumotime 31610.0 seconds
new vehicle120 @ 08:46:55 (sumoTime: 31615 seconds) on link 1 with path_nodes [1, 2, 3, 4] which means path_links [1, 2, 3]
['newVeh119'] arrived @ sumotime 31630.0 seconds
['newVeh120'] arrived @ sumotime 31664.0 seconds
new vehicle121 @ 08:49:52 (sumoTime: 31792 seconds) on link 1 with path_nodes [1, 2, 3, 4] which means path_links [1, 2, 3]
['newVeh121'] arrived @ sumotime 31846.0 seconds
new vehicle122 @ 08:51:07 (sumoTime: 31867 seconds) on link 1 with path_nodes [1, 2, 3, 4] which means path_links [1, 2, 3]
['newVeh122'] arrived @ sumotime 31918.0 seconds
new vehicle123 @ 08:56:41 (sumoTime: 32201 seconds) on link 1 with path_nodes [1, 2, 3, 4] which means path_links [1, 2, 3]
new vehicle124 @ 08:56:43 (sumoTime: 32203 seconds) on link 1 with path_nodes [1, 2, 3, 4] which means path_links [1, 2, 3]
['newVeh123'] arrived @ sumotime 32262.0 seconds
['newVeh124'] arrived @ sumotime 32264.0 seconds
09:00:00
[INFO: transfer Visum-Sumo]: [(1.0, 100.0, 24.99513888888889, 2.0, 1.0), (-3.0, 100.0, 0.0, 3.0, 4.0), (5.0, 100.0, 0.0, 5.0, 4.0)] 
 [(3, 29)]
Umlegung ausgeführt
curVolumes: (90000, [(3, 29, 0)])
new vehicle125 @ 09:03:53 (sumoTime: 32633 seconds) on link 1 with path_nodes [1, 2, 3, 4] which means path_links [1, 2, 3]
['newVeh125'] arrived @ sumotime 32685.0 seconds
new vehicle126 @ 09:13:28 (sumoTime: 33208 seconds) on link 1 with path_nodes [1, 2, 3, 4] which means path_links [1, 2, 3]
['newVeh126'] arrived @ sumotime 33260.0 seconds
new vehicle127 @ 09:14:40 (sumoTime: 33280 seconds) on link 1 with path_nodes [1, 2, 3, 4] which means path_links [1, 2, 3]
new vehicle128 @ 09:14:46 (sumoTime: 33286 seconds) on link 1 with path_nodes [1, 2, 3, 4] which means path_links [1, 2, 3]
new vehicle129 @ 09:15:30 (sumoTime: 33330 seconds) on link 1 with path_nodes [1, 2, 3, 4] which means path_links [1, 2, 3]
['newVeh127'] arrived @ sumotime 33341.0 seconds
['newVeh128'] arrived @ sumotime 33344.0 seconds
['newVeh129'] arrived @ sumotime 33379.0 seconds
new vehicle130 @ 09:16:25 (sumoTime: 33385 seconds) on link 1 with path_nodes [1, 2, 3, 4] which means path_links [1, 2, 3]
['newVeh130'] arrived @ sumotime 33434.0 seconds
['newVeh130'] arrived @ sumotime 33435.0 seconds
new vehicle131 @ 09:18:25 (sumoTime: 33505 seconds) on link 1 with path_nodes [1, 2, 3, 4] which means path_links [1, 2, 3]
['newVeh131'] arrived @ sumotime 33556.0 seconds
new vehicle132 @ 09:19:58 (sumoTime: 33598 seconds) on link 1 with path_nodes [1, 2, 3, 4] which means path_links [1, 2, 3]
['newVeh132'] arrived @ sumotime 33656.0 seconds
new vehicle133 @ 09:23:14 (sumoTime: 33794 seconds) on link 1 with path_nodes [1, 2, 3, 4] which means path_links [1, 2, 3]
['newVeh133'] arrived @ sumotime 33844.0 seconds
new vehicle134 @ 09:27:14 (sumoTime: 34034 seconds) on link 1 with path_nodes [1, 2, 3, 4] which means path_links [1, 2, 3]
new vehicle135 @ 09:27:23 (sumoTime: 34043 seconds) on link 1 with path_nodes [1, 2, 3, 4] which means path_links [1, 2, 3]
['newVeh134'] arrived @ sumotime 34084.0 seconds
['newVeh135'] arrived @ sumotime 34105.0 seconds
['newVeh135'] arrived @ sumotime 34106.0 seconds
new vehicle136 @ 09:29:18 (sumoTime: 34158 seconds) on link 1 with path_nodes [1, 2, 3, 4] which means path_links [1, 2, 3]
new vehicle137 @ 09:29:56 (sumoTime: 34196 seconds) on link 1 with path_nodes [1, 2, 3, 4] which means path_links [1, 2, 3]
['newVeh136'] arrived @ sumotime 34213.0 seconds
['newVeh137'] arrived @ sumotime 34251.0 seconds
new vehicle138 @ 09:31:14 (sumoTime: 34274 seconds) on link 1 with path_nodes [1, 2, 3, 4] which means path_links [1, 2, 3]
['newVeh138'] arrived @ sumotime 34326.0 seconds
new vehicle139 @ 09:32:11 (sumoTime: 34331 seconds) on link 1 with path_nodes [1, 2, 3, 4] which means path_links [1, 2, 3]
new vehicle140 @ 09:32:35 (sumoTime: 34355 seconds) on link 1 with path_nodes [1, 2, 3, 4] which means path_links [1, 2, 3]
['newVeh139'] arrived @ sumotime 34381.0 seconds
['newVeh140'] arrived @ sumotime 34405.0 seconds
new vehicle141 @ 09:36:42 (sumoTime: 34602 seconds) on link 1 with path_nodes [1, 2, 3, 4] which means path_links [1, 2, 3]
new vehicle142 @ 09:37:14 (sumoTime: 34634 seconds) on link 1 with path_nodes [1, 2, 3, 4] which means path_links [1, 2, 3]
['newVeh141'] arrived @ sumotime 34657.0 seconds
['newVeh142'] arrived @ sumotime 34684.0 seconds
new vehicle143 @ 09:39:24 (sumoTime: 34764 seconds) on link 1 with path_nodes [1, 2, 3, 4] which means path_links [1, 2, 3]
new vehicle144 @ 09:39:43 (sumoTime: 34783 seconds) on link 1 with path_nodes [1, 2, 3, 4] which means path_links [1, 2, 3]
['newVeh143'] arrived @ sumotime 34811.0 seconds
['newVeh144'] arrived @ sumotime 34836.0 seconds
new vehicle145 @ 09:40:41 (sumoTime: 34841 seconds) on link 1 with path_nodes [1, 2, 3, 4] which means path_links [1, 2, 3]
['newVeh145'] arrived @ sumotime 34893.0 seconds
new vehicle146 @ 09:41:46 (sumoTime: 34906 seconds) on link 1 with path_nodes [1, 2, 3, 4] which means path_links [1, 2, 3]
['newVeh146'] arrived @ sumotime 34958.0 seconds
new vehicle147 @ 09:44:43 (sumoTime: 35083 seconds) on link 1 with path_nodes [1, 2, 3, 4] which means path_links [1, 2, 3]
['newVeh147'] arrived @ sumotime 35137.0 seconds
new vehicle148 @ 09:46:38 (sumoTime: 35198 seconds) on link 1 with path_nodes [1, 2, 3, 4] which means path_links [1, 2, 3]
['newVeh148'] arrived @ sumotime 35254.0 seconds
new vehicle149 @ 09:50:41 (sumoTime: 35441 seconds) on link 1 with path_nodes [1, 2, 3, 4] which means path_links [1, 2, 3]
['newVeh149'] arrived @ sumotime 35494.0 seconds
new vehicle150 @ 09:54:28 (sumoTime: 35668 seconds) on link 1 with path_nodes [1, 2, 3, 4] which means path_links [1, 2, 3]
['newVeh150'] arrived @ sumotime 35719.0 seconds
10:00:00
[INFO: transfer Visum-Sumo]: [(1.0, 100.0, 27.49513888888889, 2.0, 1.0), (-3.0, 100.0, 0.0, 3.0, 4.0), (5.0, 100.0, 0.0, 5.0, 4.0)] 
 [(3, 28)]
Umlegung ausgeführt
curVolumes: (100000, [(3, 28, 0)])
new vehicle151 @ 10:00:59 (sumoTime: 36059 seconds) on link 1 with path_nodes [1, 2, 3, 4] which means path_links [1, 2, 3]
new vehicle152 @ 10:01:09 (sumoTime: 36069 seconds) on link 1 with path_nodes [1, 2, 3, 4] which means path_links [1, 2, 3]
['newVeh151'] arrived @ sumotime 36111.0 seconds
['newVeh152'] arrived @ sumotime 36120.0 seconds
new vehicle153 @ 10:06:14 (sumoTime: 36374 seconds) on link 1 with path_nodes [1, 2, 3, 4] which means path_links [1, 2, 3]
new vehicle154 @ 10:07:01 (sumoTime: 36421 seconds) on link 1 with path_nodes [1, 2, 3, 4] which means path_links [1, 2, 3]
['newVeh153'] arrived @ sumotime 36427.0 seconds
['newVeh154'] arrived @ sumotime 36471.0 seconds
new vehicle155 @ 10:16:09 (sumoTime: 36969 seconds) on link 1 with path_nodes [1, 2, 3, 4] which means path_links [1, 2, 3]
['newVeh155'] arrived @ sumotime 37018.0 seconds
['newVeh155'] arrived @ sumotime 37019.0 seconds
new vehicle156 @ 10:18:09 (sumoTime: 37089 seconds) on link 1 with path_nodes [1, 2, 3, 4] which means path_links [1, 2, 3]
['newVeh156'] arrived @ sumotime 37144.0 seconds
new vehicle157 @ 10:22:19 (sumoTime: 37339 seconds) on link 1 with path_nodes [1, 2, 3, 4] which means path_links [1, 2, 3]
['newVeh157'] arrived @ sumotime 37387.0 seconds
new vehicle158 @ 10:23:24 (sumoTime: 37404 seconds) on link 1 with path_nodes [1, 2, 3, 4] which means path_links [1, 2, 3]
['newVeh158'] arrived @ sumotime 37453.0 seconds
new vehicle159 @ 10:25:00 (sumoTime: 37500 seconds) on link 1 with path_nodes [1, 2, 3, 4] which means path_links [1, 2, 3]
['newVeh159'] arrived @ sumotime 37553.0 seconds
new vehicle160 @ 10:28:23 (sumoTime: 37703 seconds) on link 1 with path_nodes [1, 2, 3, 4] which means path_links [1, 2, 3]
['newVeh160'] arrived @ sumotime 37762.0 seconds
new vehicle161 @ 10:30:21 (sumoTime: 37821 seconds) on link 1 with path_nodes [1, 2, 3, 4] which means path_links [1, 2, 3]
['newVeh161'] arrived @ sumotime 37875.0 seconds
new vehicle162 @ 10:34:10 (sumoTime: 38050 seconds) on link 1 with path_nodes [1, 2, 3, 4] which means path_links [1, 2, 3]
['newVeh162'] arrived @ sumotime 38099.0 seconds
new vehicle163 @ 10:42:44 (sumoTime: 38564 seconds) on link 1 with path_nodes [1, 2, 3, 4] which means path_links [1, 2, 3]
new vehicle164 @ 10:42:58 (sumoTime: 38578 seconds) on link 1 with path_nodes [1, 2, 3, 4] which means path_links [1, 2, 3]
['newVeh163'] arrived @ sumotime 38614.0 seconds
['newVeh164'] arrived @ sumotime 38628.0 seconds
new vehicle165 @ 10:46:39 (sumoTime: 38799 seconds) on link 1 with path_nodes [1, 2, 3, 4] which means path_links [1, 2, 3]
new vehicle166 @ 10:46:54 (sumoTime: 38814 seconds) on link 1 with path_nodes [1, 2, 3, 4] which means path_links [1, 2, 3]
['newVeh165'] arrived @ sumotime 38849.0 seconds
['newVeh166'] arrived @ sumotime 38862.0 seconds
new vehicle167 @ 10:48:12 (sumoTime: 38892 seconds) on link 1 with path_nodes [1, 2, 3, 4] which means path_links [1, 2, 3]
new vehicle168 @ 10:48:30 (sumoTime: 38910 seconds) on link 1 with path_nodes [1, 2, 3, 4] which means path_links [1, 2, 3]
['newVeh167'] arrived @ sumotime 38947.0 seconds
['newVeh168'] arrived @ sumotime 38966.0 seconds
new vehicle169 @ 10:49:55 (sumoTime: 38995 seconds) on link 1 with path_nodes [1, 2, 3, 4] which means path_links [1, 2, 3]
new vehicle170 @ 10:50:45 (sumoTime: 39045 seconds) on link 1 with path_nodes [1, 2, 3, 4] which means path_links [1, 2, 3]
['newVeh169'] arrived @ sumotime 39051.0 seconds
['newVeh170'] arrived @ sumotime 39104.0 seconds
new vehicle171 @ 10:53:09 (sumoTime: 39189 seconds) on link 1 with path_nodes [1, 2, 3, 4] which means path_links [1, 2, 3]
new vehicle172 @ 10:54:08 (sumoTime: 39248 seconds) on link 1 with path_nodes [1, 2, 3, 4] which means path_links [1, 2, 3]
['newVeh171'] arrived @ sumotime 39252.0 seconds
['newVeh172'] arrived @ sumotime 39296.0 seconds
new vehicle173 @ 10:57:54 (sumoTime: 39474 seconds) on link 1 with path_nodes [1, 2, 3, 4] which means path_links [1, 2, 3]
new vehicle174 @ 10:58:05 (sumoTime: 39485 seconds) on link 1 with path_nodes [1, 2, 3, 4] which means path_links [1, 2, 3]
['newVeh173'] arrived @ sumotime 39521.0 seconds
['newVeh174'] arrived @ sumotime 39537.0 seconds
11:00:00
[INFO: transfer Visum-Sumo]: [(1.0, 100.0, 29.99513888888889, 2.0, 1.0), (-3.0, 100.0, 0.0, 3.0, 4.0), (5.0, 100.0, 0.0, 5.0, 4.0)] 
 [(3, 25)]
Umlegung ausgeführt
curVolumes: (110000, [(3, 25, 0)])
new vehicle175 @ 11:00:44 (sumoTime: 39644 seconds) on link 1 with path_nodes [1, 2, 3, 4] which means path_links [1, 2, 3]
['newVeh175'] arrived @ sumotime 39695.0 seconds
new vehicle176 @ 11:02:51 (sumoTime: 39771 seconds) on link 1 with path_nodes [1, 2, 3, 4] which means path_links [1, 2, 3]
['newVeh176'] arrived @ sumotime 39824.0 seconds
['newVeh176'] arrived @ sumotime 39825.0 seconds
new vehicle177 @ 11:08:16 (sumoTime: 40096 seconds) on link 1 with path_nodes [1, 2, 3, 4] which means path_links [1, 2, 3]
['newVeh177'] arrived @ sumotime 40152.0 seconds
new vehicle178 @ 11:09:22 (sumoTime: 40162 seconds) on link 1 with path_nodes [1, 2, 3, 4] which means path_links [1, 2, 3]
['newVeh178'] arrived @ sumotime 40209.0 seconds
new vehicle179 @ 11:12:16 (sumoTime: 40336 seconds) on link 1 with path_nodes [1, 2, 3, 4] which means path_links [1, 2, 3]
['newVeh179'] arrived @ sumotime 40395.0 seconds
new vehicle180 @ 11:13:51 (sumoTime: 40431 seconds) on link 1 with path_nodes [1, 2, 3, 4] which means path_links [1, 2, 3]
['newVeh180'] arrived @ sumotime 40483.0 seconds
new vehicle181 @ 11:16:30 (sumoTime: 40590 seconds) on link 1 with path_nodes [1, 2, 3, 4] which means path_links [1, 2, 3]
['newVeh181'] arrived @ sumotime 40641.0 seconds
new vehicle182 @ 11:17:42 (sumoTime: 40662 seconds) on link 1 with path_nodes [1, 2, 3, 4] which means path_links [1, 2, 3]
new vehicle183 @ 11:17:52 (sumoTime: 40672 seconds) on link 1 with path_nodes [1, 2, 3, 4] which means path_links [1, 2, 3]
new vehicle184 @ 11:18:27 (sumoTime: 40707 seconds) on link 1 with path_nodes [1, 2, 3, 4] which means path_links [1, 2, 3]
new vehicle185 @ 11:18:32 (sumoTime: 40712 seconds) on link 1 with path_nodes [1, 2, 3, 4] which means path_links [1, 2, 3]
new vehicle186 @ 11:18:32 (sumoTime: 40712 seconds) on link 1 with path_nodes [1, 2, 3, 4] which means path_links [1, 2, 3]
['newVeh182'] arrived @ sumotime 40717.0 seconds
['newVeh183'] arrived @ sumotime 40723.0 seconds
['newVeh184'] arrived @ sumotime 40768.0 seconds
['newVeh185'] arrived @ sumotime 40770.0 seconds
['newVeh186'] arrived @ sumotime 40773.0 seconds
['newVeh186'] arrived @ sumotime 40774.0 seconds
new vehicle187 @ 11:20:15 (sumoTime: 40815 seconds) on link 1 with path_nodes [1, 2, 3, 4] which means path_links [1, 2, 3]
['newVeh187'] arrived @ sumotime 40869.0 seconds
new vehicle188 @ 11:22:30 (sumoTime: 40950 seconds) on link 1 with path_nodes [1, 2, 3, 4] which means path_links [1, 2, 3]
new vehicle189 @ 11:22:32 (sumoTime: 40952 seconds) on link 1 with path_nodes [1, 2, 3, 4] which means path_links [1, 2, 3]
new vehicle190 @ 11:23:17 (sumoTime: 40997 seconds) on link 1 with path_nodes [1, 2, 3, 4] which means path_links [1, 2, 3]
['newVeh188'] arrived @ sumotime 41001.0 seconds
['newVeh189'] arrived @ sumotime 41014.0 seconds
new vehicle191 @ 11:23:59 (sumoTime: 41039 seconds) on link 1 with path_nodes [1, 2, 3, 4] which means path_links [1, 2, 3]
['newVeh190'] arrived @ sumotime 41053.0 seconds
new vehicle192 @ 11:24:46 (sumoTime: 41086 seconds) on link 1 with path_nodes [1, 2, 3, 4] which means path_links [1, 2, 3]
['newVeh191'] arrived @ sumotime 41088.0 seconds
new vehicle193 @ 11:25:32 (sumoTime: 41132 seconds) on link 1 with path_nodes [1, 2, 3, 4] which means path_links [1, 2, 3]
['newVeh192'] arrived @ sumotime 41138.0 seconds
['newVeh193'] arrived @ sumotime 41184.0 seconds
new vehicle194 @ 11:27:18 (sumoTime: 41238 seconds) on link 1 with path_nodes [1, 2, 3, 4] which means path_links [1, 2, 3]
new vehicle195 @ 11:28:10 (sumoTime: 41290 seconds) on link 1 with path_nodes [1, 2, 3, 4] which means path_links [1, 2, 3]
['newVeh194'] arrived @ sumotime 41292.0 seconds
['newVeh195'] arrived @ sumotime 41339.0 seconds
new vehicle196 @ 11:33:54 (sumoTime: 41634 seconds) on link 1 with path_nodes [1, 2, 3, 4] which means path_links [1, 2, 3]
new vehicle197 @ 11:34:01 (sumoTime: 41641 seconds) on link 1 with path_nodes [1, 2, 3, 4] which means path_links [1, 2, 3]
new vehicle198 @ 11:34:29 (sumoTime: 41669 seconds) on link 1 with path_nodes [1, 2, 3, 4] which means path_links [1, 2, 3]
['newVeh196'] arrived @ sumotime 41687.0 seconds
['newVeh197'] arrived @ sumotime 41695.0 seconds
['newVeh198'] arrived @ sumotime 41720.0 seconds
new vehicle199 @ 11:38:29 (sumoTime: 41909 seconds) on link 1 with path_nodes [1, 2, 3, 4] which means path_links [1, 2, 3]
['newVeh199'] arrived @ sumotime 41960.0 seconds
new vehicle200 @ 11:46:45 (sumoTime: 42405 seconds) on link 1 with path_nodes [1, 2, 3, 4] which means path_links [1, 2, 3]
['newVeh200'] arrived @ sumotime 42456.0 seconds
new vehicle201 @ 11:47:48 (sumoTime: 42468 seconds) on link 1 with path_nodes [1, 2, 3, 4] which means path_links [1, 2, 3]
['newVeh201'] arrived @ sumotime 42519.0 seconds
new vehicle202 @ 11:49:01 (sumoTime: 42541 seconds) on link 1 with path_nodes [1, 2, 3, 4] which means path_links [1, 2, 3]
new vehicle203 @ 11:49:08 (sumoTime: 42548 seconds) on link 1 with path_nodes [1, 2, 3, 4] which means path_links [1, 2, 3]
['newVeh202'] arrived @ sumotime 42601.0 seconds
['newVeh203'] arrived @ sumotime 42604.0 seconds
new vehicle204 @ 11:57:07 (sumoTime: 43027 seconds) on link 1 with path_nodes [1, 2, 3, 4] which means path_links [1, 2, 3]
['newVeh204'] arrived @ sumotime 43077.0 seconds
new vehicle205 @ 11:59:00 (sumoTime: 43140 seconds) on link 1 with path_nodes [1, 2, 3, 4] which means path_links [1, 2, 3]
['newVeh205'] arrived @ sumotime 43191.0 seconds
12:00:00
[INFO: transfer Visum-Sumo]: [(1.0, 100.0, 32.49513888888889, 2.0, 1.0), (-3.0, 100.0, 0.0, 3.0, 4.0), (5.0, 100.0, 0.0, 5.0, 4.0)] 
 [(3, 33)]
Umlegung ausgeführt
curVolumes: (120000, [(3, 33, 0)])
new vehicle206 @ 12:02:10 (sumoTime: 43330 seconds) on link 1 with path_nodes [1, 2, 3, 4] which means path_links [1, 2, 3]
['newVeh206'] arrived @ sumotime 43356.0 seconds
new vehicle207 @ 12:02:42 (sumoTime: 43362 seconds) on link 1 with path_nodes [1, 2, 3, 4] which means path_links [1, 2, 3]
['newVeh207'] arrived @ sumotime 43389.0 seconds
new vehicle208 @ 12:03:28 (sumoTime: 43408 seconds) on link 1 with path_nodes [1, 2, 3, 4] which means path_links [1, 2, 3]
['newVeh208'] arrived @ sumotime 43435.0 seconds
new vehicle209 @ 12:04:31 (sumoTime: 43471 seconds) on link 1 with path_nodes [1, 2, 3, 4] which means path_links [1, 2, 3]
['newVeh209'] arrived @ sumotime 43497.0 seconds
new vehicle210 @ 12:08:10 (sumoTime: 43690 seconds) on link 1 with path_nodes [1, 2, 3, 4] which means path_links [1, 2, 3]
new vehicle211 @ 12:08:15 (sumoTime: 43695 seconds) on link 1 with path_nodes [1, 2, 3, 4] which means path_links [1, 2, 3]
['newVeh210'] arrived @ sumotime 43717.0 seconds
['newVeh211'] arrived @ sumotime 43720.0 seconds
new vehicle212 @ 12:14:45 (sumoTime: 44085 seconds) on link 1 with path_nodes [1, 2, 3, 4] which means path_links [1, 2, 3]
['newVeh212'] arrived @ sumotime 44112.0 seconds
new vehicle213 @ 12:19:52 (sumoTime: 44392 seconds) on link 1 with path_nodes [1, 2, 3, 4] which means path_links [1, 2, 3]
['newVeh213'] arrived @ sumotime 44423.0 seconds
['newVeh213'] arrived @ sumotime 44424.0 seconds
new vehicle214 @ 12:20:51 (sumoTime: 44451 seconds) on link 1 with path_nodes [1, 2, 3, 4] which means path_links [1, 2, 3]
['newVeh214'] arrived @ sumotime 44480.0 seconds
['newVeh214'] arrived @ sumotime 44481.0 seconds
new vehicle215 @ 12:21:45 (sumoTime: 44505 seconds) on link 1 with path_nodes [1, 2, 3, 4] which means path_links [1, 2, 3]
['newVeh215'] arrived @ sumotime 44531.0 seconds
new vehicle216 @ 12:23:07 (sumoTime: 44587 seconds) on link 1 with path_nodes [1, 2, 3, 4] which means path_links [1, 2, 3]
['newVeh216'] arrived @ sumotime 44614.0 seconds
new vehicle217 @ 12:24:31 (sumoTime: 44671 seconds) on link 1 with path_nodes [1, 2, 3, 4] which means path_links [1, 2, 3]
new vehicle218 @ 12:24:47 (sumoTime: 44687 seconds) on link 1 with path_nodes [1, 2, 3, 4] which means path_links [1, 2, 3]
['newVeh217'] arrived @ sumotime 44698.0 seconds
['newVeh218'] arrived @ sumotime 44714.0 seconds
['newVeh218'] arrived @ sumotime 44715.0 seconds
new vehicle219 @ 12:31:45 (sumoTime: 45105 seconds) on link 1 with path_nodes [1, 2, 3, 4] which means path_links [1, 2, 3]
['newVeh219'] arrived @ sumotime 45134.0 seconds
['newVeh219'] arrived @ sumotime 45135.0 seconds
new vehicle220 @ 12:36:23 (sumoTime: 45383 seconds) on link 1 with path_nodes [1, 2, 3, 4] which means path_links [1, 2, 3]
['newVeh220'] arrived @ sumotime 45409.0 seconds
['newVeh220'] arrived @ sumotime 45410.0 seconds
new vehicle221 @ 12:37:18 (sumoTime: 45438 seconds) on link 1 with path_nodes [1, 2, 3, 4] which means path_links [1, 2, 3]
new vehicle222 @ 12:37:43 (sumoTime: 45463 seconds) on link 1 with path_nodes [1, 2, 3, 4] which means path_links [1, 2, 3]
['newVeh221'] arrived @ sumotime 45464.0 seconds
new vehicle223 @ 12:38:12 (sumoTime: 45492 seconds) on link 1 with path_nodes [1, 2, 3, 4] which means path_links [1, 2, 3]
['newVeh222'] arrived @ sumotime 45495.0 seconds
new vehicle224 @ 12:38:41 (sumoTime: 45521 seconds) on link 1 with path_nodes [1, 2, 3, 4] which means path_links [1, 2, 3]
['newVeh223'] arrived @ sumotime 45521.0 seconds
['newVeh224'] arrived @ sumotime 45548.0 seconds
new vehicle225 @ 12:39:20 (sumoTime: 45560 seconds) on link 1 with path_nodes [1, 2, 3, 4] which means path_links [1, 2, 3]
['newVeh225'] arrived @ sumotime 45586.0 seconds
new vehicle226 @ 12:40:26 (sumoTime: 45626 seconds) on link 1 with path_nodes [1, 2, 3, 4] which means path_links [1, 2, 3]
['newVeh226'] arrived @ sumotime 45652.0 seconds
new vehicle227 @ 12:42:25 (sumoTime: 45745 seconds) on link 1 with path_nodes [1, 2, 3, 4] which means path_links [1, 2, 3]
['newVeh227'] arrived @ sumotime 45771.0 seconds
new vehicle228 @ 12:44:16 (sumoTime: 45856 seconds) on link 1 with path_nodes [1, 2, 3, 4] which means path_links [1, 2, 3]
['newVeh228'] arrived @ sumotime 45883.0 seconds
new vehicle229 @ 12:45:59 (sumoTime: 45959 seconds) on link 1 with path_nodes [1, 2, 3, 4] which means path_links [1, 2, 3]
new vehicle230 @ 12:46:01 (sumoTime: 45961 seconds) on link 1 with path_nodes [1, 2, 3, 4] which means path_links [1, 2, 3]
['newVeh229'] arrived @ sumotime 45985.0 seconds
['newVeh230'] arrived @ sumotime 45990.0 seconds
new vehicle231 @ 12:49:07 (sumoTime: 46147 seconds) on link 1 with path_nodes [1, 2, 3, 4] which means path_links [1, 2, 3]
new vehicle232 @ 12:49:15 (sumoTime: 46155 seconds) on link 1 with path_nodes [1, 2, 3, 4] which means path_links [1, 2, 3]
['newVeh231'] arrived @ sumotime 46174.0 seconds
['newVeh232'] arrived @ sumotime 46182.0 seconds
new vehicle233 @ 12:49:50 (sumoTime: 46190 seconds) on link 1 with path_nodes [1, 2, 3, 4] which means path_links [1, 2, 3]
['newVeh233'] arrived @ sumotime 46215.0 seconds
['newVeh233'] arrived @ sumotime 46216.0 seconds
new vehicle234 @ 12:54:22 (sumoTime: 46462 seconds) on link 1 with path_nodes [1, 2, 3, 4] which means path_links [1, 2, 3]
['newVeh234'] arrived @ sumotime 46493.0 seconds
new vehicle235 @ 12:57:26 (sumoTime: 46646 seconds) on link 1 with path_nodes [1, 2, 3, 4] which means path_links [1, 2, 3]
['newVeh235'] arrived @ sumotime 46673.0 seconds
13:00:00
[INFO: transfer Visum-Sumo]: [(1.0, 100.0, 34.99513888888889, 2.0, 1.0), (-3.0, 100.0, 0.0, 3.0, 4.0), (5.0, 100.0, 0.0, 5.0, 4.0)] 
 [(3, 36)]
Umlegung ausgeführt
curVolumes: (130000, [(3, 36, 0)])
new vehicle236 @ 13:01:13 (sumoTime: 46873 seconds) on link 1 with path_nodes [1, 2, 3, 4] which means path_links [1, 2, 3]
['newVeh236'] arrived @ sumotime 46901.0 seconds
new vehicle237 @ 13:03:33 (sumoTime: 47013 seconds) on link 1 with path_nodes [1, 2, 3, 4] which means path_links [1, 2, 3]
['newVeh237'] arrived @ sumotime 47039.0 seconds
new vehicle238 @ 13:09:42 (sumoTime: 47382 seconds) on link 1 with path_nodes [1, 2, 3, 4] which means path_links [1, 2, 3]
['newVeh238'] arrived @ sumotime 47408.0 seconds
new vehicle239 @ 13:10:53 (sumoTime: 47453 seconds) on link 1 with path_nodes [1, 2, 3, 4] which means path_links [1, 2, 3]
['newVeh239'] arrived @ sumotime 47480.0 seconds
new vehicle240 @ 13:15:15 (sumoTime: 47715 seconds) on link 1 with path_nodes [1, 2, 3, 4] which means path_links [1, 2, 3]
['newVeh240'] arrived @ sumotime 47745.0 seconds
new vehicle241 @ 13:17:28 (sumoTime: 47848 seconds) on link 1 with path_nodes [1, 2, 3, 4] which means path_links [1, 2, 3]
['newVeh241'] arrived @ sumotime 47876.0 seconds
new vehicle242 @ 13:18:29 (sumoTime: 47909 seconds) on link 1 with path_nodes [1, 2, 3, 4] which means path_links [1, 2, 3]
['newVeh242'] arrived @ sumotime 47936.0 seconds
new vehicle243 @ 13:20:14 (sumoTime: 48014 seconds) on link 1 with path_nodes [1, 2, 3, 4] which means path_links [1, 2, 3]
['newVeh243'] arrived @ sumotime 48040.0 seconds
new vehicle244 @ 13:21:29 (sumoTime: 48089 seconds) on link 1 with path_nodes [1, 2, 3, 4] which means path_links [1, 2, 3]
['newVeh244'] arrived @ sumotime 48116.0 seconds
new vehicle245 @ 13:23:06 (sumoTime: 48186 seconds) on link 1 with path_nodes [1, 2, 3, 4] which means path_links [1, 2, 3]
new vehicle246 @ 13:23:28 (sumoTime: 48208 seconds) on link 1 with path_nodes [1, 2, 3, 4] which means path_links [1, 2, 3]
['newVeh245'] arrived @ sumotime 48215.0 seconds
['newVeh246'] arrived @ sumotime 48234.0 seconds
new vehicle247 @ 13:27:43 (sumoTime: 48463 seconds) on link 1 with path_nodes [1, 2, 3, 4] which means path_links [1, 2, 3]
['newVeh247'] arrived @ sumotime 48488.0 seconds
new vehicle248 @ 13:34:58 (sumoTime: 48898 seconds) on link 1 with path_nodes [1, 2, 3, 4] which means path_links [1, 2, 3]
['newVeh248'] arrived @ sumotime 48923.0 seconds
new vehicle249 @ 13:40:36 (sumoTime: 49236 seconds) on link 1 with path_nodes [1, 2, 3, 4] which means path_links [1, 2, 3]
['newVeh249'] arrived @ sumotime 49262.0 seconds
new vehicle250 @ 13:41:53 (sumoTime: 49313 seconds) on link 1 with path_nodes [1, 2, 3, 4] which means path_links [1, 2, 3]
['newVeh250'] arrived @ sumotime 49340.0 seconds
new vehicle251 @ 13:44:56 (sumoTime: 49496 seconds) on link 1 with path_nodes [1, 2, 3, 4] which means path_links [1, 2, 3]
['newVeh251'] arrived @ sumotime 49526.0 seconds
['newVeh251'] arrived @ sumotime 49527.0 seconds
new vehicle252 @ 13:49:06 (sumoTime: 49746 seconds) on link 1 with path_nodes [1, 2, 3, 4] which means path_links [1, 2, 3]
new vehicle253 @ 13:49:10 (sumoTime: 49750 seconds) on link 1 with path_nodes [1, 2, 3, 4] which means path_links [1, 2, 3]
['newVeh252'] arrived @ sumotime 49775.0 seconds
['newVeh253'] arrived @ sumotime 49777.0 seconds
new vehicle254 @ 13:51:02 (sumoTime: 49862 seconds) on link 1 with path_nodes [1, 2, 3, 4] which means path_links [1, 2, 3]
new vehicle255 @ 13:51:11 (sumoTime: 49871 seconds) on link 1 with path_nodes [1, 2, 3, 4] which means path_links [1, 2, 3]
['newVeh254'] arrived @ sumotime 49889.0 seconds
['newVeh255'] arrived @ sumotime 49897.0 seconds
['newVeh255'] arrived @ sumotime 49898.0 seconds
new vehicle256 @ 13:51:59 (sumoTime: 49919 seconds) on link 1 with path_nodes [1, 2, 3, 4] which means path_links [1, 2, 3]
['newVeh256'] arrived @ sumotime 49946.0 seconds
new vehicle257 @ 13:54:43 (sumoTime: 50083 seconds) on link 1 with path_nodes [1, 2, 3, 4] which means path_links [1, 2, 3]
['newVeh257'] arrived @ sumotime 50112.0 seconds
new vehicle258 @ 13:56:27 (sumoTime: 50187 seconds) on link 1 with path_nodes [1, 2, 3, 4] which means path_links [1, 2, 3]
['newVeh258'] arrived @ sumotime 50214.0 seconds
14:00:00
[INFO: transfer Visum-Sumo]: [(1.0, 100.0, 37.49513888888889, 2.0, 1.0), (-3.0, 100.0, 0.0, 3.0, 4.0), (5.0, 100.0, 0.0, 5.0, 4.0)] 
 [(3, 25)]
Umlegung ausgeführt
curVolumes: (140000, [(3, 25, 0)])
new vehicle259 @ 14:02:28 (sumoTime: 50548 seconds) on link 1 with path_nodes [1, 2, 3, 4] which means path_links [1, 2, 3]
['newVeh259'] arrived @ sumotime 50577.0 seconds
new vehicle260 @ 14:04:03 (sumoTime: 50643 seconds) on link 1 with path_nodes [1, 2, 3, 4] which means path_links [1, 2, 3]
['newVeh260'] arrived @ sumotime 50672.0 seconds
new vehicle261 @ 14:04:48 (sumoTime: 50688 seconds) on link 1 with path_nodes [1, 2, 3, 4] which means path_links [1, 2, 3]
['newVeh261'] arrived @ sumotime 50717.0 seconds
new vehicle262 @ 14:10:39 (sumoTime: 51039 seconds) on link 1 with path_nodes [1, 2, 3, 4] which means path_links [1, 2, 3]
['newVeh262'] arrived @ sumotime 51066.0 seconds
['newVeh262'] arrived @ sumotime 51067.0 seconds
new vehicle263 @ 14:12:01 (sumoTime: 51121 seconds) on link 1 with path_nodes [1, 2, 3, 4] which means path_links [1, 2, 3]
['newVeh263'] arrived @ sumotime 51148.0 seconds
new vehicle264 @ 14:12:53 (sumoTime: 51173 seconds) on link 1 with path_nodes [1, 2, 3, 4] which means path_links [1, 2, 3]
new vehicle265 @ 14:13:15 (sumoTime: 51195 seconds) on link 1 with path_nodes [1, 2, 3, 4] which means path_links [1, 2, 3]
['newVeh264'] arrived @ sumotime 51201.0 seconds
['newVeh265'] arrived @ sumotime 51221.0 seconds
['newVeh265'] arrived @ sumotime 51222.0 seconds
new vehicle266 @ 14:14:42 (sumoTime: 51282 seconds) on link 1 with path_nodes [1, 2, 3, 4] which means path_links [1, 2, 3]
['newVeh266'] arrived @ sumotime 51306.0 seconds
new vehicle267 @ 14:16:19 (sumoTime: 51379 seconds) on link 1 with path_nodes [1, 2, 3, 4] which means path_links [1, 2, 3]
['newVeh267'] arrived @ sumotime 51404.0 seconds
['newVeh267'] arrived @ sumotime 51405.0 seconds
new vehicle268 @ 14:16:46 (sumoTime: 51406 seconds) on link 1 with path_nodes [1, 2, 3, 4] which means path_links [1, 2, 3]
new vehicle269 @ 14:16:56 (sumoTime: 51416 seconds) on link 1 with path_nodes [1, 2, 3, 4] which means path_links [1, 2, 3]
new vehicle270 @ 14:17:11 (sumoTime: 51431 seconds) on link 1 with path_nodes [1, 2, 3, 4] which means path_links [1, 2, 3]
['newVeh268'] arrived @ sumotime 51432.0 seconds
['newVeh269'] arrived @ sumotime 51446.0 seconds
['newVeh270'] arrived @ sumotime 51458.0 seconds
new vehicle271 @ 14:20:51 (sumoTime: 51651 seconds) on link 1 with path_nodes [1, 2, 3, 4] which means path_links [1, 2, 3]
['newVeh271'] arrived @ sumotime 51677.0 seconds
new vehicle272 @ 14:21:37 (sumoTime: 51697 seconds) on link 1 with path_nodes [1, 2, 3, 4] which means path_links [1, 2, 3]
['newVeh272'] arrived @ sumotime 51723.0 seconds
new vehicle273 @ 14:22:24 (sumoTime: 51744 seconds) on link 1 with path_nodes [1, 2, 3, 4] which means path_links [1, 2, 3]
new vehicle274 @ 14:22:49 (sumoTime: 51769 seconds) on link 1 with path_nodes [1, 2, 3, 4] which means path_links [1, 2, 3]
['newVeh273'] arrived @ sumotime 51775.0 seconds
['newVeh274'] arrived @ sumotime 51796.0 seconds
new vehicle275 @ 14:23:40 (sumoTime: 51820 seconds) on link 1 with path_nodes [1, 2, 3, 4] which means path_links [1, 2, 3]
['newVeh275'] arrived @ sumotime 51849.0 seconds
new vehicle276 @ 14:24:12 (sumoTime: 51852 seconds) on link 1 with path_nodes [1, 2, 3, 4] which means path_links [1, 2, 3]
['newVeh276'] arrived @ sumotime 51878.0 seconds
['newVeh276'] arrived @ sumotime 51879.0 seconds
new vehicle277 @ 14:25:38 (sumoTime: 51938 seconds) on link 1 with path_nodes [1, 2, 3, 4] which means path_links [1, 2, 3]
['newVeh277'] arrived @ sumotime 51964.0 seconds
new vehicle278 @ 14:27:54 (sumoTime: 52074 seconds) on link 1 with path_nodes [1, 2, 3, 4] which means path_links [1, 2, 3]
['newVeh278'] arrived @ sumotime 52101.0 seconds
new vehicle279 @ 14:28:43 (sumoTime: 52123 seconds) on link 1 with path_nodes [1, 2, 3, 4] which means path_links [1, 2, 3]
new vehicle280 @ 14:28:58 (sumoTime: 52138 seconds) on link 1 with path_nodes [1, 2, 3, 4] which means path_links [1, 2, 3]
['newVeh279'] arrived @ sumotime 52150.0 seconds
['newVeh280'] arrived @ sumotime 52166.0 seconds
new vehicle281 @ 14:29:32 (sumoTime: 52172 seconds) on link 1 with path_nodes [1, 2, 3, 4] which means path_links [1, 2, 3]
['newVeh281'] arrived @ sumotime 52200.0 seconds
new vehicle282 @ 14:30:21 (sumoTime: 52221 seconds) on link 1 with path_nodes [1, 2, 3, 4] which means path_links [1, 2, 3]
new vehicle283 @ 14:30:30 (sumoTime: 52230 seconds) on link 1 with path_nodes [1, 2, 3, 4] which means path_links [1, 2, 3]
['newVeh282'] arrived @ sumotime 52249.0 seconds
['newVeh283'] arrived @ sumotime 52256.0 seconds
new vehicle284 @ 14:33:20 (sumoTime: 52400 seconds) on link 1 with path_nodes [1, 2, 3, 4] which means path_links [1, 2, 3]
new vehicle285 @ 14:33:43 (sumoTime: 52423 seconds) on link 1 with path_nodes [1, 2, 3, 4] which means path_links [1, 2, 3]
['newVeh284'] arrived @ sumotime 52429.0 seconds
new vehicle286 @ 14:34:03 (sumoTime: 52443 seconds) on link 1 with path_nodes [1, 2, 3, 4] which means path_links [1, 2, 3]
['newVeh285'] arrived @ sumotime 52454.0 seconds
['newVeh286'] arrived @ sumotime 52469.0 seconds
new vehicle287 @ 14:38:37 (sumoTime: 52717 seconds) on link 1 with path_nodes [1, 2, 3, 4] which means path_links [1, 2, 3]
['newVeh287'] arrived @ sumotime 52743.0 seconds
new vehicle288 @ 14:43:02 (sumoTime: 52982 seconds) on link 1 with path_nodes [1, 2, 3, 4] which means path_links [1, 2, 3]
new vehicle289 @ 14:43:26 (sumoTime: 53006 seconds) on link 1 with path_nodes [1, 2, 3, 4] which means path_links [1, 2, 3]
['newVeh288'] arrived @ sumotime 53013.0 seconds
['newVeh289'] arrived @ sumotime 53034.0 seconds
new vehicle290 @ 14:45:27 (sumoTime: 53127 seconds) on link 1 with path_nodes [1, 2, 3, 4] which means path_links [1, 2, 3]
['newVeh290'] arrived @ sumotime 53153.0 seconds
new vehicle291 @ 14:47:15 (sumoTime: 53235 seconds) on link 1 with path_nodes [1, 2, 3, 4] which means path_links [1, 2, 3]
new vehicle292 @ 14:47:26 (sumoTime: 53246 seconds) on link 1 with path_nodes [1, 2, 3, 4] which means path_links [1, 2, 3]
['newVeh291'] arrived @ sumotime 53261.0 seconds
['newVeh292'] arrived @ sumotime 53272.0 seconds
new vehicle293 @ 14:48:03 (sumoTime: 53283 seconds) on link 1 with path_nodes [1, 2, 3, 4] which means path_links [1, 2, 3]
['newVeh293'] arrived @ sumotime 53313.0 seconds
new vehicle294 @ 14:50:05 (sumoTime: 53405 seconds) on link 1 with path_nodes [1, 2, 3, 4] which means path_links [1, 2, 3]
['newVeh294'] arrived @ sumotime 53435.0 seconds
['newVeh294'] arrived @ sumotime 53436.0 seconds
new vehicle295 @ 14:51:04 (sumoTime: 53464 seconds) on link 1 with path_nodes [1, 2, 3, 4] which means path_links [1, 2, 3]
new vehicle296 @ 14:51:18 (sumoTime: 53478 seconds) on link 1 with path_nodes [1, 2, 3, 4] which means path_links [1, 2, 3]
new vehicle297 @ 14:51:25 (sumoTime: 53485 seconds) on link 1 with path_nodes [1, 2, 3, 4] which means path_links [1, 2, 3]
['newVeh295'] arrived @ sumotime 53489.0 seconds
new vehicle298 @ 14:51:35 (sumoTime: 53495 seconds) on link 1 with path_nodes [1, 2, 3, 4] which means path_links [1, 2, 3]
['newVeh296'] arrived @ sumotime 53503.0 seconds
['newVeh297'] arrived @ sumotime 53514.0 seconds
['newVeh298'] arrived @ sumotime 53523.0 seconds
new vehicle299 @ 14:52:27 (sumoTime: 53547 seconds) on link 1 with path_nodes [1, 2, 3, 4] which means path_links [1, 2, 3]
['newVeh299'] arrived @ sumotime 53572.0 seconds
new vehicle300 @ 14:53:57 (sumoTime: 53637 seconds) on link 1 with path_nodes [1, 2, 3, 4] which means path_links [1, 2, 3]
new vehicle301 @ 14:54:03 (sumoTime: 53643 seconds) on link 1 with path_nodes [1, 2, 3, 4] which means path_links [1, 2, 3]
['newVeh300'] arrived @ sumotime 53664.0 seconds
['newVeh301'] arrived @ sumotime 53669.0 seconds
new vehicle302 @ 14:55:11 (sumoTime: 53711 seconds) on link 1 with path_nodes [1, 2, 3, 4] which means path_links [1, 2, 3]
['newVeh302'] arrived @ sumotime 53738.0 seconds
new vehicle303 @ 14:55:44 (sumoTime: 53744 seconds) on link 1 with path_nodes [1, 2, 3, 4] which means path_links [1, 2, 3]
['newVeh303'] arrived @ sumotime 53772.0 seconds
new vehicle304 @ 14:57:53 (sumoTime: 53873 seconds) on link 1 with path_nodes [1, 2, 3, 4] which means path_links [1, 2, 3]
['newVeh304'] arrived @ sumotime 53899.0 seconds
new vehicle305 @ 14:59:12 (sumoTime: 53952 seconds) on link 1 with path_nodes [1, 2, 3, 4] which means path_links [1, 2, 3]
['newVeh305'] arrived @ sumotime 53980.0 seconds
Gesamte Auslastung: 296
Summe erzeugter Fahrzeuge: 306
-> Fahrzeuge verloren: -10
Neue Umlegungen nötig: [False, False, False, False, False, True, True, True, True, True, True, True, True, True, True]
Tupel bestehend aus: VolVisum, geplantesVolSumo, avgArrTimeVisum, avgArrTimeSumo
Link: 1 -> [(2, 2, 1800, 2823), (5, 4, 720, 1240), (7, 7, 514, 648), (10, 11, 360, 308), (12, 19, 300, 199), (15, 16, 240, 282), (17, 23, 211, 166), (20, 25, 180, 176), (22, 27, 163, 142), (25, 27, 144, 144), (27, 25, 133, 150), (30, 32, 120, 114), (32, 31, 112, 125), (35, 24, 102, 157), (37, 48, 97, 76)]
Link: 3 -> []
Link: 5 -> []
VolumenInSumo: [(1538, ['1', '2', '3']), (10118, ['1', '2', '3']), (11625, ['1', '2', '3']), (15600, ['1', '2', '3']), (20805, ['1', '2', '3']), (21320, ['1', '2', '3']), (21743, ['1', '2', '3']), (24208, ['1', '2', '3']), (24851, ['1', '2', '3']), (25329, ['1', '2', '3']), (30855, ['1', '2', '3']), (32044, ['1', '2', '3']), (33009, ['1', '2', '3']), (33023, ['1', '2', '3']), (33322, ['1', '2', '3']), (34249, ['1', '2', '3']), (34453, ['1', '2', '3']), (34828, ['1', '2', '3']), (35011, ['1', '2', '3']), (35339, ['1', '2', '3']), (40131, ['1', '2', '3']), (40541, ['1', '2', '3']), (40616, ['1', '2', '3']), (40703, ['1', '2', '3']), (41151, ['1', '2', '3']), (41354, ['1', '2', '3']), (42058, ['1', '2', '3']), (43038, ['1', '2', '3']), (43256, ['1', '2', '3']), (43306, ['1', '2', '3']), (43323, ['1', '2', '3']), (43518, ['1', '2', '3']), (45630, ['1', '2', '3']), (45651, ['1', '2', '3']), (45725, ['1', '2', '3']), (45754, ['1', '2', '3']), (45838, ['1', '2', '3']), (45941, ['1', '2', '3']), (50146, ['1', '2', '3']), (50357, ['1', '2', '3']), (50717, ['1', '2', '3']), (51010, ['1', '2', '3']), (51340, ['1', '2', '3']), (51553, ['1', '2', '3']), (52542, ['1', '2', '3']), (52725, ['1', '2', '3']), (52728, ['1', '2', '3']), (54142, ['1', '2', '3']), (54423, ['1', '2', '3']), (54850, ['1', '2', '3']), (55015, ['1', '2', '3']), (55243, ['1', '2', '3']), (55804, ['1', '2', '3']), (60054, ['1', '2', '3']), (60512, ['1', '2', '3']), (61440, ['1', '2', '3']), (61655, ['1', '2', '3']), (61802, ['1', '2', '3']), (61851, ['1', '2', '3']), (61930, ['1', '2', '3']), (62400, ['1', '2', '3']), (63049, ['1', '2', '3']), (63428, ['1', '2', '3']), (63506, ['1', '2', '3']), (63714, ['1', '2', '3']), (63746, ['1', '2', '3']), (63755, ['1', '2', '3']), (63806, ['1', '2', '3']), (63853, ['1', '2', '3']), (63954, ['1', '2', '3']), (64040, ['1', '2', '3']), (64710, ['1', '2', '3']), (65233, ['1', '2', '3']), (65557, ['1', '2', '3']), (65709, ['1', '2', '3']), (70006, ['1', '2', '3']), (70209, ['1', '2', '3']), (70429, ['1', '2', '3']), (70509, ['1', '2', '3']), (70533, ['1', '2', '3']), (70706, ['1', '2', '3']), (70733, ['1', '2', '3']), (70941, ['1', '2', '3']), (71133, ['1', '2', '3']), (72338, ['1', '2', '3']), (72640, ['1', '2', '3']), (72643, ['1', '2', '3']), (72717, ['1', '2', '3']), (73344, ['1', '2', '3']), (73430, ['1', '2', '3']), (73513, ['1', '2', '3']), (73535, ['1', '2', '3']), (73548, ['1', '2', '3']), (73757, ['1', '2', '3']), (74523, ['1', '2', '3']), (74748, ['1', '2', '3']), (74755, ['1', '2', '3']), (75724, ['1', '2', '3']), (75957, ['1', '2', '3']), (80031, ['1', '6', '7', '-8', '3']), (80409, ['1', '6', '7', '-8', '3']), (80949, ['1', '6', '7', '-8', '3']), (81315, ['1', '6', '7', '-8', '3']), (81530, ['1', '6', '7', '-8', '3']), (82015, ['1', '6', '7', '-8', '3']), (82044, ['1', '6', '7', '-8', '3']), (82157, ['1', '6', '7', '-8', '3']), (82231, ['1', '6', '7', '-8', '3']), (82319, ['1', '6', '7', '-8', '3']), (82609, ['1', '6', '7', '-8', '3']), (82611, ['1', '6', '7', '-8', '3']), (82644, ['1', '6', '7', '-8', '3']), (82704, ['1', '6', '7', '-8', '3']), (82750, ['1', '6', '7', '-8', '3']), (83108, ['1', '6', '7', '-8', '3']), (83602, ['1', '6', '7', '-8', '3']), (83741, ['1', '6', '7', '-8', '3']), (84424, ['1', '6', '7', '-8', '3']), (84552, ['1', '6', '7', '-8', '3']), (84619, ['1', '6', '7', '-8', '3']), (84655, ['1', '6', '7', '-8', '3']), (84952, ['1', '6', '7', '-8', '3']), (85107, ['1', '6', '7', '-8', '3']), (85641, ['1', '6', '7', '-8', '3']), (85643, ['1', '6', '7', '-8', '3']), (90353, ['1', '6', '7', '-8', '3']), (91328, ['1', '6', '7', '-8', '3']), (91440, ['1', '6', '7', '-8', '3']), (91446, ['1', '6', '7', '-8', '3']), (91530, ['1', '6', '7', '-8', '3']), (91625, ['1', '6', '7', '-8', '3']), (91825, ['1', '6', '7', '-8', '3']), (91958, ['1', '6', '7', '-8', '3']), (92314, ['1', '6', '7', '-8', '3']), (92714, ['1', '6', '7', '-8', '3']), (92723, ['1', '6', '7', '-8', '3']), (92918, ['1', '6', '7', '-8', '3']), (92956, ['1', '6', '7', '-8', '3']), (93114, ['1', '6', '7', '-8', '3']), (93211, ['1', '6', '7', '-8', '3']), (93235, ['1', '6', '7', '-8', '3']), (93642, ['1', '6', '7', '-8', '3']), (93714, ['1', '6', '7', '-8', '3']), (93924, ['1', '6', '7', '-8', '3']), (93943, ['1', '6', '7', '-8', '3']), (94041, ['1', '6', '7', '-8', '3']), (94146, ['1', '6', '7', '-8', '3']), (94443, ['1', '6', '7', '-8', '3']), (94638, ['1', '6', '7', '-8', '3']), (95041, ['1', '6', '7', '-8', '3']), (95428, ['1', '6', '7', '-8', '3']), (100059, ['1', '6', '7', '-8', '3']), (100109, ['1', '6', '7', '-8', '3']), (100614, ['1', '6', '7', '-8', '3']), (100701, ['1', '6', '7', '-8', '3']), (101609, ['1', '6', '7', '-8', '3']), (101809, ['1', '6', '7', '-8', '3']), (102219, ['1', '6', '7', '-8', '3']), (102324, ['1', '6', '7', '-8', '3']), (102500, ['1', '6', '7', '-8', '3']), (102823, ['1', '6', '7', '-8', '3']), (103021, ['1', '6', '7', '-8', '3']), (103410, ['1', '6', '7', '-8', '3']), (104244, ['1', '6', '7', '-8', '3']), (104258, ['1', '6', '7', '-8', '3']), (104639, ['1', '6', '7', '-8', '3']), (104654, ['1', '6', '7', '-8', '3']), (104812, ['1', '6', '7', '-8', '3']), (104830, ['1', '6', '7', '-8', '3']), (104955, ['1', '6', '7', '-8', '3']), (105045, ['1', '6', '7', '-8', '3']), (105309, ['1', '6', '7', '-8', '3']), (105408, ['1', '6', '7', '-8', '3']), (105754, ['1', '6', '7', '-8', '3']), (105805, ['1', '6', '7', '-8', '3']), (110044, ['1', '6', '7', '-8', '3']), (110251, ['1', '6', '7', '-8', '3']), (110816, ['1', '6', '7', '-8', '3']), (110922, ['1', '6', '7', '-8', '3']), (111216, ['1', '6', '7', '-8', '3']), (111351, ['1', '6', '7', '-8', '3']), (111630, ['1', '6', '7', '-8', '3']), (111742, ['1', '6', '7', '-8', '3']), (111752, ['1', '6', '7', '-8', '3']), (111827, ['1', '6', '7', '-8', '3']), (111832, ['1', '6', '7', '-8', '3']), (111832, ['1', '6', '7', '-8', '3']), (112015, ['1', '6', '7', '-8', '3']), (112230, ['1', '6', '7', '-8', '3']), (112232, ['1', '6', '7', '-8', '3']), (112317, ['1', '6', '7', '-8', '3']), (112359, ['1', '6', '7', '-8', '3']), (112446, ['1', '6', '7', '-8', '3']), (112532, ['1', '6', '7', '-8', '3']), (112718, ['1', '6', '7', '-8', '3']), (112810, ['1', '6', '7', '-8', '3']), (113354, ['1', '6', '7', '-8', '3']), (113401, ['1', '6', '7', '-8', '3']), (113429, ['1', '6', '7', '-8', '3']), (113829, ['1', '6', '7', '-8', '3']), (114645, ['1', '6', '7', '-8', '3']), (114748, ['1', '6', '7', '-8', '3']), (114901, ['1', '6', '7', '-8', '3']), (114908, ['1', '6', '7', '-8', '3']), (115707, ['1', '6', '7', '-8', '3']), (115900, ['1', '6', '7', '-8', '3']), (120210, ['1', '2', '3']), (120242, ['1', '2', '3']), (120328, ['1', '2', '3']), (120431, ['1', '2', '3']), (120810, ['1', '2', '3']), (120815, ['1', '2', '3']), (121445, ['1', '2', '3']), (121952, ['1', '2', '3']), (122051, ['1', '2', '3']), (122145, ['1', '2', '3']), (122307, ['1', '2', '3']), (122431, ['1', '2', '3']), (122447, ['1', '2', '3']), (123145, ['1', '2', '3']), (123623, ['1', '2', '3']), (123718, ['1', '2', '3']), (123743, ['1', '2', '3']), (123812, ['1', '2', '3']), (123841, ['1', '2', '3']), (123920, ['1', '2', '3']), (124026, ['1', '2', '3']), (124225, ['1', '2', '3']), (124416, ['1', '2', '3']), (124559, ['1', '2', '3']), (124601, ['1', '2', '3']), (124907, ['1', '2', '3']), (124915, ['1', '2', '3']), (124950, ['1', '2', '3']), (125422, ['1', '2', '3']), (125726, ['1', '2', '3']), (130113, ['1', '2', '3']), (130333, ['1', '2', '3']), (130942, ['1', '2', '3']), (131053, ['1', '2', '3']), (131515, ['1', '2', '3']), (131728, ['1', '2', '3']), (131829, ['1', '2', '3']), (132014, ['1', '2', '3']), (132129, ['1', '2', '3']), (132306, ['1', '2', '3']), (132328, ['1', '2', '3']), (132743, ['1', '2', '3']), (133458, ['1', '2', '3']), (134036, ['1', '2', '3']), (134153, ['1', '2', '3']), (134456, ['1', '2', '3']), (134906, ['1', '2', '3']), (134910, ['1', '2', '3']), (135102, ['1', '2', '3']), (135111, ['1', '2', '3']), (135159, ['1', '2', '3']), (135443, ['1', '2', '3']), (135627, ['1', '2', '3']), (140228, ['1', '2', '3']), (140403, ['1', '2', '3']), (140448, ['1', '2', '3']), (141039, ['1', '2', '3']), (141201, ['1', '2', '3']), (141253, ['1', '2', '3']), (141315, ['1', '2', '3']), (141442, ['1', '2', '3']), (141619, ['1', '2', '3']), (141646, ['1', '2', '3']), (141656, ['1', '2', '3']), (141711, ['1', '2', '3']), (142051, ['1', '2', '3']), (142137, ['1', '2', '3']), (142224, ['1', '2', '3']), (142249, ['1', '2', '3']), (142340, ['1', '2', '3']), (142412, ['1', '2', '3']), (142538, ['1', '2', '3']), (142754, ['1', '2', '3']), (142843, ['1', '2', '3']), (142858, ['1', '2', '3']), (142932, ['1', '2', '3']), (143021, ['1', '2', '3']), (143030, ['1', '2', '3']), (143320, ['1', '2', '3']), (143343, ['1', '2', '3']), (143403, ['1', '2', '3']), (143837, ['1', '2', '3']), (144302, ['1', '2', '3']), (144326, ['1', '2', '3']), (144527, ['1', '2', '3']), (144715, ['1', '2', '3']), (144726, ['1', '2', '3']), (144803, ['1', '2', '3']), (145005, ['1', '2', '3']), (145104, ['1', '2', '3']), (145118, ['1', '2', '3']), (145125, ['1', '2', '3']), (145135, ['1', '2', '3']), (145227, ['1', '2', '3']), (145357, ['1', '2', '3']), (145403, ['1', '2', '3']), (145511, ['1', '2', '3']), (145544, ['1', '2', '3']), (145753, ['1', '2', '3']), (145912, ['1', '2', '3'])]
2 -> 3 : [(10000, 2), (20000, 5), (30000, 7), (40000, 10), (50000, 12), (60000, 15), (70000, 17), (80000, 20), (90000, 22), (100000, 25), (110000, 25), (120000, 30), (130000, 32), (140000, 24)]
2 -> 5 : [(10000, 0), (20000, 0), (30000, 0), (40000, 0), (50000, 0), (60000, 0), (70000, 0), (80000, 0), (90000, 0), (100000, 0), (110000, 3), (120000, 0), (130000, 0), (140000, 11)]
2 -> 6 : [(10000, 0), (20000, 0), (30000, 0), (40000, 0), (50000, 0), (60000, 0), (70000, 0), (80000, 0), (90000, 0), (100000, 0), (110000, 0), (120000, 0), (130000, 0), (140000, 0)]
3 -> 2 : [(10000, 0), (20000, 0), (30000, 0), (40000, 0), (50000, 0), (60000, 0), (70000, 0), (80000, 0), (90000, 0), (100000, 0), (110000, 0), (120000, 0), (130000, 0), (140000, 0)]
3 -> 4 : [(10000, 2), (20000, 5), (30000, 7), (40000, 10), (50000, 12), (60000, 15), (70000, 17), (80000, 20), (90000, 22), (100000, 25), (110000, 25), (120000, 30), (130000, 32), (140000, 24)]
3 -> 7 : [(10000, 0), (20000, 0), (30000, 0), (40000, 0), (50000, 0), (60000, 0), (70000, 0), (80000, 0), (90000, 0), (100000, 0), (110000, 0), (120000, 0), (130000, 0), (140000, 0)]
4 -> 3 : [(10000, 0), (20000, 0), (30000, 0), (40000, 0), (50000, 0), (60000, 0), (70000, 0), (80000, 0), (90000, 0), (100000, 0), (110000, 0), (120000, 0), (130000, 0), (140000, 0)]
4 -> 5 : [(10000, 0), (20000, 0), (30000, 0), (40000, 0), (50000, 0), (60000, 0), (70000, 0), (80000, 0), (90000, 0), (100000, 0), (110000, 0), (120000, 0), (130000, 0), (140000, 0)]
5 -> 2 : [(10000, 0), (20000, 0), (30000, 0), (40000, 0), (50000, 0), (60000, 0), (70000, 0), (80000, 0), (90000, 0), (100000, 0), (110000, 0), (120000, 0), (130000, 0), (140000, 0)]
5 -> 4 : [(10000, 0), (20000, 0), (30000, 0), (40000, 0), (50000, 0), (60000, 0), (70000, 0), (80000, 0), (90000, 0), (100000, 0), (110000, 3), (120000, 0), (130000, 0), (140000, 11)]
6 -> 2 : [(10000, 0), (20000, 0), (30000, 0), (40000, 0), (50000, 0), (60000, 0), (70000, 0), (80000, 0), (90000, 0), (100000, 0), (110000, 0), (120000, 0), (130000, 0), (140000, 0)]
6 -> 7 : [(10000, 0), (20000, 0), (30000, 0), (40000, 0), (50000, 0), (60000, 0), (70000, 0), (80000, 0), (90000, 0), (100000, 0), (110000, 0), (120000, 0), (130000, 0), (140000, 0)]
7 -> 3 : [(10000, 0), (20000, 0), (30000, 0), (40000, 0), (50000, 0), (60000, 0), (70000, 0), (80000, 0), (90000, 0), (100000, 0), (110000, 0), (120000, 0), (130000, 0), (140000, 0)]
7 -> 6 : [(10000, 0), (20000, 0), (30000, 0), (40000, 0), (50000, 0), (60000, 0), (70000, 0), (80000, 0), (90000, 0), (100000, 0), (110000, 0), (120000, 0), (130000, 0), (140000, 0)]
