00:00:00
new vehicle0 @ 00:30:49 (sumoTime: 1849 seconds) on link 1 with path_nodes [1, 2, 3, 4] which means path_links [1, 2, 3]
['newVeh0'] arrived @ sumotime 1877.0 seconds
new vehicle1 @ 00:35:56 (sumoTime: 2156 seconds) on link 1 with path_nodes [1, 2, 3, 4] which means path_links [1, 2, 3]
['newVeh1'] arrived @ sumotime 2182.0 seconds
01:00:00
[INFO: transfer Visum-Sumo]: [(1.0, 100.0, 4.995138888888889, 2.0, 1.0), (-3.0, 100.0, 0.0, 3.0, 4.0), (5.0, 100.0, 0.0, 5.0, 4.0)] 
 [(3, 2)]
curVolumes: (10000, [(3, 2, 0)])
new vehicle2 @ 01:08:17 (sumoTime: 4097 seconds) on link 1 with path_nodes [1, 2, 3, 4] which means path_links [1, 2, 3]
['newVeh2'] arrived @ sumotime 4123.0 seconds
new vehicle3 @ 01:15:58 (sumoTime: 4558 seconds) on link 1 with path_nodes [1, 2, 3, 4] which means path_links [1, 2, 3]
['newVeh3'] arrived @ sumotime 4587.0 seconds
new vehicle4 @ 01:38:17 (sumoTime: 5897 seconds) on link 1 with path_nodes [1, 2, 3, 4] which means path_links [1, 2, 3]
['newVeh4'] arrived @ sumotime 5925.0 seconds
new vehicle5 @ 01:42:13 (sumoTime: 6133 seconds) on link 1 with path_nodes [1, 2, 3, 4] which means path_links [1, 2, 3]
['newVeh5'] arrived @ sumotime 6159.0 seconds
02:00:00
[INFO: transfer Visum-Sumo]: [(1.0, 100.0, 7.495138888888889, 2.0, 1.0), (-3.0, 100.0, 0.0, 3.0, 4.0), (5.0, 100.0, 0.0, 5.0, 4.0)] 
 [(3, 4)]
curVolumes: (20000, [(3, 4, 0)])
new vehicle6 @ 02:01:55 (sumoTime: 7315 seconds) on link 1 with path_nodes [1, 2, 3, 4] which means path_links [1, 2, 3]
['newVeh6'] arrived @ sumotime 7341.0 seconds
['newVeh6'] arrived @ sumotime 7342.0 seconds
new vehicle7 @ 02:08:24 (sumoTime: 7704 seconds) on link 1 with path_nodes [1, 2, 3, 4] which means path_links [1, 2, 3]
['newVeh7'] arrived @ sumotime 7729.0 seconds
new vehicle8 @ 02:12:07 (sumoTime: 7927 seconds) on link 1 with path_nodes [1, 2, 3, 4] which means path_links [1, 2, 3]
['newVeh8'] arrived @ sumotime 7957.0 seconds
new vehicle9 @ 02:30:08 (sumoTime: 9008 seconds) on link 1 with path_nodes [1, 2, 3, 4] which means path_links [1, 2, 3]
['newVeh9'] arrived @ sumotime 9038.0 seconds
new vehicle10 @ 02:34:30 (sumoTime: 9270 seconds) on link 1 with path_nodes [1, 2, 3, 4] which means path_links [1, 2, 3]
['newVeh10'] arrived @ sumotime 9297.0 seconds
new vehicle11 @ 02:35:04 (sumoTime: 9304 seconds) on link 1 with path_nodes [1, 2, 3, 4] which means path_links [1, 2, 3]
['newVeh11'] arrived @ sumotime 9332.0 seconds
new vehicle12 @ 02:44:39 (sumoTime: 9879 seconds) on link 1 with path_nodes [1, 2, 3, 4] which means path_links [1, 2, 3]
['newVeh12'] arrived @ sumotime 9910.0 seconds
new vehicle13 @ 02:46:21 (sumoTime: 9981 seconds) on link 1 with path_nodes [1, 2, 3, 4] which means path_links [1, 2, 3]
['newVeh13'] arrived @ sumotime 10008.0 seconds
03:00:00
[INFO: transfer Visum-Sumo]: [(1.0, 100.0, 9.995138888888889, 2.0, 1.0), (-3.0, 100.0, 0.0, 3.0, 4.0), (5.0, 100.0, 0.0, 5.0, 4.0)] 
 [(3, 9)]
curVolumes: (30000, [(3, 9, 0)])
new vehicle14 @ 03:03:05 (sumoTime: 10985 seconds) on link 1 with path_nodes [1, 2, 3, 4] which means path_links [1, 2, 3]
['newVeh14'] arrived @ sumotime 11013.0 seconds
new vehicle15 @ 03:04:48 (sumoTime: 11088 seconds) on link 1 with path_nodes [1, 2, 3, 4] which means path_links [1, 2, 3]
['newVeh15'] arrived @ sumotime 11115.0 seconds
new vehicle16 @ 03:08:51 (sumoTime: 11331 seconds) on link 1 with path_nodes [1, 2, 3, 4] which means path_links [1, 2, 3]
['newVeh16'] arrived @ sumotime 11357.0 seconds
new vehicle17 @ 03:10:38 (sumoTime: 11438 seconds) on link 1 with path_nodes [1, 2, 3, 4] which means path_links [1, 2, 3]
['newVeh17'] arrived @ sumotime 11468.0 seconds
new vehicle18 @ 03:32:19 (sumoTime: 12739 seconds) on link 1 with path_nodes [1, 2, 3, 4] which means path_links [1, 2, 3]
['newVeh18'] arrived @ sumotime 12766.0 seconds
new vehicle19 @ 03:40:16 (sumoTime: 13216 seconds) on link 1 with path_nodes [1, 2, 3, 4] which means path_links [1, 2, 3]
['newVeh19'] arrived @ sumotime 13241.0 seconds
04:00:00
[INFO: transfer Visum-Sumo]: [(1.0, 100.0, 12.495138888888889, 2.0, 1.0), (-3.0, 100.0, 0.0, 3.0, 4.0), (5.0, 100.0, 0.0, 5.0, 4.0)] 
 [(3, 6)]
curVolumes: (40000, [(3, 6, 0)])
new vehicle20 @ 04:00:19 (sumoTime: 14419 seconds) on link 1 with path_nodes [1, 2, 3, 4] which means path_links [1, 2, 3]
['newVeh20'] arrived @ sumotime 14445.0 seconds
new vehicle21 @ 04:01:51 (sumoTime: 14511 seconds) on link 1 with path_nodes [1, 2, 3, 4] which means path_links [1, 2, 3]
['newVeh21'] arrived @ sumotime 14541.0 seconds
new vehicle22 @ 04:08:08 (sumoTime: 14888 seconds) on link 1 with path_nodes [1, 2, 3, 4] which means path_links [1, 2, 3]
['newVeh22'] arrived @ sumotime 14914.0 seconds
new vehicle23 @ 04:08:45 (sumoTime: 14925 seconds) on link 1 with path_nodes [1, 2, 3, 4] which means path_links [1, 2, 3]
['newVeh23'] arrived @ sumotime 14951.0 seconds
new vehicle24 @ 04:22:13 (sumoTime: 15733 seconds) on link 1 with path_nodes [1, 2, 3, 4] which means path_links [1, 2, 3]
['newVeh24'] arrived @ sumotime 15762.0 seconds
new vehicle25 @ 04:38:00 (sumoTime: 16680 seconds) on link 1 with path_nodes [1, 2, 3, 4] which means path_links [1, 2, 3]
['newVeh25'] arrived @ sumotime 16706.0 seconds
new vehicle26 @ 04:53:19 (sumoTime: 17599 seconds) on link 1 with path_nodes [1, 2, 3, 4] which means path_links [1, 2, 3]
['newVeh26'] arrived @ sumotime 17628.0 seconds
05:00:00
[INFO: transfer Visum-Sumo]: [(1.0, 100.0, 14.995138888888889, 2.0, 1.0), (-3.0, 100.0, 0.0, 3.0, 4.0), (5.0, 100.0, 0.0, 5.0, 4.0)] 
 [(3, 7)]
curVolumes: (50000, [(3, 7, 0)])
new vehicle27 @ 05:02:00 (sumoTime: 18120 seconds) on link 1 with path_nodes [1, 2, 3, 4] which means path_links [1, 2, 3]
['newVeh27'] arrived @ sumotime 18148.0 seconds
new vehicle28 @ 05:02:43 (sumoTime: 18163 seconds) on link 1 with path_nodes [1, 2, 3, 4] which means path_links [1, 2, 3]
['newVeh28'] arrived @ sumotime 18190.0 seconds
new vehicle29 @ 05:07:59 (sumoTime: 18479 seconds) on link 1 with path_nodes [1, 2, 3, 4] which means path_links [1, 2, 3]
['newVeh29'] arrived @ sumotime 18505.0 seconds
new vehicle30 @ 05:09:51 (sumoTime: 18591 seconds) on link 1 with path_nodes [1, 2, 3, 4] which means path_links [1, 2, 3]
['newVeh30'] arrived @ sumotime 18619.0 seconds
new vehicle31 @ 05:12:56 (sumoTime: 18776 seconds) on link 1 with path_nodes [1, 2, 3, 4] which means path_links [1, 2, 3]
new vehicle32 @ 05:13:09 (sumoTime: 18789 seconds) on link 1 with path_nodes [1, 2, 3, 4] which means path_links [1, 2, 3]
['newVeh31'] arrived @ sumotime 18802.0 seconds
['newVeh32'] arrived @ sumotime 18819.0 seconds
new vehicle33 @ 05:17:11 (sumoTime: 19031 seconds) on link 1 with path_nodes [1, 2, 3, 4] which means path_links [1, 2, 3]
['newVeh33'] arrived @ sumotime 19059.0 seconds
new vehicle34 @ 05:33:27 (sumoTime: 20007 seconds) on link 1 with path_nodes [1, 2, 3, 4] which means path_links [1, 2, 3]
['newVeh34'] arrived @ sumotime 20032.0 seconds
new vehicle35 @ 05:33:56 (sumoTime: 20036 seconds) on link 1 with path_nodes [1, 2, 3, 4] which means path_links [1, 2, 3]
['newVeh35'] arrived @ sumotime 20062.0 seconds
new vehicle36 @ 05:37:20 (sumoTime: 20240 seconds) on link 1 with path_nodes [1, 2, 3, 4] which means path_links [1, 2, 3]
['newVeh36'] arrived @ sumotime 20266.0 seconds
new vehicle37 @ 05:41:08 (sumoTime: 20468 seconds) on link 1 with path_nodes [1, 2, 3, 4] which means path_links [1, 2, 3]
['newVeh37'] arrived @ sumotime 20494.0 seconds
new vehicle38 @ 05:46:23 (sumoTime: 20783 seconds) on link 1 with path_nodes [1, 2, 3, 4] which means path_links [1, 2, 3]
['newVeh38'] arrived @ sumotime 20810.0 seconds
new vehicle39 @ 05:49:05 (sumoTime: 20945 seconds) on link 1 with path_nodes [1, 2, 3, 4] which means path_links [1, 2, 3]
['newVeh39'] arrived @ sumotime 20973.0 seconds
new vehicle40 @ 05:52:15 (sumoTime: 21135 seconds) on link 1 with path_nodes [1, 2, 3, 4] which means path_links [1, 2, 3]
['newVeh40'] arrived @ sumotime 21164.0 seconds
new vehicle41 @ 05:54:39 (sumoTime: 21279 seconds) on link 1 with path_nodes [1, 2, 3, 4] which means path_links [1, 2, 3]
['newVeh41'] arrived @ sumotime 21307.0 seconds
new vehicle42 @ 05:55:25 (sumoTime: 21325 seconds) on link 1 with path_nodes [1, 2, 3, 4] which means path_links [1, 2, 3]
['newVeh42'] arrived @ sumotime 21353.0 seconds
new vehicle43 @ 05:58:16 (sumoTime: 21496 seconds) on link 1 with path_nodes [1, 2, 3, 4] which means path_links [1, 2, 3]
['newVeh43'] arrived @ sumotime 21527.0 seconds
06:00:00
[INFO: transfer Visum-Sumo]: [(1.0, 100.0, 17.49513888888889, 2.0, 1.0), (-3.0, 100.0, 0.0, 3.0, 4.0), (5.0, 100.0, 0.0, 5.0, 4.0)] 
 [(3, 17)]
Umlegung ausgeführt
curVolumes: (60000, [(3, 17, 0)])
new vehicle44 @ 06:00:20 (sumoTime: 21620 seconds) on link 1 with path_nodes [1, 2, 3, 4] which means path_links [1, 2, 3]
['newVeh44'] arrived @ sumotime 21644.0 seconds
new vehicle45 @ 06:04:33 (sumoTime: 21873 seconds) on link 1 with path_nodes [1, 2, 3, 4] which means path_links [1, 2, 3]
['newVeh45'] arrived @ sumotime 21900.0 seconds
new vehicle46 @ 06:05:56 (sumoTime: 21956 seconds) on link 1 with path_nodes [1, 2, 3, 4] which means path_links [1, 2, 3]
['newVeh46'] arrived @ sumotime 21985.0 seconds
new vehicle47 @ 06:11:21 (sumoTime: 22281 seconds) on link 1 with path_nodes [1, 2, 3, 4] which means path_links [1, 2, 3]
['newVeh47'] arrived @ sumotime 22307.0 seconds
['newVeh47'] arrived @ sumotime 22308.0 seconds
new vehicle48 @ 06:12:29 (sumoTime: 22349 seconds) on link 1 with path_nodes [1, 2, 3, 4] which means path_links [1, 2, 3]
['newVeh48'] arrived @ sumotime 22378.0 seconds
new vehicle49 @ 06:13:02 (sumoTime: 22382 seconds) on link 1 with path_nodes [1, 2, 3, 4] which means path_links [1, 2, 3]
['newVeh49'] arrived @ sumotime 22410.0 seconds
new vehicle50 @ 06:15:21 (sumoTime: 22521 seconds) on link 1 with path_nodes [1, 2, 3, 4] which means path_links [1, 2, 3]
['newVeh50'] arrived @ sumotime 22547.0 seconds
['newVeh50'] arrived @ sumotime 22548.0 seconds
new vehicle51 @ 06:20:13 (sumoTime: 22813 seconds) on link 1 with path_nodes [1, 2, 3, 4] which means path_links [1, 2, 3]
new vehicle52 @ 06:20:21 (sumoTime: 22821 seconds) on link 1 with path_nodes [1, 2, 3, 4] which means path_links [1, 2, 3]
['newVeh51'] arrived @ sumotime 22838.0 seconds
['newVeh52'] arrived @ sumotime 22851.0 seconds
new vehicle53 @ 06:20:59 (sumoTime: 22859 seconds) on link 1 with path_nodes [1, 2, 3, 4] which means path_links [1, 2, 3]
['newVeh53'] arrived @ sumotime 22885.0 seconds
new vehicle54 @ 06:29:55 (sumoTime: 23395 seconds) on link 1 with path_nodes [1, 2, 3, 4] which means path_links [1, 2, 3]
['newVeh54'] arrived @ sumotime 23421.0 seconds
new vehicle55 @ 06:32:11 (sumoTime: 23531 seconds) on link 1 with path_nodes [1, 2, 3, 4] which means path_links [1, 2, 3]
['newVeh55'] arrived @ sumotime 23557.0 seconds
new vehicle56 @ 06:37:21 (sumoTime: 23841 seconds) on link 1 with path_nodes [1, 2, 3, 4] which means path_links [1, 2, 3]
['newVeh56'] arrived @ sumotime 23868.0 seconds
new vehicle57 @ 06:42:33 (sumoTime: 24153 seconds) on link 1 with path_nodes [1, 2, 3, 4] which means path_links [1, 2, 3]
['newVeh57'] arrived @ sumotime 24182.0 seconds
new vehicle58 @ 06:43:24 (sumoTime: 24204 seconds) on link 1 with path_nodes [1, 2, 3, 4] which means path_links [1, 2, 3]
['newVeh58'] arrived @ sumotime 24229.0 seconds
['newVeh58'] arrived @ sumotime 24230.0 seconds
new vehicle59 @ 06:44:11 (sumoTime: 24251 seconds) on link 1 with path_nodes [1, 2, 3, 4] which means path_links [1, 2, 3]
['newVeh59'] arrived @ sumotime 24278.0 seconds
new vehicle60 @ 06:50:13 (sumoTime: 24613 seconds) on link 1 with path_nodes [1, 2, 3, 4] which means path_links [1, 2, 3]
['newVeh60'] arrived @ sumotime 24642.0 seconds
new vehicle61 @ 06:59:39 (sumoTime: 25179 seconds) on link 1 with path_nodes [1, 2, 3, 4] which means path_links [1, 2, 3]
07:00:00
[INFO: transfer Visum-Sumo]: [(1.0, 100.0, 19.99513888888889, 2.0, 1.0), (-3.0, 100.0, 0.0, 3.0, 4.0), (5.0, 100.0, 0.0, 5.0, 4.0)] 
 [(3, 20)]
Umlegung ausgeführt
curVolumes: (70000, [(3, 20, 0)])
['newVeh61'] arrived @ sumotime 25209.0 seconds
new vehicle62 @ 07:00:33 (sumoTime: 25233 seconds) on link 1 with path_nodes [1, 2, 3, 4] which means path_links [1, 2, 3]
['newVeh62'] arrived @ sumotime 25263.0 seconds
new vehicle63 @ 07:01:39 (sumoTime: 25299 seconds) on link 1 with path_nodes [1, 2, 3, 4] which means path_links [1, 2, 3]
['newVeh63'] arrived @ sumotime 25325.0 seconds
['newVeh63'] arrived @ sumotime 25326.0 seconds
new vehicle64 @ 07:08:14 (sumoTime: 25694 seconds) on link 1 with path_nodes [1, 2, 3, 4] which means path_links [1, 2, 3]
['newVeh64'] arrived @ sumotime 25720.0 seconds
new vehicle65 @ 07:08:43 (sumoTime: 25723 seconds) on link 1 with path_nodes [1, 2, 3, 4] which means path_links [1, 2, 3]
new vehicle66 @ 07:09:07 (sumoTime: 25747 seconds) on link 1 with path_nodes [1, 2, 3, 4] which means path_links [1, 2, 3]
['newVeh65'] arrived @ sumotime 25749.0 seconds
['newVeh66'] arrived @ sumotime 25775.0 seconds
new vehicle67 @ 07:09:43 (sumoTime: 25783 seconds) on link 1 with path_nodes [1, 2, 3, 4] which means path_links [1, 2, 3]
new vehicle68 @ 07:10:07 (sumoTime: 25807 seconds) on link 1 with path_nodes [1, 2, 3, 4] which means path_links [1, 2, 3]
['newVeh67'] arrived @ sumotime 25810.0 seconds
['newVeh68'] arrived @ sumotime 25833.0 seconds
new vehicle69 @ 07:11:36 (sumoTime: 25896 seconds) on link 1 with path_nodes [1, 2, 3, 4] which means path_links [1, 2, 3]
['newVeh69'] arrived @ sumotime 25923.0 seconds
new vehicle70 @ 07:19:13 (sumoTime: 26353 seconds) on link 1 with path_nodes [1, 2, 3, 4] which means path_links [1, 2, 3]
['newVeh70'] arrived @ sumotime 26379.0 seconds
new vehicle71 @ 07:22:24 (sumoTime: 26544 seconds) on link 1 with path_nodes [1, 2, 3, 4] which means path_links [1, 2, 3]
['newVeh71'] arrived @ sumotime 26571.0 seconds
new vehicle72 @ 07:31:14 (sumoTime: 27074 seconds) on link 1 with path_nodes [1, 2, 3, 4] which means path_links [1, 2, 3]
['newVeh72'] arrived @ sumotime 27101.0 seconds
new vehicle73 @ 07:38:53 (sumoTime: 27533 seconds) on link 1 with path_nodes [1, 2, 3, 4] which means path_links [1, 2, 3]
['newVeh73'] arrived @ sumotime 27560.0 seconds
new vehicle74 @ 07:50:39 (sumoTime: 28239 seconds) on link 1 with path_nodes [1, 2, 3, 4] which means path_links [1, 2, 3]
['newVeh74'] arrived @ sumotime 28267.0 seconds
new vehicle75 @ 07:51:24 (sumoTime: 28284 seconds) on link 1 with path_nodes [1, 2, 3, 4] which means path_links [1, 2, 3]
['newVeh75'] arrived @ sumotime 28312.0 seconds
new vehicle76 @ 07:54:26 (sumoTime: 28466 seconds) on link 1 with path_nodes [1, 2, 3, 4] which means path_links [1, 2, 3]
['newVeh76'] arrived @ sumotime 28491.0 seconds
['newVeh76'] arrived @ sumotime 28492.0 seconds
new vehicle77 @ 07:55:29 (sumoTime: 28529 seconds) on link 1 with path_nodes [1, 2, 3, 4] which means path_links [1, 2, 3]
['newVeh77'] arrived @ sumotime 28560.0 seconds
08:00:00
[INFO: transfer Visum-Sumo]: [(1.0, 100.0, 22.49513888888889, 2.0, 1.0), (-3.0, 100.0, 0.0, 3.0, 4.0), (5.0, 100.0, 0.0, 5.0, 4.0)] 
 [(3, 19)]
Umlegung ausgeführt
curVolumes: (80000, [(3, 19, 0)])
new vehicle78 @ 08:00:24 (sumoTime: 28824 seconds) on link 1 with path_nodes [1, 2, 3, 4] which means path_links [1, 2, 3]
['newVeh78'] arrived @ sumotime 28876.0 seconds
['newVeh78'] arrived @ sumotime 28877.0 seconds
new vehicle79 @ 08:05:52 (sumoTime: 29152 seconds) on link 1 with path_nodes [1, 2, 3, 4] which means path_links [1, 2, 3]
new vehicle80 @ 08:06:24 (sumoTime: 29184 seconds) on link 1 with path_nodes [1, 2, 3, 4] which means path_links [1, 2, 3]
['newVeh79'] arrived @ sumotime 29209.0 seconds
['newVeh80'] arrived @ sumotime 29246.0 seconds
new vehicle81 @ 08:08:33 (sumoTime: 29313 seconds) on link 1 with path_nodes [1, 2, 3, 4] which means path_links [1, 2, 3]
new vehicle82 @ 08:08:38 (sumoTime: 29318 seconds) on link 1 with path_nodes [1, 2, 3, 4] which means path_links [1, 2, 3]
['newVeh81'] arrived @ sumotime 29364.0 seconds
['newVeh82'] arrived @ sumotime 29372.0 seconds
new vehicle83 @ 08:10:49 (sumoTime: 29449 seconds) on link 1 with path_nodes [1, 2, 3, 4] which means path_links [1, 2, 3]
new vehicle84 @ 08:11:18 (sumoTime: 29478 seconds) on link 1 with path_nodes [1, 2, 3, 4] which means path_links [1, 2, 3]
new vehicle85 @ 08:11:27 (sumoTime: 29487 seconds) on link 1 with path_nodes [1, 2, 3, 4] which means path_links [1, 2, 3]
['newVeh83'] arrived @ sumotime 29503.0 seconds
['newVeh84'] arrived @ sumotime 29529.0 seconds
['newVeh85'] arrived @ sumotime 29536.0 seconds
new vehicle86 @ 08:14:40 (sumoTime: 29680 seconds) on link 1 with path_nodes [1, 2, 3, 4] which means path_links [1, 2, 3]
['newVeh86'] arrived @ sumotime 29732.0 seconds
new vehicle87 @ 08:24:30 (sumoTime: 30270 seconds) on link 1 with path_nodes [1, 2, 3, 4] which means path_links [1, 2, 3]
['newVeh87'] arrived @ sumotime 30319.0 seconds
new vehicle88 @ 08:31:05 (sumoTime: 30665 seconds) on link 1 with path_nodes [1, 2, 3, 4] which means path_links [1, 2, 3]
new vehicle89 @ 08:31:06 (sumoTime: 30666 seconds) on link 1 with path_nodes [1, 2, 3, 4] which means path_links [1, 2, 3]
new vehicle90 @ 08:31:13 (sumoTime: 30673 seconds) on link 1 with path_nodes [1, 2, 3, 4] which means path_links [1, 2, 3]
new vehicle91 @ 08:31:46 (sumoTime: 30706 seconds) on link 1 with path_nodes [1, 2, 3, 4] which means path_links [1, 2, 3]
['newVeh88'] arrived @ sumotime 30715.0 seconds
['newVeh88'] arrived @ sumotime 30716.0 seconds
new vehicle92 @ 08:31:59 (sumoTime: 30719 seconds) on link 1 with path_nodes [1, 2, 3, 4] which means path_links [1, 2, 3]
['newVeh89'] arrived @ sumotime 30726.0 seconds
['newVeh90'] arrived @ sumotime 30727.0 seconds
new vehicle93 @ 08:32:17 (sumoTime: 30737 seconds) on link 1 with path_nodes [1, 2, 3, 4] which means path_links [1, 2, 3]
['newVeh91'] arrived @ sumotime 30759.0 seconds
['newVeh92'] arrived @ sumotime 30770.0 seconds
['newVeh92'] arrived @ sumotime 30771.0 seconds
['newVeh93'] arrived @ sumotime 30791.0 seconds
new vehicle94 @ 08:41:59 (sumoTime: 31319 seconds) on link 1 with path_nodes [1, 2, 3, 4] which means path_links [1, 2, 3]
['newVeh94'] arrived @ sumotime 31371.0 seconds
new vehicle95 @ 08:53:04 (sumoTime: 31984 seconds) on link 1 with path_nodes [1, 2, 3, 4] which means path_links [1, 2, 3]
['newVeh95'] arrived @ sumotime 32041.0 seconds
new vehicle96 @ 08:56:42 (sumoTime: 32202 seconds) on link 1 with path_nodes [1, 2, 3, 4] which means path_links [1, 2, 3]
['newVeh96'] arrived @ sumotime 32252.0 seconds
new vehicle97 @ 08:59:08 (sumoTime: 32348 seconds) on link 1 with path_nodes [1, 2, 3, 4] which means path_links [1, 2, 3]
new vehicle98 @ 08:59:33 (sumoTime: 32373 seconds) on link 1 with path_nodes [1, 2, 3, 4] which means path_links [1, 2, 3]
['newVeh97'] arrived @ sumotime 32398.0 seconds
09:00:00
[INFO: transfer Visum-Sumo]: [(1.0, 100.0, 24.99513888888889, 2.0, 1.0), (-3.0, 100.0, 0.0, 3.0, 4.0), (5.0, 100.0, 0.0, 5.0, 4.0)] 
 [(3, 23)]
Umlegung ausgeführt
curVolumes: (90000, [(3, 23, 0)])
new vehicle99 @ 09:00:07 (sumoTime: 32407 seconds) on link 1 with path_nodes [1, 2, 3, 4] which means path_links [1, 2, 3]
['newVeh98'] arrived @ sumotime 32423.0 seconds
['newVeh99'] arrived @ sumotime 32470.0 seconds
new vehicle100 @ 09:01:17 (sumoTime: 32477 seconds) on link 1 with path_nodes [1, 2, 3, 4] which means path_links [1, 2, 3]
new vehicle101 @ 09:01:56 (sumoTime: 32516 seconds) on link 1 with path_nodes [1, 2, 3, 4] which means path_links [1, 2, 3]
['newVeh100'] arrived @ sumotime 32533.0 seconds
['newVeh100'] arrived @ sumotime 32534.0 seconds
['newVeh101'] arrived @ sumotime 32570.0 seconds
['newVeh101'] arrived @ sumotime 32571.0 seconds
new vehicle102 @ 09:05:46 (sumoTime: 32746 seconds) on link 1 with path_nodes [1, 2, 3, 4] which means path_links [1, 2, 3]
['newVeh102'] arrived @ sumotime 32801.0 seconds
new vehicle103 @ 09:07:54 (sumoTime: 32874 seconds) on link 1 with path_nodes [1, 2, 3, 4] which means path_links [1, 2, 3]
['newVeh103'] arrived @ sumotime 32930.0 seconds
new vehicle104 @ 09:09:18 (sumoTime: 32958 seconds) on link 1 with path_nodes [1, 2, 3, 4] which means path_links [1, 2, 3]
['newVeh104'] arrived @ sumotime 33007.0 seconds
new vehicle105 @ 09:10:16 (sumoTime: 33016 seconds) on link 1 with path_nodes [1, 2, 3, 4] which means path_links [1, 2, 3]
['newVeh105'] arrived @ sumotime 33065.0 seconds
new vehicle106 @ 09:13:49 (sumoTime: 33229 seconds) on link 1 with path_nodes [1, 2, 3, 4] which means path_links [1, 2, 3]
new vehicle107 @ 09:14:09 (sumoTime: 33249 seconds) on link 1 with path_nodes [1, 2, 3, 4] which means path_links [1, 2, 3]
['newVeh106'] arrived @ sumotime 33281.0 seconds
['newVeh106'] arrived @ sumotime 33282.0 seconds
['newVeh107'] arrived @ sumotime 33305.0 seconds
new vehicle108 @ 09:18:00 (sumoTime: 33480 seconds) on link 1 with path_nodes [1, 2, 3, 4] which means path_links [1, 2, 3]
['newVeh108'] arrived @ sumotime 33531.0 seconds
['newVeh108'] arrived @ sumotime 33532.0 seconds
new vehicle109 @ 09:29:32 (sumoTime: 34172 seconds) on link 1 with path_nodes [1, 2, 3, 4] which means path_links [1, 2, 3]
new vehicle110 @ 09:29:57 (sumoTime: 34197 seconds) on link 1 with path_nodes [1, 2, 3, 4] which means path_links [1, 2, 3]
new vehicle111 @ 09:30:06 (sumoTime: 34206 seconds) on link 1 with path_nodes [1, 2, 3, 4] which means path_links [1, 2, 3]
['newVeh109'] arrived @ sumotime 34227.0 seconds
['newVeh110'] arrived @ sumotime 34249.0 seconds
['newVeh111'] arrived @ sumotime 34258.0 seconds
new vehicle112 @ 09:33:39 (sumoTime: 34419 seconds) on link 1 with path_nodes [1, 2, 3, 4] which means path_links [1, 2, 3]
new vehicle113 @ 09:34:10 (sumoTime: 34450 seconds) on link 1 with path_nodes [1, 2, 3, 4] which means path_links [1, 2, 3]
new vehicle114 @ 09:34:17 (sumoTime: 34457 seconds) on link 1 with path_nodes [1, 2, 3, 4] which means path_links [1, 2, 3]
new vehicle115 @ 09:34:31 (sumoTime: 34471 seconds) on link 1 with path_nodes [1, 2, 3, 4] which means path_links [1, 2, 3]
['newVeh112'] arrived @ sumotime 34476.0 seconds
['newVeh113'] arrived @ sumotime 34499.0 seconds
['newVeh114'] arrived @ sumotime 34511.0 seconds
['newVeh114'] arrived @ sumotime 34512.0 seconds
['newVeh115'] arrived @ sumotime 34528.0 seconds
new vehicle116 @ 09:37:40 (sumoTime: 34660 seconds) on link 1 with path_nodes [1, 2, 3, 4] which means path_links [1, 2, 3]
new vehicle117 @ 09:38:26 (sumoTime: 34706 seconds) on link 1 with path_nodes [1, 2, 3, 4] which means path_links [1, 2, 3]
['newVeh116'] arrived @ sumotime 34713.0 seconds
['newVeh117'] arrived @ sumotime 34758.0 seconds
new vehicle118 @ 09:42:56 (sumoTime: 34976 seconds) on link 1 with path_nodes [1, 2, 3, 4] which means path_links [1, 2, 3]
['newVeh118'] arrived @ sumotime 35033.0 seconds
new vehicle119 @ 09:46:01 (sumoTime: 35161 seconds) on link 1 with path_nodes [1, 2, 3, 4] which means path_links [1, 2, 3]
['newVeh119'] arrived @ sumotime 35212.0 seconds
['newVeh119'] arrived @ sumotime 35213.0 seconds
new vehicle120 @ 09:47:34 (sumoTime: 35254 seconds) on link 1 with path_nodes [1, 2, 3, 4] which means path_links [1, 2, 3]
['newVeh120'] arrived @ sumotime 35303.0 seconds
new vehicle121 @ 09:48:25 (sumoTime: 35305 seconds) on link 1 with path_nodes [1, 2, 3, 4] which means path_links [1, 2, 3]
['newVeh121'] arrived @ sumotime 35359.0 seconds
new vehicle122 @ 09:52:48 (sumoTime: 35568 seconds) on link 1 with path_nodes [1, 2, 3, 4] which means path_links [1, 2, 3]
['newVeh122'] arrived @ sumotime 35619.0 seconds
new vehicle123 @ 09:58:29 (sumoTime: 35909 seconds) on link 1 with path_nodes [1, 2, 3, 4] which means path_links [1, 2, 3]
['newVeh123'] arrived @ sumotime 35971.0 seconds
10:00:00
[INFO: transfer Visum-Sumo]: [(1.0, 100.0, 27.49513888888889, 2.0, 1.0), (-3.0, 100.0, 0.0, 3.0, 4.0), (5.0, 100.0, 0.0, 5.0, 4.0)] 
 [(3, 32)]
Umlegung ausgeführt
curVolumes: (100000, [(3, 32, 0)])
new vehicle124 @ 10:00:03 (sumoTime: 36003 seconds) on link 1 with path_nodes [1, 2, 3, 4] which means path_links [1, 2, 3]
new vehicle125 @ 10:00:10 (sumoTime: 36010 seconds) on link 1 with path_nodes [1, 2, 3, 4] which means path_links [1, 2, 3]
['newVeh124'] arrived @ sumotime 36051.0 seconds
['newVeh125'] arrived @ sumotime 36064.0 seconds
new vehicle126 @ 10:02:10 (sumoTime: 36130 seconds) on link 1 with path_nodes [1, 2, 3, 4] which means path_links [1, 2, 3]
['newVeh126'] arrived @ sumotime 36181.0 seconds
new vehicle127 @ 10:05:11 (sumoTime: 36311 seconds) on link 1 with path_nodes [1, 2, 3, 4] which means path_links [1, 2, 3]
['newVeh127'] arrived @ sumotime 36371.0 seconds
['newVeh127'] arrived @ sumotime 36372.0 seconds
new vehicle128 @ 10:07:34 (sumoTime: 36454 seconds) on link 1 with path_nodes [1, 2, 3, 4] which means path_links [1, 2, 3]
['newVeh128'] arrived @ sumotime 36509.0 seconds
new vehicle129 @ 10:10:11 (sumoTime: 36611 seconds) on link 1 with path_nodes [1, 2, 3, 4] which means path_links [1, 2, 3]
['newVeh129'] arrived @ sumotime 36660.0 seconds
new vehicle130 @ 10:13:19 (sumoTime: 36799 seconds) on link 1 with path_nodes [1, 2, 3, 4] which means path_links [1, 2, 3]
['newVeh130'] arrived @ sumotime 36848.0 seconds
new vehicle131 @ 10:15:54 (sumoTime: 36954 seconds) on link 1 with path_nodes [1, 2, 3, 4] which means path_links [1, 2, 3]
['newVeh131'] arrived @ sumotime 37007.0 seconds
new vehicle132 @ 10:18:51 (sumoTime: 37131 seconds) on link 1 with path_nodes [1, 2, 3, 4] which means path_links [1, 2, 3]
['newVeh132'] arrived @ sumotime 37188.0 seconds
new vehicle133 @ 10:20:17 (sumoTime: 37217 seconds) on link 1 with path_nodes [1, 2, 3, 4] which means path_links [1, 2, 3]
new vehicle134 @ 10:20:31 (sumoTime: 37231 seconds) on link 1 with path_nodes [1, 2, 3, 4] which means path_links [1, 2, 3]
['newVeh133'] arrived @ sumotime 37268.0 seconds
['newVeh134'] arrived @ sumotime 37279.0 seconds
new vehicle135 @ 10:25:13 (sumoTime: 37513 seconds) on link 1 with path_nodes [1, 2, 3, 4] which means path_links [1, 2, 3]
new vehicle136 @ 10:26:04 (sumoTime: 37564 seconds) on link 1 with path_nodes [1, 2, 3, 4] which means path_links [1, 2, 3]
['newVeh135'] arrived @ sumotime 37575.0 seconds
['newVeh136'] arrived @ sumotime 37619.0 seconds
new vehicle137 @ 10:27:18 (sumoTime: 37638 seconds) on link 1 with path_nodes [1, 2, 3, 4] which means path_links [1, 2, 3]
['newVeh137'] arrived @ sumotime 37694.0 seconds
new vehicle138 @ 10:28:21 (sumoTime: 37701 seconds) on link 1 with path_nodes [1, 2, 3, 4] which means path_links [1, 2, 3]
new vehicle139 @ 10:29:02 (sumoTime: 37742 seconds) on link 1 with path_nodes [1, 2, 3, 4] which means path_links [1, 2, 3]
['newVeh138'] arrived @ sumotime 37754.0 seconds
new vehicle140 @ 10:29:31 (sumoTime: 37771 seconds) on link 1 with path_nodes [1, 2, 3, 4] which means path_links [1, 2, 3]
['newVeh139'] arrived @ sumotime 37792.0 seconds
['newVeh140'] arrived @ sumotime 37822.0 seconds
new vehicle141 @ 10:31:14 (sumoTime: 37874 seconds) on link 1 with path_nodes [1, 2, 3, 4] which means path_links [1, 2, 3]
new vehicle142 @ 10:31:18 (sumoTime: 37878 seconds) on link 1 with path_nodes [1, 2, 3, 4] which means path_links [1, 2, 3]
['newVeh141'] arrived @ sumotime 37928.0 seconds
['newVeh142'] arrived @ sumotime 37931.0 seconds
new vehicle143 @ 10:34:48 (sumoTime: 38088 seconds) on link 1 with path_nodes [1, 2, 3, 4] which means path_links [1, 2, 3]
['newVeh143'] arrived @ sumotime 38135.0 seconds
new vehicle144 @ 10:38:36 (sumoTime: 38316 seconds) on link 1 with path_nodes [1, 2, 3, 4] which means path_links [1, 2, 3]
['newVeh144'] arrived @ sumotime 38368.0 seconds
new vehicle145 @ 10:39:32 (sumoTime: 38372 seconds) on link 1 with path_nodes [1, 2, 3, 4] which means path_links [1, 2, 3]
['newVeh145'] arrived @ sumotime 38422.0 seconds
new vehicle146 @ 10:44:27 (sumoTime: 38667 seconds) on link 1 with path_nodes [1, 2, 3, 4] which means path_links [1, 2, 3]
['newVeh146'] arrived @ sumotime 38716.0 seconds
['newVeh146'] arrived @ sumotime 38717.0 seconds
new vehicle147 @ 10:50:05 (sumoTime: 39005 seconds) on link 1 with path_nodes [1, 2, 3, 4] which means path_links [1, 2, 3]
['newVeh147'] arrived @ sumotime 39059.0 seconds
new vehicle148 @ 10:52:03 (sumoTime: 39123 seconds) on link 1 with path_nodes [1, 2, 3, 4] which means path_links [1, 2, 3]
['newVeh148'] arrived @ sumotime 39179.0 seconds
11:00:00
[INFO: transfer Visum-Sumo]: [(1.0, 100.0, 29.99513888888889, 2.0, 1.0), (-3.0, 100.0, 0.0, 3.0, 4.0), (5.0, 100.0, 0.0, 5.0, 4.0)] 
 [(3, 27)]
Umlegung ausgeführt
curVolumes: (110000, [(3, 27, 0)])
new vehicle149 @ 11:01:18 (sumoTime: 39678 seconds) on link 1 with path_nodes [1, 2, 3, 4] which means path_links [1, 2, 3]
new vehicle150 @ 11:01:30 (sumoTime: 39690 seconds) on link 1 with path_nodes [1, 2, 3, 4] which means path_links [1, 2, 3]
['newVeh149'] arrived @ sumotime 39731.0 seconds
['newVeh150'] arrived @ sumotime 39739.0 seconds
new vehicle151 @ 11:08:55 (sumoTime: 40135 seconds) on link 1 with path_nodes [1, 2, 3, 4] which means path_links [1, 2, 3]
new vehicle152 @ 11:08:56 (sumoTime: 40136 seconds) on link 1 with path_nodes [1, 2, 3, 4] which means path_links [1, 2, 3]
new vehicle153 @ 11:09:26 (sumoTime: 40166 seconds) on link 1 with path_nodes [1, 2, 3, 4] which means path_links [1, 2, 3]
['newVeh151'] arrived @ sumotime 40186.0 seconds
['newVeh152'] arrived @ sumotime 40190.0 seconds
['newVeh153'] arrived @ sumotime 40218.0 seconds
new vehicle154 @ 11:10:29 (sumoTime: 40229 seconds) on link 1 with path_nodes [1, 2, 3, 4] which means path_links [1, 2, 3]
['newVeh154'] arrived @ sumotime 40280.0 seconds
new vehicle155 @ 11:11:41 (sumoTime: 40301 seconds) on link 1 with path_nodes [1, 2, 3, 4] which means path_links [1, 2, 3]
['newVeh155'] arrived @ sumotime 40351.0 seconds
new vehicle156 @ 11:13:10 (sumoTime: 40390 seconds) on link 1 with path_nodes [1, 2, 3, 4] which means path_links [1, 2, 3]
new vehicle157 @ 11:13:18 (sumoTime: 40398 seconds) on link 1 with path_nodes [1, 2, 3, 4] which means path_links [1, 2, 3]
['newVeh156'] arrived @ sumotime 40445.0 seconds
['newVeh157'] arrived @ sumotime 40447.0 seconds
new vehicle158 @ 11:25:21 (sumoTime: 41121 seconds) on link 1 with path_nodes [1, 2, 3, 4] which means path_links [1, 2, 3]
['newVeh158'] arrived @ sumotime 41168.0 seconds
new vehicle159 @ 11:27:10 (sumoTime: 41230 seconds) on link 1 with path_nodes [1, 2, 3, 4] which means path_links [1, 2, 3]
['newVeh159'] arrived @ sumotime 41283.0 seconds
new vehicle160 @ 11:28:45 (sumoTime: 41325 seconds) on link 1 with path_nodes [1, 2, 3, 4] which means path_links [1, 2, 3]
new vehicle161 @ 11:28:55 (sumoTime: 41335 seconds) on link 1 with path_nodes [1, 2, 3, 4] which means path_links [1, 2, 3]
['newVeh160'] arrived @ sumotime 41384.0 seconds
['newVeh161'] arrived @ sumotime 41388.0 seconds
new vehicle162 @ 11:30:49 (sumoTime: 41449 seconds) on link 1 with path_nodes [1, 2, 3, 4] which means path_links [1, 2, 3]
['newVeh162'] arrived @ sumotime 41498.0 seconds
new vehicle163 @ 11:31:54 (sumoTime: 41514 seconds) on link 1 with path_nodes [1, 2, 3, 4] which means path_links [1, 2, 3]
['newVeh163'] arrived @ sumotime 41564.0 seconds
new vehicle164 @ 11:33:20 (sumoTime: 41600 seconds) on link 1 with path_nodes [1, 2, 3, 4] which means path_links [1, 2, 3]
new vehicle165 @ 11:34:02 (sumoTime: 41642 seconds) on link 1 with path_nodes [1, 2, 3, 4] which means path_links [1, 2, 3]
['newVeh164'] arrived @ sumotime 41650.0 seconds
['newVeh165'] arrived @ sumotime 41692.0 seconds
new vehicle166 @ 11:36:05 (sumoTime: 41765 seconds) on link 1 with path_nodes [1, 2, 3, 4] which means path_links [1, 2, 3]
['newVeh166'] arrived @ sumotime 41812.0 seconds
new vehicle167 @ 11:38:24 (sumoTime: 41904 seconds) on link 1 with path_nodes [1, 2, 3, 4] which means path_links [1, 2, 3]
new vehicle168 @ 11:38:46 (sumoTime: 41926 seconds) on link 1 with path_nodes [1, 2, 3, 4] which means path_links [1, 2, 3]
new vehicle169 @ 11:38:57 (sumoTime: 41937 seconds) on link 1 with path_nodes [1, 2, 3, 4] which means path_links [1, 2, 3]
new vehicle170 @ 11:39:17 (sumoTime: 41957 seconds) on link 1 with path_nodes [1, 2, 3, 4] which means path_links [1, 2, 3]
['newVeh167'] arrived @ sumotime 41958.0 seconds
['newVeh168'] arrived @ sumotime 41983.0 seconds
['newVeh169'] arrived @ sumotime 41992.0 seconds
['newVeh170'] arrived @ sumotime 42014.0 seconds
new vehicle171 @ 11:44:15 (sumoTime: 42255 seconds) on link 1 with path_nodes [1, 2, 3, 4] which means path_links [1, 2, 3]
new vehicle172 @ 11:45:01 (sumoTime: 42301 seconds) on link 1 with path_nodes [1, 2, 3, 4] which means path_links [1, 2, 3]
['newVeh171'] arrived @ sumotime 42319.0 seconds
['newVeh172'] arrived @ sumotime 42349.0 seconds
new vehicle173 @ 11:47:13 (sumoTime: 42433 seconds) on link 1 with path_nodes [1, 2, 3, 4] which means path_links [1, 2, 3]
['newVeh173'] arrived @ sumotime 42484.0 seconds
new vehicle174 @ 11:51:41 (sumoTime: 42701 seconds) on link 1 with path_nodes [1, 2, 3, 4] which means path_links [1, 2, 3]
['newVeh174'] arrived @ sumotime 42753.0 seconds
new vehicle175 @ 11:53:11 (sumoTime: 42791 seconds) on link 1 with path_nodes [1, 2, 3, 4] which means path_links [1, 2, 3]
new vehicle176 @ 11:53:44 (sumoTime: 42824 seconds) on link 1 with path_nodes [1, 2, 3, 4] which means path_links [1, 2, 3]
['newVeh175'] arrived @ sumotime 42842.0 seconds
['newVeh176'] arrived @ sumotime 42877.0 seconds
new vehicle177 @ 11:56:05 (sumoTime: 42965 seconds) on link 1 with path_nodes [1, 2, 3, 4] which means path_links [1, 2, 3]
new vehicle178 @ 11:56:52 (sumoTime: 43012 seconds) on link 1 with path_nodes [1, 2, 3, 4] which means path_links [1, 2, 3]
['newVeh177'] arrived @ sumotime 43019.0 seconds
['newVeh178'] arrived @ sumotime 43061.0 seconds
12:00:00
[INFO: transfer Visum-Sumo]: [(1.0, 100.0, 32.49513888888889, 2.0, 1.0), (-3.0, 100.0, 0.0, 3.0, 4.0), (5.0, 100.0, 0.0, 5.0, 4.0)] 
 [(3, 30)]
Umlegung ausgeführt
curVolumes: (120000, [(3, 30, 0)])
new vehicle179 @ 12:02:21 (sumoTime: 43341 seconds) on link 1 with path_nodes [1, 2, 3, 4] which means path_links [1, 2, 3]
['newVeh179'] arrived @ sumotime 43372.0 seconds
new vehicle180 @ 12:03:38 (sumoTime: 43418 seconds) on link 1 with path_nodes [1, 2, 3, 4] which means path_links [1, 2, 3]
['newVeh180'] arrived @ sumotime 43445.0 seconds
new vehicle181 @ 12:04:56 (sumoTime: 43496 seconds) on link 1 with path_nodes [1, 2, 3, 4] which means path_links [1, 2, 3]
['newVeh181'] arrived @ sumotime 43522.0 seconds
new vehicle182 @ 12:05:56 (sumoTime: 43556 seconds) on link 1 with path_nodes [1, 2, 3, 4] which means path_links [1, 2, 3]
['newVeh182'] arrived @ sumotime 43584.0 seconds
new vehicle183 @ 12:06:53 (sumoTime: 43613 seconds) on link 1 with path_nodes [1, 2, 3, 4] which means path_links [1, 2, 3]
['newVeh183'] arrived @ sumotime 43639.0 seconds
new vehicle184 @ 12:07:42 (sumoTime: 43662 seconds) on link 1 with path_nodes [1, 2, 3, 4] which means path_links [1, 2, 3]
['newVeh184'] arrived @ sumotime 43694.0 seconds
new vehicle185 @ 12:08:54 (sumoTime: 43734 seconds) on link 1 with path_nodes [1, 2, 3, 4] which means path_links [1, 2, 3]
['newVeh185'] arrived @ sumotime 43761.0 seconds
new vehicle186 @ 12:11:29 (sumoTime: 43889 seconds) on link 1 with path_nodes [1, 2, 3, 4] which means path_links [1, 2, 3]
['newVeh186'] arrived @ sumotime 43918.0 seconds
new vehicle187 @ 12:14:02 (sumoTime: 44042 seconds) on link 1 with path_nodes [1, 2, 3, 4] which means path_links [1, 2, 3]
new vehicle188 @ 12:14:11 (sumoTime: 44051 seconds) on link 1 with path_nodes [1, 2, 3, 4] which means path_links [1, 2, 3]
['newVeh187'] arrived @ sumotime 44070.0 seconds
new vehicle189 @ 12:14:33 (sumoTime: 44073 seconds) on link 1 with path_nodes [1, 2, 3, 4] which means path_links [1, 2, 3]
['newVeh188'] arrived @ sumotime 44077.0 seconds
new vehicle190 @ 12:14:45 (sumoTime: 44085 seconds) on link 1 with path_nodes [1, 2, 3, 4] which means path_links [1, 2, 3]
['newVeh189'] arrived @ sumotime 44104.0 seconds
['newVeh190'] arrived @ sumotime 44115.0 seconds
new vehicle191 @ 12:17:53 (sumoTime: 44273 seconds) on link 1 with path_nodes [1, 2, 3, 4] which means path_links [1, 2, 3]
['newVeh191'] arrived @ sumotime 44299.0 seconds
new vehicle192 @ 12:18:20 (sumoTime: 44300 seconds) on link 1 with path_nodes [1, 2, 3, 4] which means path_links [1, 2, 3]
new vehicle193 @ 12:18:31 (sumoTime: 44311 seconds) on link 1 with path_nodes [1, 2, 3, 4] which means path_links [1, 2, 3]
['newVeh192'] arrived @ sumotime 44327.0 seconds
['newVeh193'] arrived @ sumotime 44338.0 seconds
new vehicle194 @ 12:24:20 (sumoTime: 44660 seconds) on link 1 with path_nodes [1, 2, 3, 4] which means path_links [1, 2, 3]
['newVeh194'] arrived @ sumotime 44688.0 seconds
new vehicle195 @ 12:25:06 (sumoTime: 44706 seconds) on link 1 with path_nodes [1, 2, 3, 4] which means path_links [1, 2, 3]
['newVeh195'] arrived @ sumotime 44732.0 seconds
new vehicle196 @ 12:26:08 (sumoTime: 44768 seconds) on link 1 with path_nodes [1, 2, 3, 4] which means path_links [1, 2, 3]
['newVeh196'] arrived @ sumotime 44796.0 seconds
new vehicle197 @ 12:30:22 (sumoTime: 45022 seconds) on link 1 with path_nodes [1, 2, 3, 4] which means path_links [1, 2, 3]
['newVeh197'] arrived @ sumotime 45049.0 seconds
new vehicle198 @ 12:39:13 (sumoTime: 45553 seconds) on link 1 with path_nodes [1, 2, 3, 4] which means path_links [1, 2, 3]
new vehicle199 @ 12:39:17 (sumoTime: 45557 seconds) on link 1 with path_nodes [1, 2, 3, 4] which means path_links [1, 2, 3]
['newVeh198'] arrived @ sumotime 45579.0 seconds
['newVeh199'] arrived @ sumotime 45584.0 seconds
new vehicle200 @ 12:45:02 (sumoTime: 45902 seconds) on link 1 with path_nodes [1, 2, 3, 4] which means path_links [1, 2, 3]
['newVeh200'] arrived @ sumotime 45928.0 seconds
new vehicle201 @ 12:48:19 (sumoTime: 46099 seconds) on link 1 with path_nodes [1, 2, 3, 4] which means path_links [1, 2, 3]
['newVeh201'] arrived @ sumotime 46125.0 seconds
new vehicle202 @ 12:51:04 (sumoTime: 46264 seconds) on link 1 with path_nodes [1, 2, 3, 4] which means path_links [1, 2, 3]
new vehicle203 @ 12:51:35 (sumoTime: 46295 seconds) on link 1 with path_nodes [1, 2, 3, 4] which means path_links [1, 2, 3]
['newVeh202'] arrived @ sumotime 46296.0 seconds
['newVeh202'] arrived @ sumotime 46297.0 seconds
['newVeh203'] arrived @ sumotime 46325.0 seconds
new vehicle204 @ 12:52:51 (sumoTime: 46371 seconds) on link 1 with path_nodes [1, 2, 3, 4] which means path_links [1, 2, 3]
new vehicle205 @ 12:53:00 (sumoTime: 46380 seconds) on link 1 with path_nodes [1, 2, 3, 4] which means path_links [1, 2, 3]
['newVeh204'] arrived @ sumotime 46397.0 seconds
['newVeh205'] arrived @ sumotime 46408.0 seconds
new vehicle206 @ 12:56:38 (sumoTime: 46598 seconds) on link 1 with path_nodes [1, 2, 3, 4] which means path_links [1, 2, 3]
['newVeh206'] arrived @ sumotime 46626.0 seconds
13:00:00
[INFO: transfer Visum-Sumo]: [(1.0, 100.0, 34.99513888888889, 2.0, 1.0), (-3.0, 100.0, 0.0, 3.0, 4.0), (5.0, 100.0, 0.0, 5.0, 4.0)] 
 [(3, 29)]
Umlegung ausgeführt
curVolumes: (130000, [(3, 29, 0)])
new vehicle207 @ 13:01:00 (sumoTime: 46860 seconds) on link 1 with path_nodes [1, 2, 3, 4] which means path_links [1, 2, 3]
new vehicle208 @ 13:01:19 (sumoTime: 46879 seconds) on link 1 with path_nodes [1, 2, 3, 4] which means path_links [1, 2, 3]
['newVeh207'] arrived @ sumotime 46889.0 seconds
['newVeh208'] arrived @ sumotime 46905.0 seconds
new vehicle209 @ 13:02:03 (sumoTime: 46923 seconds) on link 1 with path_nodes [1, 2, 3, 4] which means path_links [1, 2, 3]
['newVeh209'] arrived @ sumotime 46951.0 seconds
new vehicle210 @ 13:04:19 (sumoTime: 47059 seconds) on link 1 with path_nodes [1, 2, 3, 4] which means path_links [1, 2, 3]
['newVeh210'] arrived @ sumotime 47086.0 seconds
new vehicle211 @ 13:09:36 (sumoTime: 47376 seconds) on link 1 with path_nodes [1, 2, 3, 4] which means path_links [1, 2, 3]
new vehicle212 @ 13:09:39 (sumoTime: 47379 seconds) on link 1 with path_nodes [1, 2, 3, 4] which means path_links [1, 2, 3]
['newVeh211'] arrived @ sumotime 47401.0 seconds
['newVeh211'] arrived @ sumotime 47402.0 seconds
new vehicle213 @ 13:10:05 (sumoTime: 47405 seconds) on link 1 with path_nodes [1, 2, 3, 4] which means path_links [1, 2, 3]
['newVeh212'] arrived @ sumotime 47406.0 seconds
['newVeh213'] arrived @ sumotime 47437.0 seconds
new vehicle214 @ 13:13:18 (sumoTime: 47598 seconds) on link 1 with path_nodes [1, 2, 3, 4] which means path_links [1, 2, 3]
['newVeh214'] arrived @ sumotime 47627.0 seconds
new vehicle215 @ 13:17:37 (sumoTime: 47857 seconds) on link 1 with path_nodes [1, 2, 3, 4] which means path_links [1, 2, 3]
['newVeh215'] arrived @ sumotime 47883.0 seconds
new vehicle216 @ 13:20:01 (sumoTime: 48001 seconds) on link 1 with path_nodes [1, 2, 3, 4] which means path_links [1, 2, 3]
['newVeh216'] arrived @ sumotime 48030.0 seconds
new vehicle217 @ 13:21:18 (sumoTime: 48078 seconds) on link 1 with path_nodes [1, 2, 3, 4] which means path_links [1, 2, 3]
new vehicle218 @ 13:21:20 (sumoTime: 48080 seconds) on link 1 with path_nodes [1, 2, 3, 4] which means path_links [1, 2, 3]
['newVeh217'] arrived @ sumotime 48105.0 seconds
['newVeh218'] arrived @ sumotime 48108.0 seconds
new vehicle219 @ 13:22:41 (sumoTime: 48161 seconds) on link 1 with path_nodes [1, 2, 3, 4] which means path_links [1, 2, 3]
['newVeh219'] arrived @ sumotime 48189.0 seconds
new vehicle220 @ 13:23:34 (sumoTime: 48214 seconds) on link 1 with path_nodes [1, 2, 3, 4] which means path_links [1, 2, 3]
['newVeh220'] arrived @ sumotime 48240.0 seconds
new vehicle221 @ 13:26:24 (sumoTime: 48384 seconds) on link 1 with path_nodes [1, 2, 3, 4] which means path_links [1, 2, 3]
['newVeh221'] arrived @ sumotime 48410.0 seconds
['newVeh221'] arrived @ sumotime 48411.0 seconds
new vehicle222 @ 13:30:19 (sumoTime: 48619 seconds) on link 1 with path_nodes [1, 2, 3, 4] which means path_links [1, 2, 3]
new vehicle223 @ 13:30:31 (sumoTime: 48631 seconds) on link 1 with path_nodes [1, 2, 3, 4] which means path_links [1, 2, 3]
new vehicle224 @ 13:30:43 (sumoTime: 48643 seconds) on link 1 with path_nodes [1, 2, 3, 4] which means path_links [1, 2, 3]
['newVeh222'] arrived @ sumotime 48651.0 seconds
['newVeh223'] arrived @ sumotime 48661.0 seconds
['newVeh224'] arrived @ sumotime 48670.0 seconds
new vehicle225 @ 13:31:59 (sumoTime: 48719 seconds) on link 1 with path_nodes [1, 2, 3, 4] which means path_links [1, 2, 3]
['newVeh225'] arrived @ sumotime 48745.0 seconds
new vehicle226 @ 13:34:10 (sumoTime: 48850 seconds) on link 1 with path_nodes [1, 2, 3, 4] which means path_links [1, 2, 3]
['newVeh226'] arrived @ sumotime 48875.0 seconds
new vehicle227 @ 13:35:37 (sumoTime: 48937 seconds) on link 1 with path_nodes [1, 2, 3, 4] which means path_links [1, 2, 3]
['newVeh227'] arrived @ sumotime 48963.0 seconds
new vehicle228 @ 13:36:22 (sumoTime: 48982 seconds) on link 1 with path_nodes [1, 2, 3, 4] which means path_links [1, 2, 3]
['newVeh228'] arrived @ sumotime 49008.0 seconds
new vehicle229 @ 13:37:27 (sumoTime: 49047 seconds) on link 1 with path_nodes [1, 2, 3, 4] which means path_links [1, 2, 3]
['newVeh229'] arrived @ sumotime 49074.0 seconds
new vehicle230 @ 13:40:02 (sumoTime: 49202 seconds) on link 1 with path_nodes [1, 2, 3, 4] which means path_links [1, 2, 3]
['newVeh230'] arrived @ sumotime 49227.0 seconds
new vehicle231 @ 13:44:53 (sumoTime: 49493 seconds) on link 1 with path_nodes [1, 2, 3, 4] which means path_links [1, 2, 3]
['newVeh231'] arrived @ sumotime 49520.0 seconds
new vehicle232 @ 13:46:36 (sumoTime: 49596 seconds) on link 1 with path_nodes [1, 2, 3, 4] which means path_links [1, 2, 3]
new vehicle233 @ 13:46:45 (sumoTime: 49605 seconds) on link 1 with path_nodes [1, 2, 3, 4] which means path_links [1, 2, 3]
['newVeh232'] arrived @ sumotime 49624.0 seconds
['newVeh233'] arrived @ sumotime 49631.0 seconds
new vehicle234 @ 13:49:33 (sumoTime: 49773 seconds) on link 1 with path_nodes [1, 2, 3, 4] which means path_links [1, 2, 3]
['newVeh234'] arrived @ sumotime 49803.0 seconds
new vehicle235 @ 13:50:51 (sumoTime: 49851 seconds) on link 1 with path_nodes [1, 2, 3, 4] which means path_links [1, 2, 3]
['newVeh235'] arrived @ sumotime 49878.0 seconds
['newVeh235'] arrived @ sumotime 49879.0 seconds
new vehicle236 @ 13:52:11 (sumoTime: 49931 seconds) on link 1 with path_nodes [1, 2, 3, 4] which means path_links [1, 2, 3]
['newVeh236'] arrived @ sumotime 49958.0 seconds
new vehicle237 @ 13:55:47 (sumoTime: 50147 seconds) on link 1 with path_nodes [1, 2, 3, 4] which means path_links [1, 2, 3]
new vehicle238 @ 13:55:50 (sumoTime: 50150 seconds) on link 1 with path_nodes [1, 2, 3, 4] which means path_links [1, 2, 3]
['newVeh237'] arrived @ sumotime 50173.0 seconds
['newVeh238'] arrived @ sumotime 50175.0 seconds
new vehicle239 @ 13:56:38 (sumoTime: 50198 seconds) on link 1 with path_nodes [1, 2, 3, 4] which means path_links [1, 2, 3]
['newVeh239'] arrived @ sumotime 50225.0 seconds
new vehicle240 @ 13:59:38 (sumoTime: 50378 seconds) on link 1 with path_nodes [1, 2, 3, 4] which means path_links [1, 2, 3]
14:00:00
[INFO: transfer Visum-Sumo]: [(1.0, 100.0, 37.49513888888889, 2.0, 1.0), (-3.0, 100.0, 0.0, 3.0, 4.0), (5.0, 100.0, 0.0, 5.0, 4.0)] 
 [(3, 36)]
Umlegung ausgeführt
curVolumes: (140000, [(3, 36, 0)])
['newVeh240'] arrived @ sumotime 50408.0 seconds
new vehicle241 @ 14:02:12 (sumoTime: 50532 seconds) on link 1 with path_nodes [1, 2, 3, 4] which means path_links [1, 2, 3]
['newVeh241'] arrived @ sumotime 50561.0 seconds
new vehicle242 @ 14:03:28 (sumoTime: 50608 seconds) on link 1 with path_nodes [1, 2, 3, 4] which means path_links [1, 2, 3]
['newVeh242'] arrived @ sumotime 50635.0 seconds
new vehicle243 @ 14:04:33 (sumoTime: 50673 seconds) on link 1 with path_nodes [1, 2, 3, 4] which means path_links [1, 2, 3]
new vehicle244 @ 14:04:53 (sumoTime: 50693 seconds) on link 1 with path_nodes [1, 2, 3, 4] which means path_links [1, 2, 3]
['newVeh243'] arrived @ sumotime 50699.0 seconds
['newVeh244'] arrived @ sumotime 50721.0 seconds
new vehicle245 @ 14:09:00 (sumoTime: 50940 seconds) on link 1 with path_nodes [1, 2, 3, 4] which means path_links [1, 2, 3]
new vehicle246 @ 14:09:25 (sumoTime: 50965 seconds) on link 1 with path_nodes [1, 2, 3, 4] which means path_links [1, 2, 3]
['newVeh245'] arrived @ sumotime 50969.0 seconds
['newVeh246'] arrived @ sumotime 50992.0 seconds
new vehicle247 @ 14:10:58 (sumoTime: 51058 seconds) on link 1 with path_nodes [1, 2, 3, 4] which means path_links [1, 2, 3]
new vehicle248 @ 14:11:15 (sumoTime: 51075 seconds) on link 1 with path_nodes [1, 2, 3, 4] which means path_links [1, 2, 3]
new vehicle249 @ 14:11:24 (sumoTime: 51084 seconds) on link 1 with path_nodes [1, 2, 3, 4] which means path_links [1, 2, 3]
['newVeh247'] arrived @ sumotime 51084.0 seconds
new vehicle250 @ 14:11:32 (sumoTime: 51092 seconds) on link 1 with path_nodes [1, 2, 3, 4] which means path_links [1, 2, 3]
['newVeh248'] arrived @ sumotime 51100.0 seconds
['newVeh249'] arrived @ sumotime 51110.0 seconds
['newVeh250'] arrived @ sumotime 51119.0 seconds
new vehicle251 @ 14:12:38 (sumoTime: 51158 seconds) on link 1 with path_nodes [1, 2, 3, 4] which means path_links [1, 2, 3]
['newVeh251'] arrived @ sumotime 51189.0 seconds
new vehicle252 @ 14:14:02 (sumoTime: 51242 seconds) on link 1 with path_nodes [1, 2, 3, 4] which means path_links [1, 2, 3]
['newVeh252'] arrived @ sumotime 51270.0 seconds
new vehicle253 @ 14:15:16 (sumoTime: 51316 seconds) on link 1 with path_nodes [1, 2, 3, 4] which means path_links [1, 2, 3]
['newVeh253'] arrived @ sumotime 51343.0 seconds
new vehicle254 @ 14:15:46 (sumoTime: 51346 seconds) on link 1 with path_nodes [1, 2, 3, 4] which means path_links [1, 2, 3]
new vehicle255 @ 14:16:03 (sumoTime: 51363 seconds) on link 1 with path_nodes [1, 2, 3, 4] which means path_links [1, 2, 3]
['newVeh254'] arrived @ sumotime 51373.0 seconds
['newVeh255'] arrived @ sumotime 51391.0 seconds
new vehicle256 @ 14:17:24 (sumoTime: 51444 seconds) on link 1 with path_nodes [1, 2, 3, 4] which means path_links [1, 2, 3]
['newVeh256'] arrived @ sumotime 51471.0 seconds
new vehicle257 @ 14:21:02 (sumoTime: 51662 seconds) on link 1 with path_nodes [1, 2, 3, 4] which means path_links [1, 2, 3]
new vehicle258 @ 14:21:27 (sumoTime: 51687 seconds) on link 1 with path_nodes [1, 2, 3, 4] which means path_links [1, 2, 3]
['newVeh257'] arrived @ sumotime 51689.0 seconds
['newVeh258'] arrived @ sumotime 51714.0 seconds
new vehicle259 @ 14:22:31 (sumoTime: 51751 seconds) on link 1 with path_nodes [1, 2, 3, 4] which means path_links [1, 2, 3]
['newVeh259'] arrived @ sumotime 51778.0 seconds
new vehicle260 @ 14:25:11 (sumoTime: 51911 seconds) on link 1 with path_nodes [1, 2, 3, 4] which means path_links [1, 2, 3]
['newVeh260'] arrived @ sumotime 51941.0 seconds
new vehicle261 @ 14:26:53 (sumoTime: 52013 seconds) on link 1 with path_nodes [1, 2, 3, 4] which means path_links [1, 2, 3]
new vehicle262 @ 14:27:08 (sumoTime: 52028 seconds) on link 1 with path_nodes [1, 2, 3, 4] which means path_links [1, 2, 3]
new vehicle263 @ 14:27:10 (sumoTime: 52030 seconds) on link 1 with path_nodes [1, 2, 3, 4] which means path_links [1, 2, 3]
['newVeh261'] arrived @ sumotime 52041.0 seconds
['newVeh262'] arrived @ sumotime 52055.0 seconds
['newVeh263'] arrived @ sumotime 52058.0 seconds
new vehicle264 @ 14:28:56 (sumoTime: 52136 seconds) on link 1 with path_nodes [1, 2, 3, 4] which means path_links [1, 2, 3]
new vehicle265 @ 14:29:07 (sumoTime: 52147 seconds) on link 1 with path_nodes [1, 2, 3, 4] which means path_links [1, 2, 3]
['newVeh264'] arrived @ sumotime 52164.0 seconds
['newVeh265'] arrived @ sumotime 52174.0 seconds
new vehicle266 @ 14:31:09 (sumoTime: 52269 seconds) on link 1 with path_nodes [1, 2, 3, 4] which means path_links [1, 2, 3]
['newVeh266'] arrived @ sumotime 52292.0 seconds
new vehicle267 @ 14:31:43 (sumoTime: 52303 seconds) on link 1 with path_nodes [1, 2, 3, 4] which means path_links [1, 2, 3]
['newVeh267'] arrived @ sumotime 52328.0 seconds
new vehicle268 @ 14:33:48 (sumoTime: 52428 seconds) on link 1 with path_nodes [1, 2, 3, 4] which means path_links [1, 2, 3]
['newVeh268'] arrived @ sumotime 52454.0 seconds
new vehicle269 @ 14:35:02 (sumoTime: 52502 seconds) on link 1 with path_nodes [1, 2, 3, 4] which means path_links [1, 2, 3]
new vehicle270 @ 14:35:04 (sumoTime: 52504 seconds) on link 1 with path_nodes [1, 2, 3, 4] which means path_links [1, 2, 3]
new vehicle271 @ 14:35:30 (sumoTime: 52530 seconds) on link 1 with path_nodes [1, 2, 3, 4] which means path_links [1, 2, 3]
['newVeh269'] arrived @ sumotime 52532.0 seconds
['newVeh270'] arrived @ sumotime 52534.0 seconds
new vehicle272 @ 14:35:48 (sumoTime: 52548 seconds) on link 1 with path_nodes [1, 2, 3, 4] which means path_links [1, 2, 3]
new vehicle273 @ 14:35:54 (sumoTime: 52554 seconds) on link 1 with path_nodes [1, 2, 3, 4] which means path_links [1, 2, 3]
['newVeh271'] arrived @ sumotime 52557.0 seconds
['newVeh272'] arrived @ sumotime 52574.0 seconds
['newVeh273'] arrived @ sumotime 52585.0 seconds
new vehicle274 @ 14:37:15 (sumoTime: 52635 seconds) on link 1 with path_nodes [1, 2, 3, 4] which means path_links [1, 2, 3]
['newVeh274'] arrived @ sumotime 52661.0 seconds
new vehicle275 @ 14:37:54 (sumoTime: 52674 seconds) on link 1 with path_nodes [1, 2, 3, 4] which means path_links [1, 2, 3]
['newVeh275'] arrived @ sumotime 52703.0 seconds
new vehicle276 @ 14:38:55 (sumoTime: 52735 seconds) on link 1 with path_nodes [1, 2, 3, 4] which means path_links [1, 2, 3]
['newVeh276'] arrived @ sumotime 52762.0 seconds
new vehicle277 @ 14:39:57 (sumoTime: 52797 seconds) on link 1 with path_nodes [1, 2, 3, 4] which means path_links [1, 2, 3]
new vehicle278 @ 14:40:09 (sumoTime: 52809 seconds) on link 1 with path_nodes [1, 2, 3, 4] which means path_links [1, 2, 3]
['newVeh277'] arrived @ sumotime 52825.0 seconds
['newVeh278'] arrived @ sumotime 52836.0 seconds
new vehicle279 @ 14:41:55 (sumoTime: 52915 seconds) on link 1 with path_nodes [1, 2, 3, 4] which means path_links [1, 2, 3]
['newVeh279'] arrived @ sumotime 52941.0 seconds
['newVeh279'] arrived @ sumotime 52942.0 seconds
new vehicle280 @ 14:44:15 (sumoTime: 53055 seconds) on link 1 with path_nodes [1, 2, 3, 4] which means path_links [1, 2, 3]
['newVeh280'] arrived @ sumotime 53084.0 seconds
['newVeh280'] arrived @ sumotime 53085.0 seconds
new vehicle281 @ 14:45:35 (sumoTime: 53135 seconds) on link 1 with path_nodes [1, 2, 3, 4] which means path_links [1, 2, 3]
['newVeh281'] arrived @ sumotime 53165.0 seconds
new vehicle282 @ 14:46:52 (sumoTime: 53212 seconds) on link 1 with path_nodes [1, 2, 3, 4] which means path_links [1, 2, 3]
['newVeh282'] arrived @ sumotime 53240.0 seconds
new vehicle283 @ 14:47:57 (sumoTime: 53277 seconds) on link 1 with path_nodes [1, 2, 3, 4] which means path_links [1, 2, 3]
['newVeh283'] arrived @ sumotime 53304.0 seconds
new vehicle284 @ 14:49:47 (sumoTime: 53387 seconds) on link 1 with path_nodes [1, 2, 3, 4] which means path_links [1, 2, 3]
new vehicle285 @ 14:49:59 (sumoTime: 53399 seconds) on link 1 with path_nodes [1, 2, 3, 4] which means path_links [1, 2, 3]
['newVeh284'] arrived @ sumotime 53415.0 seconds
['newVeh285'] arrived @ sumotime 53430.0 seconds
new vehicle286 @ 14:51:42 (sumoTime: 53502 seconds) on link 1 with path_nodes [1, 2, 3, 4] which means path_links [1, 2, 3]
['newVeh286'] arrived @ sumotime 53528.0 seconds
new vehicle287 @ 14:52:46 (sumoTime: 53566 seconds) on link 1 with path_nodes [1, 2, 3, 4] which means path_links [1, 2, 3]
['newVeh287'] arrived @ sumotime 53594.0 seconds
new vehicle288 @ 14:54:44 (sumoTime: 53684 seconds) on link 1 with path_nodes [1, 2, 3, 4] which means path_links [1, 2, 3]
['newVeh288'] arrived @ sumotime 53716.0 seconds
new vehicle289 @ 14:55:49 (sumoTime: 53749 seconds) on link 1 with path_nodes [1, 2, 3, 4] which means path_links [1, 2, 3]
new vehicle290 @ 14:55:52 (sumoTime: 53752 seconds) on link 1 with path_nodes [1, 2, 3, 4] which means path_links [1, 2, 3]
['newVeh289'] arrived @ sumotime 53778.0 seconds
['newVeh290'] arrived @ sumotime 53780.0 seconds
new vehicle291 @ 14:56:27 (sumoTime: 53787 seconds) on link 1 with path_nodes [1, 2, 3, 4] which means path_links [1, 2, 3]
['newVeh291'] arrived @ sumotime 53814.0 seconds
new vehicle292 @ 14:57:39 (sumoTime: 53859 seconds) on link 1 with path_nodes [1, 2, 3, 4] which means path_links [1, 2, 3]
new vehicle293 @ 14:57:46 (sumoTime: 53866 seconds) on link 1 with path_nodes [1, 2, 3, 4] which means path_links [1, 2, 3]
['newVeh292'] arrived @ sumotime 53885.0 seconds
['newVeh293'] arrived @ sumotime 53897.0 seconds
new vehicle294 @ 14:58:26 (sumoTime: 53906 seconds) on link 1 with path_nodes [1, 2, 3, 4] which means path_links [1, 2, 3]
['newVeh294'] arrived @ sumotime 53936.0 seconds
new vehicle295 @ 14:59:40 (sumoTime: 53980 seconds) on link 1 with path_nodes [1, 2, 3, 4] which means path_links [1, 2, 3]
Gesamte Auslastung: 296
Summe erzeugter Fahrzeuge: 296
-> Fahrzeuge verloren: 0
Neue Umlegungen nötig: [False, False, False, False, False, False, True, True, True, True, True, True, True, True, True]
Tupel bestehend aus: VolVisum, geplantesVolSumo, avgArrTimeVisum, avgArrTimeSumo
Link: 1 -> [(2, 3, 1800, 1291), (5, 5, 720, 855), (7, 9, 514, 669), (10, 7, 360, 609), (12, 8, 300, 535), (15, 18, 240, 222), (17, 19, 211, 199), (20, 17, 180, 224), (22, 22, 163, 183), (25, 26, 144, 144), (27, 26, 133, 145), (30, 31, 120, 117), (32, 29, 112, 125), (35, 35, 102, 107), (37, 56, 97, 64)]
Link: 3 -> []
Link: 5 -> []
VolumenInSumo: [(3049, ['1', '2', '3']), (3556, ['1', '2', '3']), (10817, ['1', '2', '3']), (11558, ['1', '2', '3']), (13817, ['1', '2', '3']), (14213, ['1', '2', '3']), (20155, ['1', '2', '3']), (20824, ['1', '2', '3']), (21207, ['1', '2', '3']), (23008, ['1', '2', '3']), (23430, ['1', '2', '3']), (23504, ['1', '2', '3']), (24439, ['1', '2', '3']), (24621, ['1', '2', '3']), (30305, ['1', '2', '3']), (30448, ['1', '2', '3']), (30851, ['1', '2', '3']), (31038, ['1', '2', '3']), (33219, ['1', '2', '3']), (34016, ['1', '2', '3']), (40019, ['1', '2', '3']), (40151, ['1', '2', '3']), (40808, ['1', '2', '3']), (40845, ['1', '2', '3']), (42213, ['1', '2', '3']), (43800, ['1', '2', '3']), (45319, ['1', '2', '3']), (50200, ['1', '2', '3']), (50243, ['1', '2', '3']), (50759, ['1', '2', '3']), (50951, ['1', '2', '3']), (51256, ['1', '2', '3']), (51309, ['1', '2', '3']), (51711, ['1', '2', '3']), (53327, ['1', '2', '3']), (53356, ['1', '2', '3']), (53720, ['1', '2', '3']), (54108, ['1', '2', '3']), (54623, ['1', '2', '3']), (54905, ['1', '2', '3']), (55215, ['1', '2', '3']), (55439, ['1', '2', '3']), (55525, ['1', '2', '3']), (55816, ['1', '2', '3']), (60020, ['1', '2', '3']), (60433, ['1', '2', '3']), (60556, ['1', '2', '3']), (61121, ['1', '2', '3']), (61229, ['1', '2', '3']), (61302, ['1', '2', '3']), (61521, ['1', '2', '3']), (62013, ['1', '2', '3']), (62021, ['1', '2', '3']), (62059, ['1', '2', '3']), (62955, ['1', '2', '3']), (63211, ['1', '2', '3']), (63721, ['1', '2', '3']), (64233, ['1', '2', '3']), (64324, ['1', '2', '3']), (64411, ['1', '2', '3']), (65013, ['1', '2', '3']), (65939, ['1', '2', '3']), (70033, ['1', '2', '3']), (70139, ['1', '2', '3']), (70814, ['1', '2', '3']), (70843, ['1', '2', '3']), (70907, ['1', '2', '3']), (70943, ['1', '2', '3']), (71007, ['1', '2', '3']), (71136, ['1', '2', '3']), (71913, ['1', '2', '3']), (72224, ['1', '2', '3']), (73114, ['1', '2', '3']), (73853, ['1', '2', '3']), (75039, ['1', '2', '3']), (75124, ['1', '2', '3']), (75426, ['1', '2', '3']), (75529, ['1', '2', '3']), (80024, ['1', '6', '7', '-8', '3']), (80552, ['1', '6', '7', '-8', '3']), (80624, ['1', '6', '7', '-8', '3']), (80833, ['1', '6', '7', '-8', '3']), (80838, ['1', '6', '7', '-8', '3']), (81049, ['1', '6', '7', '-8', '3']), (81118, ['1', '6', '7', '-8', '3']), (81127, ['1', '6', '7', '-8', '3']), (81440, ['1', '6', '7', '-8', '3']), (82430, ['1', '6', '7', '-8', '3']), (83105, ['1', '6', '7', '-8', '3']), (83106, ['1', '6', '7', '-8', '3']), (83113, ['1', '6', '7', '-8', '3']), (83146, ['1', '6', '7', '-8', '3']), (83159, ['1', '6', '7', '-8', '3']), (83217, ['1', '6', '7', '-8', '3']), (84159, ['1', '6', '7', '-8', '3']), (85304, ['1', '6', '7', '-8', '3']), (85642, ['1', '6', '7', '-8', '3']), (85908, ['1', '6', '7', '-8', '3']), (85933, ['1', '6', '7', '-8', '3']), (90007, ['1', '6', '7', '-8', '3']), (90117, ['1', '6', '7', '-8', '3']), (90156, ['1', '6', '7', '-8', '3']), (90546, ['1', '6', '7', '-8', '3']), (90754, ['1', '6', '7', '-8', '3']), (90918, ['1', '6', '7', '-8', '3']), (91016, ['1', '6', '7', '-8', '3']), (91349, ['1', '6', '7', '-8', '3']), (91409, ['1', '6', '7', '-8', '3']), (91800, ['1', '6', '7', '-8', '3']), (92932, ['1', '6', '7', '-8', '3']), (92957, ['1', '6', '7', '-8', '3']), (93006, ['1', '6', '7', '-8', '3']), (93339, ['1', '6', '7', '-8', '3']), (93410, ['1', '6', '7', '-8', '3']), (93417, ['1', '6', '7', '-8', '3']), (93431, ['1', '6', '7', '-8', '3']), (93740, ['1', '6', '7', '-8', '3']), (93826, ['1', '6', '7', '-8', '3']), (94256, ['1', '6', '7', '-8', '3']), (94601, ['1', '6', '7', '-8', '3']), (94734, ['1', '6', '7', '-8', '3']), (94825, ['1', '6', '7', '-8', '3']), (95248, ['1', '6', '7', '-8', '3']), (95829, ['1', '6', '7', '-8', '3']), (100003, ['1', '6', '7', '-8', '3']), (100010, ['1', '6', '7', '-8', '3']), (100210, ['1', '6', '7', '-8', '3']), (100511, ['1', '6', '7', '-8', '3']), (100734, ['1', '6', '7', '-8', '3']), (101011, ['1', '6', '7', '-8', '3']), (101319, ['1', '6', '7', '-8', '3']), (101554, ['1', '6', '7', '-8', '3']), (101851, ['1', '6', '7', '-8', '3']), (102017, ['1', '6', '7', '-8', '3']), (102031, ['1', '6', '7', '-8', '3']), (102513, ['1', '6', '7', '-8', '3']), (102604, ['1', '6', '7', '-8', '3']), (102718, ['1', '6', '7', '-8', '3']), (102821, ['1', '6', '7', '-8', '3']), (102902, ['1', '6', '7', '-8', '3']), (102931, ['1', '6', '7', '-8', '3']), (103114, ['1', '6', '7', '-8', '3']), (103118, ['1', '6', '7', '-8', '3']), (103448, ['1', '6', '7', '-8', '3']), (103836, ['1', '6', '7', '-8', '3']), (103932, ['1', '6', '7', '-8', '3']), (104427, ['1', '6', '7', '-8', '3']), (105005, ['1', '6', '7', '-8', '3']), (105203, ['1', '6', '7', '-8', '3']), (110118, ['1', '6', '7', '-8', '3']), (110130, ['1', '6', '7', '-8', '3']), (110855, ['1', '6', '7', '-8', '3']), (110856, ['1', '6', '7', '-8', '3']), (110926, ['1', '6', '7', '-8', '3']), (111029, ['1', '6', '7', '-8', '3']), (111141, ['1', '6', '7', '-8', '3']), (111310, ['1', '6', '7', '-8', '3']), (111318, ['1', '6', '7', '-8', '3']), (112521, ['1', '6', '7', '-8', '3']), (112710, ['1', '6', '7', '-8', '3']), (112845, ['1', '6', '7', '-8', '3']), (112855, ['1', '6', '7', '-8', '3']), (113049, ['1', '6', '7', '-8', '3']), (113154, ['1', '6', '7', '-8', '3']), (113320, ['1', '6', '7', '-8', '3']), (113402, ['1', '6', '7', '-8', '3']), (113605, ['1', '6', '7', '-8', '3']), (113824, ['1', '6', '7', '-8', '3']), (113846, ['1', '6', '7', '-8', '3']), (113857, ['1', '6', '7', '-8', '3']), (113917, ['1', '6', '7', '-8', '3']), (114415, ['1', '6', '7', '-8', '3']), (114501, ['1', '6', '7', '-8', '3']), (114713, ['1', '6', '7', '-8', '3']), (115141, ['1', '6', '7', '-8', '3']), (115311, ['1', '6', '7', '-8', '3']), (115344, ['1', '6', '7', '-8', '3']), (115605, ['1', '6', '7', '-8', '3']), (115652, ['1', '6', '7', '-8', '3']), (120221, ['1', '2', '3']), (120338, ['1', '2', '3']), (120456, ['1', '2', '3']), (120556, ['1', '2', '3']), (120653, ['1', '2', '3']), (120742, ['1', '2', '3']), (120854, ['1', '2', '3']), (121129, ['1', '2', '3']), (121402, ['1', '2', '3']), (121411, ['1', '2', '3']), (121433, ['1', '2', '3']), (121445, ['1', '2', '3']), (121753, ['1', '2', '3']), (121820, ['1', '2', '3']), (121831, ['1', '2', '3']), (122420, ['1', '2', '3']), (122506, ['1', '2', '3']), (122608, ['1', '2', '3']), (123022, ['1', '2', '3']), (123913, ['1', '2', '3']), (123917, ['1', '2', '3']), (124502, ['1', '2', '3']), (124819, ['1', '2', '3']), (125104, ['1', '2', '3']), (125135, ['1', '2', '3']), (125251, ['1', '2', '3']), (125300, ['1', '2', '3']), (125638, ['1', '2', '3']), (130100, ['1', '2', '3']), (130119, ['1', '2', '3']), (130203, ['1', '2', '3']), (130419, ['1', '2', '3']), (130936, ['1', '2', '3']), (130939, ['1', '2', '3']), (131005, ['1', '2', '3']), (131318, ['1', '2', '3']), (131737, ['1', '2', '3']), (132001, ['1', '2', '3']), (132118, ['1', '2', '3']), (132120, ['1', '2', '3']), (132241, ['1', '2', '3']), (132334, ['1', '2', '3']), (132624, ['1', '2', '3']), (133019, ['1', '2', '3']), (133031, ['1', '2', '3']), (133043, ['1', '2', '3']), (133159, ['1', '2', '3']), (133410, ['1', '2', '3']), (133537, ['1', '2', '3']), (133622, ['1', '2', '3']), (133727, ['1', '2', '3']), (134002, ['1', '2', '3']), (134453, ['1', '2', '3']), (134636, ['1', '2', '3']), (134645, ['1', '2', '3']), (134933, ['1', '2', '3']), (135051, ['1', '2', '3']), (135211, ['1', '2', '3']), (135547, ['1', '2', '3']), (135550, ['1', '2', '3']), (135638, ['1', '2', '3']), (135938, ['1', '2', '3']), (140212, ['1', '2', '3']), (140328, ['1', '2', '3']), (140433, ['1', '2', '3']), (140453, ['1', '2', '3']), (140900, ['1', '2', '3']), (140925, ['1', '2', '3']), (141058, ['1', '2', '3']), (141115, ['1', '2', '3']), (141124, ['1', '2', '3']), (141132, ['1', '2', '3']), (141238, ['1', '2', '3']), (141402, ['1', '2', '3']), (141516, ['1', '2', '3']), (141546, ['1', '2', '3']), (141603, ['1', '2', '3']), (141724, ['1', '2', '3']), (142102, ['1', '2', '3']), (142127, ['1', '2', '3']), (142231, ['1', '2', '3']), (142511, ['1', '2', '3']), (142653, ['1', '2', '3']), (142708, ['1', '2', '3']), (142710, ['1', '2', '3']), (142856, ['1', '2', '3']), (142907, ['1', '2', '3']), (143109, ['1', '2', '3']), (143143, ['1', '2', '3']), (143348, ['1', '2', '3']), (143502, ['1', '2', '3']), (143504, ['1', '2', '3']), (143530, ['1', '2', '3']), (143548, ['1', '2', '3']), (143554, ['1', '2', '3']), (143715, ['1', '2', '3']), (143754, ['1', '2', '3']), (143855, ['1', '2', '3']), (143957, ['1', '2', '3']), (144009, ['1', '2', '3']), (144155, ['1', '2', '3']), (144415, ['1', '2', '3']), (144535, ['1', '2', '3']), (144652, ['1', '2', '3']), (144757, ['1', '2', '3']), (144947, ['1', '2', '3']), (144959, ['1', '2', '3']), (145142, ['1', '2', '3']), (145246, ['1', '2', '3']), (145444, ['1', '2', '3']), (145549, ['1', '2', '3']), (145552, ['1', '2', '3']), (145627, ['1', '2', '3']), (145739, ['1', '2', '3']), (145746, ['1', '2', '3']), (145826, ['1', '2', '3']), (145940, ['1', '2', '3'])]
2 -> 3 : [(10000, 2), (20000, 5), (30000, 7), (40000, 10), (50000, 12), (60000, 15), (70000, 17), (80000, 19), (90000, 22), (100000, 25), (110000, 27), (120000, 30), (130000, 29), (140000, 35)]
2 -> 5 : [(10000, 0), (20000, 0), (30000, 0), (40000, 0), (50000, 0), (60000, 0), (70000, 0), (80000, 1), (90000, 0), (100000, 0), (110000, 0), (120000, 0), (130000, 3), (140000, 0)]
2 -> 6 : [(10000, 0), (20000, 0), (30000, 0), (40000, 0), (50000, 0), (60000, 0), (70000, 0), (80000, 0), (90000, 0), (100000, 0), (110000, 0), (120000, 0), (130000, 0), (140000, 0)]
3 -> 2 : [(10000, 0), (20000, 0), (30000, 0), (40000, 0), (50000, 0), (60000, 0), (70000, 0), (80000, 0), (90000, 0), (100000, 0), (110000, 0), (120000, 0), (130000, 0), (140000, 0)]
3 -> 4 : [(10000, 2), (20000, 5), (30000, 7), (40000, 10), (50000, 12), (60000, 15), (70000, 17), (80000, 19), (90000, 22), (100000, 25), (110000, 27), (120000, 30), (130000, 29), (140000, 35)]
3 -> 7 : [(10000, 0), (20000, 0), (30000, 0), (40000, 0), (50000, 0), (60000, 0), (70000, 0), (80000, 0), (90000, 0), (100000, 0), (110000, 0), (120000, 0), (130000, 0), (140000, 0)]
4 -> 3 : [(10000, 0), (20000, 0), (30000, 0), (40000, 0), (50000, 0), (60000, 0), (70000, 0), (80000, 0), (90000, 0), (100000, 0), (110000, 0), (120000, 0), (130000, 0), (140000, 0)]
4 -> 5 : [(10000, 0), (20000, 0), (30000, 0), (40000, 0), (50000, 0), (60000, 0), (70000, 0), (80000, 0), (90000, 0), (100000, 0), (110000, 0), (120000, 0), (130000, 0), (140000, 0)]
5 -> 2 : [(10000, 0), (20000, 0), (30000, 0), (40000, 0), (50000, 0), (60000, 0), (70000, 0), (80000, 0), (90000, 0), (100000, 0), (110000, 0), (120000, 0), (130000, 0), (140000, 0)]
5 -> 4 : [(10000, 0), (20000, 0), (30000, 0), (40000, 0), (50000, 0), (60000, 0), (70000, 0), (80000, 1), (90000, 0), (100000, 0), (110000, 0), (120000, 0), (130000, 3), (140000, 0)]
6 -> 2 : [(10000, 0), (20000, 0), (30000, 0), (40000, 0), (50000, 0), (60000, 0), (70000, 0), (80000, 0), (90000, 0), (100000, 0), (110000, 0), (120000, 0), (130000, 0), (140000, 0)]
6 -> 7 : [(10000, 0), (20000, 0), (30000, 0), (40000, 0), (50000, 0), (60000, 0), (70000, 0), (80000, 0), (90000, 0), (100000, 0), (110000, 0), (120000, 0), (130000, 0), (140000, 0)]
7 -> 3 : [(10000, 0), (20000, 0), (30000, 0), (40000, 0), (50000, 0), (60000, 0), (70000, 0), (80000, 0), (90000, 0), (100000, 0), (110000, 0), (120000, 0), (130000, 0), (140000, 0)]
7 -> 6 : [(10000, 0), (20000, 0), (30000, 0), (40000, 0), (50000, 0), (60000, 0), (70000, 0), (80000, 0), (90000, 0), (100000, 0), (110000, 0), (120000, 0), (130000, 0), (140000, 0)]
