00:00:00
new vehicle0 @ 00:26:30 (sumoTime: 1590 seconds) on link 1 with path_nodes [1, 2, 3, 4] which means path_links [1, 2, 3]
['newVeh0'] arrived @ sumotime 1618.0 seconds
01:00:00
Umlegung ausgeführt
curVolumes: (10000, [(3, 1, 0)])
new vehicle1 @ 01:04:47 (sumoTime: 3887 seconds) on link 1 with path_nodes [1, 2, 3, 4] which means path_links [1, 2, 3]
['newVeh1'] arrived @ sumotime 3913.0 seconds
02:00:00
Umlegung ausgeführt
curVolumes: (20000, [(3, 1, 0)])
new vehicle2 @ 02:05:30 (sumoTime: 7530 seconds) on link 1 with path_nodes [1, 2, 3, 4] which means path_links [1, 2, 3]
['newVeh2'] arrived @ sumotime 7556.0 seconds
new vehicle3 @ 02:08:22 (sumoTime: 7702 seconds) on link 1 with path_nodes [1, 2, 3, 4] which means path_links [1, 2, 3]
['newVeh3'] arrived @ sumotime 7731.0 seconds
new vehicle4 @ 02:09:58 (sumoTime: 7798 seconds) on link 1 with path_nodes [1, 2, 3, 4] which means path_links [1, 2, 3]
['newVeh4'] arrived @ sumotime 7826.0 seconds
new vehicle5 @ 02:10:57 (sumoTime: 7857 seconds) on link 1 with path_nodes [1, 2, 3, 4] which means path_links [1, 2, 3]
['newVeh5'] arrived @ sumotime 7883.0 seconds
new vehicle6 @ 02:14:23 (sumoTime: 8063 seconds) on link 1 with path_nodes [1, 2, 3, 4] which means path_links [1, 2, 3]
new vehicle7 @ 02:14:43 (sumoTime: 8083 seconds) on link 1 with path_nodes [1, 2, 3, 4] which means path_links [1, 2, 3]
['newVeh6'] arrived @ sumotime 8089.0 seconds
['newVeh6'] arrived @ sumotime 8090.0 seconds
['newVeh7'] arrived @ sumotime 8108.0 seconds
new vehicle8 @ 02:17:48 (sumoTime: 8268 seconds) on link 1 with path_nodes [1, 2, 3, 4] which means path_links [1, 2, 3]
['newVeh8'] arrived @ sumotime 8298.0 seconds
new vehicle9 @ 02:34:08 (sumoTime: 9248 seconds) on link 1 with path_nodes [1, 2, 3, 4] which means path_links [1, 2, 3]
['newVeh9'] arrived @ sumotime 9278.0 seconds
03:00:00
Umlegung ausgeführt
curVolumes: (30000, [(3, 9, 0)])
new vehicle10 @ 03:06:55 (sumoTime: 11215 seconds) on link 1 with path_nodes [1, 2, 3, 4] which means path_links [1, 2, 3]
['newVeh10'] arrived @ sumotime 11242.0 seconds
new vehicle11 @ 03:17:06 (sumoTime: 11826 seconds) on link 1 with path_nodes [1, 2, 3, 4] which means path_links [1, 2, 3]
['newVeh11'] arrived @ sumotime 11854.0 seconds
new vehicle12 @ 03:20:03 (sumoTime: 12003 seconds) on link 1 with path_nodes [1, 2, 3, 4] which means path_links [1, 2, 3]
new vehicle13 @ 03:20:25 (sumoTime: 12025 seconds) on link 1 with path_nodes [1, 2, 3, 4] which means path_links [1, 2, 3]
['newVeh12'] arrived @ sumotime 12034.0 seconds
['newVeh13'] arrived @ sumotime 12052.0 seconds
new vehicle14 @ 03:40:21 (sumoTime: 13221 seconds) on link 1 with path_nodes [1, 2, 3, 4] which means path_links [1, 2, 3]
['newVeh14'] arrived @ sumotime 13249.0 seconds
new vehicle15 @ 03:52:01 (sumoTime: 13921 seconds) on link 1 with path_nodes [1, 2, 3, 4] which means path_links [1, 2, 3]
['newVeh15'] arrived @ sumotime 13948.0 seconds
new vehicle16 @ 03:53:18 (sumoTime: 13998 seconds) on link 1 with path_nodes [1, 2, 3, 4] which means path_links [1, 2, 3]
['newVeh16'] arrived @ sumotime 14024.0 seconds
04:00:00
Umlegung ausgeführt
curVolumes: (40000, [(3, 7, 0)])
new vehicle17 @ 04:03:44 (sumoTime: 14624 seconds) on link 1 with path_nodes [1, 2, 3, 4] which means path_links [1, 2, 3]
['newVeh17'] arrived @ sumotime 14654.0 seconds
new vehicle18 @ 04:18:51 (sumoTime: 15531 seconds) on link 1 with path_nodes [1, 2, 3, 4] which means path_links [1, 2, 3]
['newVeh18'] arrived @ sumotime 15558.0 seconds
new vehicle19 @ 04:23:09 (sumoTime: 15789 seconds) on link 1 with path_nodes [1, 2, 3, 4] which means path_links [1, 2, 3]
['newVeh19'] arrived @ sumotime 15814.0 seconds
new vehicle20 @ 04:23:39 (sumoTime: 15819 seconds) on link 1 with path_nodes [1, 2, 3, 4] which means path_links [1, 2, 3]
['newVeh20'] arrived @ sumotime 15845.0 seconds
new vehicle21 @ 04:45:56 (sumoTime: 17156 seconds) on link 1 with path_nodes [1, 2, 3, 4] which means path_links [1, 2, 3]
['newVeh21'] arrived @ sumotime 17186.0 seconds
new vehicle22 @ 04:49:03 (sumoTime: 17343 seconds) on link 1 with path_nodes [1, 2, 3, 4] which means path_links [1, 2, 3]
['newVeh22'] arrived @ sumotime 17369.0 seconds
new vehicle23 @ 04:52:25 (sumoTime: 17545 seconds) on link 1 with path_nodes [1, 2, 3, 4] which means path_links [1, 2, 3]
['newVeh23'] arrived @ sumotime 17571.0 seconds
new vehicle24 @ 04:55:58 (sumoTime: 17758 seconds) on link 1 with path_nodes [1, 2, 3, 4] which means path_links [1, 2, 3]
['newVeh24'] arrived @ sumotime 17787.0 seconds
new vehicle25 @ 04:57:13 (sumoTime: 17833 seconds) on link 1 with path_nodes [1, 2, 3, 4] which means path_links [1, 2, 3]
['newVeh25'] arrived @ sumotime 17859.0 seconds
05:00:00
Umlegung ausgeführt
curVolumes: (50000, [(3, 9, 0)])
new vehicle26 @ 05:00:52 (sumoTime: 18052 seconds) on link 1 with path_nodes [1, 2, 3, 4] which means path_links [1, 2, 3]
new vehicle27 @ 05:00:54 (sumoTime: 18054 seconds) on link 1 with path_nodes [1, 2, 3, 4] which means path_links [1, 2, 3]
['newVeh26'] arrived @ sumotime 18079.0 seconds
['newVeh27'] arrived @ sumotime 18084.0 seconds
['newVeh27'] arrived @ sumotime 18085.0 seconds
new vehicle28 @ 05:04:14 (sumoTime: 18254 seconds) on link 1 with path_nodes [1, 2, 3, 4] which means path_links [1, 2, 3]
new vehicle29 @ 05:04:18 (sumoTime: 18258 seconds) on link 1 with path_nodes [1, 2, 3, 4] which means path_links [1, 2, 3]
['newVeh28'] arrived @ sumotime 18281.0 seconds
['newVeh29'] arrived @ sumotime 18284.0 seconds
new vehicle30 @ 05:05:43 (sumoTime: 18343 seconds) on link 1 with path_nodes [1, 2, 3, 4] which means path_links [1, 2, 3]
['newVeh30'] arrived @ sumotime 18371.0 seconds
new vehicle31 @ 05:08:35 (sumoTime: 18515 seconds) on link 1 with path_nodes [1, 2, 3, 4] which means path_links [1, 2, 3]
['newVeh31'] arrived @ sumotime 18541.0 seconds
new vehicle32 @ 05:11:24 (sumoTime: 18684 seconds) on link 1 with path_nodes [1, 2, 3, 4] which means path_links [1, 2, 3]
new vehicle33 @ 05:11:29 (sumoTime: 18689 seconds) on link 1 with path_nodes [1, 2, 3, 4] which means path_links [1, 2, 3]
['newVeh32'] arrived @ sumotime 18715.0 seconds
['newVeh32'] arrived @ sumotime 18716.0 seconds
['newVeh33'] arrived @ sumotime 18717.0 seconds
new vehicle34 @ 05:18:17 (sumoTime: 19097 seconds) on link 1 with path_nodes [1, 2, 3, 4] which means path_links [1, 2, 3]
['newVeh34'] arrived @ sumotime 19122.0 seconds
new vehicle35 @ 05:20:39 (sumoTime: 19239 seconds) on link 1 with path_nodes [1, 2, 3, 4] which means path_links [1, 2, 3]
['newVeh35'] arrived @ sumotime 19265.0 seconds
new vehicle36 @ 05:24:55 (sumoTime: 19495 seconds) on link 1 with path_nodes [1, 2, 3, 4] which means path_links [1, 2, 3]
['newVeh36'] arrived @ sumotime 19521.0 seconds
new vehicle37 @ 05:40:52 (sumoTime: 20452 seconds) on link 1 with path_nodes [1, 2, 3, 4] which means path_links [1, 2, 3]
['newVeh37'] arrived @ sumotime 20478.0 seconds
new vehicle38 @ 05:42:15 (sumoTime: 20535 seconds) on link 1 with path_nodes [1, 2, 3, 4] which means path_links [1, 2, 3]
['newVeh38'] arrived @ sumotime 20562.0 seconds
new vehicle39 @ 05:45:29 (sumoTime: 20729 seconds) on link 1 with path_nodes [1, 2, 3, 4] which means path_links [1, 2, 3]
['newVeh39'] arrived @ sumotime 20757.0 seconds
06:00:00
Umlegung ausgeführt
curVolumes: (60000, [(3, 16, 0)])
new vehicle40 @ 06:00:49 (sumoTime: 21649 seconds) on link 1 with path_nodes [1, 2, 3, 4] which means path_links [1, 2, 3]
['newVeh40'] arrived @ sumotime 21678.0 seconds
new vehicle41 @ 06:01:23 (sumoTime: 21683 seconds) on link 1 with path_nodes [1, 2, 3, 4] which means path_links [1, 2, 3]
['newVeh41'] arrived @ sumotime 21711.0 seconds
new vehicle42 @ 06:03:23 (sumoTime: 21803 seconds) on link 1 with path_nodes [1, 2, 3, 4] which means path_links [1, 2, 3]
['newVeh42'] arrived @ sumotime 21831.0 seconds
new vehicle43 @ 06:14:17 (sumoTime: 22457 seconds) on link 1 with path_nodes [1, 2, 3, 4] which means path_links [1, 2, 3]
new vehicle44 @ 06:14:26 (sumoTime: 22466 seconds) on link 1 with path_nodes [1, 2, 3, 4] which means path_links [1, 2, 3]
['newVeh43'] arrived @ sumotime 22488.0 seconds
['newVeh44'] arrived @ sumotime 22490.0 seconds
new vehicle45 @ 06:15:12 (sumoTime: 22512 seconds) on link 1 with path_nodes [1, 2, 3, 4] which means path_links [1, 2, 3]
['newVeh45'] arrived @ sumotime 22539.0 seconds
new vehicle46 @ 06:19:40 (sumoTime: 22780 seconds) on link 1 with path_nodes [1, 2, 3, 4] which means path_links [1, 2, 3]
['newVeh46'] arrived @ sumotime 22809.0 seconds
new vehicle47 @ 06:25:10 (sumoTime: 23110 seconds) on link 1 with path_nodes [1, 2, 3, 4] which means path_links [1, 2, 3]
['newVeh47'] arrived @ sumotime 23136.0 seconds
new vehicle48 @ 06:26:27 (sumoTime: 23187 seconds) on link 1 with path_nodes [1, 2, 3, 4] which means path_links [1, 2, 3]
['newVeh48'] arrived @ sumotime 23216.0 seconds
new vehicle49 @ 06:27:57 (sumoTime: 23277 seconds) on link 1 with path_nodes [1, 2, 3, 4] which means path_links [1, 2, 3]
['newVeh49'] arrived @ sumotime 23305.0 seconds
new vehicle50 @ 06:32:50 (sumoTime: 23570 seconds) on link 1 with path_nodes [1, 2, 3, 4] which means path_links [1, 2, 3]
['newVeh50'] arrived @ sumotime 23597.0 seconds
new vehicle51 @ 06:33:28 (sumoTime: 23608 seconds) on link 1 with path_nodes [1, 2, 3, 4] which means path_links [1, 2, 3]
['newVeh51'] arrived @ sumotime 23633.0 seconds
new vehicle52 @ 06:42:58 (sumoTime: 24178 seconds) on link 1 with path_nodes [1, 2, 3, 4] which means path_links [1, 2, 3]
['newVeh52'] arrived @ sumotime 24206.0 seconds
new vehicle53 @ 06:46:58 (sumoTime: 24418 seconds) on link 1 with path_nodes [1, 2, 3, 4] which means path_links [1, 2, 3]
['newVeh53'] arrived @ sumotime 24444.0 seconds
new vehicle54 @ 06:48:25 (sumoTime: 24505 seconds) on link 1 with path_nodes [1, 2, 3, 4] which means path_links [1, 2, 3]
new vehicle55 @ 06:48:33 (sumoTime: 24513 seconds) on link 1 with path_nodes [1, 2, 3, 4] which means path_links [1, 2, 3]
['newVeh54'] arrived @ sumotime 24531.0 seconds
['newVeh55'] arrived @ sumotime 24539.0 seconds
new vehicle56 @ 06:57:08 (sumoTime: 25028 seconds) on link 1 with path_nodes [1, 2, 3, 4] which means path_links [1, 2, 3]
['newVeh56'] arrived @ sumotime 25055.0 seconds
07:00:00
Umlegung ausgeführt
curVolumes: (70000, [(3, 17, 0)])
new vehicle57 @ 07:00:08 (sumoTime: 25208 seconds) on link 1 with path_nodes [1, 2, 3, 4] which means path_links [1, 2, 3]
new vehicle58 @ 07:00:23 (sumoTime: 25223 seconds) on link 1 with path_nodes [1, 2, 3, 4] which means path_links [1, 2, 3]
['newVeh57'] arrived @ sumotime 25237.0 seconds
['newVeh58'] arrived @ sumotime 25248.0 seconds
new vehicle59 @ 07:03:33 (sumoTime: 25413 seconds) on link 1 with path_nodes [1, 2, 3, 4] which means path_links [1, 2, 3]
['newVeh59'] arrived @ sumotime 25442.0 seconds
new vehicle60 @ 07:05:52 (sumoTime: 25552 seconds) on link 1 with path_nodes [1, 2, 3, 4] which means path_links [1, 2, 3]
['newVeh60'] arrived @ sumotime 25581.0 seconds
new vehicle61 @ 07:24:49 (sumoTime: 26689 seconds) on link 1 with path_nodes [1, 2, 3, 4] which means path_links [1, 2, 3]
['newVeh61'] arrived @ sumotime 26719.0 seconds
new vehicle62 @ 07:35:14 (sumoTime: 27314 seconds) on link 1 with path_nodes [1, 2, 3, 4] which means path_links [1, 2, 3]
['newVeh62'] arrived @ sumotime 27344.0 seconds
new vehicle63 @ 07:38:22 (sumoTime: 27502 seconds) on link 1 with path_nodes [1, 2, 3, 4] which means path_links [1, 2, 3]
['newVeh63'] arrived @ sumotime 27529.0 seconds
new vehicle64 @ 07:42:53 (sumoTime: 27773 seconds) on link 1 with path_nodes [1, 2, 3, 4] which means path_links [1, 2, 3]
['newVeh64'] arrived @ sumotime 27799.0 seconds
new vehicle65 @ 07:47:25 (sumoTime: 28045 seconds) on link 1 with path_nodes [1, 2, 3, 4] which means path_links [1, 2, 3]
['newVeh65'] arrived @ sumotime 28071.0 seconds
new vehicle66 @ 07:49:12 (sumoTime: 28152 seconds) on link 1 with path_nodes [1, 2, 3, 4] which means path_links [1, 2, 3]
['newVeh66'] arrived @ sumotime 28180.0 seconds
new vehicle67 @ 07:52:41 (sumoTime: 28361 seconds) on link 1 with path_nodes [1, 2, 3, 4] which means path_links [1, 2, 3]
['newVeh67'] arrived @ sumotime 28388.0 seconds
new vehicle68 @ 07:58:31 (sumoTime: 28711 seconds) on link 1 with path_nodes [1, 2, 3, 4] which means path_links [1, 2, 3]
['newVeh68'] arrived @ sumotime 28737.0 seconds
08:00:00
Umlegung ausgeführt
curVolumes: (80000, [(3, 12, 0)])
new vehicle69 @ 08:01:51 (sumoTime: 28911 seconds) on link 1 with path_nodes [1, 2, 3, 4] which means path_links [1, 2, 3]
['newVeh69'] arrived @ sumotime 28962.0 seconds
new vehicle70 @ 08:03:20 (sumoTime: 29000 seconds) on link 1 with path_nodes [1, 2, 3, 4] which means path_links [1, 2, 3]
new vehicle71 @ 08:03:41 (sumoTime: 29021 seconds) on link 1 with path_nodes [1, 2, 3, 4] which means path_links [1, 2, 3]
['newVeh70'] arrived @ sumotime 29049.0 seconds
['newVeh71'] arrived @ sumotime 29073.0 seconds
['newVeh71'] arrived @ sumotime 29074.0 seconds
new vehicle72 @ 08:05:21 (sumoTime: 29121 seconds) on link 1 with path_nodes [1, 2, 3, 4] which means path_links [1, 2, 3]
['newVeh72'] arrived @ sumotime 29172.0 seconds
new vehicle73 @ 08:08:28 (sumoTime: 29308 seconds) on link 1 with path_nodes [1, 2, 3, 4] which means path_links [1, 2, 3]
new vehicle74 @ 08:09:05 (sumoTime: 29345 seconds) on link 1 with path_nodes [1, 2, 3, 4] which means path_links [1, 2, 3]
['newVeh73'] arrived @ sumotime 29362.0 seconds
['newVeh74'] arrived @ sumotime 29400.0 seconds
new vehicle75 @ 08:11:44 (sumoTime: 29504 seconds) on link 1 with path_nodes [1, 2, 3, 4] which means path_links [1, 2, 3]
new vehicle76 @ 08:12:21 (sumoTime: 29541 seconds) on link 1 with path_nodes [1, 2, 3, 4] which means path_links [1, 2, 3]
['newVeh75'] arrived @ sumotime 29557.0 seconds
['newVeh76'] arrived @ sumotime 29589.0 seconds
new vehicle77 @ 08:23:07 (sumoTime: 30187 seconds) on link 1 with path_nodes [1, 2, 3, 4] which means path_links [1, 2, 3]
['newVeh77'] arrived @ sumotime 30246.0 seconds
new vehicle78 @ 08:24:18 (sumoTime: 30258 seconds) on link 1 with path_nodes [1, 2, 3, 4] which means path_links [1, 2, 3]
['newVeh78'] arrived @ sumotime 30311.0 seconds
['newVeh78'] arrived @ sumotime 30312.0 seconds
new vehicle79 @ 08:26:23 (sumoTime: 30383 seconds) on link 1 with path_nodes [1, 2, 3, 4] which means path_links [1, 2, 3]
new vehicle80 @ 08:26:41 (sumoTime: 30401 seconds) on link 1 with path_nodes [1, 2, 3, 4] which means path_links [1, 2, 3]
['newVeh79'] arrived @ sumotime 30440.0 seconds
['newVeh80'] arrived @ sumotime 30465.0 seconds
new vehicle81 @ 08:30:39 (sumoTime: 30639 seconds) on link 1 with path_nodes [1, 2, 3, 4] which means path_links [1, 2, 3]
new vehicle82 @ 08:31:22 (sumoTime: 30682 seconds) on link 1 with path_nodes [1, 2, 3, 4] which means path_links [1, 2, 3]
['newVeh81'] arrived @ sumotime 30689.0 seconds
new vehicle83 @ 08:31:32 (sumoTime: 30692 seconds) on link 1 with path_nodes [1, 2, 3, 4] which means path_links [1, 2, 3]
['newVeh82'] arrived @ sumotime 30735.0 seconds
['newVeh83'] arrived @ sumotime 30747.0 seconds
new vehicle84 @ 08:32:45 (sumoTime: 30765 seconds) on link 1 with path_nodes [1, 2, 3, 4] which means path_links [1, 2, 3]
['newVeh84'] arrived @ sumotime 30816.0 seconds
new vehicle85 @ 08:34:55 (sumoTime: 30895 seconds) on link 1 with path_nodes [1, 2, 3, 4] which means path_links [1, 2, 3]
new vehicle86 @ 08:35:00 (sumoTime: 30900 seconds) on link 1 with path_nodes [1, 2, 3, 4] which means path_links [1, 2, 3]
new vehicle87 @ 08:35:16 (sumoTime: 30916 seconds) on link 1 with path_nodes [1, 2, 3, 4] which means path_links [1, 2, 3]
['newVeh85'] arrived @ sumotime 30944.0 seconds
['newVeh86'] arrived @ sumotime 30950.0 seconds
['newVeh87'] arrived @ sumotime 30966.0 seconds
new vehicle88 @ 08:37:33 (sumoTime: 31053 seconds) on link 1 with path_nodes [1, 2, 3, 4] which means path_links [1, 2, 3]
['newVeh88'] arrived @ sumotime 31103.0 seconds
new vehicle89 @ 08:43:06 (sumoTime: 31386 seconds) on link 1 with path_nodes [1, 2, 3, 4] which means path_links [1, 2, 3]
['newVeh89'] arrived @ sumotime 31444.0 seconds
new vehicle90 @ 08:44:30 (sumoTime: 31470 seconds) on link 1 with path_nodes [1, 2, 3, 4] which means path_links [1, 2, 3]
['newVeh90'] arrived @ sumotime 31522.0 seconds
new vehicle91 @ 08:45:48 (sumoTime: 31548 seconds) on link 1 with path_nodes [1, 2, 3, 4] which means path_links [1, 2, 3]
['newVeh91'] arrived @ sumotime 31598.0 seconds
new vehicle92 @ 08:46:41 (sumoTime: 31601 seconds) on link 1 with path_nodes [1, 2, 3, 4] which means path_links [1, 2, 3]
['newVeh92'] arrived @ sumotime 31652.0 seconds
new vehicle93 @ 08:48:58 (sumoTime: 31738 seconds) on link 1 with path_nodes [1, 2, 3, 4] which means path_links [1, 2, 3]
['newVeh93'] arrived @ sumotime 31790.0 seconds
09:00:00
Umlegung ausgeführt
curVolumes: (90000, [(3, 27, 0)])
new vehicle94 @ 09:03:27 (sumoTime: 32607 seconds) on link 1 with path_nodes [1, 2, 3, 4] which means path_links [1, 2, 3]
new vehicle95 @ 09:04:00 (sumoTime: 32640 seconds) on link 1 with path_nodes [1, 2, 3, 4] which means path_links [1, 2, 3]
['newVeh94'] arrived @ sumotime 32662.0 seconds
['newVeh95'] arrived @ sumotime 32696.0 seconds
new vehicle96 @ 09:05:43 (sumoTime: 32743 seconds) on link 1 with path_nodes [1, 2, 3, 4] which means path_links [1, 2, 3]
['newVeh96'] arrived @ sumotime 32792.0 seconds
new vehicle97 @ 09:09:37 (sumoTime: 32977 seconds) on link 1 with path_nodes [1, 2, 3, 4] which means path_links [1, 2, 3]
['newVeh97'] arrived @ sumotime 33028.0 seconds
new vehicle98 @ 09:12:18 (sumoTime: 33138 seconds) on link 1 with path_nodes [1, 2, 3, 4] which means path_links [1, 2, 3]
['newVeh98'] arrived @ sumotime 33187.0 seconds
new vehicle99 @ 09:14:23 (sumoTime: 33263 seconds) on link 1 with path_nodes [1, 2, 3, 4] which means path_links [1, 2, 3]
['newVeh99'] arrived @ sumotime 33327.0 seconds
new vehicle100 @ 09:18:00 (sumoTime: 33480 seconds) on link 1 with path_nodes [1, 2, 3, 4] which means path_links [1, 2, 3]
new vehicle101 @ 09:18:11 (sumoTime: 33491 seconds) on link 1 with path_nodes [1, 2, 3, 4] which means path_links [1, 2, 3]
['newVeh100'] arrived @ sumotime 33536.0 seconds
['newVeh101'] arrived @ sumotime 33546.0 seconds
new vehicle102 @ 09:19:20 (sumoTime: 33560 seconds) on link 1 with path_nodes [1, 2, 3, 4] which means path_links [1, 2, 3]
['newVeh102'] arrived @ sumotime 33615.0 seconds
new vehicle103 @ 09:28:30 (sumoTime: 34110 seconds) on link 1 with path_nodes [1, 2, 3, 4] which means path_links [1, 2, 3]
['newVeh103'] arrived @ sumotime 34165.0 seconds
new vehicle104 @ 09:31:20 (sumoTime: 34280 seconds) on link 1 with path_nodes [1, 2, 3, 4] which means path_links [1, 2, 3]
['newVeh104'] arrived @ sumotime 34329.0 seconds
new vehicle105 @ 09:33:11 (sumoTime: 34391 seconds) on link 1 with path_nodes [1, 2, 3, 4] which means path_links [1, 2, 3]
new vehicle106 @ 09:33:50 (sumoTime: 34430 seconds) on link 1 with path_nodes [1, 2, 3, 4] which means path_links [1, 2, 3]
['newVeh105'] arrived @ sumotime 34439.0 seconds
['newVeh106'] arrived @ sumotime 34482.0 seconds
['newVeh106'] arrived @ sumotime 34483.0 seconds
new vehicle107 @ 09:37:12 (sumoTime: 34632 seconds) on link 1 with path_nodes [1, 2, 3, 4] which means path_links [1, 2, 3]
['newVeh107'] arrived @ sumotime 34688.0 seconds
new vehicle108 @ 09:43:42 (sumoTime: 35022 seconds) on link 1 with path_nodes [1, 2, 3, 4] which means path_links [1, 2, 3]
['newVeh108'] arrived @ sumotime 35074.0 seconds
new vehicle109 @ 09:52:52 (sumoTime: 35572 seconds) on link 1 with path_nodes [1, 2, 3, 4] which means path_links [1, 2, 3]
['newVeh109'] arrived @ sumotime 35626.0 seconds
new vehicle110 @ 09:56:07 (sumoTime: 35767 seconds) on link 1 with path_nodes [1, 2, 3, 4] which means path_links [1, 2, 3]
['newVeh110'] arrived @ sumotime 35818.0 seconds
new vehicle111 @ 09:58:43 (sumoTime: 35923 seconds) on link 1 with path_nodes [1, 2, 3, 4] which means path_links [1, 2, 3]
['newVeh111'] arrived @ sumotime 35974.0 seconds
10:00:00
Umlegung ausgeführt
curVolumes: (100000, [(3, 19, 0)])
new vehicle112 @ 10:00:56 (sumoTime: 36056 seconds) on link 1 with path_nodes [1, 2, 3, 4] which means path_links [1, 2, 3]
new vehicle113 @ 10:01:27 (sumoTime: 36087 seconds) on link 1 with path_nodes [1, 2, 3, 4] which means path_links [1, 2, 3]
['newVeh112'] arrived @ sumotime 36113.0 seconds
['newVeh113'] arrived @ sumotime 36137.0 seconds
new vehicle114 @ 10:03:09 (sumoTime: 36189 seconds) on link 1 with path_nodes [1, 2, 3, 4] which means path_links [1, 2, 3]
['newVeh114'] arrived @ sumotime 36243.0 seconds
new vehicle115 @ 10:04:18 (sumoTime: 36258 seconds) on link 1 with path_nodes [1, 2, 3, 4] which means path_links [1, 2, 3]
['newVeh115'] arrived @ sumotime 36314.0 seconds
new vehicle116 @ 10:09:17 (sumoTime: 36557 seconds) on link 1 with path_nodes [1, 2, 3, 4] which means path_links [1, 2, 3]
['newVeh116'] arrived @ sumotime 36611.0 seconds
new vehicle117 @ 10:16:51 (sumoTime: 37011 seconds) on link 1 with path_nodes [1, 2, 3, 4] which means path_links [1, 2, 3]
['newVeh117'] arrived @ sumotime 37062.0 seconds
new vehicle118 @ 10:19:34 (sumoTime: 37174 seconds) on link 1 with path_nodes [1, 2, 3, 4] which means path_links [1, 2, 3]
new vehicle119 @ 10:20:13 (sumoTime: 37213 seconds) on link 1 with path_nodes [1, 2, 3, 4] which means path_links [1, 2, 3]
['newVeh118'] arrived @ sumotime 37231.0 seconds
['newVeh119'] arrived @ sumotime 37265.0 seconds
new vehicle120 @ 10:26:08 (sumoTime: 37568 seconds) on link 1 with path_nodes [1, 2, 3, 4] which means path_links [1, 2, 3]
['newVeh120'] arrived @ sumotime 37619.0 seconds
new vehicle121 @ 10:27:58 (sumoTime: 37678 seconds) on link 1 with path_nodes [1, 2, 3, 4] which means path_links [1, 2, 3]
['newVeh121'] arrived @ sumotime 37731.0 seconds
new vehicle122 @ 10:31:26 (sumoTime: 37886 seconds) on link 1 with path_nodes [1, 2, 3, 4] which means path_links [1, 2, 3]
['newVeh122'] arrived @ sumotime 37936.0 seconds
new vehicle123 @ 10:34:17 (sumoTime: 38057 seconds) on link 1 with path_nodes [1, 2, 3, 4] which means path_links [1, 2, 3]
['newVeh123'] arrived @ sumotime 38119.0 seconds
['newVeh123'] arrived @ sumotime 38120.0 seconds
new vehicle124 @ 10:40:47 (sumoTime: 38447 seconds) on link 1 with path_nodes [1, 2, 3, 4] which means path_links [1, 2, 3]
['newVeh124'] arrived @ sumotime 38494.0 seconds
new vehicle125 @ 10:41:54 (sumoTime: 38514 seconds) on link 1 with path_nodes [1, 2, 3, 4] which means path_links [1, 2, 3]
['newVeh125'] arrived @ sumotime 38566.0 seconds
new vehicle126 @ 10:48:00 (sumoTime: 38880 seconds) on link 1 with path_nodes [1, 2, 3, 4] which means path_links [1, 2, 3]
['newVeh126'] arrived @ sumotime 38932.0 seconds
new vehicle127 @ 10:49:49 (sumoTime: 38989 seconds) on link 1 with path_nodes [1, 2, 3, 4] which means path_links [1, 2, 3]
['newVeh127'] arrived @ sumotime 39049.0 seconds
new vehicle128 @ 10:51:14 (sumoTime: 39074 seconds) on link 1 with path_nodes [1, 2, 3, 4] which means path_links [1, 2, 3]
['newVeh128'] arrived @ sumotime 39129.0 seconds
new vehicle129 @ 10:55:48 (sumoTime: 39348 seconds) on link 1 with path_nodes [1, 2, 3, 4] which means path_links [1, 2, 3]
['newVeh129'] arrived @ sumotime 39397.0 seconds
new vehicle130 @ 10:58:01 (sumoTime: 39481 seconds) on link 1 with path_nodes [1, 2, 3, 4] which means path_links [1, 2, 3]
['newVeh130'] arrived @ sumotime 39530.0 seconds
11:00:00
Umlegung ausgeführt
curVolumes: (110000, [(3, 20, 0)])
new vehicle131 @ 11:05:46 (sumoTime: 39946 seconds) on link 1 with path_nodes [1, 2, 3, 4] which means path_links [1, 2, 3]
['newVeh131'] arrived @ sumotime 39998.0 seconds
new vehicle132 @ 11:07:54 (sumoTime: 40074 seconds) on link 1 with path_nodes [1, 2, 3, 4] which means path_links [1, 2, 3]
new vehicle133 @ 11:08:47 (sumoTime: 40127 seconds) on link 1 with path_nodes [1, 2, 3, 4] which means path_links [1, 2, 3]
['newVeh132'] arrived @ sumotime 40131.0 seconds
['newVeh133'] arrived @ sumotime 40179.0 seconds
new vehicle134 @ 11:13:19 (sumoTime: 40399 seconds) on link 1 with path_nodes [1, 2, 3, 4] which means path_links [1, 2, 3]
new vehicle135 @ 11:13:49 (sumoTime: 40429 seconds) on link 1 with path_nodes [1, 2, 3, 4] which means path_links [1, 2, 3]
new vehicle136 @ 11:14:02 (sumoTime: 40442 seconds) on link 1 with path_nodes [1, 2, 3, 4] which means path_links [1, 2, 3]
['newVeh134'] arrived @ sumotime 40448.0 seconds
['newVeh135'] arrived @ sumotime 40494.0 seconds
['newVeh136'] arrived @ sumotime 40497.0 seconds
new vehicle137 @ 11:16:17 (sumoTime: 40577 seconds) on link 1 with path_nodes [1, 2, 3, 4] which means path_links [1, 2, 3]
new vehicle138 @ 11:16:22 (sumoTime: 40582 seconds) on link 1 with path_nodes [1, 2, 3, 4] which means path_links [1, 2, 3]
['newVeh137'] arrived @ sumotime 40632.0 seconds
['newVeh138'] arrived @ sumotime 40636.0 seconds
new vehicle139 @ 11:19:01 (sumoTime: 40741 seconds) on link 1 with path_nodes [1, 2, 3, 4] which means path_links [1, 2, 3]
['newVeh139'] arrived @ sumotime 40792.0 seconds
new vehicle140 @ 11:21:00 (sumoTime: 40860 seconds) on link 1 with path_nodes [1, 2, 3, 4] which means path_links [1, 2, 3]
['newVeh140'] arrived @ sumotime 40911.0 seconds
new vehicle141 @ 11:23:19 (sumoTime: 40999 seconds) on link 1 with path_nodes [1, 2, 3, 4] which means path_links [1, 2, 3]
['newVeh141'] arrived @ sumotime 41054.0 seconds
new vehicle142 @ 11:25:29 (sumoTime: 41129 seconds) on link 1 with path_nodes [1, 2, 3, 4] which means path_links [1, 2, 3]
['newVeh142'] arrived @ sumotime 41179.0 seconds
new vehicle143 @ 11:29:32 (sumoTime: 41372 seconds) on link 1 with path_nodes [1, 2, 3, 4] which means path_links [1, 2, 3]
new vehicle144 @ 11:30:13 (sumoTime: 41413 seconds) on link 1 with path_nodes [1, 2, 3, 4] which means path_links [1, 2, 3]
['newVeh143'] arrived @ sumotime 41418.0 seconds
['newVeh144'] arrived @ sumotime 41464.0 seconds
['newVeh144'] arrived @ sumotime 41465.0 seconds
new vehicle145 @ 11:32:03 (sumoTime: 41523 seconds) on link 1 with path_nodes [1, 2, 3, 4] which means path_links [1, 2, 3]
['newVeh145'] arrived @ sumotime 41572.0 seconds
new vehicle146 @ 11:35:59 (sumoTime: 41759 seconds) on link 1 with path_nodes [1, 2, 3, 4] which means path_links [1, 2, 3]
new vehicle147 @ 11:36:22 (sumoTime: 41782 seconds) on link 1 with path_nodes [1, 2, 3, 4] which means path_links [1, 2, 3]
new vehicle148 @ 11:36:46 (sumoTime: 41806 seconds) on link 1 with path_nodes [1, 2, 3, 4] which means path_links [1, 2, 3]
['newVeh146'] arrived @ sumotime 41811.0 seconds
['newVeh147'] arrived @ sumotime 41839.0 seconds
['newVeh148'] arrived @ sumotime 41861.0 seconds
new vehicle149 @ 11:38:20 (sumoTime: 41900 seconds) on link 1 with path_nodes [1, 2, 3, 4] which means path_links [1, 2, 3]
['newVeh149'] arrived @ sumotime 41951.0 seconds
new vehicle150 @ 11:39:50 (sumoTime: 41990 seconds) on link 1 with path_nodes [1, 2, 3, 4] which means path_links [1, 2, 3]
['newVeh150'] arrived @ sumotime 42040.0 seconds
new vehicle151 @ 11:41:28 (sumoTime: 42088 seconds) on link 1 with path_nodes [1, 2, 3, 4] which means path_links [1, 2, 3]
['newVeh151'] arrived @ sumotime 42140.0 seconds
['newVeh151'] arrived @ sumotime 42141.0 seconds
new vehicle152 @ 11:44:33 (sumoTime: 42273 seconds) on link 1 with path_nodes [1, 2, 3, 4] which means path_links [1, 2, 3]
new vehicle153 @ 11:44:59 (sumoTime: 42299 seconds) on link 1 with path_nodes [1, 2, 3, 4] which means path_links [1, 2, 3]
new vehicle154 @ 11:45:21 (sumoTime: 42321 seconds) on link 1 with path_nodes [1, 2, 3, 4] which means path_links [1, 2, 3]
['newVeh152'] arrived @ sumotime 42324.0 seconds
['newVeh153'] arrived @ sumotime 42352.0 seconds
['newVeh154'] arrived @ sumotime 42372.0 seconds
new vehicle155 @ 11:46:47 (sumoTime: 42407 seconds) on link 1 with path_nodes [1, 2, 3, 4] which means path_links [1, 2, 3]
['newVeh155'] arrived @ sumotime 42454.0 seconds
new vehicle156 @ 11:51:28 (sumoTime: 42688 seconds) on link 1 with path_nodes [1, 2, 3, 4] which means path_links [1, 2, 3]
['newVeh156'] arrived @ sumotime 42741.0 seconds
new vehicle157 @ 11:53:37 (sumoTime: 42817 seconds) on link 1 with path_nodes [1, 2, 3, 4] which means path_links [1, 2, 3]
['newVeh157'] arrived @ sumotime 42865.0 seconds
new vehicle158 @ 11:56:51 (sumoTime: 43011 seconds) on link 1 with path_nodes [1, 2, 3, 4] which means path_links [1, 2, 3]
['newVeh158'] arrived @ sumotime 43058.0 seconds
new vehicle159 @ 11:59:09 (sumoTime: 43149 seconds) on link 1 with path_nodes [1, 2, 3, 4] which means path_links [1, 2, 3]
12:00:00
Umlegung ausgeführt
curVolumes: (120000, [(3, 30, 0)])
['newVeh159'] arrived @ sumotime 43202.0 seconds
new vehicle160 @ 12:00:19 (sumoTime: 43219 seconds) on link 1 with path_nodes [1, 2, 3, 4] which means path_links [1, 2, 3]
new vehicle161 @ 12:00:24 (sumoTime: 43224 seconds) on link 1 with path_nodes [1, 2, 3, 4] which means path_links [1, 2, 3]
['newVeh160'] arrived @ sumotime 43250.0 seconds
['newVeh161'] arrived @ sumotime 43252.0 seconds
new vehicle162 @ 12:01:05 (sumoTime: 43265 seconds) on link 1 with path_nodes [1, 2, 3, 4] which means path_links [1, 2, 3]
['newVeh162'] arrived @ sumotime 43290.0 seconds
new vehicle163 @ 12:03:58 (sumoTime: 43438 seconds) on link 1 with path_nodes [1, 2, 3, 4] which means path_links [1, 2, 3]
['newVeh163'] arrived @ sumotime 43465.0 seconds
new vehicle164 @ 12:07:01 (sumoTime: 43621 seconds) on link 1 with path_nodes [1, 2, 3, 4] which means path_links [1, 2, 3]
['newVeh164'] arrived @ sumotime 43647.0 seconds
new vehicle165 @ 12:07:35 (sumoTime: 43655 seconds) on link 1 with path_nodes [1, 2, 3, 4] which means path_links [1, 2, 3]
['newVeh165'] arrived @ sumotime 43682.0 seconds
['newVeh165'] arrived @ sumotime 43683.0 seconds
new vehicle166 @ 12:08:46 (sumoTime: 43726 seconds) on link 1 with path_nodes [1, 2, 3, 4] which means path_links [1, 2, 3]
new vehicle167 @ 12:09:10 (sumoTime: 43750 seconds) on link 1 with path_nodes [1, 2, 3, 4] which means path_links [1, 2, 3]
['newVeh166'] arrived @ sumotime 43751.0 seconds
new vehicle168 @ 12:09:21 (sumoTime: 43761 seconds) on link 1 with path_nodes [1, 2, 3, 4] which means path_links [1, 2, 3]
['newVeh167'] arrived @ sumotime 43778.0 seconds
['newVeh167'] arrived @ sumotime 43779.0 seconds
['newVeh168'] arrived @ sumotime 43791.0 seconds
new vehicle169 @ 12:09:56 (sumoTime: 43796 seconds) on link 1 with path_nodes [1, 2, 3, 4] which means path_links [1, 2, 3]
['newVeh169'] arrived @ sumotime 43824.0 seconds
new vehicle170 @ 12:10:27 (sumoTime: 43827 seconds) on link 1 with path_nodes [1, 2, 3, 4] which means path_links [1, 2, 3]
['newVeh170'] arrived @ sumotime 43856.0 seconds
['newVeh170'] arrived @ sumotime 43857.0 seconds
new vehicle171 @ 12:15:59 (sumoTime: 44159 seconds) on link 1 with path_nodes [1, 2, 3, 4] which means path_links [1, 2, 3]
new vehicle172 @ 12:16:28 (sumoTime: 44188 seconds) on link 1 with path_nodes [1, 2, 3, 4] which means path_links [1, 2, 3]
['newVeh171'] arrived @ sumotime 44192.0 seconds
['newVeh172'] arrived @ sumotime 44213.0 seconds
new vehicle173 @ 12:17:14 (sumoTime: 44234 seconds) on link 1 with path_nodes [1, 2, 3, 4] which means path_links [1, 2, 3]
['newVeh173'] arrived @ sumotime 44261.0 seconds
new vehicle174 @ 12:17:47 (sumoTime: 44267 seconds) on link 1 with path_nodes [1, 2, 3, 4] which means path_links [1, 2, 3]
new vehicle175 @ 12:18:07 (sumoTime: 44287 seconds) on link 1 with path_nodes [1, 2, 3, 4] which means path_links [1, 2, 3]
['newVeh174'] arrived @ sumotime 44294.0 seconds
['newVeh175'] arrived @ sumotime 44313.0 seconds
new vehicle176 @ 12:21:18 (sumoTime: 44478 seconds) on link 1 with path_nodes [1, 2, 3, 4] which means path_links [1, 2, 3]
['newVeh176'] arrived @ sumotime 44505.0 seconds
new vehicle177 @ 12:23:23 (sumoTime: 44603 seconds) on link 1 with path_nodes [1, 2, 3, 4] which means path_links [1, 2, 3]
['newVeh177'] arrived @ sumotime 44631.0 seconds
new vehicle178 @ 12:24:52 (sumoTime: 44692 seconds) on link 1 with path_nodes [1, 2, 3, 4] which means path_links [1, 2, 3]
['newVeh178'] arrived @ sumotime 44719.0 seconds
new vehicle179 @ 12:26:40 (sumoTime: 44800 seconds) on link 1 with path_nodes [1, 2, 3, 4] which means path_links [1, 2, 3]
['newVeh179'] arrived @ sumotime 44831.0 seconds
new vehicle180 @ 12:27:56 (sumoTime: 44876 seconds) on link 1 with path_nodes [1, 2, 3, 4] which means path_links [1, 2, 3]
['newVeh180'] arrived @ sumotime 44903.0 seconds
new vehicle181 @ 12:28:27 (sumoTime: 44907 seconds) on link 1 with path_nodes [1, 2, 3, 4] which means path_links [1, 2, 3]
new vehicle182 @ 12:28:36 (sumoTime: 44916 seconds) on link 1 with path_nodes [1, 2, 3, 4] which means path_links [1, 2, 3]
['newVeh181'] arrived @ sumotime 44933.0 seconds
['newVeh182'] arrived @ sumotime 44945.0 seconds
['newVeh182'] arrived @ sumotime 44946.0 seconds
new vehicle183 @ 12:29:26 (sumoTime: 44966 seconds) on link 1 with path_nodes [1, 2, 3, 4] which means path_links [1, 2, 3]
['newVeh183'] arrived @ sumotime 44992.0 seconds
['newVeh183'] arrived @ sumotime 44993.0 seconds
new vehicle184 @ 12:29:54 (sumoTime: 44994 seconds) on link 1 with path_nodes [1, 2, 3, 4] which means path_links [1, 2, 3]
['newVeh184'] arrived @ sumotime 45026.0 seconds
new vehicle185 @ 12:34:13 (sumoTime: 45253 seconds) on link 1 with path_nodes [1, 2, 3, 4] which means path_links [1, 2, 3]
new vehicle186 @ 12:34:18 (sumoTime: 45258 seconds) on link 1 with path_nodes [1, 2, 3, 4] which means path_links [1, 2, 3]
['newVeh185'] arrived @ sumotime 45280.0 seconds
['newVeh186'] arrived @ sumotime 45288.0 seconds
new vehicle187 @ 12:35:11 (sumoTime: 45311 seconds) on link 1 with path_nodes [1, 2, 3, 4] which means path_links [1, 2, 3]
new vehicle188 @ 12:35:11 (sumoTime: 45311 seconds) on link 1 with path_nodes [1, 2, 3, 4] which means path_links [1, 2, 3]
['newVeh187'] arrived @ sumotime 45339.0 seconds
['newVeh188'] arrived @ sumotime 45340.0 seconds
new vehicle189 @ 12:36:41 (sumoTime: 45401 seconds) on link 1 with path_nodes [1, 2, 3, 4] which means path_links [1, 2, 3]
new vehicle190 @ 12:36:50 (sumoTime: 45410 seconds) on link 1 with path_nodes [1, 2, 3, 4] which means path_links [1, 2, 3]
new vehicle191 @ 12:37:10 (sumoTime: 45430 seconds) on link 1 with path_nodes [1, 2, 3, 4] which means path_links [1, 2, 3]
['newVeh189'] arrived @ sumotime 45432.0 seconds
['newVeh190'] arrived @ sumotime 45440.0 seconds
['newVeh191'] arrived @ sumotime 45456.0 seconds
new vehicle192 @ 12:39:13 (sumoTime: 45553 seconds) on link 1 with path_nodes [1, 2, 3, 4] which means path_links [1, 2, 3]
['newVeh192'] arrived @ sumotime 45579.0 seconds
new vehicle193 @ 12:41:21 (sumoTime: 45681 seconds) on link 1 with path_nodes [1, 2, 3, 4] which means path_links [1, 2, 3]
['newVeh193'] arrived @ sumotime 45708.0 seconds
new vehicle194 @ 12:45:17 (sumoTime: 45917 seconds) on link 1 with path_nodes [1, 2, 3, 4] which means path_links [1, 2, 3]
['newVeh194'] arrived @ sumotime 45944.0 seconds
new vehicle195 @ 12:47:22 (sumoTime: 46042 seconds) on link 1 with path_nodes [1, 2, 3, 4] which means path_links [1, 2, 3]
['newVeh195'] arrived @ sumotime 46069.0 seconds
new vehicle196 @ 12:48:57 (sumoTime: 46137 seconds) on link 1 with path_nodes [1, 2, 3, 4] which means path_links [1, 2, 3]
['newVeh196'] arrived @ sumotime 46165.0 seconds
new vehicle197 @ 12:50:09 (sumoTime: 46209 seconds) on link 1 with path_nodes [1, 2, 3, 4] which means path_links [1, 2, 3]
['newVeh197'] arrived @ sumotime 46236.0 seconds
new vehicle198 @ 12:51:10 (sumoTime: 46270 seconds) on link 1 with path_nodes [1, 2, 3, 4] which means path_links [1, 2, 3]
new vehicle199 @ 12:51:32 (sumoTime: 46292 seconds) on link 1 with path_nodes [1, 2, 3, 4] which means path_links [1, 2, 3]
['newVeh198'] arrived @ sumotime 46296.0 seconds
['newVeh199'] arrived @ sumotime 46318.0 seconds
['newVeh199'] arrived @ sumotime 46319.0 seconds
new vehicle200 @ 12:58:23 (sumoTime: 46703 seconds) on link 1 with path_nodes [1, 2, 3, 4] which means path_links [1, 2, 3]
new vehicle201 @ 12:58:38 (sumoTime: 46718 seconds) on link 1 with path_nodes [1, 2, 3, 4] which means path_links [1, 2, 3]
new vehicle202 @ 12:58:40 (sumoTime: 46720 seconds) on link 1 with path_nodes [1, 2, 3, 4] which means path_links [1, 2, 3]
['newVeh200'] arrived @ sumotime 46730.0 seconds
['newVeh201'] arrived @ sumotime 46744.0 seconds
['newVeh202'] arrived @ sumotime 46752.0 seconds
['newVeh202'] arrived @ sumotime 46753.0 seconds
13:00:00
Umlegung ausgeführt
curVolumes: (130000, [(3, 51, 0)])
new vehicle203 @ 13:03:58 (sumoTime: 47038 seconds) on link 1 with path_nodes [1, 2, 3, 4] which means path_links [1, 2, 3]
new vehicle204 @ 13:04:16 (sumoTime: 47056 seconds) on link 1 with path_nodes [1, 2, 3, 4] which means path_links [1, 2, 3]
['newVeh203'] arrived @ sumotime 47066.0 seconds
['newVeh204'] arrived @ sumotime 47082.0 seconds
new vehicle205 @ 13:07:11 (sumoTime: 47231 seconds) on link 1 with path_nodes [1, 2, 3, 4] which means path_links [1, 2, 3]
new vehicle206 @ 13:07:29 (sumoTime: 47249 seconds) on link 1 with path_nodes [1, 2, 3, 4] which means path_links [1, 2, 3]
['newVeh205'] arrived @ sumotime 47257.0 seconds
['newVeh205'] arrived @ sumotime 47258.0 seconds
['newVeh206'] arrived @ sumotime 47277.0 seconds
new vehicle207 @ 13:18:14 (sumoTime: 47894 seconds) on link 1 with path_nodes [1, 2, 3, 4] which means path_links [1, 2, 3]
['newVeh207'] arrived @ sumotime 47922.0 seconds
new vehicle208 @ 13:20:37 (sumoTime: 48037 seconds) on link 1 with path_nodes [1, 2, 3, 4] which means path_links [1, 2, 3]
['newVeh208'] arrived @ sumotime 48065.0 seconds
new vehicle209 @ 13:23:20 (sumoTime: 48200 seconds) on link 1 with path_nodes [1, 2, 3, 4] which means path_links [1, 2, 3]
['newVeh209'] arrived @ sumotime 48226.0 seconds
new vehicle210 @ 13:24:38 (sumoTime: 48278 seconds) on link 1 with path_nodes [1, 2, 3, 4] which means path_links [1, 2, 3]
['newVeh210'] arrived @ sumotime 48305.0 seconds
new vehicle211 @ 13:27:22 (sumoTime: 48442 seconds) on link 1 with path_nodes [1, 2, 3, 4] which means path_links [1, 2, 3]
['newVeh211'] arrived @ sumotime 48468.0 seconds
new vehicle212 @ 13:29:13 (sumoTime: 48553 seconds) on link 1 with path_nodes [1, 2, 3, 4] which means path_links [1, 2, 3]
['newVeh212'] arrived @ sumotime 48580.0 seconds
new vehicle213 @ 13:29:55 (sumoTime: 48595 seconds) on link 1 with path_nodes [1, 2, 3, 4] which means path_links [1, 2, 3]
['newVeh213'] arrived @ sumotime 48627.0 seconds
new vehicle214 @ 13:30:48 (sumoTime: 48648 seconds) on link 1 with path_nodes [1, 2, 3, 4] which means path_links [1, 2, 3]
['newVeh214'] arrived @ sumotime 48677.0 seconds
new vehicle215 @ 13:33:54 (sumoTime: 48834 seconds) on link 1 with path_nodes [1, 2, 3, 4] which means path_links [1, 2, 3]
new vehicle216 @ 13:34:01 (sumoTime: 48841 seconds) on link 1 with path_nodes [1, 2, 3, 4] which means path_links [1, 2, 3]
['newVeh215'] arrived @ sumotime 48860.0 seconds
['newVeh216'] arrived @ sumotime 48868.0 seconds
new vehicle217 @ 13:35:21 (sumoTime: 48921 seconds) on link 1 with path_nodes [1, 2, 3, 4] which means path_links [1, 2, 3]
new vehicle218 @ 13:35:27 (sumoTime: 48927 seconds) on link 1 with path_nodes [1, 2, 3, 4] which means path_links [1, 2, 3]
new vehicle219 @ 13:35:46 (sumoTime: 48946 seconds) on link 1 with path_nodes [1, 2, 3, 4] which means path_links [1, 2, 3]
new vehicle220 @ 13:35:48 (sumoTime: 48948 seconds) on link 1 with path_nodes [1, 2, 3, 4] which means path_links [1, 2, 3]
['newVeh217'] arrived @ sumotime 48948.0 seconds
['newVeh218'] arrived @ sumotime 48954.0 seconds
new vehicle221 @ 13:36:12 (sumoTime: 48972 seconds) on link 1 with path_nodes [1, 2, 3, 4] which means path_links [1, 2, 3]
['newVeh219'] arrived @ sumotime 48974.0 seconds
['newVeh220'] arrived @ sumotime 48976.0 seconds
['newVeh221'] arrived @ sumotime 48998.0 seconds
['newVeh221'] arrived @ sumotime 48999.0 seconds
new vehicle222 @ 13:37:47 (sumoTime: 49067 seconds) on link 1 with path_nodes [1, 2, 3, 4] which means path_links [1, 2, 3]
new vehicle223 @ 13:38:17 (sumoTime: 49097 seconds) on link 1 with path_nodes [1, 2, 3, 4] which means path_links [1, 2, 3]
['newVeh222'] arrived @ sumotime 49099.0 seconds
['newVeh223'] arrived @ sumotime 49127.0 seconds
new vehicle224 @ 13:38:54 (sumoTime: 49134 seconds) on link 1 with path_nodes [1, 2, 3, 4] which means path_links [1, 2, 3]
['newVeh224'] arrived @ sumotime 49161.0 seconds
new vehicle225 @ 13:40:23 (sumoTime: 49223 seconds) on link 1 with path_nodes [1, 2, 3, 4] which means path_links [1, 2, 3]
['newVeh225'] arrived @ sumotime 49249.0 seconds
new vehicle226 @ 13:43:42 (sumoTime: 49422 seconds) on link 1 with path_nodes [1, 2, 3, 4] which means path_links [1, 2, 3]
['newVeh226'] arrived @ sumotime 49447.0 seconds
new vehicle227 @ 13:46:21 (sumoTime: 49581 seconds) on link 1 with path_nodes [1, 2, 3, 4] which means path_links [1, 2, 3]
['newVeh227'] arrived @ sumotime 49607.0 seconds
new vehicle228 @ 13:50:08 (sumoTime: 49808 seconds) on link 1 with path_nodes [1, 2, 3, 4] which means path_links [1, 2, 3]
['newVeh228'] arrived @ sumotime 49834.0 seconds
new vehicle229 @ 13:53:37 (sumoTime: 50017 seconds) on link 1 with path_nodes [1, 2, 3, 4] which means path_links [1, 2, 3]
['newVeh229'] arrived @ sumotime 50044.0 seconds
new vehicle230 @ 13:56:04 (sumoTime: 50164 seconds) on link 1 with path_nodes [1, 2, 3, 4] which means path_links [1, 2, 3]
['newVeh230'] arrived @ sumotime 50189.0 seconds
new vehicle231 @ 13:58:03 (sumoTime: 50283 seconds) on link 1 with path_nodes [1, 2, 3, 4] which means path_links [1, 2, 3]
['newVeh231'] arrived @ sumotime 50310.0 seconds
new vehicle232 @ 13:58:52 (sumoTime: 50332 seconds) on link 1 with path_nodes [1, 2, 3, 4] which means path_links [1, 2, 3]
['newVeh232'] arrived @ sumotime 50360.0 seconds
14:00:00
Umlegung ausgeführt
curVolumes: (140000, [(3, 32, 0)])
new vehicle233 @ 14:00:35 (sumoTime: 50435 seconds) on link 1 with path_nodes [1, 2, 3, 4] which means path_links [1, 2, 3]
['newVeh233'] arrived @ sumotime 50461.0 seconds
new vehicle234 @ 14:01:36 (sumoTime: 50496 seconds) on link 1 with path_nodes [1, 2, 3, 4] which means path_links [1, 2, 3]
new vehicle235 @ 14:02:01 (sumoTime: 50521 seconds) on link 1 with path_nodes [1, 2, 3, 4] which means path_links [1, 2, 3]
['newVeh234'] arrived @ sumotime 50526.0 seconds
new vehicle236 @ 14:02:08 (sumoTime: 50528 seconds) on link 1 with path_nodes [1, 2, 3, 4] which means path_links [1, 2, 3]
['newVeh235'] arrived @ sumotime 50549.0 seconds
['newVeh236'] arrived @ sumotime 50557.0 seconds
new vehicle237 @ 14:03:58 (sumoTime: 50638 seconds) on link 1 with path_nodes [1, 2, 3, 4] which means path_links [1, 2, 3]
new vehicle238 @ 14:04:09 (sumoTime: 50649 seconds) on link 1 with path_nodes [1, 2, 3, 4] which means path_links [1, 2, 3]
['newVeh237'] arrived @ sumotime 50664.0 seconds
['newVeh238'] arrived @ sumotime 50675.0 seconds
new vehicle239 @ 14:05:13 (sumoTime: 50713 seconds) on link 1 with path_nodes [1, 2, 3, 4] which means path_links [1, 2, 3]
['newVeh239'] arrived @ sumotime 50741.0 seconds
new vehicle240 @ 14:10:44 (sumoTime: 51044 seconds) on link 1 with path_nodes [1, 2, 3, 4] which means path_links [1, 2, 3]
['newVeh240'] arrived @ sumotime 51072.0 seconds
['newVeh240'] arrived @ sumotime 51073.0 seconds
new vehicle241 @ 14:13:01 (sumoTime: 51181 seconds) on link 1 with path_nodes [1, 2, 3, 4] which means path_links [1, 2, 3]
['newVeh241'] arrived @ sumotime 51209.0 seconds
['newVeh241'] arrived @ sumotime 51210.0 seconds
new vehicle242 @ 14:14:47 (sumoTime: 51287 seconds) on link 1 with path_nodes [1, 2, 3, 4] which means path_links [1, 2, 3]
['newVeh242'] arrived @ sumotime 51314.0 seconds
new vehicle243 @ 14:16:25 (sumoTime: 51385 seconds) on link 1 with path_nodes [1, 2, 3, 4] which means path_links [1, 2, 3]
['newVeh243'] arrived @ sumotime 51411.0 seconds
new vehicle244 @ 14:20:51 (sumoTime: 51651 seconds) on link 1 with path_nodes [1, 2, 3, 4] which means path_links [1, 2, 3]
['newVeh244'] arrived @ sumotime 51679.0 seconds
new vehicle245 @ 14:24:07 (sumoTime: 51847 seconds) on link 1 with path_nodes [1, 2, 3, 4] which means path_links [1, 2, 3]
new vehicle246 @ 14:24:20 (sumoTime: 51860 seconds) on link 1 with path_nodes [1, 2, 3, 4] which means path_links [1, 2, 3]
['newVeh245'] arrived @ sumotime 51876.0 seconds
['newVeh246'] arrived @ sumotime 51886.0 seconds
new vehicle247 @ 14:24:57 (sumoTime: 51897 seconds) on link 1 with path_nodes [1, 2, 3, 4] which means path_links [1, 2, 3]
['newVeh247'] arrived @ sumotime 51923.0 seconds
new vehicle248 @ 14:26:19 (sumoTime: 51979 seconds) on link 1 with path_nodes [1, 2, 3, 4] which means path_links [1, 2, 3]
['newVeh248'] arrived @ sumotime 52004.0 seconds
new vehicle249 @ 14:28:47 (sumoTime: 52127 seconds) on link 1 with path_nodes [1, 2, 3, 4] which means path_links [1, 2, 3]
['newVeh249'] arrived @ sumotime 52153.0 seconds
['newVeh249'] arrived @ sumotime 52154.0 seconds
new vehicle250 @ 14:29:48 (sumoTime: 52188 seconds) on link 1 with path_nodes [1, 2, 3, 4] which means path_links [1, 2, 3]
new vehicle251 @ 14:30:04 (sumoTime: 52204 seconds) on link 1 with path_nodes [1, 2, 3, 4] which means path_links [1, 2, 3]
['newVeh250'] arrived @ sumotime 52215.0 seconds
['newVeh251'] arrived @ sumotime 52235.0 seconds
new vehicle252 @ 14:30:59 (sumoTime: 52259 seconds) on link 1 with path_nodes [1, 2, 3, 4] which means path_links [1, 2, 3]
['newVeh252'] arrived @ sumotime 52286.0 seconds
new vehicle253 @ 14:34:08 (sumoTime: 52448 seconds) on link 1 with path_nodes [1, 2, 3, 4] which means path_links [1, 2, 3]
['newVeh253'] arrived @ sumotime 52475.0 seconds
new vehicle254 @ 14:35:07 (sumoTime: 52507 seconds) on link 1 with path_nodes [1, 2, 3, 4] which means path_links [1, 2, 3]
['newVeh254'] arrived @ sumotime 52534.0 seconds
new vehicle255 @ 14:36:03 (sumoTime: 52563 seconds) on link 1 with path_nodes [1, 2, 3, 4] which means path_links [1, 2, 3]
['newVeh255'] arrived @ sumotime 52591.0 seconds
new vehicle256 @ 14:38:06 (sumoTime: 52686 seconds) on link 1 with path_nodes [1, 2, 3, 4] which means path_links [1, 2, 3]
new vehicle257 @ 14:38:28 (sumoTime: 52708 seconds) on link 1 with path_nodes [1, 2, 3, 4] which means path_links [1, 2, 3]
['newVeh256'] arrived @ sumotime 52713.0 seconds
['newVeh257'] arrived @ sumotime 52736.0 seconds
new vehicle258 @ 14:40:08 (sumoTime: 52808 seconds) on link 1 with path_nodes [1, 2, 3, 4] which means path_links [1, 2, 3]
['newVeh258'] arrived @ sumotime 52835.0 seconds
new vehicle259 @ 14:41:50 (sumoTime: 52910 seconds) on link 1 with path_nodes [1, 2, 3, 4] which means path_links [1, 2, 3]
new vehicle260 @ 14:41:51 (sumoTime: 52911 seconds) on link 1 with path_nodes [1, 2, 3, 4] which means path_links [1, 2, 3]
['newVeh259'] arrived @ sumotime 52938.0 seconds
['newVeh260'] arrived @ sumotime 52943.0 seconds
new vehicle261 @ 14:46:31 (sumoTime: 53191 seconds) on link 1 with path_nodes [1, 2, 3, 4] which means path_links [1, 2, 3]
['newVeh261'] arrived @ sumotime 53219.0 seconds
new vehicle262 @ 14:50:03 (sumoTime: 53403 seconds) on link 1 with path_nodes [1, 2, 3, 4] which means path_links [1, 2, 3]
['newVeh262'] arrived @ sumotime 53430.0 seconds
new vehicle263 @ 14:51:45 (sumoTime: 53505 seconds) on link 1 with path_nodes [1, 2, 3, 4] which means path_links [1, 2, 3]
['newVeh263'] arrived @ sumotime 53532.0 seconds
new vehicle264 @ 14:52:37 (sumoTime: 53557 seconds) on link 1 with path_nodes [1, 2, 3, 4] which means path_links [1, 2, 3]
new vehicle265 @ 14:53:04 (sumoTime: 53584 seconds) on link 1 with path_nodes [1, 2, 3, 4] which means path_links [1, 2, 3]
['newVeh264'] arrived @ sumotime 53585.0 seconds
['newVeh265'] arrived @ sumotime 53611.0 seconds
new vehicle266 @ 14:54:28 (sumoTime: 53668 seconds) on link 1 with path_nodes [1, 2, 3, 4] which means path_links [1, 2, 3]
new vehicle267 @ 14:54:49 (sumoTime: 53689 seconds) on link 1 with path_nodes [1, 2, 3, 4] which means path_links [1, 2, 3]
['newVeh266'] arrived @ sumotime 53691.0 seconds
new vehicle268 @ 14:54:54 (sumoTime: 53694 seconds) on link 1 with path_nodes [1, 2, 3, 4] which means path_links [1, 2, 3]
new vehicle269 @ 14:55:05 (sumoTime: 53705 seconds) on link 1 with path_nodes [1, 2, 3, 4] which means path_links [1, 2, 3]
['newVeh267'] arrived @ sumotime 53715.0 seconds
['newVeh268'] arrived @ sumotime 53719.0 seconds
['newVeh269'] arrived @ sumotime 53734.0 seconds
new vehicle270 @ 14:58:29 (sumoTime: 53909 seconds) on link 1 with path_nodes [1, 2, 3, 4] which means path_links [1, 2, 3]
['newVeh270'] arrived @ sumotime 53937.0 seconds
Gesamte Auslastung: 296
Summe erzeugter Fahrzeuge: 271
-> Fahrzeuge verloren: 25
Tupel bestehend aus: VolVisum, geplantesVolSumo, avgArrTimeVisum, avgArrTimeSumo
Link: 1 -> [(2, 2, 1800, 3103), (5, 2, 720, 4735), (7, 9, 514, 445), (10, 8, 360, 459), (12, 10, 300, 384), (15, 15, 240, 258), (17, 18, 211, 223), (20, 13, 180, 319), (22, 26, 163, 143), (25, 19, 144, 194), (27, 20, 133, 187), (30, 30, 120, 118), (32, 44, 112, 84), (35, 31, 102, 121), (37, 39, 97, 99)]
Link: 3 -> []
Link: 5 -> []
VolumenInSumo: [(2630, ['1', '2', '3']), (10447, ['1', '2', '3']), (20530, ['1', '2', '3']), (20822, ['1', '2', '3']), (20958, ['1', '2', '3']), (21057, ['1', '2', '3']), (21423, ['1', '2', '3']), (21443, ['1', '2', '3']), (21748, ['1', '2', '3']), (23408, ['1', '2', '3']), (30655, ['1', '2', '3']), (31706, ['1', '2', '3']), (32003, ['1', '2', '3']), (32025, ['1', '2', '3']), (34021, ['1', '2', '3']), (35201, ['1', '2', '3']), (35318, ['1', '2', '3']), (40344, ['1', '2', '3']), (41851, ['1', '2', '3']), (42309, ['1', '2', '3']), (42339, ['1', '2', '3']), (44556, ['1', '2', '3']), (44903, ['1', '2', '3']), (45225, ['1', '2', '3']), (45558, ['1', '2', '3']), (45713, ['1', '2', '3']), (50052, ['1', '2', '3']), (50054, ['1', '2', '3']), (50414, ['1', '2', '3']), (50418, ['1', '2', '3']), (50543, ['1', '2', '3']), (50835, ['1', '2', '3']), (51124, ['1', '2', '3']), (51129, ['1', '2', '3']), (51817, ['1', '2', '3']), (52039, ['1', '2', '3']), (52455, ['1', '2', '3']), (54052, ['1', '2', '3']), (54215, ['1', '2', '3']), (54529, ['1', '2', '3']), (60049, ['1', '2', '3']), (60123, ['1', '2', '3']), (60323, ['1', '2', '3']), (61417, ['1', '2', '3']), (61426, ['1', '2', '3']), (61512, ['1', '2', '3']), (61940, ['1', '2', '3']), (62510, ['1', '2', '3']), (62627, ['1', '2', '3']), (62757, ['1', '2', '3']), (63250, ['1', '2', '3']), (63328, ['1', '2', '3']), (64258, ['1', '2', '3']), (64658, ['1', '2', '3']), (64825, ['1', '2', '3']), (64833, ['1', '2', '3']), (65708, ['1', '2', '3']), (70008, ['1', '2', '3']), (70023, ['1', '2', '3']), (70333, ['1', '2', '3']), (70552, ['1', '2', '3']), (72449, ['1', '2', '3']), (73514, ['1', '2', '3']), (73822, ['1', '2', '3']), (74253, ['1', '2', '3']), (74725, ['1', '2', '3']), (74912, ['1', '2', '3']), (75241, ['1', '2', '3']), (75831, ['1', '2', '3']), (80151, ['1', '6', '7', '-8', '3']), (80320, ['1', '6', '7', '-8', '3']), (80341, ['1', '6', '7', '-8', '3']), (80521, ['1', '6', '7', '-8', '3']), (80828, ['1', '6', '7', '-8', '3']), (80905, ['1', '6', '7', '-8', '3']), (81144, ['1', '6', '7', '-8', '3']), (81221, ['1', '6', '7', '-8', '3']), (82307, ['1', '6', '7', '-8', '3']), (82418, ['1', '6', '7', '-8', '3']), (82623, ['1', '6', '7', '-8', '3']), (82641, ['1', '6', '7', '-8', '3']), (83039, ['1', '6', '7', '-8', '3']), (83122, ['1', '6', '7', '-8', '3']), (83132, ['1', '6', '7', '-8', '3']), (83245, ['1', '6', '7', '-8', '3']), (83455, ['1', '6', '7', '-8', '3']), (83500, ['1', '6', '7', '-8', '3']), (83516, ['1', '6', '7', '-8', '3']), (83733, ['1', '6', '7', '-8', '3']), (84306, ['1', '6', '7', '-8', '3']), (84430, ['1', '6', '7', '-8', '3']), (84548, ['1', '6', '7', '-8', '3']), (84641, ['1', '6', '7', '-8', '3']), (84858, ['1', '6', '7', '-8', '3']), (90327, ['1', '6', '7', '-8', '3']), (90400, ['1', '6', '7', '-8', '3']), (90543, ['1', '6', '7', '-8', '3']), (90937, ['1', '6', '7', '-8', '3']), (91218, ['1', '6', '7', '-8', '3']), (91423, ['1', '6', '7', '-8', '3']), (91800, ['1', '6', '7', '-8', '3']), (91811, ['1', '6', '7', '-8', '3']), (91920, ['1', '6', '7', '-8', '3']), (92830, ['1', '6', '7', '-8', '3']), (93120, ['1', '6', '7', '-8', '3']), (93311, ['1', '6', '7', '-8', '3']), (93350, ['1', '6', '7', '-8', '3']), (93712, ['1', '6', '7', '-8', '3']), (94342, ['1', '6', '7', '-8', '3']), (95252, ['1', '6', '7', '-8', '3']), (95607, ['1', '6', '7', '-8', '3']), (95843, ['1', '6', '7', '-8', '3']), (100056, ['1', '6', '7', '-8', '3']), (100127, ['1', '6', '7', '-8', '3']), (100309, ['1', '6', '7', '-8', '3']), (100418, ['1', '6', '7', '-8', '3']), (100917, ['1', '6', '7', '-8', '3']), (101651, ['1', '6', '7', '-8', '3']), (101934, ['1', '6', '7', '-8', '3']), (102013, ['1', '6', '7', '-8', '3']), (102608, ['1', '6', '7', '-8', '3']), (102758, ['1', '6', '7', '-8', '3']), (103126, ['1', '6', '7', '-8', '3']), (103417, ['1', '6', '7', '-8', '3']), (104047, ['1', '6', '7', '-8', '3']), (104154, ['1', '6', '7', '-8', '3']), (104800, ['1', '6', '7', '-8', '3']), (104949, ['1', '6', '7', '-8', '3']), (105114, ['1', '6', '7', '-8', '3']), (105548, ['1', '6', '7', '-8', '3']), (105801, ['1', '6', '7', '-8', '3']), (110546, ['1', '6', '7', '-8', '3']), (110754, ['1', '6', '7', '-8', '3']), (110847, ['1', '6', '7', '-8', '3']), (111319, ['1', '6', '7', '-8', '3']), (111349, ['1', '6', '7', '-8', '3']), (111402, ['1', '6', '7', '-8', '3']), (111617, ['1', '6', '7', '-8', '3']), (111622, ['1', '6', '7', '-8', '3']), (111901, ['1', '6', '7', '-8', '3']), (112100, ['1', '6', '7', '-8', '3']), (112319, ['1', '6', '7', '-8', '3']), (112529, ['1', '6', '7', '-8', '3']), (112932, ['1', '6', '7', '-8', '3']), (113013, ['1', '6', '7', '-8', '3']), (113203, ['1', '6', '7', '-8', '3']), (113559, ['1', '6', '7', '-8', '3']), (113622, ['1', '6', '7', '-8', '3']), (113646, ['1', '6', '7', '-8', '3']), (113820, ['1', '6', '7', '-8', '3']), (113950, ['1', '6', '7', '-8', '3']), (114128, ['1', '6', '7', '-8', '3']), (114433, ['1', '6', '7', '-8', '3']), (114459, ['1', '6', '7', '-8', '3']), (114521, ['1', '6', '7', '-8', '3']), (114647, ['1', '6', '7', '-8', '3']), (115128, ['1', '6', '7', '-8', '3']), (115337, ['1', '6', '7', '-8', '3']), (115651, ['1', '6', '7', '-8', '3']), (115909, ['1', '6', '7', '-8', '3']), (120019, ['1', '2', '3']), (120024, ['1', '2', '3']), (120105, ['1', '2', '3']), (120358, ['1', '2', '3']), (120701, ['1', '2', '3']), (120735, ['1', '2', '3']), (120846, ['1', '2', '3']), (120910, ['1', '2', '3']), (120921, ['1', '2', '3']), (120956, ['1', '2', '3']), (121027, ['1', '2', '3']), (121559, ['1', '2', '3']), (121628, ['1', '2', '3']), (121714, ['1', '2', '3']), (121747, ['1', '2', '3']), (121807, ['1', '2', '3']), (122118, ['1', '2', '3']), (122323, ['1', '2', '3']), (122452, ['1', '2', '3']), (122640, ['1', '2', '3']), (122756, ['1', '2', '3']), (122827, ['1', '2', '3']), (122836, ['1', '2', '3']), (122926, ['1', '2', '3']), (122954, ['1', '2', '3']), (123413, ['1', '2', '3']), (123418, ['1', '2', '3']), (123511, ['1', '2', '3']), (123511, ['1', '2', '3']), (123641, ['1', '2', '3']), (123650, ['1', '2', '3']), (123710, ['1', '2', '3']), (123913, ['1', '2', '3']), (124121, ['1', '2', '3']), (124517, ['1', '2', '3']), (124722, ['1', '2', '3']), (124857, ['1', '2', '3']), (125009, ['1', '2', '3']), (125110, ['1', '2', '3']), (125132, ['1', '2', '3']), (125823, ['1', '2', '3']), (125838, ['1', '2', '3']), (125840, ['1', '2', '3']), (130358, ['1', '2', '3']), (130416, ['1', '2', '3']), (130711, ['1', '2', '3']), (130729, ['1', '2', '3']), (131814, ['1', '2', '3']), (132037, ['1', '2', '3']), (132320, ['1', '2', '3']), (132438, ['1', '2', '3']), (132722, ['1', '2', '3']), (132913, ['1', '2', '3']), (132955, ['1', '2', '3']), (133048, ['1', '2', '3']), (133354, ['1', '2', '3']), (133401, ['1', '2', '3']), (133521, ['1', '2', '3']), (133527, ['1', '2', '3']), (133546, ['1', '2', '3']), (133548, ['1', '2', '3']), (133612, ['1', '2', '3']), (133747, ['1', '2', '3']), (133817, ['1', '2', '3']), (133854, ['1', '2', '3']), (134023, ['1', '2', '3']), (134342, ['1', '2', '3']), (134621, ['1', '2', '3']), (135008, ['1', '2', '3']), (135337, ['1', '2', '3']), (135604, ['1', '2', '3']), (135803, ['1', '2', '3']), (135852, ['1', '2', '3']), (140035, ['1', '2', '3']), (140136, ['1', '2', '3']), (140201, ['1', '2', '3']), (140208, ['1', '2', '3']), (140358, ['1', '2', '3']), (140409, ['1', '2', '3']), (140513, ['1', '2', '3']), (141044, ['1', '2', '3']), (141301, ['1', '2', '3']), (141447, ['1', '2', '3']), (141625, ['1', '2', '3']), (142051, ['1', '2', '3']), (142407, ['1', '2', '3']), (142420, ['1', '2', '3']), (142457, ['1', '2', '3']), (142619, ['1', '2', '3']), (142847, ['1', '2', '3']), (142948, ['1', '2', '3']), (143004, ['1', '2', '3']), (143059, ['1', '2', '3']), (143408, ['1', '2', '3']), (143507, ['1', '2', '3']), (143603, ['1', '2', '3']), (143806, ['1', '2', '3']), (143828, ['1', '2', '3']), (144008, ['1', '2', '3']), (144150, ['1', '2', '3']), (144151, ['1', '2', '3']), (144631, ['1', '2', '3']), (145003, ['1', '2', '3']), (145145, ['1', '2', '3']), (145237, ['1', '2', '3']), (145304, ['1', '2', '3']), (145428, ['1', '2', '3']), (145449, ['1', '2', '3']), (145454, ['1', '2', '3']), (145505, ['1', '2', '3']), (145829, ['1', '2', '3'])]
2 -> 3 : [(0, 2), (10000, 5), (20000, 7), (30000, 10), (40000, 12), (50000, 15), (60000, 17), (70000, 20), (80000, 22), (90000, 25), (100000, 27), (110000, 30), (120000, 32), (130000, 35), (140000, 37)]
2 -> 5 : [(0, 0), (10000, 0), (20000, 0), (30000, 0), (40000, 0), (50000, 0), (60000, 0), (70000, 0), (80000, 0), (90000, 0), (100000, 0), (110000, 0), (120000, 0), (130000, 0), (140000, 0)]
2 -> 6 : [(0, 0), (10000, 0), (20000, 0), (30000, 0), (40000, 0), (50000, 0), (60000, 0), (70000, 0), (80000, 0), (90000, 0), (100000, 0), (110000, 0), (120000, 0), (130000, 0), (140000, 0)]
3 -> 2 : [(0, 0), (10000, 0), (20000, 0), (30000, 0), (40000, 0), (50000, 0), (60000, 0), (70000, 0), (80000, 0), (90000, 0), (100000, 0), (110000, 0), (120000, 0), (130000, 0), (140000, 0)]
3 -> 4 : [(0, 2), (10000, 5), (20000, 7), (30000, 10), (40000, 12), (50000, 15), (60000, 17), (70000, 20), (80000, 22), (90000, 25), (100000, 27), (110000, 30), (120000, 32), (130000, 35), (140000, 37)]
3 -> 7 : [(0, 0), (10000, 0), (20000, 0), (30000, 0), (40000, 0), (50000, 0), (60000, 0), (70000, 0), (80000, 0), (90000, 0), (100000, 0), (110000, 0), (120000, 0), (130000, 0), (140000, 0)]
4 -> 3 : [(0, 0), (10000, 0), (20000, 0), (30000, 0), (40000, 0), (50000, 0), (60000, 0), (70000, 0), (80000, 0), (90000, 0), (100000, 0), (110000, 0), (120000, 0), (130000, 0), (140000, 0)]
4 -> 5 : [(0, 0), (10000, 0), (20000, 0), (30000, 0), (40000, 0), (50000, 0), (60000, 0), (70000, 0), (80000, 0), (90000, 0), (100000, 0), (110000, 0), (120000, 0), (130000, 0), (140000, 0)]
5 -> 2 : [(0, 0), (10000, 0), (20000, 0), (30000, 0), (40000, 0), (50000, 0), (60000, 0), (70000, 0), (80000, 0), (90000, 0), (100000, 0), (110000, 0), (120000, 0), (130000, 0), (140000, 0)]
5 -> 4 : [(0, 0), (10000, 0), (20000, 0), (30000, 0), (40000, 0), (50000, 0), (60000, 0), (70000, 0), (80000, 0), (90000, 0), (100000, 0), (110000, 0), (120000, 0), (130000, 0), (140000, 0)]
6 -> 2 : [(0, 0), (10000, 0), (20000, 0), (30000, 0), (40000, 0), (50000, 0), (60000, 0), (70000, 0), (80000, 0), (90000, 0), (100000, 0), (110000, 0), (120000, 0), (130000, 0), (140000, 0)]
6 -> 7 : [(0, 0), (10000, 0), (20000, 0), (30000, 0), (40000, 0), (50000, 0), (60000, 0), (70000, 0), (80000, 0), (90000, 0), (100000, 0), (110000, 0), (120000, 0), (130000, 0), (140000, 0)]
7 -> 3 : [(0, 0), (10000, 0), (20000, 0), (30000, 0), (40000, 0), (50000, 0), (60000, 0), (70000, 0), (80000, 0), (90000, 0), (100000, 0), (110000, 0), (120000, 0), (130000, 0), (140000, 0)]
7 -> 6 : [(0, 0), (10000, 0), (20000, 0), (30000, 0), (40000, 0), (50000, 0), (60000, 0), (70000, 0), (80000, 0), (90000, 0), (100000, 0), (110000, 0), (120000, 0), (130000, 0), (140000, 0)]
