00:00:00
new vehicle0 @ 00:19:42 (sumoTime: 1182 seconds) on link 1 with path_nodes [1, 2, 3, 4] which means path_links [1, 2, 3]
['newVeh0'] arrived @ sumotime 1210.0 seconds
01:00:00
Umlegung ausgeführt
curVolumes: (10000, [(3, 1, 0)])
new vehicle1 @ 01:04:23 (sumoTime: 3863 seconds) on link 1 with path_nodes [1, 2, 3, 4] which means path_links [1, 2, 3]
['newVeh1'] arrived @ sumotime 3889.0 seconds
new vehicle2 @ 01:05:19 (sumoTime: 3919 seconds) on link 1 with path_nodes [1, 2, 3, 4] which means path_links [1, 2, 3]
['newVeh2'] arrived @ sumotime 3945.0 seconds
new vehicle3 @ 01:21:24 (sumoTime: 4884 seconds) on link 1 with path_nodes [1, 2, 3, 4] which means path_links [1, 2, 3]
['newVeh3'] arrived @ sumotime 4913.0 seconds
new vehicle4 @ 01:35:03 (sumoTime: 5703 seconds) on link 1 with path_nodes [1, 2, 3, 4] which means path_links [1, 2, 3]
['newVeh4'] arrived @ sumotime 5731.0 seconds
new vehicle5 @ 01:35:46 (sumoTime: 5746 seconds) on link 1 with path_nodes [1, 2, 3, 4] which means path_links [1, 2, 3]
['newVeh5'] arrived @ sumotime 5772.0 seconds
new vehicle6 @ 01:48:36 (sumoTime: 6516 seconds) on link 1 with path_nodes [1, 2, 3, 4] which means path_links [1, 2, 3]
['newVeh6'] arrived @ sumotime 6542.0 seconds
['newVeh6'] arrived @ sumotime 6543.0 seconds
new vehicle7 @ 01:52:15 (sumoTime: 6735 seconds) on link 1 with path_nodes [1, 2, 3, 4] which means path_links [1, 2, 3]
['newVeh7'] arrived @ sumotime 6760.0 seconds
02:00:00
Umlegung ausgeführt
curVolumes: (20000, [(3, 8, 0)])
new vehicle8 @ 02:27:08 (sumoTime: 8828 seconds) on link 1 with path_nodes [1, 2, 3, 4] which means path_links [1, 2, 3]
['newVeh8'] arrived @ sumotime 8858.0 seconds
new vehicle9 @ 02:31:58 (sumoTime: 9118 seconds) on link 1 with path_nodes [1, 2, 3, 4] which means path_links [1, 2, 3]
['newVeh9'] arrived @ sumotime 9148.0 seconds
new vehicle10 @ 02:32:43 (sumoTime: 9163 seconds) on link 1 with path_nodes [1, 2, 3, 4] which means path_links [1, 2, 3]
['newVeh10'] arrived @ sumotime 9190.0 seconds
new vehicle11 @ 02:41:28 (sumoTime: 9688 seconds) on link 1 with path_nodes [1, 2, 3, 4] which means path_links [1, 2, 3]
['newVeh11'] arrived @ sumotime 9716.0 seconds
new vehicle12 @ 02:50:47 (sumoTime: 10247 seconds) on link 1 with path_nodes [1, 2, 3, 4] which means path_links [1, 2, 3]
new vehicle13 @ 02:50:55 (sumoTime: 10255 seconds) on link 1 with path_nodes [1, 2, 3, 4] which means path_links [1, 2, 3]
['newVeh12'] arrived @ sumotime 10279.0 seconds
['newVeh13'] arrived @ sumotime 10282.0 seconds
new vehicle14 @ 02:55:11 (sumoTime: 10511 seconds) on link 1 with path_nodes [1, 2, 3, 4] which means path_links [1, 2, 3]
['newVeh14'] arrived @ sumotime 10539.0 seconds
new vehicle15 @ 02:58:38 (sumoTime: 10718 seconds) on link 1 with path_nodes [1, 2, 3, 4] which means path_links [1, 2, 3]
['newVeh15'] arrived @ sumotime 10745.0 seconds
03:00:00
Umlegung ausgeführt
curVolumes: (30000, [(3, 8, 0)])
new vehicle16 @ 03:01:12 (sumoTime: 10872 seconds) on link 1 with path_nodes [1, 2, 3, 4] which means path_links [1, 2, 3]
['newVeh16'] arrived @ sumotime 10898.0 seconds
new vehicle17 @ 03:03:28 (sumoTime: 11008 seconds) on link 1 with path_nodes [1, 2, 3, 4] which means path_links [1, 2, 3]
['newVeh17'] arrived @ sumotime 11038.0 seconds
new vehicle18 @ 03:07:12 (sumoTime: 11232 seconds) on link 1 with path_nodes [1, 2, 3, 4] which means path_links [1, 2, 3]
['newVeh18'] arrived @ sumotime 11259.0 seconds
new vehicle19 @ 03:19:42 (sumoTime: 11982 seconds) on link 1 with path_nodes [1, 2, 3, 4] which means path_links [1, 2, 3]
['newVeh19'] arrived @ sumotime 12007.0 seconds
new vehicle20 @ 03:20:59 (sumoTime: 12059 seconds) on link 1 with path_nodes [1, 2, 3, 4] which means path_links [1, 2, 3]
['newVeh20'] arrived @ sumotime 12085.0 seconds
new vehicle21 @ 03:31:36 (sumoTime: 12696 seconds) on link 1 with path_nodes [1, 2, 3, 4] which means path_links [1, 2, 3]
['newVeh21'] arrived @ sumotime 12726.0 seconds
new vehicle22 @ 03:32:14 (sumoTime: 12734 seconds) on link 1 with path_nodes [1, 2, 3, 4] which means path_links [1, 2, 3]
['newVeh22'] arrived @ sumotime 12760.0 seconds
new vehicle23 @ 03:41:20 (sumoTime: 13280 seconds) on link 1 with path_nodes [1, 2, 3, 4] which means path_links [1, 2, 3]
['newVeh23'] arrived @ sumotime 13306.0 seconds
new vehicle24 @ 03:59:01 (sumoTime: 14341 seconds) on link 1 with path_nodes [1, 2, 3, 4] which means path_links [1, 2, 3]
['newVeh24'] arrived @ sumotime 14370.0 seconds
04:00:00
Umlegung ausgeführt
curVolumes: (40000, [(3, 9, 0)])
new vehicle25 @ 04:00:40 (sumoTime: 14440 seconds) on link 1 with path_nodes [1, 2, 3, 4] which means path_links [1, 2, 3]
['newVeh25'] arrived @ sumotime 14466.0 seconds
new vehicle26 @ 04:01:20 (sumoTime: 14480 seconds) on link 1 with path_nodes [1, 2, 3, 4] which means path_links [1, 2, 3]
['newVeh26'] arrived @ sumotime 14509.0 seconds
new vehicle27 @ 04:03:37 (sumoTime: 14617 seconds) on link 1 with path_nodes [1, 2, 3, 4] which means path_links [1, 2, 3]
['newVeh27'] arrived @ sumotime 14645.0 seconds
new vehicle28 @ 04:06:19 (sumoTime: 14779 seconds) on link 1 with path_nodes [1, 2, 3, 4] which means path_links [1, 2, 3]
['newVeh28'] arrived @ sumotime 14806.0 seconds
new vehicle29 @ 04:08:26 (sumoTime: 14906 seconds) on link 1 with path_nodes [1, 2, 3, 4] which means path_links [1, 2, 3]
['newVeh29'] arrived @ sumotime 14932.0 seconds
new vehicle30 @ 04:10:53 (sumoTime: 15053 seconds) on link 1 with path_nodes [1, 2, 3, 4] which means path_links [1, 2, 3]
['newVeh30'] arrived @ sumotime 15081.0 seconds
new vehicle31 @ 04:12:04 (sumoTime: 15124 seconds) on link 1 with path_nodes [1, 2, 3, 4] which means path_links [1, 2, 3]
['newVeh31'] arrived @ sumotime 15150.0 seconds
new vehicle32 @ 04:15:04 (sumoTime: 15304 seconds) on link 1 with path_nodes [1, 2, 3, 4] which means path_links [1, 2, 3]
['newVeh32'] arrived @ sumotime 15334.0 seconds
new vehicle33 @ 04:21:02 (sumoTime: 15662 seconds) on link 1 with path_nodes [1, 2, 3, 4] which means path_links [1, 2, 3]
['newVeh33'] arrived @ sumotime 15690.0 seconds
new vehicle34 @ 04:21:49 (sumoTime: 15709 seconds) on link 1 with path_nodes [1, 2, 3, 4] which means path_links [1, 2, 3]
new vehicle35 @ 04:22:10 (sumoTime: 15730 seconds) on link 1 with path_nodes [1, 2, 3, 4] which means path_links [1, 2, 3]
['newVeh34'] arrived @ sumotime 15734.0 seconds
new vehicle36 @ 04:22:17 (sumoTime: 15737 seconds) on link 1 with path_nodes [1, 2, 3, 4] which means path_links [1, 2, 3]
['newVeh35'] arrived @ sumotime 15754.0 seconds
['newVeh36'] arrived @ sumotime 15763.0 seconds
new vehicle37 @ 04:33:58 (sumoTime: 16438 seconds) on link 1 with path_nodes [1, 2, 3, 4] which means path_links [1, 2, 3]
['newVeh37'] arrived @ sumotime 16464.0 seconds
new vehicle38 @ 04:41:00 (sumoTime: 16860 seconds) on link 1 with path_nodes [1, 2, 3, 4] which means path_links [1, 2, 3]
new vehicle39 @ 04:41:17 (sumoTime: 16877 seconds) on link 1 with path_nodes [1, 2, 3, 4] which means path_links [1, 2, 3]
['newVeh38'] arrived @ sumotime 16888.0 seconds
['newVeh39'] arrived @ sumotime 16905.0 seconds
new vehicle40 @ 04:48:10 (sumoTime: 17290 seconds) on link 1 with path_nodes [1, 2, 3, 4] which means path_links [1, 2, 3]
['newVeh40'] arrived @ sumotime 17320.0 seconds
new vehicle41 @ 04:52:06 (sumoTime: 17526 seconds) on link 1 with path_nodes [1, 2, 3, 4] which means path_links [1, 2, 3]
['newVeh41'] arrived @ sumotime 17554.0 seconds
05:00:00
Umlegung ausgeführt
curVolumes: (50000, [(3, 17, 0)])
new vehicle42 @ 05:04:54 (sumoTime: 18294 seconds) on link 1 with path_nodes [1, 2, 3, 4] which means path_links [1, 2, 3]
['newVeh42'] arrived @ sumotime 18322.0 seconds
new vehicle43 @ 05:06:41 (sumoTime: 18401 seconds) on link 1 with path_nodes [1, 2, 3, 4] which means path_links [1, 2, 3]
['newVeh43'] arrived @ sumotime 18432.0 seconds
new vehicle44 @ 05:16:01 (sumoTime: 18961 seconds) on link 1 with path_nodes [1, 2, 3, 4] which means path_links [1, 2, 3]
['newVeh44'] arrived @ sumotime 18985.0 seconds
new vehicle45 @ 05:26:51 (sumoTime: 19611 seconds) on link 1 with path_nodes [1, 2, 3, 4] which means path_links [1, 2, 3]
new vehicle46 @ 05:27:00 (sumoTime: 19620 seconds) on link 1 with path_nodes [1, 2, 3, 4] which means path_links [1, 2, 3]
['newVeh45'] arrived @ sumotime 19638.0 seconds
['newVeh46'] arrived @ sumotime 19649.0 seconds
new vehicle47 @ 05:28:48 (sumoTime: 19728 seconds) on link 1 with path_nodes [1, 2, 3, 4] which means path_links [1, 2, 3]
['newVeh47'] arrived @ sumotime 19755.0 seconds
new vehicle48 @ 05:34:23 (sumoTime: 20063 seconds) on link 1 with path_nodes [1, 2, 3, 4] which means path_links [1, 2, 3]
['newVeh48'] arrived @ sumotime 20092.0 seconds
new vehicle49 @ 05:37:40 (sumoTime: 20260 seconds) on link 1 with path_nodes [1, 2, 3, 4] which means path_links [1, 2, 3]
['newVeh49'] arrived @ sumotime 20288.0 seconds
new vehicle50 @ 05:42:09 (sumoTime: 20529 seconds) on link 1 with path_nodes [1, 2, 3, 4] which means path_links [1, 2, 3]
['newVeh50'] arrived @ sumotime 20555.0 seconds
['newVeh50'] arrived @ sumotime 20556.0 seconds
new vehicle51 @ 05:51:32 (sumoTime: 21092 seconds) on link 1 with path_nodes [1, 2, 3, 4] which means path_links [1, 2, 3]
['newVeh51'] arrived @ sumotime 21117.0 seconds
new vehicle52 @ 05:54:16 (sumoTime: 21256 seconds) on link 1 with path_nodes [1, 2, 3, 4] which means path_links [1, 2, 3]
['newVeh52'] arrived @ sumotime 21284.0 seconds
06:00:00
Umlegung ausgeführt
curVolumes: (60000, [(3, 12, 0)])
new vehicle53 @ 06:03:03 (sumoTime: 21783 seconds) on link 1 with path_nodes [1, 2, 3, 4] which means path_links [1, 2, 3]
['newVeh53'] arrived @ sumotime 21809.0 seconds
new vehicle54 @ 06:10:32 (sumoTime: 22232 seconds) on link 1 with path_nodes [1, 2, 3, 4] which means path_links [1, 2, 3]
['newVeh54'] arrived @ sumotime 22258.0 seconds
new vehicle55 @ 06:22:12 (sumoTime: 22932 seconds) on link 1 with path_nodes [1, 2, 3, 4] which means path_links [1, 2, 3]
['newVeh55'] arrived @ sumotime 22958.0 seconds
new vehicle56 @ 06:30:56 (sumoTime: 23456 seconds) on link 1 with path_nodes [1, 2, 3, 4] which means path_links [1, 2, 3]
['newVeh56'] arrived @ sumotime 23483.0 seconds
new vehicle57 @ 06:34:16 (sumoTime: 23656 seconds) on link 1 with path_nodes [1, 2, 3, 4] which means path_links [1, 2, 3]
['newVeh57'] arrived @ sumotime 23685.0 seconds
new vehicle58 @ 06:36:20 (sumoTime: 23780 seconds) on link 1 with path_nodes [1, 2, 3, 4] which means path_links [1, 2, 3]
['newVeh58'] arrived @ sumotime 23805.0 seconds
new vehicle59 @ 06:36:55 (sumoTime: 23815 seconds) on link 1 with path_nodes [1, 2, 3, 4] which means path_links [1, 2, 3]
['newVeh59'] arrived @ sumotime 23844.0 seconds
new vehicle60 @ 06:39:24 (sumoTime: 23964 seconds) on link 1 with path_nodes [1, 2, 3, 4] which means path_links [1, 2, 3]
['newVeh60'] arrived @ sumotime 23993.0 seconds
new vehicle61 @ 06:40:32 (sumoTime: 24032 seconds) on link 1 with path_nodes [1, 2, 3, 4] which means path_links [1, 2, 3]
new vehicle62 @ 06:40:34 (sumoTime: 24034 seconds) on link 1 with path_nodes [1, 2, 3, 4] which means path_links [1, 2, 3]
['newVeh61'] arrived @ sumotime 24062.0 seconds
['newVeh62'] arrived @ sumotime 24065.0 seconds
new vehicle63 @ 06:45:59 (sumoTime: 24359 seconds) on link 1 with path_nodes [1, 2, 3, 4] which means path_links [1, 2, 3]
['newVeh63'] arrived @ sumotime 24385.0 seconds
['newVeh63'] arrived @ sumotime 24386.0 seconds
new vehicle64 @ 06:47:52 (sumoTime: 24472 seconds) on link 1 with path_nodes [1, 2, 3, 4] which means path_links [1, 2, 3]
new vehicle65 @ 06:47:58 (sumoTime: 24478 seconds) on link 1 with path_nodes [1, 2, 3, 4] which means path_links [1, 2, 3]
['newVeh64'] arrived @ sumotime 24498.0 seconds
['newVeh65'] arrived @ sumotime 24504.0 seconds
new vehicle66 @ 06:49:05 (sumoTime: 24545 seconds) on link 1 with path_nodes [1, 2, 3, 4] which means path_links [1, 2, 3]
['newVeh66'] arrived @ sumotime 24573.0 seconds
new vehicle67 @ 06:50:00 (sumoTime: 24600 seconds) on link 1 with path_nodes [1, 2, 3, 4] which means path_links [1, 2, 3]
['newVeh67'] arrived @ sumotime 24627.0 seconds
new vehicle68 @ 06:59:39 (sumoTime: 25179 seconds) on link 1 with path_nodes [1, 2, 3, 4] which means path_links [1, 2, 3]
07:00:00
Umlegung ausgeführt
curVolumes: (70000, [(3, 16, 0)])
['newVeh68'] arrived @ sumotime 25205.0 seconds
new vehicle69 @ 07:00:31 (sumoTime: 25231 seconds) on link 1 with path_nodes [1, 2, 3, 4] which means path_links [1, 2, 3]
['newVeh69'] arrived @ sumotime 25258.0 seconds
new vehicle70 @ 07:02:13 (sumoTime: 25333 seconds) on link 1 with path_nodes [1, 2, 3, 4] which means path_links [1, 2, 3]
['newVeh70'] arrived @ sumotime 25359.0 seconds
new vehicle71 @ 07:07:02 (sumoTime: 25622 seconds) on link 1 with path_nodes [1, 2, 3, 4] which means path_links [1, 2, 3]
['newVeh71'] arrived @ sumotime 25649.0 seconds
new vehicle72 @ 07:12:43 (sumoTime: 25963 seconds) on link 1 with path_nodes [1, 2, 3, 4] which means path_links [1, 2, 3]
['newVeh72'] arrived @ sumotime 25990.0 seconds
new vehicle73 @ 07:13:57 (sumoTime: 26037 seconds) on link 1 with path_nodes [1, 2, 3, 4] which means path_links [1, 2, 3]
['newVeh73'] arrived @ sumotime 26064.0 seconds
new vehicle74 @ 07:16:38 (sumoTime: 26198 seconds) on link 1 with path_nodes [1, 2, 3, 4] which means path_links [1, 2, 3]
['newVeh74'] arrived @ sumotime 26227.0 seconds
new vehicle75 @ 07:21:37 (sumoTime: 26497 seconds) on link 1 with path_nodes [1, 2, 3, 4] which means path_links [1, 2, 3]
['newVeh75'] arrived @ sumotime 26525.0 seconds
new vehicle76 @ 07:23:42 (sumoTime: 26622 seconds) on link 1 with path_nodes [1, 2, 3, 4] which means path_links [1, 2, 3]
new vehicle77 @ 07:23:49 (sumoTime: 26629 seconds) on link 1 with path_nodes [1, 2, 3, 4] which means path_links [1, 2, 3]
['newVeh76'] arrived @ sumotime 26647.0 seconds
['newVeh77'] arrived @ sumotime 26660.0 seconds
new vehicle78 @ 07:25:42 (sumoTime: 26742 seconds) on link 1 with path_nodes [1, 2, 3, 4] which means path_links [1, 2, 3]
['newVeh78'] arrived @ sumotime 26770.0 seconds
['newVeh78'] arrived @ sumotime 26771.0 seconds
new vehicle79 @ 07:26:36 (sumoTime: 26796 seconds) on link 1 with path_nodes [1, 2, 3, 4] which means path_links [1, 2, 3]
new vehicle80 @ 07:26:55 (sumoTime: 26815 seconds) on link 1 with path_nodes [1, 2, 3, 4] which means path_links [1, 2, 3]
['newVeh79'] arrived @ sumotime 26826.0 seconds
['newVeh80'] arrived @ sumotime 26847.0 seconds
new vehicle81 @ 07:28:24 (sumoTime: 26904 seconds) on link 1 with path_nodes [1, 2, 3, 4] which means path_links [1, 2, 3]
['newVeh81'] arrived @ sumotime 26930.0 seconds
new vehicle82 @ 07:30:16 (sumoTime: 27016 seconds) on link 1 with path_nodes [1, 2, 3, 4] which means path_links [1, 2, 3]
['newVeh82'] arrived @ sumotime 27044.0 seconds
new vehicle83 @ 07:31:58 (sumoTime: 27118 seconds) on link 1 with path_nodes [1, 2, 3, 4] which means path_links [1, 2, 3]
['newVeh83'] arrived @ sumotime 27146.0 seconds
new vehicle84 @ 07:33:38 (sumoTime: 27218 seconds) on link 1 with path_nodes [1, 2, 3, 4] which means path_links [1, 2, 3]
new vehicle85 @ 07:33:39 (sumoTime: 27219 seconds) on link 1 with path_nodes [1, 2, 3, 4] which means path_links [1, 2, 3]
['newVeh84'] arrived @ sumotime 27244.0 seconds
['newVeh85'] arrived @ sumotime 27247.0 seconds
new vehicle86 @ 07:34:52 (sumoTime: 27292 seconds) on link 1 with path_nodes [1, 2, 3, 4] which means path_links [1, 2, 3]
['newVeh86'] arrived @ sumotime 27320.0 seconds
new vehicle87 @ 07:35:58 (sumoTime: 27358 seconds) on link 1 with path_nodes [1, 2, 3, 4] which means path_links [1, 2, 3]
['newVeh87'] arrived @ sumotime 27384.0 seconds
new vehicle88 @ 07:36:45 (sumoTime: 27405 seconds) on link 1 with path_nodes [1, 2, 3, 4] which means path_links [1, 2, 3]
['newVeh88'] arrived @ sumotime 27431.0 seconds
new vehicle89 @ 07:38:19 (sumoTime: 27499 seconds) on link 1 with path_nodes [1, 2, 3, 4] which means path_links [1, 2, 3]
['newVeh89'] arrived @ sumotime 27529.0 seconds
new vehicle90 @ 07:44:50 (sumoTime: 27890 seconds) on link 1 with path_nodes [1, 2, 3, 4] which means path_links [1, 2, 3]
['newVeh90'] arrived @ sumotime 27915.0 seconds
new vehicle91 @ 07:52:06 (sumoTime: 28326 seconds) on link 1 with path_nodes [1, 2, 3, 4] which means path_links [1, 2, 3]
new vehicle92 @ 07:52:15 (sumoTime: 28335 seconds) on link 1 with path_nodes [1, 2, 3, 4] which means path_links [1, 2, 3]
['newVeh91'] arrived @ sumotime 28353.0 seconds
['newVeh92'] arrived @ sumotime 28361.0 seconds
new vehicle93 @ 07:54:02 (sumoTime: 28442 seconds) on link 1 with path_nodes [1, 2, 3, 4] which means path_links [1, 2, 3]
['newVeh93'] arrived @ sumotime 28469.0 seconds
['newVeh93'] arrived @ sumotime 28470.0 seconds
new vehicle94 @ 07:54:34 (sumoTime: 28474 seconds) on link 1 with path_nodes [1, 2, 3, 4] which means path_links [1, 2, 3]
['newVeh94'] arrived @ sumotime 28502.0 seconds
new vehicle95 @ 07:55:16 (sumoTime: 28516 seconds) on link 1 with path_nodes [1, 2, 3, 4] which means path_links [1, 2, 3]
['newVeh95'] arrived @ sumotime 28546.0 seconds
new vehicle96 @ 07:57:31 (sumoTime: 28651 seconds) on link 1 with path_nodes [1, 2, 3, 4] which means path_links [1, 2, 3]
['newVeh96'] arrived @ sumotime 28677.0 seconds
08:00:00
Umlegung ausgeführt
curVolumes: (80000, [(3, 31, 0)])
new vehicle97 @ 08:00:49 (sumoTime: 28849 seconds) on link 1 with path_nodes [1, 2, 3, 4] which means path_links [1, 2, 3]
['newVeh97'] arrived @ sumotime 28899.0 seconds
new vehicle98 @ 08:02:43 (sumoTime: 28963 seconds) on link 1 with path_nodes [1, 2, 3, 4] which means path_links [1, 2, 3]
new vehicle99 @ 08:03:04 (sumoTime: 28984 seconds) on link 1 with path_nodes [1, 2, 3, 4] which means path_links [1, 2, 3]
['newVeh98'] arrived @ sumotime 29012.0 seconds
new vehicle100 @ 08:03:47 (sumoTime: 29027 seconds) on link 1 with path_nodes [1, 2, 3, 4] which means path_links [1, 2, 3]
['newVeh99'] arrived @ sumotime 29047.0 seconds
['newVeh100'] arrived @ sumotime 29085.0 seconds
new vehicle101 @ 08:05:20 (sumoTime: 29120 seconds) on link 1 with path_nodes [1, 2, 3, 4] which means path_links [1, 2, 3]
['newVeh101'] arrived @ sumotime 29175.0 seconds
new vehicle102 @ 08:07:59 (sumoTime: 29279 seconds) on link 1 with path_nodes [1, 2, 3, 4] which means path_links [1, 2, 3]
['newVeh102'] arrived @ sumotime 29333.0 seconds
new vehicle103 @ 08:10:57 (sumoTime: 29457 seconds) on link 1 with path_nodes [1, 2, 3, 4] which means path_links [1, 2, 3]
['newVeh103'] arrived @ sumotime 29511.0 seconds
new vehicle104 @ 08:13:25 (sumoTime: 29605 seconds) on link 1 with path_nodes [1, 2, 3, 4] which means path_links [1, 2, 3]
new vehicle105 @ 08:14:13 (sumoTime: 29653 seconds) on link 1 with path_nodes [1, 2, 3, 4] which means path_links [1, 2, 3]
['newVeh104'] arrived @ sumotime 29655.0 seconds
['newVeh105'] arrived @ sumotime 29702.0 seconds
new vehicle106 @ 08:15:56 (sumoTime: 29756 seconds) on link 1 with path_nodes [1, 2, 3, 4] which means path_links [1, 2, 3]
new vehicle107 @ 08:16:14 (sumoTime: 29774 seconds) on link 1 with path_nodes [1, 2, 3, 4] which means path_links [1, 2, 3]
['newVeh106'] arrived @ sumotime 29809.0 seconds
['newVeh107'] arrived @ sumotime 29827.0 seconds
new vehicle108 @ 08:18:07 (sumoTime: 29887 seconds) on link 1 with path_nodes [1, 2, 3, 4] which means path_links [1, 2, 3]
new vehicle109 @ 08:18:11 (sumoTime: 29891 seconds) on link 1 with path_nodes [1, 2, 3, 4] which means path_links [1, 2, 3]
['newVeh108'] arrived @ sumotime 29940.0 seconds
['newVeh109'] arrived @ sumotime 29944.0 seconds
new vehicle110 @ 08:23:11 (sumoTime: 30191 seconds) on link 1 with path_nodes [1, 2, 3, 4] which means path_links [1, 2, 3]
['newVeh110'] arrived @ sumotime 30244.0 seconds
new vehicle111 @ 08:25:01 (sumoTime: 30301 seconds) on link 1 with path_nodes [1, 2, 3, 4] which means path_links [1, 2, 3]
['newVeh111'] arrived @ sumotime 30353.0 seconds
new vehicle112 @ 08:27:50 (sumoTime: 30470 seconds) on link 1 with path_nodes [1, 2, 3, 4] which means path_links [1, 2, 3]
['newVeh112'] arrived @ sumotime 30526.0 seconds
['newVeh112'] arrived @ sumotime 30527.0 seconds
new vehicle113 @ 08:29:42 (sumoTime: 30582 seconds) on link 1 with path_nodes [1, 2, 3, 4] which means path_links [1, 2, 3]
['newVeh113'] arrived @ sumotime 30632.0 seconds
new vehicle114 @ 08:30:51 (sumoTime: 30651 seconds) on link 1 with path_nodes [1, 2, 3, 4] which means path_links [1, 2, 3]
new vehicle115 @ 08:31:18 (sumoTime: 30678 seconds) on link 1 with path_nodes [1, 2, 3, 4] which means path_links [1, 2, 3]
['newVeh114'] arrived @ sumotime 30706.0 seconds
['newVeh115'] arrived @ sumotime 30735.0 seconds
new vehicle116 @ 08:33:55 (sumoTime: 30835 seconds) on link 1 with path_nodes [1, 2, 3, 4] which means path_links [1, 2, 3]
['newVeh116'] arrived @ sumotime 30889.0 seconds
new vehicle117 @ 08:37:37 (sumoTime: 31057 seconds) on link 1 with path_nodes [1, 2, 3, 4] which means path_links [1, 2, 3]
['newVeh117'] arrived @ sumotime 31110.0 seconds
new vehicle118 @ 08:38:53 (sumoTime: 31133 seconds) on link 1 with path_nodes [1, 2, 3, 4] which means path_links [1, 2, 3]
['newVeh118'] arrived @ sumotime 31190.0 seconds
['newVeh118'] arrived @ sumotime 31191.0 seconds
new vehicle119 @ 08:44:18 (sumoTime: 31458 seconds) on link 1 with path_nodes [1, 2, 3, 4] which means path_links [1, 2, 3]
['newVeh119'] arrived @ sumotime 31509.0 seconds
new vehicle120 @ 08:46:47 (sumoTime: 31607 seconds) on link 1 with path_nodes [1, 2, 3, 4] which means path_links [1, 2, 3]
new vehicle121 @ 08:47:18 (sumoTime: 31638 seconds) on link 1 with path_nodes [1, 2, 3, 4] which means path_links [1, 2, 3]
['newVeh120'] arrived @ sumotime 31656.0 seconds
['newVeh121'] arrived @ sumotime 31691.0 seconds
new vehicle122 @ 08:51:33 (sumoTime: 31893 seconds) on link 1 with path_nodes [1, 2, 3, 4] which means path_links [1, 2, 3]
new vehicle123 @ 08:51:50 (sumoTime: 31910 seconds) on link 1 with path_nodes [1, 2, 3, 4] which means path_links [1, 2, 3]
new vehicle124 @ 08:51:59 (sumoTime: 31919 seconds) on link 1 with path_nodes [1, 2, 3, 4] which means path_links [1, 2, 3]
['newVeh122'] arrived @ sumotime 31944.0 seconds
['newVeh123'] arrived @ sumotime 31971.0 seconds
['newVeh123'] arrived @ sumotime 31972.0 seconds
['newVeh124'] arrived @ sumotime 31973.0 seconds
new vehicle125 @ 08:56:55 (sumoTime: 32215 seconds) on link 1 with path_nodes [1, 2, 3, 4] which means path_links [1, 2, 3]
['newVeh125'] arrived @ sumotime 32268.0 seconds
new vehicle126 @ 08:58:05 (sumoTime: 32285 seconds) on link 1 with path_nodes [1, 2, 3, 4] which means path_links [1, 2, 3]
['newVeh126'] arrived @ sumotime 32338.0 seconds
09:00:00
Umlegung ausgeführt
curVolumes: (90000, [(3, 33, 0)])
new vehicle127 @ 09:00:33 (sumoTime: 32433 seconds) on link 1 with path_nodes [1, 2, 3, 4] which means path_links [1, 2, 3]
new vehicle128 @ 09:01:06 (sumoTime: 32466 seconds) on link 1 with path_nodes [1, 2, 3, 4] which means path_links [1, 2, 3]
['newVeh127'] arrived @ sumotime 32493.0 seconds
['newVeh128'] arrived @ sumotime 32523.0 seconds
new vehicle129 @ 09:03:54 (sumoTime: 32634 seconds) on link 1 with path_nodes [1, 2, 3, 4] which means path_links [1, 2, 3]
['newVeh129'] arrived @ sumotime 32683.0 seconds
new vehicle130 @ 09:05:07 (sumoTime: 32707 seconds) on link 1 with path_nodes [1, 2, 3, 4] which means path_links [1, 2, 3]
['newVeh130'] arrived @ sumotime 32756.0 seconds
new vehicle131 @ 09:07:13 (sumoTime: 32833 seconds) on link 1 with path_nodes [1, 2, 3, 4] which means path_links [1, 2, 3]
['newVeh131'] arrived @ sumotime 32884.0 seconds
new vehicle132 @ 09:09:28 (sumoTime: 32968 seconds) on link 1 with path_nodes [1, 2, 3, 4] which means path_links [1, 2, 3]
new vehicle133 @ 09:09:34 (sumoTime: 32974 seconds) on link 1 with path_nodes [1, 2, 3, 4] which means path_links [1, 2, 3]
['newVeh132'] arrived @ sumotime 33024.0 seconds
['newVeh133'] arrived @ sumotime 33027.0 seconds
['newVeh133'] arrived @ sumotime 33028.0 seconds
new vehicle134 @ 09:22:16 (sumoTime: 33736 seconds) on link 1 with path_nodes [1, 2, 3, 4] which means path_links [1, 2, 3]
['newVeh134'] arrived @ sumotime 33785.0 seconds
new vehicle135 @ 09:23:18 (sumoTime: 33798 seconds) on link 1 with path_nodes [1, 2, 3, 4] which means path_links [1, 2, 3]
['newVeh135'] arrived @ sumotime 33860.0 seconds
new vehicle136 @ 09:26:32 (sumoTime: 33992 seconds) on link 1 with path_nodes [1, 2, 3, 4] which means path_links [1, 2, 3]
new vehicle137 @ 09:26:41 (sumoTime: 34001 seconds) on link 1 with path_nodes [1, 2, 3, 4] which means path_links [1, 2, 3]
['newVeh136'] arrived @ sumotime 34046.0 seconds
['newVeh137'] arrived @ sumotime 34057.0 seconds
new vehicle138 @ 09:29:17 (sumoTime: 34157 seconds) on link 1 with path_nodes [1, 2, 3, 4] which means path_links [1, 2, 3]
['newVeh138'] arrived @ sumotime 34210.0 seconds
new vehicle139 @ 09:31:38 (sumoTime: 34298 seconds) on link 1 with path_nodes [1, 2, 3, 4] which means path_links [1, 2, 3]
['newVeh139'] arrived @ sumotime 34349.0 seconds
new vehicle140 @ 09:40:52 (sumoTime: 34852 seconds) on link 1 with path_nodes [1, 2, 3, 4] which means path_links [1, 2, 3]
['newVeh140'] arrived @ sumotime 34903.0 seconds
new vehicle141 @ 09:43:35 (sumoTime: 35015 seconds) on link 1 with path_nodes [1, 2, 3, 4] which means path_links [1, 2, 3]
['newVeh141'] arrived @ sumotime 35069.0 seconds
new vehicle142 @ 09:46:40 (sumoTime: 35200 seconds) on link 1 with path_nodes [1, 2, 3, 4] which means path_links [1, 2, 3]
['newVeh142'] arrived @ sumotime 35250.0 seconds
new vehicle143 @ 09:50:15 (sumoTime: 35415 seconds) on link 1 with path_nodes [1, 2, 3, 4] which means path_links [1, 2, 3]
['newVeh143'] arrived @ sumotime 35463.0 seconds
new vehicle144 @ 09:55:17 (sumoTime: 35717 seconds) on link 1 with path_nodes [1, 2, 3, 4] which means path_links [1, 2, 3]
['newVeh144'] arrived @ sumotime 35770.0 seconds
new vehicle145 @ 09:56:29 (sumoTime: 35789 seconds) on link 1 with path_nodes [1, 2, 3, 4] which means path_links [1, 2, 3]
new vehicle146 @ 09:57:11 (sumoTime: 35831 seconds) on link 1 with path_nodes [1, 2, 3, 4] which means path_links [1, 2, 3]
['newVeh145'] arrived @ sumotime 35838.0 seconds
['newVeh146'] arrived @ sumotime 35882.0 seconds
10:00:00
Umlegung ausgeführt
curVolumes: (100000, [(3, 21, 0)])
new vehicle147 @ 10:00:03 (sumoTime: 36003 seconds) on link 1 with path_nodes [1, 2, 3, 4] which means path_links [1, 2, 3]
['newVeh147'] arrived @ sumotime 36057.0 seconds
new vehicle148 @ 10:02:20 (sumoTime: 36140 seconds) on link 1 with path_nodes [1, 2, 3, 4] which means path_links [1, 2, 3]
['newVeh148'] arrived @ sumotime 36195.0 seconds
new vehicle149 @ 10:04:19 (sumoTime: 36259 seconds) on link 1 with path_nodes [1, 2, 3, 4] which means path_links [1, 2, 3]
['newVeh149'] arrived @ sumotime 36309.0 seconds
new vehicle150 @ 10:09:25 (sumoTime: 36565 seconds) on link 1 with path_nodes [1, 2, 3, 4] which means path_links [1, 2, 3]
['newVeh150'] arrived @ sumotime 36616.0 seconds
new vehicle151 @ 10:16:44 (sumoTime: 37004 seconds) on link 1 with path_nodes [1, 2, 3, 4] which means path_links [1, 2, 3]
['newVeh151'] arrived @ sumotime 37056.0 seconds
['newVeh151'] arrived @ sumotime 37057.0 seconds
new vehicle152 @ 10:25:08 (sumoTime: 37508 seconds) on link 1 with path_nodes [1, 2, 3, 4] which means path_links [1, 2, 3]
['newVeh152'] arrived @ sumotime 37559.0 seconds
new vehicle153 @ 10:27:09 (sumoTime: 37629 seconds) on link 1 with path_nodes [1, 2, 3, 4] which means path_links [1, 2, 3]
new vehicle154 @ 10:27:20 (sumoTime: 37640 seconds) on link 1 with path_nodes [1, 2, 3, 4] which means path_links [1, 2, 3]
['newVeh153'] arrived @ sumotime 37682.0 seconds
['newVeh154'] arrived @ sumotime 37690.0 seconds
new vehicle155 @ 10:30:41 (sumoTime: 37841 seconds) on link 1 with path_nodes [1, 2, 3, 4] which means path_links [1, 2, 3]
['newVeh155'] arrived @ sumotime 37889.0 seconds
new vehicle156 @ 10:31:51 (sumoTime: 37911 seconds) on link 1 with path_nodes [1, 2, 3, 4] which means path_links [1, 2, 3]
new vehicle157 @ 10:32:03 (sumoTime: 37923 seconds) on link 1 with path_nodes [1, 2, 3, 4] which means path_links [1, 2, 3]
new vehicle158 @ 10:32:38 (sumoTime: 37958 seconds) on link 1 with path_nodes [1, 2, 3, 4] which means path_links [1, 2, 3]
['newVeh156'] arrived @ sumotime 37965.0 seconds
['newVeh157'] arrived @ sumotime 37971.0 seconds
['newVeh158'] arrived @ sumotime 38005.0 seconds
new vehicle159 @ 10:34:41 (sumoTime: 38081 seconds) on link 1 with path_nodes [1, 2, 3, 4] which means path_links [1, 2, 3]
['newVeh159'] arrived @ sumotime 38135.0 seconds
new vehicle160 @ 10:38:52 (sumoTime: 38332 seconds) on link 1 with path_nodes [1, 2, 3, 4] which means path_links [1, 2, 3]
['newVeh160'] arrived @ sumotime 38389.0 seconds
new vehicle161 @ 10:40:40 (sumoTime: 38440 seconds) on link 1 with path_nodes [1, 2, 3, 4] which means path_links [1, 2, 3]
new vehicle162 @ 10:41:16 (sumoTime: 38476 seconds) on link 1 with path_nodes [1, 2, 3, 4] which means path_links [1, 2, 3]
new vehicle163 @ 10:41:23 (sumoTime: 38483 seconds) on link 1 with path_nodes [1, 2, 3, 4] which means path_links [1, 2, 3]
['newVeh161'] arrived @ sumotime 38493.0 seconds
['newVeh162'] arrived @ sumotime 38526.0 seconds
['newVeh163'] arrived @ sumotime 38534.0 seconds
new vehicle164 @ 10:42:40 (sumoTime: 38560 seconds) on link 1 with path_nodes [1, 2, 3, 4] which means path_links [1, 2, 3]
new vehicle165 @ 10:42:56 (sumoTime: 38576 seconds) on link 1 with path_nodes [1, 2, 3, 4] which means path_links [1, 2, 3]
['newVeh164'] arrived @ sumotime 38610.0 seconds
new vehicle166 @ 10:43:33 (sumoTime: 38613 seconds) on link 1 with path_nodes [1, 2, 3, 4] which means path_links [1, 2, 3]
['newVeh165'] arrived @ sumotime 38627.0 seconds
['newVeh166'] arrived @ sumotime 38659.0 seconds
new vehicle167 @ 10:45:27 (sumoTime: 38727 seconds) on link 1 with path_nodes [1, 2, 3, 4] which means path_links [1, 2, 3]
['newVeh167'] arrived @ sumotime 38780.0 seconds
new vehicle168 @ 10:47:05 (sumoTime: 38825 seconds) on link 1 with path_nodes [1, 2, 3, 4] which means path_links [1, 2, 3]
new vehicle169 @ 10:47:46 (sumoTime: 38866 seconds) on link 1 with path_nodes [1, 2, 3, 4] which means path_links [1, 2, 3]
['newVeh168'] arrived @ sumotime 38884.0 seconds
['newVeh169'] arrived @ sumotime 38921.0 seconds
new vehicle170 @ 10:48:44 (sumoTime: 38924 seconds) on link 1 with path_nodes [1, 2, 3, 4] which means path_links [1, 2, 3]
['newVeh170'] arrived @ sumotime 38981.0 seconds
new vehicle171 @ 10:49:51 (sumoTime: 38991 seconds) on link 1 with path_nodes [1, 2, 3, 4] which means path_links [1, 2, 3]
['newVeh171'] arrived @ sumotime 39053.0 seconds
new vehicle172 @ 10:51:09 (sumoTime: 39069 seconds) on link 1 with path_nodes [1, 2, 3, 4] which means path_links [1, 2, 3]
new vehicle173 @ 10:51:56 (sumoTime: 39116 seconds) on link 1 with path_nodes [1, 2, 3, 4] which means path_links [1, 2, 3]
['newVeh172'] arrived @ sumotime 39117.0 seconds
['newVeh173'] arrived @ sumotime 39166.0 seconds
new vehicle174 @ 10:58:45 (sumoTime: 39525 seconds) on link 1 with path_nodes [1, 2, 3, 4] which means path_links [1, 2, 3]
new vehicle175 @ 10:59:02 (sumoTime: 39542 seconds) on link 1 with path_nodes [1, 2, 3, 4] which means path_links [1, 2, 3]
['newVeh174'] arrived @ sumotime 39579.0 seconds
['newVeh175'] arrived @ sumotime 39593.0 seconds
11:00:00
Umlegung ausgeführt
curVolumes: (110000, [(3, 30, 0)])
new vehicle176 @ 11:01:09 (sumoTime: 39669 seconds) on link 1 with path_nodes [1, 2, 3, 4] which means path_links [1, 2, 3]
new vehicle177 @ 11:01:35 (sumoTime: 39695 seconds) on link 1 with path_nodes [1, 2, 3, 4] which means path_links [1, 2, 3]
['newVeh176'] arrived @ sumotime 39722.0 seconds
new vehicle178 @ 11:02:22 (sumoTime: 39742 seconds) on link 1 with path_nodes [1, 2, 3, 4] which means path_links [1, 2, 3]
new vehicle179 @ 11:02:24 (sumoTime: 39744 seconds) on link 1 with path_nodes [1, 2, 3, 4] which means path_links [1, 2, 3]
['newVeh177'] arrived @ sumotime 39749.0 seconds
['newVeh178'] arrived @ sumotime 39791.0 seconds
['newVeh179'] arrived @ sumotime 39804.0 seconds
new vehicle180 @ 11:05:05 (sumoTime: 39905 seconds) on link 1 with path_nodes [1, 2, 3, 4] which means path_links [1, 2, 3]
new vehicle181 @ 11:05:10 (sumoTime: 39910 seconds) on link 1 with path_nodes [1, 2, 3, 4] which means path_links [1, 2, 3]
['newVeh180'] arrived @ sumotime 39955.0 seconds
['newVeh181'] arrived @ sumotime 39960.0 seconds
new vehicle182 @ 11:07:07 (sumoTime: 40027 seconds) on link 1 with path_nodes [1, 2, 3, 4] which means path_links [1, 2, 3]
['newVeh182'] arrived @ sumotime 40081.0 seconds
new vehicle183 @ 11:09:48 (sumoTime: 40188 seconds) on link 1 with path_nodes [1, 2, 3, 4] which means path_links [1, 2, 3]
new vehicle184 @ 11:10:32 (sumoTime: 40232 seconds) on link 1 with path_nodes [1, 2, 3, 4] which means path_links [1, 2, 3]
['newVeh183'] arrived @ sumotime 40238.0 seconds
['newVeh184'] arrived @ sumotime 40293.0 seconds
new vehicle185 @ 11:14:01 (sumoTime: 40441 seconds) on link 1 with path_nodes [1, 2, 3, 4] which means path_links [1, 2, 3]
['newVeh185'] arrived @ sumotime 40492.0 seconds
new vehicle186 @ 11:15:51 (sumoTime: 40551 seconds) on link 1 with path_nodes [1, 2, 3, 4] which means path_links [1, 2, 3]
new vehicle187 @ 11:16:14 (sumoTime: 40574 seconds) on link 1 with path_nodes [1, 2, 3, 4] which means path_links [1, 2, 3]
['newVeh186'] arrived @ sumotime 40607.0 seconds
['newVeh187'] arrived @ sumotime 40628.0 seconds
new vehicle188 @ 11:18:05 (sumoTime: 40685 seconds) on link 1 with path_nodes [1, 2, 3, 4] which means path_links [1, 2, 3]
new vehicle189 @ 11:18:27 (sumoTime: 40707 seconds) on link 1 with path_nodes [1, 2, 3, 4] which means path_links [1, 2, 3]
['newVeh188'] arrived @ sumotime 40736.0 seconds
['newVeh189'] arrived @ sumotime 40766.0 seconds
new vehicle190 @ 11:19:41 (sumoTime: 40781 seconds) on link 1 with path_nodes [1, 2, 3, 4] which means path_links [1, 2, 3]
new vehicle191 @ 11:19:56 (sumoTime: 40796 seconds) on link 1 with path_nodes [1, 2, 3, 4] which means path_links [1, 2, 3]
['newVeh190'] arrived @ sumotime 40837.0 seconds
['newVeh191'] arrived @ sumotime 40845.0 seconds
new vehicle192 @ 11:24:51 (sumoTime: 41091 seconds) on link 1 with path_nodes [1, 2, 3, 4] which means path_links [1, 2, 3]
new vehicle193 @ 11:24:54 (sumoTime: 41094 seconds) on link 1 with path_nodes [1, 2, 3, 4] which means path_links [1, 2, 3]
['newVeh192'] arrived @ sumotime 41145.0 seconds
['newVeh193'] arrived @ sumotime 41148.0 seconds
new vehicle194 @ 11:32:21 (sumoTime: 41541 seconds) on link 1 with path_nodes [1, 2, 3, 4] which means path_links [1, 2, 3]
['newVeh194'] arrived @ sumotime 41595.0 seconds
new vehicle195 @ 11:35:56 (sumoTime: 41756 seconds) on link 1 with path_nodes [1, 2, 3, 4] which means path_links [1, 2, 3]
['newVeh195'] arrived @ sumotime 41807.0 seconds
new vehicle196 @ 11:49:59 (sumoTime: 42599 seconds) on link 1 with path_nodes [1, 2, 3, 4] which means path_links [1, 2, 3]
['newVeh196'] arrived @ sumotime 42653.0 seconds
new vehicle197 @ 11:53:56 (sumoTime: 42836 seconds) on link 1 with path_nodes [1, 2, 3, 4] which means path_links [1, 2, 3]
new vehicle198 @ 11:54:11 (sumoTime: 42851 seconds) on link 1 with path_nodes [1, 2, 3, 4] which means path_links [1, 2, 3]
['newVeh197'] arrived @ sumotime 42889.0 seconds
['newVeh198'] arrived @ sumotime 42901.0 seconds
new vehicle199 @ 11:56:04 (sumoTime: 42964 seconds) on link 1 with path_nodes [1, 2, 3, 4] which means path_links [1, 2, 3]
['newVeh199'] arrived @ sumotime 43015.0 seconds
12:00:00
Umlegung ausgeführt
curVolumes: (120000, [(3, 24, 0)])
new vehicle200 @ 12:03:11 (sumoTime: 43391 seconds) on link 1 with path_nodes [1, 2, 3, 4] which means path_links [1, 2, 3]
['newVeh200'] arrived @ sumotime 43417.0 seconds
new vehicle201 @ 12:03:47 (sumoTime: 43427 seconds) on link 1 with path_nodes [1, 2, 3, 4] which means path_links [1, 2, 3]
['newVeh201'] arrived @ sumotime 43453.0 seconds
new vehicle202 @ 12:06:18 (sumoTime: 43578 seconds) on link 1 with path_nodes [1, 2, 3, 4] which means path_links [1, 2, 3]
['newVeh202'] arrived @ sumotime 43610.0 seconds
new vehicle203 @ 12:07:39 (sumoTime: 43659 seconds) on link 1 with path_nodes [1, 2, 3, 4] which means path_links [1, 2, 3]
['newVeh203'] arrived @ sumotime 43688.0 seconds
new vehicle204 @ 12:09:00 (sumoTime: 43740 seconds) on link 1 with path_nodes [1, 2, 3, 4] which means path_links [1, 2, 3]
['newVeh204'] arrived @ sumotime 43766.0 seconds
new vehicle205 @ 12:10:40 (sumoTime: 43840 seconds) on link 1 with path_nodes [1, 2, 3, 4] which means path_links [1, 2, 3]
new vehicle206 @ 12:10:54 (sumoTime: 43854 seconds) on link 1 with path_nodes [1, 2, 3, 4] which means path_links [1, 2, 3]
['newVeh205'] arrived @ sumotime 43866.0 seconds
['newVeh206'] arrived @ sumotime 43881.0 seconds
new vehicle207 @ 12:15:50 (sumoTime: 44150 seconds) on link 1 with path_nodes [1, 2, 3, 4] which means path_links [1, 2, 3]
['newVeh207'] arrived @ sumotime 44178.0 seconds
new vehicle208 @ 12:16:24 (sumoTime: 44184 seconds) on link 1 with path_nodes [1, 2, 3, 4] which means path_links [1, 2, 3]
['newVeh208'] arrived @ sumotime 44212.0 seconds
new vehicle209 @ 12:17:10 (sumoTime: 44230 seconds) on link 1 with path_nodes [1, 2, 3, 4] which means path_links [1, 2, 3]
new vehicle210 @ 12:17:16 (sumoTime: 44236 seconds) on link 1 with path_nodes [1, 2, 3, 4] which means path_links [1, 2, 3]
['newVeh209'] arrived @ sumotime 44256.0 seconds
['newVeh210'] arrived @ sumotime 44262.0 seconds
new vehicle211 @ 12:20:21 (sumoTime: 44421 seconds) on link 1 with path_nodes [1, 2, 3, 4] which means path_links [1, 2, 3]
['newVeh211'] arrived @ sumotime 44447.0 seconds
new vehicle212 @ 12:22:57 (sumoTime: 44577 seconds) on link 1 with path_nodes [1, 2, 3, 4] which means path_links [1, 2, 3]
['newVeh212'] arrived @ sumotime 44604.0 seconds
new vehicle213 @ 12:24:58 (sumoTime: 44698 seconds) on link 1 with path_nodes [1, 2, 3, 4] which means path_links [1, 2, 3]
['newVeh213'] arrived @ sumotime 44730.0 seconds
new vehicle214 @ 12:28:33 (sumoTime: 44913 seconds) on link 1 with path_nodes [1, 2, 3, 4] which means path_links [1, 2, 3]
['newVeh214'] arrived @ sumotime 44942.0 seconds
new vehicle215 @ 12:30:05 (sumoTime: 45005 seconds) on link 1 with path_nodes [1, 2, 3, 4] which means path_links [1, 2, 3]
['newVeh215'] arrived @ sumotime 45031.0 seconds
new vehicle216 @ 12:33:34 (sumoTime: 45214 seconds) on link 1 with path_nodes [1, 2, 3, 4] which means path_links [1, 2, 3]
['newVeh216'] arrived @ sumotime 45241.0 seconds
new vehicle217 @ 12:36:48 (sumoTime: 45408 seconds) on link 1 with path_nodes [1, 2, 3, 4] which means path_links [1, 2, 3]
new vehicle218 @ 12:37:11 (sumoTime: 45431 seconds) on link 1 with path_nodes [1, 2, 3, 4] which means path_links [1, 2, 3]
['newVeh217'] arrived @ sumotime 45435.0 seconds
['newVeh218'] arrived @ sumotime 45458.0 seconds
new vehicle219 @ 12:37:48 (sumoTime: 45468 seconds) on link 1 with path_nodes [1, 2, 3, 4] which means path_links [1, 2, 3]
['newVeh219'] arrived @ sumotime 45497.0 seconds
new vehicle220 @ 12:38:56 (sumoTime: 45536 seconds) on link 1 with path_nodes [1, 2, 3, 4] which means path_links [1, 2, 3]
['newVeh220'] arrived @ sumotime 45562.0 seconds
['newVeh220'] arrived @ sumotime 45563.0 seconds
new vehicle221 @ 12:39:49 (sumoTime: 45589 seconds) on link 1 with path_nodes [1, 2, 3, 4] which means path_links [1, 2, 3]
['newVeh221'] arrived @ sumotime 45615.0 seconds
new vehicle222 @ 12:40:29 (sumoTime: 45629 seconds) on link 1 with path_nodes [1, 2, 3, 4] which means path_links [1, 2, 3]
new vehicle223 @ 12:40:47 (sumoTime: 45647 seconds) on link 1 with path_nodes [1, 2, 3, 4] which means path_links [1, 2, 3]
['newVeh222'] arrived @ sumotime 45661.0 seconds
['newVeh223'] arrived @ sumotime 45677.0 seconds
new vehicle224 @ 12:42:08 (sumoTime: 45728 seconds) on link 1 with path_nodes [1, 2, 3, 4] which means path_links [1, 2, 3]
['newVeh224'] arrived @ sumotime 45755.0 seconds
new vehicle225 @ 12:42:45 (sumoTime: 45765 seconds) on link 1 with path_nodes [1, 2, 3, 4] which means path_links [1, 2, 3]
['newVeh225'] arrived @ sumotime 45791.0 seconds
new vehicle226 @ 12:45:15 (sumoTime: 45915 seconds) on link 1 with path_nodes [1, 2, 3, 4] which means path_links [1, 2, 3]
new vehicle227 @ 12:45:25 (sumoTime: 45925 seconds) on link 1 with path_nodes [1, 2, 3, 4] which means path_links [1, 2, 3]
['newVeh226'] arrived @ sumotime 45940.0 seconds
['newVeh227'] arrived @ sumotime 45951.0 seconds
new vehicle228 @ 12:47:30 (sumoTime: 46050 seconds) on link 1 with path_nodes [1, 2, 3, 4] which means path_links [1, 2, 3]
['newVeh228'] arrived @ sumotime 46076.0 seconds
new vehicle229 @ 12:50:42 (sumoTime: 46242 seconds) on link 1 with path_nodes [1, 2, 3, 4] which means path_links [1, 2, 3]
['newVeh229'] arrived @ sumotime 46268.0 seconds
['newVeh229'] arrived @ sumotime 46269.0 seconds
new vehicle230 @ 12:52:24 (sumoTime: 46344 seconds) on link 1 with path_nodes [1, 2, 3, 4] which means path_links [1, 2, 3]
['newVeh230'] arrived @ sumotime 46369.0 seconds
new vehicle231 @ 12:53:07 (sumoTime: 46387 seconds) on link 1 with path_nodes [1, 2, 3, 4] which means path_links [1, 2, 3]
['newVeh231'] arrived @ sumotime 46414.0 seconds
new vehicle232 @ 12:54:05 (sumoTime: 46445 seconds) on link 1 with path_nodes [1, 2, 3, 4] which means path_links [1, 2, 3]
new vehicle233 @ 12:54:16 (sumoTime: 46456 seconds) on link 1 with path_nodes [1, 2, 3, 4] which means path_links [1, 2, 3]
['newVeh232'] arrived @ sumotime 46473.0 seconds
['newVeh233'] arrived @ sumotime 46482.0 seconds
new vehicle234 @ 12:56:43 (sumoTime: 46603 seconds) on link 1 with path_nodes [1, 2, 3, 4] which means path_links [1, 2, 3]
['newVeh234'] arrived @ sumotime 46633.0 seconds
13:00:00
Umlegung ausgeführt
curVolumes: (130000, [(3, 37, 0)])
new vehicle235 @ 13:02:06 (sumoTime: 46926 seconds) on link 1 with path_nodes [1, 2, 3, 4] which means path_links [1, 2, 3]
['newVeh235'] arrived @ sumotime 46953.0 seconds
new vehicle236 @ 13:05:02 (sumoTime: 47102 seconds) on link 1 with path_nodes [1, 2, 3, 4] which means path_links [1, 2, 3]
new vehicle237 @ 13:05:27 (sumoTime: 47127 seconds) on link 1 with path_nodes [1, 2, 3, 4] which means path_links [1, 2, 3]
['newVeh236'] arrived @ sumotime 47129.0 seconds
['newVeh237'] arrived @ sumotime 47153.0 seconds
new vehicle238 @ 13:06:20 (sumoTime: 47180 seconds) on link 1 with path_nodes [1, 2, 3, 4] which means path_links [1, 2, 3]
['newVeh238'] arrived @ sumotime 47206.0 seconds
new vehicle239 @ 13:09:43 (sumoTime: 47383 seconds) on link 1 with path_nodes [1, 2, 3, 4] which means path_links [1, 2, 3]
['newVeh239'] arrived @ sumotime 47410.0 seconds
new vehicle240 @ 13:11:46 (sumoTime: 47506 seconds) on link 1 with path_nodes [1, 2, 3, 4] which means path_links [1, 2, 3]
new vehicle241 @ 13:12:08 (sumoTime: 47528 seconds) on link 1 with path_nodes [1, 2, 3, 4] which means path_links [1, 2, 3]
['newVeh240'] arrived @ sumotime 47536.0 seconds
new vehicle242 @ 13:12:18 (sumoTime: 47538 seconds) on link 1 with path_nodes [1, 2, 3, 4] which means path_links [1, 2, 3]
['newVeh241'] arrived @ sumotime 47557.0 seconds
['newVeh242'] arrived @ sumotime 47565.0 seconds
new vehicle243 @ 13:14:13 (sumoTime: 47653 seconds) on link 1 with path_nodes [1, 2, 3, 4] which means path_links [1, 2, 3]
new vehicle244 @ 13:14:14 (sumoTime: 47654 seconds) on link 1 with path_nodes [1, 2, 3, 4] which means path_links [1, 2, 3]
new vehicle245 @ 13:14:29 (sumoTime: 47669 seconds) on link 1 with path_nodes [1, 2, 3, 4] which means path_links [1, 2, 3]
new vehicle246 @ 13:14:38 (sumoTime: 47678 seconds) on link 1 with path_nodes [1, 2, 3, 4] which means path_links [1, 2, 3]
['newVeh243'] arrived @ sumotime 47680.0 seconds
['newVeh244'] arrived @ sumotime 47683.0 seconds
['newVeh245'] arrived @ sumotime 47699.0 seconds
['newVeh246'] arrived @ sumotime 47704.0 seconds
new vehicle247 @ 13:18:38 (sumoTime: 47918 seconds) on link 1 with path_nodes [1, 2, 3, 4] which means path_links [1, 2, 3]
new vehicle248 @ 13:18:53 (sumoTime: 47933 seconds) on link 1 with path_nodes [1, 2, 3, 4] which means path_links [1, 2, 3]
['newVeh247'] arrived @ sumotime 47944.0 seconds
new vehicle249 @ 13:19:07 (sumoTime: 47947 seconds) on link 1 with path_nodes [1, 2, 3, 4] which means path_links [1, 2, 3]
['newVeh248'] arrived @ sumotime 47958.0 seconds
new vehicle250 @ 13:19:27 (sumoTime: 47967 seconds) on link 1 with path_nodes [1, 2, 3, 4] which means path_links [1, 2, 3]
['newVeh249'] arrived @ sumotime 47973.0 seconds
['newVeh250'] arrived @ sumotime 47994.0 seconds
new vehicle251 @ 13:20:54 (sumoTime: 48054 seconds) on link 1 with path_nodes [1, 2, 3, 4] which means path_links [1, 2, 3]
new vehicle252 @ 13:21:05 (sumoTime: 48065 seconds) on link 1 with path_nodes [1, 2, 3, 4] which means path_links [1, 2, 3]
['newVeh251'] arrived @ sumotime 48085.0 seconds
['newVeh252'] arrived @ sumotime 48092.0 seconds
['newVeh252'] arrived @ sumotime 48093.0 seconds
new vehicle253 @ 13:22:28 (sumoTime: 48148 seconds) on link 1 with path_nodes [1, 2, 3, 4] which means path_links [1, 2, 3]
new vehicle254 @ 13:22:36 (sumoTime: 48156 seconds) on link 1 with path_nodes [1, 2, 3, 4] which means path_links [1, 2, 3]
['newVeh253'] arrived @ sumotime 48175.0 seconds
['newVeh254'] arrived @ sumotime 48185.0 seconds
new vehicle255 @ 13:27:39 (sumoTime: 48459 seconds) on link 1 with path_nodes [1, 2, 3, 4] which means path_links [1, 2, 3]
['newVeh255'] arrived @ sumotime 48487.0 seconds
new vehicle256 @ 13:29:59 (sumoTime: 48599 seconds) on link 1 with path_nodes [1, 2, 3, 4] which means path_links [1, 2, 3]
['newVeh256'] arrived @ sumotime 48626.0 seconds
new vehicle257 @ 13:31:34 (sumoTime: 48694 seconds) on link 1 with path_nodes [1, 2, 3, 4] which means path_links [1, 2, 3]
['newVeh257'] arrived @ sumotime 48721.0 seconds
new vehicle258 @ 13:32:12 (sumoTime: 48732 seconds) on link 1 with path_nodes [1, 2, 3, 4] which means path_links [1, 2, 3]
['newVeh258'] arrived @ sumotime 48760.0 seconds
new vehicle259 @ 13:33:31 (sumoTime: 48811 seconds) on link 1 with path_nodes [1, 2, 3, 4] which means path_links [1, 2, 3]
['newVeh259'] arrived @ sumotime 48839.0 seconds
new vehicle260 @ 13:34:21 (sumoTime: 48861 seconds) on link 1 with path_nodes [1, 2, 3, 4] which means path_links [1, 2, 3]
new vehicle261 @ 13:34:24 (sumoTime: 48864 seconds) on link 1 with path_nodes [1, 2, 3, 4] which means path_links [1, 2, 3]
['newVeh260'] arrived @ sumotime 48891.0 seconds
['newVeh261'] arrived @ sumotime 48893.0 seconds
new vehicle262 @ 13:35:51 (sumoTime: 48951 seconds) on link 1 with path_nodes [1, 2, 3, 4] which means path_links [1, 2, 3]
new vehicle263 @ 13:36:18 (sumoTime: 48978 seconds) on link 1 with path_nodes [1, 2, 3, 4] which means path_links [1, 2, 3]
['newVeh262'] arrived @ sumotime 48978.0 seconds
['newVeh263'] arrived @ sumotime 49005.0 seconds
new vehicle264 @ 13:37:03 (sumoTime: 49023 seconds) on link 1 with path_nodes [1, 2, 3, 4] which means path_links [1, 2, 3]
['newVeh264'] arrived @ sumotime 49050.0 seconds
new vehicle265 @ 13:37:37 (sumoTime: 49057 seconds) on link 1 with path_nodes [1, 2, 3, 4] which means path_links [1, 2, 3]
new vehicle266 @ 13:37:47 (sumoTime: 49067 seconds) on link 1 with path_nodes [1, 2, 3, 4] which means path_links [1, 2, 3]
['newVeh265'] arrived @ sumotime 49084.0 seconds
['newVeh266'] arrived @ sumotime 49091.0 seconds
new vehicle267 @ 13:39:23 (sumoTime: 49163 seconds) on link 1 with path_nodes [1, 2, 3, 4] which means path_links [1, 2, 3]
new vehicle268 @ 13:39:24 (sumoTime: 49164 seconds) on link 1 with path_nodes [1, 2, 3, 4] which means path_links [1, 2, 3]
['newVeh267'] arrived @ sumotime 49188.0 seconds
['newVeh268'] arrived @ sumotime 49191.0 seconds
new vehicle269 @ 13:41:41 (sumoTime: 49301 seconds) on link 1 with path_nodes [1, 2, 3, 4] which means path_links [1, 2, 3]
new vehicle270 @ 13:41:42 (sumoTime: 49302 seconds) on link 1 with path_nodes [1, 2, 3, 4] which means path_links [1, 2, 3]
['newVeh269'] arrived @ sumotime 49331.0 seconds
['newVeh270'] arrived @ sumotime 49333.0 seconds
new vehicle271 @ 13:43:49 (sumoTime: 49429 seconds) on link 1 with path_nodes [1, 2, 3, 4] which means path_links [1, 2, 3]
['newVeh271'] arrived @ sumotime 49455.0 seconds
new vehicle272 @ 13:47:46 (sumoTime: 49666 seconds) on link 1 with path_nodes [1, 2, 3, 4] which means path_links [1, 2, 3]
['newVeh272'] arrived @ sumotime 49694.0 seconds
new vehicle273 @ 13:50:17 (sumoTime: 49817 seconds) on link 1 with path_nodes [1, 2, 3, 4] which means path_links [1, 2, 3]
['newVeh273'] arrived @ sumotime 49849.0 seconds
new vehicle274 @ 13:53:27 (sumoTime: 50007 seconds) on link 1 with path_nodes [1, 2, 3, 4] which means path_links [1, 2, 3]
['newVeh274'] arrived @ sumotime 50034.0 seconds
new vehicle275 @ 13:54:46 (sumoTime: 50086 seconds) on link 1 with path_nodes [1, 2, 3, 4] which means path_links [1, 2, 3]
['newVeh275'] arrived @ sumotime 50115.0 seconds
new vehicle276 @ 13:55:16 (sumoTime: 50116 seconds) on link 1 with path_nodes [1, 2, 3, 4] which means path_links [1, 2, 3]
new vehicle277 @ 13:55:29 (sumoTime: 50129 seconds) on link 1 with path_nodes [1, 2, 3, 4] which means path_links [1, 2, 3]
['newVeh276'] arrived @ sumotime 50144.0 seconds
['newVeh277'] arrived @ sumotime 50155.0 seconds
new vehicle278 @ 13:57:17 (sumoTime: 50237 seconds) on link 1 with path_nodes [1, 2, 3, 4] which means path_links [1, 2, 3]
['newVeh278'] arrived @ sumotime 50265.0 seconds
new vehicle279 @ 13:58:11 (sumoTime: 50291 seconds) on link 1 with path_nodes [1, 2, 3, 4] which means path_links [1, 2, 3]
new vehicle280 @ 13:58:14 (sumoTime: 50294 seconds) on link 1 with path_nodes [1, 2, 3, 4] which means path_links [1, 2, 3]
['newVeh279'] arrived @ sumotime 50318.0 seconds
['newVeh280'] arrived @ sumotime 50324.0 seconds
14:00:00
Umlegung ausgeführt
curVolumes: (140000, [(3, 47, 0)])
new vehicle281 @ 14:01:50 (sumoTime: 50510 seconds) on link 1 with path_nodes [1, 2, 3, 4] which means path_links [1, 2, 3]
['newVeh281'] arrived @ sumotime 50539.0 seconds
new vehicle282 @ 14:04:34 (sumoTime: 50674 seconds) on link 1 with path_nodes [1, 2, 3, 4] which means path_links [1, 2, 3]
['newVeh282'] arrived @ sumotime 50702.0 seconds
new vehicle283 @ 14:05:04 (sumoTime: 50704 seconds) on link 1 with path_nodes [1, 2, 3, 4] which means path_links [1, 2, 3]
['newVeh283'] arrived @ sumotime 50729.0 seconds
new vehicle284 @ 14:05:46 (sumoTime: 50746 seconds) on link 1 with path_nodes [1, 2, 3, 4] which means path_links [1, 2, 3]
['newVeh284'] arrived @ sumotime 50774.0 seconds
new vehicle285 @ 14:06:31 (sumoTime: 50791 seconds) on link 1 with path_nodes [1, 2, 3, 4] which means path_links [1, 2, 3]
['newVeh285'] arrived @ sumotime 50822.0 seconds
new vehicle286 @ 14:10:23 (sumoTime: 51023 seconds) on link 1 with path_nodes [1, 2, 3, 4] which means path_links [1, 2, 3]
['newVeh286'] arrived @ sumotime 51049.0 seconds
['newVeh286'] arrived @ sumotime 51050.0 seconds
new vehicle287 @ 14:11:48 (sumoTime: 51108 seconds) on link 1 with path_nodes [1, 2, 3, 4] which means path_links [1, 2, 3]
['newVeh287'] arrived @ sumotime 51134.0 seconds
new vehicle288 @ 14:14:41 (sumoTime: 51281 seconds) on link 1 with path_nodes [1, 2, 3, 4] which means path_links [1, 2, 3]
['newVeh288'] arrived @ sumotime 51311.0 seconds
new vehicle289 @ 14:18:22 (sumoTime: 51502 seconds) on link 1 with path_nodes [1, 2, 3, 4] which means path_links [1, 2, 3]
['newVeh289'] arrived @ sumotime 51531.0 seconds
new vehicle290 @ 14:19:31 (sumoTime: 51571 seconds) on link 1 with path_nodes [1, 2, 3, 4] which means path_links [1, 2, 3]
new vehicle291 @ 14:19:38 (sumoTime: 51578 seconds) on link 1 with path_nodes [1, 2, 3, 4] which means path_links [1, 2, 3]
['newVeh290'] arrived @ sumotime 51597.0 seconds
new vehicle292 @ 14:19:59 (sumoTime: 51599 seconds) on link 1 with path_nodes [1, 2, 3, 4] which means path_links [1, 2, 3]
['newVeh291'] arrived @ sumotime 51606.0 seconds
['newVeh292'] arrived @ sumotime 51625.0 seconds
new vehicle293 @ 14:20:47 (sumoTime: 51647 seconds) on link 1 with path_nodes [1, 2, 3, 4] which means path_links [1, 2, 3]
new vehicle294 @ 14:21:09 (sumoTime: 51669 seconds) on link 1 with path_nodes [1, 2, 3, 4] which means path_links [1, 2, 3]
new vehicle295 @ 14:21:12 (sumoTime: 51672 seconds) on link 1 with path_nodes [1, 2, 3, 4] which means path_links [1, 2, 3]
['newVeh293'] arrived @ sumotime 51678.0 seconds
new vehicle296 @ 14:21:26 (sumoTime: 51686 seconds) on link 1 with path_nodes [1, 2, 3, 4] which means path_links [1, 2, 3]
['newVeh294'] arrived @ sumotime 51699.0 seconds
['newVeh295'] arrived @ sumotime 51701.0 seconds
['newVeh296'] arrived @ sumotime 51713.0 seconds
new vehicle297 @ 14:23:27 (sumoTime: 51807 seconds) on link 1 with path_nodes [1, 2, 3, 4] which means path_links [1, 2, 3]
['newVeh297'] arrived @ sumotime 51834.0 seconds
['newVeh297'] arrived @ sumotime 51835.0 seconds
new vehicle298 @ 14:24:46 (sumoTime: 51886 seconds) on link 1 with path_nodes [1, 2, 3, 4] which means path_links [1, 2, 3]
['newVeh298'] arrived @ sumotime 51914.0 seconds
new vehicle299 @ 14:25:33 (sumoTime: 51933 seconds) on link 1 with path_nodes [1, 2, 3, 4] which means path_links [1, 2, 3]
['newVeh299'] arrived @ sumotime 51958.0 seconds
new vehicle300 @ 14:26:02 (sumoTime: 51962 seconds) on link 1 with path_nodes [1, 2, 3, 4] which means path_links [1, 2, 3]
['newVeh300'] arrived @ sumotime 51991.0 seconds
new vehicle301 @ 14:27:31 (sumoTime: 52051 seconds) on link 1 with path_nodes [1, 2, 3, 4] which means path_links [1, 2, 3]
new vehicle302 @ 14:27:50 (sumoTime: 52070 seconds) on link 1 with path_nodes [1, 2, 3, 4] which means path_links [1, 2, 3]
new vehicle303 @ 14:27:56 (sumoTime: 52076 seconds) on link 1 with path_nodes [1, 2, 3, 4] which means path_links [1, 2, 3]
['newVeh301'] arrived @ sumotime 52077.0 seconds
['newVeh301'] arrived @ sumotime 52078.0 seconds
['newVeh302'] arrived @ sumotime 52096.0 seconds
['newVeh303'] arrived @ sumotime 52104.0 seconds
new vehicle304 @ 14:30:08 (sumoTime: 52208 seconds) on link 1 with path_nodes [1, 2, 3, 4] which means path_links [1, 2, 3]
new vehicle305 @ 14:30:33 (sumoTime: 52233 seconds) on link 1 with path_nodes [1, 2, 3, 4] which means path_links [1, 2, 3]
['newVeh304'] arrived @ sumotime 52234.0 seconds
new vehicle306 @ 14:30:37 (sumoTime: 52237 seconds) on link 1 with path_nodes [1, 2, 3, 4] which means path_links [1, 2, 3]
new vehicle307 @ 14:30:41 (sumoTime: 52241 seconds) on link 1 with path_nodes [1, 2, 3, 4] which means path_links [1, 2, 3]
['newVeh305'] arrived @ sumotime 52259.0 seconds
['newVeh306'] arrived @ sumotime 52265.0 seconds
['newVeh307'] arrived @ sumotime 52267.0 seconds
new vehicle308 @ 14:35:19 (sumoTime: 52519 seconds) on link 1 with path_nodes [1, 2, 3, 4] which means path_links [1, 2, 3]
['newVeh308'] arrived @ sumotime 52543.0 seconds
new vehicle309 @ 14:37:16 (sumoTime: 52636 seconds) on link 1 with path_nodes [1, 2, 3, 4] which means path_links [1, 2, 3]
new vehicle310 @ 14:37:27 (sumoTime: 52647 seconds) on link 1 with path_nodes [1, 2, 3, 4] which means path_links [1, 2, 3]
['newVeh309'] arrived @ sumotime 52663.0 seconds
['newVeh310'] arrived @ sumotime 52677.0 seconds
new vehicle311 @ 14:40:51 (sumoTime: 52851 seconds) on link 1 with path_nodes [1, 2, 3, 4] which means path_links [1, 2, 3]
new vehicle312 @ 14:40:58 (sumoTime: 52858 seconds) on link 1 with path_nodes [1, 2, 3, 4] which means path_links [1, 2, 3]
['newVeh311'] arrived @ sumotime 52878.0 seconds
new vehicle313 @ 14:41:22 (sumoTime: 52882 seconds) on link 1 with path_nodes [1, 2, 3, 4] which means path_links [1, 2, 3]
['newVeh312'] arrived @ sumotime 52886.0 seconds
['newVeh313'] arrived @ sumotime 52909.0 seconds
new vehicle314 @ 14:42:06 (sumoTime: 52926 seconds) on link 1 with path_nodes [1, 2, 3, 4] which means path_links [1, 2, 3]
['newVeh314'] arrived @ sumotime 52953.0 seconds
new vehicle315 @ 14:44:32 (sumoTime: 53072 seconds) on link 1 with path_nodes [1, 2, 3, 4] which means path_links [1, 2, 3]
new vehicle316 @ 14:44:39 (sumoTime: 53079 seconds) on link 1 with path_nodes [1, 2, 3, 4] which means path_links [1, 2, 3]
['newVeh315'] arrived @ sumotime 53098.0 seconds
['newVeh316'] arrived @ sumotime 53103.0 seconds
new vehicle317 @ 14:45:09 (sumoTime: 53109 seconds) on link 1 with path_nodes [1, 2, 3, 4] which means path_links [1, 2, 3]
['newVeh317'] arrived @ sumotime 53136.0 seconds
new vehicle318 @ 14:45:38 (sumoTime: 53138 seconds) on link 1 with path_nodes [1, 2, 3, 4] which means path_links [1, 2, 3]
['newVeh318'] arrived @ sumotime 53165.0 seconds
new vehicle319 @ 14:46:15 (sumoTime: 53175 seconds) on link 1 with path_nodes [1, 2, 3, 4] which means path_links [1, 2, 3]
['newVeh319'] arrived @ sumotime 53206.0 seconds
new vehicle320 @ 14:47:06 (sumoTime: 53226 seconds) on link 1 with path_nodes [1, 2, 3, 4] which means path_links [1, 2, 3]
new vehicle321 @ 14:47:11 (sumoTime: 53231 seconds) on link 1 with path_nodes [1, 2, 3, 4] which means path_links [1, 2, 3]
['newVeh320'] arrived @ sumotime 53257.0 seconds
['newVeh321'] arrived @ sumotime 53259.0 seconds
new vehicle322 @ 14:47:50 (sumoTime: 53270 seconds) on link 1 with path_nodes [1, 2, 3, 4] which means path_links [1, 2, 3]
new vehicle323 @ 14:47:57 (sumoTime: 53277 seconds) on link 1 with path_nodes [1, 2, 3, 4] which means path_links [1, 2, 3]
['newVeh322'] arrived @ sumotime 53296.0 seconds
['newVeh323'] arrived @ sumotime 53305.0 seconds
new vehicle324 @ 14:50:48 (sumoTime: 53448 seconds) on link 1 with path_nodes [1, 2, 3, 4] which means path_links [1, 2, 3]
new vehicle325 @ 14:51:01 (sumoTime: 53461 seconds) on link 1 with path_nodes [1, 2, 3, 4] which means path_links [1, 2, 3]
['newVeh324'] arrived @ sumotime 53475.0 seconds
new vehicle326 @ 14:51:21 (sumoTime: 53481 seconds) on link 1 with path_nodes [1, 2, 3, 4] which means path_links [1, 2, 3]
['newVeh325'] arrived @ sumotime 53489.0 seconds
new vehicle327 @ 14:51:44 (sumoTime: 53504 seconds) on link 1 with path_nodes [1, 2, 3, 4] which means path_links [1, 2, 3]
['newVeh326'] arrived @ sumotime 53509.0 seconds
new vehicle328 @ 14:52:01 (sumoTime: 53521 seconds) on link 1 with path_nodes [1, 2, 3, 4] which means path_links [1, 2, 3]
['newVeh327'] arrived @ sumotime 53530.0 seconds
['newVeh328'] arrived @ sumotime 53549.0 seconds
['newVeh328'] arrived @ sumotime 53550.0 seconds
new vehicle329 @ 14:57:05 (sumoTime: 53825 seconds) on link 1 with path_nodes [1, 2, 3, 4] which means path_links [1, 2, 3]
['newVeh329'] arrived @ sumotime 53854.0 seconds
new vehicle330 @ 14:58:48 (sumoTime: 53928 seconds) on link 1 with path_nodes [1, 2, 3, 4] which means path_links [1, 2, 3]
['newVeh330'] arrived @ sumotime 53955.0 seconds
new vehicle331 @ 14:59:31 (sumoTime: 53971 seconds) on link 1 with path_nodes [1, 2, 3, 4] which means path_links [1, 2, 3]
new vehicle332 @ 14:59:42 (sumoTime: 53982 seconds) on link 1 with path_nodes [1, 2, 3, 4] which means path_links [1, 2, 3]
new vehicle333 @ 14:59:53 (sumoTime: 53993 seconds) on link 1 with path_nodes [1, 2, 3, 4] which means path_links [1, 2, 3]
['newVeh331'] arrived @ sumotime 53999.0 seconds
Gesamte Auslastung: 296
Summe erzeugter Fahrzeuge: 334
-> Fahrzeuge verloren: -38
Tupel bestehend aus: VolVisum, geplantesVolSumo, avgArrTimeVisum, avgArrTimeSumo
Link: 1 -> [(2, 2, 1800, 2502), (5, 8, 720, 523), (7, 9, 514, 653), (10, 10, 360, 456), (12, 18, 300, 214), (15, 12, 240, 304), (17, 17, 211, 216), (20, 29, 180, 128), (22, 31, 163, 132), (25, 21, 144, 181), (27, 30, 133, 124), (30, 25, 120, 147), (32, 36, 112, 97), (35, 47, 102, 75), (37, 54, 97, 66)]
Link: 3 -> []
Link: 5 -> []
VolumenInSumo: [(1942, ['1', '2', '3']), (10423, ['1', '2', '3']), (10519, ['1', '2', '3']), (12124, ['1', '2', '3']), (13503, ['1', '2', '3']), (13546, ['1', '2', '3']), (14836, ['1', '2', '3']), (15215, ['1', '2', '3']), (22708, ['1', '2', '3']), (23158, ['1', '2', '3']), (23243, ['1', '2', '3']), (24128, ['1', '2', '3']), (25047, ['1', '2', '3']), (25055, ['1', '2', '3']), (25511, ['1', '2', '3']), (25838, ['1', '2', '3']), (30112, ['1', '2', '3']), (30328, ['1', '2', '3']), (30712, ['1', '2', '3']), (31942, ['1', '2', '3']), (32059, ['1', '2', '3']), (33136, ['1', '2', '3']), (33214, ['1', '2', '3']), (34120, ['1', '2', '3']), (35901, ['1', '2', '3']), (40040, ['1', '2', '3']), (40120, ['1', '2', '3']), (40337, ['1', '2', '3']), (40619, ['1', '2', '3']), (40826, ['1', '2', '3']), (41053, ['1', '2', '3']), (41204, ['1', '2', '3']), (41504, ['1', '2', '3']), (42102, ['1', '2', '3']), (42149, ['1', '2', '3']), (42210, ['1', '2', '3']), (42217, ['1', '2', '3']), (43358, ['1', '2', '3']), (44100, ['1', '2', '3']), (44117, ['1', '2', '3']), (44810, ['1', '2', '3']), (45206, ['1', '2', '3']), (50454, ['1', '2', '3']), (50641, ['1', '2', '3']), (51601, ['1', '2', '3']), (52651, ['1', '2', '3']), (52700, ['1', '2', '3']), (52848, ['1', '2', '3']), (53423, ['1', '2', '3']), (53740, ['1', '2', '3']), (54209, ['1', '2', '3']), (55132, ['1', '2', '3']), (55416, ['1', '2', '3']), (60303, ['1', '2', '3']), (61032, ['1', '2', '3']), (62212, ['1', '2', '3']), (63056, ['1', '2', '3']), (63416, ['1', '2', '3']), (63620, ['1', '2', '3']), (63655, ['1', '2', '3']), (63924, ['1', '2', '3']), (64032, ['1', '2', '3']), (64034, ['1', '2', '3']), (64559, ['1', '2', '3']), (64752, ['1', '2', '3']), (64758, ['1', '2', '3']), (64905, ['1', '2', '3']), (65000, ['1', '2', '3']), (65939, ['1', '2', '3']), (70031, ['1', '2', '3']), (70213, ['1', '2', '3']), (70702, ['1', '2', '3']), (71243, ['1', '2', '3']), (71357, ['1', '2', '3']), (71638, ['1', '2', '3']), (72137, ['1', '2', '3']), (72342, ['1', '2', '3']), (72349, ['1', '2', '3']), (72542, ['1', '2', '3']), (72636, ['1', '2', '3']), (72655, ['1', '2', '3']), (72824, ['1', '2', '3']), (73016, ['1', '2', '3']), (73158, ['1', '2', '3']), (73338, ['1', '2', '3']), (73339, ['1', '2', '3']), (73452, ['1', '2', '3']), (73558, ['1', '2', '3']), (73645, ['1', '2', '3']), (73819, ['1', '2', '3']), (74450, ['1', '2', '3']), (75206, ['1', '2', '3']), (75215, ['1', '2', '3']), (75402, ['1', '2', '3']), (75434, ['1', '2', '3']), (75516, ['1', '2', '3']), (75731, ['1', '2', '3']), (80049, ['1', '6', '7', '-8', '3']), (80243, ['1', '6', '7', '-8', '3']), (80304, ['1', '6', '7', '-8', '3']), (80347, ['1', '6', '7', '-8', '3']), (80520, ['1', '6', '7', '-8', '3']), (80759, ['1', '6', '7', '-8', '3']), (81057, ['1', '6', '7', '-8', '3']), (81325, ['1', '6', '7', '-8', '3']), (81413, ['1', '6', '7', '-8', '3']), (81556, ['1', '6', '7', '-8', '3']), (81614, ['1', '6', '7', '-8', '3']), (81807, ['1', '6', '7', '-8', '3']), (81811, ['1', '6', '7', '-8', '3']), (82311, ['1', '6', '7', '-8', '3']), (82501, ['1', '6', '7', '-8', '3']), (82750, ['1', '6', '7', '-8', '3']), (82942, ['1', '6', '7', '-8', '3']), (83051, ['1', '6', '7', '-8', '3']), (83118, ['1', '6', '7', '-8', '3']), (83355, ['1', '6', '7', '-8', '3']), (83737, ['1', '6', '7', '-8', '3']), (83853, ['1', '6', '7', '-8', '3']), (84418, ['1', '6', '7', '-8', '3']), (84647, ['1', '6', '7', '-8', '3']), (84718, ['1', '6', '7', '-8', '3']), (85133, ['1', '6', '7', '-8', '3']), (85150, ['1', '6', '7', '-8', '3']), (85159, ['1', '6', '7', '-8', '3']), (85655, ['1', '6', '7', '-8', '3']), (85805, ['1', '6', '7', '-8', '3']), (90033, ['1', '6', '7', '-8', '3']), (90106, ['1', '6', '7', '-8', '3']), (90354, ['1', '6', '7', '-8', '3']), (90507, ['1', '6', '7', '-8', '3']), (90713, ['1', '6', '7', '-8', '3']), (90928, ['1', '6', '7', '-8', '3']), (90934, ['1', '6', '7', '-8', '3']), (92216, ['1', '6', '7', '-8', '3']), (92318, ['1', '6', '7', '-8', '3']), (92632, ['1', '6', '7', '-8', '3']), (92641, ['1', '6', '7', '-8', '3']), (92917, ['1', '6', '7', '-8', '3']), (93138, ['1', '6', '7', '-8', '3']), (94052, ['1', '6', '7', '-8', '3']), (94335, ['1', '6', '7', '-8', '3']), (94640, ['1', '6', '7', '-8', '3']), (95015, ['1', '6', '7', '-8', '3']), (95517, ['1', '6', '7', '-8', '3']), (95629, ['1', '6', '7', '-8', '3']), (95711, ['1', '6', '7', '-8', '3']), (100003, ['1', '6', '7', '-8', '3']), (100220, ['1', '6', '7', '-8', '3']), (100419, ['1', '6', '7', '-8', '3']), (100925, ['1', '6', '7', '-8', '3']), (101644, ['1', '6', '7', '-8', '3']), (102508, ['1', '6', '7', '-8', '3']), (102709, ['1', '6', '7', '-8', '3']), (102720, ['1', '6', '7', '-8', '3']), (103041, ['1', '6', '7', '-8', '3']), (103151, ['1', '6', '7', '-8', '3']), (103203, ['1', '6', '7', '-8', '3']), (103238, ['1', '6', '7', '-8', '3']), (103441, ['1', '6', '7', '-8', '3']), (103852, ['1', '6', '7', '-8', '3']), (104040, ['1', '6', '7', '-8', '3']), (104116, ['1', '6', '7', '-8', '3']), (104123, ['1', '6', '7', '-8', '3']), (104240, ['1', '6', '7', '-8', '3']), (104256, ['1', '6', '7', '-8', '3']), (104333, ['1', '6', '7', '-8', '3']), (104527, ['1', '6', '7', '-8', '3']), (104705, ['1', '6', '7', '-8', '3']), (104746, ['1', '6', '7', '-8', '3']), (104844, ['1', '6', '7', '-8', '3']), (104951, ['1', '6', '7', '-8', '3']), (105109, ['1', '6', '7', '-8', '3']), (105156, ['1', '6', '7', '-8', '3']), (105845, ['1', '6', '7', '-8', '3']), (105902, ['1', '6', '7', '-8', '3']), (110109, ['1', '6', '7', '-8', '3']), (110135, ['1', '6', '7', '-8', '3']), (110222, ['1', '6', '7', '-8', '3']), (110224, ['1', '6', '7', '-8', '3']), (110505, ['1', '6', '7', '-8', '3']), (110510, ['1', '6', '7', '-8', '3']), (110707, ['1', '6', '7', '-8', '3']), (110948, ['1', '6', '7', '-8', '3']), (111032, ['1', '6', '7', '-8', '3']), (111401, ['1', '6', '7', '-8', '3']), (111551, ['1', '6', '7', '-8', '3']), (111614, ['1', '6', '7', '-8', '3']), (111805, ['1', '6', '7', '-8', '3']), (111827, ['1', '6', '7', '-8', '3']), (111941, ['1', '6', '7', '-8', '3']), (111956, ['1', '6', '7', '-8', '3']), (112451, ['1', '6', '7', '-8', '3']), (112454, ['1', '6', '7', '-8', '3']), (113221, ['1', '6', '7', '-8', '3']), (113556, ['1', '6', '7', '-8', '3']), (114959, ['1', '6', '7', '-8', '3']), (115356, ['1', '6', '7', '-8', '3']), (115411, ['1', '6', '7', '-8', '3']), (115604, ['1', '6', '7', '-8', '3']), (120311, ['1', '2', '3']), (120347, ['1', '2', '3']), (120618, ['1', '2', '3']), (120739, ['1', '2', '3']), (120900, ['1', '2', '3']), (121040, ['1', '2', '3']), (121054, ['1', '2', '3']), (121550, ['1', '2', '3']), (121624, ['1', '2', '3']), (121710, ['1', '2', '3']), (121716, ['1', '2', '3']), (122021, ['1', '2', '3']), (122257, ['1', '2', '3']), (122458, ['1', '2', '3']), (122833, ['1', '2', '3']), (123005, ['1', '2', '3']), (123334, ['1', '2', '3']), (123648, ['1', '2', '3']), (123711, ['1', '2', '3']), (123748, ['1', '2', '3']), (123856, ['1', '2', '3']), (123949, ['1', '2', '3']), (124029, ['1', '2', '3']), (124047, ['1', '2', '3']), (124208, ['1', '2', '3']), (124245, ['1', '2', '3']), (124515, ['1', '2', '3']), (124525, ['1', '2', '3']), (124730, ['1', '2', '3']), (125042, ['1', '2', '3']), (125224, ['1', '2', '3']), (125307, ['1', '2', '3']), (125405, ['1', '2', '3']), (125416, ['1', '2', '3']), (125643, ['1', '2', '3']), (130206, ['1', '2', '3']), (130502, ['1', '2', '3']), (130527, ['1', '2', '3']), (130620, ['1', '2', '3']), (130943, ['1', '2', '3']), (131146, ['1', '2', '3']), (131208, ['1', '2', '3']), (131218, ['1', '2', '3']), (131413, ['1', '2', '3']), (131414, ['1', '2', '3']), (131429, ['1', '2', '3']), (131438, ['1', '2', '3']), (131838, ['1', '2', '3']), (131853, ['1', '2', '3']), (131907, ['1', '2', '3']), (131927, ['1', '2', '3']), (132054, ['1', '2', '3']), (132105, ['1', '2', '3']), (132228, ['1', '2', '3']), (132236, ['1', '2', '3']), (132739, ['1', '2', '3']), (132959, ['1', '2', '3']), (133134, ['1', '2', '3']), (133212, ['1', '2', '3']), (133331, ['1', '2', '3']), (133421, ['1', '2', '3']), (133424, ['1', '2', '3']), (133551, ['1', '2', '3']), (133618, ['1', '2', '3']), (133703, ['1', '2', '3']), (133737, ['1', '2', '3']), (133747, ['1', '2', '3']), (133923, ['1', '2', '3']), (133924, ['1', '2', '3']), (134141, ['1', '2', '3']), (134142, ['1', '2', '3']), (134349, ['1', '2', '3']), (134746, ['1', '2', '3']), (135017, ['1', '2', '3']), (135327, ['1', '2', '3']), (135446, ['1', '2', '3']), (135516, ['1', '2', '3']), (135529, ['1', '2', '3']), (135717, ['1', '2', '3']), (135811, ['1', '2', '3']), (135814, ['1', '2', '3']), (140150, ['1', '2', '3']), (140434, ['1', '2', '3']), (140504, ['1', '2', '3']), (140546, ['1', '2', '3']), (140631, ['1', '2', '3']), (141023, ['1', '2', '3']), (141148, ['1', '2', '3']), (141441, ['1', '2', '3']), (141822, ['1', '2', '3']), (141931, ['1', '2', '3']), (141938, ['1', '2', '3']), (141959, ['1', '2', '3']), (142047, ['1', '2', '3']), (142109, ['1', '2', '3']), (142112, ['1', '2', '3']), (142126, ['1', '2', '3']), (142327, ['1', '2', '3']), (142446, ['1', '2', '3']), (142533, ['1', '2', '3']), (142602, ['1', '2', '3']), (142731, ['1', '2', '3']), (142750, ['1', '2', '3']), (142756, ['1', '2', '3']), (143008, ['1', '2', '3']), (143033, ['1', '2', '3']), (143037, ['1', '2', '3']), (143041, ['1', '2', '3']), (143519, ['1', '2', '3']), (143716, ['1', '2', '3']), (143727, ['1', '2', '3']), (144051, ['1', '2', '3']), (144058, ['1', '2', '3']), (144122, ['1', '2', '3']), (144206, ['1', '2', '3']), (144432, ['1', '2', '3']), (144439, ['1', '2', '3']), (144509, ['1', '2', '3']), (144538, ['1', '2', '3']), (144615, ['1', '2', '3']), (144706, ['1', '2', '3']), (144711, ['1', '2', '3']), (144750, ['1', '2', '3']), (144757, ['1', '2', '3']), (145048, ['1', '2', '3']), (145101, ['1', '2', '3']), (145121, ['1', '2', '3']), (145144, ['1', '2', '3']), (145201, ['1', '2', '3']), (145705, ['1', '2', '3']), (145848, ['1', '2', '3']), (145931, ['1', '2', '3']), (145942, ['1', '2', '3']), (145953, ['1', '2', '3'])]
2 -> 3 : [(0, 2), (10000, 5), (20000, 7), (30000, 10), (40000, 12), (50000, 15), (60000, 17), (70000, 20), (80000, 22), (90000, 25), (100000, 27), (110000, 30), (120000, 32), (130000, 35), (140000, 37)]
2 -> 5 : [(0, 0), (10000, 0), (20000, 0), (30000, 0), (40000, 0), (50000, 0), (60000, 0), (70000, 0), (80000, 0), (90000, 0), (100000, 0), (110000, 0), (120000, 0), (130000, 0), (140000, 0)]
2 -> 6 : [(0, 0), (10000, 0), (20000, 0), (30000, 0), (40000, 0), (50000, 0), (60000, 0), (70000, 0), (80000, 0), (90000, 0), (100000, 0), (110000, 0), (120000, 0), (130000, 0), (140000, 0)]
3 -> 2 : [(0, 0), (10000, 0), (20000, 0), (30000, 0), (40000, 0), (50000, 0), (60000, 0), (70000, 0), (80000, 0), (90000, 0), (100000, 0), (110000, 0), (120000, 0), (130000, 0), (140000, 0)]
3 -> 4 : [(0, 2), (10000, 5), (20000, 7), (30000, 10), (40000, 12), (50000, 15), (60000, 17), (70000, 20), (80000, 22), (90000, 25), (100000, 27), (110000, 30), (120000, 32), (130000, 35), (140000, 37)]
3 -> 7 : [(0, 0), (10000, 0), (20000, 0), (30000, 0), (40000, 0), (50000, 0), (60000, 0), (70000, 0), (80000, 0), (90000, 0), (100000, 0), (110000, 0), (120000, 0), (130000, 0), (140000, 0)]
4 -> 3 : [(0, 0), (10000, 0), (20000, 0), (30000, 0), (40000, 0), (50000, 0), (60000, 0), (70000, 0), (80000, 0), (90000, 0), (100000, 0), (110000, 0), (120000, 0), (130000, 0), (140000, 0)]
4 -> 5 : [(0, 0), (10000, 0), (20000, 0), (30000, 0), (40000, 0), (50000, 0), (60000, 0), (70000, 0), (80000, 0), (90000, 0), (100000, 0), (110000, 0), (120000, 0), (130000, 0), (140000, 0)]
5 -> 2 : [(0, 0), (10000, 0), (20000, 0), (30000, 0), (40000, 0), (50000, 0), (60000, 0), (70000, 0), (80000, 0), (90000, 0), (100000, 0), (110000, 0), (120000, 0), (130000, 0), (140000, 0)]
5 -> 4 : [(0, 0), (10000, 0), (20000, 0), (30000, 0), (40000, 0), (50000, 0), (60000, 0), (70000, 0), (80000, 0), (90000, 0), (100000, 0), (110000, 0), (120000, 0), (130000, 0), (140000, 0)]
6 -> 2 : [(0, 0), (10000, 0), (20000, 0), (30000, 0), (40000, 0), (50000, 0), (60000, 0), (70000, 0), (80000, 0), (90000, 0), (100000, 0), (110000, 0), (120000, 0), (130000, 0), (140000, 0)]
6 -> 7 : [(0, 0), (10000, 0), (20000, 0), (30000, 0), (40000, 0), (50000, 0), (60000, 0), (70000, 0), (80000, 0), (90000, 0), (100000, 0), (110000, 0), (120000, 0), (130000, 0), (140000, 0)]
7 -> 3 : [(0, 0), (10000, 0), (20000, 0), (30000, 0), (40000, 0), (50000, 0), (60000, 0), (70000, 0), (80000, 0), (90000, 0), (100000, 0), (110000, 0), (120000, 0), (130000, 0), (140000, 0)]
7 -> 6 : [(0, 0), (10000, 0), (20000, 0), (30000, 0), (40000, 0), (50000, 0), (60000, 0), (70000, 0), (80000, 0), (90000, 0), (100000, 0), (110000, 0), (120000, 0), (130000, 0), (140000, 0)]
