00:00:00
new vehicle0 @ 00:04:02 (sumoTime: 242 seconds) on link 1 with path_nodes [1, 2, 3, 4] which means path_links [1, 2, 3]
['newVeh0'] arrived @ sumotime 270.0 seconds
01:00:00
Umlegung ausgeführt
curVolumes: (10000, [(3, 1, 0)])
new vehicle1 @ 01:05:49 (sumoTime: 3949 seconds) on link 1 with path_nodes [1, 2, 3, 4] which means path_links [1, 2, 3]
['newVeh1'] arrived @ sumotime 3975.0 seconds
new vehicle2 @ 01:22:33 (sumoTime: 4953 seconds) on link 1 with path_nodes [1, 2, 3, 4] which means path_links [1, 2, 3]
['newVeh2'] arrived @ sumotime 4979.0 seconds
new vehicle3 @ 01:31:44 (sumoTime: 5504 seconds) on link 1 with path_nodes [1, 2, 3, 4] which means path_links [1, 2, 3]
['newVeh3'] arrived @ sumotime 5533.0 seconds
new vehicle4 @ 01:55:36 (sumoTime: 6936 seconds) on link 1 with path_nodes [1, 2, 3, 4] which means path_links [1, 2, 3]
['newVeh4'] arrived @ sumotime 6964.0 seconds
02:00:00
Umlegung ausgeführt
curVolumes: (20000, [(3, 4, 0)])
new vehicle5 @ 02:04:02 (sumoTime: 7442 seconds) on link 1 with path_nodes [1, 2, 3, 4] which means path_links [1, 2, 3]
['newVeh5'] arrived @ sumotime 7468.0 seconds
new vehicle6 @ 02:07:54 (sumoTime: 7674 seconds) on link 1 with path_nodes [1, 2, 3, 4] which means path_links [1, 2, 3]
['newVeh6'] arrived @ sumotime 7700.0 seconds
['newVeh6'] arrived @ sumotime 7701.0 seconds
new vehicle7 @ 02:11:51 (sumoTime: 7911 seconds) on link 1 with path_nodes [1, 2, 3, 4] which means path_links [1, 2, 3]
new vehicle8 @ 02:12:00 (sumoTime: 7920 seconds) on link 1 with path_nodes [1, 2, 3, 4] which means path_links [1, 2, 3]
['newVeh7'] arrived @ sumotime 7937.0 seconds
['newVeh8'] arrived @ sumotime 7949.0 seconds
new vehicle9 @ 02:33:36 (sumoTime: 9216 seconds) on link 1 with path_nodes [1, 2, 3, 4] which means path_links [1, 2, 3]
['newVeh9'] arrived @ sumotime 9247.0 seconds
new vehicle10 @ 02:36:45 (sumoTime: 9405 seconds) on link 1 with path_nodes [1, 2, 3, 4] which means path_links [1, 2, 3]
['newVeh10'] arrived @ sumotime 9432.0 seconds
new vehicle11 @ 02:46:52 (sumoTime: 10012 seconds) on link 1 with path_nodes [1, 2, 3, 4] which means path_links [1, 2, 3]
['newVeh11'] arrived @ sumotime 10040.0 seconds
new vehicle12 @ 02:55:06 (sumoTime: 10506 seconds) on link 1 with path_nodes [1, 2, 3, 4] which means path_links [1, 2, 3]
['newVeh12'] arrived @ sumotime 10537.0 seconds
03:00:00
Umlegung ausgeführt
curVolumes: (30000, [(3, 9, 0)])
new vehicle13 @ 03:06:20 (sumoTime: 11180 seconds) on link 1 with path_nodes [1, 2, 3, 4] which means path_links [1, 2, 3]
['newVeh13'] arrived @ sumotime 11207.0 seconds
new vehicle14 @ 03:07:36 (sumoTime: 11256 seconds) on link 1 with path_nodes [1, 2, 3, 4] which means path_links [1, 2, 3]
['newVeh14'] arrived @ sumotime 11284.0 seconds
new vehicle15 @ 03:14:21 (sumoTime: 11661 seconds) on link 1 with path_nodes [1, 2, 3, 4] which means path_links [1, 2, 3]
new vehicle16 @ 03:14:22 (sumoTime: 11662 seconds) on link 1 with path_nodes [1, 2, 3, 4] which means path_links [1, 2, 3]
['newVeh15'] arrived @ sumotime 11688.0 seconds
['newVeh16'] arrived @ sumotime 11691.0 seconds
new vehicle17 @ 03:22:09 (sumoTime: 12129 seconds) on link 1 with path_nodes [1, 2, 3, 4] which means path_links [1, 2, 3]
['newVeh17'] arrived @ sumotime 12159.0 seconds
new vehicle18 @ 03:35:50 (sumoTime: 12950 seconds) on link 1 with path_nodes [1, 2, 3, 4] which means path_links [1, 2, 3]
['newVeh18'] arrived @ sumotime 12977.0 seconds
new vehicle19 @ 03:44:18 (sumoTime: 13458 seconds) on link 1 with path_nodes [1, 2, 3, 4] which means path_links [1, 2, 3]
['newVeh19'] arrived @ sumotime 13483.0 seconds
new vehicle20 @ 03:46:42 (sumoTime: 13602 seconds) on link 1 with path_nodes [1, 2, 3, 4] which means path_links [1, 2, 3]
['newVeh20'] arrived @ sumotime 13628.0 seconds
new vehicle21 @ 03:55:18 (sumoTime: 14118 seconds) on link 1 with path_nodes [1, 2, 3, 4] which means path_links [1, 2, 3]
['newVeh21'] arrived @ sumotime 14147.0 seconds
new vehicle22 @ 03:56:47 (sumoTime: 14207 seconds) on link 1 with path_nodes [1, 2, 3, 4] which means path_links [1, 2, 3]
['newVeh22'] arrived @ sumotime 14233.0 seconds
04:00:00
Umlegung ausgeführt
curVolumes: (40000, [(3, 10, 0)])
new vehicle23 @ 04:05:56 (sumoTime: 14756 seconds) on link 1 with path_nodes [1, 2, 3, 4] which means path_links [1, 2, 3]
new vehicle24 @ 04:05:57 (sumoTime: 14757 seconds) on link 1 with path_nodes [1, 2, 3, 4] which means path_links [1, 2, 3]
['newVeh23'] arrived @ sumotime 14783.0 seconds
['newVeh24'] arrived @ sumotime 14788.0 seconds
new vehicle25 @ 04:17:14 (sumoTime: 15434 seconds) on link 1 with path_nodes [1, 2, 3, 4] which means path_links [1, 2, 3]
['newVeh25'] arrived @ sumotime 15460.0 seconds
new vehicle26 @ 04:20:19 (sumoTime: 15619 seconds) on link 1 with path_nodes [1, 2, 3, 4] which means path_links [1, 2, 3]
['newVeh26'] arrived @ sumotime 15647.0 seconds
['newVeh26'] arrived @ sumotime 15648.0 seconds
new vehicle27 @ 04:35:30 (sumoTime: 16530 seconds) on link 1 with path_nodes [1, 2, 3, 4] which means path_links [1, 2, 3]
['newVeh27'] arrived @ sumotime 16560.0 seconds
new vehicle28 @ 04:36:56 (sumoTime: 16616 seconds) on link 1 with path_nodes [1, 2, 3, 4] which means path_links [1, 2, 3]
['newVeh28'] arrived @ sumotime 16643.0 seconds
new vehicle29 @ 04:42:29 (sumoTime: 16949 seconds) on link 1 with path_nodes [1, 2, 3, 4] which means path_links [1, 2, 3]
['newVeh29'] arrived @ sumotime 16975.0 seconds
new vehicle30 @ 04:47:38 (sumoTime: 17258 seconds) on link 1 with path_nodes [1, 2, 3, 4] which means path_links [1, 2, 3]
['newVeh30'] arrived @ sumotime 17286.0 seconds
new vehicle31 @ 04:51:11 (sumoTime: 17471 seconds) on link 1 with path_nodes [1, 2, 3, 4] which means path_links [1, 2, 3]
['newVeh31'] arrived @ sumotime 17497.0 seconds
new vehicle32 @ 04:59:07 (sumoTime: 17947 seconds) on link 1 with path_nodes [1, 2, 3, 4] which means path_links [1, 2, 3]
['newVeh32'] arrived @ sumotime 17978.0 seconds
05:00:00
Umlegung ausgeführt
curVolumes: (50000, [(3, 11, 0)])
new vehicle33 @ 05:01:40 (sumoTime: 18100 seconds) on link 1 with path_nodes [1, 2, 3, 4] which means path_links [1, 2, 3]
['newVeh33'] arrived @ sumotime 18127.0 seconds
new vehicle34 @ 05:03:59 (sumoTime: 18239 seconds) on link 1 with path_nodes [1, 2, 3, 4] which means path_links [1, 2, 3]
['newVeh34'] arrived @ sumotime 18264.0 seconds
new vehicle35 @ 05:09:57 (sumoTime: 18597 seconds) on link 1 with path_nodes [1, 2, 3, 4] which means path_links [1, 2, 3]
['newVeh35'] arrived @ sumotime 18623.0 seconds
new vehicle36 @ 05:13:28 (sumoTime: 18808 seconds) on link 1 with path_nodes [1, 2, 3, 4] which means path_links [1, 2, 3]
['newVeh36'] arrived @ sumotime 18834.0 seconds
new vehicle37 @ 05:18:33 (sumoTime: 19113 seconds) on link 1 with path_nodes [1, 2, 3, 4] which means path_links [1, 2, 3]
['newVeh37'] arrived @ sumotime 19139.0 seconds
new vehicle38 @ 05:21:31 (sumoTime: 19291 seconds) on link 1 with path_nodes [1, 2, 3, 4] which means path_links [1, 2, 3]
['newVeh38'] arrived @ sumotime 19319.0 seconds
new vehicle39 @ 05:27:25 (sumoTime: 19645 seconds) on link 1 with path_nodes [1, 2, 3, 4] which means path_links [1, 2, 3]
['newVeh39'] arrived @ sumotime 19673.0 seconds
new vehicle40 @ 05:39:15 (sumoTime: 20355 seconds) on link 1 with path_nodes [1, 2, 3, 4] which means path_links [1, 2, 3]
['newVeh40'] arrived @ sumotime 20384.0 seconds
new vehicle41 @ 05:40:03 (sumoTime: 20403 seconds) on link 1 with path_nodes [1, 2, 3, 4] which means path_links [1, 2, 3]
['newVeh41'] arrived @ sumotime 20430.0 seconds
new vehicle42 @ 05:44:15 (sumoTime: 20655 seconds) on link 1 with path_nodes [1, 2, 3, 4] which means path_links [1, 2, 3]
['newVeh42'] arrived @ sumotime 20683.0 seconds
new vehicle43 @ 05:46:12 (sumoTime: 20772 seconds) on link 1 with path_nodes [1, 2, 3, 4] which means path_links [1, 2, 3]
['newVeh43'] arrived @ sumotime 20802.0 seconds
new vehicle44 @ 05:47:28 (sumoTime: 20848 seconds) on link 1 with path_nodes [1, 2, 3, 4] which means path_links [1, 2, 3]
['newVeh44'] arrived @ sumotime 20872.0 seconds
new vehicle45 @ 05:56:38 (sumoTime: 21398 seconds) on link 1 with path_nodes [1, 2, 3, 4] which means path_links [1, 2, 3]
new vehicle46 @ 05:56:45 (sumoTime: 21405 seconds) on link 1 with path_nodes [1, 2, 3, 4] which means path_links [1, 2, 3]
['newVeh45'] arrived @ sumotime 21425.0 seconds
['newVeh46'] arrived @ sumotime 21434.0 seconds
06:00:00
Umlegung ausgeführt
curVolumes: (60000, [(3, 14, 0)])
new vehicle47 @ 06:00:18 (sumoTime: 21618 seconds) on link 1 with path_nodes [1, 2, 3, 4] which means path_links [1, 2, 3]
['newVeh47'] arrived @ sumotime 21645.0 seconds
new vehicle48 @ 06:01:35 (sumoTime: 21695 seconds) on link 1 with path_nodes [1, 2, 3, 4] which means path_links [1, 2, 3]
['newVeh48'] arrived @ sumotime 21724.0 seconds
new vehicle49 @ 06:06:01 (sumoTime: 21961 seconds) on link 1 with path_nodes [1, 2, 3, 4] which means path_links [1, 2, 3]
['newVeh49'] arrived @ sumotime 21990.0 seconds
new vehicle50 @ 06:07:15 (sumoTime: 22035 seconds) on link 1 with path_nodes [1, 2, 3, 4] which means path_links [1, 2, 3]
['newVeh50'] arrived @ sumotime 22061.0 seconds
['newVeh50'] arrived @ sumotime 22062.0 seconds
new vehicle51 @ 06:08:20 (sumoTime: 22100 seconds) on link 1 with path_nodes [1, 2, 3, 4] which means path_links [1, 2, 3]
['newVeh51'] arrived @ sumotime 22125.0 seconds
new vehicle52 @ 06:23:06 (sumoTime: 22986 seconds) on link 1 with path_nodes [1, 2, 3, 4] which means path_links [1, 2, 3]
['newVeh52'] arrived @ sumotime 23014.0 seconds
new vehicle53 @ 06:31:35 (sumoTime: 23495 seconds) on link 1 with path_nodes [1, 2, 3, 4] which means path_links [1, 2, 3]
['newVeh53'] arrived @ sumotime 23521.0 seconds
new vehicle54 @ 06:34:07 (sumoTime: 23647 seconds) on link 1 with path_nodes [1, 2, 3, 4] which means path_links [1, 2, 3]
['newVeh54'] arrived @ sumotime 23673.0 seconds
new vehicle55 @ 06:35:02 (sumoTime: 23702 seconds) on link 1 with path_nodes [1, 2, 3, 4] which means path_links [1, 2, 3]
new vehicle56 @ 06:35:09 (sumoTime: 23709 seconds) on link 1 with path_nodes [1, 2, 3, 4] which means path_links [1, 2, 3]
['newVeh55'] arrived @ sumotime 23729.0 seconds
['newVeh56'] arrived @ sumotime 23735.0 seconds
new vehicle57 @ 06:48:11 (sumoTime: 24491 seconds) on link 1 with path_nodes [1, 2, 3, 4] which means path_links [1, 2, 3]
['newVeh57'] arrived @ sumotime 24520.0 seconds
new vehicle58 @ 06:51:03 (sumoTime: 24663 seconds) on link 1 with path_nodes [1, 2, 3, 4] which means path_links [1, 2, 3]
['newVeh58'] arrived @ sumotime 24688.0 seconds
new vehicle59 @ 06:53:30 (sumoTime: 24810 seconds) on link 1 with path_nodes [1, 2, 3, 4] which means path_links [1, 2, 3]
['newVeh59'] arrived @ sumotime 24839.0 seconds
new vehicle60 @ 06:55:09 (sumoTime: 24909 seconds) on link 1 with path_nodes [1, 2, 3, 4] which means path_links [1, 2, 3]
['newVeh60'] arrived @ sumotime 24938.0 seconds
new vehicle61 @ 06:56:07 (sumoTime: 24967 seconds) on link 1 with path_nodes [1, 2, 3, 4] which means path_links [1, 2, 3]
['newVeh61'] arrived @ sumotime 24997.0 seconds
new vehicle62 @ 06:57:21 (sumoTime: 25041 seconds) on link 1 with path_nodes [1, 2, 3, 4] which means path_links [1, 2, 3]
new vehicle63 @ 06:57:49 (sumoTime: 25069 seconds) on link 1 with path_nodes [1, 2, 3, 4] which means path_links [1, 2, 3]
['newVeh62'] arrived @ sumotime 25071.0 seconds
['newVeh63'] arrived @ sumotime 25096.0 seconds
07:00:00
Umlegung ausgeführt
curVolumes: (70000, [(3, 18, 0)])
new vehicle64 @ 07:02:40 (sumoTime: 25360 seconds) on link 1 with path_nodes [1, 2, 3, 4] which means path_links [1, 2, 3]
['newVeh64'] arrived @ sumotime 25386.0 seconds
new vehicle65 @ 07:07:08 (sumoTime: 25628 seconds) on link 1 with path_nodes [1, 2, 3, 4] which means path_links [1, 2, 3]
['newVeh65'] arrived @ sumotime 25654.0 seconds
new vehicle66 @ 07:10:37 (sumoTime: 25837 seconds) on link 1 with path_nodes [1, 2, 3, 4] which means path_links [1, 2, 3]
['newVeh66'] arrived @ sumotime 25865.0 seconds
new vehicle67 @ 07:11:44 (sumoTime: 25904 seconds) on link 1 with path_nodes [1, 2, 3, 4] which means path_links [1, 2, 3]
new vehicle68 @ 07:11:44 (sumoTime: 25904 seconds) on link 1 with path_nodes [1, 2, 3, 4] which means path_links [1, 2, 3]
['newVeh67'] arrived @ sumotime 25930.0 seconds
['newVeh68'] arrived @ sumotime 25933.0 seconds
new vehicle69 @ 07:12:23 (sumoTime: 25943 seconds) on link 1 with path_nodes [1, 2, 3, 4] which means path_links [1, 2, 3]
['newVeh69'] arrived @ sumotime 25970.0 seconds
new vehicle70 @ 07:14:23 (sumoTime: 26063 seconds) on link 1 with path_nodes [1, 2, 3, 4] which means path_links [1, 2, 3]
['newVeh70'] arrived @ sumotime 26089.0 seconds
['newVeh70'] arrived @ sumotime 26090.0 seconds
new vehicle71 @ 07:18:51 (sumoTime: 26331 seconds) on link 1 with path_nodes [1, 2, 3, 4] which means path_links [1, 2, 3]
['newVeh71'] arrived @ sumotime 26358.0 seconds
new vehicle72 @ 07:31:39 (sumoTime: 27099 seconds) on link 1 with path_nodes [1, 2, 3, 4] which means path_links [1, 2, 3]
['newVeh72'] arrived @ sumotime 27126.0 seconds
new vehicle73 @ 07:35:15 (sumoTime: 27315 seconds) on link 1 with path_nodes [1, 2, 3, 4] which means path_links [1, 2, 3]
['newVeh73'] arrived @ sumotime 27342.0 seconds
new vehicle74 @ 07:41:41 (sumoTime: 27701 seconds) on link 1 with path_nodes [1, 2, 3, 4] which means path_links [1, 2, 3]
['newVeh74'] arrived @ sumotime 27730.0 seconds
new vehicle75 @ 07:46:35 (sumoTime: 27995 seconds) on link 1 with path_nodes [1, 2, 3, 4] which means path_links [1, 2, 3]
['newVeh75'] arrived @ sumotime 28023.0 seconds
new vehicle76 @ 07:51:04 (sumoTime: 28264 seconds) on link 1 with path_nodes [1, 2, 3, 4] which means path_links [1, 2, 3]
['newVeh76'] arrived @ sumotime 28289.0 seconds
new vehicle77 @ 07:57:38 (sumoTime: 28658 seconds) on link 1 with path_nodes [1, 2, 3, 4] which means path_links [1, 2, 3]
['newVeh77'] arrived @ sumotime 28689.0 seconds
08:00:00
Umlegung ausgeführt
curVolumes: (80000, [(3, 15, 0)])
new vehicle78 @ 08:03:44 (sumoTime: 29024 seconds) on link 1 with path_nodes [1, 2, 3, 4] which means path_links [1, 2, 3]
['newVeh78'] arrived @ sumotime 29077.0 seconds
new vehicle79 @ 08:09:13 (sumoTime: 29353 seconds) on link 1 with path_nodes [1, 2, 3, 4] which means path_links [1, 2, 3]
['newVeh79'] arrived @ sumotime 29410.0 seconds
new vehicle80 @ 08:10:15 (sumoTime: 29415 seconds) on link 1 with path_nodes [1, 2, 3, 4] which means path_links [1, 2, 3]
new vehicle81 @ 08:10:23 (sumoTime: 29423 seconds) on link 1 with path_nodes [1, 2, 3, 4] which means path_links [1, 2, 3]
new vehicle82 @ 08:11:14 (sumoTime: 29474 seconds) on link 1 with path_nodes [1, 2, 3, 4] which means path_links [1, 2, 3]
['newVeh80'] arrived @ sumotime 29478.0 seconds
new vehicle83 @ 08:11:19 (sumoTime: 29479 seconds) on link 1 with path_nodes [1, 2, 3, 4] which means path_links [1, 2, 3]
['newVeh81'] arrived @ sumotime 29480.0 seconds
new vehicle84 @ 08:11:25 (sumoTime: 29485 seconds) on link 1 with path_nodes [1, 2, 3, 4] which means path_links [1, 2, 3]
['newVeh82'] arrived @ sumotime 29529.0 seconds
['newVeh83'] arrived @ sumotime 29534.0 seconds
['newVeh84'] arrived @ sumotime 29537.0 seconds
new vehicle85 @ 08:18:06 (sumoTime: 29886 seconds) on link 1 with path_nodes [1, 2, 3, 4] which means path_links [1, 2, 3]
['newVeh85'] arrived @ sumotime 29936.0 seconds
new vehicle86 @ 08:19:43 (sumoTime: 29983 seconds) on link 1 with path_nodes [1, 2, 3, 4] which means path_links [1, 2, 3]
['newVeh86'] arrived @ sumotime 30034.0 seconds
new vehicle87 @ 08:20:35 (sumoTime: 30035 seconds) on link 1 with path_nodes [1, 2, 3, 4] which means path_links [1, 2, 3]
['newVeh87'] arrived @ sumotime 30084.0 seconds
new vehicle88 @ 08:22:24 (sumoTime: 30144 seconds) on link 1 with path_nodes [1, 2, 3, 4] which means path_links [1, 2, 3]
['newVeh88'] arrived @ sumotime 30195.0 seconds
new vehicle89 @ 08:25:46 (sumoTime: 30346 seconds) on link 1 with path_nodes [1, 2, 3, 4] which means path_links [1, 2, 3]
new vehicle90 @ 08:26:00 (sumoTime: 30360 seconds) on link 1 with path_nodes [1, 2, 3, 4] which means path_links [1, 2, 3]
['newVeh89'] arrived @ sumotime 30404.0 seconds
['newVeh90'] arrived @ sumotime 30410.0 seconds
new vehicle91 @ 08:28:34 (sumoTime: 30514 seconds) on link 1 with path_nodes [1, 2, 3, 4] which means path_links [1, 2, 3]
['newVeh91'] arrived @ sumotime 30567.0 seconds
new vehicle92 @ 08:33:05 (sumoTime: 30785 seconds) on link 1 with path_nodes [1, 2, 3, 4] which means path_links [1, 2, 3]
new vehicle93 @ 08:33:31 (sumoTime: 30811 seconds) on link 1 with path_nodes [1, 2, 3, 4] which means path_links [1, 2, 3]
new vehicle94 @ 08:33:37 (sumoTime: 30817 seconds) on link 1 with path_nodes [1, 2, 3, 4] which means path_links [1, 2, 3]
['newVeh92'] arrived @ sumotime 30834.0 seconds
['newVeh92'] arrived @ sumotime 30835.0 seconds
['newVeh93'] arrived @ sumotime 30865.0 seconds
['newVeh94'] arrived @ sumotime 30870.0 seconds
new vehicle95 @ 08:35:27 (sumoTime: 30927 seconds) on link 1 with path_nodes [1, 2, 3, 4] which means path_links [1, 2, 3]
['newVeh95'] arrived @ sumotime 30983.0 seconds
new vehicle96 @ 08:38:39 (sumoTime: 31119 seconds) on link 1 with path_nodes [1, 2, 3, 4] which means path_links [1, 2, 3]
new vehicle97 @ 08:39:01 (sumoTime: 31141 seconds) on link 1 with path_nodes [1, 2, 3, 4] which means path_links [1, 2, 3]
['newVeh96'] arrived @ sumotime 31169.0 seconds
new vehicle98 @ 08:39:45 (sumoTime: 31185 seconds) on link 1 with path_nodes [1, 2, 3, 4] which means path_links [1, 2, 3]
new vehicle99 @ 08:39:50 (sumoTime: 31190 seconds) on link 1 with path_nodes [1, 2, 3, 4] which means path_links [1, 2, 3]
['newVeh97'] arrived @ sumotime 31191.0 seconds
['newVeh98'] arrived @ sumotime 31234.0 seconds
['newVeh99'] arrived @ sumotime 31254.0 seconds
new vehicle100 @ 08:47:02 (sumoTime: 31622 seconds) on link 1 with path_nodes [1, 2, 3, 4] which means path_links [1, 2, 3]
['newVeh100'] arrived @ sumotime 31677.0 seconds
new vehicle101 @ 08:51:36 (sumoTime: 31896 seconds) on link 1 with path_nodes [1, 2, 3, 4] which means path_links [1, 2, 3]
['newVeh101'] arrived @ sumotime 31950.0 seconds
new vehicle102 @ 08:56:25 (sumoTime: 32185 seconds) on link 1 with path_nodes [1, 2, 3, 4] which means path_links [1, 2, 3]
new vehicle103 @ 08:57:12 (sumoTime: 32232 seconds) on link 1 with path_nodes [1, 2, 3, 4] which means path_links [1, 2, 3]
['newVeh102'] arrived @ sumotime 32240.0 seconds
new vehicle104 @ 08:57:23 (sumoTime: 32243 seconds) on link 1 with path_nodes [1, 2, 3, 4] which means path_links [1, 2, 3]
['newVeh103'] arrived @ sumotime 32288.0 seconds
['newVeh104'] arrived @ sumotime 32293.0 seconds
09:00:00
Umlegung ausgeführt
curVolumes: (90000, [(3, 28, 0)])
new vehicle105 @ 09:03:06 (sumoTime: 32586 seconds) on link 1 with path_nodes [1, 2, 3, 4] which means path_links [1, 2, 3]
['newVeh105'] arrived @ sumotime 32634.0 seconds
new vehicle106 @ 09:08:33 (sumoTime: 32913 seconds) on link 1 with path_nodes [1, 2, 3, 4] which means path_links [1, 2, 3]
['newVeh106'] arrived @ sumotime 32966.0 seconds
new vehicle107 @ 09:09:46 (sumoTime: 32986 seconds) on link 1 with path_nodes [1, 2, 3, 4] which means path_links [1, 2, 3]
['newVeh107'] arrived @ sumotime 33042.0 seconds
['newVeh107'] arrived @ sumotime 33043.0 seconds
new vehicle108 @ 09:11:55 (sumoTime: 33115 seconds) on link 1 with path_nodes [1, 2, 3, 4] which means path_links [1, 2, 3]
['newVeh108'] arrived @ sumotime 33167.0 seconds
new vehicle109 @ 09:12:54 (sumoTime: 33174 seconds) on link 1 with path_nodes [1, 2, 3, 4] which means path_links [1, 2, 3]
['newVeh109'] arrived @ sumotime 33228.0 seconds
new vehicle110 @ 09:26:05 (sumoTime: 33965 seconds) on link 1 with path_nodes [1, 2, 3, 4] which means path_links [1, 2, 3]
new vehicle111 @ 09:26:17 (sumoTime: 33977 seconds) on link 1 with path_nodes [1, 2, 3, 4] which means path_links [1, 2, 3]
['newVeh110'] arrived @ sumotime 34017.0 seconds
['newVeh111'] arrived @ sumotime 34027.0 seconds
new vehicle112 @ 09:27:32 (sumoTime: 34052 seconds) on link 1 with path_nodes [1, 2, 3, 4] which means path_links [1, 2, 3]
['newVeh112'] arrived @ sumotime 34109.0 seconds
new vehicle113 @ 09:30:22 (sumoTime: 34222 seconds) on link 1 with path_nodes [1, 2, 3, 4] which means path_links [1, 2, 3]
new vehicle114 @ 09:30:56 (sumoTime: 34256 seconds) on link 1 with path_nodes [1, 2, 3, 4] which means path_links [1, 2, 3]
['newVeh113'] arrived @ sumotime 34272.0 seconds
['newVeh114'] arrived @ sumotime 34311.0 seconds
['newVeh114'] arrived @ sumotime 34312.0 seconds
new vehicle115 @ 09:45:37 (sumoTime: 35137 seconds) on link 1 with path_nodes [1, 2, 3, 4] which means path_links [1, 2, 3]
new vehicle116 @ 09:45:39 (sumoTime: 35139 seconds) on link 1 with path_nodes [1, 2, 3, 4] which means path_links [1, 2, 3]
new vehicle117 @ 09:46:14 (sumoTime: 35174 seconds) on link 1 with path_nodes [1, 2, 3, 4] which means path_links [1, 2, 3]
['newVeh115'] arrived @ sumotime 35194.0 seconds
['newVeh116'] arrived @ sumotime 35197.0 seconds
['newVeh117'] arrived @ sumotime 35226.0 seconds
new vehicle118 @ 09:49:12 (sumoTime: 35352 seconds) on link 1 with path_nodes [1, 2, 3, 4] which means path_links [1, 2, 3]
['newVeh118'] arrived @ sumotime 35410.0 seconds
new vehicle119 @ 09:53:55 (sumoTime: 35635 seconds) on link 1 with path_nodes [1, 2, 3, 4] which means path_links [1, 2, 3]
['newVeh119'] arrived @ sumotime 35685.0 seconds
['newVeh119'] arrived @ sumotime 35686.0 seconds
new vehicle120 @ 09:57:58 (sumoTime: 35878 seconds) on link 1 with path_nodes [1, 2, 3, 4] which means path_links [1, 2, 3]
['newVeh120'] arrived @ sumotime 35927.0 seconds
10:00:00
Umlegung ausgeführt
curVolumes: (100000, [(3, 19, 0)])
new vehicle121 @ 10:03:26 (sumoTime: 36206 seconds) on link 1 with path_nodes [1, 2, 3, 4] which means path_links [1, 2, 3]
['newVeh121'] arrived @ sumotime 36262.0 seconds
new vehicle122 @ 10:05:26 (sumoTime: 36326 seconds) on link 1 with path_nodes [1, 2, 3, 4] which means path_links [1, 2, 3]
['newVeh122'] arrived @ sumotime 36377.0 seconds
new vehicle123 @ 10:11:50 (sumoTime: 36710 seconds) on link 1 with path_nodes [1, 2, 3, 4] which means path_links [1, 2, 3]
['newVeh123'] arrived @ sumotime 36770.0 seconds
new vehicle124 @ 10:18:44 (sumoTime: 37124 seconds) on link 1 with path_nodes [1, 2, 3, 4] which means path_links [1, 2, 3]
['newVeh124'] arrived @ sumotime 37173.0 seconds
new vehicle125 @ 10:19:35 (sumoTime: 37175 seconds) on link 1 with path_nodes [1, 2, 3, 4] which means path_links [1, 2, 3]
['newVeh125'] arrived @ sumotime 37228.0 seconds
new vehicle126 @ 10:21:41 (sumoTime: 37301 seconds) on link 1 with path_nodes [1, 2, 3, 4] which means path_links [1, 2, 3]
new vehicle127 @ 10:22:16 (sumoTime: 37336 seconds) on link 1 with path_nodes [1, 2, 3, 4] which means path_links [1, 2, 3]
['newVeh126'] arrived @ sumotime 37354.0 seconds
['newVeh127'] arrived @ sumotime 37396.0 seconds
new vehicle128 @ 10:24:20 (sumoTime: 37460 seconds) on link 1 with path_nodes [1, 2, 3, 4] which means path_links [1, 2, 3]
new vehicle129 @ 10:24:33 (sumoTime: 37473 seconds) on link 1 with path_nodes [1, 2, 3, 4] which means path_links [1, 2, 3]
['newVeh128'] arrived @ sumotime 37514.0 seconds
['newVeh129'] arrived @ sumotime 37522.0 seconds
new vehicle130 @ 10:25:27 (sumoTime: 37527 seconds) on link 1 with path_nodes [1, 2, 3, 4] which means path_links [1, 2, 3]
['newVeh130'] arrived @ sumotime 37576.0 seconds
new vehicle131 @ 10:27:03 (sumoTime: 37623 seconds) on link 1 with path_nodes [1, 2, 3, 4] which means path_links [1, 2, 3]
['newVeh131'] arrived @ sumotime 37676.0 seconds
new vehicle132 @ 10:32:13 (sumoTime: 37933 seconds) on link 1 with path_nodes [1, 2, 3, 4] which means path_links [1, 2, 3]
['newVeh132'] arrived @ sumotime 37989.0 seconds
['newVeh132'] arrived @ sumotime 37990.0 seconds
new vehicle133 @ 10:37:51 (sumoTime: 38271 seconds) on link 1 with path_nodes [1, 2, 3, 4] which means path_links [1, 2, 3]
new vehicle134 @ 10:38:00 (sumoTime: 38280 seconds) on link 1 with path_nodes [1, 2, 3, 4] which means path_links [1, 2, 3]
['newVeh133'] arrived @ sumotime 38323.0 seconds
['newVeh133'] arrived @ sumotime 38324.0 seconds
['newVeh134'] arrived @ sumotime 38329.0 seconds
new vehicle135 @ 10:40:14 (sumoTime: 38414 seconds) on link 1 with path_nodes [1, 2, 3, 4] which means path_links [1, 2, 3]
new vehicle136 @ 10:40:59 (sumoTime: 38459 seconds) on link 1 with path_nodes [1, 2, 3, 4] which means path_links [1, 2, 3]
new vehicle137 @ 10:41:01 (sumoTime: 38461 seconds) on link 1 with path_nodes [1, 2, 3, 4] which means path_links [1, 2, 3]
['newVeh135'] arrived @ sumotime 38476.0 seconds
['newVeh136'] arrived @ sumotime 38515.0 seconds
['newVeh137'] arrived @ sumotime 38519.0 seconds
new vehicle138 @ 10:44:22 (sumoTime: 38662 seconds) on link 1 with path_nodes [1, 2, 3, 4] which means path_links [1, 2, 3]
new vehicle139 @ 10:44:22 (sumoTime: 38662 seconds) on link 1 with path_nodes [1, 2, 3, 4] which means path_links [1, 2, 3]
['newVeh138'] arrived @ sumotime 38715.0 seconds
['newVeh139'] arrived @ sumotime 38718.0 seconds
new vehicle140 @ 10:45:21 (sumoTime: 38721 seconds) on link 1 with path_nodes [1, 2, 3, 4] which means path_links [1, 2, 3]
['newVeh140'] arrived @ sumotime 38772.0 seconds
new vehicle141 @ 10:53:45 (sumoTime: 39225 seconds) on link 1 with path_nodes [1, 2, 3, 4] which means path_links [1, 2, 3]
['newVeh141'] arrived @ sumotime 39279.0 seconds
new vehicle142 @ 10:56:39 (sumoTime: 39399 seconds) on link 1 with path_nodes [1, 2, 3, 4] which means path_links [1, 2, 3]
['newVeh142'] arrived @ sumotime 39450.0 seconds
new vehicle143 @ 10:58:34 (sumoTime: 39514 seconds) on link 1 with path_nodes [1, 2, 3, 4] which means path_links [1, 2, 3]
new vehicle144 @ 10:59:21 (sumoTime: 39561 seconds) on link 1 with path_nodes [1, 2, 3, 4] which means path_links [1, 2, 3]
['newVeh143'] arrived @ sumotime 39561.0 seconds
11:00:00
Umlegung ausgeführt
curVolumes: (110000, [(3, 25, 0)])
['newVeh144'] arrived @ sumotime 39614.0 seconds
new vehicle145 @ 11:01:18 (sumoTime: 39678 seconds) on link 1 with path_nodes [1, 2, 3, 4] which means path_links [1, 2, 3]
['newVeh145'] arrived @ sumotime 39728.0 seconds
new vehicle146 @ 11:02:20 (sumoTime: 39740 seconds) on link 1 with path_nodes [1, 2, 3, 4] which means path_links [1, 2, 3]
new vehicle147 @ 11:02:42 (sumoTime: 39762 seconds) on link 1 with path_nodes [1, 2, 3, 4] which means path_links [1, 2, 3]
['newVeh146'] arrived @ sumotime 39790.0 seconds
['newVeh147'] arrived @ sumotime 39816.0 seconds
new vehicle148 @ 11:04:18 (sumoTime: 39858 seconds) on link 1 with path_nodes [1, 2, 3, 4] which means path_links [1, 2, 3]
new vehicle149 @ 11:04:55 (sumoTime: 39895 seconds) on link 1 with path_nodes [1, 2, 3, 4] which means path_links [1, 2, 3]
['newVeh148'] arrived @ sumotime 39913.0 seconds
['newVeh149'] arrived @ sumotime 39946.0 seconds
new vehicle150 @ 11:08:52 (sumoTime: 40132 seconds) on link 1 with path_nodes [1, 2, 3, 4] which means path_links [1, 2, 3]
['newVeh150'] arrived @ sumotime 40183.0 seconds
new vehicle151 @ 11:09:45 (sumoTime: 40185 seconds) on link 1 with path_nodes [1, 2, 3, 4] which means path_links [1, 2, 3]
['newVeh151'] arrived @ sumotime 40238.0 seconds
new vehicle152 @ 11:13:59 (sumoTime: 40439 seconds) on link 1 with path_nodes [1, 2, 3, 4] which means path_links [1, 2, 3]
['newVeh152'] arrived @ sumotime 40489.0 seconds
new vehicle153 @ 11:16:40 (sumoTime: 40600 seconds) on link 1 with path_nodes [1, 2, 3, 4] which means path_links [1, 2, 3]
new vehicle154 @ 11:16:54 (sumoTime: 40614 seconds) on link 1 with path_nodes [1, 2, 3, 4] which means path_links [1, 2, 3]
new vehicle155 @ 11:17:03 (sumoTime: 40623 seconds) on link 1 with path_nodes [1, 2, 3, 4] which means path_links [1, 2, 3]
['newVeh153'] arrived @ sumotime 40654.0 seconds
['newVeh154'] arrived @ sumotime 40665.0 seconds
['newVeh155'] arrived @ sumotime 40672.0 seconds
new vehicle156 @ 11:18:19 (sumoTime: 40699 seconds) on link 1 with path_nodes [1, 2, 3, 4] which means path_links [1, 2, 3]
['newVeh156'] arrived @ sumotime 40754.0 seconds
new vehicle157 @ 11:25:35 (sumoTime: 41135 seconds) on link 1 with path_nodes [1, 2, 3, 4] which means path_links [1, 2, 3]
['newVeh157'] arrived @ sumotime 41181.0 seconds
new vehicle158 @ 11:28:29 (sumoTime: 41309 seconds) on link 1 with path_nodes [1, 2, 3, 4] which means path_links [1, 2, 3]
['newVeh158'] arrived @ sumotime 41357.0 seconds
new vehicle159 @ 11:31:48 (sumoTime: 41508 seconds) on link 1 with path_nodes [1, 2, 3, 4] which means path_links [1, 2, 3]
['newVeh159'] arrived @ sumotime 41560.0 seconds
new vehicle160 @ 11:34:35 (sumoTime: 41675 seconds) on link 1 with path_nodes [1, 2, 3, 4] which means path_links [1, 2, 3]
['newVeh160'] arrived @ sumotime 41735.0 seconds
new vehicle161 @ 11:38:32 (sumoTime: 41912 seconds) on link 1 with path_nodes [1, 2, 3, 4] which means path_links [1, 2, 3]
['newVeh161'] arrived @ sumotime 41965.0 seconds
new vehicle162 @ 11:41:22 (sumoTime: 42082 seconds) on link 1 with path_nodes [1, 2, 3, 4] which means path_links [1, 2, 3]
['newVeh162'] arrived @ sumotime 42131.0 seconds
new vehicle163 @ 11:43:08 (sumoTime: 42188 seconds) on link 1 with path_nodes [1, 2, 3, 4] which means path_links [1, 2, 3]
new vehicle164 @ 11:43:16 (sumoTime: 42196 seconds) on link 1 with path_nodes [1, 2, 3, 4] which means path_links [1, 2, 3]
new vehicle165 @ 11:43:17 (sumoTime: 42197 seconds) on link 1 with path_nodes [1, 2, 3, 4] which means path_links [1, 2, 3]
['newVeh163'] arrived @ sumotime 42239.0 seconds
['newVeh164'] arrived @ sumotime 42246.0 seconds
['newVeh165'] arrived @ sumotime 42250.0 seconds
new vehicle166 @ 11:45:44 (sumoTime: 42344 seconds) on link 1 with path_nodes [1, 2, 3, 4] which means path_links [1, 2, 3]
['newVeh166'] arrived @ sumotime 42391.0 seconds
new vehicle167 @ 11:55:33 (sumoTime: 42933 seconds) on link 1 with path_nodes [1, 2, 3, 4] which means path_links [1, 2, 3]
['newVeh167'] arrived @ sumotime 42987.0 seconds
new vehicle168 @ 11:57:19 (sumoTime: 43039 seconds) on link 1 with path_nodes [1, 2, 3, 4] which means path_links [1, 2, 3]
['newVeh168'] arrived @ sumotime 43096.0 seconds
12:00:00
Umlegung ausgeführt
curVolumes: (120000, [(3, 25, 0)])
new vehicle169 @ 12:02:34 (sumoTime: 43354 seconds) on link 1 with path_nodes [1, 2, 3, 4] which means path_links [1, 2, 3]
['newVeh169'] arrived @ sumotime 43382.0 seconds
new vehicle170 @ 12:04:08 (sumoTime: 43448 seconds) on link 1 with path_nodes [1, 2, 3, 4] which means path_links [1, 2, 3]
new vehicle171 @ 12:04:13 (sumoTime: 43453 seconds) on link 1 with path_nodes [1, 2, 3, 4] which means path_links [1, 2, 3]
['newVeh170'] arrived @ sumotime 43479.0 seconds
['newVeh171'] arrived @ sumotime 43485.0 seconds
new vehicle172 @ 12:06:56 (sumoTime: 43616 seconds) on link 1 with path_nodes [1, 2, 3, 4] which means path_links [1, 2, 3]
['newVeh172'] arrived @ sumotime 43642.0 seconds
new vehicle173 @ 12:08:55 (sumoTime: 43735 seconds) on link 1 with path_nodes [1, 2, 3, 4] which means path_links [1, 2, 3]
['newVeh173'] arrived @ sumotime 43760.0 seconds
new vehicle174 @ 12:10:38 (sumoTime: 43838 seconds) on link 1 with path_nodes [1, 2, 3, 4] which means path_links [1, 2, 3]
['newVeh174'] arrived @ sumotime 43865.0 seconds
new vehicle175 @ 12:11:15 (sumoTime: 43875 seconds) on link 1 with path_nodes [1, 2, 3, 4] which means path_links [1, 2, 3]
new vehicle176 @ 12:11:24 (sumoTime: 43884 seconds) on link 1 with path_nodes [1, 2, 3, 4] which means path_links [1, 2, 3]
['newVeh175'] arrived @ sumotime 43901.0 seconds
['newVeh176'] arrived @ sumotime 43911.0 seconds
new vehicle177 @ 12:13:42 (sumoTime: 44022 seconds) on link 1 with path_nodes [1, 2, 3, 4] which means path_links [1, 2, 3]
new vehicle178 @ 12:13:49 (sumoTime: 44029 seconds) on link 1 with path_nodes [1, 2, 3, 4] which means path_links [1, 2, 3]
['newVeh177'] arrived @ sumotime 44050.0 seconds
['newVeh178'] arrived @ sumotime 44054.0 seconds
new vehicle179 @ 12:15:55 (sumoTime: 44155 seconds) on link 1 with path_nodes [1, 2, 3, 4] which means path_links [1, 2, 3]
new vehicle180 @ 12:16:03 (sumoTime: 44163 seconds) on link 1 with path_nodes [1, 2, 3, 4] which means path_links [1, 2, 3]
['newVeh179'] arrived @ sumotime 44186.0 seconds
['newVeh180'] arrived @ sumotime 44190.0 seconds
new vehicle181 @ 12:18:38 (sumoTime: 44318 seconds) on link 1 with path_nodes [1, 2, 3, 4] which means path_links [1, 2, 3]
['newVeh181'] arrived @ sumotime 44344.0 seconds
['newVeh181'] arrived @ sumotime 44345.0 seconds
new vehicle182 @ 12:19:29 (sumoTime: 44369 seconds) on link 1 with path_nodes [1, 2, 3, 4] which means path_links [1, 2, 3]
['newVeh182'] arrived @ sumotime 44397.0 seconds
new vehicle183 @ 12:20:42 (sumoTime: 44442 seconds) on link 1 with path_nodes [1, 2, 3, 4] which means path_links [1, 2, 3]
['newVeh183'] arrived @ sumotime 44469.0 seconds
new vehicle184 @ 12:22:51 (sumoTime: 44571 seconds) on link 1 with path_nodes [1, 2, 3, 4] which means path_links [1, 2, 3]
['newVeh184'] arrived @ sumotime 44603.0 seconds
new vehicle185 @ 12:25:48 (sumoTime: 44748 seconds) on link 1 with path_nodes [1, 2, 3, 4] which means path_links [1, 2, 3]
['newVeh185'] arrived @ sumotime 44774.0 seconds
['newVeh185'] arrived @ sumotime 44775.0 seconds
new vehicle186 @ 12:26:26 (sumoTime: 44786 seconds) on link 1 with path_nodes [1, 2, 3, 4] which means path_links [1, 2, 3]
['newVeh186'] arrived @ sumotime 44815.0 seconds
new vehicle187 @ 12:27:58 (sumoTime: 44878 seconds) on link 1 with path_nodes [1, 2, 3, 4] which means path_links [1, 2, 3]
['newVeh187'] arrived @ sumotime 44906.0 seconds
new vehicle188 @ 12:29:01 (sumoTime: 44941 seconds) on link 1 with path_nodes [1, 2, 3, 4] which means path_links [1, 2, 3]
new vehicle189 @ 12:29:10 (sumoTime: 44950 seconds) on link 1 with path_nodes [1, 2, 3, 4] which means path_links [1, 2, 3]
['newVeh188'] arrived @ sumotime 44967.0 seconds
['newVeh189'] arrived @ sumotime 44981.0 seconds
new vehicle190 @ 12:33:39 (sumoTime: 45219 seconds) on link 1 with path_nodes [1, 2, 3, 4] which means path_links [1, 2, 3]
['newVeh190'] arrived @ sumotime 45248.0 seconds
new vehicle191 @ 12:34:35 (sumoTime: 45275 seconds) on link 1 with path_nodes [1, 2, 3, 4] which means path_links [1, 2, 3]
['newVeh191'] arrived @ sumotime 45301.0 seconds
new vehicle192 @ 12:36:24 (sumoTime: 45384 seconds) on link 1 with path_nodes [1, 2, 3, 4] which means path_links [1, 2, 3]
['newVeh192'] arrived @ sumotime 45410.0 seconds
['newVeh192'] arrived @ sumotime 45411.0 seconds
new vehicle193 @ 12:39:49 (sumoTime: 45589 seconds) on link 1 with path_nodes [1, 2, 3, 4] which means path_links [1, 2, 3]
['newVeh193'] arrived @ sumotime 45616.0 seconds
new vehicle194 @ 12:43:09 (sumoTime: 45789 seconds) on link 1 with path_nodes [1, 2, 3, 4] which means path_links [1, 2, 3]
['newVeh194'] arrived @ sumotime 45816.0 seconds
new vehicle195 @ 12:44:08 (sumoTime: 45848 seconds) on link 1 with path_nodes [1, 2, 3, 4] which means path_links [1, 2, 3]
['newVeh195'] arrived @ sumotime 45875.0 seconds
new vehicle196 @ 12:44:37 (sumoTime: 45877 seconds) on link 1 with path_nodes [1, 2, 3, 4] which means path_links [1, 2, 3]
['newVeh196'] arrived @ sumotime 45905.0 seconds
new vehicle197 @ 12:46:40 (sumoTime: 46000 seconds) on link 1 with path_nodes [1, 2, 3, 4] which means path_links [1, 2, 3]
new vehicle198 @ 12:46:46 (sumoTime: 46006 seconds) on link 1 with path_nodes [1, 2, 3, 4] which means path_links [1, 2, 3]
['newVeh197'] arrived @ sumotime 46027.0 seconds
['newVeh198'] arrived @ sumotime 46032.0 seconds
new vehicle199 @ 12:48:23 (sumoTime: 46103 seconds) on link 1 with path_nodes [1, 2, 3, 4] which means path_links [1, 2, 3]
['newVeh199'] arrived @ sumotime 46129.0 seconds
new vehicle200 @ 12:49:32 (sumoTime: 46172 seconds) on link 1 with path_nodes [1, 2, 3, 4] which means path_links [1, 2, 3]
['newVeh200'] arrived @ sumotime 46199.0 seconds
new vehicle201 @ 12:50:23 (sumoTime: 46223 seconds) on link 1 with path_nodes [1, 2, 3, 4] which means path_links [1, 2, 3]
['newVeh201'] arrived @ sumotime 46249.0 seconds
new vehicle202 @ 12:51:31 (sumoTime: 46291 seconds) on link 1 with path_nodes [1, 2, 3, 4] which means path_links [1, 2, 3]
['newVeh202'] arrived @ sumotime 46323.0 seconds
new vehicle203 @ 12:53:37 (sumoTime: 46417 seconds) on link 1 with path_nodes [1, 2, 3, 4] which means path_links [1, 2, 3]
['newVeh203'] arrived @ sumotime 46445.0 seconds
new vehicle204 @ 12:54:49 (sumoTime: 46489 seconds) on link 1 with path_nodes [1, 2, 3, 4] which means path_links [1, 2, 3]
['newVeh204'] arrived @ sumotime 46515.0 seconds
new vehicle205 @ 12:55:47 (sumoTime: 46547 seconds) on link 1 with path_nodes [1, 2, 3, 4] which means path_links [1, 2, 3]
new vehicle206 @ 12:56:12 (sumoTime: 46572 seconds) on link 1 with path_nodes [1, 2, 3, 4] which means path_links [1, 2, 3]
['newVeh205'] arrived @ sumotime 46573.0 seconds
['newVeh206'] arrived @ sumotime 46600.0 seconds
new vehicle207 @ 12:57:06 (sumoTime: 46626 seconds) on link 1 with path_nodes [1, 2, 3, 4] which means path_links [1, 2, 3]
['newVeh207'] arrived @ sumotime 46654.0 seconds
['newVeh207'] arrived @ sumotime 46655.0 seconds
new vehicle208 @ 12:58:07 (sumoTime: 46687 seconds) on link 1 with path_nodes [1, 2, 3, 4] which means path_links [1, 2, 3]
['newVeh208'] arrived @ sumotime 46715.0 seconds
new vehicle209 @ 12:59:59 (sumoTime: 46799 seconds) on link 1 with path_nodes [1, 2, 3, 4] which means path_links [1, 2, 3]
13:00:00
Umlegung ausgeführt
curVolumes: (130000, [(3, 44, 0)])
['newVeh209'] arrived @ sumotime 46825.0 seconds
new vehicle210 @ 13:00:45 (sumoTime: 46845 seconds) on link 1 with path_nodes [1, 2, 3, 4] which means path_links [1, 2, 3]
['newVeh210'] arrived @ sumotime 46872.0 seconds
new vehicle211 @ 13:01:46 (sumoTime: 46906 seconds) on link 1 with path_nodes [1, 2, 3, 4] which means path_links [1, 2, 3]
['newVeh211'] arrived @ sumotime 46932.0 seconds
new vehicle212 @ 13:02:53 (sumoTime: 46973 seconds) on link 1 with path_nodes [1, 2, 3, 4] which means path_links [1, 2, 3]
['newVeh212'] arrived @ sumotime 47000.0 seconds
new vehicle213 @ 13:04:44 (sumoTime: 47084 seconds) on link 1 with path_nodes [1, 2, 3, 4] which means path_links [1, 2, 3]
['newVeh213'] arrived @ sumotime 47116.0 seconds
new vehicle214 @ 13:06:25 (sumoTime: 47185 seconds) on link 1 with path_nodes [1, 2, 3, 4] which means path_links [1, 2, 3]
['newVeh214'] arrived @ sumotime 47214.0 seconds
new vehicle215 @ 13:07:43 (sumoTime: 47263 seconds) on link 1 with path_nodes [1, 2, 3, 4] which means path_links [1, 2, 3]
['newVeh215'] arrived @ sumotime 47289.0 seconds
new vehicle216 @ 13:08:59 (sumoTime: 47339 seconds) on link 1 with path_nodes [1, 2, 3, 4] which means path_links [1, 2, 3]
new vehicle217 @ 13:09:11 (sumoTime: 47351 seconds) on link 1 with path_nodes [1, 2, 3, 4] which means path_links [1, 2, 3]
['newVeh216'] arrived @ sumotime 47366.0 seconds
['newVeh217'] arrived @ sumotime 47378.0 seconds
new vehicle218 @ 13:12:45 (sumoTime: 47565 seconds) on link 1 with path_nodes [1, 2, 3, 4] which means path_links [1, 2, 3]
new vehicle219 @ 13:13:11 (sumoTime: 47591 seconds) on link 1 with path_nodes [1, 2, 3, 4] which means path_links [1, 2, 3]
['newVeh218'] arrived @ sumotime 47592.0 seconds
['newVeh219'] arrived @ sumotime 47619.0 seconds
new vehicle220 @ 13:14:27 (sumoTime: 47667 seconds) on link 1 with path_nodes [1, 2, 3, 4] which means path_links [1, 2, 3]
['newVeh220'] arrived @ sumotime 47693.0 seconds
new vehicle221 @ 13:15:50 (sumoTime: 47750 seconds) on link 1 with path_nodes [1, 2, 3, 4] which means path_links [1, 2, 3]
new vehicle222 @ 13:16:06 (sumoTime: 47766 seconds) on link 1 with path_nodes [1, 2, 3, 4] which means path_links [1, 2, 3]
['newVeh221'] arrived @ sumotime 47776.0 seconds
['newVeh221'] arrived @ sumotime 47777.0 seconds
new vehicle223 @ 13:16:37 (sumoTime: 47797 seconds) on link 1 with path_nodes [1, 2, 3, 4] which means path_links [1, 2, 3]
['newVeh222'] arrived @ sumotime 47798.0 seconds
new vehicle224 @ 13:16:47 (sumoTime: 47807 seconds) on link 1 with path_nodes [1, 2, 3, 4] which means path_links [1, 2, 3]
new vehicle225 @ 13:17:04 (sumoTime: 47824 seconds) on link 1 with path_nodes [1, 2, 3, 4] which means path_links [1, 2, 3]
['newVeh223'] arrived @ sumotime 47827.0 seconds
['newVeh224'] arrived @ sumotime 47834.0 seconds
['newVeh225'] arrived @ sumotime 47850.0 seconds
new vehicle226 @ 13:17:33 (sumoTime: 47853 seconds) on link 1 with path_nodes [1, 2, 3, 4] which means path_links [1, 2, 3]
new vehicle227 @ 13:17:37 (sumoTime: 47857 seconds) on link 1 with path_nodes [1, 2, 3, 4] which means path_links [1, 2, 3]
['newVeh226'] arrived @ sumotime 47878.0 seconds
['newVeh227'] arrived @ sumotime 47883.0 seconds
new vehicle228 @ 13:18:39 (sumoTime: 47919 seconds) on link 1 with path_nodes [1, 2, 3, 4] which means path_links [1, 2, 3]
new vehicle229 @ 13:18:53 (sumoTime: 47933 seconds) on link 1 with path_nodes [1, 2, 3, 4] which means path_links [1, 2, 3]
['newVeh228'] arrived @ sumotime 47945.0 seconds
['newVeh229'] arrived @ sumotime 47959.0 seconds
new vehicle230 @ 13:21:22 (sumoTime: 48082 seconds) on link 1 with path_nodes [1, 2, 3, 4] which means path_links [1, 2, 3]
['newVeh230'] arrived @ sumotime 48107.0 seconds
new vehicle231 @ 13:22:59 (sumoTime: 48179 seconds) on link 1 with path_nodes [1, 2, 3, 4] which means path_links [1, 2, 3]
['newVeh231'] arrived @ sumotime 48206.0 seconds
new vehicle232 @ 13:23:54 (sumoTime: 48234 seconds) on link 1 with path_nodes [1, 2, 3, 4] which means path_links [1, 2, 3]
['newVeh232'] arrived @ sumotime 48262.0 seconds
new vehicle233 @ 13:24:49 (sumoTime: 48289 seconds) on link 1 with path_nodes [1, 2, 3, 4] which means path_links [1, 2, 3]
['newVeh233'] arrived @ sumotime 48315.0 seconds
new vehicle234 @ 13:26:48 (sumoTime: 48408 seconds) on link 1 with path_nodes [1, 2, 3, 4] which means path_links [1, 2, 3]
new vehicle235 @ 13:27:13 (sumoTime: 48433 seconds) on link 1 with path_nodes [1, 2, 3, 4] which means path_links [1, 2, 3]
['newVeh234'] arrived @ sumotime 48438.0 seconds
new vehicle236 @ 13:27:39 (sumoTime: 48459 seconds) on link 1 with path_nodes [1, 2, 3, 4] which means path_links [1, 2, 3]
['newVeh235'] arrived @ sumotime 48461.0 seconds
['newVeh236'] arrived @ sumotime 48486.0 seconds
new vehicle237 @ 13:38:55 (sumoTime: 49135 seconds) on link 1 with path_nodes [1, 2, 3, 4] which means path_links [1, 2, 3]
['newVeh237'] arrived @ sumotime 49161.0 seconds
new vehicle238 @ 13:39:44 (sumoTime: 49184 seconds) on link 1 with path_nodes [1, 2, 3, 4] which means path_links [1, 2, 3]
['newVeh238'] arrived @ sumotime 49210.0 seconds
new vehicle239 @ 13:41:38 (sumoTime: 49298 seconds) on link 1 with path_nodes [1, 2, 3, 4] which means path_links [1, 2, 3]
['newVeh239'] arrived @ sumotime 49325.0 seconds
new vehicle240 @ 13:42:17 (sumoTime: 49337 seconds) on link 1 with path_nodes [1, 2, 3, 4] which means path_links [1, 2, 3]
['newVeh240'] arrived @ sumotime 49367.0 seconds
new vehicle241 @ 13:44:41 (sumoTime: 49481 seconds) on link 1 with path_nodes [1, 2, 3, 4] which means path_links [1, 2, 3]
['newVeh241'] arrived @ sumotime 49510.0 seconds
new vehicle242 @ 13:47:28 (sumoTime: 49648 seconds) on link 1 with path_nodes [1, 2, 3, 4] which means path_links [1, 2, 3]
new vehicle243 @ 13:47:48 (sumoTime: 49668 seconds) on link 1 with path_nodes [1, 2, 3, 4] which means path_links [1, 2, 3]
new vehicle244 @ 13:47:53 (sumoTime: 49673 seconds) on link 1 with path_nodes [1, 2, 3, 4] which means path_links [1, 2, 3]
['newVeh242'] arrived @ sumotime 49674.0 seconds
new vehicle245 @ 13:48:14 (sumoTime: 49694 seconds) on link 1 with path_nodes [1, 2, 3, 4] which means path_links [1, 2, 3]
['newVeh243'] arrived @ sumotime 49694.0 seconds
['newVeh244'] arrived @ sumotime 49700.0 seconds
['newVeh245'] arrived @ sumotime 49724.0 seconds
new vehicle246 @ 13:49:41 (sumoTime: 49781 seconds) on link 1 with path_nodes [1, 2, 3, 4] which means path_links [1, 2, 3]
['newVeh246'] arrived @ sumotime 49807.0 seconds
new vehicle247 @ 13:50:28 (sumoTime: 49828 seconds) on link 1 with path_nodes [1, 2, 3, 4] which means path_links [1, 2, 3]
new vehicle248 @ 13:50:35 (sumoTime: 49835 seconds) on link 1 with path_nodes [1, 2, 3, 4] which means path_links [1, 2, 3]
['newVeh247'] arrived @ sumotime 49854.0 seconds
['newVeh248'] arrived @ sumotime 49860.0 seconds
new vehicle249 @ 13:51:14 (sumoTime: 49874 seconds) on link 1 with path_nodes [1, 2, 3, 4] which means path_links [1, 2, 3]
new vehicle250 @ 13:51:30 (sumoTime: 49890 seconds) on link 1 with path_nodes [1, 2, 3, 4] which means path_links [1, 2, 3]
['newVeh249'] arrived @ sumotime 49900.0 seconds
new vehicle251 @ 13:51:49 (sumoTime: 49909 seconds) on link 1 with path_nodes [1, 2, 3, 4] which means path_links [1, 2, 3]
['newVeh250'] arrived @ sumotime 49917.0 seconds
['newVeh251'] arrived @ sumotime 49940.0 seconds
new vehicle252 @ 13:54:58 (sumoTime: 50098 seconds) on link 1 with path_nodes [1, 2, 3, 4] which means path_links [1, 2, 3]
['newVeh252'] arrived @ sumotime 50126.0 seconds
new vehicle253 @ 13:56:58 (sumoTime: 50218 seconds) on link 1 with path_nodes [1, 2, 3, 4] which means path_links [1, 2, 3]
['newVeh253'] arrived @ sumotime 50245.0 seconds
new vehicle254 @ 13:58:07 (sumoTime: 50287 seconds) on link 1 with path_nodes [1, 2, 3, 4] which means path_links [1, 2, 3]
['newVeh254'] arrived @ sumotime 50314.0 seconds
new vehicle255 @ 13:59:50 (sumoTime: 50390 seconds) on link 1 with path_nodes [1, 2, 3, 4] which means path_links [1, 2, 3]
14:00:00
Umlegung ausgeführt
curVolumes: (140000, [(3, 47, 0)])
['newVeh255'] arrived @ sumotime 50418.0 seconds
new vehicle256 @ 14:02:58 (sumoTime: 50578 seconds) on link 1 with path_nodes [1, 2, 3, 4] which means path_links [1, 2, 3]
new vehicle257 @ 14:03:19 (sumoTime: 50599 seconds) on link 1 with path_nodes [1, 2, 3, 4] which means path_links [1, 2, 3]
new vehicle258 @ 14:03:25 (sumoTime: 50605 seconds) on link 1 with path_nodes [1, 2, 3, 4] which means path_links [1, 2, 3]
['newVeh256'] arrived @ sumotime 50605.0 seconds
['newVeh257'] arrived @ sumotime 50626.0 seconds
['newVeh257'] arrived @ sumotime 50627.0 seconds
['newVeh258'] arrived @ sumotime 50633.0 seconds
new vehicle259 @ 14:04:01 (sumoTime: 50641 seconds) on link 1 with path_nodes [1, 2, 3, 4] which means path_links [1, 2, 3]
['newVeh259'] arrived @ sumotime 50668.0 seconds
new vehicle260 @ 14:06:26 (sumoTime: 50786 seconds) on link 1 with path_nodes [1, 2, 3, 4] which means path_links [1, 2, 3]
['newVeh260'] arrived @ sumotime 50816.0 seconds
new vehicle261 @ 14:07:00 (sumoTime: 50820 seconds) on link 1 with path_nodes [1, 2, 3, 4] which means path_links [1, 2, 3]
['newVeh261'] arrived @ sumotime 50850.0 seconds
new vehicle262 @ 14:08:23 (sumoTime: 50903 seconds) on link 1 with path_nodes [1, 2, 3, 4] which means path_links [1, 2, 3]
['newVeh262'] arrived @ sumotime 50930.0 seconds
['newVeh262'] arrived @ sumotime 50931.0 seconds
new vehicle263 @ 14:15:17 (sumoTime: 51317 seconds) on link 1 with path_nodes [1, 2, 3, 4] which means path_links [1, 2, 3]
new vehicle264 @ 14:15:29 (sumoTime: 51329 seconds) on link 1 with path_nodes [1, 2, 3, 4] which means path_links [1, 2, 3]
['newVeh263'] arrived @ sumotime 51344.0 seconds
['newVeh264'] arrived @ sumotime 51357.0 seconds
['newVeh264'] arrived @ sumotime 51358.0 seconds
new vehicle265 @ 14:17:47 (sumoTime: 51467 seconds) on link 1 with path_nodes [1, 2, 3, 4] which means path_links [1, 2, 3]
new vehicle266 @ 14:17:57 (sumoTime: 51477 seconds) on link 1 with path_nodes [1, 2, 3, 4] which means path_links [1, 2, 3]
['newVeh265'] arrived @ sumotime 51494.0 seconds
new vehicle267 @ 14:18:21 (sumoTime: 51501 seconds) on link 1 with path_nodes [1, 2, 3, 4] which means path_links [1, 2, 3]
['newVeh266'] arrived @ sumotime 51501.0 seconds
['newVeh267'] arrived @ sumotime 51527.0 seconds
new vehicle268 @ 14:22:33 (sumoTime: 51753 seconds) on link 1 with path_nodes [1, 2, 3, 4] which means path_links [1, 2, 3]
['newVeh268'] arrived @ sumotime 51778.0 seconds
['newVeh268'] arrived @ sumotime 51779.0 seconds
new vehicle269 @ 14:23:40 (sumoTime: 51820 seconds) on link 1 with path_nodes [1, 2, 3, 4] which means path_links [1, 2, 3]
['newVeh269'] arrived @ sumotime 51849.0 seconds
new vehicle270 @ 14:26:41 (sumoTime: 52001 seconds) on link 1 with path_nodes [1, 2, 3, 4] which means path_links [1, 2, 3]
['newVeh270'] arrived @ sumotime 52029.0 seconds
new vehicle271 @ 14:29:22 (sumoTime: 52162 seconds) on link 1 with path_nodes [1, 2, 3, 4] which means path_links [1, 2, 3]
['newVeh271'] arrived @ sumotime 52189.0 seconds
new vehicle272 @ 14:30:16 (sumoTime: 52216 seconds) on link 1 with path_nodes [1, 2, 3, 4] which means path_links [1, 2, 3]
['newVeh272'] arrived @ sumotime 52242.0 seconds
new vehicle273 @ 14:32:46 (sumoTime: 52366 seconds) on link 1 with path_nodes [1, 2, 3, 4] which means path_links [1, 2, 3]
new vehicle274 @ 14:33:05 (sumoTime: 52385 seconds) on link 1 with path_nodes [1, 2, 3, 4] which means path_links [1, 2, 3]
new vehicle275 @ 14:33:13 (sumoTime: 52393 seconds) on link 1 with path_nodes [1, 2, 3, 4] which means path_links [1, 2, 3]
['newVeh273'] arrived @ sumotime 52397.0 seconds
['newVeh274'] arrived @ sumotime 52413.0 seconds
['newVeh274'] arrived @ sumotime 52414.0 seconds
['newVeh275'] arrived @ sumotime 52420.0 seconds
new vehicle276 @ 14:35:23 (sumoTime: 52523 seconds) on link 1 with path_nodes [1, 2, 3, 4] which means path_links [1, 2, 3]
['newVeh276'] arrived @ sumotime 52552.0 seconds
new vehicle277 @ 14:40:28 (sumoTime: 52828 seconds) on link 1 with path_nodes [1, 2, 3, 4] which means path_links [1, 2, 3]
new vehicle278 @ 14:40:41 (sumoTime: 52841 seconds) on link 1 with path_nodes [1, 2, 3, 4] which means path_links [1, 2, 3]
['newVeh277'] arrived @ sumotime 52855.0 seconds
['newVeh278'] arrived @ sumotime 52869.0 seconds
new vehicle279 @ 14:41:19 (sumoTime: 52879 seconds) on link 1 with path_nodes [1, 2, 3, 4] which means path_links [1, 2, 3]
new vehicle280 @ 14:41:28 (sumoTime: 52888 seconds) on link 1 with path_nodes [1, 2, 3, 4] which means path_links [1, 2, 3]
['newVeh279'] arrived @ sumotime 52906.0 seconds
['newVeh280'] arrived @ sumotime 52918.0 seconds
new vehicle281 @ 14:42:08 (sumoTime: 52928 seconds) on link 1 with path_nodes [1, 2, 3, 4] which means path_links [1, 2, 3]
['newVeh281'] arrived @ sumotime 52957.0 seconds
new vehicle282 @ 14:43:57 (sumoTime: 53037 seconds) on link 1 with path_nodes [1, 2, 3, 4] which means path_links [1, 2, 3]
['newVeh282'] arrived @ sumotime 53065.0 seconds
new vehicle283 @ 14:47:21 (sumoTime: 53241 seconds) on link 1 with path_nodes [1, 2, 3, 4] which means path_links [1, 2, 3]
['newVeh283'] arrived @ sumotime 53266.0 seconds
new vehicle284 @ 14:51:37 (sumoTime: 53497 seconds) on link 1 with path_nodes [1, 2, 3, 4] which means path_links [1, 2, 3]
['newVeh284'] arrived @ sumotime 53525.0 seconds
new vehicle285 @ 14:55:29 (sumoTime: 53729 seconds) on link 1 with path_nodes [1, 2, 3, 4] which means path_links [1, 2, 3]
new vehicle286 @ 14:55:45 (sumoTime: 53745 seconds) on link 1 with path_nodes [1, 2, 3, 4] which means path_links [1, 2, 3]
['newVeh285'] arrived @ sumotime 53760.0 seconds
['newVeh286'] arrived @ sumotime 53771.0 seconds
new vehicle287 @ 14:56:22 (sumoTime: 53782 seconds) on link 1 with path_nodes [1, 2, 3, 4] which means path_links [1, 2, 3]
['newVeh287'] arrived @ sumotime 53809.0 seconds
new vehicle288 @ 14:57:21 (sumoTime: 53841 seconds) on link 1 with path_nodes [1, 2, 3, 4] which means path_links [1, 2, 3]
new vehicle289 @ 14:57:39 (sumoTime: 53859 seconds) on link 1 with path_nodes [1, 2, 3, 4] which means path_links [1, 2, 3]
['newVeh288'] arrived @ sumotime 53872.0 seconds
['newVeh289'] arrived @ sumotime 53888.0 seconds
Gesamte Auslastung: 296
Summe erzeugter Fahrzeuge: 290
-> Fahrzeuge verloren: 6
Tupel bestehend aus: VolVisum, geplantesVolSumo, avgArrTimeVisum, avgArrTimeSumo
Link: 1 -> [(2, 2, 1800, 7554), (5, 5, 720, 850), (7, 9, 514, 606), (10, 11, 360, 353), (12, 11, 300, 349), (15, 15, 240, 261), (17, 18, 211, 224), (20, 15, 180, 247), (22, 28, 163, 127), (25, 17, 144, 231), (27, 25, 133, 144), (30, 25, 120, 149), (32, 42, 112, 86), (35, 47, 102, 78), (37, 35, 97, 101)]
Link: 3 -> []
Link: 5 -> []
VolumenInSumo: [(402, ['1', '2', '3']), (10549, ['1', '2', '3']), (12233, ['1', '2', '3']), (13144, ['1', '2', '3']), (15536, ['1', '2', '3']), (20402, ['1', '2', '3']), (20754, ['1', '2', '3']), (21151, ['1', '2', '3']), (21200, ['1', '2', '3']), (23336, ['1', '2', '3']), (23645, ['1', '2', '3']), (24652, ['1', '2', '3']), (25506, ['1', '2', '3']), (30620, ['1', '2', '3']), (30736, ['1', '2', '3']), (31421, ['1', '2', '3']), (31422, ['1', '2', '3']), (32209, ['1', '2', '3']), (33550, ['1', '2', '3']), (34418, ['1', '2', '3']), (34642, ['1', '2', '3']), (35518, ['1', '2', '3']), (35647, ['1', '2', '3']), (40556, ['1', '2', '3']), (40557, ['1', '2', '3']), (41714, ['1', '2', '3']), (42019, ['1', '2', '3']), (43530, ['1', '2', '3']), (43656, ['1', '2', '3']), (44229, ['1', '2', '3']), (44738, ['1', '2', '3']), (45111, ['1', '2', '3']), (45907, ['1', '2', '3']), (50140, ['1', '2', '3']), (50359, ['1', '2', '3']), (50957, ['1', '2', '3']), (51328, ['1', '2', '3']), (51833, ['1', '2', '3']), (52131, ['1', '2', '3']), (52725, ['1', '2', '3']), (53915, ['1', '2', '3']), (54003, ['1', '2', '3']), (54415, ['1', '2', '3']), (54612, ['1', '2', '3']), (54728, ['1', '2', '3']), (55638, ['1', '2', '3']), (55645, ['1', '2', '3']), (60018, ['1', '2', '3']), (60135, ['1', '2', '3']), (60601, ['1', '2', '3']), (60715, ['1', '2', '3']), (60820, ['1', '2', '3']), (62306, ['1', '2', '3']), (63135, ['1', '2', '3']), (63407, ['1', '2', '3']), (63502, ['1', '2', '3']), (63509, ['1', '2', '3']), (64811, ['1', '2', '3']), (65103, ['1', '2', '3']), (65330, ['1', '2', '3']), (65509, ['1', '2', '3']), (65607, ['1', '2', '3']), (65721, ['1', '2', '3']), (65749, ['1', '2', '3']), (70240, ['1', '2', '3']), (70708, ['1', '2', '3']), (71037, ['1', '2', '3']), (71144, ['1', '2', '3']), (71144, ['1', '2', '3']), (71223, ['1', '2', '3']), (71423, ['1', '2', '3']), (71851, ['1', '2', '3']), (73139, ['1', '2', '3']), (73515, ['1', '2', '3']), (74141, ['1', '2', '3']), (74635, ['1', '2', '3']), (75104, ['1', '2', '3']), (75738, ['1', '2', '3']), (80344, ['1', '6', '7', '-8', '3']), (80913, ['1', '6', '7', '-8', '3']), (81015, ['1', '6', '7', '-8', '3']), (81023, ['1', '6', '7', '-8', '3']), (81114, ['1', '6', '7', '-8', '3']), (81119, ['1', '6', '7', '-8', '3']), (81125, ['1', '6', '7', '-8', '3']), (81806, ['1', '6', '7', '-8', '3']), (81943, ['1', '6', '7', '-8', '3']), (82035, ['1', '6', '7', '-8', '3']), (82224, ['1', '6', '7', '-8', '3']), (82546, ['1', '6', '7', '-8', '3']), (82600, ['1', '6', '7', '-8', '3']), (82834, ['1', '6', '7', '-8', '3']), (83305, ['1', '6', '7', '-8', '3']), (83331, ['1', '6', '7', '-8', '3']), (83337, ['1', '6', '7', '-8', '3']), (83527, ['1', '6', '7', '-8', '3']), (83839, ['1', '6', '7', '-8', '3']), (83901, ['1', '6', '7', '-8', '3']), (83945, ['1', '6', '7', '-8', '3']), (83950, ['1', '6', '7', '-8', '3']), (84702, ['1', '6', '7', '-8', '3']), (85136, ['1', '6', '7', '-8', '3']), (85625, ['1', '6', '7', '-8', '3']), (85712, ['1', '6', '7', '-8', '3']), (85723, ['1', '6', '7', '-8', '3']), (90306, ['1', '6', '7', '-8', '3']), (90833, ['1', '6', '7', '-8', '3']), (90946, ['1', '6', '7', '-8', '3']), (91155, ['1', '6', '7', '-8', '3']), (91254, ['1', '6', '7', '-8', '3']), (92605, ['1', '6', '7', '-8', '3']), (92617, ['1', '6', '7', '-8', '3']), (92732, ['1', '6', '7', '-8', '3']), (93022, ['1', '6', '7', '-8', '3']), (93056, ['1', '6', '7', '-8', '3']), (94537, ['1', '6', '7', '-8', '3']), (94539, ['1', '6', '7', '-8', '3']), (94614, ['1', '6', '7', '-8', '3']), (94912, ['1', '6', '7', '-8', '3']), (95355, ['1', '6', '7', '-8', '3']), (95758, ['1', '6', '7', '-8', '3']), (100326, ['1', '6', '7', '-8', '3']), (100526, ['1', '6', '7', '-8', '3']), (101150, ['1', '6', '7', '-8', '3']), (101844, ['1', '6', '7', '-8', '3']), (101935, ['1', '6', '7', '-8', '3']), (102141, ['1', '6', '7', '-8', '3']), (102216, ['1', '6', '7', '-8', '3']), (102420, ['1', '6', '7', '-8', '3']), (102433, ['1', '6', '7', '-8', '3']), (102527, ['1', '6', '7', '-8', '3']), (102703, ['1', '6', '7', '-8', '3']), (103213, ['1', '6', '7', '-8', '3']), (103751, ['1', '6', '7', '-8', '3']), (103800, ['1', '6', '7', '-8', '3']), (104014, ['1', '6', '7', '-8', '3']), (104059, ['1', '6', '7', '-8', '3']), (104101, ['1', '6', '7', '-8', '3']), (104422, ['1', '6', '7', '-8', '3']), (104422, ['1', '6', '7', '-8', '3']), (104521, ['1', '6', '7', '-8', '3']), (105345, ['1', '6', '7', '-8', '3']), (105639, ['1', '6', '7', '-8', '3']), (105834, ['1', '6', '7', '-8', '3']), (105921, ['1', '6', '7', '-8', '3']), (110118, ['1', '6', '7', '-8', '3']), (110220, ['1', '6', '7', '-8', '3']), (110242, ['1', '6', '7', '-8', '3']), (110418, ['1', '6', '7', '-8', '3']), (110455, ['1', '6', '7', '-8', '3']), (110852, ['1', '6', '7', '-8', '3']), (110945, ['1', '6', '7', '-8', '3']), (111359, ['1', '6', '7', '-8', '3']), (111640, ['1', '6', '7', '-8', '3']), (111654, ['1', '6', '7', '-8', '3']), (111703, ['1', '6', '7', '-8', '3']), (111819, ['1', '6', '7', '-8', '3']), (112535, ['1', '6', '7', '-8', '3']), (112829, ['1', '6', '7', '-8', '3']), (113148, ['1', '6', '7', '-8', '3']), (113435, ['1', '6', '7', '-8', '3']), (113832, ['1', '6', '7', '-8', '3']), (114122, ['1', '6', '7', '-8', '3']), (114308, ['1', '6', '7', '-8', '3']), (114316, ['1', '6', '7', '-8', '3']), (114317, ['1', '6', '7', '-8', '3']), (114544, ['1', '6', '7', '-8', '3']), (115533, ['1', '6', '7', '-8', '3']), (115719, ['1', '6', '7', '-8', '3']), (120234, ['1', '2', '3']), (120408, ['1', '2', '3']), (120413, ['1', '2', '3']), (120656, ['1', '2', '3']), (120855, ['1', '2', '3']), (121038, ['1', '2', '3']), (121115, ['1', '2', '3']), (121124, ['1', '2', '3']), (121342, ['1', '2', '3']), (121349, ['1', '2', '3']), (121555, ['1', '2', '3']), (121603, ['1', '2', '3']), (121838, ['1', '2', '3']), (121929, ['1', '2', '3']), (122042, ['1', '2', '3']), (122251, ['1', '2', '3']), (122548, ['1', '2', '3']), (122626, ['1', '2', '3']), (122758, ['1', '2', '3']), (122901, ['1', '2', '3']), (122910, ['1', '2', '3']), (123339, ['1', '2', '3']), (123435, ['1', '2', '3']), (123624, ['1', '2', '3']), (123949, ['1', '2', '3']), (124309, ['1', '2', '3']), (124408, ['1', '2', '3']), (124437, ['1', '2', '3']), (124640, ['1', '2', '3']), (124646, ['1', '2', '3']), (124823, ['1', '2', '3']), (124932, ['1', '2', '3']), (125023, ['1', '2', '3']), (125131, ['1', '2', '3']), (125337, ['1', '2', '3']), (125449, ['1', '2', '3']), (125547, ['1', '2', '3']), (125612, ['1', '2', '3']), (125706, ['1', '2', '3']), (125807, ['1', '2', '3']), (125959, ['1', '2', '3']), (130045, ['1', '2', '3']), (130146, ['1', '2', '3']), (130253, ['1', '2', '3']), (130444, ['1', '2', '3']), (130625, ['1', '2', '3']), (130743, ['1', '2', '3']), (130859, ['1', '2', '3']), (130911, ['1', '2', '3']), (131245, ['1', '2', '3']), (131311, ['1', '2', '3']), (131427, ['1', '2', '3']), (131550, ['1', '2', '3']), (131606, ['1', '2', '3']), (131637, ['1', '2', '3']), (131647, ['1', '2', '3']), (131704, ['1', '2', '3']), (131733, ['1', '2', '3']), (131737, ['1', '2', '3']), (131839, ['1', '2', '3']), (131853, ['1', '2', '3']), (132122, ['1', '2', '3']), (132259, ['1', '2', '3']), (132354, ['1', '2', '3']), (132449, ['1', '2', '3']), (132648, ['1', '2', '3']), (132713, ['1', '2', '3']), (132739, ['1', '2', '3']), (133855, ['1', '2', '3']), (133944, ['1', '2', '3']), (134138, ['1', '2', '3']), (134217, ['1', '2', '3']), (134441, ['1', '2', '3']), (134728, ['1', '2', '3']), (134748, ['1', '2', '3']), (134753, ['1', '2', '3']), (134814, ['1', '2', '3']), (134941, ['1', '2', '3']), (135028, ['1', '2', '3']), (135035, ['1', '2', '3']), (135114, ['1', '2', '3']), (135130, ['1', '2', '3']), (135149, ['1', '2', '3']), (135458, ['1', '2', '3']), (135658, ['1', '2', '3']), (135807, ['1', '2', '3']), (135950, ['1', '2', '3']), (140258, ['1', '2', '3']), (140319, ['1', '2', '3']), (140325, ['1', '2', '3']), (140401, ['1', '2', '3']), (140626, ['1', '2', '3']), (140700, ['1', '2', '3']), (140823, ['1', '2', '3']), (141517, ['1', '2', '3']), (141529, ['1', '2', '3']), (141747, ['1', '2', '3']), (141757, ['1', '2', '3']), (141821, ['1', '2', '3']), (142233, ['1', '2', '3']), (142340, ['1', '2', '3']), (142641, ['1', '2', '3']), (142922, ['1', '2', '3']), (143016, ['1', '2', '3']), (143246, ['1', '2', '3']), (143305, ['1', '2', '3']), (143313, ['1', '2', '3']), (143523, ['1', '2', '3']), (144028, ['1', '2', '3']), (144041, ['1', '2', '3']), (144119, ['1', '2', '3']), (144128, ['1', '2', '3']), (144208, ['1', '2', '3']), (144357, ['1', '2', '3']), (144721, ['1', '2', '3']), (145137, ['1', '2', '3']), (145529, ['1', '2', '3']), (145545, ['1', '2', '3']), (145622, ['1', '2', '3']), (145721, ['1', '2', '3']), (145739, ['1', '2', '3'])]
2 -> 3 : [(0, 2), (10000, 5), (20000, 7), (30000, 10), (40000, 12), (50000, 15), (60000, 17), (70000, 20), (80000, 22), (90000, 25), (100000, 27), (110000, 30), (120000, 32), (130000, 35), (140000, 37)]
2 -> 5 : [(0, 0), (10000, 0), (20000, 0), (30000, 0), (40000, 0), (50000, 0), (60000, 0), (70000, 0), (80000, 0), (90000, 0), (100000, 0), (110000, 0), (120000, 0), (130000, 0), (140000, 0)]
2 -> 6 : [(0, 0), (10000, 0), (20000, 0), (30000, 0), (40000, 0), (50000, 0), (60000, 0), (70000, 0), (80000, 0), (90000, 0), (100000, 0), (110000, 0), (120000, 0), (130000, 0), (140000, 0)]
3 -> 2 : [(0, 0), (10000, 0), (20000, 0), (30000, 0), (40000, 0), (50000, 0), (60000, 0), (70000, 0), (80000, 0), (90000, 0), (100000, 0), (110000, 0), (120000, 0), (130000, 0), (140000, 0)]
3 -> 4 : [(0, 2), (10000, 5), (20000, 7), (30000, 10), (40000, 12), (50000, 15), (60000, 17), (70000, 20), (80000, 22), (90000, 25), (100000, 27), (110000, 30), (120000, 32), (130000, 35), (140000, 37)]
3 -> 7 : [(0, 0), (10000, 0), (20000, 0), (30000, 0), (40000, 0), (50000, 0), (60000, 0), (70000, 0), (80000, 0), (90000, 0), (100000, 0), (110000, 0), (120000, 0), (130000, 0), (140000, 0)]
4 -> 3 : [(0, 0), (10000, 0), (20000, 0), (30000, 0), (40000, 0), (50000, 0), (60000, 0), (70000, 0), (80000, 0), (90000, 0), (100000, 0), (110000, 0), (120000, 0), (130000, 0), (140000, 0)]
4 -> 5 : [(0, 0), (10000, 0), (20000, 0), (30000, 0), (40000, 0), (50000, 0), (60000, 0), (70000, 0), (80000, 0), (90000, 0), (100000, 0), (110000, 0), (120000, 0), (130000, 0), (140000, 0)]
5 -> 2 : [(0, 0), (10000, 0), (20000, 0), (30000, 0), (40000, 0), (50000, 0), (60000, 0), (70000, 0), (80000, 0), (90000, 0), (100000, 0), (110000, 0), (120000, 0), (130000, 0), (140000, 0)]
5 -> 4 : [(0, 0), (10000, 0), (20000, 0), (30000, 0), (40000, 0), (50000, 0), (60000, 0), (70000, 0), (80000, 0), (90000, 0), (100000, 0), (110000, 0), (120000, 0), (130000, 0), (140000, 0)]
6 -> 2 : [(0, 0), (10000, 0), (20000, 0), (30000, 0), (40000, 0), (50000, 0), (60000, 0), (70000, 0), (80000, 0), (90000, 0), (100000, 0), (110000, 0), (120000, 0), (130000, 0), (140000, 0)]
6 -> 7 : [(0, 0), (10000, 0), (20000, 0), (30000, 0), (40000, 0), (50000, 0), (60000, 0), (70000, 0), (80000, 0), (90000, 0), (100000, 0), (110000, 0), (120000, 0), (130000, 0), (140000, 0)]
7 -> 3 : [(0, 0), (10000, 0), (20000, 0), (30000, 0), (40000, 0), (50000, 0), (60000, 0), (70000, 0), (80000, 0), (90000, 0), (100000, 0), (110000, 0), (120000, 0), (130000, 0), (140000, 0)]
7 -> 6 : [(0, 0), (10000, 0), (20000, 0), (30000, 0), (40000, 0), (50000, 0), (60000, 0), (70000, 0), (80000, 0), (90000, 0), (100000, 0), (110000, 0), (120000, 0), (130000, 0), (140000, 0)]
