00:00:00
new vehicle0 @ 00:16:21 (sumoTime: 981 seconds) on link 1 with path_nodes [1, 2, 3, 4] which means path_links [1, 2, 3]
['newVeh0'] arrived @ sumotime 1009.0 seconds
new vehicle1 @ 00:19:01 (sumoTime: 1141 seconds) on link 1 with path_nodes [1, 2, 3, 4] which means path_links [1, 2, 3]
['newVeh1'] arrived @ sumotime 1167.0 seconds
new vehicle2 @ 00:36:12 (sumoTime: 2172 seconds) on link 1 with path_nodes [1, 2, 3, 4] which means path_links [1, 2, 3]
['newVeh2'] arrived @ sumotime 2198.0 seconds
01:00:00
Umlegung ausgeführt
curVolumes: (10000, [(3, 3, 0)])
new vehicle3 @ 01:02:34 (sumoTime: 3754 seconds) on link 1 with path_nodes [1, 2, 3, 4] which means path_links [1, 2, 3]
['newVeh3'] arrived @ sumotime 3783.0 seconds
new vehicle4 @ 01:04:33 (sumoTime: 3873 seconds) on link 1 with path_nodes [1, 2, 3, 4] which means path_links [1, 2, 3]
['newVeh4'] arrived @ sumotime 3901.0 seconds
new vehicle5 @ 01:18:32 (sumoTime: 4712 seconds) on link 1 with path_nodes [1, 2, 3, 4] which means path_links [1, 2, 3]
['newVeh5'] arrived @ sumotime 4738.0 seconds
new vehicle6 @ 01:30:12 (sumoTime: 5412 seconds) on link 1 with path_nodes [1, 2, 3, 4] which means path_links [1, 2, 3]
['newVeh6'] arrived @ sumotime 5438.0 seconds
['newVeh6'] arrived @ sumotime 5439.0 seconds
new vehicle7 @ 01:44:43 (sumoTime: 6283 seconds) on link 1 with path_nodes [1, 2, 3, 4] which means path_links [1, 2, 3]
['newVeh7'] arrived @ sumotime 6308.0 seconds
new vehicle8 @ 01:51:37 (sumoTime: 6697 seconds) on link 1 with path_nodes [1, 2, 3, 4] which means path_links [1, 2, 3]
['newVeh8'] arrived @ sumotime 6727.0 seconds
new vehicle9 @ 01:55:59 (sumoTime: 6959 seconds) on link 1 with path_nodes [1, 2, 3, 4] which means path_links [1, 2, 3]
['newVeh9'] arrived @ sumotime 6989.0 seconds
02:00:00
Umlegung ausgeführt
curVolumes: (20000, [(3, 8, 0)])
new vehicle10 @ 02:01:12 (sumoTime: 7272 seconds) on link 1 with path_nodes [1, 2, 3, 4] which means path_links [1, 2, 3]
['newVeh10'] arrived @ sumotime 7299.0 seconds
new vehicle11 @ 02:03:50 (sumoTime: 7430 seconds) on link 1 with path_nodes [1, 2, 3, 4] which means path_links [1, 2, 3]
['newVeh11'] arrived @ sumotime 7458.0 seconds
new vehicle12 @ 02:07:45 (sumoTime: 7665 seconds) on link 1 with path_nodes [1, 2, 3, 4] which means path_links [1, 2, 3]
['newVeh12'] arrived @ sumotime 7696.0 seconds
new vehicle13 @ 02:18:15 (sumoTime: 8295 seconds) on link 1 with path_nodes [1, 2, 3, 4] which means path_links [1, 2, 3]
['newVeh13'] arrived @ sumotime 8322.0 seconds
new vehicle14 @ 02:25:09 (sumoTime: 8709 seconds) on link 1 with path_nodes [1, 2, 3, 4] which means path_links [1, 2, 3]
new vehicle15 @ 02:25:23 (sumoTime: 8723 seconds) on link 1 with path_nodes [1, 2, 3, 4] which means path_links [1, 2, 3]
['newVeh14'] arrived @ sumotime 8737.0 seconds
['newVeh15'] arrived @ sumotime 8750.0 seconds
new vehicle16 @ 02:28:12 (sumoTime: 8892 seconds) on link 1 with path_nodes [1, 2, 3, 4] which means path_links [1, 2, 3]
['newVeh16'] arrived @ sumotime 8918.0 seconds
new vehicle17 @ 02:57:42 (sumoTime: 10662 seconds) on link 1 with path_nodes [1, 2, 3, 4] which means path_links [1, 2, 3]
['newVeh17'] arrived @ sumotime 10692.0 seconds
03:00:00
Umlegung ausgeführt
curVolumes: (30000, [(3, 8, 0)])
new vehicle18 @ 03:02:42 (sumoTime: 10962 seconds) on link 1 with path_nodes [1, 2, 3, 4] which means path_links [1, 2, 3]
['newVeh18'] arrived @ sumotime 10989.0 seconds
new vehicle19 @ 03:06:46 (sumoTime: 11206 seconds) on link 1 with path_nodes [1, 2, 3, 4] which means path_links [1, 2, 3]
['newVeh19'] arrived @ sumotime 11231.0 seconds
new vehicle20 @ 03:08:26 (sumoTime: 11306 seconds) on link 1 with path_nodes [1, 2, 3, 4] which means path_links [1, 2, 3]
['newVeh20'] arrived @ sumotime 11332.0 seconds
new vehicle21 @ 03:16:26 (sumoTime: 11786 seconds) on link 1 with path_nodes [1, 2, 3, 4] which means path_links [1, 2, 3]
['newVeh21'] arrived @ sumotime 11816.0 seconds
new vehicle22 @ 03:26:41 (sumoTime: 12401 seconds) on link 1 with path_nodes [1, 2, 3, 4] which means path_links [1, 2, 3]
['newVeh22'] arrived @ sumotime 12427.0 seconds
new vehicle23 @ 03:27:52 (sumoTime: 12472 seconds) on link 1 with path_nodes [1, 2, 3, 4] which means path_links [1, 2, 3]
['newVeh23'] arrived @ sumotime 12498.0 seconds
new vehicle24 @ 03:28:47 (sumoTime: 12527 seconds) on link 1 with path_nodes [1, 2, 3, 4] which means path_links [1, 2, 3]
['newVeh24'] arrived @ sumotime 12556.0 seconds
new vehicle25 @ 03:34:14 (sumoTime: 12854 seconds) on link 1 with path_nodes [1, 2, 3, 4] which means path_links [1, 2, 3]
new vehicle26 @ 03:34:15 (sumoTime: 12855 seconds) on link 1 with path_nodes [1, 2, 3, 4] which means path_links [1, 2, 3]
['newVeh25'] arrived @ sumotime 12880.0 seconds
['newVeh26'] arrived @ sumotime 12886.0 seconds
new vehicle27 @ 03:35:03 (sumoTime: 12903 seconds) on link 1 with path_nodes [1, 2, 3, 4] which means path_links [1, 2, 3]
['newVeh27'] arrived @ sumotime 12931.0 seconds
new vehicle28 @ 03:44:04 (sumoTime: 13444 seconds) on link 1 with path_nodes [1, 2, 3, 4] which means path_links [1, 2, 3]
new vehicle29 @ 03:44:17 (sumoTime: 13457 seconds) on link 1 with path_nodes [1, 2, 3, 4] which means path_links [1, 2, 3]
['newVeh28'] arrived @ sumotime 13471.0 seconds
['newVeh29'] arrived @ sumotime 13483.0 seconds
04:00:00
Umlegung ausgeführt
curVolumes: (40000, [(3, 12, 0)])
new vehicle30 @ 04:01:34 (sumoTime: 14494 seconds) on link 1 with path_nodes [1, 2, 3, 4] which means path_links [1, 2, 3]
['newVeh30'] arrived @ sumotime 14522.0 seconds
new vehicle31 @ 04:04:44 (sumoTime: 14684 seconds) on link 1 with path_nodes [1, 2, 3, 4] which means path_links [1, 2, 3]
['newVeh31'] arrived @ sumotime 14710.0 seconds
new vehicle32 @ 04:09:06 (sumoTime: 14946 seconds) on link 1 with path_nodes [1, 2, 3, 4] which means path_links [1, 2, 3]
['newVeh32'] arrived @ sumotime 14976.0 seconds
new vehicle33 @ 04:11:38 (sumoTime: 15098 seconds) on link 1 with path_nodes [1, 2, 3, 4] which means path_links [1, 2, 3]
['newVeh33'] arrived @ sumotime 15126.0 seconds
new vehicle34 @ 04:13:33 (sumoTime: 15213 seconds) on link 1 with path_nodes [1, 2, 3, 4] which means path_links [1, 2, 3]
['newVeh34'] arrived @ sumotime 15238.0 seconds
new vehicle35 @ 04:16:28 (sumoTime: 15388 seconds) on link 1 with path_nodes [1, 2, 3, 4] which means path_links [1, 2, 3]
['newVeh35'] arrived @ sumotime 15414.0 seconds
new vehicle36 @ 04:22:01 (sumoTime: 15721 seconds) on link 1 with path_nodes [1, 2, 3, 4] which means path_links [1, 2, 3]
new vehicle37 @ 04:22:02 (sumoTime: 15722 seconds) on link 1 with path_nodes [1, 2, 3, 4] which means path_links [1, 2, 3]
['newVeh36'] arrived @ sumotime 15749.0 seconds
['newVeh37'] arrived @ sumotime 15752.0 seconds
new vehicle38 @ 04:26:42 (sumoTime: 16002 seconds) on link 1 with path_nodes [1, 2, 3, 4] which means path_links [1, 2, 3]
['newVeh38'] arrived @ sumotime 16030.0 seconds
new vehicle39 @ 04:28:55 (sumoTime: 16135 seconds) on link 1 with path_nodes [1, 2, 3, 4] which means path_links [1, 2, 3]
['newVeh39'] arrived @ sumotime 16163.0 seconds
new vehicle40 @ 04:47:08 (sumoTime: 17228 seconds) on link 1 with path_nodes [1, 2, 3, 4] which means path_links [1, 2, 3]
['newVeh40'] arrived @ sumotime 17257.0 seconds
new vehicle41 @ 04:59:33 (sumoTime: 17973 seconds) on link 1 with path_nodes [1, 2, 3, 4] which means path_links [1, 2, 3]
05:00:00
Umlegung ausgeführt
curVolumes: (50000, [(3, 11, 0)])
['newVeh41'] arrived @ sumotime 18000.0 seconds
new vehicle42 @ 05:02:50 (sumoTime: 18170 seconds) on link 1 with path_nodes [1, 2, 3, 4] which means path_links [1, 2, 3]
['newVeh42'] arrived @ sumotime 18198.0 seconds
new vehicle43 @ 05:09:39 (sumoTime: 18579 seconds) on link 1 with path_nodes [1, 2, 3, 4] which means path_links [1, 2, 3]
['newVeh43'] arrived @ sumotime 18609.0 seconds
new vehicle44 @ 05:20:22 (sumoTime: 19222 seconds) on link 1 with path_nodes [1, 2, 3, 4] which means path_links [1, 2, 3]
['newVeh44'] arrived @ sumotime 19246.0 seconds
new vehicle45 @ 05:22:02 (sumoTime: 19322 seconds) on link 1 with path_nodes [1, 2, 3, 4] which means path_links [1, 2, 3]
['newVeh45'] arrived @ sumotime 19349.0 seconds
new vehicle46 @ 05:24:30 (sumoTime: 19470 seconds) on link 1 with path_nodes [1, 2, 3, 4] which means path_links [1, 2, 3]
['newVeh46'] arrived @ sumotime 19499.0 seconds
new vehicle47 @ 05:30:45 (sumoTime: 19845 seconds) on link 1 with path_nodes [1, 2, 3, 4] which means path_links [1, 2, 3]
['newVeh47'] arrived @ sumotime 19872.0 seconds
new vehicle48 @ 05:35:08 (sumoTime: 20108 seconds) on link 1 with path_nodes [1, 2, 3, 4] which means path_links [1, 2, 3]
['newVeh48'] arrived @ sumotime 20137.0 seconds
new vehicle49 @ 05:38:58 (sumoTime: 20338 seconds) on link 1 with path_nodes [1, 2, 3, 4] which means path_links [1, 2, 3]
['newVeh49'] arrived @ sumotime 20366.0 seconds
new vehicle50 @ 05:42:38 (sumoTime: 20558 seconds) on link 1 with path_nodes [1, 2, 3, 4] which means path_links [1, 2, 3]
['newVeh50'] arrived @ sumotime 20585.0 seconds
new vehicle51 @ 05:44:15 (sumoTime: 20655 seconds) on link 1 with path_nodes [1, 2, 3, 4] which means path_links [1, 2, 3]
['newVeh51'] arrived @ sumotime 20680.0 seconds
new vehicle52 @ 05:46:10 (sumoTime: 20770 seconds) on link 1 with path_nodes [1, 2, 3, 4] which means path_links [1, 2, 3]
['newVeh52'] arrived @ sumotime 20798.0 seconds
['newVeh52'] arrived @ sumotime 20799.0 seconds
new vehicle53 @ 05:47:16 (sumoTime: 20836 seconds) on link 1 with path_nodes [1, 2, 3, 4] which means path_links [1, 2, 3]
['newVeh53'] arrived @ sumotime 20862.0 seconds
new vehicle54 @ 05:47:49 (sumoTime: 20869 seconds) on link 1 with path_nodes [1, 2, 3, 4] which means path_links [1, 2, 3]
['newVeh54'] arrived @ sumotime 20895.0 seconds
new vehicle55 @ 05:53:09 (sumoTime: 21189 seconds) on link 1 with path_nodes [1, 2, 3, 4] which means path_links [1, 2, 3]
['newVeh55'] arrived @ sumotime 21215.0 seconds
['newVeh55'] arrived @ sumotime 21216.0 seconds
new vehicle56 @ 05:53:52 (sumoTime: 21232 seconds) on link 1 with path_nodes [1, 2, 3, 4] which means path_links [1, 2, 3]
new vehicle57 @ 05:53:58 (sumoTime: 21238 seconds) on link 1 with path_nodes [1, 2, 3, 4] which means path_links [1, 2, 3]
['newVeh56'] arrived @ sumotime 21259.0 seconds
['newVeh57'] arrived @ sumotime 21268.0 seconds
new vehicle58 @ 05:56:00 (sumoTime: 21360 seconds) on link 1 with path_nodes [1, 2, 3, 4] which means path_links [1, 2, 3]
['newVeh58'] arrived @ sumotime 21386.0 seconds
new vehicle59 @ 05:59:30 (sumoTime: 21570 seconds) on link 1 with path_nodes [1, 2, 3, 4] which means path_links [1, 2, 3]
['newVeh59'] arrived @ sumotime 21597.0 seconds
06:00:00
Umlegung ausgeführt
curVolumes: (60000, [(3, 21, 0)])
new vehicle60 @ 06:00:24 (sumoTime: 21624 seconds) on link 1 with path_nodes [1, 2, 3, 4] which means path_links [1, 2, 3]
['newVeh60'] arrived @ sumotime 21652.0 seconds
new vehicle61 @ 06:02:51 (sumoTime: 21771 seconds) on link 1 with path_nodes [1, 2, 3, 4] which means path_links [1, 2, 3]
new vehicle62 @ 06:03:16 (sumoTime: 21796 seconds) on link 1 with path_nodes [1, 2, 3, 4] which means path_links [1, 2, 3]
['newVeh61'] arrived @ sumotime 21801.0 seconds
new vehicle63 @ 06:03:24 (sumoTime: 21804 seconds) on link 1 with path_nodes [1, 2, 3, 4] which means path_links [1, 2, 3]
['newVeh62'] arrived @ sumotime 21827.0 seconds
['newVeh63'] arrived @ sumotime 21829.0 seconds
new vehicle64 @ 06:04:23 (sumoTime: 21863 seconds) on link 1 with path_nodes [1, 2, 3, 4] which means path_links [1, 2, 3]
['newVeh64'] arrived @ sumotime 21889.0 seconds
new vehicle65 @ 06:08:46 (sumoTime: 22126 seconds) on link 1 with path_nodes [1, 2, 3, 4] which means path_links [1, 2, 3]
['newVeh65'] arrived @ sumotime 22152.0 seconds
new vehicle66 @ 06:09:43 (sumoTime: 22183 seconds) on link 1 with path_nodes [1, 2, 3, 4] which means path_links [1, 2, 3]
['newVeh66'] arrived @ sumotime 22211.0 seconds
new vehicle67 @ 06:14:25 (sumoTime: 22465 seconds) on link 1 with path_nodes [1, 2, 3, 4] which means path_links [1, 2, 3]
['newVeh67'] arrived @ sumotime 22492.0 seconds
new vehicle68 @ 06:14:57 (sumoTime: 22497 seconds) on link 1 with path_nodes [1, 2, 3, 4] which means path_links [1, 2, 3]
['newVeh68'] arrived @ sumotime 22523.0 seconds
new vehicle69 @ 06:28:14 (sumoTime: 23294 seconds) on link 1 with path_nodes [1, 2, 3, 4] which means path_links [1, 2, 3]
['newVeh69'] arrived @ sumotime 23321.0 seconds
new vehicle70 @ 06:32:25 (sumoTime: 23545 seconds) on link 1 with path_nodes [1, 2, 3, 4] which means path_links [1, 2, 3]
['newVeh70'] arrived @ sumotime 23571.0 seconds
new vehicle71 @ 06:33:10 (sumoTime: 23590 seconds) on link 1 with path_nodes [1, 2, 3, 4] which means path_links [1, 2, 3]
new vehicle72 @ 06:33:20 (sumoTime: 23600 seconds) on link 1 with path_nodes [1, 2, 3, 4] which means path_links [1, 2, 3]
['newVeh71'] arrived @ sumotime 23617.0 seconds
['newVeh72'] arrived @ sumotime 23627.0 seconds
new vehicle73 @ 06:34:08 (sumoTime: 23648 seconds) on link 1 with path_nodes [1, 2, 3, 4] which means path_links [1, 2, 3]
new vehicle74 @ 06:34:33 (sumoTime: 23673 seconds) on link 1 with path_nodes [1, 2, 3, 4] which means path_links [1, 2, 3]
['newVeh73'] arrived @ sumotime 23675.0 seconds
['newVeh74'] arrived @ sumotime 23701.0 seconds
new vehicle75 @ 06:38:17 (sumoTime: 23897 seconds) on link 1 with path_nodes [1, 2, 3, 4] which means path_links [1, 2, 3]
['newVeh75'] arrived @ sumotime 23925.0 seconds
new vehicle76 @ 06:45:04 (sumoTime: 24304 seconds) on link 1 with path_nodes [1, 2, 3, 4] which means path_links [1, 2, 3]
['newVeh76'] arrived @ sumotime 24329.0 seconds
new vehicle77 @ 06:46:56 (sumoTime: 24416 seconds) on link 1 with path_nodes [1, 2, 3, 4] which means path_links [1, 2, 3]
['newVeh77'] arrived @ sumotime 24447.0 seconds
new vehicle78 @ 06:58:04 (sumoTime: 25084 seconds) on link 1 with path_nodes [1, 2, 3, 4] which means path_links [1, 2, 3]
['newVeh78'] arrived @ sumotime 25112.0 seconds
new vehicle79 @ 06:59:02 (sumoTime: 25142 seconds) on link 1 with path_nodes [1, 2, 3, 4] which means path_links [1, 2, 3]
['newVeh79'] arrived @ sumotime 25172.0 seconds
new vehicle80 @ 06:59:34 (sumoTime: 25174 seconds) on link 1 with path_nodes [1, 2, 3, 4] which means path_links [1, 2, 3]
07:00:00
Umlegung ausgeführt
curVolumes: (70000, [(3, 20, 0)])
['newVeh80'] arrived @ sumotime 25206.0 seconds
new vehicle81 @ 07:00:11 (sumoTime: 25211 seconds) on link 1 with path_nodes [1, 2, 3, 4] which means path_links [1, 2, 3]
['newVeh81'] arrived @ sumotime 25237.0 seconds
new vehicle82 @ 07:01:38 (sumoTime: 25298 seconds) on link 1 with path_nodes [1, 2, 3, 4] which means path_links [1, 2, 3]
['newVeh82'] arrived @ sumotime 25326.0 seconds
new vehicle83 @ 07:04:12 (sumoTime: 25452 seconds) on link 1 with path_nodes [1, 2, 3, 4] which means path_links [1, 2, 3]
['newVeh83'] arrived @ sumotime 25480.0 seconds
['newVeh83'] arrived @ sumotime 25481.0 seconds
new vehicle84 @ 07:06:07 (sumoTime: 25567 seconds) on link 1 with path_nodes [1, 2, 3, 4] which means path_links [1, 2, 3]
['newVeh84'] arrived @ sumotime 25593.0 seconds
new vehicle85 @ 07:08:38 (sumoTime: 25718 seconds) on link 1 with path_nodes [1, 2, 3, 4] which means path_links [1, 2, 3]
['newVeh85'] arrived @ sumotime 25744.0 seconds
new vehicle86 @ 07:10:01 (sumoTime: 25801 seconds) on link 1 with path_nodes [1, 2, 3, 4] which means path_links [1, 2, 3]
['newVeh86'] arrived @ sumotime 25828.0 seconds
new vehicle87 @ 07:10:38 (sumoTime: 25838 seconds) on link 1 with path_nodes [1, 2, 3, 4] which means path_links [1, 2, 3]
['newVeh87'] arrived @ sumotime 25863.0 seconds
new vehicle88 @ 07:14:11 (sumoTime: 26051 seconds) on link 1 with path_nodes [1, 2, 3, 4] which means path_links [1, 2, 3]
['newVeh88'] arrived @ sumotime 26077.0 seconds
new vehicle89 @ 07:14:46 (sumoTime: 26086 seconds) on link 1 with path_nodes [1, 2, 3, 4] which means path_links [1, 2, 3]
['newVeh89'] arrived @ sumotime 26116.0 seconds
new vehicle90 @ 07:18:27 (sumoTime: 26307 seconds) on link 1 with path_nodes [1, 2, 3, 4] which means path_links [1, 2, 3]
['newVeh90'] arrived @ sumotime 26334.0 seconds
new vehicle91 @ 07:25:11 (sumoTime: 26711 seconds) on link 1 with path_nodes [1, 2, 3, 4] which means path_links [1, 2, 3]
['newVeh91'] arrived @ sumotime 26738.0 seconds
new vehicle92 @ 07:33:51 (sumoTime: 27231 seconds) on link 1 with path_nodes [1, 2, 3, 4] which means path_links [1, 2, 3]
new vehicle93 @ 07:34:10 (sumoTime: 27250 seconds) on link 1 with path_nodes [1, 2, 3, 4] which means path_links [1, 2, 3]
['newVeh92'] arrived @ sumotime 27257.0 seconds
['newVeh93'] arrived @ sumotime 27277.0 seconds
new vehicle94 @ 07:41:01 (sumoTime: 27661 seconds) on link 1 with path_nodes [1, 2, 3, 4] which means path_links [1, 2, 3]
['newVeh94'] arrived @ sumotime 27689.0 seconds
new vehicle95 @ 07:41:37 (sumoTime: 27697 seconds) on link 1 with path_nodes [1, 2, 3, 4] which means path_links [1, 2, 3]
['newVeh95'] arrived @ sumotime 27727.0 seconds
new vehicle96 @ 07:51:44 (sumoTime: 28304 seconds) on link 1 with path_nodes [1, 2, 3, 4] which means path_links [1, 2, 3]
['newVeh96'] arrived @ sumotime 28330.0 seconds
new vehicle97 @ 07:53:03 (sumoTime: 28383 seconds) on link 1 with path_nodes [1, 2, 3, 4] which means path_links [1, 2, 3]
['newVeh97'] arrived @ sumotime 28409.0 seconds
new vehicle98 @ 07:55:43 (sumoTime: 28543 seconds) on link 1 with path_nodes [1, 2, 3, 4] which means path_links [1, 2, 3]
['newVeh98'] arrived @ sumotime 28569.0 seconds
08:00:00
Umlegung ausgeführt
curVolumes: (80000, [(3, 20, 0)])
new vehicle99 @ 08:01:03 (sumoTime: 28863 seconds) on link 1 with path_nodes [1, 2, 3, 4] which means path_links [1, 2, 3]
['newVeh99'] arrived @ sumotime 28927.0 seconds
new vehicle100 @ 08:04:45 (sumoTime: 29085 seconds) on link 1 with path_nodes [1, 2, 3, 4] which means path_links [1, 2, 3]
new vehicle101 @ 08:05:08 (sumoTime: 29108 seconds) on link 1 with path_nodes [1, 2, 3, 4] which means path_links [1, 2, 3]
new vehicle102 @ 08:05:41 (sumoTime: 29141 seconds) on link 1 with path_nodes [1, 2, 3, 4] which means path_links [1, 2, 3]
['newVeh100'] arrived @ sumotime 29141.0 seconds
['newVeh100'] arrived @ sumotime 29142.0 seconds
['newVeh101'] arrived @ sumotime 29164.0 seconds
['newVeh102'] arrived @ sumotime 29198.0 seconds
new vehicle103 @ 08:07:25 (sumoTime: 29245 seconds) on link 1 with path_nodes [1, 2, 3, 4] which means path_links [1, 2, 3]
['newVeh103'] arrived @ sumotime 29300.0 seconds
new vehicle104 @ 08:08:38 (sumoTime: 29318 seconds) on link 1 with path_nodes [1, 2, 3, 4] which means path_links [1, 2, 3]
['newVeh104'] arrived @ sumotime 29367.0 seconds
new vehicle105 @ 08:11:48 (sumoTime: 29508 seconds) on link 1 with path_nodes [1, 2, 3, 4] which means path_links [1, 2, 3]
['newVeh105'] arrived @ sumotime 29556.0 seconds
new vehicle106 @ 08:13:07 (sumoTime: 29587 seconds) on link 1 with path_nodes [1, 2, 3, 4] which means path_links [1, 2, 3]
['newVeh106'] arrived @ sumotime 29640.0 seconds
new vehicle107 @ 08:16:25 (sumoTime: 29785 seconds) on link 1 with path_nodes [1, 2, 3, 4] which means path_links [1, 2, 3]
['newVeh107'] arrived @ sumotime 29841.0 seconds
new vehicle108 @ 08:26:18 (sumoTime: 30378 seconds) on link 1 with path_nodes [1, 2, 3, 4] which means path_links [1, 2, 3]
['newVeh108'] arrived @ sumotime 30429.0 seconds
['newVeh108'] arrived @ sumotime 30430.0 seconds
new vehicle109 @ 08:30:51 (sumoTime: 30651 seconds) on link 1 with path_nodes [1, 2, 3, 4] which means path_links [1, 2, 3]
['newVeh109'] arrived @ sumotime 30704.0 seconds
new vehicle110 @ 08:32:50 (sumoTime: 30770 seconds) on link 1 with path_nodes [1, 2, 3, 4] which means path_links [1, 2, 3]
new vehicle111 @ 08:33:32 (sumoTime: 30812 seconds) on link 1 with path_nodes [1, 2, 3, 4] which means path_links [1, 2, 3]
['newVeh110'] arrived @ sumotime 30822.0 seconds
['newVeh111'] arrived @ sumotime 30863.0 seconds
new vehicle112 @ 08:36:35 (sumoTime: 30995 seconds) on link 1 with path_nodes [1, 2, 3, 4] which means path_links [1, 2, 3]
['newVeh112'] arrived @ sumotime 31054.0 seconds
new vehicle113 @ 08:38:15 (sumoTime: 31095 seconds) on link 1 with path_nodes [1, 2, 3, 4] which means path_links [1, 2, 3]
new vehicle114 @ 08:38:48 (sumoTime: 31128 seconds) on link 1 with path_nodes [1, 2, 3, 4] which means path_links [1, 2, 3]
new vehicle115 @ 08:38:49 (sumoTime: 31129 seconds) on link 1 with path_nodes [1, 2, 3, 4] which means path_links [1, 2, 3]
['newVeh113'] arrived @ sumotime 31147.0 seconds
['newVeh114'] arrived @ sumotime 31183.0 seconds
['newVeh115'] arrived @ sumotime 31187.0 seconds
['newVeh115'] arrived @ sumotime 31188.0 seconds
new vehicle116 @ 08:42:17 (sumoTime: 31337 seconds) on link 1 with path_nodes [1, 2, 3, 4] which means path_links [1, 2, 3]
['newVeh116'] arrived @ sumotime 31392.0 seconds
new vehicle117 @ 08:46:49 (sumoTime: 31609 seconds) on link 1 with path_nodes [1, 2, 3, 4] which means path_links [1, 2, 3]
['newVeh117'] arrived @ sumotime 31661.0 seconds
new vehicle118 @ 08:48:57 (sumoTime: 31737 seconds) on link 1 with path_nodes [1, 2, 3, 4] which means path_links [1, 2, 3]
['newVeh118'] arrived @ sumotime 31794.0 seconds
new vehicle119 @ 08:50:19 (sumoTime: 31819 seconds) on link 1 with path_nodes [1, 2, 3, 4] which means path_links [1, 2, 3]
['newVeh119'] arrived @ sumotime 31871.0 seconds
new vehicle120 @ 08:52:14 (sumoTime: 31934 seconds) on link 1 with path_nodes [1, 2, 3, 4] which means path_links [1, 2, 3]
['newVeh120'] arrived @ sumotime 31982.0 seconds
new vehicle121 @ 08:54:13 (sumoTime: 32053 seconds) on link 1 with path_nodes [1, 2, 3, 4] which means path_links [1, 2, 3]
new vehicle122 @ 08:54:16 (sumoTime: 32056 seconds) on link 1 with path_nodes [1, 2, 3, 4] which means path_links [1, 2, 3]
['newVeh121'] arrived @ sumotime 32108.0 seconds
['newVeh122'] arrived @ sumotime 32110.0 seconds
new vehicle123 @ 08:56:16 (sumoTime: 32176 seconds) on link 1 with path_nodes [1, 2, 3, 4] which means path_links [1, 2, 3]
['newVeh123'] arrived @ sumotime 32237.0 seconds
09:00:00
Umlegung ausgeführt
curVolumes: (90000, [(3, 28, 0)])
new vehicle124 @ 09:00:12 (sumoTime: 32412 seconds) on link 1 with path_nodes [1, 2, 3, 4] which means path_links [1, 2, 3]
new vehicle125 @ 09:00:57 (sumoTime: 32457 seconds) on link 1 with path_nodes [1, 2, 3, 4] which means path_links [1, 2, 3]
['newVeh124'] arrived @ sumotime 32461.0 seconds
new vehicle126 @ 09:01:44 (sumoTime: 32504 seconds) on link 1 with path_nodes [1, 2, 3, 4] which means path_links [1, 2, 3]
['newVeh125'] arrived @ sumotime 32510.0 seconds
new vehicle127 @ 09:01:59 (sumoTime: 32519 seconds) on link 1 with path_nodes [1, 2, 3, 4] which means path_links [1, 2, 3]
['newVeh126'] arrived @ sumotime 32558.0 seconds
['newVeh127'] arrived @ sumotime 32577.0 seconds
new vehicle128 @ 09:03:50 (sumoTime: 32630 seconds) on link 1 with path_nodes [1, 2, 3, 4] which means path_links [1, 2, 3]
['newVeh128'] arrived @ sumotime 32686.0 seconds
new vehicle129 @ 09:06:34 (sumoTime: 32794 seconds) on link 1 with path_nodes [1, 2, 3, 4] which means path_links [1, 2, 3]
new vehicle130 @ 09:06:56 (sumoTime: 32816 seconds) on link 1 with path_nodes [1, 2, 3, 4] which means path_links [1, 2, 3]
['newVeh129'] arrived @ sumotime 32845.0 seconds
['newVeh130'] arrived @ sumotime 32866.0 seconds
new vehicle131 @ 09:09:30 (sumoTime: 32970 seconds) on link 1 with path_nodes [1, 2, 3, 4] which means path_links [1, 2, 3]
['newVeh131'] arrived @ sumotime 33021.0 seconds
new vehicle132 @ 09:12:26 (sumoTime: 33146 seconds) on link 1 with path_nodes [1, 2, 3, 4] which means path_links [1, 2, 3]
new vehicle133 @ 09:12:55 (sumoTime: 33175 seconds) on link 1 with path_nodes [1, 2, 3, 4] which means path_links [1, 2, 3]
['newVeh132'] arrived @ sumotime 33202.0 seconds
['newVeh133'] arrived @ sumotime 33227.0 seconds
new vehicle134 @ 09:14:14 (sumoTime: 33254 seconds) on link 1 with path_nodes [1, 2, 3, 4] which means path_links [1, 2, 3]
['newVeh134'] arrived @ sumotime 33302.0 seconds
new vehicle135 @ 09:18:24 (sumoTime: 33504 seconds) on link 1 with path_nodes [1, 2, 3, 4] which means path_links [1, 2, 3]
new vehicle136 @ 09:18:38 (sumoTime: 33518 seconds) on link 1 with path_nodes [1, 2, 3, 4] which means path_links [1, 2, 3]
['newVeh135'] arrived @ sumotime 33567.0 seconds
['newVeh136'] arrived @ sumotime 33572.0 seconds
new vehicle137 @ 09:20:44 (sumoTime: 33644 seconds) on link 1 with path_nodes [1, 2, 3, 4] which means path_links [1, 2, 3]
['newVeh137'] arrived @ sumotime 33699.0 seconds
new vehicle138 @ 09:21:49 (sumoTime: 33709 seconds) on link 1 with path_nodes [1, 2, 3, 4] which means path_links [1, 2, 3]
['newVeh138'] arrived @ sumotime 33761.0 seconds
['newVeh138'] arrived @ sumotime 33762.0 seconds
new vehicle139 @ 09:25:41 (sumoTime: 33941 seconds) on link 1 with path_nodes [1, 2, 3, 4] which means path_links [1, 2, 3]
new vehicle140 @ 09:26:04 (sumoTime: 33964 seconds) on link 1 with path_nodes [1, 2, 3, 4] which means path_links [1, 2, 3]
['newVeh139'] arrived @ sumotime 33992.0 seconds
new vehicle141 @ 09:26:36 (sumoTime: 33996 seconds) on link 1 with path_nodes [1, 2, 3, 4] which means path_links [1, 2, 3]
['newVeh140'] arrived @ sumotime 34013.0 seconds
new vehicle142 @ 09:27:11 (sumoTime: 34031 seconds) on link 1 with path_nodes [1, 2, 3, 4] which means path_links [1, 2, 3]
['newVeh141'] arrived @ sumotime 34051.0 seconds
['newVeh142'] arrived @ sumotime 34082.0 seconds
new vehicle143 @ 09:31:10 (sumoTime: 34270 seconds) on link 1 with path_nodes [1, 2, 3, 4] which means path_links [1, 2, 3]
['newVeh143'] arrived @ sumotime 34317.0 seconds
new vehicle144 @ 09:33:54 (sumoTime: 34434 seconds) on link 1 with path_nodes [1, 2, 3, 4] which means path_links [1, 2, 3]
new vehicle145 @ 09:34:02 (sumoTime: 34442 seconds) on link 1 with path_nodes [1, 2, 3, 4] which means path_links [1, 2, 3]
['newVeh144'] arrived @ sumotime 34484.0 seconds
['newVeh144'] arrived @ sumotime 34485.0 seconds
['newVeh145'] arrived @ sumotime 34492.0 seconds
new vehicle146 @ 09:40:45 (sumoTime: 34845 seconds) on link 1 with path_nodes [1, 2, 3, 4] which means path_links [1, 2, 3]
['newVeh146'] arrived @ sumotime 34897.0 seconds
new vehicle147 @ 09:41:50 (sumoTime: 34910 seconds) on link 1 with path_nodes [1, 2, 3, 4] which means path_links [1, 2, 3]
['newVeh147'] arrived @ sumotime 34966.0 seconds
new vehicle148 @ 09:49:27 (sumoTime: 35367 seconds) on link 1 with path_nodes [1, 2, 3, 4] which means path_links [1, 2, 3]
['newVeh148'] arrived @ sumotime 35422.0 seconds
new vehicle149 @ 09:50:28 (sumoTime: 35428 seconds) on link 1 with path_nodes [1, 2, 3, 4] which means path_links [1, 2, 3]
new vehicle150 @ 09:50:51 (sumoTime: 35451 seconds) on link 1 with path_nodes [1, 2, 3, 4] which means path_links [1, 2, 3]
['newVeh149'] arrived @ sumotime 35479.0 seconds
['newVeh150'] arrived @ sumotime 35502.0 seconds
new vehicle151 @ 09:56:47 (sumoTime: 35807 seconds) on link 1 with path_nodes [1, 2, 3, 4] which means path_links [1, 2, 3]
['newVeh151'] arrived @ sumotime 35857.0 seconds
new vehicle152 @ 09:58:25 (sumoTime: 35905 seconds) on link 1 with path_nodes [1, 2, 3, 4] which means path_links [1, 2, 3]
['newVeh152'] arrived @ sumotime 35957.0 seconds
10:00:00
Umlegung ausgeführt
curVolumes: (100000, [(3, 31, 0)])
new vehicle153 @ 10:01:59 (sumoTime: 36119 seconds) on link 1 with path_nodes [1, 2, 3, 4] which means path_links [1, 2, 3]
['newVeh153'] arrived @ sumotime 36174.0 seconds
new vehicle154 @ 10:13:11 (sumoTime: 36791 seconds) on link 1 with path_nodes [1, 2, 3, 4] which means path_links [1, 2, 3]
['newVeh154'] arrived @ sumotime 36843.0 seconds
new vehicle155 @ 10:15:25 (sumoTime: 36925 seconds) on link 1 with path_nodes [1, 2, 3, 4] which means path_links [1, 2, 3]
['newVeh155'] arrived @ sumotime 36973.0 seconds
new vehicle156 @ 10:17:45 (sumoTime: 37065 seconds) on link 1 with path_nodes [1, 2, 3, 4] which means path_links [1, 2, 3]
new vehicle157 @ 10:17:53 (sumoTime: 37073 seconds) on link 1 with path_nodes [1, 2, 3, 4] which means path_links [1, 2, 3]
['newVeh156'] arrived @ sumotime 37120.0 seconds
['newVeh157'] arrived @ sumotime 37122.0 seconds
new vehicle158 @ 10:21:17 (sumoTime: 37277 seconds) on link 1 with path_nodes [1, 2, 3, 4] which means path_links [1, 2, 3]
['newVeh158'] arrived @ sumotime 37324.0 seconds
new vehicle159 @ 10:32:12 (sumoTime: 37932 seconds) on link 1 with path_nodes [1, 2, 3, 4] which means path_links [1, 2, 3]
['newVeh159'] arrived @ sumotime 37986.0 seconds
new vehicle160 @ 10:38:00 (sumoTime: 38280 seconds) on link 1 with path_nodes [1, 2, 3, 4] which means path_links [1, 2, 3]
new vehicle161 @ 10:38:16 (sumoTime: 38296 seconds) on link 1 with path_nodes [1, 2, 3, 4] which means path_links [1, 2, 3]
new vehicle162 @ 10:38:47 (sumoTime: 38327 seconds) on link 1 with path_nodes [1, 2, 3, 4] which means path_links [1, 2, 3]
new vehicle163 @ 10:38:48 (sumoTime: 38328 seconds) on link 1 with path_nodes [1, 2, 3, 4] which means path_links [1, 2, 3]
['newVeh160'] arrived @ sumotime 38338.0 seconds
['newVeh161'] arrived @ sumotime 38351.0 seconds
new vehicle164 @ 10:39:37 (sumoTime: 38377 seconds) on link 1 with path_nodes [1, 2, 3, 4] which means path_links [1, 2, 3]
['newVeh162'] arrived @ sumotime 38377.0 seconds
['newVeh163'] arrived @ sumotime 38382.0 seconds
['newVeh164'] arrived @ sumotime 38427.0 seconds
new vehicle165 @ 10:42:05 (sumoTime: 38525 seconds) on link 1 with path_nodes [1, 2, 3, 4] which means path_links [1, 2, 3]
['newVeh165'] arrived @ sumotime 38575.0 seconds
new vehicle166 @ 10:43:43 (sumoTime: 38623 seconds) on link 1 with path_nodes [1, 2, 3, 4] which means path_links [1, 2, 3]
new vehicle167 @ 10:44:16 (sumoTime: 38656 seconds) on link 1 with path_nodes [1, 2, 3, 4] which means path_links [1, 2, 3]
['newVeh166'] arrived @ sumotime 38671.0 seconds
['newVeh167'] arrived @ sumotime 38711.0 seconds
new vehicle168 @ 10:46:34 (sumoTime: 38794 seconds) on link 1 with path_nodes [1, 2, 3, 4] which means path_links [1, 2, 3]
new vehicle169 @ 10:47:12 (sumoTime: 38832 seconds) on link 1 with path_nodes [1, 2, 3, 4] which means path_links [1, 2, 3]
new vehicle170 @ 10:47:31 (sumoTime: 38851 seconds) on link 1 with path_nodes [1, 2, 3, 4] which means path_links [1, 2, 3]
['newVeh168'] arrived @ sumotime 38851.0 seconds
['newVeh169'] arrived @ sumotime 38886.0 seconds
['newVeh170'] arrived @ sumotime 38911.0 seconds
new vehicle171 @ 10:50:23 (sumoTime: 39023 seconds) on link 1 with path_nodes [1, 2, 3, 4] which means path_links [1, 2, 3]
new vehicle172 @ 10:50:32 (sumoTime: 39032 seconds) on link 1 with path_nodes [1, 2, 3, 4] which means path_links [1, 2, 3]
['newVeh171'] arrived @ sumotime 39086.0 seconds
['newVeh172'] arrived @ sumotime 39088.0 seconds
new vehicle173 @ 10:54:46 (sumoTime: 39286 seconds) on link 1 with path_nodes [1, 2, 3, 4] which means path_links [1, 2, 3]
['newVeh173'] arrived @ sumotime 39334.0 seconds
new vehicle174 @ 10:57:14 (sumoTime: 39434 seconds) on link 1 with path_nodes [1, 2, 3, 4] which means path_links [1, 2, 3]
['newVeh174'] arrived @ sumotime 39486.0 seconds
new vehicle175 @ 10:59:08 (sumoTime: 39548 seconds) on link 1 with path_nodes [1, 2, 3, 4] which means path_links [1, 2, 3]
['newVeh175'] arrived @ sumotime 39598.0 seconds
11:00:00
Umlegung ausgeführt
curVolumes: (110000, [(3, 23, 0)])
new vehicle176 @ 11:01:48 (sumoTime: 39708 seconds) on link 1 with path_nodes [1, 2, 3, 4] which means path_links [1, 2, 3]
new vehicle177 @ 11:02:04 (sumoTime: 39724 seconds) on link 1 with path_nodes [1, 2, 3, 4] which means path_links [1, 2, 3]
new vehicle178 @ 11:02:34 (sumoTime: 39754 seconds) on link 1 with path_nodes [1, 2, 3, 4] which means path_links [1, 2, 3]
['newVeh176'] arrived @ sumotime 39759.0 seconds
['newVeh177'] arrived @ sumotime 39779.0 seconds
['newVeh178'] arrived @ sumotime 39803.0 seconds
new vehicle179 @ 11:04:05 (sumoTime: 39845 seconds) on link 1 with path_nodes [1, 2, 3, 4] which means path_links [1, 2, 3]
new vehicle180 @ 11:05:01 (sumoTime: 39901 seconds) on link 1 with path_nodes [1, 2, 3, 4] which means path_links [1, 2, 3]
['newVeh179'] arrived @ sumotime 39904.0 seconds
new vehicle181 @ 11:05:44 (sumoTime: 39944 seconds) on link 1 with path_nodes [1, 2, 3, 4] which means path_links [1, 2, 3]
['newVeh180'] arrived @ sumotime 39952.0 seconds
new vehicle182 @ 11:05:56 (sumoTime: 39956 seconds) on link 1 with path_nodes [1, 2, 3, 4] which means path_links [1, 2, 3]
['newVeh181'] arrived @ sumotime 39994.0 seconds
['newVeh182'] arrived @ sumotime 40010.0 seconds
new vehicle183 @ 11:07:58 (sumoTime: 40078 seconds) on link 1 with path_nodes [1, 2, 3, 4] which means path_links [1, 2, 3]
['newVeh183'] arrived @ sumotime 40128.0 seconds
new vehicle184 @ 11:14:32 (sumoTime: 40472 seconds) on link 1 with path_nodes [1, 2, 3, 4] which means path_links [1, 2, 3]
new vehicle185 @ 11:15:09 (sumoTime: 40509 seconds) on link 1 with path_nodes [1, 2, 3, 4] which means path_links [1, 2, 3]
['newVeh184'] arrived @ sumotime 40533.0 seconds
['newVeh185'] arrived @ sumotime 40558.0 seconds
new vehicle186 @ 11:17:38 (sumoTime: 40658 seconds) on link 1 with path_nodes [1, 2, 3, 4] which means path_links [1, 2, 3]
['newVeh186'] arrived @ sumotime 40713.0 seconds
['newVeh186'] arrived @ sumotime 40714.0 seconds
new vehicle187 @ 11:21:46 (sumoTime: 40906 seconds) on link 1 with path_nodes [1, 2, 3, 4] which means path_links [1, 2, 3]
['newVeh187'] arrived @ sumotime 40959.0 seconds
new vehicle188 @ 11:23:57 (sumoTime: 41037 seconds) on link 1 with path_nodes [1, 2, 3, 4] which means path_links [1, 2, 3]
['newVeh188'] arrived @ sumotime 41086.0 seconds
new vehicle189 @ 11:26:22 (sumoTime: 41182 seconds) on link 1 with path_nodes [1, 2, 3, 4] which means path_links [1, 2, 3]
['newVeh189'] arrived @ sumotime 41242.0 seconds
new vehicle190 @ 11:27:47 (sumoTime: 41267 seconds) on link 1 with path_nodes [1, 2, 3, 4] which means path_links [1, 2, 3]
new vehicle191 @ 11:27:51 (sumoTime: 41271 seconds) on link 1 with path_nodes [1, 2, 3, 4] which means path_links [1, 2, 3]
['newVeh190'] arrived @ sumotime 41323.0 seconds
['newVeh191'] arrived @ sumotime 41325.0 seconds
new vehicle192 @ 11:30:21 (sumoTime: 41421 seconds) on link 1 with path_nodes [1, 2, 3, 4] which means path_links [1, 2, 3]
new vehicle193 @ 11:30:38 (sumoTime: 41438 seconds) on link 1 with path_nodes [1, 2, 3, 4] which means path_links [1, 2, 3]
new vehicle194 @ 11:30:51 (sumoTime: 41451 seconds) on link 1 with path_nodes [1, 2, 3, 4] which means path_links [1, 2, 3]
['newVeh192'] arrived @ sumotime 41472.0 seconds
['newVeh193'] arrived @ sumotime 41491.0 seconds
['newVeh194'] arrived @ sumotime 41505.0 seconds
new vehicle195 @ 11:33:03 (sumoTime: 41583 seconds) on link 1 with path_nodes [1, 2, 3, 4] which means path_links [1, 2, 3]
['newVeh195'] arrived @ sumotime 41633.0 seconds
new vehicle196 @ 11:34:40 (sumoTime: 41680 seconds) on link 1 with path_nodes [1, 2, 3, 4] which means path_links [1, 2, 3]
new vehicle197 @ 11:35:05 (sumoTime: 41705 seconds) on link 1 with path_nodes [1, 2, 3, 4] which means path_links [1, 2, 3]
new vehicle198 @ 11:35:31 (sumoTime: 41731 seconds) on link 1 with path_nodes [1, 2, 3, 4] which means path_links [1, 2, 3]
['newVeh196'] arrived @ sumotime 41734.0 seconds
['newVeh197'] arrived @ sumotime 41756.0 seconds
['newVeh197'] arrived @ sumotime 41757.0 seconds
['newVeh198'] arrived @ sumotime 41781.0 seconds
new vehicle199 @ 11:38:59 (sumoTime: 41939 seconds) on link 1 with path_nodes [1, 2, 3, 4] which means path_links [1, 2, 3]
['newVeh199'] arrived @ sumotime 41989.0 seconds
new vehicle200 @ 11:43:19 (sumoTime: 42199 seconds) on link 1 with path_nodes [1, 2, 3, 4] which means path_links [1, 2, 3]
['newVeh200'] arrived @ sumotime 42250.0 seconds
new vehicle201 @ 11:45:04 (sumoTime: 42304 seconds) on link 1 with path_nodes [1, 2, 3, 4] which means path_links [1, 2, 3]
new vehicle202 @ 11:45:24 (sumoTime: 42324 seconds) on link 1 with path_nodes [1, 2, 3, 4] which means path_links [1, 2, 3]
['newVeh201'] arrived @ sumotime 42354.0 seconds
['newVeh202'] arrived @ sumotime 42384.0 seconds
new vehicle203 @ 11:46:37 (sumoTime: 42397 seconds) on link 1 with path_nodes [1, 2, 3, 4] which means path_links [1, 2, 3]
new vehicle204 @ 11:47:27 (sumoTime: 42447 seconds) on link 1 with path_nodes [1, 2, 3, 4] which means path_links [1, 2, 3]
['newVeh203'] arrived @ sumotime 42450.0 seconds
['newVeh204'] arrived @ sumotime 42497.0 seconds
new vehicle205 @ 11:50:24 (sumoTime: 42624 seconds) on link 1 with path_nodes [1, 2, 3, 4] which means path_links [1, 2, 3]
['newVeh205'] arrived @ sumotime 42675.0 seconds
new vehicle206 @ 11:51:36 (sumoTime: 42696 seconds) on link 1 with path_nodes [1, 2, 3, 4] which means path_links [1, 2, 3]
['newVeh206'] arrived @ sumotime 42747.0 seconds
new vehicle207 @ 11:52:40 (sumoTime: 42760 seconds) on link 1 with path_nodes [1, 2, 3, 4] which means path_links [1, 2, 3]
['newVeh207'] arrived @ sumotime 42811.0 seconds
new vehicle208 @ 11:54:41 (sumoTime: 42881 seconds) on link 1 with path_nodes [1, 2, 3, 4] which means path_links [1, 2, 3]
['newVeh208'] arrived @ sumotime 42935.0 seconds
['newVeh208'] arrived @ sumotime 42936.0 seconds
new vehicle209 @ 11:55:54 (sumoTime: 42954 seconds) on link 1 with path_nodes [1, 2, 3, 4] which means path_links [1, 2, 3]
new vehicle210 @ 11:56:30 (sumoTime: 42990 seconds) on link 1 with path_nodes [1, 2, 3, 4] which means path_links [1, 2, 3]
new vehicle211 @ 11:56:36 (sumoTime: 42996 seconds) on link 1 with path_nodes [1, 2, 3, 4] which means path_links [1, 2, 3]
['newVeh209'] arrived @ sumotime 43005.0 seconds
['newVeh210'] arrived @ sumotime 43041.0 seconds
['newVeh211'] arrived @ sumotime 43045.0 seconds
['newVeh211'] arrived @ sumotime 43046.0 seconds
12:00:00
Umlegung ausgeführt
curVolumes: (120000, [(3, 40, 0)])
new vehicle212 @ 12:04:04 (sumoTime: 43444 seconds) on link 1 with path_nodes [1, 2, 3, 4] which means path_links [1, 2, 3]
['newVeh212'] arrived @ sumotime 43471.0 seconds
new vehicle213 @ 12:05:24 (sumoTime: 43524 seconds) on link 1 with path_nodes [1, 2, 3, 4] which means path_links [1, 2, 3]
new vehicle214 @ 12:05:38 (sumoTime: 43538 seconds) on link 1 with path_nodes [1, 2, 3, 4] which means path_links [1, 2, 3]
['newVeh213'] arrived @ sumotime 43555.0 seconds
['newVeh214'] arrived @ sumotime 43566.0 seconds
new vehicle215 @ 12:06:11 (sumoTime: 43571 seconds) on link 1 with path_nodes [1, 2, 3, 4] which means path_links [1, 2, 3]
['newVeh215'] arrived @ sumotime 43597.0 seconds
new vehicle216 @ 12:12:25 (sumoTime: 43945 seconds) on link 1 with path_nodes [1, 2, 3, 4] which means path_links [1, 2, 3]
['newVeh216'] arrived @ sumotime 43972.0 seconds
new vehicle217 @ 12:14:46 (sumoTime: 44086 seconds) on link 1 with path_nodes [1, 2, 3, 4] which means path_links [1, 2, 3]
['newVeh217'] arrived @ sumotime 44113.0 seconds
new vehicle218 @ 12:22:43 (sumoTime: 44563 seconds) on link 1 with path_nodes [1, 2, 3, 4] which means path_links [1, 2, 3]
['newVeh218'] arrived @ sumotime 44590.0 seconds
new vehicle219 @ 12:25:17 (sumoTime: 44717 seconds) on link 1 with path_nodes [1, 2, 3, 4] which means path_links [1, 2, 3]
['newVeh219'] arrived @ sumotime 44745.0 seconds
['newVeh219'] arrived @ sumotime 44746.0 seconds
new vehicle220 @ 12:27:18 (sumoTime: 44838 seconds) on link 1 with path_nodes [1, 2, 3, 4] which means path_links [1, 2, 3]
['newVeh220'] arrived @ sumotime 44865.0 seconds
new vehicle221 @ 12:27:54 (sumoTime: 44874 seconds) on link 1 with path_nodes [1, 2, 3, 4] which means path_links [1, 2, 3]
['newVeh221'] arrived @ sumotime 44900.0 seconds
new vehicle222 @ 12:29:45 (sumoTime: 44985 seconds) on link 1 with path_nodes [1, 2, 3, 4] which means path_links [1, 2, 3]
['newVeh222'] arrived @ sumotime 45017.0 seconds
new vehicle223 @ 12:32:31 (sumoTime: 45151 seconds) on link 1 with path_nodes [1, 2, 3, 4] which means path_links [1, 2, 3]
['newVeh223'] arrived @ sumotime 45179.0 seconds
new vehicle224 @ 12:33:56 (sumoTime: 45236 seconds) on link 1 with path_nodes [1, 2, 3, 4] which means path_links [1, 2, 3]
new vehicle225 @ 12:34:06 (sumoTime: 45246 seconds) on link 1 with path_nodes [1, 2, 3, 4] which means path_links [1, 2, 3]
['newVeh224'] arrived @ sumotime 45263.0 seconds
new vehicle226 @ 12:34:31 (sumoTime: 45271 seconds) on link 1 with path_nodes [1, 2, 3, 4] which means path_links [1, 2, 3]
['newVeh225'] arrived @ sumotime 45272.0 seconds
['newVeh226'] arrived @ sumotime 45296.0 seconds
['newVeh226'] arrived @ sumotime 45297.0 seconds
new vehicle227 @ 12:37:58 (sumoTime: 45478 seconds) on link 1 with path_nodes [1, 2, 3, 4] which means path_links [1, 2, 3]
['newVeh227'] arrived @ sumotime 45504.0 seconds
new vehicle228 @ 12:39:59 (sumoTime: 45599 seconds) on link 1 with path_nodes [1, 2, 3, 4] which means path_links [1, 2, 3]
['newVeh228'] arrived @ sumotime 45626.0 seconds
new vehicle229 @ 12:40:30 (sumoTime: 45630 seconds) on link 1 with path_nodes [1, 2, 3, 4] which means path_links [1, 2, 3]
['newVeh229'] arrived @ sumotime 45657.0 seconds
new vehicle230 @ 12:41:29 (sumoTime: 45689 seconds) on link 1 with path_nodes [1, 2, 3, 4] which means path_links [1, 2, 3]
new vehicle231 @ 12:41:51 (sumoTime: 45711 seconds) on link 1 with path_nodes [1, 2, 3, 4] which means path_links [1, 2, 3]
['newVeh230'] arrived @ sumotime 45716.0 seconds
['newVeh231'] arrived @ sumotime 45738.0 seconds
new vehicle232 @ 12:45:47 (sumoTime: 45947 seconds) on link 1 with path_nodes [1, 2, 3, 4] which means path_links [1, 2, 3]
['newVeh232'] arrived @ sumotime 45975.0 seconds
new vehicle233 @ 12:46:45 (sumoTime: 46005 seconds) on link 1 with path_nodes [1, 2, 3, 4] which means path_links [1, 2, 3]
['newVeh233'] arrived @ sumotime 46031.0 seconds
new vehicle234 @ 12:52:01 (sumoTime: 46321 seconds) on link 1 with path_nodes [1, 2, 3, 4] which means path_links [1, 2, 3]
new vehicle235 @ 12:52:17 (sumoTime: 46337 seconds) on link 1 with path_nodes [1, 2, 3, 4] which means path_links [1, 2, 3]
['newVeh234'] arrived @ sumotime 46352.0 seconds
['newVeh235'] arrived @ sumotime 46366.0 seconds
new vehicle236 @ 12:53:10 (sumoTime: 46390 seconds) on link 1 with path_nodes [1, 2, 3, 4] which means path_links [1, 2, 3]
['newVeh236'] arrived @ sumotime 46418.0 seconds
new vehicle237 @ 12:53:59 (sumoTime: 46439 seconds) on link 1 with path_nodes [1, 2, 3, 4] which means path_links [1, 2, 3]
['newVeh237'] arrived @ sumotime 46465.0 seconds
new vehicle238 @ 12:54:28 (sumoTime: 46468 seconds) on link 1 with path_nodes [1, 2, 3, 4] which means path_links [1, 2, 3]
['newVeh238'] arrived @ sumotime 46494.0 seconds
new vehicle239 @ 12:55:41 (sumoTime: 46541 seconds) on link 1 with path_nodes [1, 2, 3, 4] which means path_links [1, 2, 3]
['newVeh239'] arrived @ sumotime 46570.0 seconds
new vehicle240 @ 12:59:26 (sumoTime: 46766 seconds) on link 1 with path_nodes [1, 2, 3, 4] which means path_links [1, 2, 3]
['newVeh240'] arrived @ sumotime 46796.0 seconds
13:00:00
Umlegung ausgeführt
curVolumes: (130000, [(3, 31, 0)])
new vehicle241 @ 13:02:29 (sumoTime: 46949 seconds) on link 1 with path_nodes [1, 2, 3, 4] which means path_links [1, 2, 3]
['newVeh241'] arrived @ sumotime 46978.0 seconds
['newVeh241'] arrived @ sumotime 46979.0 seconds
new vehicle242 @ 13:03:23 (sumoTime: 47003 seconds) on link 1 with path_nodes [1, 2, 3, 4] which means path_links [1, 2, 3]
new vehicle243 @ 13:03:29 (sumoTime: 47009 seconds) on link 1 with path_nodes [1, 2, 3, 4] which means path_links [1, 2, 3]
new vehicle244 @ 13:03:45 (sumoTime: 47025 seconds) on link 1 with path_nodes [1, 2, 3, 4] which means path_links [1, 2, 3]
['newVeh242'] arrived @ sumotime 47030.0 seconds
['newVeh243'] arrived @ sumotime 47035.0 seconds
['newVeh244'] arrived @ sumotime 47052.0 seconds
new vehicle245 @ 13:05:35 (sumoTime: 47135 seconds) on link 1 with path_nodes [1, 2, 3, 4] which means path_links [1, 2, 3]
new vehicle246 @ 13:06:03 (sumoTime: 47163 seconds) on link 1 with path_nodes [1, 2, 3, 4] which means path_links [1, 2, 3]
['newVeh245'] arrived @ sumotime 47166.0 seconds
['newVeh246'] arrived @ sumotime 47190.0 seconds
new vehicle247 @ 13:09:07 (sumoTime: 47347 seconds) on link 1 with path_nodes [1, 2, 3, 4] which means path_links [1, 2, 3]
['newVeh247'] arrived @ sumotime 47373.0 seconds
new vehicle248 @ 13:12:52 (sumoTime: 47572 seconds) on link 1 with path_nodes [1, 2, 3, 4] which means path_links [1, 2, 3]
new vehicle249 @ 13:13:11 (sumoTime: 47591 seconds) on link 1 with path_nodes [1, 2, 3, 4] which means path_links [1, 2, 3]
['newVeh248'] arrived @ sumotime 47597.0 seconds
['newVeh249'] arrived @ sumotime 47617.0 seconds
new vehicle250 @ 13:14:29 (sumoTime: 47669 seconds) on link 1 with path_nodes [1, 2, 3, 4] which means path_links [1, 2, 3]
['newVeh250'] arrived @ sumotime 47696.0 seconds
new vehicle251 @ 13:14:59 (sumoTime: 47699 seconds) on link 1 with path_nodes [1, 2, 3, 4] which means path_links [1, 2, 3]
new vehicle252 @ 13:15:20 (sumoTime: 47720 seconds) on link 1 with path_nodes [1, 2, 3, 4] which means path_links [1, 2, 3]
['newVeh251'] arrived @ sumotime 47730.0 seconds
['newVeh252'] arrived @ sumotime 47748.0 seconds
new vehicle253 @ 13:18:40 (sumoTime: 47920 seconds) on link 1 with path_nodes [1, 2, 3, 4] which means path_links [1, 2, 3]
['newVeh253'] arrived @ sumotime 47947.0 seconds
new vehicle254 @ 13:20:27 (sumoTime: 48027 seconds) on link 1 with path_nodes [1, 2, 3, 4] which means path_links [1, 2, 3]
['newVeh254'] arrived @ sumotime 48056.0 seconds
new vehicle255 @ 13:22:07 (sumoTime: 48127 seconds) on link 1 with path_nodes [1, 2, 3, 4] which means path_links [1, 2, 3]
['newVeh255'] arrived @ sumotime 48153.0 seconds
new vehicle256 @ 13:24:18 (sumoTime: 48258 seconds) on link 1 with path_nodes [1, 2, 3, 4] which means path_links [1, 2, 3]
['newVeh256'] arrived @ sumotime 48285.0 seconds
new vehicle257 @ 13:29:12 (sumoTime: 48552 seconds) on link 1 with path_nodes [1, 2, 3, 4] which means path_links [1, 2, 3]
['newVeh257'] arrived @ sumotime 48581.0 seconds
new vehicle258 @ 13:31:59 (sumoTime: 48719 seconds) on link 1 with path_nodes [1, 2, 3, 4] which means path_links [1, 2, 3]
new vehicle259 @ 13:32:08 (sumoTime: 48728 seconds) on link 1 with path_nodes [1, 2, 3, 4] which means path_links [1, 2, 3]
['newVeh258'] arrived @ sumotime 48747.0 seconds
['newVeh259'] arrived @ sumotime 48757.0 seconds
new vehicle260 @ 13:32:53 (sumoTime: 48773 seconds) on link 1 with path_nodes [1, 2, 3, 4] which means path_links [1, 2, 3]
['newVeh260'] arrived @ sumotime 48803.0 seconds
new vehicle261 @ 13:33:32 (sumoTime: 48812 seconds) on link 1 with path_nodes [1, 2, 3, 4] which means path_links [1, 2, 3]
new vehicle262 @ 13:33:47 (sumoTime: 48827 seconds) on link 1 with path_nodes [1, 2, 3, 4] which means path_links [1, 2, 3]
['newVeh261'] arrived @ sumotime 48840.0 seconds
['newVeh262'] arrived @ sumotime 48854.0 seconds
new vehicle263 @ 13:34:30 (sumoTime: 48870 seconds) on link 1 with path_nodes [1, 2, 3, 4] which means path_links [1, 2, 3]
['newVeh263'] arrived @ sumotime 48897.0 seconds
new vehicle264 @ 13:35:37 (sumoTime: 48937 seconds) on link 1 with path_nodes [1, 2, 3, 4] which means path_links [1, 2, 3]
['newVeh264'] arrived @ sumotime 48964.0 seconds
new vehicle265 @ 13:36:58 (sumoTime: 49018 seconds) on link 1 with path_nodes [1, 2, 3, 4] which means path_links [1, 2, 3]
new vehicle266 @ 13:37:16 (sumoTime: 49036 seconds) on link 1 with path_nodes [1, 2, 3, 4] which means path_links [1, 2, 3]
['newVeh265'] arrived @ sumotime 49044.0 seconds
['newVeh265'] arrived @ sumotime 49045.0 seconds
['newVeh266'] arrived @ sumotime 49059.0 seconds
new vehicle267 @ 13:41:05 (sumoTime: 49265 seconds) on link 1 with path_nodes [1, 2, 3, 4] which means path_links [1, 2, 3]
['newVeh267'] arrived @ sumotime 49290.0 seconds
['newVeh267'] arrived @ sumotime 49291.0 seconds
new vehicle268 @ 13:43:53 (sumoTime: 49433 seconds) on link 1 with path_nodes [1, 2, 3, 4] which means path_links [1, 2, 3]
['newVeh268'] arrived @ sumotime 49459.0 seconds
new vehicle269 @ 13:44:41 (sumoTime: 49481 seconds) on link 1 with path_nodes [1, 2, 3, 4] which means path_links [1, 2, 3]
['newVeh269'] arrived @ sumotime 49510.0 seconds
['newVeh269'] arrived @ sumotime 49511.0 seconds
new vehicle270 @ 13:48:58 (sumoTime: 49738 seconds) on link 1 with path_nodes [1, 2, 3, 4] which means path_links [1, 2, 3]
['newVeh270'] arrived @ sumotime 49766.0 seconds
new vehicle271 @ 13:50:34 (sumoTime: 49834 seconds) on link 1 with path_nodes [1, 2, 3, 4] which means path_links [1, 2, 3]
['newVeh271'] arrived @ sumotime 49859.0 seconds
new vehicle272 @ 13:52:05 (sumoTime: 49925 seconds) on link 1 with path_nodes [1, 2, 3, 4] which means path_links [1, 2, 3]
['newVeh272'] arrived @ sumotime 49951.0 seconds
new vehicle273 @ 13:53:40 (sumoTime: 50020 seconds) on link 1 with path_nodes [1, 2, 3, 4] which means path_links [1, 2, 3]
['newVeh273'] arrived @ sumotime 50051.0 seconds
new vehicle274 @ 13:54:55 (sumoTime: 50095 seconds) on link 1 with path_nodes [1, 2, 3, 4] which means path_links [1, 2, 3]
['newVeh274'] arrived @ sumotime 50123.0 seconds
new vehicle275 @ 13:58:13 (sumoTime: 50293 seconds) on link 1 with path_nodes [1, 2, 3, 4] which means path_links [1, 2, 3]
['newVeh275'] arrived @ sumotime 50322.0 seconds
14:00:00
Umlegung ausgeführt
curVolumes: (140000, [(3, 39, 0)])
new vehicle276 @ 14:00:12 (sumoTime: 50412 seconds) on link 1 with path_nodes [1, 2, 3, 4] which means path_links [1, 2, 3]
['newVeh276'] arrived @ sumotime 50439.0 seconds
new vehicle277 @ 14:01:26 (sumoTime: 50486 seconds) on link 1 with path_nodes [1, 2, 3, 4] which means path_links [1, 2, 3]
['newVeh277'] arrived @ sumotime 50513.0 seconds
new vehicle278 @ 14:06:16 (sumoTime: 50776 seconds) on link 1 with path_nodes [1, 2, 3, 4] which means path_links [1, 2, 3]
['newVeh278'] arrived @ sumotime 50804.0 seconds
new vehicle279 @ 14:08:21 (sumoTime: 50901 seconds) on link 1 with path_nodes [1, 2, 3, 4] which means path_links [1, 2, 3]
new vehicle280 @ 14:08:27 (sumoTime: 50907 seconds) on link 1 with path_nodes [1, 2, 3, 4] which means path_links [1, 2, 3]
['newVeh279'] arrived @ sumotime 50928.0 seconds
['newVeh280'] arrived @ sumotime 50935.0 seconds
new vehicle281 @ 14:09:56 (sumoTime: 50996 seconds) on link 1 with path_nodes [1, 2, 3, 4] which means path_links [1, 2, 3]
['newVeh281'] arrived @ sumotime 51024.0 seconds
new vehicle282 @ 14:13:06 (sumoTime: 51186 seconds) on link 1 with path_nodes [1, 2, 3, 4] which means path_links [1, 2, 3]
['newVeh282'] arrived @ sumotime 51214.0 seconds
new vehicle283 @ 14:14:24 (sumoTime: 51264 seconds) on link 1 with path_nodes [1, 2, 3, 4] which means path_links [1, 2, 3]
['newVeh283'] arrived @ sumotime 51290.0 seconds
new vehicle284 @ 14:15:23 (sumoTime: 51323 seconds) on link 1 with path_nodes [1, 2, 3, 4] which means path_links [1, 2, 3]
['newVeh284'] arrived @ sumotime 51351.0 seconds
new vehicle285 @ 14:19:11 (sumoTime: 51551 seconds) on link 1 with path_nodes [1, 2, 3, 4] which means path_links [1, 2, 3]
['newVeh285'] arrived @ sumotime 51581.0 seconds
new vehicle286 @ 14:24:31 (sumoTime: 51871 seconds) on link 1 with path_nodes [1, 2, 3, 4] which means path_links [1, 2, 3]
['newVeh286'] arrived @ sumotime 51897.0 seconds
new vehicle287 @ 14:28:11 (sumoTime: 52091 seconds) on link 1 with path_nodes [1, 2, 3, 4] which means path_links [1, 2, 3]
['newVeh287'] arrived @ sumotime 52117.0 seconds
new vehicle288 @ 14:30:22 (sumoTime: 52222 seconds) on link 1 with path_nodes [1, 2, 3, 4] which means path_links [1, 2, 3]
['newVeh288'] arrived @ sumotime 52253.0 seconds
new vehicle289 @ 14:34:16 (sumoTime: 52456 seconds) on link 1 with path_nodes [1, 2, 3, 4] which means path_links [1, 2, 3]
['newVeh289'] arrived @ sumotime 52485.0 seconds
new vehicle290 @ 14:35:10 (sumoTime: 52510 seconds) on link 1 with path_nodes [1, 2, 3, 4] which means path_links [1, 2, 3]
['newVeh290'] arrived @ sumotime 52535.0 seconds
new vehicle291 @ 14:40:03 (sumoTime: 52803 seconds) on link 1 with path_nodes [1, 2, 3, 4] which means path_links [1, 2, 3]
['newVeh291'] arrived @ sumotime 52830.0 seconds
new vehicle292 @ 14:42:29 (sumoTime: 52949 seconds) on link 1 with path_nodes [1, 2, 3, 4] which means path_links [1, 2, 3]
['newVeh292'] arrived @ sumotime 52976.0 seconds
new vehicle293 @ 14:43:36 (sumoTime: 53016 seconds) on link 1 with path_nodes [1, 2, 3, 4] which means path_links [1, 2, 3]
['newVeh293'] arrived @ sumotime 53047.0 seconds
new vehicle294 @ 14:44:55 (sumoTime: 53095 seconds) on link 1 with path_nodes [1, 2, 3, 4] which means path_links [1, 2, 3]
['newVeh294'] arrived @ sumotime 53125.0 seconds
new vehicle295 @ 14:48:29 (sumoTime: 53309 seconds) on link 1 with path_nodes [1, 2, 3, 4] which means path_links [1, 2, 3]
['newVeh295'] arrived @ sumotime 53336.0 seconds
new vehicle296 @ 14:49:33 (sumoTime: 53373 seconds) on link 1 with path_nodes [1, 2, 3, 4] which means path_links [1, 2, 3]
new vehicle297 @ 14:49:39 (sumoTime: 53379 seconds) on link 1 with path_nodes [1, 2, 3, 4] which means path_links [1, 2, 3]
['newVeh296'] arrived @ sumotime 53399.0 seconds
['newVeh297'] arrived @ sumotime 53407.0 seconds
new vehicle298 @ 14:53:04 (sumoTime: 53584 seconds) on link 1 with path_nodes [1, 2, 3, 4] which means path_links [1, 2, 3]
['newVeh298'] arrived @ sumotime 53614.0 seconds
new vehicle299 @ 14:54:11 (sumoTime: 53651 seconds) on link 1 with path_nodes [1, 2, 3, 4] which means path_links [1, 2, 3]
['newVeh299'] arrived @ sumotime 53677.0 seconds
new vehicle300 @ 14:54:42 (sumoTime: 53682 seconds) on link 1 with path_nodes [1, 2, 3, 4] which means path_links [1, 2, 3]
['newVeh300'] arrived @ sumotime 53710.0 seconds
new vehicle301 @ 14:57:40 (sumoTime: 53860 seconds) on link 1 with path_nodes [1, 2, 3, 4] which means path_links [1, 2, 3]
new vehicle302 @ 14:58:01 (sumoTime: 53881 seconds) on link 1 with path_nodes [1, 2, 3, 4] which means path_links [1, 2, 3]
['newVeh301'] arrived @ sumotime 53886.0 seconds
['newVeh302'] arrived @ sumotime 53908.0 seconds
Gesamte Auslastung: 296
Summe erzeugter Fahrzeuge: 303
-> Fahrzeuge verloren: -7
Tupel bestehend aus: VolVisum, geplantesVolSumo, avgArrTimeVisum, avgArrTimeSumo
Link: 1 -> [(2, 4, 1800, 928), (5, 8, 720, 827), (7, 9, 514, 460), (10, 13, 360, 431), (12, 13, 300, 308), (15, 19, 240, 213), (17, 22, 211, 174), (20, 19, 180, 202), (22, 26, 163, 155), (25, 30, 144, 129), (27, 24, 133, 162), (30, 37, 120, 97), (32, 30, 112, 120), (35, 36, 102, 100), (37, 28, 97, 134)]
Link: 3 -> []
Link: 5 -> []
VolumenInSumo: [(1621, ['1', '2', '3']), (1901, ['1', '2', '3']), (3612, ['1', '2', '3']), (10234, ['1', '2', '3']), (10433, ['1', '2', '3']), (11832, ['1', '2', '3']), (13012, ['1', '2', '3']), (14443, ['1', '2', '3']), (15137, ['1', '2', '3']), (15559, ['1', '2', '3']), (20112, ['1', '2', '3']), (20350, ['1', '2', '3']), (20745, ['1', '2', '3']), (21815, ['1', '2', '3']), (22509, ['1', '2', '3']), (22523, ['1', '2', '3']), (22812, ['1', '2', '3']), (25742, ['1', '2', '3']), (30242, ['1', '2', '3']), (30646, ['1', '2', '3']), (30826, ['1', '2', '3']), (31626, ['1', '2', '3']), (32641, ['1', '2', '3']), (32752, ['1', '2', '3']), (32847, ['1', '2', '3']), (33414, ['1', '2', '3']), (33415, ['1', '2', '3']), (33503, ['1', '2', '3']), (34404, ['1', '2', '3']), (34417, ['1', '2', '3']), (40134, ['1', '2', '3']), (40444, ['1', '2', '3']), (40906, ['1', '2', '3']), (41138, ['1', '2', '3']), (41333, ['1', '2', '3']), (41628, ['1', '2', '3']), (42201, ['1', '2', '3']), (42202, ['1', '2', '3']), (42642, ['1', '2', '3']), (42855, ['1', '2', '3']), (44708, ['1', '2', '3']), (45933, ['1', '2', '3']), (50250, ['1', '2', '3']), (50939, ['1', '2', '3']), (52022, ['1', '2', '3']), (52202, ['1', '2', '3']), (52430, ['1', '2', '3']), (53045, ['1', '2', '3']), (53508, ['1', '2', '3']), (53858, ['1', '2', '3']), (54238, ['1', '2', '3']), (54415, ['1', '2', '3']), (54610, ['1', '2', '3']), (54716, ['1', '2', '3']), (54749, ['1', '2', '3']), (55309, ['1', '2', '3']), (55352, ['1', '2', '3']), (55358, ['1', '2', '3']), (55600, ['1', '2', '3']), (55930, ['1', '2', '3']), (60024, ['1', '2', '3']), (60251, ['1', '2', '3']), (60316, ['1', '2', '3']), (60324, ['1', '2', '3']), (60423, ['1', '2', '3']), (60846, ['1', '2', '3']), (60943, ['1', '2', '3']), (61425, ['1', '2', '3']), (61457, ['1', '2', '3']), (62814, ['1', '2', '3']), (63225, ['1', '2', '3']), (63310, ['1', '2', '3']), (63320, ['1', '2', '3']), (63408, ['1', '2', '3']), (63433, ['1', '2', '3']), (63817, ['1', '2', '3']), (64504, ['1', '2', '3']), (64656, ['1', '2', '3']), (65804, ['1', '2', '3']), (65902, ['1', '2', '3']), (65934, ['1', '2', '3']), (70011, ['1', '2', '3']), (70138, ['1', '2', '3']), (70412, ['1', '2', '3']), (70607, ['1', '2', '3']), (70838, ['1', '2', '3']), (71001, ['1', '2', '3']), (71038, ['1', '2', '3']), (71411, ['1', '2', '3']), (71446, ['1', '2', '3']), (71827, ['1', '2', '3']), (72511, ['1', '2', '3']), (73351, ['1', '2', '3']), (73410, ['1', '2', '3']), (74101, ['1', '2', '3']), (74137, ['1', '2', '3']), (75144, ['1', '2', '3']), (75303, ['1', '2', '3']), (75543, ['1', '2', '3']), (80103, ['1', '6', '7', '-8', '3']), (80445, ['1', '6', '7', '-8', '3']), (80508, ['1', '6', '7', '-8', '3']), (80541, ['1', '6', '7', '-8', '3']), (80725, ['1', '6', '7', '-8', '3']), (80838, ['1', '6', '7', '-8', '3']), (81148, ['1', '6', '7', '-8', '3']), (81307, ['1', '6', '7', '-8', '3']), (81625, ['1', '6', '7', '-8', '3']), (82618, ['1', '6', '7', '-8', '3']), (83051, ['1', '6', '7', '-8', '3']), (83250, ['1', '6', '7', '-8', '3']), (83332, ['1', '6', '7', '-8', '3']), (83635, ['1', '6', '7', '-8', '3']), (83815, ['1', '6', '7', '-8', '3']), (83848, ['1', '6', '7', '-8', '3']), (83849, ['1', '6', '7', '-8', '3']), (84217, ['1', '6', '7', '-8', '3']), (84649, ['1', '6', '7', '-8', '3']), (84857, ['1', '6', '7', '-8', '3']), (85019, ['1', '6', '7', '-8', '3']), (85214, ['1', '6', '7', '-8', '3']), (85413, ['1', '6', '7', '-8', '3']), (85416, ['1', '6', '7', '-8', '3']), (85616, ['1', '6', '7', '-8', '3']), (90012, ['1', '6', '7', '-8', '3']), (90057, ['1', '6', '7', '-8', '3']), (90144, ['1', '6', '7', '-8', '3']), (90159, ['1', '6', '7', '-8', '3']), (90350, ['1', '6', '7', '-8', '3']), (90634, ['1', '6', '7', '-8', '3']), (90656, ['1', '6', '7', '-8', '3']), (90930, ['1', '6', '7', '-8', '3']), (91226, ['1', '6', '7', '-8', '3']), (91255, ['1', '6', '7', '-8', '3']), (91414, ['1', '6', '7', '-8', '3']), (91824, ['1', '6', '7', '-8', '3']), (91838, ['1', '6', '7', '-8', '3']), (92044, ['1', '6', '7', '-8', '3']), (92149, ['1', '6', '7', '-8', '3']), (92541, ['1', '6', '7', '-8', '3']), (92604, ['1', '6', '7', '-8', '3']), (92636, ['1', '6', '7', '-8', '3']), (92711, ['1', '6', '7', '-8', '3']), (93110, ['1', '6', '7', '-8', '3']), (93354, ['1', '6', '7', '-8', '3']), (93402, ['1', '6', '7', '-8', '3']), (94045, ['1', '6', '7', '-8', '3']), (94150, ['1', '6', '7', '-8', '3']), (94927, ['1', '6', '7', '-8', '3']), (95028, ['1', '6', '7', '-8', '3']), (95051, ['1', '6', '7', '-8', '3']), (95647, ['1', '6', '7', '-8', '3']), (95825, ['1', '6', '7', '-8', '3']), (100159, ['1', '6', '7', '-8', '3']), (101311, ['1', '6', '7', '-8', '3']), (101525, ['1', '6', '7', '-8', '3']), (101745, ['1', '6', '7', '-8', '3']), (101753, ['1', '6', '7', '-8', '3']), (102117, ['1', '6', '7', '-8', '3']), (103212, ['1', '6', '7', '-8', '3']), (103800, ['1', '6', '7', '-8', '3']), (103816, ['1', '6', '7', '-8', '3']), (103847, ['1', '6', '7', '-8', '3']), (103848, ['1', '6', '7', '-8', '3']), (103937, ['1', '6', '7', '-8', '3']), (104205, ['1', '6', '7', '-8', '3']), (104343, ['1', '6', '7', '-8', '3']), (104416, ['1', '6', '7', '-8', '3']), (104634, ['1', '6', '7', '-8', '3']), (104712, ['1', '6', '7', '-8', '3']), (104731, ['1', '6', '7', '-8', '3']), (105023, ['1', '6', '7', '-8', '3']), (105032, ['1', '6', '7', '-8', '3']), (105446, ['1', '6', '7', '-8', '3']), (105714, ['1', '6', '7', '-8', '3']), (105908, ['1', '6', '7', '-8', '3']), (110148, ['1', '6', '7', '-8', '3']), (110204, ['1', '6', '7', '-8', '3']), (110234, ['1', '6', '7', '-8', '3']), (110405, ['1', '6', '7', '-8', '3']), (110501, ['1', '6', '7', '-8', '3']), (110544, ['1', '6', '7', '-8', '3']), (110556, ['1', '6', '7', '-8', '3']), (110758, ['1', '6', '7', '-8', '3']), (111432, ['1', '6', '7', '-8', '3']), (111509, ['1', '6', '7', '-8', '3']), (111738, ['1', '6', '7', '-8', '3']), (112146, ['1', '6', '7', '-8', '3']), (112357, ['1', '6', '7', '-8', '3']), (112622, ['1', '6', '7', '-8', '3']), (112747, ['1', '6', '7', '-8', '3']), (112751, ['1', '6', '7', '-8', '3']), (113021, ['1', '6', '7', '-8', '3']), (113038, ['1', '6', '7', '-8', '3']), (113051, ['1', '6', '7', '-8', '3']), (113303, ['1', '6', '7', '-8', '3']), (113440, ['1', '6', '7', '-8', '3']), (113505, ['1', '6', '7', '-8', '3']), (113531, ['1', '6', '7', '-8', '3']), (113859, ['1', '6', '7', '-8', '3']), (114319, ['1', '6', '7', '-8', '3']), (114504, ['1', '6', '7', '-8', '3']), (114524, ['1', '6', '7', '-8', '3']), (114637, ['1', '6', '7', '-8', '3']), (114727, ['1', '6', '7', '-8', '3']), (115024, ['1', '6', '7', '-8', '3']), (115136, ['1', '6', '7', '-8', '3']), (115240, ['1', '6', '7', '-8', '3']), (115441, ['1', '6', '7', '-8', '3']), (115554, ['1', '6', '7', '-8', '3']), (115630, ['1', '6', '7', '-8', '3']), (115636, ['1', '6', '7', '-8', '3']), (120404, ['1', '2', '3']), (120524, ['1', '2', '3']), (120538, ['1', '2', '3']), (120611, ['1', '2', '3']), (121225, ['1', '2', '3']), (121446, ['1', '2', '3']), (122243, ['1', '2', '3']), (122517, ['1', '2', '3']), (122718, ['1', '2', '3']), (122754, ['1', '2', '3']), (122945, ['1', '2', '3']), (123231, ['1', '2', '3']), (123356, ['1', '2', '3']), (123406, ['1', '2', '3']), (123431, ['1', '2', '3']), (123758, ['1', '2', '3']), (123959, ['1', '2', '3']), (124030, ['1', '2', '3']), (124129, ['1', '2', '3']), (124151, ['1', '2', '3']), (124547, ['1', '2', '3']), (124645, ['1', '2', '3']), (125201, ['1', '2', '3']), (125217, ['1', '2', '3']), (125310, ['1', '2', '3']), (125359, ['1', '2', '3']), (125428, ['1', '2', '3']), (125541, ['1', '2', '3']), (125926, ['1', '2', '3']), (130229, ['1', '2', '3']), (130323, ['1', '2', '3']), (130329, ['1', '2', '3']), (130345, ['1', '2', '3']), (130535, ['1', '2', '3']), (130603, ['1', '2', '3']), (130907, ['1', '2', '3']), (131252, ['1', '2', '3']), (131311, ['1', '2', '3']), (131429, ['1', '2', '3']), (131459, ['1', '2', '3']), (131520, ['1', '2', '3']), (131840, ['1', '2', '3']), (132027, ['1', '2', '3']), (132207, ['1', '2', '3']), (132418, ['1', '2', '3']), (132912, ['1', '2', '3']), (133159, ['1', '2', '3']), (133208, ['1', '2', '3']), (133253, ['1', '2', '3']), (133332, ['1', '2', '3']), (133347, ['1', '2', '3']), (133430, ['1', '2', '3']), (133537, ['1', '2', '3']), (133658, ['1', '2', '3']), (133716, ['1', '2', '3']), (134105, ['1', '2', '3']), (134353, ['1', '2', '3']), (134441, ['1', '2', '3']), (134858, ['1', '2', '3']), (135034, ['1', '2', '3']), (135205, ['1', '2', '3']), (135340, ['1', '2', '3']), (135455, ['1', '2', '3']), (135813, ['1', '2', '3']), (140012, ['1', '2', '3']), (140126, ['1', '2', '3']), (140616, ['1', '2', '3']), (140821, ['1', '2', '3']), (140827, ['1', '2', '3']), (140956, ['1', '2', '3']), (141306, ['1', '2', '3']), (141424, ['1', '2', '3']), (141523, ['1', '2', '3']), (141911, ['1', '2', '3']), (142431, ['1', '2', '3']), (142811, ['1', '2', '3']), (143022, ['1', '2', '3']), (143416, ['1', '2', '3']), (143510, ['1', '2', '3']), (144003, ['1', '2', '3']), (144229, ['1', '2', '3']), (144336, ['1', '2', '3']), (144455, ['1', '2', '3']), (144829, ['1', '2', '3']), (144933, ['1', '2', '3']), (144939, ['1', '2', '3']), (145304, ['1', '2', '3']), (145411, ['1', '2', '3']), (145442, ['1', '2', '3']), (145740, ['1', '2', '3']), (145801, ['1', '2', '3'])]
2 -> 3 : [(0, 2), (10000, 5), (20000, 7), (30000, 10), (40000, 12), (50000, 15), (60000, 17), (70000, 20), (80000, 22), (90000, 25), (100000, 27), (110000, 30), (120000, 32), (130000, 35), (140000, 37)]
2 -> 5 : [(0, 0), (10000, 0), (20000, 0), (30000, 0), (40000, 0), (50000, 0), (60000, 0), (70000, 0), (80000, 0), (90000, 0), (100000, 0), (110000, 0), (120000, 0), (130000, 0), (140000, 0)]
2 -> 6 : [(0, 0), (10000, 0), (20000, 0), (30000, 0), (40000, 0), (50000, 0), (60000, 0), (70000, 0), (80000, 0), (90000, 0), (100000, 0), (110000, 0), (120000, 0), (130000, 0), (140000, 0)]
3 -> 2 : [(0, 0), (10000, 0), (20000, 0), (30000, 0), (40000, 0), (50000, 0), (60000, 0), (70000, 0), (80000, 0), (90000, 0), (100000, 0), (110000, 0), (120000, 0), (130000, 0), (140000, 0)]
3 -> 4 : [(0, 2), (10000, 5), (20000, 7), (30000, 10), (40000, 12), (50000, 15), (60000, 17), (70000, 20), (80000, 22), (90000, 25), (100000, 27), (110000, 30), (120000, 32), (130000, 35), (140000, 37)]
3 -> 7 : [(0, 0), (10000, 0), (20000, 0), (30000, 0), (40000, 0), (50000, 0), (60000, 0), (70000, 0), (80000, 0), (90000, 0), (100000, 0), (110000, 0), (120000, 0), (130000, 0), (140000, 0)]
4 -> 3 : [(0, 0), (10000, 0), (20000, 0), (30000, 0), (40000, 0), (50000, 0), (60000, 0), (70000, 0), (80000, 0), (90000, 0), (100000, 0), (110000, 0), (120000, 0), (130000, 0), (140000, 0)]
4 -> 5 : [(0, 0), (10000, 0), (20000, 0), (30000, 0), (40000, 0), (50000, 0), (60000, 0), (70000, 0), (80000, 0), (90000, 0), (100000, 0), (110000, 0), (120000, 0), (130000, 0), (140000, 0)]
5 -> 2 : [(0, 0), (10000, 0), (20000, 0), (30000, 0), (40000, 0), (50000, 0), (60000, 0), (70000, 0), (80000, 0), (90000, 0), (100000, 0), (110000, 0), (120000, 0), (130000, 0), (140000, 0)]
5 -> 4 : [(0, 0), (10000, 0), (20000, 0), (30000, 0), (40000, 0), (50000, 0), (60000, 0), (70000, 0), (80000, 0), (90000, 0), (100000, 0), (110000, 0), (120000, 0), (130000, 0), (140000, 0)]
6 -> 2 : [(0, 0), (10000, 0), (20000, 0), (30000, 0), (40000, 0), (50000, 0), (60000, 0), (70000, 0), (80000, 0), (90000, 0), (100000, 0), (110000, 0), (120000, 0), (130000, 0), (140000, 0)]
6 -> 7 : [(0, 0), (10000, 0), (20000, 0), (30000, 0), (40000, 0), (50000, 0), (60000, 0), (70000, 0), (80000, 0), (90000, 0), (100000, 0), (110000, 0), (120000, 0), (130000, 0), (140000, 0)]
7 -> 3 : [(0, 0), (10000, 0), (20000, 0), (30000, 0), (40000, 0), (50000, 0), (60000, 0), (70000, 0), (80000, 0), (90000, 0), (100000, 0), (110000, 0), (120000, 0), (130000, 0), (140000, 0)]
7 -> 6 : [(0, 0), (10000, 0), (20000, 0), (30000, 0), (40000, 0), (50000, 0), (60000, 0), (70000, 0), (80000, 0), (90000, 0), (100000, 0), (110000, 0), (120000, 0), (130000, 0), (140000, 0)]
