00:00:00
new vehicle0 @ 00:08:41 (sumoTime: 521 seconds) on link 1 with path_nodes [1, 2, 3, 4] which means path_links [1, 2, 3]
['newVeh0'] arrived @ sumotime 549.0 seconds
new vehicle1 @ 00:32:15 (sumoTime: 1935 seconds) on link 1 with path_nodes [1, 2, 3, 4] which means path_links [1, 2, 3]
['newVeh1'] arrived @ sumotime 1961.0 seconds
new vehicle2 @ 00:50:56 (sumoTime: 3056 seconds) on link 1 with path_nodes [1, 2, 3, 4] which means path_links [1, 2, 3]
new vehicle3 @ 00:50:58 (sumoTime: 3058 seconds) on link 1 with path_nodes [1, 2, 3, 4] which means path_links [1, 2, 3]
['newVeh2'] arrived @ sumotime 3082.0 seconds
['newVeh3'] arrived @ sumotime 3088.0 seconds
new vehicle4 @ 00:58:45 (sumoTime: 3525 seconds) on link 1 with path_nodes [1, 2, 3, 4] which means path_links [1, 2, 3]
['newVeh4'] arrived @ sumotime 3553.0 seconds
01:00:00
Umlegung ausgeführt
curVolumes: (10000, [(3, 5, 0)])
new vehicle5 @ 01:03:53 (sumoTime: 3833 seconds) on link 1 with path_nodes [1, 2, 3, 4] which means path_links [1, 2, 3]
['newVeh5'] arrived @ sumotime 3859.0 seconds
['newVeh5'] arrived @ sumotime 3860.0 seconds
new vehicle6 @ 01:09:05 (sumoTime: 4145 seconds) on link 1 with path_nodes [1, 2, 3, 4] which means path_links [1, 2, 3]
['newVeh6'] arrived @ sumotime 4171.0 seconds
new vehicle7 @ 01:40:44 (sumoTime: 6044 seconds) on link 1 with path_nodes [1, 2, 3, 4] which means path_links [1, 2, 3]
['newVeh7'] arrived @ sumotime 6069.0 seconds
new vehicle8 @ 01:52:48 (sumoTime: 6768 seconds) on link 1 with path_nodes [1, 2, 3, 4] which means path_links [1, 2, 3]
['newVeh8'] arrived @ sumotime 6798.0 seconds
02:00:00
Umlegung ausgeführt
curVolumes: (20000, [(3, 5, 0)])
new vehicle9 @ 02:49:22 (sumoTime: 10162 seconds) on link 1 with path_nodes [1, 2, 3, 4] which means path_links [1, 2, 3]
['newVeh9'] arrived @ sumotime 10191.0 seconds
['newVeh9'] arrived @ sumotime 10192.0 seconds
new vehicle10 @ 02:58:04 (sumoTime: 10684 seconds) on link 1 with path_nodes [1, 2, 3, 4] which means path_links [1, 2, 3]
new vehicle11 @ 02:58:19 (sumoTime: 10699 seconds) on link 1 with path_nodes [1, 2, 3, 4] which means path_links [1, 2, 3]
['newVeh10'] arrived @ sumotime 10711.0 seconds
['newVeh11'] arrived @ sumotime 10727.0 seconds
03:00:00
Umlegung ausgeführt
curVolumes: (30000, [(3, 4, 0)])
new vehicle12 @ 03:09:42 (sumoTime: 11382 seconds) on link 1 with path_nodes [1, 2, 3, 4] which means path_links [1, 2, 3]
new vehicle13 @ 03:10:04 (sumoTime: 11404 seconds) on link 1 with path_nodes [1, 2, 3, 4] which means path_links [1, 2, 3]
['newVeh12'] arrived @ sumotime 11413.0 seconds
['newVeh13'] arrived @ sumotime 11431.0 seconds
new vehicle14 @ 03:28:06 (sumoTime: 12486 seconds) on link 1 with path_nodes [1, 2, 3, 4] which means path_links [1, 2, 3]
['newVeh14'] arrived @ sumotime 12514.0 seconds
new vehicle15 @ 03:41:14 (sumoTime: 13274 seconds) on link 1 with path_nodes [1, 2, 3, 4] which means path_links [1, 2, 3]
['newVeh15'] arrived @ sumotime 13301.0 seconds
new vehicle16 @ 03:42:53 (sumoTime: 13373 seconds) on link 1 with path_nodes [1, 2, 3, 4] which means path_links [1, 2, 3]
['newVeh16'] arrived @ sumotime 13399.0 seconds
new vehicle17 @ 03:53:56 (sumoTime: 14036 seconds) on link 1 with path_nodes [1, 2, 3, 4] which means path_links [1, 2, 3]
['newVeh17'] arrived @ sumotime 14067.0 seconds
new vehicle18 @ 03:54:42 (sumoTime: 14082 seconds) on link 1 with path_nodes [1, 2, 3, 4] which means path_links [1, 2, 3]
['newVeh18'] arrived @ sumotime 14109.0 seconds
04:00:00
Umlegung ausgeführt
curVolumes: (40000, [(3, 7, 0)])
new vehicle19 @ 04:04:56 (sumoTime: 14696 seconds) on link 1 with path_nodes [1, 2, 3, 4] which means path_links [1, 2, 3]
['newVeh19'] arrived @ sumotime 14721.0 seconds
new vehicle20 @ 04:11:46 (sumoTime: 15106 seconds) on link 1 with path_nodes [1, 2, 3, 4] which means path_links [1, 2, 3]
new vehicle21 @ 04:11:51 (sumoTime: 15111 seconds) on link 1 with path_nodes [1, 2, 3, 4] which means path_links [1, 2, 3]
['newVeh20'] arrived @ sumotime 15132.0 seconds
['newVeh21'] arrived @ sumotime 15141.0 seconds
new vehicle22 @ 04:29:07 (sumoTime: 16147 seconds) on link 1 with path_nodes [1, 2, 3, 4] which means path_links [1, 2, 3]
['newVeh22'] arrived @ sumotime 16173.0 seconds
new vehicle23 @ 04:32:27 (sumoTime: 16347 seconds) on link 1 with path_nodes [1, 2, 3, 4] which means path_links [1, 2, 3]
['newVeh23'] arrived @ sumotime 16372.0 seconds
new vehicle24 @ 04:39:31 (sumoTime: 16771 seconds) on link 1 with path_nodes [1, 2, 3, 4] which means path_links [1, 2, 3]
['newVeh24'] arrived @ sumotime 16800.0 seconds
new vehicle25 @ 04:41:27 (sumoTime: 16887 seconds) on link 1 with path_nodes [1, 2, 3, 4] which means path_links [1, 2, 3]
['newVeh25'] arrived @ sumotime 16913.0 seconds
new vehicle26 @ 04:42:03 (sumoTime: 16923 seconds) on link 1 with path_nodes [1, 2, 3, 4] which means path_links [1, 2, 3]
['newVeh26'] arrived @ sumotime 16952.0 seconds
new vehicle27 @ 04:52:03 (sumoTime: 17523 seconds) on link 1 with path_nodes [1, 2, 3, 4] which means path_links [1, 2, 3]
['newVeh27'] arrived @ sumotime 17551.0 seconds
new vehicle28 @ 04:55:02 (sumoTime: 17702 seconds) on link 1 with path_nodes [1, 2, 3, 4] which means path_links [1, 2, 3]
['newVeh28'] arrived @ sumotime 17729.0 seconds
new vehicle29 @ 04:58:04 (sumoTime: 17884 seconds) on link 1 with path_nodes [1, 2, 3, 4] which means path_links [1, 2, 3]
['newVeh29'] arrived @ sumotime 17910.0 seconds
new vehicle30 @ 04:59:48 (sumoTime: 17988 seconds) on link 1 with path_nodes [1, 2, 3, 4] which means path_links [1, 2, 3]
05:00:00
Umlegung ausgeführt
curVolumes: (50000, [(3, 11, 0)])
['newVeh30'] arrived @ sumotime 18016.0 seconds
new vehicle31 @ 05:02:33 (sumoTime: 18153 seconds) on link 1 with path_nodes [1, 2, 3, 4] which means path_links [1, 2, 3]
['newVeh31'] arrived @ sumotime 18179.0 seconds
new vehicle32 @ 05:07:41 (sumoTime: 18461 seconds) on link 1 with path_nodes [1, 2, 3, 4] which means path_links [1, 2, 3]
new vehicle33 @ 05:07:53 (sumoTime: 18473 seconds) on link 1 with path_nodes [1, 2, 3, 4] which means path_links [1, 2, 3]
['newVeh32'] arrived @ sumotime 18491.0 seconds
['newVeh33'] arrived @ sumotime 18501.0 seconds
new vehicle34 @ 05:08:42 (sumoTime: 18522 seconds) on link 1 with path_nodes [1, 2, 3, 4] which means path_links [1, 2, 3]
['newVeh34'] arrived @ sumotime 18547.0 seconds
new vehicle35 @ 05:11:14 (sumoTime: 18674 seconds) on link 1 with path_nodes [1, 2, 3, 4] which means path_links [1, 2, 3]
['newVeh35'] arrived @ sumotime 18700.0 seconds
new vehicle36 @ 05:12:15 (sumoTime: 18735 seconds) on link 1 with path_nodes [1, 2, 3, 4] which means path_links [1, 2, 3]
['newVeh36'] arrived @ sumotime 18761.0 seconds
new vehicle37 @ 05:19:07 (sumoTime: 19147 seconds) on link 1 with path_nodes [1, 2, 3, 4] which means path_links [1, 2, 3]
['newVeh37'] arrived @ sumotime 19173.0 seconds
new vehicle38 @ 05:34:23 (sumoTime: 20063 seconds) on link 1 with path_nodes [1, 2, 3, 4] which means path_links [1, 2, 3]
['newVeh38'] arrived @ sumotime 20091.0 seconds
new vehicle39 @ 05:36:18 (sumoTime: 20178 seconds) on link 1 with path_nodes [1, 2, 3, 4] which means path_links [1, 2, 3]
['newVeh39'] arrived @ sumotime 20206.0 seconds
new vehicle40 @ 05:38:26 (sumoTime: 20306 seconds) on link 1 with path_nodes [1, 2, 3, 4] which means path_links [1, 2, 3]
['newVeh40'] arrived @ sumotime 20335.0 seconds
new vehicle41 @ 05:38:57 (sumoTime: 20337 seconds) on link 1 with path_nodes [1, 2, 3, 4] which means path_links [1, 2, 3]
['newVeh41'] arrived @ sumotime 20365.0 seconds
new vehicle42 @ 05:52:40 (sumoTime: 21160 seconds) on link 1 with path_nodes [1, 2, 3, 4] which means path_links [1, 2, 3]
['newVeh42'] arrived @ sumotime 21188.0 seconds
new vehicle43 @ 05:56:25 (sumoTime: 21385 seconds) on link 1 with path_nodes [1, 2, 3, 4] which means path_links [1, 2, 3]
['newVeh43'] arrived @ sumotime 21416.0 seconds
06:00:00
Umlegung ausgeführt
curVolumes: (60000, [(3, 14, 0)])
new vehicle44 @ 06:00:06 (sumoTime: 21606 seconds) on link 1 with path_nodes [1, 2, 3, 4] which means path_links [1, 2, 3]
['newVeh44'] arrived @ sumotime 21630.0 seconds
new vehicle45 @ 06:03:15 (sumoTime: 21795 seconds) on link 1 with path_nodes [1, 2, 3, 4] which means path_links [1, 2, 3]
['newVeh45'] arrived @ sumotime 21822.0 seconds
new vehicle46 @ 06:04:55 (sumoTime: 21895 seconds) on link 1 with path_nodes [1, 2, 3, 4] which means path_links [1, 2, 3]
['newVeh46'] arrived @ sumotime 21924.0 seconds
new vehicle47 @ 06:07:37 (sumoTime: 22057 seconds) on link 1 with path_nodes [1, 2, 3, 4] which means path_links [1, 2, 3]
['newVeh47'] arrived @ sumotime 22083.0 seconds
['newVeh47'] arrived @ sumotime 22084.0 seconds
new vehicle48 @ 06:09:21 (sumoTime: 22161 seconds) on link 1 with path_nodes [1, 2, 3, 4] which means path_links [1, 2, 3]
new vehicle49 @ 06:09:32 (sumoTime: 22172 seconds) on link 1 with path_nodes [1, 2, 3, 4] which means path_links [1, 2, 3]
['newVeh48'] arrived @ sumotime 22190.0 seconds
['newVeh49'] arrived @ sumotime 22200.0 seconds
new vehicle50 @ 06:13:59 (sumoTime: 22439 seconds) on link 1 with path_nodes [1, 2, 3, 4] which means path_links [1, 2, 3]
['newVeh50'] arrived @ sumotime 22465.0 seconds
new vehicle51 @ 06:16:17 (sumoTime: 22577 seconds) on link 1 with path_nodes [1, 2, 3, 4] which means path_links [1, 2, 3]
['newVeh51'] arrived @ sumotime 22602.0 seconds
new vehicle52 @ 06:22:14 (sumoTime: 22934 seconds) on link 1 with path_nodes [1, 2, 3, 4] which means path_links [1, 2, 3]
['newVeh52'] arrived @ sumotime 22962.0 seconds
['newVeh52'] arrived @ sumotime 22963.0 seconds
new vehicle53 @ 06:24:22 (sumoTime: 23062 seconds) on link 1 with path_nodes [1, 2, 3, 4] which means path_links [1, 2, 3]
new vehicle54 @ 06:24:31 (sumoTime: 23071 seconds) on link 1 with path_nodes [1, 2, 3, 4] which means path_links [1, 2, 3]
['newVeh53'] arrived @ sumotime 23088.0 seconds
['newVeh53'] arrived @ sumotime 23089.0 seconds
['newVeh54'] arrived @ sumotime 23097.0 seconds
new vehicle55 @ 06:27:59 (sumoTime: 23279 seconds) on link 1 with path_nodes [1, 2, 3, 4] which means path_links [1, 2, 3]
['newVeh55'] arrived @ sumotime 23305.0 seconds
new vehicle56 @ 06:28:30 (sumoTime: 23310 seconds) on link 1 with path_nodes [1, 2, 3, 4] which means path_links [1, 2, 3]
['newVeh56'] arrived @ sumotime 23337.0 seconds
new vehicle57 @ 06:38:47 (sumoTime: 23927 seconds) on link 1 with path_nodes [1, 2, 3, 4] which means path_links [1, 2, 3]
new vehicle58 @ 06:39:06 (sumoTime: 23946 seconds) on link 1 with path_nodes [1, 2, 3, 4] which means path_links [1, 2, 3]
['newVeh57'] arrived @ sumotime 23956.0 seconds
['newVeh58'] arrived @ sumotime 23971.0 seconds
new vehicle59 @ 06:41:11 (sumoTime: 24071 seconds) on link 1 with path_nodes [1, 2, 3, 4] which means path_links [1, 2, 3]
['newVeh59'] arrived @ sumotime 24100.0 seconds
new vehicle60 @ 06:48:42 (sumoTime: 24522 seconds) on link 1 with path_nodes [1, 2, 3, 4] which means path_links [1, 2, 3]
['newVeh60'] arrived @ sumotime 24551.0 seconds
new vehicle61 @ 06:50:37 (sumoTime: 24637 seconds) on link 1 with path_nodes [1, 2, 3, 4] which means path_links [1, 2, 3]
['newVeh61'] arrived @ sumotime 24667.0 seconds
new vehicle62 @ 06:55:07 (sumoTime: 24907 seconds) on link 1 with path_nodes [1, 2, 3, 4] which means path_links [1, 2, 3]
['newVeh62'] arrived @ sumotime 24937.0 seconds
new vehicle63 @ 06:57:48 (sumoTime: 25068 seconds) on link 1 with path_nodes [1, 2, 3, 4] which means path_links [1, 2, 3]
['newVeh63'] arrived @ sumotime 25094.0 seconds
new vehicle64 @ 06:59:29 (sumoTime: 25169 seconds) on link 1 with path_nodes [1, 2, 3, 4] which means path_links [1, 2, 3]
['newVeh64'] arrived @ sumotime 25195.0 seconds
07:00:00
Umlegung ausgeführt
curVolumes: (70000, [(3, 24, 0)])
new vehicle65 @ 07:02:50 (sumoTime: 25370 seconds) on link 1 with path_nodes [1, 2, 3, 4] which means path_links [1, 2, 3]
['newVeh65'] arrived @ sumotime 25396.0 seconds
new vehicle66 @ 07:08:29 (sumoTime: 25709 seconds) on link 1 with path_nodes [1, 2, 3, 4] which means path_links [1, 2, 3]
['newVeh66'] arrived @ sumotime 25737.0 seconds
new vehicle67 @ 07:09:17 (sumoTime: 25757 seconds) on link 1 with path_nodes [1, 2, 3, 4] which means path_links [1, 2, 3]
new vehicle68 @ 07:09:22 (sumoTime: 25762 seconds) on link 1 with path_nodes [1, 2, 3, 4] which means path_links [1, 2, 3]
['newVeh67'] arrived @ sumotime 25783.0 seconds
['newVeh68'] arrived @ sumotime 25788.0 seconds
new vehicle69 @ 07:11:13 (sumoTime: 25873 seconds) on link 1 with path_nodes [1, 2, 3, 4] which means path_links [1, 2, 3]
['newVeh69'] arrived @ sumotime 25900.0 seconds
new vehicle70 @ 07:15:33 (sumoTime: 26133 seconds) on link 1 with path_nodes [1, 2, 3, 4] which means path_links [1, 2, 3]
['newVeh70'] arrived @ sumotime 26159.0 seconds
new vehicle71 @ 07:28:53 (sumoTime: 26933 seconds) on link 1 with path_nodes [1, 2, 3, 4] which means path_links [1, 2, 3]
['newVeh71'] arrived @ sumotime 26960.0 seconds
new vehicle72 @ 07:30:41 (sumoTime: 27041 seconds) on link 1 with path_nodes [1, 2, 3, 4] which means path_links [1, 2, 3]
['newVeh72'] arrived @ sumotime 27068.0 seconds
new vehicle73 @ 07:33:48 (sumoTime: 27228 seconds) on link 1 with path_nodes [1, 2, 3, 4] which means path_links [1, 2, 3]
['newVeh73'] arrived @ sumotime 27255.0 seconds
new vehicle74 @ 07:36:53 (sumoTime: 27413 seconds) on link 1 with path_nodes [1, 2, 3, 4] which means path_links [1, 2, 3]
['newVeh74'] arrived @ sumotime 27442.0 seconds
new vehicle75 @ 07:39:15 (sumoTime: 27555 seconds) on link 1 with path_nodes [1, 2, 3, 4] which means path_links [1, 2, 3]
['newVeh75'] arrived @ sumotime 27582.0 seconds
['newVeh75'] arrived @ sumotime 27583.0 seconds
new vehicle76 @ 07:39:51 (sumoTime: 27591 seconds) on link 1 with path_nodes [1, 2, 3, 4] which means path_links [1, 2, 3]
new vehicle77 @ 07:40:02 (sumoTime: 27602 seconds) on link 1 with path_nodes [1, 2, 3, 4] which means path_links [1, 2, 3]
['newVeh76'] arrived @ sumotime 27616.0 seconds
['newVeh77'] arrived @ sumotime 27633.0 seconds
['newVeh77'] arrived @ sumotime 27634.0 seconds
new vehicle78 @ 07:41:38 (sumoTime: 27698 seconds) on link 1 with path_nodes [1, 2, 3, 4] which means path_links [1, 2, 3]
new vehicle79 @ 07:41:49 (sumoTime: 27709 seconds) on link 1 with path_nodes [1, 2, 3, 4] which means path_links [1, 2, 3]
['newVeh78'] arrived @ sumotime 27726.0 seconds
['newVeh79'] arrived @ sumotime 27739.0 seconds
new vehicle80 @ 07:44:04 (sumoTime: 27844 seconds) on link 1 with path_nodes [1, 2, 3, 4] which means path_links [1, 2, 3]
['newVeh80'] arrived @ sumotime 27876.0 seconds
new vehicle81 @ 07:48:50 (sumoTime: 28130 seconds) on link 1 with path_nodes [1, 2, 3, 4] which means path_links [1, 2, 3]
['newVeh81'] arrived @ sumotime 28156.0 seconds
new vehicle82 @ 07:52:53 (sumoTime: 28373 seconds) on link 1 with path_nodes [1, 2, 3, 4] which means path_links [1, 2, 3]
['newVeh82'] arrived @ sumotime 28401.0 seconds
new vehicle83 @ 07:55:28 (sumoTime: 28528 seconds) on link 1 with path_nodes [1, 2, 3, 4] which means path_links [1, 2, 3]
['newVeh83'] arrived @ sumotime 28556.0 seconds
08:00:00
Umlegung ausgeführt
curVolumes: (80000, [(3, 21, 0)])
new vehicle84 @ 08:08:37 (sumoTime: 29317 seconds) on link 1 with path_nodes [1, 2, 3, 4] which means path_links [1, 2, 3]
new vehicle85 @ 08:09:09 (sumoTime: 29349 seconds) on link 1 with path_nodes [1, 2, 3, 4] which means path_links [1, 2, 3]
['newVeh84'] arrived @ sumotime 29367.0 seconds
['newVeh85'] arrived @ sumotime 29398.0 seconds
new vehicle86 @ 08:11:30 (sumoTime: 29490 seconds) on link 1 with path_nodes [1, 2, 3, 4] which means path_links [1, 2, 3]
['newVeh86'] arrived @ sumotime 29542.0 seconds
new vehicle87 @ 08:12:51 (sumoTime: 29571 seconds) on link 1 with path_nodes [1, 2, 3, 4] which means path_links [1, 2, 3]
['newVeh87'] arrived @ sumotime 29622.0 seconds
new vehicle88 @ 08:16:33 (sumoTime: 29793 seconds) on link 1 with path_nodes [1, 2, 3, 4] which means path_links [1, 2, 3]
['newVeh88'] arrived @ sumotime 29844.0 seconds
new vehicle89 @ 08:18:21 (sumoTime: 29901 seconds) on link 1 with path_nodes [1, 2, 3, 4] which means path_links [1, 2, 3]
['newVeh89'] arrived @ sumotime 29957.0 seconds
new vehicle90 @ 08:24:53 (sumoTime: 30293 seconds) on link 1 with path_nodes [1, 2, 3, 4] which means path_links [1, 2, 3]
['newVeh90'] arrived @ sumotime 30342.0 seconds
['newVeh90'] arrived @ sumotime 30343.0 seconds
new vehicle91 @ 08:28:34 (sumoTime: 30514 seconds) on link 1 with path_nodes [1, 2, 3, 4] which means path_links [1, 2, 3]
['newVeh91'] arrived @ sumotime 30566.0 seconds
new vehicle92 @ 08:34:40 (sumoTime: 30880 seconds) on link 1 with path_nodes [1, 2, 3, 4] which means path_links [1, 2, 3]
['newVeh92'] arrived @ sumotime 30930.0 seconds
new vehicle93 @ 08:35:48 (sumoTime: 30948 seconds) on link 1 with path_nodes [1, 2, 3, 4] which means path_links [1, 2, 3]
['newVeh93'] arrived @ sumotime 31002.0 seconds
new vehicle94 @ 08:42:57 (sumoTime: 31377 seconds) on link 1 with path_nodes [1, 2, 3, 4] which means path_links [1, 2, 3]
['newVeh94'] arrived @ sumotime 31431.0 seconds
new vehicle95 @ 08:44:16 (sumoTime: 31456 seconds) on link 1 with path_nodes [1, 2, 3, 4] which means path_links [1, 2, 3]
new vehicle96 @ 08:44:50 (sumoTime: 31490 seconds) on link 1 with path_nodes [1, 2, 3, 4] which means path_links [1, 2, 3]
['newVeh95'] arrived @ sumotime 31513.0 seconds
['newVeh96'] arrived @ sumotime 31541.0 seconds
new vehicle97 @ 08:48:21 (sumoTime: 31701 seconds) on link 1 with path_nodes [1, 2, 3, 4] which means path_links [1, 2, 3]
new vehicle98 @ 08:48:22 (sumoTime: 31702 seconds) on link 1 with path_nodes [1, 2, 3, 4] which means path_links [1, 2, 3]
['newVeh97'] arrived @ sumotime 31751.0 seconds
new vehicle99 @ 08:49:14 (sumoTime: 31754 seconds) on link 1 with path_nodes [1, 2, 3, 4] which means path_links [1, 2, 3]
['newVeh98'] arrived @ sumotime 31755.0 seconds
['newVeh99'] arrived @ sumotime 31818.0 seconds
new vehicle100 @ 08:52:36 (sumoTime: 31956 seconds) on link 1 with path_nodes [1, 2, 3, 4] which means path_links [1, 2, 3]
['newVeh100'] arrived @ sumotime 32011.0 seconds
new vehicle101 @ 08:55:57 (sumoTime: 32157 seconds) on link 1 with path_nodes [1, 2, 3, 4] which means path_links [1, 2, 3]
new vehicle102 @ 08:56:44 (sumoTime: 32204 seconds) on link 1 with path_nodes [1, 2, 3, 4] which means path_links [1, 2, 3]
['newVeh101'] arrived @ sumotime 32211.0 seconds
['newVeh102'] arrived @ sumotime 32260.0 seconds
09:00:00
Umlegung ausgeführt
curVolumes: (90000, [(3, 20, 0)])
new vehicle103 @ 09:03:39 (sumoTime: 32619 seconds) on link 1 with path_nodes [1, 2, 3, 4] which means path_links [1, 2, 3]
new vehicle104 @ 09:04:14 (sumoTime: 32654 seconds) on link 1 with path_nodes [1, 2, 3, 4] which means path_links [1, 2, 3]
['newVeh103'] arrived @ sumotime 32672.0 seconds
['newVeh104'] arrived @ sumotime 32704.0 seconds
new vehicle105 @ 09:05:36 (sumoTime: 32736 seconds) on link 1 with path_nodes [1, 2, 3, 4] which means path_links [1, 2, 3]
new vehicle106 @ 09:05:53 (sumoTime: 32753 seconds) on link 1 with path_nodes [1, 2, 3, 4] which means path_links [1, 2, 3]
['newVeh105'] arrived @ sumotime 32785.0 seconds
['newVeh106'] arrived @ sumotime 32805.0 seconds
new vehicle107 @ 09:07:12 (sumoTime: 32832 seconds) on link 1 with path_nodes [1, 2, 3, 4] which means path_links [1, 2, 3]
['newVeh107'] arrived @ sumotime 32888.0 seconds
new vehicle108 @ 09:12:19 (sumoTime: 33139 seconds) on link 1 with path_nodes [1, 2, 3, 4] which means path_links [1, 2, 3]
['newVeh108'] arrived @ sumotime 33192.0 seconds
new vehicle109 @ 09:18:34 (sumoTime: 33514 seconds) on link 1 with path_nodes [1, 2, 3, 4] which means path_links [1, 2, 3]
['newVeh109'] arrived @ sumotime 33566.0 seconds
new vehicle110 @ 09:22:52 (sumoTime: 33772 seconds) on link 1 with path_nodes [1, 2, 3, 4] which means path_links [1, 2, 3]
new vehicle111 @ 09:23:05 (sumoTime: 33785 seconds) on link 1 with path_nodes [1, 2, 3, 4] which means path_links [1, 2, 3]
new vehicle112 @ 09:23:33 (sumoTime: 33813 seconds) on link 1 with path_nodes [1, 2, 3, 4] which means path_links [1, 2, 3]
['newVeh110'] arrived @ sumotime 33823.0 seconds
['newVeh111'] arrived @ sumotime 33837.0 seconds
['newVeh112'] arrived @ sumotime 33869.0 seconds
['newVeh112'] arrived @ sumotime 33870.0 seconds
new vehicle113 @ 09:24:36 (sumoTime: 33876 seconds) on link 1 with path_nodes [1, 2, 3, 4] which means path_links [1, 2, 3]
['newVeh113'] arrived @ sumotime 33926.0 seconds
new vehicle114 @ 09:29:47 (sumoTime: 34187 seconds) on link 1 with path_nodes [1, 2, 3, 4] which means path_links [1, 2, 3]
new vehicle115 @ 09:29:58 (sumoTime: 34198 seconds) on link 1 with path_nodes [1, 2, 3, 4] which means path_links [1, 2, 3]
new vehicle116 @ 09:29:58 (sumoTime: 34198 seconds) on link 1 with path_nodes [1, 2, 3, 4] which means path_links [1, 2, 3]
['newVeh114'] arrived @ sumotime 34243.0 seconds
['newVeh115'] arrived @ sumotime 34254.0 seconds
['newVeh116'] arrived @ sumotime 34258.0 seconds
new vehicle117 @ 09:42:32 (sumoTime: 34952 seconds) on link 1 with path_nodes [1, 2, 3, 4] which means path_links [1, 2, 3]
['newVeh117'] arrived @ sumotime 35003.0 seconds
new vehicle118 @ 09:46:34 (sumoTime: 35194 seconds) on link 1 with path_nodes [1, 2, 3, 4] which means path_links [1, 2, 3]
['newVeh118'] arrived @ sumotime 35250.0 seconds
new vehicle119 @ 09:53:09 (sumoTime: 35589 seconds) on link 1 with path_nodes [1, 2, 3, 4] which means path_links [1, 2, 3]
['newVeh119'] arrived @ sumotime 35640.0 seconds
new vehicle120 @ 09:55:07 (sumoTime: 35707 seconds) on link 1 with path_nodes [1, 2, 3, 4] which means path_links [1, 2, 3]
['newVeh120'] arrived @ sumotime 35755.0 seconds
new vehicle121 @ 09:56:17 (sumoTime: 35777 seconds) on link 1 with path_nodes [1, 2, 3, 4] which means path_links [1, 2, 3]
['newVeh121'] arrived @ sumotime 35832.0 seconds
new vehicle122 @ 09:57:35 (sumoTime: 35855 seconds) on link 1 with path_nodes [1, 2, 3, 4] which means path_links [1, 2, 3]
['newVeh122'] arrived @ sumotime 35906.0 seconds
new vehicle123 @ 09:59:14 (sumoTime: 35954 seconds) on link 1 with path_nodes [1, 2, 3, 4] which means path_links [1, 2, 3]
10:00:00
Umlegung ausgeführt
curVolumes: (100000, [(3, 21, 0)])
['newVeh123'] arrived @ sumotime 36016.0 seconds
new vehicle124 @ 10:06:18 (sumoTime: 36378 seconds) on link 1 with path_nodes [1, 2, 3, 4] which means path_links [1, 2, 3]
['newVeh124'] arrived @ sumotime 36424.0 seconds
new vehicle125 @ 10:22:08 (sumoTime: 37328 seconds) on link 1 with path_nodes [1, 2, 3, 4] which means path_links [1, 2, 3]
['newVeh125'] arrived @ sumotime 37380.0 seconds
new vehicle126 @ 10:24:46 (sumoTime: 37486 seconds) on link 1 with path_nodes [1, 2, 3, 4] which means path_links [1, 2, 3]
new vehicle127 @ 10:25:10 (sumoTime: 37510 seconds) on link 1 with path_nodes [1, 2, 3, 4] which means path_links [1, 2, 3]
['newVeh126'] arrived @ sumotime 37537.0 seconds
['newVeh127'] arrived @ sumotime 37570.0 seconds
new vehicle128 @ 10:29:03 (sumoTime: 37743 seconds) on link 1 with path_nodes [1, 2, 3, 4] which means path_links [1, 2, 3]
new vehicle129 @ 10:29:41 (sumoTime: 37781 seconds) on link 1 with path_nodes [1, 2, 3, 4] which means path_links [1, 2, 3]
['newVeh128'] arrived @ sumotime 37798.0 seconds
['newVeh129'] arrived @ sumotime 37829.0 seconds
new vehicle130 @ 10:32:56 (sumoTime: 37976 seconds) on link 1 with path_nodes [1, 2, 3, 4] which means path_links [1, 2, 3]
['newVeh130'] arrived @ sumotime 38025.0 seconds
new vehicle131 @ 10:37:55 (sumoTime: 38275 seconds) on link 1 with path_nodes [1, 2, 3, 4] which means path_links [1, 2, 3]
['newVeh131'] arrived @ sumotime 38327.0 seconds
new vehicle132 @ 10:39:45 (sumoTime: 38385 seconds) on link 1 with path_nodes [1, 2, 3, 4] which means path_links [1, 2, 3]
['newVeh132'] arrived @ sumotime 38441.0 seconds
['newVeh132'] arrived @ sumotime 38442.0 seconds
new vehicle133 @ 10:41:56 (sumoTime: 38516 seconds) on link 1 with path_nodes [1, 2, 3, 4] which means path_links [1, 2, 3]
new vehicle134 @ 10:42:08 (sumoTime: 38528 seconds) on link 1 with path_nodes [1, 2, 3, 4] which means path_links [1, 2, 3]
['newVeh133'] arrived @ sumotime 38567.0 seconds
['newVeh133'] arrived @ sumotime 38568.0 seconds
['newVeh134'] arrived @ sumotime 38576.0 seconds
new vehicle135 @ 10:46:30 (sumoTime: 38790 seconds) on link 1 with path_nodes [1, 2, 3, 4] which means path_links [1, 2, 3]
new vehicle136 @ 10:47:10 (sumoTime: 38830 seconds) on link 1 with path_nodes [1, 2, 3, 4] which means path_links [1, 2, 3]
['newVeh135'] arrived @ sumotime 38853.0 seconds
['newVeh136'] arrived @ sumotime 38884.0 seconds
new vehicle137 @ 10:51:07 (sumoTime: 39067 seconds) on link 1 with path_nodes [1, 2, 3, 4] which means path_links [1, 2, 3]
new vehicle138 @ 10:51:14 (sumoTime: 39074 seconds) on link 1 with path_nodes [1, 2, 3, 4] which means path_links [1, 2, 3]
['newVeh137'] arrived @ sumotime 39122.0 seconds
['newVeh138'] arrived @ sumotime 39128.0 seconds
new vehicle139 @ 10:53:01 (sumoTime: 39181 seconds) on link 1 with path_nodes [1, 2, 3, 4] which means path_links [1, 2, 3]
new vehicle140 @ 10:53:17 (sumoTime: 39197 seconds) on link 1 with path_nodes [1, 2, 3, 4] which means path_links [1, 2, 3]
['newVeh139'] arrived @ sumotime 39232.0 seconds
['newVeh140'] arrived @ sumotime 39247.0 seconds
new vehicle141 @ 10:54:36 (sumoTime: 39276 seconds) on link 1 with path_nodes [1, 2, 3, 4] which means path_links [1, 2, 3]
['newVeh141'] arrived @ sumotime 39330.0 seconds
new vehicle142 @ 10:57:22 (sumoTime: 39442 seconds) on link 1 with path_nodes [1, 2, 3, 4] which means path_links [1, 2, 3]
['newVeh142'] arrived @ sumotime 39493.0 seconds
11:00:00
Umlegung ausgeführt
curVolumes: (110000, [(3, 22, 0)])
new vehicle143 @ 11:00:02 (sumoTime: 39602 seconds) on link 1 with path_nodes [1, 2, 3, 4] which means path_links [1, 2, 3]
new vehicle144 @ 11:00:05 (sumoTime: 39605 seconds) on link 1 with path_nodes [1, 2, 3, 4] which means path_links [1, 2, 3]
['newVeh143'] arrived @ sumotime 39648.0 seconds
new vehicle145 @ 11:00:51 (sumoTime: 39651 seconds) on link 1 with path_nodes [1, 2, 3, 4] which means path_links [1, 2, 3]
new vehicle146 @ 11:00:55 (sumoTime: 39655 seconds) on link 1 with path_nodes [1, 2, 3, 4] which means path_links [1, 2, 3]
['newVeh144'] arrived @ sumotime 39657.0 seconds
['newVeh145'] arrived @ sumotime 39701.0 seconds
['newVeh146'] arrived @ sumotime 39706.0 seconds
new vehicle147 @ 11:05:55 (sumoTime: 39955 seconds) on link 1 with path_nodes [1, 2, 3, 4] which means path_links [1, 2, 3]
new vehicle148 @ 11:06:40 (sumoTime: 40000 seconds) on link 1 with path_nodes [1, 2, 3, 4] which means path_links [1, 2, 3]
['newVeh147'] arrived @ sumotime 40011.0 seconds
['newVeh147'] arrived @ sumotime 40012.0 seconds
new vehicle149 @ 11:06:55 (sumoTime: 40015 seconds) on link 1 with path_nodes [1, 2, 3, 4] which means path_links [1, 2, 3]
['newVeh148'] arrived @ sumotime 40055.0 seconds
['newVeh149'] arrived @ sumotime 40066.0 seconds
new vehicle150 @ 11:10:13 (sumoTime: 40213 seconds) on link 1 with path_nodes [1, 2, 3, 4] which means path_links [1, 2, 3]
['newVeh150'] arrived @ sumotime 40263.0 seconds
new vehicle151 @ 11:13:33 (sumoTime: 40413 seconds) on link 1 with path_nodes [1, 2, 3, 4] which means path_links [1, 2, 3]
new vehicle152 @ 11:13:37 (sumoTime: 40417 seconds) on link 1 with path_nodes [1, 2, 3, 4] which means path_links [1, 2, 3]
new vehicle153 @ 11:13:46 (sumoTime: 40426 seconds) on link 1 with path_nodes [1, 2, 3, 4] which means path_links [1, 2, 3]
['newVeh151'] arrived @ sumotime 40466.0 seconds
['newVeh151'] arrived @ sumotime 40467.0 seconds
new vehicle154 @ 11:14:28 (sumoTime: 40468 seconds) on link 1 with path_nodes [1, 2, 3, 4] which means path_links [1, 2, 3]
['newVeh152'] arrived @ sumotime 40470.0 seconds
['newVeh153'] arrived @ sumotime 40478.0 seconds
new vehicle155 @ 11:15:10 (sumoTime: 40510 seconds) on link 1 with path_nodes [1, 2, 3, 4] which means path_links [1, 2, 3]
['newVeh154'] arrived @ sumotime 40517.0 seconds
new vehicle156 @ 11:15:29 (sumoTime: 40529 seconds) on link 1 with path_nodes [1, 2, 3, 4] which means path_links [1, 2, 3]
['newVeh155'] arrived @ sumotime 40558.0 seconds
['newVeh156'] arrived @ sumotime 40583.0 seconds
['newVeh156'] arrived @ sumotime 40584.0 seconds
new vehicle157 @ 11:17:50 (sumoTime: 40670 seconds) on link 1 with path_nodes [1, 2, 3, 4] which means path_links [1, 2, 3]
['newVeh157'] arrived @ sumotime 40717.0 seconds
new vehicle158 @ 11:19:26 (sumoTime: 40766 seconds) on link 1 with path_nodes [1, 2, 3, 4] which means path_links [1, 2, 3]
['newVeh158'] arrived @ sumotime 40816.0 seconds
new vehicle159 @ 11:23:13 (sumoTime: 40993 seconds) on link 1 with path_nodes [1, 2, 3, 4] which means path_links [1, 2, 3]
new vehicle160 @ 11:23:18 (sumoTime: 40998 seconds) on link 1 with path_nodes [1, 2, 3, 4] which means path_links [1, 2, 3]
new vehicle161 @ 11:23:33 (sumoTime: 41013 seconds) on link 1 with path_nodes [1, 2, 3, 4] which means path_links [1, 2, 3]
['newVeh159'] arrived @ sumotime 41047.0 seconds
['newVeh160'] arrived @ sumotime 41056.0 seconds
['newVeh161'] arrived @ sumotime 41068.0 seconds
new vehicle162 @ 11:28:17 (sumoTime: 41297 seconds) on link 1 with path_nodes [1, 2, 3, 4] which means path_links [1, 2, 3]
['newVeh162'] arrived @ sumotime 41347.0 seconds
new vehicle163 @ 11:30:33 (sumoTime: 41433 seconds) on link 1 with path_nodes [1, 2, 3, 4] which means path_links [1, 2, 3]
['newVeh163'] arrived @ sumotime 41484.0 seconds
new vehicle164 @ 11:33:13 (sumoTime: 41593 seconds) on link 1 with path_nodes [1, 2, 3, 4] which means path_links [1, 2, 3]
['newVeh164'] arrived @ sumotime 41643.0 seconds
new vehicle165 @ 11:44:31 (sumoTime: 42271 seconds) on link 1 with path_nodes [1, 2, 3, 4] which means path_links [1, 2, 3]
new vehicle166 @ 11:44:45 (sumoTime: 42285 seconds) on link 1 with path_nodes [1, 2, 3, 4] which means path_links [1, 2, 3]
['newVeh165'] arrived @ sumotime 42322.0 seconds
['newVeh166'] arrived @ sumotime 42333.0 seconds
['newVeh166'] arrived @ sumotime 42334.0 seconds
new vehicle167 @ 11:49:49 (sumoTime: 42589 seconds) on link 1 with path_nodes [1, 2, 3, 4] which means path_links [1, 2, 3]
['newVeh167'] arrived @ sumotime 42643.0 seconds
new vehicle168 @ 11:52:01 (sumoTime: 42721 seconds) on link 1 with path_nodes [1, 2, 3, 4] which means path_links [1, 2, 3]
['newVeh168'] arrived @ sumotime 42780.0 seconds
new vehicle169 @ 11:53:01 (sumoTime: 42781 seconds) on link 1 with path_nodes [1, 2, 3, 4] which means path_links [1, 2, 3]
new vehicle170 @ 11:53:05 (sumoTime: 42785 seconds) on link 1 with path_nodes [1, 2, 3, 4] which means path_links [1, 2, 3]
['newVeh169'] arrived @ sumotime 42836.0 seconds
new vehicle171 @ 11:53:57 (sumoTime: 42837 seconds) on link 1 with path_nodes [1, 2, 3, 4] which means path_links [1, 2, 3]
['newVeh170'] arrived @ sumotime 42842.0 seconds
new vehicle172 @ 11:54:36 (sumoTime: 42876 seconds) on link 1 with path_nodes [1, 2, 3, 4] which means path_links [1, 2, 3]
['newVeh171'] arrived @ sumotime 42900.0 seconds
['newVeh172'] arrived @ sumotime 42922.0 seconds
12:00:00
Umlegung ausgeführt
curVolumes: (120000, [(3, 34, 0)])
new vehicle173 @ 12:00:53 (sumoTime: 43253 seconds) on link 1 with path_nodes [1, 2, 3, 4] which means path_links [1, 2, 3]
['newVeh173'] arrived @ sumotime 43280.0 seconds
new vehicle174 @ 12:01:46 (sumoTime: 43306 seconds) on link 1 with path_nodes [1, 2, 3, 4] which means path_links [1, 2, 3]
new vehicle175 @ 12:01:52 (sumoTime: 43312 seconds) on link 1 with path_nodes [1, 2, 3, 4] which means path_links [1, 2, 3]
['newVeh174'] arrived @ sumotime 43333.0 seconds
new vehicle176 @ 12:02:17 (sumoTime: 43337 seconds) on link 1 with path_nodes [1, 2, 3, 4] which means path_links [1, 2, 3]
['newVeh175'] arrived @ sumotime 43338.0 seconds
['newVeh176'] arrived @ sumotime 43364.0 seconds
new vehicle177 @ 12:05:23 (sumoTime: 43523 seconds) on link 1 with path_nodes [1, 2, 3, 4] which means path_links [1, 2, 3]
new vehicle178 @ 12:05:35 (sumoTime: 43535 seconds) on link 1 with path_nodes [1, 2, 3, 4] which means path_links [1, 2, 3]
['newVeh177'] arrived @ sumotime 43551.0 seconds
['newVeh178'] arrived @ sumotime 43562.0 seconds
new vehicle179 @ 12:07:40 (sumoTime: 43660 seconds) on link 1 with path_nodes [1, 2, 3, 4] which means path_links [1, 2, 3]
['newVeh179'] arrived @ sumotime 43691.0 seconds
new vehicle180 @ 12:12:05 (sumoTime: 43925 seconds) on link 1 with path_nodes [1, 2, 3, 4] which means path_links [1, 2, 3]
new vehicle181 @ 12:12:10 (sumoTime: 43930 seconds) on link 1 with path_nodes [1, 2, 3, 4] which means path_links [1, 2, 3]
['newVeh180'] arrived @ sumotime 43952.0 seconds
['newVeh181'] arrived @ sumotime 43956.0 seconds
new vehicle182 @ 12:13:45 (sumoTime: 44025 seconds) on link 1 with path_nodes [1, 2, 3, 4] which means path_links [1, 2, 3]
['newVeh182'] arrived @ sumotime 44053.0 seconds
new vehicle183 @ 12:15:06 (sumoTime: 44106 seconds) on link 1 with path_nodes [1, 2, 3, 4] which means path_links [1, 2, 3]
new vehicle184 @ 12:15:11 (sumoTime: 44111 seconds) on link 1 with path_nodes [1, 2, 3, 4] which means path_links [1, 2, 3]
['newVeh183'] arrived @ sumotime 44133.0 seconds
['newVeh184'] arrived @ sumotime 44143.0 seconds
new vehicle185 @ 12:16:47 (sumoTime: 44207 seconds) on link 1 with path_nodes [1, 2, 3, 4] which means path_links [1, 2, 3]
['newVeh185'] arrived @ sumotime 44233.0 seconds
new vehicle186 @ 12:19:25 (sumoTime: 44365 seconds) on link 1 with path_nodes [1, 2, 3, 4] which means path_links [1, 2, 3]
['newVeh186'] arrived @ sumotime 44395.0 seconds
new vehicle187 @ 12:22:42 (sumoTime: 44562 seconds) on link 1 with path_nodes [1, 2, 3, 4] which means path_links [1, 2, 3]
['newVeh187'] arrived @ sumotime 44590.0 seconds
new vehicle188 @ 12:24:03 (sumoTime: 44643 seconds) on link 1 with path_nodes [1, 2, 3, 4] which means path_links [1, 2, 3]
['newVeh188'] arrived @ sumotime 44669.0 seconds
new vehicle189 @ 12:25:56 (sumoTime: 44756 seconds) on link 1 with path_nodes [1, 2, 3, 4] which means path_links [1, 2, 3]
['newVeh189'] arrived @ sumotime 44787.0 seconds
['newVeh189'] arrived @ sumotime 44788.0 seconds
new vehicle190 @ 12:28:01 (sumoTime: 44881 seconds) on link 1 with path_nodes [1, 2, 3, 4] which means path_links [1, 2, 3]
new vehicle191 @ 12:28:20 (sumoTime: 44900 seconds) on link 1 with path_nodes [1, 2, 3, 4] which means path_links [1, 2, 3]
['newVeh190'] arrived @ sumotime 44911.0 seconds
new vehicle192 @ 12:28:37 (sumoTime: 44917 seconds) on link 1 with path_nodes [1, 2, 3, 4] which means path_links [1, 2, 3]
['newVeh191'] arrived @ sumotime 44926.0 seconds
new vehicle193 @ 12:28:54 (sumoTime: 44934 seconds) on link 1 with path_nodes [1, 2, 3, 4] which means path_links [1, 2, 3]
['newVeh192'] arrived @ sumotime 44945.0 seconds
['newVeh193'] arrived @ sumotime 44961.0 seconds
new vehicle194 @ 12:30:12 (sumoTime: 45012 seconds) on link 1 with path_nodes [1, 2, 3, 4] which means path_links [1, 2, 3]
['newVeh194'] arrived @ sumotime 45039.0 seconds
new vehicle195 @ 12:31:21 (sumoTime: 45081 seconds) on link 1 with path_nodes [1, 2, 3, 4] which means path_links [1, 2, 3]
['newVeh195'] arrived @ sumotime 45108.0 seconds
new vehicle196 @ 12:32:28 (sumoTime: 45148 seconds) on link 1 with path_nodes [1, 2, 3, 4] which means path_links [1, 2, 3]
['newVeh196'] arrived @ sumotime 45176.0 seconds
new vehicle197 @ 12:36:59 (sumoTime: 45419 seconds) on link 1 with path_nodes [1, 2, 3, 4] which means path_links [1, 2, 3]
['newVeh197'] arrived @ sumotime 45446.0 seconds
new vehicle198 @ 12:37:34 (sumoTime: 45454 seconds) on link 1 with path_nodes [1, 2, 3, 4] which means path_links [1, 2, 3]
['newVeh198'] arrived @ sumotime 45480.0 seconds
new vehicle199 @ 12:38:29 (sumoTime: 45509 seconds) on link 1 with path_nodes [1, 2, 3, 4] which means path_links [1, 2, 3]
['newVeh199'] arrived @ sumotime 45535.0 seconds
new vehicle200 @ 12:39:50 (sumoTime: 45590 seconds) on link 1 with path_nodes [1, 2, 3, 4] which means path_links [1, 2, 3]
['newVeh200'] arrived @ sumotime 45617.0 seconds
new vehicle201 @ 12:40:44 (sumoTime: 45644 seconds) on link 1 with path_nodes [1, 2, 3, 4] which means path_links [1, 2, 3]
['newVeh201'] arrived @ sumotime 45670.0 seconds
new vehicle202 @ 12:41:32 (sumoTime: 45692 seconds) on link 1 with path_nodes [1, 2, 3, 4] which means path_links [1, 2, 3]
['newVeh202'] arrived @ sumotime 45723.0 seconds
new vehicle203 @ 12:42:31 (sumoTime: 45751 seconds) on link 1 with path_nodes [1, 2, 3, 4] which means path_links [1, 2, 3]
['newVeh203'] arrived @ sumotime 45779.0 seconds
['newVeh203'] arrived @ sumotime 45780.0 seconds
new vehicle204 @ 12:43:18 (sumoTime: 45798 seconds) on link 1 with path_nodes [1, 2, 3, 4] which means path_links [1, 2, 3]
['newVeh204'] arrived @ sumotime 45824.0 seconds
new vehicle205 @ 12:45:11 (sumoTime: 45911 seconds) on link 1 with path_nodes [1, 2, 3, 4] which means path_links [1, 2, 3]
['newVeh205'] arrived @ sumotime 45937.0 seconds
new vehicle206 @ 12:47:01 (sumoTime: 46021 seconds) on link 1 with path_nodes [1, 2, 3, 4] which means path_links [1, 2, 3]
['newVeh206'] arrived @ sumotime 46049.0 seconds
new vehicle207 @ 12:48:20 (sumoTime: 46100 seconds) on link 1 with path_nodes [1, 2, 3, 4] which means path_links [1, 2, 3]
['newVeh207'] arrived @ sumotime 46128.0 seconds
new vehicle208 @ 12:49:45 (sumoTime: 46185 seconds) on link 1 with path_nodes [1, 2, 3, 4] which means path_links [1, 2, 3]
['newVeh208'] arrived @ sumotime 46212.0 seconds
new vehicle209 @ 12:51:06 (sumoTime: 46266 seconds) on link 1 with path_nodes [1, 2, 3, 4] which means path_links [1, 2, 3]
['newVeh209'] arrived @ sumotime 46292.0 seconds
new vehicle210 @ 12:51:37 (sumoTime: 46297 seconds) on link 1 with path_nodes [1, 2, 3, 4] which means path_links [1, 2, 3]
['newVeh210'] arrived @ sumotime 46323.0 seconds
['newVeh210'] arrived @ sumotime 46324.0 seconds
new vehicle211 @ 12:54:57 (sumoTime: 46497 seconds) on link 1 with path_nodes [1, 2, 3, 4] which means path_links [1, 2, 3]
['newVeh211'] arrived @ sumotime 46523.0 seconds
new vehicle212 @ 12:55:44 (sumoTime: 46544 seconds) on link 1 with path_nodes [1, 2, 3, 4] which means path_links [1, 2, 3]
new vehicle213 @ 12:55:58 (sumoTime: 46558 seconds) on link 1 with path_nodes [1, 2, 3, 4] which means path_links [1, 2, 3]
['newVeh212'] arrived @ sumotime 46571.0 seconds
['newVeh213'] arrived @ sumotime 46590.0 seconds
new vehicle214 @ 12:56:49 (sumoTime: 46609 seconds) on link 1 with path_nodes [1, 2, 3, 4] which means path_links [1, 2, 3]
['newVeh214'] arrived @ sumotime 46638.0 seconds
['newVeh214'] arrived @ sumotime 46639.0 seconds
13:00:00
Umlegung ausgeführt
curVolumes: (130000, [(3, 46, 0)])
new vehicle215 @ 13:00:37 (sumoTime: 46837 seconds) on link 1 with path_nodes [1, 2, 3, 4] which means path_links [1, 2, 3]
['newVeh215'] arrived @ sumotime 46863.0 seconds
new vehicle216 @ 13:01:23 (sumoTime: 46883 seconds) on link 1 with path_nodes [1, 2, 3, 4] which means path_links [1, 2, 3]
['newVeh216'] arrived @ sumotime 46910.0 seconds
new vehicle217 @ 13:03:36 (sumoTime: 47016 seconds) on link 1 with path_nodes [1, 2, 3, 4] which means path_links [1, 2, 3]
['newVeh217'] arrived @ sumotime 47043.0 seconds
new vehicle218 @ 13:04:15 (sumoTime: 47055 seconds) on link 1 with path_nodes [1, 2, 3, 4] which means path_links [1, 2, 3]
new vehicle219 @ 13:04:31 (sumoTime: 47071 seconds) on link 1 with path_nodes [1, 2, 3, 4] which means path_links [1, 2, 3]
['newVeh218'] arrived @ sumotime 47082.0 seconds
new vehicle220 @ 13:04:49 (sumoTime: 47089 seconds) on link 1 with path_nodes [1, 2, 3, 4] which means path_links [1, 2, 3]
['newVeh219'] arrived @ sumotime 47099.0 seconds
['newVeh220'] arrived @ sumotime 47116.0 seconds
new vehicle221 @ 13:07:22 (sumoTime: 47242 seconds) on link 1 with path_nodes [1, 2, 3, 4] which means path_links [1, 2, 3]
['newVeh221'] arrived @ sumotime 47268.0 seconds
new vehicle222 @ 13:07:52 (sumoTime: 47272 seconds) on link 1 with path_nodes [1, 2, 3, 4] which means path_links [1, 2, 3]
['newVeh222'] arrived @ sumotime 47304.0 seconds
new vehicle223 @ 13:09:47 (sumoTime: 47387 seconds) on link 1 with path_nodes [1, 2, 3, 4] which means path_links [1, 2, 3]
['newVeh223'] arrived @ sumotime 47416.0 seconds
new vehicle224 @ 13:10:36 (sumoTime: 47436 seconds) on link 1 with path_nodes [1, 2, 3, 4] which means path_links [1, 2, 3]
new vehicle225 @ 13:10:50 (sumoTime: 47450 seconds) on link 1 with path_nodes [1, 2, 3, 4] which means path_links [1, 2, 3]
['newVeh224'] arrived @ sumotime 47463.0 seconds
new vehicle226 @ 13:11:13 (sumoTime: 47473 seconds) on link 1 with path_nodes [1, 2, 3, 4] which means path_links [1, 2, 3]
['newVeh225'] arrived @ sumotime 47476.0 seconds
['newVeh226'] arrived @ sumotime 47498.0 seconds
new vehicle227 @ 13:15:01 (sumoTime: 47701 seconds) on link 1 with path_nodes [1, 2, 3, 4] which means path_links [1, 2, 3]
['newVeh227'] arrived @ sumotime 47727.0 seconds
new vehicle228 @ 13:18:16 (sumoTime: 47896 seconds) on link 1 with path_nodes [1, 2, 3, 4] which means path_links [1, 2, 3]
['newVeh228'] arrived @ sumotime 47922.0 seconds
new vehicle229 @ 13:18:59 (sumoTime: 47939 seconds) on link 1 with path_nodes [1, 2, 3, 4] which means path_links [1, 2, 3]
new vehicle230 @ 13:19:06 (sumoTime: 47946 seconds) on link 1 with path_nodes [1, 2, 3, 4] which means path_links [1, 2, 3]
['newVeh229'] arrived @ sumotime 47965.0 seconds
['newVeh230'] arrived @ sumotime 47972.0 seconds
new vehicle231 @ 13:20:29 (sumoTime: 48029 seconds) on link 1 with path_nodes [1, 2, 3, 4] which means path_links [1, 2, 3]
['newVeh231'] arrived @ sumotime 48056.0 seconds
new vehicle232 @ 13:21:10 (sumoTime: 48070 seconds) on link 1 with path_nodes [1, 2, 3, 4] which means path_links [1, 2, 3]
['newVeh232'] arrived @ sumotime 48098.0 seconds
new vehicle233 @ 13:22:45 (sumoTime: 48165 seconds) on link 1 with path_nodes [1, 2, 3, 4] which means path_links [1, 2, 3]
['newVeh233'] arrived @ sumotime 48192.0 seconds
new vehicle234 @ 13:25:34 (sumoTime: 48334 seconds) on link 1 with path_nodes [1, 2, 3, 4] which means path_links [1, 2, 3]
new vehicle235 @ 13:25:38 (sumoTime: 48338 seconds) on link 1 with path_nodes [1, 2, 3, 4] which means path_links [1, 2, 3]
['newVeh234'] arrived @ sumotime 48364.0 seconds
['newVeh235'] arrived @ sumotime 48366.0 seconds
new vehicle236 @ 13:26:12 (sumoTime: 48372 seconds) on link 1 with path_nodes [1, 2, 3, 4] which means path_links [1, 2, 3]
['newVeh236'] arrived @ sumotime 48399.0 seconds
new vehicle237 @ 13:26:48 (sumoTime: 48408 seconds) on link 1 with path_nodes [1, 2, 3, 4] which means path_links [1, 2, 3]
['newVeh237'] arrived @ sumotime 48434.0 seconds
new vehicle238 @ 13:29:54 (sumoTime: 48594 seconds) on link 1 with path_nodes [1, 2, 3, 4] which means path_links [1, 2, 3]
new vehicle239 @ 13:30:07 (sumoTime: 48607 seconds) on link 1 with path_nodes [1, 2, 3, 4] which means path_links [1, 2, 3]
['newVeh238'] arrived @ sumotime 48620.0 seconds
['newVeh239'] arrived @ sumotime 48634.0 seconds
new vehicle240 @ 13:34:22 (sumoTime: 48862 seconds) on link 1 with path_nodes [1, 2, 3, 4] which means path_links [1, 2, 3]
['newVeh240'] arrived @ sumotime 48892.0 seconds
['newVeh240'] arrived @ sumotime 48893.0 seconds
new vehicle241 @ 13:35:21 (sumoTime: 48921 seconds) on link 1 with path_nodes [1, 2, 3, 4] which means path_links [1, 2, 3]
['newVeh241'] arrived @ sumotime 48950.0 seconds
new vehicle242 @ 13:37:37 (sumoTime: 49057 seconds) on link 1 with path_nodes [1, 2, 3, 4] which means path_links [1, 2, 3]
new vehicle243 @ 13:37:52 (sumoTime: 49072 seconds) on link 1 with path_nodes [1, 2, 3, 4] which means path_links [1, 2, 3]
['newVeh242'] arrived @ sumotime 49084.0 seconds
['newVeh243'] arrived @ sumotime 49098.0 seconds
['newVeh243'] arrived @ sumotime 49099.0 seconds
new vehicle244 @ 13:40:13 (sumoTime: 49213 seconds) on link 1 with path_nodes [1, 2, 3, 4] which means path_links [1, 2, 3]
['newVeh244'] arrived @ sumotime 49241.0 seconds
new vehicle245 @ 13:41:03 (sumoTime: 49263 seconds) on link 1 with path_nodes [1, 2, 3, 4] which means path_links [1, 2, 3]
['newVeh245'] arrived @ sumotime 49292.0 seconds
new vehicle246 @ 13:42:52 (sumoTime: 49372 seconds) on link 1 with path_nodes [1, 2, 3, 4] which means path_links [1, 2, 3]
['newVeh246'] arrived @ sumotime 49398.0 seconds
new vehicle247 @ 13:43:39 (sumoTime: 49419 seconds) on link 1 with path_nodes [1, 2, 3, 4] which means path_links [1, 2, 3]
['newVeh247'] arrived @ sumotime 49445.0 seconds
new vehicle248 @ 13:47:24 (sumoTime: 49644 seconds) on link 1 with path_nodes [1, 2, 3, 4] which means path_links [1, 2, 3]
new vehicle249 @ 13:47:47 (sumoTime: 49667 seconds) on link 1 with path_nodes [1, 2, 3, 4] which means path_links [1, 2, 3]
['newVeh248'] arrived @ sumotime 49669.0 seconds
['newVeh249'] arrived @ sumotime 49695.0 seconds
new vehicle250 @ 13:49:45 (sumoTime: 49785 seconds) on link 1 with path_nodes [1, 2, 3, 4] which means path_links [1, 2, 3]
new vehicle251 @ 13:50:07 (sumoTime: 49807 seconds) on link 1 with path_nodes [1, 2, 3, 4] which means path_links [1, 2, 3]
new vehicle252 @ 13:50:11 (sumoTime: 49811 seconds) on link 1 with path_nodes [1, 2, 3, 4] which means path_links [1, 2, 3]
['newVeh250'] arrived @ sumotime 49812.0 seconds
new vehicle253 @ 13:50:25 (sumoTime: 49825 seconds) on link 1 with path_nodes [1, 2, 3, 4] which means path_links [1, 2, 3]
['newVeh251'] arrived @ sumotime 49837.0 seconds
['newVeh251'] arrived @ sumotime 49838.0 seconds
['newVeh252'] arrived @ sumotime 49839.0 seconds
['newVeh253'] arrived @ sumotime 49851.0 seconds
new vehicle254 @ 13:55:27 (sumoTime: 50127 seconds) on link 1 with path_nodes [1, 2, 3, 4] which means path_links [1, 2, 3]
['newVeh254'] arrived @ sumotime 50154.0 seconds
new vehicle255 @ 13:56:40 (sumoTime: 50200 seconds) on link 1 with path_nodes [1, 2, 3, 4] which means path_links [1, 2, 3]
['newVeh255'] arrived @ sumotime 50226.0 seconds
14:00:00
Umlegung ausgeführt
curVolumes: (140000, [(3, 44, 0)])
new vehicle256 @ 14:01:06 (sumoTime: 50466 seconds) on link 1 with path_nodes [1, 2, 3, 4] which means path_links [1, 2, 3]
['newVeh256'] arrived @ sumotime 50493.0 seconds
new vehicle257 @ 14:01:59 (sumoTime: 50519 seconds) on link 1 with path_nodes [1, 2, 3, 4] which means path_links [1, 2, 3]
['newVeh257'] arrived @ sumotime 50546.0 seconds
new vehicle258 @ 14:03:32 (sumoTime: 50612 seconds) on link 1 with path_nodes [1, 2, 3, 4] which means path_links [1, 2, 3]
['newVeh258'] arrived @ sumotime 50640.0 seconds
new vehicle259 @ 14:06:21 (sumoTime: 50781 seconds) on link 1 with path_nodes [1, 2, 3, 4] which means path_links [1, 2, 3]
['newVeh259'] arrived @ sumotime 50809.0 seconds
new vehicle260 @ 14:09:52 (sumoTime: 50992 seconds) on link 1 with path_nodes [1, 2, 3, 4] which means path_links [1, 2, 3]
new vehicle261 @ 14:10:09 (sumoTime: 51009 seconds) on link 1 with path_nodes [1, 2, 3, 4] which means path_links [1, 2, 3]
['newVeh260'] arrived @ sumotime 51022.0 seconds
['newVeh261'] arrived @ sumotime 51039.0 seconds
new vehicle262 @ 14:12:10 (sumoTime: 51130 seconds) on link 1 with path_nodes [1, 2, 3, 4] which means path_links [1, 2, 3]
['newVeh262'] arrived @ sumotime 51157.0 seconds
new vehicle263 @ 14:14:11 (sumoTime: 51251 seconds) on link 1 with path_nodes [1, 2, 3, 4] which means path_links [1, 2, 3]
['newVeh263'] arrived @ sumotime 51278.0 seconds
new vehicle264 @ 14:15:58 (sumoTime: 51358 seconds) on link 1 with path_nodes [1, 2, 3, 4] which means path_links [1, 2, 3]
['newVeh264'] arrived @ sumotime 51386.0 seconds
new vehicle265 @ 14:18:48 (sumoTime: 51528 seconds) on link 1 with path_nodes [1, 2, 3, 4] which means path_links [1, 2, 3]
['newVeh265'] arrived @ sumotime 51555.0 seconds
new vehicle266 @ 14:19:20 (sumoTime: 51560 seconds) on link 1 with path_nodes [1, 2, 3, 4] which means path_links [1, 2, 3]
['newVeh266'] arrived @ sumotime 51584.0 seconds
new vehicle267 @ 14:19:58 (sumoTime: 51598 seconds) on link 1 with path_nodes [1, 2, 3, 4] which means path_links [1, 2, 3]
['newVeh267'] arrived @ sumotime 51624.0 seconds
new vehicle268 @ 14:20:53 (sumoTime: 51653 seconds) on link 1 with path_nodes [1, 2, 3, 4] which means path_links [1, 2, 3]
['newVeh268'] arrived @ sumotime 51679.0 seconds
new vehicle269 @ 14:22:01 (sumoTime: 51721 seconds) on link 1 with path_nodes [1, 2, 3, 4] which means path_links [1, 2, 3]
new vehicle270 @ 14:22:14 (sumoTime: 51734 seconds) on link 1 with path_nodes [1, 2, 3, 4] which means path_links [1, 2, 3]
['newVeh269'] arrived @ sumotime 51751.0 seconds
new vehicle271 @ 14:22:35 (sumoTime: 51755 seconds) on link 1 with path_nodes [1, 2, 3, 4] which means path_links [1, 2, 3]
['newVeh270'] arrived @ sumotime 51763.0 seconds
new vehicle272 @ 14:22:45 (sumoTime: 51765 seconds) on link 1 with path_nodes [1, 2, 3, 4] which means path_links [1, 2, 3]
['newVeh271'] arrived @ sumotime 51782.0 seconds
['newVeh272'] arrived @ sumotime 51791.0 seconds
new vehicle273 @ 14:23:15 (sumoTime: 51795 seconds) on link 1 with path_nodes [1, 2, 3, 4] which means path_links [1, 2, 3]
new vehicle274 @ 14:23:44 (sumoTime: 51824 seconds) on link 1 with path_nodes [1, 2, 3, 4] which means path_links [1, 2, 3]
['newVeh273'] arrived @ sumotime 51827.0 seconds
new vehicle275 @ 14:23:52 (sumoTime: 51832 seconds) on link 1 with path_nodes [1, 2, 3, 4] which means path_links [1, 2, 3]
['newVeh274'] arrived @ sumotime 51851.0 seconds
['newVeh275'] arrived @ sumotime 51861.0 seconds
new vehicle276 @ 14:26:17 (sumoTime: 51977 seconds) on link 1 with path_nodes [1, 2, 3, 4] which means path_links [1, 2, 3]
['newVeh276'] arrived @ sumotime 52005.0 seconds
new vehicle277 @ 14:26:53 (sumoTime: 52013 seconds) on link 1 with path_nodes [1, 2, 3, 4] which means path_links [1, 2, 3]
['newVeh277'] arrived @ sumotime 52039.0 seconds
new vehicle278 @ 14:27:57 (sumoTime: 52077 seconds) on link 1 with path_nodes [1, 2, 3, 4] which means path_links [1, 2, 3]
['newVeh278'] arrived @ sumotime 52104.0 seconds
new vehicle279 @ 14:31:15 (sumoTime: 52275 seconds) on link 1 with path_nodes [1, 2, 3, 4] which means path_links [1, 2, 3]
['newVeh279'] arrived @ sumotime 52302.0 seconds
new vehicle280 @ 14:32:15 (sumoTime: 52335 seconds) on link 1 with path_nodes [1, 2, 3, 4] which means path_links [1, 2, 3]
new vehicle281 @ 14:32:18 (sumoTime: 52338 seconds) on link 1 with path_nodes [1, 2, 3, 4] which means path_links [1, 2, 3]
['newVeh280'] arrived @ sumotime 52363.0 seconds
['newVeh281'] arrived @ sumotime 52366.0 seconds
new vehicle282 @ 14:33:41 (sumoTime: 52421 seconds) on link 1 with path_nodes [1, 2, 3, 4] which means path_links [1, 2, 3]
['newVeh282'] arrived @ sumotime 52449.0 seconds
new vehicle283 @ 14:34:10 (sumoTime: 52450 seconds) on link 1 with path_nodes [1, 2, 3, 4] which means path_links [1, 2, 3]
['newVeh283'] arrived @ sumotime 52476.0 seconds
new vehicle284 @ 14:35:43 (sumoTime: 52543 seconds) on link 1 with path_nodes [1, 2, 3, 4] which means path_links [1, 2, 3]
['newVeh284'] arrived @ sumotime 52571.0 seconds
new vehicle285 @ 14:37:33 (sumoTime: 52653 seconds) on link 1 with path_nodes [1, 2, 3, 4] which means path_links [1, 2, 3]
['newVeh285'] arrived @ sumotime 52684.0 seconds
new vehicle286 @ 14:39:35 (sumoTime: 52775 seconds) on link 1 with path_nodes [1, 2, 3, 4] which means path_links [1, 2, 3]
['newVeh286'] arrived @ sumotime 52800.0 seconds
new vehicle287 @ 14:41:10 (sumoTime: 52870 seconds) on link 1 with path_nodes [1, 2, 3, 4] which means path_links [1, 2, 3]
['newVeh287'] arrived @ sumotime 52898.0 seconds
new vehicle288 @ 14:42:17 (sumoTime: 52937 seconds) on link 1 with path_nodes [1, 2, 3, 4] which means path_links [1, 2, 3]
new vehicle289 @ 14:42:25 (sumoTime: 52945 seconds) on link 1 with path_nodes [1, 2, 3, 4] which means path_links [1, 2, 3]
['newVeh288'] arrived @ sumotime 52968.0 seconds
['newVeh289'] arrived @ sumotime 52973.0 seconds
new vehicle290 @ 14:46:12 (sumoTime: 53172 seconds) on link 1 with path_nodes [1, 2, 3, 4] which means path_links [1, 2, 3]
['newVeh290'] arrived @ sumotime 53198.0 seconds
new vehicle291 @ 14:47:34 (sumoTime: 53254 seconds) on link 1 with path_nodes [1, 2, 3, 4] which means path_links [1, 2, 3]
new vehicle292 @ 14:47:51 (sumoTime: 53271 seconds) on link 1 with path_nodes [1, 2, 3, 4] which means path_links [1, 2, 3]
['newVeh291'] arrived @ sumotime 53282.0 seconds
['newVeh292'] arrived @ sumotime 53296.0 seconds
new vehicle293 @ 14:48:41 (sumoTime: 53321 seconds) on link 1 with path_nodes [1, 2, 3, 4] which means path_links [1, 2, 3]
['newVeh293'] arrived @ sumotime 53352.0 seconds
new vehicle294 @ 14:51:41 (sumoTime: 53501 seconds) on link 1 with path_nodes [1, 2, 3, 4] which means path_links [1, 2, 3]
['newVeh294'] arrived @ sumotime 53531.0 seconds
new vehicle295 @ 14:52:28 (sumoTime: 53548 seconds) on link 1 with path_nodes [1, 2, 3, 4] which means path_links [1, 2, 3]
new vehicle296 @ 14:52:48 (sumoTime: 53568 seconds) on link 1 with path_nodes [1, 2, 3, 4] which means path_links [1, 2, 3]
['newVeh295'] arrived @ sumotime 53573.0 seconds
['newVeh296'] arrived @ sumotime 53595.0 seconds
new vehicle297 @ 14:53:16 (sumoTime: 53596 seconds) on link 1 with path_nodes [1, 2, 3, 4] which means path_links [1, 2, 3]
['newVeh297'] arrived @ sumotime 53623.0 seconds
new vehicle298 @ 14:54:07 (sumoTime: 53647 seconds) on link 1 with path_nodes [1, 2, 3, 4] which means path_links [1, 2, 3]
['newVeh298'] arrived @ sumotime 53675.0 seconds
new vehicle299 @ 14:56:29 (sumoTime: 53789 seconds) on link 1 with path_nodes [1, 2, 3, 4] which means path_links [1, 2, 3]
new vehicle300 @ 14:56:31 (sumoTime: 53791 seconds) on link 1 with path_nodes [1, 2, 3, 4] which means path_links [1, 2, 3]
['newVeh299'] arrived @ sumotime 53815.0 seconds
['newVeh300'] arrived @ sumotime 53819.0 seconds
new vehicle301 @ 14:58:39 (sumoTime: 53919 seconds) on link 1 with path_nodes [1, 2, 3, 4] which means path_links [1, 2, 3]
['newVeh301'] arrived @ sumotime 53946.0 seconds
Gesamte Auslastung: 296
Summe erzeugter Fahrzeuge: 302
-> Fahrzeuge verloren: -6
Tupel bestehend aus: VolVisum, geplantesVolSumo, avgArrTimeVisum, avgArrTimeSumo
Link: 1 -> [(2, 6, 1800, 702), (5, 5, 720, 1204), (7, 4, 514, 575), (10, 8, 360, 549), (12, 13, 300, 291), (15, 14, 240, 276), (17, 22, 211, 182), (20, 20, 180, 185), (22, 20, 163, 165), (25, 22, 144, 161), (27, 20, 133, 184), (30, 31, 120, 122), (32, 43, 112, 85), (35, 42, 102, 91), (37, 47, 97, 77)]
Link: 3 -> []
Link: 5 -> []
VolumenInSumo: [(841, ['1', '2', '3']), (3215, ['1', '2', '3']), (5056, ['1', '2', '3']), (5058, ['1', '2', '3']), (5845, ['1', '2', '3']), (10353, ['1', '2', '3']), (10905, ['1', '2', '3']), (14044, ['1', '2', '3']), (15248, ['1', '2', '3']), (24922, ['1', '2', '3']), (25804, ['1', '2', '3']), (25819, ['1', '2', '3']), (30942, ['1', '2', '3']), (31004, ['1', '2', '3']), (32806, ['1', '2', '3']), (34114, ['1', '2', '3']), (34253, ['1', '2', '3']), (35356, ['1', '2', '3']), (35442, ['1', '2', '3']), (40456, ['1', '2', '3']), (41146, ['1', '2', '3']), (41151, ['1', '2', '3']), (42907, ['1', '2', '3']), (43227, ['1', '2', '3']), (43931, ['1', '2', '3']), (44127, ['1', '2', '3']), (44203, ['1', '2', '3']), (45203, ['1', '2', '3']), (45502, ['1', '2', '3']), (45804, ['1', '2', '3']), (45948, ['1', '2', '3']), (50233, ['1', '2', '3']), (50741, ['1', '2', '3']), (50753, ['1', '2', '3']), (50842, ['1', '2', '3']), (51114, ['1', '2', '3']), (51215, ['1', '2', '3']), (51907, ['1', '2', '3']), (53423, ['1', '2', '3']), (53618, ['1', '2', '3']), (53826, ['1', '2', '3']), (53857, ['1', '2', '3']), (55240, ['1', '2', '3']), (55625, ['1', '2', '3']), (60006, ['1', '2', '3']), (60315, ['1', '2', '3']), (60455, ['1', '2', '3']), (60737, ['1', '2', '3']), (60921, ['1', '2', '3']), (60932, ['1', '2', '3']), (61359, ['1', '2', '3']), (61617, ['1', '2', '3']), (62214, ['1', '2', '3']), (62422, ['1', '2', '3']), (62431, ['1', '2', '3']), (62759, ['1', '2', '3']), (62830, ['1', '2', '3']), (63847, ['1', '2', '3']), (63906, ['1', '2', '3']), (64111, ['1', '2', '3']), (64842, ['1', '2', '3']), (65037, ['1', '2', '3']), (65507, ['1', '2', '3']), (65748, ['1', '2', '3']), (65929, ['1', '2', '3']), (70250, ['1', '2', '3']), (70829, ['1', '2', '3']), (70917, ['1', '2', '3']), (70922, ['1', '2', '3']), (71113, ['1', '2', '3']), (71533, ['1', '2', '3']), (72853, ['1', '2', '3']), (73041, ['1', '2', '3']), (73348, ['1', '2', '3']), (73653, ['1', '2', '3']), (73915, ['1', '2', '3']), (73951, ['1', '2', '3']), (74002, ['1', '2', '3']), (74138, ['1', '2', '3']), (74149, ['1', '2', '3']), (74404, ['1', '2', '3']), (74850, ['1', '2', '3']), (75253, ['1', '2', '3']), (75528, ['1', '2', '3']), (80837, ['1', '6', '7', '-8', '3']), (80909, ['1', '6', '7', '-8', '3']), (81130, ['1', '6', '7', '-8', '3']), (81251, ['1', '6', '7', '-8', '3']), (81633, ['1', '6', '7', '-8', '3']), (81821, ['1', '6', '7', '-8', '3']), (82453, ['1', '6', '7', '-8', '3']), (82834, ['1', '6', '7', '-8', '3']), (83440, ['1', '6', '7', '-8', '3']), (83548, ['1', '6', '7', '-8', '3']), (84257, ['1', '6', '7', '-8', '3']), (84416, ['1', '6', '7', '-8', '3']), (84450, ['1', '6', '7', '-8', '3']), (84821, ['1', '6', '7', '-8', '3']), (84822, ['1', '6', '7', '-8', '3']), (84914, ['1', '6', '7', '-8', '3']), (85236, ['1', '6', '7', '-8', '3']), (85557, ['1', '6', '7', '-8', '3']), (85644, ['1', '6', '7', '-8', '3']), (90339, ['1', '6', '7', '-8', '3']), (90414, ['1', '6', '7', '-8', '3']), (90536, ['1', '6', '7', '-8', '3']), (90553, ['1', '6', '7', '-8', '3']), (90712, ['1', '6', '7', '-8', '3']), (91219, ['1', '6', '7', '-8', '3']), (91834, ['1', '6', '7', '-8', '3']), (92252, ['1', '6', '7', '-8', '3']), (92305, ['1', '6', '7', '-8', '3']), (92333, ['1', '6', '7', '-8', '3']), (92436, ['1', '6', '7', '-8', '3']), (92947, ['1', '6', '7', '-8', '3']), (92958, ['1', '6', '7', '-8', '3']), (92958, ['1', '6', '7', '-8', '3']), (94232, ['1', '6', '7', '-8', '3']), (94634, ['1', '6', '7', '-8', '3']), (95309, ['1', '6', '7', '-8', '3']), (95507, ['1', '6', '7', '-8', '3']), (95617, ['1', '6', '7', '-8', '3']), (95735, ['1', '6', '7', '-8', '3']), (95914, ['1', '6', '7', '-8', '3']), (100618, ['1', '6', '7', '-8', '3']), (102208, ['1', '6', '7', '-8', '3']), (102446, ['1', '6', '7', '-8', '3']), (102510, ['1', '6', '7', '-8', '3']), (102903, ['1', '6', '7', '-8', '3']), (102941, ['1', '6', '7', '-8', '3']), (103256, ['1', '6', '7', '-8', '3']), (103755, ['1', '6', '7', '-8', '3']), (103945, ['1', '6', '7', '-8', '3']), (104156, ['1', '6', '7', '-8', '3']), (104208, ['1', '6', '7', '-8', '3']), (104630, ['1', '6', '7', '-8', '3']), (104710, ['1', '6', '7', '-8', '3']), (105107, ['1', '6', '7', '-8', '3']), (105114, ['1', '6', '7', '-8', '3']), (105301, ['1', '6', '7', '-8', '3']), (105317, ['1', '6', '7', '-8', '3']), (105436, ['1', '6', '7', '-8', '3']), (105722, ['1', '6', '7', '-8', '3']), (110002, ['1', '6', '7', '-8', '3']), (110005, ['1', '6', '7', '-8', '3']), (110051, ['1', '6', '7', '-8', '3']), (110055, ['1', '6', '7', '-8', '3']), (110555, ['1', '6', '7', '-8', '3']), (110640, ['1', '6', '7', '-8', '3']), (110655, ['1', '6', '7', '-8', '3']), (111013, ['1', '6', '7', '-8', '3']), (111333, ['1', '6', '7', '-8', '3']), (111337, ['1', '6', '7', '-8', '3']), (111346, ['1', '6', '7', '-8', '3']), (111428, ['1', '6', '7', '-8', '3']), (111510, ['1', '6', '7', '-8', '3']), (111529, ['1', '6', '7', '-8', '3']), (111750, ['1', '6', '7', '-8', '3']), (111926, ['1', '6', '7', '-8', '3']), (112313, ['1', '6', '7', '-8', '3']), (112318, ['1', '6', '7', '-8', '3']), (112333, ['1', '6', '7', '-8', '3']), (112817, ['1', '6', '7', '-8', '3']), (113033, ['1', '6', '7', '-8', '3']), (113313, ['1', '6', '7', '-8', '3']), (114431, ['1', '6', '7', '-8', '3']), (114445, ['1', '6', '7', '-8', '3']), (114949, ['1', '6', '7', '-8', '3']), (115201, ['1', '6', '7', '-8', '3']), (115301, ['1', '6', '7', '-8', '3']), (115305, ['1', '6', '7', '-8', '3']), (115357, ['1', '6', '7', '-8', '3']), (115436, ['1', '6', '7', '-8', '3']), (120053, ['1', '2', '3']), (120146, ['1', '2', '3']), (120152, ['1', '2', '3']), (120217, ['1', '2', '3']), (120523, ['1', '2', '3']), (120535, ['1', '2', '3']), (120740, ['1', '2', '3']), (121205, ['1', '2', '3']), (121210, ['1', '2', '3']), (121345, ['1', '2', '3']), (121506, ['1', '2', '3']), (121511, ['1', '2', '3']), (121647, ['1', '2', '3']), (121925, ['1', '2', '3']), (122242, ['1', '2', '3']), (122403, ['1', '2', '3']), (122556, ['1', '2', '3']), (122801, ['1', '2', '3']), (122820, ['1', '2', '3']), (122837, ['1', '2', '3']), (122854, ['1', '2', '3']), (123012, ['1', '2', '3']), (123121, ['1', '2', '3']), (123228, ['1', '2', '3']), (123659, ['1', '2', '3']), (123734, ['1', '2', '3']), (123829, ['1', '2', '3']), (123950, ['1', '2', '3']), (124044, ['1', '2', '3']), (124132, ['1', '2', '3']), (124231, ['1', '2', '3']), (124318, ['1', '2', '3']), (124511, ['1', '2', '3']), (124701, ['1', '2', '3']), (124820, ['1', '2', '3']), (124945, ['1', '2', '3']), (125106, ['1', '2', '3']), (125137, ['1', '2', '3']), (125457, ['1', '2', '3']), (125544, ['1', '2', '3']), (125558, ['1', '2', '3']), (125649, ['1', '2', '3']), (130037, ['1', '2', '3']), (130123, ['1', '2', '3']), (130336, ['1', '2', '3']), (130415, ['1', '2', '3']), (130431, ['1', '2', '3']), (130449, ['1', '2', '3']), (130722, ['1', '2', '3']), (130752, ['1', '2', '3']), (130947, ['1', '2', '3']), (131036, ['1', '2', '3']), (131050, ['1', '2', '3']), (131113, ['1', '2', '3']), (131501, ['1', '2', '3']), (131816, ['1', '2', '3']), (131859, ['1', '2', '3']), (131906, ['1', '2', '3']), (132029, ['1', '2', '3']), (132110, ['1', '2', '3']), (132245, ['1', '2', '3']), (132534, ['1', '2', '3']), (132538, ['1', '2', '3']), (132612, ['1', '2', '3']), (132648, ['1', '2', '3']), (132954, ['1', '2', '3']), (133007, ['1', '2', '3']), (133422, ['1', '2', '3']), (133521, ['1', '2', '3']), (133737, ['1', '2', '3']), (133752, ['1', '2', '3']), (134013, ['1', '2', '3']), (134103, ['1', '2', '3']), (134252, ['1', '2', '3']), (134339, ['1', '2', '3']), (134724, ['1', '2', '3']), (134747, ['1', '2', '3']), (134945, ['1', '2', '3']), (135007, ['1', '2', '3']), (135011, ['1', '2', '3']), (135025, ['1', '2', '3']), (135527, ['1', '2', '3']), (135640, ['1', '2', '3']), (140106, ['1', '2', '3']), (140159, ['1', '2', '3']), (140332, ['1', '2', '3']), (140621, ['1', '2', '3']), (140952, ['1', '2', '3']), (141009, ['1', '2', '3']), (141210, ['1', '2', '3']), (141411, ['1', '2', '3']), (141558, ['1', '2', '3']), (141848, ['1', '2', '3']), (141920, ['1', '2', '3']), (141958, ['1', '2', '3']), (142053, ['1', '2', '3']), (142201, ['1', '2', '3']), (142214, ['1', '2', '3']), (142235, ['1', '2', '3']), (142245, ['1', '2', '3']), (142315, ['1', '2', '3']), (142344, ['1', '2', '3']), (142352, ['1', '2', '3']), (142617, ['1', '2', '3']), (142653, ['1', '2', '3']), (142757, ['1', '2', '3']), (143115, ['1', '2', '3']), (143215, ['1', '2', '3']), (143218, ['1', '2', '3']), (143341, ['1', '2', '3']), (143410, ['1', '2', '3']), (143543, ['1', '2', '3']), (143733, ['1', '2', '3']), (143935, ['1', '2', '3']), (144110, ['1', '2', '3']), (144217, ['1', '2', '3']), (144225, ['1', '2', '3']), (144612, ['1', '2', '3']), (144734, ['1', '2', '3']), (144751, ['1', '2', '3']), (144841, ['1', '2', '3']), (145141, ['1', '2', '3']), (145228, ['1', '2', '3']), (145248, ['1', '2', '3']), (145316, ['1', '2', '3']), (145407, ['1', '2', '3']), (145629, ['1', '2', '3']), (145631, ['1', '2', '3']), (145839, ['1', '2', '3'])]
2 -> 3 : [(0, 2), (10000, 5), (20000, 7), (30000, 10), (40000, 12), (50000, 15), (60000, 17), (70000, 20), (80000, 22), (90000, 25), (100000, 27), (110000, 30), (120000, 32), (130000, 35), (140000, 37)]
2 -> 5 : [(0, 0), (10000, 0), (20000, 0), (30000, 0), (40000, 0), (50000, 0), (60000, 0), (70000, 0), (80000, 0), (90000, 0), (100000, 0), (110000, 0), (120000, 0), (130000, 0), (140000, 0)]
2 -> 6 : [(0, 0), (10000, 0), (20000, 0), (30000, 0), (40000, 0), (50000, 0), (60000, 0), (70000, 0), (80000, 0), (90000, 0), (100000, 0), (110000, 0), (120000, 0), (130000, 0), (140000, 0)]
3 -> 2 : [(0, 0), (10000, 0), (20000, 0), (30000, 0), (40000, 0), (50000, 0), (60000, 0), (70000, 0), (80000, 0), (90000, 0), (100000, 0), (110000, 0), (120000, 0), (130000, 0), (140000, 0)]
3 -> 4 : [(0, 2), (10000, 5), (20000, 7), (30000, 10), (40000, 12), (50000, 15), (60000, 17), (70000, 20), (80000, 22), (90000, 25), (100000, 27), (110000, 30), (120000, 32), (130000, 35), (140000, 37)]
3 -> 7 : [(0, 0), (10000, 0), (20000, 0), (30000, 0), (40000, 0), (50000, 0), (60000, 0), (70000, 0), (80000, 0), (90000, 0), (100000, 0), (110000, 0), (120000, 0), (130000, 0), (140000, 0)]
4 -> 3 : [(0, 0), (10000, 0), (20000, 0), (30000, 0), (40000, 0), (50000, 0), (60000, 0), (70000, 0), (80000, 0), (90000, 0), (100000, 0), (110000, 0), (120000, 0), (130000, 0), (140000, 0)]
4 -> 5 : [(0, 0), (10000, 0), (20000, 0), (30000, 0), (40000, 0), (50000, 0), (60000, 0), (70000, 0), (80000, 0), (90000, 0), (100000, 0), (110000, 0), (120000, 0), (130000, 0), (140000, 0)]
5 -> 2 : [(0, 0), (10000, 0), (20000, 0), (30000, 0), (40000, 0), (50000, 0), (60000, 0), (70000, 0), (80000, 0), (90000, 0), (100000, 0), (110000, 0), (120000, 0), (130000, 0), (140000, 0)]
5 -> 4 : [(0, 0), (10000, 0), (20000, 0), (30000, 0), (40000, 0), (50000, 0), (60000, 0), (70000, 0), (80000, 0), (90000, 0), (100000, 0), (110000, 0), (120000, 0), (130000, 0), (140000, 0)]
6 -> 2 : [(0, 0), (10000, 0), (20000, 0), (30000, 0), (40000, 0), (50000, 0), (60000, 0), (70000, 0), (80000, 0), (90000, 0), (100000, 0), (110000, 0), (120000, 0), (130000, 0), (140000, 0)]
6 -> 7 : [(0, 0), (10000, 0), (20000, 0), (30000, 0), (40000, 0), (50000, 0), (60000, 0), (70000, 0), (80000, 0), (90000, 0), (100000, 0), (110000, 0), (120000, 0), (130000, 0), (140000, 0)]
7 -> 3 : [(0, 0), (10000, 0), (20000, 0), (30000, 0), (40000, 0), (50000, 0), (60000, 0), (70000, 0), (80000, 0), (90000, 0), (100000, 0), (110000, 0), (120000, 0), (130000, 0), (140000, 0)]
7 -> 6 : [(0, 0), (10000, 0), (20000, 0), (30000, 0), (40000, 0), (50000, 0), (60000, 0), (70000, 0), (80000, 0), (90000, 0), (100000, 0), (110000, 0), (120000, 0), (130000, 0), (140000, 0)]
