00:00:00
new vehicle0 @ 00:10:15 (sumoTime: 615 seconds) on link 1 with path_nodes [1, 2, 3, 4] which means path_links [1, 2, 3]
['newVeh0'] arrived @ sumotime 643.0 seconds
01:00:00
Umlegung ausgeführt
curVolumes: (10000, [(3, 1, 0)])
new vehicle1 @ 01:09:54 (sumoTime: 4194 seconds) on link 1 with path_nodes [1, 2, 3, 4] which means path_links [1, 2, 3]
['newVeh1'] arrived @ sumotime 4220.0 seconds
new vehicle2 @ 01:14:54 (sumoTime: 4494 seconds) on link 1 with path_nodes [1, 2, 3, 4] which means path_links [1, 2, 3]
['newVeh2'] arrived @ sumotime 4520.0 seconds
new vehicle3 @ 01:18:02 (sumoTime: 4682 seconds) on link 1 with path_nodes [1, 2, 3, 4] which means path_links [1, 2, 3]
['newVeh3'] arrived @ sumotime 4711.0 seconds
new vehicle4 @ 01:25:10 (sumoTime: 5110 seconds) on link 1 with path_nodes [1, 2, 3, 4] which means path_links [1, 2, 3]
['newVeh4'] arrived @ sumotime 5138.0 seconds
new vehicle5 @ 01:44:15 (sumoTime: 6255 seconds) on link 1 with path_nodes [1, 2, 3, 4] which means path_links [1, 2, 3]
['newVeh5'] arrived @ sumotime 6281.0 seconds
02:00:00
Umlegung ausgeführt
curVolumes: (20000, [(3, 5, 0)])
new vehicle6 @ 02:15:06 (sumoTime: 8106 seconds) on link 1 with path_nodes [1, 2, 3, 4] which means path_links [1, 2, 3]
['newVeh6'] arrived @ sumotime 8132.0 seconds
['newVeh6'] arrived @ sumotime 8133.0 seconds
new vehicle7 @ 02:21:07 (sumoTime: 8467 seconds) on link 1 with path_nodes [1, 2, 3, 4] which means path_links [1, 2, 3]
['newVeh7'] arrived @ sumotime 8492.0 seconds
new vehicle8 @ 02:40:49 (sumoTime: 9649 seconds) on link 1 with path_nodes [1, 2, 3, 4] which means path_links [1, 2, 3]
['newVeh8'] arrived @ sumotime 9679.0 seconds
new vehicle9 @ 02:48:36 (sumoTime: 10116 seconds) on link 1 with path_nodes [1, 2, 3, 4] which means path_links [1, 2, 3]
['newVeh9'] arrived @ sumotime 10146.0 seconds
new vehicle10 @ 02:52:39 (sumoTime: 10359 seconds) on link 1 with path_nodes [1, 2, 3, 4] which means path_links [1, 2, 3]
['newVeh10'] arrived @ sumotime 10386.0 seconds
new vehicle11 @ 02:59:13 (sumoTime: 10753 seconds) on link 1 with path_nodes [1, 2, 3, 4] which means path_links [1, 2, 3]
['newVeh11'] arrived @ sumotime 10781.0 seconds
03:00:00
Umlegung ausgeführt
curVolumes: (30000, [(3, 7, 0)])
new vehicle12 @ 03:03:46 (sumoTime: 11026 seconds) on link 1 with path_nodes [1, 2, 3, 4] which means path_links [1, 2, 3]
['newVeh12'] arrived @ sumotime 11057.0 seconds
new vehicle13 @ 03:07:45 (sumoTime: 11265 seconds) on link 1 with path_nodes [1, 2, 3, 4] which means path_links [1, 2, 3]
['newVeh13'] arrived @ sumotime 11292.0 seconds
new vehicle14 @ 03:22:11 (sumoTime: 12131 seconds) on link 1 with path_nodes [1, 2, 3, 4] which means path_links [1, 2, 3]
['newVeh14'] arrived @ sumotime 12159.0 seconds
new vehicle15 @ 03:26:17 (sumoTime: 12377 seconds) on link 1 with path_nodes [1, 2, 3, 4] which means path_links [1, 2, 3]
['newVeh15'] arrived @ sumotime 12404.0 seconds
new vehicle16 @ 03:30:45 (sumoTime: 12645 seconds) on link 1 with path_nodes [1, 2, 3, 4] which means path_links [1, 2, 3]
['newVeh16'] arrived @ sumotime 12671.0 seconds
new vehicle17 @ 03:37:07 (sumoTime: 13027 seconds) on link 1 with path_nodes [1, 2, 3, 4] which means path_links [1, 2, 3]
['newVeh17'] arrived @ sumotime 13057.0 seconds
new vehicle18 @ 03:38:47 (sumoTime: 13127 seconds) on link 1 with path_nodes [1, 2, 3, 4] which means path_links [1, 2, 3]
['newVeh18'] arrived @ sumotime 13154.0 seconds
new vehicle19 @ 03:49:08 (sumoTime: 13748 seconds) on link 1 with path_nodes [1, 2, 3, 4] which means path_links [1, 2, 3]
['newVeh19'] arrived @ sumotime 13773.0 seconds
new vehicle20 @ 03:51:43 (sumoTime: 13903 seconds) on link 1 with path_nodes [1, 2, 3, 4] which means path_links [1, 2, 3]
['newVeh20'] arrived @ sumotime 13929.0 seconds
new vehicle21 @ 03:52:10 (sumoTime: 13930 seconds) on link 1 with path_nodes [1, 2, 3, 4] which means path_links [1, 2, 3]
['newVeh21'] arrived @ sumotime 13960.0 seconds
new vehicle22 @ 03:55:25 (sumoTime: 14125 seconds) on link 1 with path_nodes [1, 2, 3, 4] which means path_links [1, 2, 3]
['newVeh22'] arrived @ sumotime 14151.0 seconds
04:00:00
Umlegung ausgeführt
curVolumes: (40000, [(3, 11, 0)])
new vehicle23 @ 04:02:53 (sumoTime: 14573 seconds) on link 1 with path_nodes [1, 2, 3, 4] which means path_links [1, 2, 3]
['newVeh23'] arrived @ sumotime 14599.0 seconds
new vehicle24 @ 04:03:49 (sumoTime: 14629 seconds) on link 1 with path_nodes [1, 2, 3, 4] which means path_links [1, 2, 3]
['newVeh24'] arrived @ sumotime 14658.0 seconds
new vehicle25 @ 04:08:54 (sumoTime: 14934 seconds) on link 1 with path_nodes [1, 2, 3, 4] which means path_links [1, 2, 3]
['newVeh25'] arrived @ sumotime 14960.0 seconds
new vehicle26 @ 04:12:57 (sumoTime: 15177 seconds) on link 1 with path_nodes [1, 2, 3, 4] which means path_links [1, 2, 3]
['newVeh26'] arrived @ sumotime 15206.0 seconds
new vehicle27 @ 04:21:27 (sumoTime: 15687 seconds) on link 1 with path_nodes [1, 2, 3, 4] which means path_links [1, 2, 3]
['newVeh27'] arrived @ sumotime 15715.0 seconds
new vehicle28 @ 04:23:35 (sumoTime: 15815 seconds) on link 1 with path_nodes [1, 2, 3, 4] which means path_links [1, 2, 3]
['newVeh28'] arrived @ sumotime 15842.0 seconds
new vehicle29 @ 04:29:04 (sumoTime: 16144 seconds) on link 1 with path_nodes [1, 2, 3, 4] which means path_links [1, 2, 3]
['newVeh29'] arrived @ sumotime 16170.0 seconds
new vehicle30 @ 04:31:39 (sumoTime: 16299 seconds) on link 1 with path_nodes [1, 2, 3, 4] which means path_links [1, 2, 3]
['newVeh30'] arrived @ sumotime 16327.0 seconds
new vehicle31 @ 04:32:28 (sumoTime: 16348 seconds) on link 1 with path_nodes [1, 2, 3, 4] which means path_links [1, 2, 3]
['newVeh31'] arrived @ sumotime 16374.0 seconds
new vehicle32 @ 04:34:28 (sumoTime: 16468 seconds) on link 1 with path_nodes [1, 2, 3, 4] which means path_links [1, 2, 3]
['newVeh32'] arrived @ sumotime 16498.0 seconds
new vehicle33 @ 04:47:48 (sumoTime: 17268 seconds) on link 1 with path_nodes [1, 2, 3, 4] which means path_links [1, 2, 3]
['newVeh33'] arrived @ sumotime 17296.0 seconds
new vehicle34 @ 04:57:12 (sumoTime: 17832 seconds) on link 1 with path_nodes [1, 2, 3, 4] which means path_links [1, 2, 3]
['newVeh34'] arrived @ sumotime 17857.0 seconds
new vehicle35 @ 04:59:02 (sumoTime: 17942 seconds) on link 1 with path_nodes [1, 2, 3, 4] which means path_links [1, 2, 3]
['newVeh35'] arrived @ sumotime 17968.0 seconds
05:00:00
Umlegung ausgeführt
curVolumes: (50000, [(3, 13, 0)])
new vehicle36 @ 05:01:16 (sumoTime: 18076 seconds) on link 1 with path_nodes [1, 2, 3, 4] which means path_links [1, 2, 3]
['newVeh36'] arrived @ sumotime 18102.0 seconds
new vehicle37 @ 05:02:22 (sumoTime: 18142 seconds) on link 1 with path_nodes [1, 2, 3, 4] which means path_links [1, 2, 3]
['newVeh37'] arrived @ sumotime 18168.0 seconds
new vehicle38 @ 05:05:05 (sumoTime: 18305 seconds) on link 1 with path_nodes [1, 2, 3, 4] which means path_links [1, 2, 3]
['newVeh38'] arrived @ sumotime 18332.0 seconds
new vehicle39 @ 05:07:12 (sumoTime: 18432 seconds) on link 1 with path_nodes [1, 2, 3, 4] which means path_links [1, 2, 3]
['newVeh39'] arrived @ sumotime 18460.0 seconds
new vehicle40 @ 05:18:00 (sumoTime: 19080 seconds) on link 1 with path_nodes [1, 2, 3, 4] which means path_links [1, 2, 3]
['newVeh40'] arrived @ sumotime 19109.0 seconds
new vehicle41 @ 05:18:37 (sumoTime: 19117 seconds) on link 1 with path_nodes [1, 2, 3, 4] which means path_links [1, 2, 3]
['newVeh41'] arrived @ sumotime 19145.0 seconds
new vehicle42 @ 05:27:43 (sumoTime: 19663 seconds) on link 1 with path_nodes [1, 2, 3, 4] which means path_links [1, 2, 3]
['newVeh42'] arrived @ sumotime 19691.0 seconds
new vehicle43 @ 05:28:35 (sumoTime: 19715 seconds) on link 1 with path_nodes [1, 2, 3, 4] which means path_links [1, 2, 3]
['newVeh43'] arrived @ sumotime 19746.0 seconds
new vehicle44 @ 05:30:29 (sumoTime: 19829 seconds) on link 1 with path_nodes [1, 2, 3, 4] which means path_links [1, 2, 3]
['newVeh44'] arrived @ sumotime 19853.0 seconds
new vehicle45 @ 05:32:46 (sumoTime: 19966 seconds) on link 1 with path_nodes [1, 2, 3, 4] which means path_links [1, 2, 3]
['newVeh45'] arrived @ sumotime 19993.0 seconds
new vehicle46 @ 05:34:50 (sumoTime: 20090 seconds) on link 1 with path_nodes [1, 2, 3, 4] which means path_links [1, 2, 3]
new vehicle47 @ 05:35:03 (sumoTime: 20103 seconds) on link 1 with path_nodes [1, 2, 3, 4] which means path_links [1, 2, 3]
['newVeh46'] arrived @ sumotime 20119.0 seconds
['newVeh47'] arrived @ sumotime 20129.0 seconds
['newVeh47'] arrived @ sumotime 20130.0 seconds
new vehicle48 @ 05:36:38 (sumoTime: 20198 seconds) on link 1 with path_nodes [1, 2, 3, 4] which means path_links [1, 2, 3]
['newVeh48'] arrived @ sumotime 20227.0 seconds
new vehicle49 @ 05:50:38 (sumoTime: 21038 seconds) on link 1 with path_nodes [1, 2, 3, 4] which means path_links [1, 2, 3]
['newVeh49'] arrived @ sumotime 21066.0 seconds
new vehicle50 @ 05:53:47 (sumoTime: 21227 seconds) on link 1 with path_nodes [1, 2, 3, 4] which means path_links [1, 2, 3]
['newVeh50'] arrived @ sumotime 21253.0 seconds
['newVeh50'] arrived @ sumotime 21254.0 seconds
new vehicle51 @ 05:54:20 (sumoTime: 21260 seconds) on link 1 with path_nodes [1, 2, 3, 4] which means path_links [1, 2, 3]
['newVeh51'] arrived @ sumotime 21285.0 seconds
new vehicle52 @ 05:58:21 (sumoTime: 21501 seconds) on link 1 with path_nodes [1, 2, 3, 4] which means path_links [1, 2, 3]
['newVeh52'] arrived @ sumotime 21529.0 seconds
['newVeh52'] arrived @ sumotime 21530.0 seconds
06:00:00
Umlegung ausgeführt
curVolumes: (60000, [(3, 20, 0)])
new vehicle53 @ 06:02:08 (sumoTime: 21728 seconds) on link 1 with path_nodes [1, 2, 3, 4] which means path_links [1, 2, 3]
['newVeh53'] arrived @ sumotime 21754.0 seconds
new vehicle54 @ 06:04:34 (sumoTime: 21874 seconds) on link 1 with path_nodes [1, 2, 3, 4] which means path_links [1, 2, 3]
['newVeh54'] arrived @ sumotime 21900.0 seconds
new vehicle55 @ 06:17:22 (sumoTime: 22642 seconds) on link 1 with path_nodes [1, 2, 3, 4] which means path_links [1, 2, 3]
new vehicle56 @ 06:17:42 (sumoTime: 22662 seconds) on link 1 with path_nodes [1, 2, 3, 4] which means path_links [1, 2, 3]
['newVeh55'] arrived @ sumotime 22668.0 seconds
['newVeh56'] arrived @ sumotime 22689.0 seconds
new vehicle57 @ 06:19:36 (sumoTime: 22776 seconds) on link 1 with path_nodes [1, 2, 3, 4] which means path_links [1, 2, 3]
['newVeh57'] arrived @ sumotime 22805.0 seconds
new vehicle58 @ 06:20:33 (sumoTime: 22833 seconds) on link 1 with path_nodes [1, 2, 3, 4] which means path_links [1, 2, 3]
['newVeh58'] arrived @ sumotime 22858.0 seconds
new vehicle59 @ 06:26:20 (sumoTime: 23180 seconds) on link 1 with path_nodes [1, 2, 3, 4] which means path_links [1, 2, 3]
['newVeh59'] arrived @ sumotime 23209.0 seconds
new vehicle60 @ 06:27:06 (sumoTime: 23226 seconds) on link 1 with path_nodes [1, 2, 3, 4] which means path_links [1, 2, 3]
['newVeh60'] arrived @ sumotime 23255.0 seconds
new vehicle61 @ 06:41:09 (sumoTime: 24069 seconds) on link 1 with path_nodes [1, 2, 3, 4] which means path_links [1, 2, 3]
new vehicle62 @ 06:41:23 (sumoTime: 24083 seconds) on link 1 with path_nodes [1, 2, 3, 4] which means path_links [1, 2, 3]
new vehicle63 @ 06:41:34 (sumoTime: 24094 seconds) on link 1 with path_nodes [1, 2, 3, 4] which means path_links [1, 2, 3]
['newVeh61'] arrived @ sumotime 24099.0 seconds
['newVeh62'] arrived @ sumotime 24113.0 seconds
['newVeh63'] arrived @ sumotime 24121.0 seconds
new vehicle64 @ 06:45:06 (sumoTime: 24306 seconds) on link 1 with path_nodes [1, 2, 3, 4] which means path_links [1, 2, 3]
['newVeh64'] arrived @ sumotime 24332.0 seconds
new vehicle65 @ 06:47:02 (sumoTime: 24422 seconds) on link 1 with path_nodes [1, 2, 3, 4] which means path_links [1, 2, 3]
['newVeh65'] arrived @ sumotime 24448.0 seconds
new vehicle66 @ 06:53:01 (sumoTime: 24781 seconds) on link 1 with path_nodes [1, 2, 3, 4] which means path_links [1, 2, 3]
['newVeh66'] arrived @ sumotime 24809.0 seconds
07:00:00
Umlegung ausgeführt
curVolumes: (70000, [(3, 14, 0)])
new vehicle67 @ 07:01:44 (sumoTime: 25304 seconds) on link 1 with path_nodes [1, 2, 3, 4] which means path_links [1, 2, 3]
['newVeh67'] arrived @ sumotime 25331.0 seconds
new vehicle68 @ 07:02:50 (sumoTime: 25370 seconds) on link 1 with path_nodes [1, 2, 3, 4] which means path_links [1, 2, 3]
new vehicle69 @ 07:03:13 (sumoTime: 25393 seconds) on link 1 with path_nodes [1, 2, 3, 4] which means path_links [1, 2, 3]
['newVeh68'] arrived @ sumotime 25396.0 seconds
['newVeh69'] arrived @ sumotime 25420.0 seconds
new vehicle70 @ 07:05:41 (sumoTime: 25541 seconds) on link 1 with path_nodes [1, 2, 3, 4] which means path_links [1, 2, 3]
['newVeh70'] arrived @ sumotime 25567.0 seconds
new vehicle71 @ 07:08:00 (sumoTime: 25680 seconds) on link 1 with path_nodes [1, 2, 3, 4] which means path_links [1, 2, 3]
['newVeh71'] arrived @ sumotime 25707.0 seconds
new vehicle72 @ 07:23:09 (sumoTime: 26589 seconds) on link 1 with path_nodes [1, 2, 3, 4] which means path_links [1, 2, 3]
['newVeh72'] arrived @ sumotime 26616.0 seconds
new vehicle73 @ 07:23:58 (sumoTime: 26638 seconds) on link 1 with path_nodes [1, 2, 3, 4] which means path_links [1, 2, 3]
['newVeh73'] arrived @ sumotime 26665.0 seconds
new vehicle74 @ 07:25:08 (sumoTime: 26708 seconds) on link 1 with path_nodes [1, 2, 3, 4] which means path_links [1, 2, 3]
['newVeh74'] arrived @ sumotime 26737.0 seconds
new vehicle75 @ 07:26:41 (sumoTime: 26801 seconds) on link 1 with path_nodes [1, 2, 3, 4] which means path_links [1, 2, 3]
['newVeh75'] arrived @ sumotime 26829.0 seconds
new vehicle76 @ 07:29:03 (sumoTime: 26943 seconds) on link 1 with path_nodes [1, 2, 3, 4] which means path_links [1, 2, 3]
['newVeh76'] arrived @ sumotime 26968.0 seconds
new vehicle77 @ 07:30:46 (sumoTime: 27046 seconds) on link 1 with path_nodes [1, 2, 3, 4] which means path_links [1, 2, 3]
['newVeh77'] arrived @ sumotime 27077.0 seconds
new vehicle78 @ 07:49:57 (sumoTime: 28197 seconds) on link 1 with path_nodes [1, 2, 3, 4] which means path_links [1, 2, 3]
new vehicle79 @ 07:50:22 (sumoTime: 28222 seconds) on link 1 with path_nodes [1, 2, 3, 4] which means path_links [1, 2, 3]
['newVeh78'] arrived @ sumotime 28225.0 seconds
['newVeh79'] arrived @ sumotime 28252.0 seconds
new vehicle80 @ 07:53:56 (sumoTime: 28436 seconds) on link 1 with path_nodes [1, 2, 3, 4] which means path_links [1, 2, 3]
['newVeh80'] arrived @ sumotime 28468.0 seconds
new vehicle81 @ 07:58:05 (sumoTime: 28685 seconds) on link 1 with path_nodes [1, 2, 3, 4] which means path_links [1, 2, 3]
['newVeh81'] arrived @ sumotime 28711.0 seconds
new vehicle82 @ 07:59:07 (sumoTime: 28747 seconds) on link 1 with path_nodes [1, 2, 3, 4] which means path_links [1, 2, 3]
new vehicle83 @ 07:59:27 (sumoTime: 28767 seconds) on link 1 with path_nodes [1, 2, 3, 4] which means path_links [1, 2, 3]
new vehicle84 @ 07:59:32 (sumoTime: 28772 seconds) on link 1 with path_nodes [1, 2, 3, 4] which means path_links [1, 2, 3]
['newVeh82'] arrived @ sumotime 28775.0 seconds
['newVeh83'] arrived @ sumotime 28796.0 seconds
['newVeh84'] arrived @ sumotime 28798.0 seconds
08:00:00
Umlegung ausgeführt
curVolumes: (80000, [(3, 18, 0)])
new vehicle85 @ 08:11:20 (sumoTime: 29480 seconds) on link 1 with path_nodes [1, 2, 3, 4] which means path_links [1, 2, 3]
['newVeh85'] arrived @ sumotime 29530.0 seconds
new vehicle86 @ 08:13:06 (sumoTime: 29586 seconds) on link 1 with path_nodes [1, 2, 3, 4] which means path_links [1, 2, 3]
['newVeh86'] arrived @ sumotime 29638.0 seconds
new vehicle87 @ 08:18:11 (sumoTime: 29891 seconds) on link 1 with path_nodes [1, 2, 3, 4] which means path_links [1, 2, 3]
['newVeh87'] arrived @ sumotime 29940.0 seconds
new vehicle88 @ 08:22:15 (sumoTime: 30135 seconds) on link 1 with path_nodes [1, 2, 3, 4] which means path_links [1, 2, 3]
['newVeh88'] arrived @ sumotime 30186.0 seconds
new vehicle89 @ 08:28:19 (sumoTime: 30499 seconds) on link 1 with path_nodes [1, 2, 3, 4] which means path_links [1, 2, 3]
['newVeh89'] arrived @ sumotime 30557.0 seconds
new vehicle90 @ 08:34:25 (sumoTime: 30865 seconds) on link 1 with path_nodes [1, 2, 3, 4] which means path_links [1, 2, 3]
['newVeh90'] arrived @ sumotime 30914.0 seconds
new vehicle91 @ 08:37:11 (sumoTime: 31031 seconds) on link 1 with path_nodes [1, 2, 3, 4] which means path_links [1, 2, 3]
['newVeh91'] arrived @ sumotime 31082.0 seconds
new vehicle92 @ 08:38:53 (sumoTime: 31133 seconds) on link 1 with path_nodes [1, 2, 3, 4] which means path_links [1, 2, 3]
['newVeh92'] arrived @ sumotime 31183.0 seconds
new vehicle93 @ 08:41:23 (sumoTime: 31283 seconds) on link 1 with path_nodes [1, 2, 3, 4] which means path_links [1, 2, 3]
new vehicle94 @ 08:41:37 (sumoTime: 31297 seconds) on link 1 with path_nodes [1, 2, 3, 4] which means path_links [1, 2, 3]
['newVeh93'] arrived @ sumotime 31336.0 seconds
['newVeh94'] arrived @ sumotime 31351.0 seconds
new vehicle95 @ 08:54:24 (sumoTime: 32064 seconds) on link 1 with path_nodes [1, 2, 3, 4] which means path_links [1, 2, 3]
['newVeh95'] arrived @ sumotime 32120.0 seconds
new vehicle96 @ 08:56:11 (sumoTime: 32171 seconds) on link 1 with path_nodes [1, 2, 3, 4] which means path_links [1, 2, 3]
new vehicle97 @ 08:56:47 (sumoTime: 32207 seconds) on link 1 with path_nodes [1, 2, 3, 4] which means path_links [1, 2, 3]
['newVeh96'] arrived @ sumotime 32221.0 seconds
new vehicle98 @ 08:57:35 (sumoTime: 32255 seconds) on link 1 with path_nodes [1, 2, 3, 4] which means path_links [1, 2, 3]
['newVeh97'] arrived @ sumotime 32258.0 seconds
['newVeh98'] arrived @ sumotime 32305.0 seconds
09:00:00
Umlegung ausgeführt
curVolumes: (90000, [(3, 14, 0)])
new vehicle99 @ 09:01:14 (sumoTime: 32474 seconds) on link 1 with path_nodes [1, 2, 3, 4] which means path_links [1, 2, 3]
new vehicle100 @ 09:01:27 (sumoTime: 32487 seconds) on link 1 with path_nodes [1, 2, 3, 4] which means path_links [1, 2, 3]
['newVeh99'] arrived @ sumotime 32538.0 seconds
['newVeh100'] arrived @ sumotime 32543.0 seconds
new vehicle101 @ 09:02:38 (sumoTime: 32558 seconds) on link 1 with path_nodes [1, 2, 3, 4] which means path_links [1, 2, 3]
new vehicle102 @ 09:02:59 (sumoTime: 32579 seconds) on link 1 with path_nodes [1, 2, 3, 4] which means path_links [1, 2, 3]
new vehicle103 @ 09:03:13 (sumoTime: 32593 seconds) on link 1 with path_nodes [1, 2, 3, 4] which means path_links [1, 2, 3]
['newVeh101'] arrived @ sumotime 32613.0 seconds
['newVeh102'] arrived @ sumotime 32633.0 seconds
['newVeh103'] arrived @ sumotime 32648.0 seconds
new vehicle104 @ 09:11:19 (sumoTime: 33079 seconds) on link 1 with path_nodes [1, 2, 3, 4] which means path_links [1, 2, 3]
['newVeh104'] arrived @ sumotime 33129.0 seconds
new vehicle105 @ 09:15:17 (sumoTime: 33317 seconds) on link 1 with path_nodes [1, 2, 3, 4] which means path_links [1, 2, 3]
['newVeh105'] arrived @ sumotime 33365.0 seconds
['newVeh105'] arrived @ sumotime 33366.0 seconds
new vehicle106 @ 09:23:52 (sumoTime: 33832 seconds) on link 1 with path_nodes [1, 2, 3, 4] which means path_links [1, 2, 3]
['newVeh106'] arrived @ sumotime 33884.0 seconds
new vehicle107 @ 09:26:31 (sumoTime: 33991 seconds) on link 1 with path_nodes [1, 2, 3, 4] which means path_links [1, 2, 3]
['newVeh107'] arrived @ sumotime 34046.0 seconds
new vehicle108 @ 09:37:52 (sumoTime: 34672 seconds) on link 1 with path_nodes [1, 2, 3, 4] which means path_links [1, 2, 3]
['newVeh108'] arrived @ sumotime 34725.0 seconds
new vehicle109 @ 09:39:51 (sumoTime: 34791 seconds) on link 1 with path_nodes [1, 2, 3, 4] which means path_links [1, 2, 3]
['newVeh109'] arrived @ sumotime 34844.0 seconds
new vehicle110 @ 09:42:49 (sumoTime: 34969 seconds) on link 1 with path_nodes [1, 2, 3, 4] which means path_links [1, 2, 3]
['newVeh110'] arrived @ sumotime 35022.0 seconds
new vehicle111 @ 09:44:10 (sumoTime: 35050 seconds) on link 1 with path_nodes [1, 2, 3, 4] which means path_links [1, 2, 3]
['newVeh111'] arrived @ sumotime 35102.0 seconds
new vehicle112 @ 09:46:54 (sumoTime: 35214 seconds) on link 1 with path_nodes [1, 2, 3, 4] which means path_links [1, 2, 3]
['newVeh112'] arrived @ sumotime 35271.0 seconds
['newVeh112'] arrived @ sumotime 35272.0 seconds
new vehicle113 @ 09:52:01 (sumoTime: 35521 seconds) on link 1 with path_nodes [1, 2, 3, 4] which means path_links [1, 2, 3]
['newVeh113'] arrived @ sumotime 35572.0 seconds
new vehicle114 @ 09:53:12 (sumoTime: 35592 seconds) on link 1 with path_nodes [1, 2, 3, 4] which means path_links [1, 2, 3]
new vehicle115 @ 09:53:58 (sumoTime: 35638 seconds) on link 1 with path_nodes [1, 2, 3, 4] which means path_links [1, 2, 3]
['newVeh114'] arrived @ sumotime 35647.0 seconds
['newVeh115'] arrived @ sumotime 35693.0 seconds
new vehicle116 @ 09:55:03 (sumoTime: 35703 seconds) on link 1 with path_nodes [1, 2, 3, 4] which means path_links [1, 2, 3]
new vehicle117 @ 09:55:26 (sumoTime: 35726 seconds) on link 1 with path_nodes [1, 2, 3, 4] which means path_links [1, 2, 3]
['newVeh116'] arrived @ sumotime 35757.0 seconds
['newVeh117'] arrived @ sumotime 35778.0 seconds
new vehicle118 @ 09:57:15 (sumoTime: 35835 seconds) on link 1 with path_nodes [1, 2, 3, 4] which means path_links [1, 2, 3]
['newVeh118'] arrived @ sumotime 35892.0 seconds
new vehicle119 @ 09:59:27 (sumoTime: 35967 seconds) on link 1 with path_nodes [1, 2, 3, 4] which means path_links [1, 2, 3]
new vehicle120 @ 09:59:41 (sumoTime: 35981 seconds) on link 1 with path_nodes [1, 2, 3, 4] which means path_links [1, 2, 3]
10:00:00
Umlegung ausgeführt
curVolumes: (100000, [(3, 22, 0)])
['newVeh119'] arrived @ sumotime 36017.0 seconds
['newVeh120'] arrived @ sumotime 36029.0 seconds
['newVeh120'] arrived @ sumotime 36030.0 seconds
new vehicle121 @ 10:04:43 (sumoTime: 36283 seconds) on link 1 with path_nodes [1, 2, 3, 4] which means path_links [1, 2, 3]
['newVeh121'] arrived @ sumotime 36337.0 seconds
new vehicle122 @ 10:11:05 (sumoTime: 36665 seconds) on link 1 with path_nodes [1, 2, 3, 4] which means path_links [1, 2, 3]
['newVeh122'] arrived @ sumotime 36716.0 seconds
new vehicle123 @ 10:13:13 (sumoTime: 36793 seconds) on link 1 with path_nodes [1, 2, 3, 4] which means path_links [1, 2, 3]
['newVeh123'] arrived @ sumotime 36856.0 seconds
new vehicle124 @ 10:20:13 (sumoTime: 37213 seconds) on link 1 with path_nodes [1, 2, 3, 4] which means path_links [1, 2, 3]
['newVeh124'] arrived @ sumotime 37260.0 seconds
new vehicle125 @ 10:23:06 (sumoTime: 37386 seconds) on link 1 with path_nodes [1, 2, 3, 4] which means path_links [1, 2, 3]
['newVeh125'] arrived @ sumotime 37439.0 seconds
new vehicle126 @ 10:26:41 (sumoTime: 37601 seconds) on link 1 with path_nodes [1, 2, 3, 4] which means path_links [1, 2, 3]
['newVeh126'] arrived @ sumotime 37653.0 seconds
new vehicle127 @ 10:28:19 (sumoTime: 37699 seconds) on link 1 with path_nodes [1, 2, 3, 4] which means path_links [1, 2, 3]
['newVeh127'] arrived @ sumotime 37758.0 seconds
new vehicle128 @ 10:30:30 (sumoTime: 37830 seconds) on link 1 with path_nodes [1, 2, 3, 4] which means path_links [1, 2, 3]
['newVeh128'] arrived @ sumotime 37886.0 seconds
new vehicle129 @ 10:33:26 (sumoTime: 38006 seconds) on link 1 with path_nodes [1, 2, 3, 4] which means path_links [1, 2, 3]
new vehicle130 @ 10:33:52 (sumoTime: 38032 seconds) on link 1 with path_nodes [1, 2, 3, 4] which means path_links [1, 2, 3]
['newVeh129'] arrived @ sumotime 38057.0 seconds
['newVeh130'] arrived @ sumotime 38080.0 seconds
['newVeh130'] arrived @ sumotime 38081.0 seconds
new vehicle131 @ 10:34:55 (sumoTime: 38095 seconds) on link 1 with path_nodes [1, 2, 3, 4] which means path_links [1, 2, 3]
['newVeh131'] arrived @ sumotime 38145.0 seconds
new vehicle132 @ 10:36:16 (sumoTime: 38176 seconds) on link 1 with path_nodes [1, 2, 3, 4] which means path_links [1, 2, 3]
new vehicle133 @ 10:37:03 (sumoTime: 38223 seconds) on link 1 with path_nodes [1, 2, 3, 4] which means path_links [1, 2, 3]
['newVeh132'] arrived @ sumotime 38234.0 seconds
['newVeh132'] arrived @ sumotime 38235.0 seconds
new vehicle134 @ 10:37:30 (sumoTime: 38250 seconds) on link 1 with path_nodes [1, 2, 3, 4] which means path_links [1, 2, 3]
new vehicle135 @ 10:37:47 (sumoTime: 38267 seconds) on link 1 with path_nodes [1, 2, 3, 4] which means path_links [1, 2, 3]
['newVeh133'] arrived @ sumotime 38274.0 seconds
['newVeh134'] arrived @ sumotime 38297.0 seconds
['newVeh135'] arrived @ sumotime 38330.0 seconds
new vehicle136 @ 10:40:40 (sumoTime: 38440 seconds) on link 1 with path_nodes [1, 2, 3, 4] which means path_links [1, 2, 3]
new vehicle137 @ 10:41:21 (sumoTime: 38481 seconds) on link 1 with path_nodes [1, 2, 3, 4] which means path_links [1, 2, 3]
['newVeh136'] arrived @ sumotime 38494.0 seconds
['newVeh137'] arrived @ sumotime 38536.0 seconds
new vehicle138 @ 10:47:01 (sumoTime: 38821 seconds) on link 1 with path_nodes [1, 2, 3, 4] which means path_links [1, 2, 3]
['newVeh138'] arrived @ sumotime 38875.0 seconds
new vehicle139 @ 10:48:26 (sumoTime: 38906 seconds) on link 1 with path_nodes [1, 2, 3, 4] which means path_links [1, 2, 3]
new vehicle140 @ 10:48:26 (sumoTime: 38906 seconds) on link 1 with path_nodes [1, 2, 3, 4] which means path_links [1, 2, 3]
['newVeh139'] arrived @ sumotime 38957.0 seconds
['newVeh140'] arrived @ sumotime 38961.0 seconds
new vehicle141 @ 10:49:43 (sumoTime: 38983 seconds) on link 1 with path_nodes [1, 2, 3, 4] which means path_links [1, 2, 3]
new vehicle142 @ 10:50:06 (sumoTime: 39006 seconds) on link 1 with path_nodes [1, 2, 3, 4] which means path_links [1, 2, 3]
['newVeh141'] arrived @ sumotime 39037.0 seconds
['newVeh142'] arrived @ sumotime 39056.0 seconds
new vehicle143 @ 10:51:11 (sumoTime: 39071 seconds) on link 1 with path_nodes [1, 2, 3, 4] which means path_links [1, 2, 3]
new vehicle144 @ 10:51:18 (sumoTime: 39078 seconds) on link 1 with path_nodes [1, 2, 3, 4] which means path_links [1, 2, 3]
['newVeh143'] arrived @ sumotime 39117.0 seconds
['newVeh143'] arrived @ sumotime 39118.0 seconds
['newVeh144'] arrived @ sumotime 39129.0 seconds
new vehicle145 @ 10:52:16 (sumoTime: 39136 seconds) on link 1 with path_nodes [1, 2, 3, 4] which means path_links [1, 2, 3]
new vehicle146 @ 10:52:27 (sumoTime: 39147 seconds) on link 1 with path_nodes [1, 2, 3, 4] which means path_links [1, 2, 3]
['newVeh145'] arrived @ sumotime 39185.0 seconds
['newVeh146'] arrived @ sumotime 39196.0 seconds
new vehicle147 @ 10:54:23 (sumoTime: 39263 seconds) on link 1 with path_nodes [1, 2, 3, 4] which means path_links [1, 2, 3]
['newVeh147'] arrived @ sumotime 39319.0 seconds
['newVeh147'] arrived @ sumotime 39320.0 seconds
new vehicle148 @ 10:55:40 (sumoTime: 39340 seconds) on link 1 with path_nodes [1, 2, 3, 4] which means path_links [1, 2, 3]
['newVeh148'] arrived @ sumotime 39394.0 seconds
11:00:00
Umlegung ausgeführt
curVolumes: (110000, [(3, 35, 0)])
new vehicle149 @ 11:00:45 (sumoTime: 39645 seconds) on link 1 with path_nodes [1, 2, 3, 4] which means path_links [1, 2, 3]
['newVeh149'] arrived @ sumotime 39697.0 seconds
new vehicle150 @ 11:04:13 (sumoTime: 39853 seconds) on link 1 with path_nodes [1, 2, 3, 4] which means path_links [1, 2, 3]
['newVeh150'] arrived @ sumotime 39902.0 seconds
new vehicle151 @ 11:06:30 (sumoTime: 39990 seconds) on link 1 with path_nodes [1, 2, 3, 4] which means path_links [1, 2, 3]
['newVeh151'] arrived @ sumotime 40042.0 seconds
new vehicle152 @ 11:11:11 (sumoTime: 40271 seconds) on link 1 with path_nodes [1, 2, 3, 4] which means path_links [1, 2, 3]
new vehicle153 @ 11:11:55 (sumoTime: 40315 seconds) on link 1 with path_nodes [1, 2, 3, 4] which means path_links [1, 2, 3]
['newVeh152'] arrived @ sumotime 40323.0 seconds
new vehicle154 @ 11:12:15 (sumoTime: 40335 seconds) on link 1 with path_nodes [1, 2, 3, 4] which means path_links [1, 2, 3]
['newVeh153'] arrived @ sumotime 40368.0 seconds
['newVeh154'] arrived @ sumotime 40384.0 seconds
new vehicle155 @ 11:16:09 (sumoTime: 40569 seconds) on link 1 with path_nodes [1, 2, 3, 4] which means path_links [1, 2, 3]
['newVeh155'] arrived @ sumotime 40617.0 seconds
new vehicle156 @ 11:22:41 (sumoTime: 40961 seconds) on link 1 with path_nodes [1, 2, 3, 4] which means path_links [1, 2, 3]
['newVeh156'] arrived @ sumotime 41016.0 seconds
new vehicle157 @ 11:25:38 (sumoTime: 41138 seconds) on link 1 with path_nodes [1, 2, 3, 4] which means path_links [1, 2, 3]
new vehicle158 @ 11:26:22 (sumoTime: 41182 seconds) on link 1 with path_nodes [1, 2, 3, 4] which means path_links [1, 2, 3]
['newVeh157'] arrived @ sumotime 41186.0 seconds
['newVeh158'] arrived @ sumotime 41231.0 seconds
['newVeh158'] arrived @ sumotime 41232.0 seconds
new vehicle159 @ 11:29:36 (sumoTime: 41376 seconds) on link 1 with path_nodes [1, 2, 3, 4] which means path_links [1, 2, 3]
['newVeh159'] arrived @ sumotime 41430.0 seconds
new vehicle160 @ 11:35:47 (sumoTime: 41747 seconds) on link 1 with path_nodes [1, 2, 3, 4] which means path_links [1, 2, 3]
['newVeh160'] arrived @ sumotime 41805.0 seconds
new vehicle161 @ 11:37:24 (sumoTime: 41844 seconds) on link 1 with path_nodes [1, 2, 3, 4] which means path_links [1, 2, 3]
['newVeh161'] arrived @ sumotime 41897.0 seconds
new vehicle162 @ 11:39:08 (sumoTime: 41948 seconds) on link 1 with path_nodes [1, 2, 3, 4] which means path_links [1, 2, 3]
new vehicle163 @ 11:39:51 (sumoTime: 41991 seconds) on link 1 with path_nodes [1, 2, 3, 4] which means path_links [1, 2, 3]
new vehicle164 @ 11:39:52 (sumoTime: 41992 seconds) on link 1 with path_nodes [1, 2, 3, 4] which means path_links [1, 2, 3]
['newVeh162'] arrived @ sumotime 41998.0 seconds
new vehicle165 @ 11:40:27 (sumoTime: 42027 seconds) on link 1 with path_nodes [1, 2, 3, 4] which means path_links [1, 2, 3]
['newVeh163'] arrived @ sumotime 42042.0 seconds
['newVeh164'] arrived @ sumotime 42046.0 seconds
['newVeh165'] arrived @ sumotime 42077.0 seconds
new vehicle166 @ 11:42:08 (sumoTime: 42128 seconds) on link 1 with path_nodes [1, 2, 3, 4] which means path_links [1, 2, 3]
['newVeh166'] arrived @ sumotime 42176.0 seconds
new vehicle167 @ 11:43:05 (sumoTime: 42185 seconds) on link 1 with path_nodes [1, 2, 3, 4] which means path_links [1, 2, 3]
['newVeh167'] arrived @ sumotime 42240.0 seconds
new vehicle168 @ 11:45:47 (sumoTime: 42347 seconds) on link 1 with path_nodes [1, 2, 3, 4] which means path_links [1, 2, 3]
new vehicle169 @ 11:46:11 (sumoTime: 42371 seconds) on link 1 with path_nodes [1, 2, 3, 4] which means path_links [1, 2, 3]
['newVeh168'] arrived @ sumotime 42405.0 seconds
['newVeh169'] arrived @ sumotime 42425.0 seconds
new vehicle170 @ 11:48:58 (sumoTime: 42538 seconds) on link 1 with path_nodes [1, 2, 3, 4] which means path_links [1, 2, 3]
['newVeh170'] arrived @ sumotime 42596.0 seconds
new vehicle171 @ 11:50:58 (sumoTime: 42658 seconds) on link 1 with path_nodes [1, 2, 3, 4] which means path_links [1, 2, 3]
['newVeh171'] arrived @ sumotime 42720.0 seconds
new vehicle172 @ 11:55:17 (sumoTime: 42917 seconds) on link 1 with path_nodes [1, 2, 3, 4] which means path_links [1, 2, 3]
['newVeh172'] arrived @ sumotime 42964.0 seconds
new vehicle173 @ 11:57:14 (sumoTime: 43034 seconds) on link 1 with path_nodes [1, 2, 3, 4] which means path_links [1, 2, 3]
['newVeh173'] arrived @ sumotime 43084.0 seconds
new vehicle174 @ 11:58:50 (sumoTime: 43130 seconds) on link 1 with path_nodes [1, 2, 3, 4] which means path_links [1, 2, 3]
['newVeh174'] arrived @ sumotime 43181.0 seconds
12:00:00
Umlegung ausgeführt
curVolumes: (120000, [(3, 27, 0)])
new vehicle175 @ 12:00:45 (sumoTime: 43245 seconds) on link 1 with path_nodes [1, 2, 3, 4] which means path_links [1, 2, 3]
['newVeh175'] arrived @ sumotime 43271.0 seconds
new vehicle176 @ 12:03:06 (sumoTime: 43386 seconds) on link 1 with path_nodes [1, 2, 3, 4] which means path_links [1, 2, 3]
['newVeh176'] arrived @ sumotime 43413.0 seconds
new vehicle177 @ 12:09:13 (sumoTime: 43753 seconds) on link 1 with path_nodes [1, 2, 3, 4] which means path_links [1, 2, 3]
new vehicle178 @ 12:09:23 (sumoTime: 43763 seconds) on link 1 with path_nodes [1, 2, 3, 4] which means path_links [1, 2, 3]
new vehicle179 @ 12:09:39 (sumoTime: 43779 seconds) on link 1 with path_nodes [1, 2, 3, 4] which means path_links [1, 2, 3]
['newVeh177'] arrived @ sumotime 43781.0 seconds
['newVeh178'] arrived @ sumotime 43790.0 seconds
['newVeh179'] arrived @ sumotime 43810.0 seconds
new vehicle180 @ 12:10:23 (sumoTime: 43823 seconds) on link 1 with path_nodes [1, 2, 3, 4] which means path_links [1, 2, 3]
['newVeh180'] arrived @ sumotime 43850.0 seconds
new vehicle181 @ 12:12:40 (sumoTime: 43960 seconds) on link 1 with path_nodes [1, 2, 3, 4] which means path_links [1, 2, 3]
['newVeh181'] arrived @ sumotime 43987.0 seconds
new vehicle182 @ 12:17:00 (sumoTime: 44220 seconds) on link 1 with path_nodes [1, 2, 3, 4] which means path_links [1, 2, 3]
new vehicle183 @ 12:17:12 (sumoTime: 44232 seconds) on link 1 with path_nodes [1, 2, 3, 4] which means path_links [1, 2, 3]
['newVeh182'] arrived @ sumotime 44248.0 seconds
['newVeh183'] arrived @ sumotime 44258.0 seconds
new vehicle184 @ 12:18:52 (sumoTime: 44332 seconds) on link 1 with path_nodes [1, 2, 3, 4] which means path_links [1, 2, 3]
new vehicle185 @ 12:19:17 (sumoTime: 44357 seconds) on link 1 with path_nodes [1, 2, 3, 4] which means path_links [1, 2, 3]
new vehicle186 @ 12:19:23 (sumoTime: 44363 seconds) on link 1 with path_nodes [1, 2, 3, 4] which means path_links [1, 2, 3]
['newVeh184'] arrived @ sumotime 44364.0 seconds
new vehicle187 @ 12:19:32 (sumoTime: 44372 seconds) on link 1 with path_nodes [1, 2, 3, 4] which means path_links [1, 2, 3]
['newVeh185'] arrived @ sumotime 44383.0 seconds
['newVeh186'] arrived @ sumotime 44393.0 seconds
['newVeh187'] arrived @ sumotime 44400.0 seconds
new vehicle188 @ 12:25:44 (sumoTime: 44744 seconds) on link 1 with path_nodes [1, 2, 3, 4] which means path_links [1, 2, 3]
['newVeh188'] arrived @ sumotime 44770.0 seconds
new vehicle189 @ 12:42:29 (sumoTime: 45749 seconds) on link 1 with path_nodes [1, 2, 3, 4] which means path_links [1, 2, 3]
['newVeh189'] arrived @ sumotime 45781.0 seconds
new vehicle190 @ 12:45:16 (sumoTime: 45916 seconds) on link 1 with path_nodes [1, 2, 3, 4] which means path_links [1, 2, 3]
['newVeh190'] arrived @ sumotime 45946.0 seconds
new vehicle191 @ 12:48:47 (sumoTime: 46127 seconds) on link 1 with path_nodes [1, 2, 3, 4] which means path_links [1, 2, 3]
['newVeh191'] arrived @ sumotime 46153.0 seconds
new vehicle192 @ 12:51:04 (sumoTime: 46264 seconds) on link 1 with path_nodes [1, 2, 3, 4] which means path_links [1, 2, 3]
['newVeh192'] arrived @ sumotime 46292.0 seconds
new vehicle193 @ 12:52:14 (sumoTime: 46334 seconds) on link 1 with path_nodes [1, 2, 3, 4] which means path_links [1, 2, 3]
['newVeh193'] arrived @ sumotime 46361.0 seconds
new vehicle194 @ 12:56:18 (sumoTime: 46578 seconds) on link 1 with path_nodes [1, 2, 3, 4] which means path_links [1, 2, 3]
['newVeh194'] arrived @ sumotime 46605.0 seconds
new vehicle195 @ 12:59:04 (sumoTime: 46744 seconds) on link 1 with path_nodes [1, 2, 3, 4] which means path_links [1, 2, 3]
new vehicle196 @ 12:59:18 (sumoTime: 46758 seconds) on link 1 with path_nodes [1, 2, 3, 4] which means path_links [1, 2, 3]
['newVeh195'] arrived @ sumotime 46771.0 seconds
['newVeh196'] arrived @ sumotime 46786.0 seconds
13:00:00
Umlegung ausgeführt
curVolumes: (130000, [(3, 22, 0)])
new vehicle197 @ 13:00:44 (sumoTime: 46844 seconds) on link 1 with path_nodes [1, 2, 3, 4] which means path_links [1, 2, 3]
['newVeh197'] arrived @ sumotime 46871.0 seconds
new vehicle198 @ 13:01:34 (sumoTime: 46894 seconds) on link 1 with path_nodes [1, 2, 3, 4] which means path_links [1, 2, 3]
['newVeh198'] arrived @ sumotime 46920.0 seconds
new vehicle199 @ 13:04:47 (sumoTime: 47087 seconds) on link 1 with path_nodes [1, 2, 3, 4] which means path_links [1, 2, 3]
['newVeh199'] arrived @ sumotime 47113.0 seconds
new vehicle200 @ 13:06:26 (sumoTime: 47186 seconds) on link 1 with path_nodes [1, 2, 3, 4] which means path_links [1, 2, 3]
['newVeh200'] arrived @ sumotime 47213.0 seconds
new vehicle201 @ 13:07:28 (sumoTime: 47248 seconds) on link 1 with path_nodes [1, 2, 3, 4] which means path_links [1, 2, 3]
['newVeh201'] arrived @ sumotime 47274.0 seconds
new vehicle202 @ 13:10:04 (sumoTime: 47404 seconds) on link 1 with path_nodes [1, 2, 3, 4] which means path_links [1, 2, 3]
new vehicle203 @ 13:10:34 (sumoTime: 47434 seconds) on link 1 with path_nodes [1, 2, 3, 4] which means path_links [1, 2, 3]
['newVeh202'] arrived @ sumotime 47435.0 seconds
['newVeh203'] arrived @ sumotime 47462.0 seconds
['newVeh203'] arrived @ sumotime 47463.0 seconds
new vehicle204 @ 13:12:04 (sumoTime: 47524 seconds) on link 1 with path_nodes [1, 2, 3, 4] which means path_links [1, 2, 3]
['newVeh204'] arrived @ sumotime 47550.0 seconds
new vehicle205 @ 13:13:27 (sumoTime: 47607 seconds) on link 1 with path_nodes [1, 2, 3, 4] which means path_links [1, 2, 3]
['newVeh205'] arrived @ sumotime 47633.0 seconds
new vehicle206 @ 13:15:44 (sumoTime: 47744 seconds) on link 1 with path_nodes [1, 2, 3, 4] which means path_links [1, 2, 3]
new vehicle207 @ 13:16:12 (sumoTime: 47772 seconds) on link 1 with path_nodes [1, 2, 3, 4] which means path_links [1, 2, 3]
['newVeh206'] arrived @ sumotime 47772.0 seconds
['newVeh207'] arrived @ sumotime 47801.0 seconds
new vehicle208 @ 13:17:25 (sumoTime: 47845 seconds) on link 1 with path_nodes [1, 2, 3, 4] which means path_links [1, 2, 3]
['newVeh208'] arrived @ sumotime 47872.0 seconds
['newVeh208'] arrived @ sumotime 47873.0 seconds
new vehicle209 @ 13:18:16 (sumoTime: 47896 seconds) on link 1 with path_nodes [1, 2, 3, 4] which means path_links [1, 2, 3]
['newVeh209'] arrived @ sumotime 47922.0 seconds
new vehicle210 @ 13:19:51 (sumoTime: 47991 seconds) on link 1 with path_nodes [1, 2, 3, 4] which means path_links [1, 2, 3]
['newVeh210'] arrived @ sumotime 48018.0 seconds
new vehicle211 @ 13:22:32 (sumoTime: 48152 seconds) on link 1 with path_nodes [1, 2, 3, 4] which means path_links [1, 2, 3]
['newVeh211'] arrived @ sumotime 48178.0 seconds
new vehicle212 @ 13:23:37 (sumoTime: 48217 seconds) on link 1 with path_nodes [1, 2, 3, 4] which means path_links [1, 2, 3]
['newVeh212'] arrived @ sumotime 48244.0 seconds
new vehicle213 @ 13:26:17 (sumoTime: 48377 seconds) on link 1 with path_nodes [1, 2, 3, 4] which means path_links [1, 2, 3]
['newVeh213'] arrived @ sumotime 48409.0 seconds
new vehicle214 @ 13:27:57 (sumoTime: 48477 seconds) on link 1 with path_nodes [1, 2, 3, 4] which means path_links [1, 2, 3]
['newVeh214'] arrived @ sumotime 48506.0 seconds
['newVeh214'] arrived @ sumotime 48507.0 seconds
new vehicle215 @ 13:31:35 (sumoTime: 48695 seconds) on link 1 with path_nodes [1, 2, 3, 4] which means path_links [1, 2, 3]
['newVeh215'] arrived @ sumotime 48721.0 seconds
new vehicle216 @ 13:34:13 (sumoTime: 48853 seconds) on link 1 with path_nodes [1, 2, 3, 4] which means path_links [1, 2, 3]
new vehicle217 @ 13:34:32 (sumoTime: 48872 seconds) on link 1 with path_nodes [1, 2, 3, 4] which means path_links [1, 2, 3]
['newVeh216'] arrived @ sumotime 48880.0 seconds
['newVeh217'] arrived @ sumotime 48899.0 seconds
new vehicle218 @ 13:35:20 (sumoTime: 48920 seconds) on link 1 with path_nodes [1, 2, 3, 4] which means path_links [1, 2, 3]
['newVeh218'] arrived @ sumotime 48947.0 seconds
new vehicle219 @ 13:38:39 (sumoTime: 49119 seconds) on link 1 with path_nodes [1, 2, 3, 4] which means path_links [1, 2, 3]
['newVeh219'] arrived @ sumotime 49147.0 seconds
new vehicle220 @ 13:41:28 (sumoTime: 49288 seconds) on link 1 with path_nodes [1, 2, 3, 4] which means path_links [1, 2, 3]
['newVeh220'] arrived @ sumotime 49314.0 seconds
new vehicle221 @ 13:42:21 (sumoTime: 49341 seconds) on link 1 with path_nodes [1, 2, 3, 4] which means path_links [1, 2, 3]
['newVeh221'] arrived @ sumotime 49368.0 seconds
new vehicle222 @ 13:43:23 (sumoTime: 49403 seconds) on link 1 with path_nodes [1, 2, 3, 4] which means path_links [1, 2, 3]
['newVeh222'] arrived @ sumotime 49435.0 seconds
new vehicle223 @ 13:45:09 (sumoTime: 49509 seconds) on link 1 with path_nodes [1, 2, 3, 4] which means path_links [1, 2, 3]
new vehicle224 @ 13:45:09 (sumoTime: 49509 seconds) on link 1 with path_nodes [1, 2, 3, 4] which means path_links [1, 2, 3]
new vehicle225 @ 13:45:16 (sumoTime: 49516 seconds) on link 1 with path_nodes [1, 2, 3, 4] which means path_links [1, 2, 3]
['newVeh223'] arrived @ sumotime 49537.0 seconds
['newVeh224'] arrived @ sumotime 49539.0 seconds
['newVeh225'] arrived @ sumotime 49542.0 seconds
new vehicle226 @ 13:49:43 (sumoTime: 49783 seconds) on link 1 with path_nodes [1, 2, 3, 4] which means path_links [1, 2, 3]
['newVeh226'] arrived @ sumotime 49808.0 seconds
new vehicle227 @ 13:50:40 (sumoTime: 49840 seconds) on link 1 with path_nodes [1, 2, 3, 4] which means path_links [1, 2, 3]
['newVeh227'] arrived @ sumotime 49866.0 seconds
new vehicle228 @ 13:51:27 (sumoTime: 49887 seconds) on link 1 with path_nodes [1, 2, 3, 4] which means path_links [1, 2, 3]
['newVeh228'] arrived @ sumotime 49915.0 seconds
new vehicle229 @ 13:52:03 (sumoTime: 49923 seconds) on link 1 with path_nodes [1, 2, 3, 4] which means path_links [1, 2, 3]
['newVeh229'] arrived @ sumotime 49950.0 seconds
new vehicle230 @ 13:53:39 (sumoTime: 50019 seconds) on link 1 with path_nodes [1, 2, 3, 4] which means path_links [1, 2, 3]
['newVeh230'] arrived @ sumotime 50044.0 seconds
['newVeh230'] arrived @ sumotime 50045.0 seconds
new vehicle231 @ 13:54:30 (sumoTime: 50070 seconds) on link 1 with path_nodes [1, 2, 3, 4] which means path_links [1, 2, 3]
new vehicle232 @ 13:54:32 (sumoTime: 50072 seconds) on link 1 with path_nodes [1, 2, 3, 4] which means path_links [1, 2, 3]
['newVeh231'] arrived @ sumotime 50097.0 seconds
['newVeh232'] arrived @ sumotime 50100.0 seconds
new vehicle233 @ 13:56:57 (sumoTime: 50217 seconds) on link 1 with path_nodes [1, 2, 3, 4] which means path_links [1, 2, 3]
new vehicle234 @ 13:57:02 (sumoTime: 50222 seconds) on link 1 with path_nodes [1, 2, 3, 4] which means path_links [1, 2, 3]
['newVeh233'] arrived @ sumotime 50243.0 seconds
['newVeh234'] arrived @ sumotime 50253.0 seconds
new vehicle235 @ 13:57:52 (sumoTime: 50272 seconds) on link 1 with path_nodes [1, 2, 3, 4] which means path_links [1, 2, 3]
['newVeh235'] arrived @ sumotime 50299.0 seconds
new vehicle236 @ 13:59:05 (sumoTime: 50345 seconds) on link 1 with path_nodes [1, 2, 3, 4] which means path_links [1, 2, 3]
['newVeh236'] arrived @ sumotime 50372.0 seconds
14:00:00
Umlegung ausgeführt
curVolumes: (140000, [(3, 44, 0)])
new vehicle237 @ 14:00:08 (sumoTime: 50408 seconds) on link 1 with path_nodes [1, 2, 3, 4] which means path_links [1, 2, 3]
new vehicle238 @ 14:00:11 (sumoTime: 50411 seconds) on link 1 with path_nodes [1, 2, 3, 4] which means path_links [1, 2, 3]
['newVeh237'] arrived @ sumotime 50434.0 seconds
['newVeh238'] arrived @ sumotime 50437.0 seconds
new vehicle239 @ 14:02:02 (sumoTime: 50522 seconds) on link 1 with path_nodes [1, 2, 3, 4] which means path_links [1, 2, 3]
['newVeh239'] arrived @ sumotime 50549.0 seconds
new vehicle240 @ 14:02:57 (sumoTime: 50577 seconds) on link 1 with path_nodes [1, 2, 3, 4] which means path_links [1, 2, 3]
['newVeh240'] arrived @ sumotime 50607.0 seconds
new vehicle241 @ 14:06:37 (sumoTime: 50797 seconds) on link 1 with path_nodes [1, 2, 3, 4] which means path_links [1, 2, 3]
['newVeh241'] arrived @ sumotime 50826.0 seconds
new vehicle242 @ 14:10:49 (sumoTime: 51049 seconds) on link 1 with path_nodes [1, 2, 3, 4] which means path_links [1, 2, 3]
['newVeh242'] arrived @ sumotime 51075.0 seconds
['newVeh242'] arrived @ sumotime 51076.0 seconds
new vehicle243 @ 14:11:42 (sumoTime: 51102 seconds) on link 1 with path_nodes [1, 2, 3, 4] which means path_links [1, 2, 3]
['newVeh243'] arrived @ sumotime 51128.0 seconds
new vehicle244 @ 14:12:26 (sumoTime: 51146 seconds) on link 1 with path_nodes [1, 2, 3, 4] which means path_links [1, 2, 3]
new vehicle245 @ 14:12:28 (sumoTime: 51148 seconds) on link 1 with path_nodes [1, 2, 3, 4] which means path_links [1, 2, 3]
['newVeh244'] arrived @ sumotime 51172.0 seconds
['newVeh245'] arrived @ sumotime 51179.0 seconds
new vehicle246 @ 14:13:19 (sumoTime: 51199 seconds) on link 1 with path_nodes [1, 2, 3, 4] which means path_links [1, 2, 3]
new vehicle247 @ 14:13:34 (sumoTime: 51214 seconds) on link 1 with path_nodes [1, 2, 3, 4] which means path_links [1, 2, 3]
['newVeh246'] arrived @ sumotime 51225.0 seconds
['newVeh247'] arrived @ sumotime 51240.0 seconds
new vehicle248 @ 14:14:35 (sumoTime: 51275 seconds) on link 1 with path_nodes [1, 2, 3, 4] which means path_links [1, 2, 3]
['newVeh248'] arrived @ sumotime 51300.0 seconds
new vehicle249 @ 14:15:10 (sumoTime: 51310 seconds) on link 1 with path_nodes [1, 2, 3, 4] which means path_links [1, 2, 3]
['newVeh249'] arrived @ sumotime 51336.0 seconds
new vehicle250 @ 14:15:43 (sumoTime: 51343 seconds) on link 1 with path_nodes [1, 2, 3, 4] which means path_links [1, 2, 3]
['newVeh250'] arrived @ sumotime 51370.0 seconds
new vehicle251 @ 14:17:09 (sumoTime: 51429 seconds) on link 1 with path_nodes [1, 2, 3, 4] which means path_links [1, 2, 3]
['newVeh251'] arrived @ sumotime 51460.0 seconds
new vehicle252 @ 14:19:38 (sumoTime: 51578 seconds) on link 1 with path_nodes [1, 2, 3, 4] which means path_links [1, 2, 3]
['newVeh252'] arrived @ sumotime 51606.0 seconds
new vehicle253 @ 14:20:37 (sumoTime: 51637 seconds) on link 1 with path_nodes [1, 2, 3, 4] which means path_links [1, 2, 3]
['newVeh253'] arrived @ sumotime 51664.0 seconds
new vehicle254 @ 14:26:00 (sumoTime: 51960 seconds) on link 1 with path_nodes [1, 2, 3, 4] which means path_links [1, 2, 3]
new vehicle255 @ 14:26:08 (sumoTime: 51968 seconds) on link 1 with path_nodes [1, 2, 3, 4] which means path_links [1, 2, 3]
['newVeh254'] arrived @ sumotime 51987.0 seconds
['newVeh255'] arrived @ sumotime 51996.0 seconds
new vehicle256 @ 14:30:07 (sumoTime: 52207 seconds) on link 1 with path_nodes [1, 2, 3, 4] which means path_links [1, 2, 3]
['newVeh256'] arrived @ sumotime 52234.0 seconds
new vehicle257 @ 14:32:41 (sumoTime: 52361 seconds) on link 1 with path_nodes [1, 2, 3, 4] which means path_links [1, 2, 3]
['newVeh257'] arrived @ sumotime 52389.0 seconds
new vehicle258 @ 14:37:26 (sumoTime: 52646 seconds) on link 1 with path_nodes [1, 2, 3, 4] which means path_links [1, 2, 3]
new vehicle259 @ 14:37:31 (sumoTime: 52651 seconds) on link 1 with path_nodes [1, 2, 3, 4] which means path_links [1, 2, 3]
['newVeh258'] arrived @ sumotime 52673.0 seconds
['newVeh259'] arrived @ sumotime 52679.0 seconds
new vehicle260 @ 14:41:18 (sumoTime: 52878 seconds) on link 1 with path_nodes [1, 2, 3, 4] which means path_links [1, 2, 3]
['newVeh260'] arrived @ sumotime 52908.0 seconds
new vehicle261 @ 14:42:17 (sumoTime: 52937 seconds) on link 1 with path_nodes [1, 2, 3, 4] which means path_links [1, 2, 3]
['newVeh261'] arrived @ sumotime 52965.0 seconds
new vehicle262 @ 14:45:21 (sumoTime: 53121 seconds) on link 1 with path_nodes [1, 2, 3, 4] which means path_links [1, 2, 3]
new vehicle263 @ 14:45:25 (sumoTime: 53125 seconds) on link 1 with path_nodes [1, 2, 3, 4] which means path_links [1, 2, 3]
['newVeh262'] arrived @ sumotime 53148.0 seconds
['newVeh263'] arrived @ sumotime 53152.0 seconds
new vehicle264 @ 14:47:37 (sumoTime: 53257 seconds) on link 1 with path_nodes [1, 2, 3, 4] which means path_links [1, 2, 3]
['newVeh264'] arrived @ sumotime 53285.0 seconds
new vehicle265 @ 14:49:49 (sumoTime: 53389 seconds) on link 1 with path_nodes [1, 2, 3, 4] which means path_links [1, 2, 3]
new vehicle266 @ 14:49:54 (sumoTime: 53394 seconds) on link 1 with path_nodes [1, 2, 3, 4] which means path_links [1, 2, 3]
['newVeh265'] arrived @ sumotime 53416.0 seconds
['newVeh266'] arrived @ sumotime 53418.0 seconds
new vehicle267 @ 14:51:12 (sumoTime: 53472 seconds) on link 1 with path_nodes [1, 2, 3, 4] which means path_links [1, 2, 3]
['newVeh267'] arrived @ sumotime 53497.0 seconds
new vehicle268 @ 14:54:45 (sumoTime: 53685 seconds) on link 1 with path_nodes [1, 2, 3, 4] which means path_links [1, 2, 3]
['newVeh268'] arrived @ sumotime 53711.0 seconds
new vehicle269 @ 14:55:18 (sumoTime: 53718 seconds) on link 1 with path_nodes [1, 2, 3, 4] which means path_links [1, 2, 3]
['newVeh269'] arrived @ sumotime 53746.0 seconds
['newVeh269'] arrived @ sumotime 53747.0 seconds
new vehicle270 @ 14:56:11 (sumoTime: 53771 seconds) on link 1 with path_nodes [1, 2, 3, 4] which means path_links [1, 2, 3]
['newVeh270'] arrived @ sumotime 53799.0 seconds
Gesamte Auslastung: 296
Summe erzeugter Fahrzeuge: 271
-> Fahrzeuge verloren: 25
Tupel bestehend aus: VolVisum, geplantesVolSumo, avgArrTimeVisum, avgArrTimeSumo
Link: 1 -> [(2, 2, 1800, 3658), (5, 6, 720, 705), (7, 7, 514, 516), (10, 12, 360, 326), (12, 14, 300, 323), (15, 18, 240, 213), (17, 15, 211, 265), (20, 19, 180, 197), (22, 15, 163, 208), (25, 23, 144, 164), (27, 29, 133, 122), (30, 27, 120, 137), (32, 23, 112, 163), (35, 41, 102, 91), (37, 35, 97, 106)]
Link: 3 -> []
Link: 5 -> []
VolumenInSumo: [(1015, ['1', '2', '3']), (10954, ['1', '2', '3']), (11454, ['1', '2', '3']), (11802, ['1', '2', '3']), (12510, ['1', '2', '3']), (14415, ['1', '2', '3']), (21506, ['1', '2', '3']), (22107, ['1', '2', '3']), (24049, ['1', '2', '3']), (24836, ['1', '2', '3']), (25239, ['1', '2', '3']), (25913, ['1', '2', '3']), (30346, ['1', '2', '3']), (30745, ['1', '2', '3']), (32211, ['1', '2', '3']), (32617, ['1', '2', '3']), (33045, ['1', '2', '3']), (33707, ['1', '2', '3']), (33847, ['1', '2', '3']), (34908, ['1', '2', '3']), (35143, ['1', '2', '3']), (35210, ['1', '2', '3']), (35525, ['1', '2', '3']), (40253, ['1', '2', '3']), (40349, ['1', '2', '3']), (40854, ['1', '2', '3']), (41257, ['1', '2', '3']), (42127, ['1', '2', '3']), (42335, ['1', '2', '3']), (42904, ['1', '2', '3']), (43139, ['1', '2', '3']), (43228, ['1', '2', '3']), (43428, ['1', '2', '3']), (44748, ['1', '2', '3']), (45712, ['1', '2', '3']), (45902, ['1', '2', '3']), (50116, ['1', '2', '3']), (50222, ['1', '2', '3']), (50505, ['1', '2', '3']), (50712, ['1', '2', '3']), (51800, ['1', '2', '3']), (51837, ['1', '2', '3']), (52743, ['1', '2', '3']), (52835, ['1', '2', '3']), (53029, ['1', '2', '3']), (53246, ['1', '2', '3']), (53450, ['1', '2', '3']), (53503, ['1', '2', '3']), (53638, ['1', '2', '3']), (55038, ['1', '2', '3']), (55347, ['1', '2', '3']), (55420, ['1', '2', '3']), (55821, ['1', '2', '3']), (60208, ['1', '2', '3']), (60434, ['1', '2', '3']), (61722, ['1', '2', '3']), (61742, ['1', '2', '3']), (61936, ['1', '2', '3']), (62033, ['1', '2', '3']), (62620, ['1', '2', '3']), (62706, ['1', '2', '3']), (64109, ['1', '2', '3']), (64123, ['1', '2', '3']), (64134, ['1', '2', '3']), (64506, ['1', '2', '3']), (64702, ['1', '2', '3']), (65301, ['1', '2', '3']), (70144, ['1', '2', '3']), (70250, ['1', '2', '3']), (70313, ['1', '2', '3']), (70541, ['1', '2', '3']), (70800, ['1', '2', '3']), (72309, ['1', '2', '3']), (72358, ['1', '2', '3']), (72508, ['1', '2', '3']), (72641, ['1', '2', '3']), (72903, ['1', '2', '3']), (73046, ['1', '2', '3']), (74957, ['1', '2', '3']), (75022, ['1', '2', '3']), (75356, ['1', '2', '3']), (75805, ['1', '2', '3']), (75907, ['1', '2', '3']), (75927, ['1', '2', '3']), (75932, ['1', '2', '3']), (81120, ['1', '6', '7', '-8', '3']), (81306, ['1', '6', '7', '-8', '3']), (81811, ['1', '6', '7', '-8', '3']), (82215, ['1', '6', '7', '-8', '3']), (82819, ['1', '6', '7', '-8', '3']), (83425, ['1', '6', '7', '-8', '3']), (83711, ['1', '6', '7', '-8', '3']), (83853, ['1', '6', '7', '-8', '3']), (84123, ['1', '6', '7', '-8', '3']), (84137, ['1', '6', '7', '-8', '3']), (85424, ['1', '6', '7', '-8', '3']), (85611, ['1', '6', '7', '-8', '3']), (85647, ['1', '6', '7', '-8', '3']), (85735, ['1', '6', '7', '-8', '3']), (90114, ['1', '6', '7', '-8', '3']), (90127, ['1', '6', '7', '-8', '3']), (90238, ['1', '6', '7', '-8', '3']), (90259, ['1', '6', '7', '-8', '3']), (90313, ['1', '6', '7', '-8', '3']), (91119, ['1', '6', '7', '-8', '3']), (91517, ['1', '6', '7', '-8', '3']), (92352, ['1', '6', '7', '-8', '3']), (92631, ['1', '6', '7', '-8', '3']), (93752, ['1', '6', '7', '-8', '3']), (93951, ['1', '6', '7', '-8', '3']), (94249, ['1', '6', '7', '-8', '3']), (94410, ['1', '6', '7', '-8', '3']), (94654, ['1', '6', '7', '-8', '3']), (95201, ['1', '6', '7', '-8', '3']), (95312, ['1', '6', '7', '-8', '3']), (95358, ['1', '6', '7', '-8', '3']), (95503, ['1', '6', '7', '-8', '3']), (95526, ['1', '6', '7', '-8', '3']), (95715, ['1', '6', '7', '-8', '3']), (95927, ['1', '6', '7', '-8', '3']), (95941, ['1', '6', '7', '-8', '3']), (100443, ['1', '6', '7', '-8', '3']), (101105, ['1', '6', '7', '-8', '3']), (101313, ['1', '6', '7', '-8', '3']), (102013, ['1', '6', '7', '-8', '3']), (102306, ['1', '6', '7', '-8', '3']), (102641, ['1', '6', '7', '-8', '3']), (102819, ['1', '6', '7', '-8', '3']), (103030, ['1', '6', '7', '-8', '3']), (103326, ['1', '6', '7', '-8', '3']), (103352, ['1', '6', '7', '-8', '3']), (103455, ['1', '6', '7', '-8', '3']), (103616, ['1', '6', '7', '-8', '3']), (103703, ['1', '6', '7', '-8', '3']), (103730, ['1', '6', '7', '-8', '3']), (103747, ['1', '6', '7', '-8', '3']), (104040, ['1', '6', '7', '-8', '3']), (104121, ['1', '6', '7', '-8', '3']), (104701, ['1', '6', '7', '-8', '3']), (104826, ['1', '6', '7', '-8', '3']), (104826, ['1', '6', '7', '-8', '3']), (104943, ['1', '6', '7', '-8', '3']), (105006, ['1', '6', '7', '-8', '3']), (105111, ['1', '6', '7', '-8', '3']), (105118, ['1', '6', '7', '-8', '3']), (105216, ['1', '6', '7', '-8', '3']), (105227, ['1', '6', '7', '-8', '3']), (105423, ['1', '6', '7', '-8', '3']), (105540, ['1', '6', '7', '-8', '3']), (110045, ['1', '6', '7', '-8', '3']), (110413, ['1', '6', '7', '-8', '3']), (110630, ['1', '6', '7', '-8', '3']), (111111, ['1', '6', '7', '-8', '3']), (111155, ['1', '6', '7', '-8', '3']), (111215, ['1', '6', '7', '-8', '3']), (111609, ['1', '6', '7', '-8', '3']), (112241, ['1', '6', '7', '-8', '3']), (112538, ['1', '6', '7', '-8', '3']), (112622, ['1', '6', '7', '-8', '3']), (112936, ['1', '6', '7', '-8', '3']), (113547, ['1', '6', '7', '-8', '3']), (113724, ['1', '6', '7', '-8', '3']), (113908, ['1', '6', '7', '-8', '3']), (113951, ['1', '6', '7', '-8', '3']), (113952, ['1', '6', '7', '-8', '3']), (114027, ['1', '6', '7', '-8', '3']), (114208, ['1', '6', '7', '-8', '3']), (114305, ['1', '6', '7', '-8', '3']), (114547, ['1', '6', '7', '-8', '3']), (114611, ['1', '6', '7', '-8', '3']), (114858, ['1', '6', '7', '-8', '3']), (115058, ['1', '6', '7', '-8', '3']), (115517, ['1', '6', '7', '-8', '3']), (115714, ['1', '6', '7', '-8', '3']), (115850, ['1', '6', '7', '-8', '3']), (120045, ['1', '2', '3']), (120306, ['1', '2', '3']), (120913, ['1', '2', '3']), (120923, ['1', '2', '3']), (120939, ['1', '2', '3']), (121023, ['1', '2', '3']), (121240, ['1', '2', '3']), (121700, ['1', '2', '3']), (121712, ['1', '2', '3']), (121852, ['1', '2', '3']), (121917, ['1', '2', '3']), (121923, ['1', '2', '3']), (121932, ['1', '2', '3']), (122544, ['1', '2', '3']), (124229, ['1', '2', '3']), (124516, ['1', '2', '3']), (124847, ['1', '2', '3']), (125104, ['1', '2', '3']), (125214, ['1', '2', '3']), (125618, ['1', '2', '3']), (125904, ['1', '2', '3']), (125918, ['1', '2', '3']), (130044, ['1', '2', '3']), (130134, ['1', '2', '3']), (130447, ['1', '2', '3']), (130626, ['1', '2', '3']), (130728, ['1', '2', '3']), (131004, ['1', '2', '3']), (131034, ['1', '2', '3']), (131204, ['1', '2', '3']), (131327, ['1', '2', '3']), (131544, ['1', '2', '3']), (131612, ['1', '2', '3']), (131725, ['1', '2', '3']), (131816, ['1', '2', '3']), (131951, ['1', '2', '3']), (132232, ['1', '2', '3']), (132337, ['1', '2', '3']), (132617, ['1', '2', '3']), (132757, ['1', '2', '3']), (133135, ['1', '2', '3']), (133413, ['1', '2', '3']), (133432, ['1', '2', '3']), (133520, ['1', '2', '3']), (133839, ['1', '2', '3']), (134128, ['1', '2', '3']), (134221, ['1', '2', '3']), (134323, ['1', '2', '3']), (134509, ['1', '2', '3']), (134509, ['1', '2', '3']), (134516, ['1', '2', '3']), (134943, ['1', '2', '3']), (135040, ['1', '2', '3']), (135127, ['1', '2', '3']), (135203, ['1', '2', '3']), (135339, ['1', '2', '3']), (135430, ['1', '2', '3']), (135432, ['1', '2', '3']), (135657, ['1', '2', '3']), (135702, ['1', '2', '3']), (135752, ['1', '2', '3']), (135905, ['1', '2', '3']), (140008, ['1', '2', '3']), (140011, ['1', '2', '3']), (140202, ['1', '2', '3']), (140257, ['1', '2', '3']), (140637, ['1', '2', '3']), (141049, ['1', '2', '3']), (141142, ['1', '2', '3']), (141226, ['1', '2', '3']), (141228, ['1', '2', '3']), (141319, ['1', '2', '3']), (141334, ['1', '2', '3']), (141435, ['1', '2', '3']), (141510, ['1', '2', '3']), (141543, ['1', '2', '3']), (141709, ['1', '2', '3']), (141938, ['1', '2', '3']), (142037, ['1', '2', '3']), (142600, ['1', '2', '3']), (142608, ['1', '2', '3']), (143007, ['1', '2', '3']), (143241, ['1', '2', '3']), (143726, ['1', '2', '3']), (143731, ['1', '2', '3']), (144118, ['1', '2', '3']), (144217, ['1', '2', '3']), (144521, ['1', '2', '3']), (144525, ['1', '2', '3']), (144737, ['1', '2', '3']), (144949, ['1', '2', '3']), (144954, ['1', '2', '3']), (145112, ['1', '2', '3']), (145445, ['1', '2', '3']), (145518, ['1', '2', '3']), (145611, ['1', '2', '3'])]
2 -> 3 : [(0, 2), (10000, 5), (20000, 7), (30000, 10), (40000, 12), (50000, 15), (60000, 17), (70000, 20), (80000, 22), (90000, 25), (100000, 27), (110000, 30), (120000, 32), (130000, 35), (140000, 37)]
2 -> 5 : [(0, 0), (10000, 0), (20000, 0), (30000, 0), (40000, 0), (50000, 0), (60000, 0), (70000, 0), (80000, 0), (90000, 0), (100000, 0), (110000, 0), (120000, 0), (130000, 0), (140000, 0)]
2 -> 6 : [(0, 0), (10000, 0), (20000, 0), (30000, 0), (40000, 0), (50000, 0), (60000, 0), (70000, 0), (80000, 0), (90000, 0), (100000, 0), (110000, 0), (120000, 0), (130000, 0), (140000, 0)]
3 -> 2 : [(0, 0), (10000, 0), (20000, 0), (30000, 0), (40000, 0), (50000, 0), (60000, 0), (70000, 0), (80000, 0), (90000, 0), (100000, 0), (110000, 0), (120000, 0), (130000, 0), (140000, 0)]
3 -> 4 : [(0, 2), (10000, 5), (20000, 7), (30000, 10), (40000, 12), (50000, 15), (60000, 17), (70000, 20), (80000, 22), (90000, 25), (100000, 27), (110000, 30), (120000, 32), (130000, 35), (140000, 37)]
3 -> 7 : [(0, 0), (10000, 0), (20000, 0), (30000, 0), (40000, 0), (50000, 0), (60000, 0), (70000, 0), (80000, 0), (90000, 0), (100000, 0), (110000, 0), (120000, 0), (130000, 0), (140000, 0)]
4 -> 3 : [(0, 0), (10000, 0), (20000, 0), (30000, 0), (40000, 0), (50000, 0), (60000, 0), (70000, 0), (80000, 0), (90000, 0), (100000, 0), (110000, 0), (120000, 0), (130000, 0), (140000, 0)]
4 -> 5 : [(0, 0), (10000, 0), (20000, 0), (30000, 0), (40000, 0), (50000, 0), (60000, 0), (70000, 0), (80000, 0), (90000, 0), (100000, 0), (110000, 0), (120000, 0), (130000, 0), (140000, 0)]
5 -> 2 : [(0, 0), (10000, 0), (20000, 0), (30000, 0), (40000, 0), (50000, 0), (60000, 0), (70000, 0), (80000, 0), (90000, 0), (100000, 0), (110000, 0), (120000, 0), (130000, 0), (140000, 0)]
5 -> 4 : [(0, 0), (10000, 0), (20000, 0), (30000, 0), (40000, 0), (50000, 0), (60000, 0), (70000, 0), (80000, 0), (90000, 0), (100000, 0), (110000, 0), (120000, 0), (130000, 0), (140000, 0)]
6 -> 2 : [(0, 0), (10000, 0), (20000, 0), (30000, 0), (40000, 0), (50000, 0), (60000, 0), (70000, 0), (80000, 0), (90000, 0), (100000, 0), (110000, 0), (120000, 0), (130000, 0), (140000, 0)]
6 -> 7 : [(0, 0), (10000, 0), (20000, 0), (30000, 0), (40000, 0), (50000, 0), (60000, 0), (70000, 0), (80000, 0), (90000, 0), (100000, 0), (110000, 0), (120000, 0), (130000, 0), (140000, 0)]
7 -> 3 : [(0, 0), (10000, 0), (20000, 0), (30000, 0), (40000, 0), (50000, 0), (60000, 0), (70000, 0), (80000, 0), (90000, 0), (100000, 0), (110000, 0), (120000, 0), (130000, 0), (140000, 0)]
7 -> 6 : [(0, 0), (10000, 0), (20000, 0), (30000, 0), (40000, 0), (50000, 0), (60000, 0), (70000, 0), (80000, 0), (90000, 0), (100000, 0), (110000, 0), (120000, 0), (130000, 0), (140000, 0)]
