00:00:00
new vehicle0 @ 00:56:48 (sumoTime: 3408 seconds) on link 1 with path_nodes [1, 2, 3, 4] which means path_links [1, 2, 3]
['newVeh0'] arrived @ sumotime 3436.0 seconds
new vehicle1 @ 00:58:46 (sumoTime: 3526 seconds) on link 1 with path_nodes [1, 2, 3, 4] which means path_links [1, 2, 3]
['newVeh1'] arrived @ sumotime 3552.0 seconds
01:00:00
Umlegung ausgeführt
curVolumes: (10000, [(3, 2, 0)])
new vehicle2 @ 01:16:05 (sumoTime: 4565 seconds) on link 1 with path_nodes [1, 2, 3, 4] which means path_links [1, 2, 3]
['newVeh2'] arrived @ sumotime 4591.0 seconds
new vehicle3 @ 01:51:23 (sumoTime: 6683 seconds) on link 1 with path_nodes [1, 2, 3, 4] which means path_links [1, 2, 3]
['newVeh3'] arrived @ sumotime 6712.0 seconds
02:00:00
Umlegung ausgeführt
curVolumes: (20000, [(3, 2, 0)])
new vehicle4 @ 02:29:55 (sumoTime: 8995 seconds) on link 1 with path_nodes [1, 2, 3, 4] which means path_links [1, 2, 3]
['newVeh4'] arrived @ sumotime 9023.0 seconds
new vehicle5 @ 02:34:31 (sumoTime: 9271 seconds) on link 1 with path_nodes [1, 2, 3, 4] which means path_links [1, 2, 3]
['newVeh5'] arrived @ sumotime 9297.0 seconds
new vehicle6 @ 02:50:25 (sumoTime: 10225 seconds) on link 1 with path_nodes [1, 2, 3, 4] which means path_links [1, 2, 3]
['newVeh6'] arrived @ sumotime 10251.0 seconds
['newVeh6'] arrived @ sumotime 10252.0 seconds
new vehicle7 @ 02:51:38 (sumoTime: 10298 seconds) on link 1 with path_nodes [1, 2, 3, 4] which means path_links [1, 2, 3]
['newVeh7'] arrived @ sumotime 10323.0 seconds
03:00:00
Umlegung ausgeführt
curVolumes: (30000, [(3, 5, 0)])
new vehicle8 @ 03:03:34 (sumoTime: 11014 seconds) on link 1 with path_nodes [1, 2, 3, 4] which means path_links [1, 2, 3]
['newVeh8'] arrived @ sumotime 11044.0 seconds
new vehicle9 @ 03:08:05 (sumoTime: 11285 seconds) on link 1 with path_nodes [1, 2, 3, 4] which means path_links [1, 2, 3]
['newVeh9'] arrived @ sumotime 11315.0 seconds
new vehicle10 @ 03:24:39 (sumoTime: 12279 seconds) on link 1 with path_nodes [1, 2, 3, 4] which means path_links [1, 2, 3]
['newVeh10'] arrived @ sumotime 12306.0 seconds
new vehicle11 @ 03:31:04 (sumoTime: 12664 seconds) on link 1 with path_nodes [1, 2, 3, 4] which means path_links [1, 2, 3]
['newVeh11'] arrived @ sumotime 12692.0 seconds
new vehicle12 @ 03:42:09 (sumoTime: 13329 seconds) on link 1 with path_nodes [1, 2, 3, 4] which means path_links [1, 2, 3]
new vehicle13 @ 03:42:29 (sumoTime: 13349 seconds) on link 1 with path_nodes [1, 2, 3, 4] which means path_links [1, 2, 3]
['newVeh12'] arrived @ sumotime 13360.0 seconds
['newVeh13'] arrived @ sumotime 13376.0 seconds
new vehicle14 @ 03:45:56 (sumoTime: 13556 seconds) on link 1 with path_nodes [1, 2, 3, 4] which means path_links [1, 2, 3]
['newVeh14'] arrived @ sumotime 13584.0 seconds
new vehicle15 @ 03:59:22 (sumoTime: 14362 seconds) on link 1 with path_nodes [1, 2, 3, 4] which means path_links [1, 2, 3]
['newVeh15'] arrived @ sumotime 14389.0 seconds
04:00:00
Umlegung ausgeführt
curVolumes: (40000, [(3, 8, 0)])
new vehicle16 @ 04:04:31 (sumoTime: 14671 seconds) on link 1 with path_nodes [1, 2, 3, 4] which means path_links [1, 2, 3]
['newVeh16'] arrived @ sumotime 14697.0 seconds
new vehicle17 @ 04:09:26 (sumoTime: 14966 seconds) on link 1 with path_nodes [1, 2, 3, 4] which means path_links [1, 2, 3]
['newVeh17'] arrived @ sumotime 14996.0 seconds
new vehicle18 @ 04:12:02 (sumoTime: 15122 seconds) on link 1 with path_nodes [1, 2, 3, 4] which means path_links [1, 2, 3]
['newVeh18'] arrived @ sumotime 15149.0 seconds
new vehicle19 @ 04:17:28 (sumoTime: 15448 seconds) on link 1 with path_nodes [1, 2, 3, 4] which means path_links [1, 2, 3]
new vehicle20 @ 04:17:41 (sumoTime: 15461 seconds) on link 1 with path_nodes [1, 2, 3, 4] which means path_links [1, 2, 3]
['newVeh19'] arrived @ sumotime 15473.0 seconds
['newVeh20'] arrived @ sumotime 15487.0 seconds
new vehicle21 @ 04:38:26 (sumoTime: 16706 seconds) on link 1 with path_nodes [1, 2, 3, 4] which means path_links [1, 2, 3]
['newVeh21'] arrived @ sumotime 16736.0 seconds
new vehicle22 @ 04:39:30 (sumoTime: 16770 seconds) on link 1 with path_nodes [1, 2, 3, 4] which means path_links [1, 2, 3]
['newVeh22'] arrived @ sumotime 16796.0 seconds
new vehicle23 @ 04:45:38 (sumoTime: 17138 seconds) on link 1 with path_nodes [1, 2, 3, 4] which means path_links [1, 2, 3]
['newVeh23'] arrived @ sumotime 17164.0 seconds
new vehicle24 @ 04:48:46 (sumoTime: 17326 seconds) on link 1 with path_nodes [1, 2, 3, 4] which means path_links [1, 2, 3]
['newVeh24'] arrived @ sumotime 17355.0 seconds
new vehicle25 @ 04:59:22 (sumoTime: 17962 seconds) on link 1 with path_nodes [1, 2, 3, 4] which means path_links [1, 2, 3]
['newVeh25'] arrived @ sumotime 17988.0 seconds
05:00:00
Umlegung ausgeführt
curVolumes: (50000, [(3, 10, 0)])
new vehicle26 @ 05:02:50 (sumoTime: 18170 seconds) on link 1 with path_nodes [1, 2, 3, 4] which means path_links [1, 2, 3]
['newVeh26'] arrived @ sumotime 18199.0 seconds
new vehicle27 @ 05:05:24 (sumoTime: 18324 seconds) on link 1 with path_nodes [1, 2, 3, 4] which means path_links [1, 2, 3]
['newVeh27'] arrived @ sumotime 18352.0 seconds
new vehicle28 @ 05:06:56 (sumoTime: 18416 seconds) on link 1 with path_nodes [1, 2, 3, 4] which means path_links [1, 2, 3]
['newVeh28'] arrived @ sumotime 18443.0 seconds
new vehicle29 @ 05:16:49 (sumoTime: 19009 seconds) on link 1 with path_nodes [1, 2, 3, 4] which means path_links [1, 2, 3]
['newVeh29'] arrived @ sumotime 19035.0 seconds
new vehicle30 @ 05:20:52 (sumoTime: 19252 seconds) on link 1 with path_nodes [1, 2, 3, 4] which means path_links [1, 2, 3]
['newVeh30'] arrived @ sumotime 19280.0 seconds
new vehicle31 @ 05:22:35 (sumoTime: 19355 seconds) on link 1 with path_nodes [1, 2, 3, 4] which means path_links [1, 2, 3]
['newVeh31'] arrived @ sumotime 19381.0 seconds
new vehicle32 @ 05:23:28 (sumoTime: 19408 seconds) on link 1 with path_nodes [1, 2, 3, 4] which means path_links [1, 2, 3]
['newVeh32'] arrived @ sumotime 19438.0 seconds
new vehicle33 @ 05:25:27 (sumoTime: 19527 seconds) on link 1 with path_nodes [1, 2, 3, 4] which means path_links [1, 2, 3]
['newVeh33'] arrived @ sumotime 19555.0 seconds
new vehicle34 @ 05:26:37 (sumoTime: 19597 seconds) on link 1 with path_nodes [1, 2, 3, 4] which means path_links [1, 2, 3]
['newVeh34'] arrived @ sumotime 19622.0 seconds
new vehicle35 @ 05:30:57 (sumoTime: 19857 seconds) on link 1 with path_nodes [1, 2, 3, 4] which means path_links [1, 2, 3]
['newVeh35'] arrived @ sumotime 19883.0 seconds
new vehicle36 @ 05:32:18 (sumoTime: 19938 seconds) on link 1 with path_nodes [1, 2, 3, 4] which means path_links [1, 2, 3]
['newVeh36'] arrived @ sumotime 19964.0 seconds
new vehicle37 @ 05:34:42 (sumoTime: 20082 seconds) on link 1 with path_nodes [1, 2, 3, 4] which means path_links [1, 2, 3]
['newVeh37'] arrived @ sumotime 20108.0 seconds
new vehicle38 @ 05:45:37 (sumoTime: 20737 seconds) on link 1 with path_nodes [1, 2, 3, 4] which means path_links [1, 2, 3]
['newVeh38'] arrived @ sumotime 20764.0 seconds
new vehicle39 @ 05:52:29 (sumoTime: 21149 seconds) on link 1 with path_nodes [1, 2, 3, 4] which means path_links [1, 2, 3]
['newVeh39'] arrived @ sumotime 21177.0 seconds
new vehicle40 @ 05:57:45 (sumoTime: 21465 seconds) on link 1 with path_nodes [1, 2, 3, 4] which means path_links [1, 2, 3]
['newVeh40'] arrived @ sumotime 21494.0 seconds
06:00:00
Umlegung ausgeführt
curVolumes: (60000, [(3, 15, 0)])
new vehicle41 @ 06:00:38 (sumoTime: 21638 seconds) on link 1 with path_nodes [1, 2, 3, 4] which means path_links [1, 2, 3]
['newVeh41'] arrived @ sumotime 21666.0 seconds
new vehicle42 @ 06:04:56 (sumoTime: 21896 seconds) on link 1 with path_nodes [1, 2, 3, 4] which means path_links [1, 2, 3]
['newVeh42'] arrived @ sumotime 21924.0 seconds
new vehicle43 @ 06:07:45 (sumoTime: 22065 seconds) on link 1 with path_nodes [1, 2, 3, 4] which means path_links [1, 2, 3]
['newVeh43'] arrived @ sumotime 22096.0 seconds
new vehicle44 @ 06:16:37 (sumoTime: 22597 seconds) on link 1 with path_nodes [1, 2, 3, 4] which means path_links [1, 2, 3]
['newVeh44'] arrived @ sumotime 22621.0 seconds
new vehicle45 @ 06:18:22 (sumoTime: 22702 seconds) on link 1 with path_nodes [1, 2, 3, 4] which means path_links [1, 2, 3]
['newVeh45'] arrived @ sumotime 22729.0 seconds
new vehicle46 @ 06:21:30 (sumoTime: 22890 seconds) on link 1 with path_nodes [1, 2, 3, 4] which means path_links [1, 2, 3]
new vehicle47 @ 06:21:45 (sumoTime: 22905 seconds) on link 1 with path_nodes [1, 2, 3, 4] which means path_links [1, 2, 3]
new vehicle48 @ 06:21:59 (sumoTime: 22919 seconds) on link 1 with path_nodes [1, 2, 3, 4] which means path_links [1, 2, 3]
['newVeh46'] arrived @ sumotime 22919.0 seconds
['newVeh47'] arrived @ sumotime 22931.0 seconds
['newVeh47'] arrived @ sumotime 22932.0 seconds
['newVeh48'] arrived @ sumotime 22948.0 seconds
new vehicle49 @ 06:23:41 (sumoTime: 23021 seconds) on link 1 with path_nodes [1, 2, 3, 4] which means path_links [1, 2, 3]
['newVeh49'] arrived @ sumotime 23049.0 seconds
new vehicle50 @ 06:26:49 (sumoTime: 23209 seconds) on link 1 with path_nodes [1, 2, 3, 4] which means path_links [1, 2, 3]
['newVeh50'] arrived @ sumotime 23235.0 seconds
['newVeh50'] arrived @ sumotime 23236.0 seconds
new vehicle51 @ 06:28:46 (sumoTime: 23326 seconds) on link 1 with path_nodes [1, 2, 3, 4] which means path_links [1, 2, 3]
['newVeh51'] arrived @ sumotime 23351.0 seconds
new vehicle52 @ 06:30:43 (sumoTime: 23443 seconds) on link 1 with path_nodes [1, 2, 3, 4] which means path_links [1, 2, 3]
['newVeh52'] arrived @ sumotime 23471.0 seconds
['newVeh52'] arrived @ sumotime 23472.0 seconds
new vehicle53 @ 06:32:11 (sumoTime: 23531 seconds) on link 1 with path_nodes [1, 2, 3, 4] which means path_links [1, 2, 3]
['newVeh53'] arrived @ sumotime 23557.0 seconds
new vehicle54 @ 06:36:00 (sumoTime: 23760 seconds) on link 1 with path_nodes [1, 2, 3, 4] which means path_links [1, 2, 3]
['newVeh54'] arrived @ sumotime 23786.0 seconds
new vehicle55 @ 06:36:28 (sumoTime: 23788 seconds) on link 1 with path_nodes [1, 2, 3, 4] which means path_links [1, 2, 3]
['newVeh55'] arrived @ sumotime 23814.0 seconds
new vehicle56 @ 06:38:11 (sumoTime: 23891 seconds) on link 1 with path_nodes [1, 2, 3, 4] which means path_links [1, 2, 3]
['newVeh56'] arrived @ sumotime 23918.0 seconds
new vehicle57 @ 06:41:19 (sumoTime: 24079 seconds) on link 1 with path_nodes [1, 2, 3, 4] which means path_links [1, 2, 3]
['newVeh57'] arrived @ sumotime 24108.0 seconds
new vehicle58 @ 06:49:01 (sumoTime: 24541 seconds) on link 1 with path_nodes [1, 2, 3, 4] which means path_links [1, 2, 3]
['newVeh58'] arrived @ sumotime 24566.0 seconds
new vehicle59 @ 06:50:27 (sumoTime: 24627 seconds) on link 1 with path_nodes [1, 2, 3, 4] which means path_links [1, 2, 3]
['newVeh59'] arrived @ sumotime 24656.0 seconds
new vehicle60 @ 06:51:05 (sumoTime: 24665 seconds) on link 1 with path_nodes [1, 2, 3, 4] which means path_links [1, 2, 3]
['newVeh60'] arrived @ sumotime 24694.0 seconds
07:00:00
Umlegung ausgeführt
curVolumes: (70000, [(3, 23, 0)])
new vehicle61 @ 07:05:27 (sumoTime: 25527 seconds) on link 1 with path_nodes [1, 2, 3, 4] which means path_links [1, 2, 3]
['newVeh61'] arrived @ sumotime 25557.0 seconds
new vehicle62 @ 07:06:59 (sumoTime: 25619 seconds) on link 1 with path_nodes [1, 2, 3, 4] which means path_links [1, 2, 3]
['newVeh62'] arrived @ sumotime 25649.0 seconds
new vehicle63 @ 07:10:25 (sumoTime: 25825 seconds) on link 1 with path_nodes [1, 2, 3, 4] which means path_links [1, 2, 3]
['newVeh63'] arrived @ sumotime 25852.0 seconds
new vehicle64 @ 07:11:54 (sumoTime: 25914 seconds) on link 1 with path_nodes [1, 2, 3, 4] which means path_links [1, 2, 3]
['newVeh64'] arrived @ sumotime 25940.0 seconds
new vehicle65 @ 07:13:55 (sumoTime: 26035 seconds) on link 1 with path_nodes [1, 2, 3, 4] which means path_links [1, 2, 3]
['newVeh65'] arrived @ sumotime 26061.0 seconds
new vehicle66 @ 07:14:23 (sumoTime: 26063 seconds) on link 1 with path_nodes [1, 2, 3, 4] which means path_links [1, 2, 3]
['newVeh66'] arrived @ sumotime 26091.0 seconds
new vehicle67 @ 07:19:17 (sumoTime: 26357 seconds) on link 1 with path_nodes [1, 2, 3, 4] which means path_links [1, 2, 3]
['newVeh67'] arrived @ sumotime 26384.0 seconds
new vehicle68 @ 07:22:46 (sumoTime: 26566 seconds) on link 1 with path_nodes [1, 2, 3, 4] which means path_links [1, 2, 3]
['newVeh68'] arrived @ sumotime 26592.0 seconds
new vehicle69 @ 07:27:02 (sumoTime: 26822 seconds) on link 1 with path_nodes [1, 2, 3, 4] which means path_links [1, 2, 3]
['newVeh69'] arrived @ sumotime 26849.0 seconds
new vehicle70 @ 07:32:03 (sumoTime: 27123 seconds) on link 1 with path_nodes [1, 2, 3, 4] which means path_links [1, 2, 3]
['newVeh70'] arrived @ sumotime 27149.0 seconds
new vehicle71 @ 07:33:15 (sumoTime: 27195 seconds) on link 1 with path_nodes [1, 2, 3, 4] which means path_links [1, 2, 3]
new vehicle72 @ 07:33:28 (sumoTime: 27208 seconds) on link 1 with path_nodes [1, 2, 3, 4] which means path_links [1, 2, 3]
['newVeh71'] arrived @ sumotime 27222.0 seconds
['newVeh72'] arrived @ sumotime 27235.0 seconds
new vehicle73 @ 07:34:42 (sumoTime: 27282 seconds) on link 1 with path_nodes [1, 2, 3, 4] which means path_links [1, 2, 3]
['newVeh73'] arrived @ sumotime 27309.0 seconds
new vehicle74 @ 07:42:27 (sumoTime: 27747 seconds) on link 1 with path_nodes [1, 2, 3, 4] which means path_links [1, 2, 3]
['newVeh74'] arrived @ sumotime 27776.0 seconds
new vehicle75 @ 07:49:42 (sumoTime: 28182 seconds) on link 1 with path_nodes [1, 2, 3, 4] which means path_links [1, 2, 3]
['newVeh75'] arrived @ sumotime 28210.0 seconds
new vehicle76 @ 07:54:38 (sumoTime: 28478 seconds) on link 1 with path_nodes [1, 2, 3, 4] which means path_links [1, 2, 3]
['newVeh76'] arrived @ sumotime 28503.0 seconds
new vehicle77 @ 07:59:53 (sumoTime: 28793 seconds) on link 1 with path_nodes [1, 2, 3, 4] which means path_links [1, 2, 3]
08:00:00
Umlegung ausgeführt
curVolumes: (80000, [(3, 16, 0)])
new vehicle78 @ 08:01:15 (sumoTime: 28875 seconds) on link 1 with path_nodes [1, 2, 3, 4] which means path_links [1, 2, 3]
new vehicle79 @ 08:03:33 (sumoTime: 29013 seconds) on link 1 with path_nodes [1, 2, 3, 4] which means path_links [1, 2, 3]
new vehicle80 @ 08:04:04 (sumoTime: 29044 seconds) on link 1 with path_nodes [1, 2, 3, 4] which means path_links [1, 2, 3]
new vehicle81 @ 08:05:03 (sumoTime: 29103 seconds) on link 1 with path_nodes [1, 2, 3, 4] which means path_links [1, 2, 3]
new vehicle82 @ 08:05:04 (sumoTime: 29104 seconds) on link 1 with path_nodes [1, 2, 3, 4] which means path_links [1, 2, 3]
['newVeh77'] arrived @ sumotime 29125.0 seconds
['newVeh78'] arrived @ sumotime 29153.0 seconds
['newVeh79'] arrived @ sumotime 29161.0 seconds
['newVeh80'] arrived @ sumotime 29168.0 seconds
['newVeh81'] arrived @ sumotime 29170.0 seconds
['newVeh82'] arrived @ sumotime 29172.0 seconds
new vehicle83 @ 08:11:26 (sumoTime: 29486 seconds) on link 1 with path_nodes [1, 2, 3, 4] which means path_links [1, 2, 3]
new vehicle84 @ 08:12:08 (sumoTime: 29528 seconds) on link 1 with path_nodes [1, 2, 3, 4] which means path_links [1, 2, 3]
['newVeh83'] arrived @ sumotime 29543.0 seconds
new vehicle85 @ 08:12:34 (sumoTime: 29554 seconds) on link 1 with path_nodes [1, 2, 3, 4] which means path_links [1, 2, 3]
['newVeh84'] arrived @ sumotime 29577.0 seconds
['newVeh85'] arrived @ sumotime 29603.0 seconds
new vehicle86 @ 08:15:58 (sumoTime: 29758 seconds) on link 1 with path_nodes [1, 2, 3, 4] which means path_links [1, 2, 3]
['newVeh86'] arrived @ sumotime 29808.0 seconds
new vehicle87 @ 08:17:26 (sumoTime: 29846 seconds) on link 1 with path_nodes [1, 2, 3, 4] which means path_links [1, 2, 3]
['newVeh87'] arrived @ sumotime 29897.0 seconds
new vehicle88 @ 08:19:42 (sumoTime: 29982 seconds) on link 1 with path_nodes [1, 2, 3, 4] which means path_links [1, 2, 3]
['newVeh88'] arrived @ sumotime 30032.0 seconds
new vehicle89 @ 08:21:24 (sumoTime: 30084 seconds) on link 1 with path_nodes [1, 2, 3, 4] which means path_links [1, 2, 3]
new vehicle90 @ 08:21:40 (sumoTime: 30100 seconds) on link 1 with path_nodes [1, 2, 3, 4] which means path_links [1, 2, 3]
['newVeh89'] arrived @ sumotime 30142.0 seconds
['newVeh90'] arrived @ sumotime 30151.0 seconds
new vehicle91 @ 08:23:24 (sumoTime: 30204 seconds) on link 1 with path_nodes [1, 2, 3, 4] which means path_links [1, 2, 3]
['newVeh91'] arrived @ sumotime 30255.0 seconds
new vehicle92 @ 08:30:24 (sumoTime: 30624 seconds) on link 1 with path_nodes [1, 2, 3, 4] which means path_links [1, 2, 3]
['newVeh92'] arrived @ sumotime 30674.0 seconds
new vehicle93 @ 08:31:55 (sumoTime: 30715 seconds) on link 1 with path_nodes [1, 2, 3, 4] which means path_links [1, 2, 3]
new vehicle94 @ 08:32:16 (sumoTime: 30736 seconds) on link 1 with path_nodes [1, 2, 3, 4] which means path_links [1, 2, 3]
['newVeh93'] arrived @ sumotime 30767.0 seconds
['newVeh93'] arrived @ sumotime 30768.0 seconds
['newVeh94'] arrived @ sumotime 30789.0 seconds
new vehicle95 @ 08:33:13 (sumoTime: 30793 seconds) on link 1 with path_nodes [1, 2, 3, 4] which means path_links [1, 2, 3]
['newVeh95'] arrived @ sumotime 30850.0 seconds
new vehicle96 @ 08:37:24 (sumoTime: 31044 seconds) on link 1 with path_nodes [1, 2, 3, 4] which means path_links [1, 2, 3]
['newVeh96'] arrived @ sumotime 31095.0 seconds
new vehicle97 @ 08:40:13 (sumoTime: 31213 seconds) on link 1 with path_nodes [1, 2, 3, 4] which means path_links [1, 2, 3]
['newVeh97'] arrived @ sumotime 31263.0 seconds
new vehicle98 @ 08:46:11 (sumoTime: 31571 seconds) on link 1 with path_nodes [1, 2, 3, 4] which means path_links [1, 2, 3]
['newVeh98'] arrived @ sumotime 31621.0 seconds
new vehicle99 @ 08:48:09 (sumoTime: 31689 seconds) on link 1 with path_nodes [1, 2, 3, 4] which means path_links [1, 2, 3]
new vehicle100 @ 08:48:23 (sumoTime: 31703 seconds) on link 1 with path_nodes [1, 2, 3, 4] which means path_links [1, 2, 3]
new vehicle101 @ 08:48:43 (sumoTime: 31723 seconds) on link 1 with path_nodes [1, 2, 3, 4] which means path_links [1, 2, 3]
['newVeh99'] arrived @ sumotime 31754.0 seconds
['newVeh100'] arrived @ sumotime 31759.0 seconds
['newVeh101'] arrived @ sumotime 31776.0 seconds
new vehicle102 @ 08:51:06 (sumoTime: 31866 seconds) on link 1 with path_nodes [1, 2, 3, 4] which means path_links [1, 2, 3]
['newVeh102'] arrived @ sumotime 31921.0 seconds
new vehicle103 @ 08:52:47 (sumoTime: 31967 seconds) on link 1 with path_nodes [1, 2, 3, 4] which means path_links [1, 2, 3]
new vehicle104 @ 08:53:04 (sumoTime: 31984 seconds) on link 1 with path_nodes [1, 2, 3, 4] which means path_links [1, 2, 3]
new vehicle105 @ 08:53:06 (sumoTime: 31986 seconds) on link 1 with path_nodes [1, 2, 3, 4] which means path_links [1, 2, 3]
['newVeh103'] arrived @ sumotime 32022.0 seconds
['newVeh104'] arrived @ sumotime 32033.0 seconds
['newVeh105'] arrived @ sumotime 32037.0 seconds
new vehicle106 @ 08:55:07 (sumoTime: 32107 seconds) on link 1 with path_nodes [1, 2, 3, 4] which means path_links [1, 2, 3]
['newVeh106'] arrived @ sumotime 32162.0 seconds
new vehicle107 @ 08:56:41 (sumoTime: 32201 seconds) on link 1 with path_nodes [1, 2, 3, 4] which means path_links [1, 2, 3]
['newVeh107'] arrived @ sumotime 32256.0 seconds
09:00:00
Umlegung ausgeführt
curVolumes: (90000, [(3, 32, 0)])
new vehicle108 @ 09:00:01 (sumoTime: 32401 seconds) on link 1 with path_nodes [1, 2, 3, 4] which means path_links [1, 2, 3]
new vehicle109 @ 09:00:38 (sumoTime: 32438 seconds) on link 1 with path_nodes [1, 2, 3, 4] which means path_links [1, 2, 3]
['newVeh108'] arrived @ sumotime 32454.0 seconds
['newVeh108'] arrived @ sumotime 32455.0 seconds
new vehicle110 @ 09:01:09 (sumoTime: 32469 seconds) on link 1 with path_nodes [1, 2, 3, 4] which means path_links [1, 2, 3]
['newVeh109'] arrived @ sumotime 32492.0 seconds
['newVeh110'] arrived @ sumotime 32521.0 seconds
new vehicle111 @ 09:05:34 (sumoTime: 32734 seconds) on link 1 with path_nodes [1, 2, 3, 4] which means path_links [1, 2, 3]
new vehicle112 @ 09:06:14 (sumoTime: 32774 seconds) on link 1 with path_nodes [1, 2, 3, 4] which means path_links [1, 2, 3]
['newVeh111'] arrived @ sumotime 32786.0 seconds
['newVeh111'] arrived @ sumotime 32787.0 seconds
['newVeh112'] arrived @ sumotime 32830.0 seconds
['newVeh112'] arrived @ sumotime 32831.0 seconds
new vehicle113 @ 09:07:18 (sumoTime: 32838 seconds) on link 1 with path_nodes [1, 2, 3, 4] which means path_links [1, 2, 3]
['newVeh113'] arrived @ sumotime 32888.0 seconds
new vehicle114 @ 09:10:21 (sumoTime: 33021 seconds) on link 1 with path_nodes [1, 2, 3, 4] which means path_links [1, 2, 3]
['newVeh114'] arrived @ sumotime 33077.0 seconds
new vehicle115 @ 09:13:39 (sumoTime: 33219 seconds) on link 1 with path_nodes [1, 2, 3, 4] which means path_links [1, 2, 3]
['newVeh115'] arrived @ sumotime 33276.0 seconds
new vehicle116 @ 09:15:15 (sumoTime: 33315 seconds) on link 1 with path_nodes [1, 2, 3, 4] which means path_links [1, 2, 3]
new vehicle117 @ 09:16:10 (sumoTime: 33370 seconds) on link 1 with path_nodes [1, 2, 3, 4] which means path_links [1, 2, 3]
['newVeh116'] arrived @ sumotime 33371.0 seconds
['newVeh117'] arrived @ sumotime 33422.0 seconds
new vehicle118 @ 09:17:51 (sumoTime: 33471 seconds) on link 1 with path_nodes [1, 2, 3, 4] which means path_links [1, 2, 3]
['newVeh118'] arrived @ sumotime 33527.0 seconds
new vehicle119 @ 09:19:02 (sumoTime: 33542 seconds) on link 1 with path_nodes [1, 2, 3, 4] which means path_links [1, 2, 3]
['newVeh119'] arrived @ sumotime 33593.0 seconds
new vehicle120 @ 09:20:30 (sumoTime: 33630 seconds) on link 1 with path_nodes [1, 2, 3, 4] which means path_links [1, 2, 3]
['newVeh120'] arrived @ sumotime 33680.0 seconds
new vehicle121 @ 09:23:59 (sumoTime: 33839 seconds) on link 1 with path_nodes [1, 2, 3, 4] which means path_links [1, 2, 3]
['newVeh121'] arrived @ sumotime 33894.0 seconds
new vehicle122 @ 09:29:05 (sumoTime: 34145 seconds) on link 1 with path_nodes [1, 2, 3, 4] which means path_links [1, 2, 3]
new vehicle123 @ 09:29:08 (sumoTime: 34148 seconds) on link 1 with path_nodes [1, 2, 3, 4] which means path_links [1, 2, 3]
['newVeh122'] arrived @ sumotime 34195.0 seconds
['newVeh123'] arrived @ sumotime 34211.0 seconds
new vehicle124 @ 09:33:29 (sumoTime: 34409 seconds) on link 1 with path_nodes [1, 2, 3, 4] which means path_links [1, 2, 3]
new vehicle125 @ 09:33:37 (sumoTime: 34417 seconds) on link 1 with path_nodes [1, 2, 3, 4] which means path_links [1, 2, 3]
['newVeh124'] arrived @ sumotime 34459.0 seconds
['newVeh125'] arrived @ sumotime 34468.0 seconds
new vehicle126 @ 09:36:29 (sumoTime: 34589 seconds) on link 1 with path_nodes [1, 2, 3, 4] which means path_links [1, 2, 3]
['newVeh126'] arrived @ sumotime 34641.0 seconds
new vehicle127 @ 09:39:45 (sumoTime: 34785 seconds) on link 1 with path_nodes [1, 2, 3, 4] which means path_links [1, 2, 3]
['newVeh127'] arrived @ sumotime 34844.0 seconds
new vehicle128 @ 09:42:04 (sumoTime: 34924 seconds) on link 1 with path_nodes [1, 2, 3, 4] which means path_links [1, 2, 3]
['newVeh128'] arrived @ sumotime 34980.0 seconds
new vehicle129 @ 09:43:06 (sumoTime: 34986 seconds) on link 1 with path_nodes [1, 2, 3, 4] which means path_links [1, 2, 3]
['newVeh129'] arrived @ sumotime 35036.0 seconds
new vehicle130 @ 09:47:07 (sumoTime: 35227 seconds) on link 1 with path_nodes [1, 2, 3, 4] which means path_links [1, 2, 3]
['newVeh130'] arrived @ sumotime 35276.0 seconds
new vehicle131 @ 09:49:00 (sumoTime: 35340 seconds) on link 1 with path_nodes [1, 2, 3, 4] which means path_links [1, 2, 3]
new vehicle132 @ 09:49:26 (sumoTime: 35366 seconds) on link 1 with path_nodes [1, 2, 3, 4] which means path_links [1, 2, 3]
new vehicle133 @ 09:49:51 (sumoTime: 35391 seconds) on link 1 with path_nodes [1, 2, 3, 4] which means path_links [1, 2, 3]
['newVeh131'] arrived @ sumotime 35392.0 seconds
['newVeh132'] arrived @ sumotime 35423.0 seconds
['newVeh133'] arrived @ sumotime 35443.0 seconds
new vehicle134 @ 09:50:56 (sumoTime: 35456 seconds) on link 1 with path_nodes [1, 2, 3, 4] which means path_links [1, 2, 3]
['newVeh134'] arrived @ sumotime 35506.0 seconds
new vehicle135 @ 09:55:38 (sumoTime: 35738 seconds) on link 1 with path_nodes [1, 2, 3, 4] which means path_links [1, 2, 3]
['newVeh135'] arrived @ sumotime 35800.0 seconds
10:00:00
Umlegung ausgeführt
curVolumes: (100000, [(3, 31, 0)])
new vehicle136 @ 10:03:07 (sumoTime: 36187 seconds) on link 1 with path_nodes [1, 2, 3, 4] which means path_links [1, 2, 3]
['newVeh136'] arrived @ sumotime 36242.0 seconds
new vehicle137 @ 10:07:04 (sumoTime: 36424 seconds) on link 1 with path_nodes [1, 2, 3, 4] which means path_links [1, 2, 3]
new vehicle138 @ 10:07:35 (sumoTime: 36455 seconds) on link 1 with path_nodes [1, 2, 3, 4] which means path_links [1, 2, 3]
['newVeh137'] arrived @ sumotime 36477.0 seconds
['newVeh138'] arrived @ sumotime 36509.0 seconds
new vehicle139 @ 10:10:14 (sumoTime: 36614 seconds) on link 1 with path_nodes [1, 2, 3, 4] which means path_links [1, 2, 3]
new vehicle140 @ 10:10:26 (sumoTime: 36626 seconds) on link 1 with path_nodes [1, 2, 3, 4] which means path_links [1, 2, 3]
['newVeh139'] arrived @ sumotime 36664.0 seconds
['newVeh140'] arrived @ sumotime 36675.0 seconds
new vehicle141 @ 10:12:08 (sumoTime: 36728 seconds) on link 1 with path_nodes [1, 2, 3, 4] which means path_links [1, 2, 3]
new vehicle142 @ 10:13:02 (sumoTime: 36782 seconds) on link 1 with path_nodes [1, 2, 3, 4] which means path_links [1, 2, 3]
['newVeh141'] arrived @ sumotime 36782.0 seconds
['newVeh142'] arrived @ sumotime 36832.0 seconds
new vehicle143 @ 10:14:48 (sumoTime: 36888 seconds) on link 1 with path_nodes [1, 2, 3, 4] which means path_links [1, 2, 3]
new vehicle144 @ 10:15:08 (sumoTime: 36908 seconds) on link 1 with path_nodes [1, 2, 3, 4] which means path_links [1, 2, 3]
['newVeh143'] arrived @ sumotime 36936.0 seconds
['newVeh143'] arrived @ sumotime 36937.0 seconds
['newVeh144'] arrived @ sumotime 36960.0 seconds
new vehicle145 @ 10:22:29 (sumoTime: 37349 seconds) on link 1 with path_nodes [1, 2, 3, 4] which means path_links [1, 2, 3]
['newVeh145'] arrived @ sumotime 37399.0 seconds
new vehicle146 @ 10:24:28 (sumoTime: 37468 seconds) on link 1 with path_nodes [1, 2, 3, 4] which means path_links [1, 2, 3]
['newVeh146'] arrived @ sumotime 37518.0 seconds
new vehicle147 @ 10:27:29 (sumoTime: 37649 seconds) on link 1 with path_nodes [1, 2, 3, 4] which means path_links [1, 2, 3]
['newVeh147'] arrived @ sumotime 37704.0 seconds
new vehicle148 @ 10:38:55 (sumoTime: 38335 seconds) on link 1 with path_nodes [1, 2, 3, 4] which means path_links [1, 2, 3]
['newVeh148'] arrived @ sumotime 38391.0 seconds
new vehicle149 @ 10:40:56 (sumoTime: 38456 seconds) on link 1 with path_nodes [1, 2, 3, 4] which means path_links [1, 2, 3]
['newVeh149'] arrived @ sumotime 38508.0 seconds
new vehicle150 @ 10:43:27 (sumoTime: 38607 seconds) on link 1 with path_nodes [1, 2, 3, 4] which means path_links [1, 2, 3]
['newVeh150'] arrived @ sumotime 38657.0 seconds
new vehicle151 @ 10:46:03 (sumoTime: 38763 seconds) on link 1 with path_nodes [1, 2, 3, 4] which means path_links [1, 2, 3]
new vehicle152 @ 10:46:47 (sumoTime: 38807 seconds) on link 1 with path_nodes [1, 2, 3, 4] which means path_links [1, 2, 3]
['newVeh151'] arrived @ sumotime 38815.0 seconds
new vehicle153 @ 10:47:29 (sumoTime: 38849 seconds) on link 1 with path_nodes [1, 2, 3, 4] which means path_links [1, 2, 3]
['newVeh152'] arrived @ sumotime 38859.0 seconds
['newVeh153'] arrived @ sumotime 38904.0 seconds
new vehicle154 @ 10:49:13 (sumoTime: 38953 seconds) on link 1 with path_nodes [1, 2, 3, 4] which means path_links [1, 2, 3]
['newVeh154'] arrived @ sumotime 39003.0 seconds
new vehicle155 @ 10:51:34 (sumoTime: 39094 seconds) on link 1 with path_nodes [1, 2, 3, 4] which means path_links [1, 2, 3]
new vehicle156 @ 10:52:16 (sumoTime: 39136 seconds) on link 1 with path_nodes [1, 2, 3, 4] which means path_links [1, 2, 3]
['newVeh155'] arrived @ sumotime 39143.0 seconds
['newVeh156'] arrived @ sumotime 39191.0 seconds
['newVeh156'] arrived @ sumotime 39192.0 seconds
new vehicle157 @ 10:55:47 (sumoTime: 39347 seconds) on link 1 with path_nodes [1, 2, 3, 4] which means path_links [1, 2, 3]
['newVeh157'] arrived @ sumotime 39393.0 seconds
new vehicle158 @ 10:57:59 (sumoTime: 39479 seconds) on link 1 with path_nodes [1, 2, 3, 4] which means path_links [1, 2, 3]
['newVeh158'] arrived @ sumotime 39528.0 seconds
11:00:00
Umlegung ausgeführt
curVolumes: (110000, [(3, 25, 0)])
new vehicle159 @ 11:07:10 (sumoTime: 40030 seconds) on link 1 with path_nodes [1, 2, 3, 4] which means path_links [1, 2, 3]
['newVeh159'] arrived @ sumotime 40084.0 seconds
new vehicle160 @ 11:09:30 (sumoTime: 40170 seconds) on link 1 with path_nodes [1, 2, 3, 4] which means path_links [1, 2, 3]
['newVeh160'] arrived @ sumotime 40227.0 seconds
new vehicle161 @ 11:12:43 (sumoTime: 40363 seconds) on link 1 with path_nodes [1, 2, 3, 4] which means path_links [1, 2, 3]
['newVeh161'] arrived @ sumotime 40418.0 seconds
new vehicle162 @ 11:16:46 (sumoTime: 40606 seconds) on link 1 with path_nodes [1, 2, 3, 4] which means path_links [1, 2, 3]
['newVeh162'] arrived @ sumotime 40655.0 seconds
new vehicle163 @ 11:17:51 (sumoTime: 40671 seconds) on link 1 with path_nodes [1, 2, 3, 4] which means path_links [1, 2, 3]
['newVeh163'] arrived @ sumotime 40721.0 seconds
new vehicle164 @ 11:19:01 (sumoTime: 40741 seconds) on link 1 with path_nodes [1, 2, 3, 4] which means path_links [1, 2, 3]
['newVeh164'] arrived @ sumotime 40792.0 seconds
new vehicle165 @ 11:20:48 (sumoTime: 40848 seconds) on link 1 with path_nodes [1, 2, 3, 4] which means path_links [1, 2, 3]
new vehicle166 @ 11:20:56 (sumoTime: 40856 seconds) on link 1 with path_nodes [1, 2, 3, 4] which means path_links [1, 2, 3]
['newVeh165'] arrived @ sumotime 40897.0 seconds
['newVeh166'] arrived @ sumotime 40904.0 seconds
new vehicle167 @ 11:23:59 (sumoTime: 41039 seconds) on link 1 with path_nodes [1, 2, 3, 4] which means path_links [1, 2, 3]
['newVeh167'] arrived @ sumotime 41093.0 seconds
new vehicle168 @ 11:28:02 (sumoTime: 41282 seconds) on link 1 with path_nodes [1, 2, 3, 4] which means path_links [1, 2, 3]
['newVeh168'] arrived @ sumotime 41339.0 seconds
new vehicle169 @ 11:30:51 (sumoTime: 41451 seconds) on link 1 with path_nodes [1, 2, 3, 4] which means path_links [1, 2, 3]
['newVeh169'] arrived @ sumotime 41507.0 seconds
new vehicle170 @ 11:32:42 (sumoTime: 41562 seconds) on link 1 with path_nodes [1, 2, 3, 4] which means path_links [1, 2, 3]
['newVeh170'] arrived @ sumotime 41618.0 seconds
new vehicle171 @ 11:33:42 (sumoTime: 41622 seconds) on link 1 with path_nodes [1, 2, 3, 4] which means path_links [1, 2, 3]
new vehicle172 @ 11:34:02 (sumoTime: 41642 seconds) on link 1 with path_nodes [1, 2, 3, 4] which means path_links [1, 2, 3]
new vehicle173 @ 11:34:02 (sumoTime: 41642 seconds) on link 1 with path_nodes [1, 2, 3, 4] which means path_links [1, 2, 3]
['newVeh171'] arrived @ sumotime 41686.0 seconds
['newVeh172'] arrived @ sumotime 41691.0 seconds
['newVeh173'] arrived @ sumotime 41696.0 seconds
new vehicle174 @ 11:37:39 (sumoTime: 41859 seconds) on link 1 with path_nodes [1, 2, 3, 4] which means path_links [1, 2, 3]
['newVeh174'] arrived @ sumotime 41911.0 seconds
new vehicle175 @ 11:39:44 (sumoTime: 41984 seconds) on link 1 with path_nodes [1, 2, 3, 4] which means path_links [1, 2, 3]
['newVeh175'] arrived @ sumotime 42034.0 seconds
new vehicle176 @ 11:40:53 (sumoTime: 42053 seconds) on link 1 with path_nodes [1, 2, 3, 4] which means path_links [1, 2, 3]
['newVeh176'] arrived @ sumotime 42106.0 seconds
new vehicle177 @ 11:44:55 (sumoTime: 42295 seconds) on link 1 with path_nodes [1, 2, 3, 4] which means path_links [1, 2, 3]
['newVeh177'] arrived @ sumotime 42349.0 seconds
new vehicle178 @ 11:48:04 (sumoTime: 42484 seconds) on link 1 with path_nodes [1, 2, 3, 4] which means path_links [1, 2, 3]
['newVeh178'] arrived @ sumotime 42531.0 seconds
['newVeh178'] arrived @ sumotime 42532.0 seconds
new vehicle179 @ 11:49:45 (sumoTime: 42585 seconds) on link 1 with path_nodes [1, 2, 3, 4] which means path_links [1, 2, 3]
['newVeh179'] arrived @ sumotime 42642.0 seconds
new vehicle180 @ 11:51:24 (sumoTime: 42684 seconds) on link 1 with path_nodes [1, 2, 3, 4] which means path_links [1, 2, 3]
['newVeh180'] arrived @ sumotime 42736.0 seconds
new vehicle181 @ 11:52:40 (sumoTime: 42760 seconds) on link 1 with path_nodes [1, 2, 3, 4] which means path_links [1, 2, 3]
new vehicle182 @ 11:53:03 (sumoTime: 42783 seconds) on link 1 with path_nodes [1, 2, 3, 4] which means path_links [1, 2, 3]
['newVeh181'] arrived @ sumotime 42810.0 seconds
['newVeh182'] arrived @ sumotime 42839.0 seconds
new vehicle183 @ 11:55:48 (sumoTime: 42948 seconds) on link 1 with path_nodes [1, 2, 3, 4] which means path_links [1, 2, 3]
['newVeh183'] arrived @ sumotime 42999.0 seconds
new vehicle184 @ 11:58:28 (sumoTime: 43108 seconds) on link 1 with path_nodes [1, 2, 3, 4] which means path_links [1, 2, 3]
new vehicle185 @ 11:58:46 (sumoTime: 43126 seconds) on link 1 with path_nodes [1, 2, 3, 4] which means path_links [1, 2, 3]
['newVeh184'] arrived @ sumotime 43168.0 seconds
['newVeh184'] arrived @ sumotime 43169.0 seconds
['newVeh185'] arrived @ sumotime 43177.0 seconds
12:00:00
Umlegung ausgeführt
curVolumes: (120000, [(3, 29, 0)])
new vehicle186 @ 12:02:31 (sumoTime: 43351 seconds) on link 1 with path_nodes [1, 2, 3, 4] which means path_links [1, 2, 3]
['newVeh186'] arrived @ sumotime 43379.0 seconds
new vehicle187 @ 12:03:06 (sumoTime: 43386 seconds) on link 1 with path_nodes [1, 2, 3, 4] which means path_links [1, 2, 3]
new vehicle188 @ 12:03:30 (sumoTime: 43410 seconds) on link 1 with path_nodes [1, 2, 3, 4] which means path_links [1, 2, 3]
['newVeh187'] arrived @ sumotime 43414.0 seconds
['newVeh188'] arrived @ sumotime 43436.0 seconds
new vehicle189 @ 12:08:20 (sumoTime: 43700 seconds) on link 1 with path_nodes [1, 2, 3, 4] which means path_links [1, 2, 3]
['newVeh189'] arrived @ sumotime 43731.0 seconds
new vehicle190 @ 12:13:26 (sumoTime: 44006 seconds) on link 1 with path_nodes [1, 2, 3, 4] which means path_links [1, 2, 3]
new vehicle191 @ 12:13:35 (sumoTime: 44015 seconds) on link 1 with path_nodes [1, 2, 3, 4] which means path_links [1, 2, 3]
['newVeh190'] arrived @ sumotime 44034.0 seconds
['newVeh191'] arrived @ sumotime 44041.0 seconds
new vehicle192 @ 12:21:32 (sumoTime: 44492 seconds) on link 1 with path_nodes [1, 2, 3, 4] which means path_links [1, 2, 3]
['newVeh192'] arrived @ sumotime 44520.0 seconds
new vehicle193 @ 12:23:09 (sumoTime: 44589 seconds) on link 1 with path_nodes [1, 2, 3, 4] which means path_links [1, 2, 3]
['newVeh193'] arrived @ sumotime 44617.0 seconds
new vehicle194 @ 12:23:56 (sumoTime: 44636 seconds) on link 1 with path_nodes [1, 2, 3, 4] which means path_links [1, 2, 3]
['newVeh194'] arrived @ sumotime 44663.0 seconds
new vehicle195 @ 12:25:03 (sumoTime: 44703 seconds) on link 1 with path_nodes [1, 2, 3, 4] which means path_links [1, 2, 3]
['newVeh195'] arrived @ sumotime 44729.0 seconds
new vehicle196 @ 12:27:02 (sumoTime: 44822 seconds) on link 1 with path_nodes [1, 2, 3, 4] which means path_links [1, 2, 3]
new vehicle197 @ 12:27:26 (sumoTime: 44846 seconds) on link 1 with path_nodes [1, 2, 3, 4] which means path_links [1, 2, 3]
new vehicle198 @ 12:27:27 (sumoTime: 44847 seconds) on link 1 with path_nodes [1, 2, 3, 4] which means path_links [1, 2, 3]
['newVeh196'] arrived @ sumotime 44850.0 seconds
new vehicle199 @ 12:27:36 (sumoTime: 44856 seconds) on link 1 with path_nodes [1, 2, 3, 4] which means path_links [1, 2, 3]
['newVeh197'] arrived @ sumotime 44873.0 seconds
['newVeh198'] arrived @ sumotime 44876.0 seconds
['newVeh199'] arrived @ sumotime 44882.0 seconds
new vehicle200 @ 12:33:17 (sumoTime: 45197 seconds) on link 1 with path_nodes [1, 2, 3, 4] which means path_links [1, 2, 3]
['newVeh200'] arrived @ sumotime 45223.0 seconds
new vehicle201 @ 12:33:51 (sumoTime: 45231 seconds) on link 1 with path_nodes [1, 2, 3, 4] which means path_links [1, 2, 3]
['newVeh201'] arrived @ sumotime 45257.0 seconds
new vehicle202 @ 12:41:25 (sumoTime: 45685 seconds) on link 1 with path_nodes [1, 2, 3, 4] which means path_links [1, 2, 3]
['newVeh202'] arrived @ sumotime 45716.0 seconds
new vehicle203 @ 12:46:26 (sumoTime: 45986 seconds) on link 1 with path_nodes [1, 2, 3, 4] which means path_links [1, 2, 3]
['newVeh203'] arrived @ sumotime 46015.0 seconds
new vehicle204 @ 12:48:04 (sumoTime: 46084 seconds) on link 1 with path_nodes [1, 2, 3, 4] which means path_links [1, 2, 3]
new vehicle205 @ 12:48:10 (sumoTime: 46090 seconds) on link 1 with path_nodes [1, 2, 3, 4] which means path_links [1, 2, 3]
['newVeh204'] arrived @ sumotime 46110.0 seconds
['newVeh205'] arrived @ sumotime 46116.0 seconds
new vehicle206 @ 12:49:15 (sumoTime: 46155 seconds) on link 1 with path_nodes [1, 2, 3, 4] which means path_links [1, 2, 3]
['newVeh206'] arrived @ sumotime 46181.0 seconds
new vehicle207 @ 12:50:26 (sumoTime: 46226 seconds) on link 1 with path_nodes [1, 2, 3, 4] which means path_links [1, 2, 3]
['newVeh207'] arrived @ sumotime 46253.0 seconds
new vehicle208 @ 12:51:28 (sumoTime: 46288 seconds) on link 1 with path_nodes [1, 2, 3, 4] which means path_links [1, 2, 3]
['newVeh208'] arrived @ sumotime 46317.0 seconds
new vehicle209 @ 12:53:44 (sumoTime: 46424 seconds) on link 1 with path_nodes [1, 2, 3, 4] which means path_links [1, 2, 3]
['newVeh209'] arrived @ sumotime 46452.0 seconds
new vehicle210 @ 12:55:17 (sumoTime: 46517 seconds) on link 1 with path_nodes [1, 2, 3, 4] which means path_links [1, 2, 3]
['newVeh210'] arrived @ sumotime 46544.0 seconds
new vehicle211 @ 12:56:04 (sumoTime: 46564 seconds) on link 1 with path_nodes [1, 2, 3, 4] which means path_links [1, 2, 3]
['newVeh211'] arrived @ sumotime 46590.0 seconds
new vehicle212 @ 12:58:34 (sumoTime: 46714 seconds) on link 1 with path_nodes [1, 2, 3, 4] which means path_links [1, 2, 3]
['newVeh212'] arrived @ sumotime 46741.0 seconds
new vehicle213 @ 12:59:43 (sumoTime: 46783 seconds) on link 1 with path_nodes [1, 2, 3, 4] which means path_links [1, 2, 3]
13:00:00
Umlegung ausgeführt
curVolumes: (130000, [(3, 27, 0)])
['newVeh213'] arrived @ sumotime 46814.0 seconds
new vehicle214 @ 13:00:25 (sumoTime: 46825 seconds) on link 1 with path_nodes [1, 2, 3, 4] which means path_links [1, 2, 3]
['newVeh214'] arrived @ sumotime 46854.0 seconds
new vehicle215 @ 13:01:46 (sumoTime: 46906 seconds) on link 1 with path_nodes [1, 2, 3, 4] which means path_links [1, 2, 3]
['newVeh215'] arrived @ sumotime 46932.0 seconds
new vehicle216 @ 13:04:12 (sumoTime: 47052 seconds) on link 1 with path_nodes [1, 2, 3, 4] which means path_links [1, 2, 3]
['newVeh216'] arrived @ sumotime 47079.0 seconds
new vehicle217 @ 13:08:00 (sumoTime: 47280 seconds) on link 1 with path_nodes [1, 2, 3, 4] which means path_links [1, 2, 3]
['newVeh217'] arrived @ sumotime 47308.0 seconds
new vehicle218 @ 13:09:27 (sumoTime: 47367 seconds) on link 1 with path_nodes [1, 2, 3, 4] which means path_links [1, 2, 3]
['newVeh218'] arrived @ sumotime 47395.0 seconds
new vehicle219 @ 13:10:23 (sumoTime: 47423 seconds) on link 1 with path_nodes [1, 2, 3, 4] which means path_links [1, 2, 3]
['newVeh219'] arrived @ sumotime 47452.0 seconds
new vehicle220 @ 13:13:24 (sumoTime: 47604 seconds) on link 1 with path_nodes [1, 2, 3, 4] which means path_links [1, 2, 3]
['newVeh220'] arrived @ sumotime 47631.0 seconds
new vehicle221 @ 13:14:02 (sumoTime: 47642 seconds) on link 1 with path_nodes [1, 2, 3, 4] which means path_links [1, 2, 3]
['newVeh221'] arrived @ sumotime 47668.0 seconds
new vehicle222 @ 13:17:26 (sumoTime: 47846 seconds) on link 1 with path_nodes [1, 2, 3, 4] which means path_links [1, 2, 3]
['newVeh222'] arrived @ sumotime 47878.0 seconds
new vehicle223 @ 13:21:10 (sumoTime: 48070 seconds) on link 1 with path_nodes [1, 2, 3, 4] which means path_links [1, 2, 3]
['newVeh223'] arrived @ sumotime 48100.0 seconds
new vehicle224 @ 13:21:58 (sumoTime: 48118 seconds) on link 1 with path_nodes [1, 2, 3, 4] which means path_links [1, 2, 3]
['newVeh224'] arrived @ sumotime 48146.0 seconds
new vehicle225 @ 13:22:37 (sumoTime: 48157 seconds) on link 1 with path_nodes [1, 2, 3, 4] which means path_links [1, 2, 3]
['newVeh225'] arrived @ sumotime 48183.0 seconds
new vehicle226 @ 13:23:49 (sumoTime: 48229 seconds) on link 1 with path_nodes [1, 2, 3, 4] which means path_links [1, 2, 3]
['newVeh226'] arrived @ sumotime 48254.0 seconds
new vehicle227 @ 13:25:11 (sumoTime: 48311 seconds) on link 1 with path_nodes [1, 2, 3, 4] which means path_links [1, 2, 3]
new vehicle228 @ 13:25:20 (sumoTime: 48320 seconds) on link 1 with path_nodes [1, 2, 3, 4] which means path_links [1, 2, 3]
['newVeh227'] arrived @ sumotime 48339.0 seconds
new vehicle229 @ 13:25:41 (sumoTime: 48341 seconds) on link 1 with path_nodes [1, 2, 3, 4] which means path_links [1, 2, 3]
['newVeh228'] arrived @ sumotime 48347.0 seconds
['newVeh229'] arrived @ sumotime 48367.0 seconds
['newVeh229'] arrived @ sumotime 48368.0 seconds
new vehicle230 @ 13:26:59 (sumoTime: 48419 seconds) on link 1 with path_nodes [1, 2, 3, 4] which means path_links [1, 2, 3]
['newVeh230'] arrived @ sumotime 48446.0 seconds
new vehicle231 @ 13:27:30 (sumoTime: 48450 seconds) on link 1 with path_nodes [1, 2, 3, 4] which means path_links [1, 2, 3]
['newVeh231'] arrived @ sumotime 48477.0 seconds
new vehicle232 @ 13:28:13 (sumoTime: 48493 seconds) on link 1 with path_nodes [1, 2, 3, 4] which means path_links [1, 2, 3]
['newVeh232'] arrived @ sumotime 48520.0 seconds
new vehicle233 @ 13:29:29 (sumoTime: 48569 seconds) on link 1 with path_nodes [1, 2, 3, 4] which means path_links [1, 2, 3]
['newVeh233'] arrived @ sumotime 48595.0 seconds
new vehicle234 @ 13:40:06 (sumoTime: 49206 seconds) on link 1 with path_nodes [1, 2, 3, 4] which means path_links [1, 2, 3]
['newVeh234'] arrived @ sumotime 49237.0 seconds
new vehicle235 @ 13:41:56 (sumoTime: 49316 seconds) on link 1 with path_nodes [1, 2, 3, 4] which means path_links [1, 2, 3]
['newVeh235'] arrived @ sumotime 49343.0 seconds
new vehicle236 @ 13:43:19 (sumoTime: 49399 seconds) on link 1 with path_nodes [1, 2, 3, 4] which means path_links [1, 2, 3]
['newVeh236'] arrived @ sumotime 49426.0 seconds
new vehicle237 @ 13:43:58 (sumoTime: 49438 seconds) on link 1 with path_nodes [1, 2, 3, 4] which means path_links [1, 2, 3]
['newVeh237'] arrived @ sumotime 49464.0 seconds
new vehicle238 @ 13:52:02 (sumoTime: 49922 seconds) on link 1 with path_nodes [1, 2, 3, 4] which means path_links [1, 2, 3]
['newVeh238'] arrived @ sumotime 49948.0 seconds
new vehicle239 @ 13:53:59 (sumoTime: 50039 seconds) on link 1 with path_nodes [1, 2, 3, 4] which means path_links [1, 2, 3]
new vehicle240 @ 13:54:21 (sumoTime: 50061 seconds) on link 1 with path_nodes [1, 2, 3, 4] which means path_links [1, 2, 3]
['newVeh239'] arrived @ sumotime 50066.0 seconds
['newVeh240'] arrived @ sumotime 50091.0 seconds
new vehicle241 @ 13:55:37 (sumoTime: 50137 seconds) on link 1 with path_nodes [1, 2, 3, 4] which means path_links [1, 2, 3]
['newVeh241'] arrived @ sumotime 50165.0 seconds
new vehicle242 @ 13:57:30 (sumoTime: 50250 seconds) on link 1 with path_nodes [1, 2, 3, 4] which means path_links [1, 2, 3]
new vehicle243 @ 13:57:46 (sumoTime: 50266 seconds) on link 1 with path_nodes [1, 2, 3, 4] which means path_links [1, 2, 3]
['newVeh242'] arrived @ sumotime 50277.0 seconds
['newVeh243'] arrived @ sumotime 50293.0 seconds
new vehicle244 @ 13:58:21 (sumoTime: 50301 seconds) on link 1 with path_nodes [1, 2, 3, 4] which means path_links [1, 2, 3]
new vehicle245 @ 13:58:28 (sumoTime: 50308 seconds) on link 1 with path_nodes [1, 2, 3, 4] which means path_links [1, 2, 3]
['newVeh244'] arrived @ sumotime 50328.0 seconds
new vehicle246 @ 13:58:57 (sumoTime: 50337 seconds) on link 1 with path_nodes [1, 2, 3, 4] which means path_links [1, 2, 3]
['newVeh245'] arrived @ sumotime 50338.0 seconds
['newVeh246'] arrived @ sumotime 50363.0 seconds
14:00:00
Umlegung ausgeführt
curVolumes: (140000, [(3, 35, 0)])
new vehicle247 @ 14:01:01 (sumoTime: 50461 seconds) on link 1 with path_nodes [1, 2, 3, 4] which means path_links [1, 2, 3]
['newVeh247'] arrived @ sumotime 50488.0 seconds
new vehicle248 @ 14:03:46 (sumoTime: 50626 seconds) on link 1 with path_nodes [1, 2, 3, 4] which means path_links [1, 2, 3]
['newVeh248'] arrived @ sumotime 50651.0 seconds
new vehicle249 @ 14:06:24 (sumoTime: 50784 seconds) on link 1 with path_nodes [1, 2, 3, 4] which means path_links [1, 2, 3]
['newVeh249'] arrived @ sumotime 50810.0 seconds
new vehicle250 @ 14:10:03 (sumoTime: 51003 seconds) on link 1 with path_nodes [1, 2, 3, 4] which means path_links [1, 2, 3]
['newVeh250'] arrived @ sumotime 51030.0 seconds
new vehicle251 @ 14:11:03 (sumoTime: 51063 seconds) on link 1 with path_nodes [1, 2, 3, 4] which means path_links [1, 2, 3]
new vehicle252 @ 14:11:10 (sumoTime: 51070 seconds) on link 1 with path_nodes [1, 2, 3, 4] which means path_links [1, 2, 3]
['newVeh251'] arrived @ sumotime 51094.0 seconds
['newVeh252'] arrived @ sumotime 51098.0 seconds
new vehicle253 @ 14:13:20 (sumoTime: 51200 seconds) on link 1 with path_nodes [1, 2, 3, 4] which means path_links [1, 2, 3]
new vehicle254 @ 14:13:46 (sumoTime: 51226 seconds) on link 1 with path_nodes [1, 2, 3, 4] which means path_links [1, 2, 3]
['newVeh253'] arrived @ sumotime 51227.0 seconds
new vehicle255 @ 14:14:04 (sumoTime: 51244 seconds) on link 1 with path_nodes [1, 2, 3, 4] which means path_links [1, 2, 3]
['newVeh254'] arrived @ sumotime 51253.0 seconds
['newVeh255'] arrived @ sumotime 51270.0 seconds
new vehicle256 @ 14:16:33 (sumoTime: 51393 seconds) on link 1 with path_nodes [1, 2, 3, 4] which means path_links [1, 2, 3]
new vehicle257 @ 14:16:58 (sumoTime: 51418 seconds) on link 1 with path_nodes [1, 2, 3, 4] which means path_links [1, 2, 3]
['newVeh256'] arrived @ sumotime 51420.0 seconds
new vehicle258 @ 14:17:17 (sumoTime: 51437 seconds) on link 1 with path_nodes [1, 2, 3, 4] which means path_links [1, 2, 3]
['newVeh257'] arrived @ sumotime 51445.0 seconds
['newVeh258'] arrived @ sumotime 51464.0 seconds
new vehicle259 @ 14:18:29 (sumoTime: 51509 seconds) on link 1 with path_nodes [1, 2, 3, 4] which means path_links [1, 2, 3]
new vehicle260 @ 14:18:39 (sumoTime: 51519 seconds) on link 1 with path_nodes [1, 2, 3, 4] which means path_links [1, 2, 3]
['newVeh259'] arrived @ sumotime 51538.0 seconds
['newVeh260'] arrived @ sumotime 51548.0 seconds
new vehicle261 @ 14:19:20 (sumoTime: 51560 seconds) on link 1 with path_nodes [1, 2, 3, 4] which means path_links [1, 2, 3]
['newVeh261'] arrived @ sumotime 51589.0 seconds
new vehicle262 @ 14:20:10 (sumoTime: 51610 seconds) on link 1 with path_nodes [1, 2, 3, 4] which means path_links [1, 2, 3]
new vehicle263 @ 14:20:18 (sumoTime: 51618 seconds) on link 1 with path_nodes [1, 2, 3, 4] which means path_links [1, 2, 3]
['newVeh262'] arrived @ sumotime 51637.0 seconds
['newVeh263'] arrived @ sumotime 51646.0 seconds
new vehicle264 @ 14:22:12 (sumoTime: 51732 seconds) on link 1 with path_nodes [1, 2, 3, 4] which means path_links [1, 2, 3]
['newVeh264'] arrived @ sumotime 51759.0 seconds
new vehicle265 @ 14:22:40 (sumoTime: 51760 seconds) on link 1 with path_nodes [1, 2, 3, 4] which means path_links [1, 2, 3]
['newVeh265'] arrived @ sumotime 51787.0 seconds
new vehicle266 @ 14:25:35 (sumoTime: 51935 seconds) on link 1 with path_nodes [1, 2, 3, 4] which means path_links [1, 2, 3]
['newVeh266'] arrived @ sumotime 51958.0 seconds
new vehicle267 @ 14:26:10 (sumoTime: 51970 seconds) on link 1 with path_nodes [1, 2, 3, 4] which means path_links [1, 2, 3]
new vehicle268 @ 14:26:14 (sumoTime: 51974 seconds) on link 1 with path_nodes [1, 2, 3, 4] which means path_links [1, 2, 3]
['newVeh267'] arrived @ sumotime 51995.0 seconds
['newVeh268'] arrived @ sumotime 52000.0 seconds
new vehicle269 @ 14:27:42 (sumoTime: 52062 seconds) on link 1 with path_nodes [1, 2, 3, 4] which means path_links [1, 2, 3]
['newVeh269'] arrived @ sumotime 52091.0 seconds
new vehicle270 @ 14:28:35 (sumoTime: 52115 seconds) on link 1 with path_nodes [1, 2, 3, 4] which means path_links [1, 2, 3]
['newVeh270'] arrived @ sumotime 52142.0 seconds
new vehicle271 @ 14:33:02 (sumoTime: 52382 seconds) on link 1 with path_nodes [1, 2, 3, 4] which means path_links [1, 2, 3]
['newVeh271'] arrived @ sumotime 52408.0 seconds
new vehicle272 @ 14:34:55 (sumoTime: 52495 seconds) on link 1 with path_nodes [1, 2, 3, 4] which means path_links [1, 2, 3]
new vehicle273 @ 14:35:12 (sumoTime: 52512 seconds) on link 1 with path_nodes [1, 2, 3, 4] which means path_links [1, 2, 3]
['newVeh272'] arrived @ sumotime 52521.0 seconds
['newVeh273'] arrived @ sumotime 52542.0 seconds
new vehicle274 @ 14:36:39 (sumoTime: 52599 seconds) on link 1 with path_nodes [1, 2, 3, 4] which means path_links [1, 2, 3]
['newVeh274'] arrived @ sumotime 52625.0 seconds
new vehicle275 @ 14:37:23 (sumoTime: 52643 seconds) on link 1 with path_nodes [1, 2, 3, 4] which means path_links [1, 2, 3]
['newVeh275'] arrived @ sumotime 52670.0 seconds
['newVeh275'] arrived @ sumotime 52671.0 seconds
new vehicle276 @ 14:38:17 (sumoTime: 52697 seconds) on link 1 with path_nodes [1, 2, 3, 4] which means path_links [1, 2, 3]
['newVeh276'] arrived @ sumotime 52723.0 seconds
new vehicle277 @ 14:40:04 (sumoTime: 52804 seconds) on link 1 with path_nodes [1, 2, 3, 4] which means path_links [1, 2, 3]
['newVeh277'] arrived @ sumotime 52830.0 seconds
new vehicle278 @ 14:41:00 (sumoTime: 52860 seconds) on link 1 with path_nodes [1, 2, 3, 4] which means path_links [1, 2, 3]
['newVeh278'] arrived @ sumotime 52889.0 seconds
new vehicle279 @ 14:41:33 (sumoTime: 52893 seconds) on link 1 with path_nodes [1, 2, 3, 4] which means path_links [1, 2, 3]
['newVeh279'] arrived @ sumotime 52919.0 seconds
new vehicle280 @ 14:42:13 (sumoTime: 52933 seconds) on link 1 with path_nodes [1, 2, 3, 4] which means path_links [1, 2, 3]
['newVeh280'] arrived @ sumotime 52961.0 seconds
new vehicle281 @ 14:44:24 (sumoTime: 53064 seconds) on link 1 with path_nodes [1, 2, 3, 4] which means path_links [1, 2, 3]
new vehicle282 @ 14:44:29 (sumoTime: 53069 seconds) on link 1 with path_nodes [1, 2, 3, 4] which means path_links [1, 2, 3]
['newVeh281'] arrived @ sumotime 53092.0 seconds
['newVeh282'] arrived @ sumotime 53097.0 seconds
new vehicle283 @ 14:47:23 (sumoTime: 53243 seconds) on link 1 with path_nodes [1, 2, 3, 4] which means path_links [1, 2, 3]
new vehicle284 @ 14:47:47 (sumoTime: 53267 seconds) on link 1 with path_nodes [1, 2, 3, 4] which means path_links [1, 2, 3]
['newVeh283'] arrived @ sumotime 53268.0 seconds
['newVeh284'] arrived @ sumotime 53294.0 seconds
['newVeh284'] arrived @ sumotime 53295.0 seconds
new vehicle285 @ 14:48:33 (sumoTime: 53313 seconds) on link 1 with path_nodes [1, 2, 3, 4] which means path_links [1, 2, 3]
['newVeh285'] arrived @ sumotime 53344.0 seconds
new vehicle286 @ 14:49:13 (sumoTime: 53353 seconds) on link 1 with path_nodes [1, 2, 3, 4] which means path_links [1, 2, 3]
['newVeh286'] arrived @ sumotime 53379.0 seconds
new vehicle287 @ 14:50:20 (sumoTime: 53420 seconds) on link 1 with path_nodes [1, 2, 3, 4] which means path_links [1, 2, 3]
['newVeh287'] arrived @ sumotime 53446.0 seconds
new vehicle288 @ 14:52:42 (sumoTime: 53562 seconds) on link 1 with path_nodes [1, 2, 3, 4] which means path_links [1, 2, 3]
new vehicle289 @ 14:52:51 (sumoTime: 53571 seconds) on link 1 with path_nodes [1, 2, 3, 4] which means path_links [1, 2, 3]
['newVeh288'] arrived @ sumotime 53592.0 seconds
['newVeh289'] arrived @ sumotime 53600.0 seconds
new vehicle290 @ 14:54:07 (sumoTime: 53647 seconds) on link 1 with path_nodes [1, 2, 3, 4] which means path_links [1, 2, 3]
['newVeh290'] arrived @ sumotime 53672.0 seconds
Gesamte Auslastung: 296
Summe erzeugter Fahrzeuge: 291
-> Fahrzeuge verloren: 5
Tupel bestehend aus: VolVisum, geplantesVolSumo, avgArrTimeVisum, avgArrTimeSumo
Link: 1 -> [(2, 3, 1800, 646), (5, 3, 720, 1729), (7, 5, 514, 864), (10, 9, 360, 503), (12, 11, 300, 389), (15, 16, 240, 260), (17, 21, 211, 184), (20, 18, 180, 202), (22, 31, 163, 125), (25, 29, 144, 140), (27, 24, 133, 151), (30, 28, 120, 135), (32, 29, 112, 139), (35, 34, 102, 114), (37, 45, 97, 84)]
Link: 3 -> []
Link: 5 -> []
VolumenInSumo: [(5648, ['1', '2', '3']), (5846, ['1', '2', '3']), (11605, ['1', '2', '3']), (15123, ['1', '2', '3']), (22955, ['1', '2', '3']), (23431, ['1', '2', '3']), (25025, ['1', '2', '3']), (25138, ['1', '2', '3']), (30334, ['1', '2', '3']), (30805, ['1', '2', '3']), (32439, ['1', '2', '3']), (33104, ['1', '2', '3']), (34209, ['1', '2', '3']), (34229, ['1', '2', '3']), (34556, ['1', '2', '3']), (35922, ['1', '2', '3']), (40431, ['1', '2', '3']), (40926, ['1', '2', '3']), (41202, ['1', '2', '3']), (41728, ['1', '2', '3']), (41741, ['1', '2', '3']), (43826, ['1', '2', '3']), (43930, ['1', '2', '3']), (44538, ['1', '2', '3']), (44846, ['1', '2', '3']), (45922, ['1', '2', '3']), (50250, ['1', '2', '3']), (50524, ['1', '2', '3']), (50656, ['1', '2', '3']), (51649, ['1', '2', '3']), (52052, ['1', '2', '3']), (52235, ['1', '2', '3']), (52328, ['1', '2', '3']), (52527, ['1', '2', '3']), (52637, ['1', '2', '3']), (53057, ['1', '2', '3']), (53218, ['1', '2', '3']), (53442, ['1', '2', '3']), (54537, ['1', '2', '3']), (55229, ['1', '2', '3']), (55745, ['1', '2', '3']), (60038, ['1', '2', '3']), (60456, ['1', '2', '3']), (60745, ['1', '2', '3']), (61637, ['1', '2', '3']), (61822, ['1', '2', '3']), (62130, ['1', '2', '3']), (62145, ['1', '2', '3']), (62159, ['1', '2', '3']), (62341, ['1', '2', '3']), (62649, ['1', '2', '3']), (62846, ['1', '2', '3']), (63043, ['1', '2', '3']), (63211, ['1', '2', '3']), (63600, ['1', '2', '3']), (63628, ['1', '2', '3']), (63811, ['1', '2', '3']), (64119, ['1', '2', '3']), (64901, ['1', '2', '3']), (65027, ['1', '2', '3']), (65105, ['1', '2', '3']), (70527, ['1', '2', '3']), (70659, ['1', '2', '3']), (71025, ['1', '2', '3']), (71154, ['1', '2', '3']), (71355, ['1', '2', '3']), (71423, ['1', '2', '3']), (71917, ['1', '2', '3']), (72246, ['1', '2', '3']), (72702, ['1', '2', '3']), (73203, ['1', '2', '3']), (73315, ['1', '2', '3']), (73328, ['1', '2', '3']), (73442, ['1', '2', '3']), (74227, ['1', '2', '3']), (74942, ['1', '2', '3']), (75438, ['1', '2', '3']), (75953, ['1', '2', '3']), (80115, ['1', '6', '7', '-8', '3']), (80333, ['1', '6', '7', '-8', '3']), (80404, ['1', '6', '7', '-8', '3']), (80503, ['1', '6', '7', '-8', '3']), (80504, ['1', '6', '7', '-8', '3']), (81126, ['1', '6', '7', '-8', '3']), (81208, ['1', '6', '7', '-8', '3']), (81234, ['1', '6', '7', '-8', '3']), (81558, ['1', '6', '7', '-8', '3']), (81726, ['1', '6', '7', '-8', '3']), (81942, ['1', '6', '7', '-8', '3']), (82124, ['1', '6', '7', '-8', '3']), (82140, ['1', '6', '7', '-8', '3']), (82324, ['1', '6', '7', '-8', '3']), (83024, ['1', '6', '7', '-8', '3']), (83155, ['1', '6', '7', '-8', '3']), (83216, ['1', '6', '7', '-8', '3']), (83313, ['1', '6', '7', '-8', '3']), (83724, ['1', '6', '7', '-8', '3']), (84013, ['1', '6', '7', '-8', '3']), (84611, ['1', '6', '7', '-8', '3']), (84809, ['1', '6', '7', '-8', '3']), (84823, ['1', '6', '7', '-8', '3']), (84843, ['1', '6', '7', '-8', '3']), (85106, ['1', '6', '7', '-8', '3']), (85247, ['1', '6', '7', '-8', '3']), (85304, ['1', '6', '7', '-8', '3']), (85306, ['1', '6', '7', '-8', '3']), (85507, ['1', '6', '7', '-8', '3']), (85641, ['1', '6', '7', '-8', '3']), (90001, ['1', '6', '7', '-8', '3']), (90038, ['1', '6', '7', '-8', '3']), (90109, ['1', '6', '7', '-8', '3']), (90534, ['1', '6', '7', '-8', '3']), (90614, ['1', '6', '7', '-8', '3']), (90718, ['1', '6', '7', '-8', '3']), (91021, ['1', '6', '7', '-8', '3']), (91339, ['1', '6', '7', '-8', '3']), (91515, ['1', '6', '7', '-8', '3']), (91610, ['1', '6', '7', '-8', '3']), (91751, ['1', '6', '7', '-8', '3']), (91902, ['1', '6', '7', '-8', '3']), (92030, ['1', '6', '7', '-8', '3']), (92359, ['1', '6', '7', '-8', '3']), (92905, ['1', '6', '7', '-8', '3']), (92908, ['1', '6', '7', '-8', '3']), (93329, ['1', '6', '7', '-8', '3']), (93337, ['1', '6', '7', '-8', '3']), (93629, ['1', '6', '7', '-8', '3']), (93945, ['1', '6', '7', '-8', '3']), (94204, ['1', '6', '7', '-8', '3']), (94306, ['1', '6', '7', '-8', '3']), (94707, ['1', '6', '7', '-8', '3']), (94900, ['1', '6', '7', '-8', '3']), (94926, ['1', '6', '7', '-8', '3']), (94951, ['1', '6', '7', '-8', '3']), (95056, ['1', '6', '7', '-8', '3']), (95538, ['1', '6', '7', '-8', '3']), (100307, ['1', '6', '7', '-8', '3']), (100704, ['1', '6', '7', '-8', '3']), (100735, ['1', '6', '7', '-8', '3']), (101014, ['1', '6', '7', '-8', '3']), (101026, ['1', '6', '7', '-8', '3']), (101208, ['1', '6', '7', '-8', '3']), (101302, ['1', '6', '7', '-8', '3']), (101448, ['1', '6', '7', '-8', '3']), (101508, ['1', '6', '7', '-8', '3']), (102229, ['1', '6', '7', '-8', '3']), (102428, ['1', '6', '7', '-8', '3']), (102729, ['1', '6', '7', '-8', '3']), (103855, ['1', '6', '7', '-8', '3']), (104056, ['1', '6', '7', '-8', '3']), (104327, ['1', '6', '7', '-8', '3']), (104603, ['1', '6', '7', '-8', '3']), (104647, ['1', '6', '7', '-8', '3']), (104729, ['1', '6', '7', '-8', '3']), (104913, ['1', '6', '7', '-8', '3']), (105134, ['1', '6', '7', '-8', '3']), (105216, ['1', '6', '7', '-8', '3']), (105547, ['1', '6', '7', '-8', '3']), (105759, ['1', '6', '7', '-8', '3']), (110710, ['1', '6', '7', '-8', '3']), (110930, ['1', '6', '7', '-8', '3']), (111243, ['1', '6', '7', '-8', '3']), (111646, ['1', '6', '7', '-8', '3']), (111751, ['1', '6', '7', '-8', '3']), (111901, ['1', '6', '7', '-8', '3']), (112048, ['1', '6', '7', '-8', '3']), (112056, ['1', '6', '7', '-8', '3']), (112359, ['1', '6', '7', '-8', '3']), (112802, ['1', '6', '7', '-8', '3']), (113051, ['1', '6', '7', '-8', '3']), (113242, ['1', '6', '7', '-8', '3']), (113342, ['1', '6', '7', '-8', '3']), (113402, ['1', '6', '7', '-8', '3']), (113402, ['1', '6', '7', '-8', '3']), (113739, ['1', '6', '7', '-8', '3']), (113944, ['1', '6', '7', '-8', '3']), (114053, ['1', '6', '7', '-8', '3']), (114455, ['1', '6', '7', '-8', '3']), (114804, ['1', '6', '7', '-8', '3']), (114945, ['1', '6', '7', '-8', '3']), (115124, ['1', '6', '7', '-8', '3']), (115240, ['1', '6', '7', '-8', '3']), (115303, ['1', '6', '7', '-8', '3']), (115548, ['1', '6', '7', '-8', '3']), (115828, ['1', '6', '7', '-8', '3']), (115846, ['1', '6', '7', '-8', '3']), (120231, ['1', '2', '3']), (120306, ['1', '2', '3']), (120330, ['1', '2', '3']), (120820, ['1', '2', '3']), (121326, ['1', '2', '3']), (121335, ['1', '2', '3']), (122132, ['1', '2', '3']), (122309, ['1', '2', '3']), (122356, ['1', '2', '3']), (122503, ['1', '2', '3']), (122702, ['1', '2', '3']), (122726, ['1', '2', '3']), (122727, ['1', '2', '3']), (122736, ['1', '2', '3']), (123317, ['1', '2', '3']), (123351, ['1', '2', '3']), (124125, ['1', '2', '3']), (124626, ['1', '2', '3']), (124804, ['1', '2', '3']), (124810, ['1', '2', '3']), (124915, ['1', '2', '3']), (125026, ['1', '2', '3']), (125128, ['1', '2', '3']), (125344, ['1', '2', '3']), (125517, ['1', '2', '3']), (125604, ['1', '2', '3']), (125834, ['1', '2', '3']), (125943, ['1', '2', '3']), (130025, ['1', '2', '3']), (130146, ['1', '2', '3']), (130412, ['1', '2', '3']), (130800, ['1', '2', '3']), (130927, ['1', '2', '3']), (131023, ['1', '2', '3']), (131324, ['1', '2', '3']), (131402, ['1', '2', '3']), (131726, ['1', '2', '3']), (132110, ['1', '2', '3']), (132158, ['1', '2', '3']), (132237, ['1', '2', '3']), (132349, ['1', '2', '3']), (132511, ['1', '2', '3']), (132520, ['1', '2', '3']), (132541, ['1', '2', '3']), (132659, ['1', '2', '3']), (132730, ['1', '2', '3']), (132813, ['1', '2', '3']), (132929, ['1', '2', '3']), (134006, ['1', '2', '3']), (134156, ['1', '2', '3']), (134319, ['1', '2', '3']), (134358, ['1', '2', '3']), (135202, ['1', '2', '3']), (135359, ['1', '2', '3']), (135421, ['1', '2', '3']), (135537, ['1', '2', '3']), (135730, ['1', '2', '3']), (135746, ['1', '2', '3']), (135821, ['1', '2', '3']), (135828, ['1', '2', '3']), (135857, ['1', '2', '3']), (140101, ['1', '2', '3']), (140346, ['1', '2', '3']), (140624, ['1', '2', '3']), (141003, ['1', '2', '3']), (141103, ['1', '2', '3']), (141110, ['1', '2', '3']), (141320, ['1', '2', '3']), (141346, ['1', '2', '3']), (141404, ['1', '2', '3']), (141633, ['1', '2', '3']), (141658, ['1', '2', '3']), (141717, ['1', '2', '3']), (141829, ['1', '2', '3']), (141839, ['1', '2', '3']), (141920, ['1', '2', '3']), (142010, ['1', '2', '3']), (142018, ['1', '2', '3']), (142212, ['1', '2', '3']), (142240, ['1', '2', '3']), (142535, ['1', '2', '3']), (142610, ['1', '2', '3']), (142614, ['1', '2', '3']), (142742, ['1', '2', '3']), (142835, ['1', '2', '3']), (143302, ['1', '2', '3']), (143455, ['1', '2', '3']), (143512, ['1', '2', '3']), (143639, ['1', '2', '3']), (143723, ['1', '2', '3']), (143817, ['1', '2', '3']), (144004, ['1', '2', '3']), (144100, ['1', '2', '3']), (144133, ['1', '2', '3']), (144213, ['1', '2', '3']), (144424, ['1', '2', '3']), (144429, ['1', '2', '3']), (144723, ['1', '2', '3']), (144747, ['1', '2', '3']), (144833, ['1', '2', '3']), (144913, ['1', '2', '3']), (145020, ['1', '2', '3']), (145242, ['1', '2', '3']), (145251, ['1', '2', '3']), (145407, ['1', '2', '3'])]
2 -> 3 : [(0, 2), (10000, 5), (20000, 7), (30000, 10), (40000, 12), (50000, 15), (60000, 17), (70000, 20), (80000, 22), (90000, 25), (100000, 27), (110000, 30), (120000, 32), (130000, 35), (140000, 37)]
2 -> 5 : [(0, 0), (10000, 0), (20000, 0), (30000, 0), (40000, 0), (50000, 0), (60000, 0), (70000, 0), (80000, 0), (90000, 0), (100000, 0), (110000, 0), (120000, 0), (130000, 0), (140000, 0)]
2 -> 6 : [(0, 0), (10000, 0), (20000, 0), (30000, 0), (40000, 0), (50000, 0), (60000, 0), (70000, 0), (80000, 0), (90000, 0), (100000, 0), (110000, 0), (120000, 0), (130000, 0), (140000, 0)]
3 -> 2 : [(0, 0), (10000, 0), (20000, 0), (30000, 0), (40000, 0), (50000, 0), (60000, 0), (70000, 0), (80000, 0), (90000, 0), (100000, 0), (110000, 0), (120000, 0), (130000, 0), (140000, 0)]
3 -> 4 : [(0, 2), (10000, 5), (20000, 7), (30000, 10), (40000, 12), (50000, 15), (60000, 17), (70000, 20), (80000, 22), (90000, 25), (100000, 27), (110000, 30), (120000, 32), (130000, 35), (140000, 37)]
3 -> 7 : [(0, 0), (10000, 0), (20000, 0), (30000, 0), (40000, 0), (50000, 0), (60000, 0), (70000, 0), (80000, 0), (90000, 0), (100000, 0), (110000, 0), (120000, 0), (130000, 0), (140000, 0)]
4 -> 3 : [(0, 0), (10000, 0), (20000, 0), (30000, 0), (40000, 0), (50000, 0), (60000, 0), (70000, 0), (80000, 0), (90000, 0), (100000, 0), (110000, 0), (120000, 0), (130000, 0), (140000, 0)]
4 -> 5 : [(0, 0), (10000, 0), (20000, 0), (30000, 0), (40000, 0), (50000, 0), (60000, 0), (70000, 0), (80000, 0), (90000, 0), (100000, 0), (110000, 0), (120000, 0), (130000, 0), (140000, 0)]
5 -> 2 : [(0, 0), (10000, 0), (20000, 0), (30000, 0), (40000, 0), (50000, 0), (60000, 0), (70000, 0), (80000, 0), (90000, 0), (100000, 0), (110000, 0), (120000, 0), (130000, 0), (140000, 0)]
5 -> 4 : [(0, 0), (10000, 0), (20000, 0), (30000, 0), (40000, 0), (50000, 0), (60000, 0), (70000, 0), (80000, 0), (90000, 0), (100000, 0), (110000, 0), (120000, 0), (130000, 0), (140000, 0)]
6 -> 2 : [(0, 0), (10000, 0), (20000, 0), (30000, 0), (40000, 0), (50000, 0), (60000, 0), (70000, 0), (80000, 0), (90000, 0), (100000, 0), (110000, 0), (120000, 0), (130000, 0), (140000, 0)]
6 -> 7 : [(0, 0), (10000, 0), (20000, 0), (30000, 0), (40000, 0), (50000, 0), (60000, 0), (70000, 0), (80000, 0), (90000, 0), (100000, 0), (110000, 0), (120000, 0), (130000, 0), (140000, 0)]
7 -> 3 : [(0, 0), (10000, 0), (20000, 0), (30000, 0), (40000, 0), (50000, 0), (60000, 0), (70000, 0), (80000, 0), (90000, 0), (100000, 0), (110000, 0), (120000, 0), (130000, 0), (140000, 0)]
7 -> 6 : [(0, 0), (10000, 0), (20000, 0), (30000, 0), (40000, 0), (50000, 0), (60000, 0), (70000, 0), (80000, 0), (90000, 0), (100000, 0), (110000, 0), (120000, 0), (130000, 0), (140000, 0)]
