00:00:00
new vehicle0 @ 00:21:26 (sumoTime: 1286 seconds) on link 1 with path_nodes [1, 2, 3, 4] which means path_links [1, 2, 3]
['newVeh0'] arrived @ sumotime 1314.0 seconds
new vehicle1 @ 00:42:47 (sumoTime: 2567 seconds) on link 1 with path_nodes [1, 2, 3, 4] which means path_links [1, 2, 3]
['newVeh1'] arrived @ sumotime 2593.0 seconds
new vehicle2 @ 00:51:35 (sumoTime: 3095 seconds) on link 1 with path_nodes [1, 2, 3, 4] which means path_links [1, 2, 3]
['newVeh2'] arrived @ sumotime 3121.0 seconds
01:00:00
Umlegung ausgeführt
curVolumes: (10000, [(3, 3, 0)])
new vehicle3 @ 01:06:53 (sumoTime: 4013 seconds) on link 1 with path_nodes [1, 2, 3, 4] which means path_links [1, 2, 3]
['newVeh3'] arrived @ sumotime 4042.0 seconds
new vehicle4 @ 01:14:42 (sumoTime: 4482 seconds) on link 1 with path_nodes [1, 2, 3, 4] which means path_links [1, 2, 3]
['newVeh4'] arrived @ sumotime 4510.0 seconds
new vehicle5 @ 01:17:51 (sumoTime: 4671 seconds) on link 1 with path_nodes [1, 2, 3, 4] which means path_links [1, 2, 3]
['newVeh5'] arrived @ sumotime 4697.0 seconds
new vehicle6 @ 01:19:33 (sumoTime: 4773 seconds) on link 1 with path_nodes [1, 2, 3, 4] which means path_links [1, 2, 3]
['newVeh6'] arrived @ sumotime 4799.0 seconds
['newVeh6'] arrived @ sumotime 4800.0 seconds
new vehicle7 @ 01:27:29 (sumoTime: 5249 seconds) on link 1 with path_nodes [1, 2, 3, 4] which means path_links [1, 2, 3]
['newVeh7'] arrived @ sumotime 5274.0 seconds
new vehicle8 @ 01:30:36 (sumoTime: 5436 seconds) on link 1 with path_nodes [1, 2, 3, 4] which means path_links [1, 2, 3]
['newVeh8'] arrived @ sumotime 5466.0 seconds
new vehicle9 @ 01:35:30 (sumoTime: 5730 seconds) on link 1 with path_nodes [1, 2, 3, 4] which means path_links [1, 2, 3]
['newVeh9'] arrived @ sumotime 5760.0 seconds
new vehicle10 @ 01:40:37 (sumoTime: 6037 seconds) on link 1 with path_nodes [1, 2, 3, 4] which means path_links [1, 2, 3]
['newVeh10'] arrived @ sumotime 6064.0 seconds
new vehicle11 @ 01:51:25 (sumoTime: 6685 seconds) on link 1 with path_nodes [1, 2, 3, 4] which means path_links [1, 2, 3]
['newVeh11'] arrived @ sumotime 6713.0 seconds
new vehicle12 @ 01:53:15 (sumoTime: 6795 seconds) on link 1 with path_nodes [1, 2, 3, 4] which means path_links [1, 2, 3]
['newVeh12'] arrived @ sumotime 6826.0 seconds
02:00:00
Umlegung ausgeführt
curVolumes: (20000, [(3, 11, 0)])
new vehicle13 @ 02:07:53 (sumoTime: 7673 seconds) on link 1 with path_nodes [1, 2, 3, 4] which means path_links [1, 2, 3]
['newVeh13'] arrived @ sumotime 7700.0 seconds
new vehicle14 @ 02:32:35 (sumoTime: 9155 seconds) on link 1 with path_nodes [1, 2, 3, 4] which means path_links [1, 2, 3]
['newVeh14'] arrived @ sumotime 9183.0 seconds
new vehicle15 @ 02:36:37 (sumoTime: 9397 seconds) on link 1 with path_nodes [1, 2, 3, 4] which means path_links [1, 2, 3]
['newVeh15'] arrived @ sumotime 9424.0 seconds
new vehicle16 @ 02:44:01 (sumoTime: 9841 seconds) on link 1 with path_nodes [1, 2, 3, 4] which means path_links [1, 2, 3]
['newVeh16'] arrived @ sumotime 9867.0 seconds
new vehicle17 @ 02:48:33 (sumoTime: 10113 seconds) on link 1 with path_nodes [1, 2, 3, 4] which means path_links [1, 2, 3]
['newVeh17'] arrived @ sumotime 10143.0 seconds
03:00:00
Umlegung ausgeführt
curVolumes: (30000, [(3, 5, 0)])
new vehicle18 @ 03:04:03 (sumoTime: 11043 seconds) on link 1 with path_nodes [1, 2, 3, 4] which means path_links [1, 2, 3]
['newVeh18'] arrived @ sumotime 11070.0 seconds
new vehicle19 @ 03:04:45 (sumoTime: 11085 seconds) on link 1 with path_nodes [1, 2, 3, 4] which means path_links [1, 2, 3]
['newVeh19'] arrived @ sumotime 11110.0 seconds
new vehicle20 @ 03:07:25 (sumoTime: 11245 seconds) on link 1 with path_nodes [1, 2, 3, 4] which means path_links [1, 2, 3]
['newVeh20'] arrived @ sumotime 11271.0 seconds
new vehicle21 @ 03:14:32 (sumoTime: 11672 seconds) on link 1 with path_nodes [1, 2, 3, 4] which means path_links [1, 2, 3]
['newVeh21'] arrived @ sumotime 11702.0 seconds
new vehicle22 @ 03:16:29 (sumoTime: 11789 seconds) on link 1 with path_nodes [1, 2, 3, 4] which means path_links [1, 2, 3]
['newVeh22'] arrived @ sumotime 11815.0 seconds
new vehicle23 @ 03:47:20 (sumoTime: 13640 seconds) on link 1 with path_nodes [1, 2, 3, 4] which means path_links [1, 2, 3]
['newVeh23'] arrived @ sumotime 13666.0 seconds
new vehicle24 @ 03:49:46 (sumoTime: 13786 seconds) on link 1 with path_nodes [1, 2, 3, 4] which means path_links [1, 2, 3]
['newVeh24'] arrived @ sumotime 13815.0 seconds
new vehicle25 @ 03:52:45 (sumoTime: 13965 seconds) on link 1 with path_nodes [1, 2, 3, 4] which means path_links [1, 2, 3]
new vehicle26 @ 03:52:46 (sumoTime: 13966 seconds) on link 1 with path_nodes [1, 2, 3, 4] which means path_links [1, 2, 3]
['newVeh25'] arrived @ sumotime 13991.0 seconds
['newVeh26'] arrived @ sumotime 13997.0 seconds
new vehicle27 @ 03:59:31 (sumoTime: 14371 seconds) on link 1 with path_nodes [1, 2, 3, 4] which means path_links [1, 2, 3]
['newVeh27'] arrived @ sumotime 14399.0 seconds
04:00:00
Umlegung ausgeführt
curVolumes: (40000, [(3, 10, 0)])
new vehicle28 @ 04:00:20 (sumoTime: 14420 seconds) on link 1 with path_nodes [1, 2, 3, 4] which means path_links [1, 2, 3]
['newVeh28'] arrived @ sumotime 14447.0 seconds
new vehicle29 @ 04:16:09 (sumoTime: 15369 seconds) on link 1 with path_nodes [1, 2, 3, 4] which means path_links [1, 2, 3]
['newVeh29'] arrived @ sumotime 15395.0 seconds
new vehicle30 @ 04:23:57 (sumoTime: 15837 seconds) on link 1 with path_nodes [1, 2, 3, 4] which means path_links [1, 2, 3]
['newVeh30'] arrived @ sumotime 15865.0 seconds
new vehicle31 @ 04:24:49 (sumoTime: 15889 seconds) on link 1 with path_nodes [1, 2, 3, 4] which means path_links [1, 2, 3]
['newVeh31'] arrived @ sumotime 15915.0 seconds
new vehicle32 @ 04:30:43 (sumoTime: 16243 seconds) on link 1 with path_nodes [1, 2, 3, 4] which means path_links [1, 2, 3]
['newVeh32'] arrived @ sumotime 16273.0 seconds
new vehicle33 @ 04:38:09 (sumoTime: 16689 seconds) on link 1 with path_nodes [1, 2, 3, 4] which means path_links [1, 2, 3]
['newVeh33'] arrived @ sumotime 16717.0 seconds
new vehicle34 @ 04:43:21 (sumoTime: 17001 seconds) on link 1 with path_nodes [1, 2, 3, 4] which means path_links [1, 2, 3]
['newVeh34'] arrived @ sumotime 17026.0 seconds
new vehicle35 @ 04:45:30 (sumoTime: 17130 seconds) on link 1 with path_nodes [1, 2, 3, 4] which means path_links [1, 2, 3]
['newVeh35'] arrived @ sumotime 17156.0 seconds
new vehicle36 @ 04:52:40 (sumoTime: 17560 seconds) on link 1 with path_nodes [1, 2, 3, 4] which means path_links [1, 2, 3]
['newVeh36'] arrived @ sumotime 17586.0 seconds
05:00:00
Umlegung ausgeführt
curVolumes: (50000, [(3, 9, 0)])
new vehicle37 @ 05:00:25 (sumoTime: 18025 seconds) on link 1 with path_nodes [1, 2, 3, 4] which means path_links [1, 2, 3]
['newVeh37'] arrived @ sumotime 18051.0 seconds
new vehicle38 @ 05:08:15 (sumoTime: 18495 seconds) on link 1 with path_nodes [1, 2, 3, 4] which means path_links [1, 2, 3]
['newVeh38'] arrived @ sumotime 18523.0 seconds
new vehicle39 @ 05:13:25 (sumoTime: 18805 seconds) on link 1 with path_nodes [1, 2, 3, 4] which means path_links [1, 2, 3]
['newVeh39'] arrived @ sumotime 18833.0 seconds
new vehicle40 @ 05:17:40 (sumoTime: 19060 seconds) on link 1 with path_nodes [1, 2, 3, 4] which means path_links [1, 2, 3]
['newVeh40'] arrived @ sumotime 19089.0 seconds
new vehicle41 @ 05:22:38 (sumoTime: 19358 seconds) on link 1 with path_nodes [1, 2, 3, 4] which means path_links [1, 2, 3]
['newVeh41'] arrived @ sumotime 19386.0 seconds
new vehicle42 @ 05:24:44 (sumoTime: 19484 seconds) on link 1 with path_nodes [1, 2, 3, 4] which means path_links [1, 2, 3]
new vehicle43 @ 05:25:01 (sumoTime: 19501 seconds) on link 1 with path_nodes [1, 2, 3, 4] which means path_links [1, 2, 3]
new vehicle44 @ 05:25:09 (sumoTime: 19509 seconds) on link 1 with path_nodes [1, 2, 3, 4] which means path_links [1, 2, 3]
['newVeh42'] arrived @ sumotime 19512.0 seconds
['newVeh43'] arrived @ sumotime 19532.0 seconds
['newVeh44'] arrived @ sumotime 19534.0 seconds
new vehicle45 @ 05:36:11 (sumoTime: 20171 seconds) on link 1 with path_nodes [1, 2, 3, 4] which means path_links [1, 2, 3]
['newVeh45'] arrived @ sumotime 20198.0 seconds
new vehicle46 @ 05:43:32 (sumoTime: 20612 seconds) on link 1 with path_nodes [1, 2, 3, 4] which means path_links [1, 2, 3]
new vehicle47 @ 05:43:34 (sumoTime: 20614 seconds) on link 1 with path_nodes [1, 2, 3, 4] which means path_links [1, 2, 3]
['newVeh46'] arrived @ sumotime 20641.0 seconds
['newVeh46'] arrived @ sumotime 20642.0 seconds
['newVeh47'] arrived @ sumotime 20643.0 seconds
new vehicle48 @ 05:48:09 (sumoTime: 20889 seconds) on link 1 with path_nodes [1, 2, 3, 4] which means path_links [1, 2, 3]
['newVeh48'] arrived @ sumotime 20918.0 seconds
new vehicle49 @ 05:54:03 (sumoTime: 21243 seconds) on link 1 with path_nodes [1, 2, 3, 4] which means path_links [1, 2, 3]
new vehicle50 @ 05:54:06 (sumoTime: 21246 seconds) on link 1 with path_nodes [1, 2, 3, 4] which means path_links [1, 2, 3]
['newVeh49'] arrived @ sumotime 21271.0 seconds
['newVeh50'] arrived @ sumotime 21274.0 seconds
06:00:00
Umlegung ausgeführt
curVolumes: (60000, [(3, 15, 0)])
new vehicle51 @ 06:07:20 (sumoTime: 22040 seconds) on link 1 with path_nodes [1, 2, 3, 4] which means path_links [1, 2, 3]
['newVeh51'] arrived @ sumotime 22065.0 seconds
new vehicle52 @ 06:08:40 (sumoTime: 22120 seconds) on link 1 with path_nodes [1, 2, 3, 4] which means path_links [1, 2, 3]
['newVeh52'] arrived @ sumotime 22148.0 seconds
['newVeh52'] arrived @ sumotime 22149.0 seconds
new vehicle53 @ 06:12:14 (sumoTime: 22334 seconds) on link 1 with path_nodes [1, 2, 3, 4] which means path_links [1, 2, 3]
new vehicle54 @ 06:12:28 (sumoTime: 22348 seconds) on link 1 with path_nodes [1, 2, 3, 4] which means path_links [1, 2, 3]
['newVeh53'] arrived @ sumotime 22360.0 seconds
['newVeh54'] arrived @ sumotime 22374.0 seconds
new vehicle55 @ 06:17:43 (sumoTime: 22663 seconds) on link 1 with path_nodes [1, 2, 3, 4] which means path_links [1, 2, 3]
['newVeh55'] arrived @ sumotime 22689.0 seconds
new vehicle56 @ 06:20:31 (sumoTime: 22831 seconds) on link 1 with path_nodes [1, 2, 3, 4] which means path_links [1, 2, 3]
['newVeh56'] arrived @ sumotime 22858.0 seconds
new vehicle57 @ 06:21:47 (sumoTime: 22907 seconds) on link 1 with path_nodes [1, 2, 3, 4] which means path_links [1, 2, 3]
['newVeh57'] arrived @ sumotime 22936.0 seconds
new vehicle58 @ 06:38:19 (sumoTime: 23899 seconds) on link 1 with path_nodes [1, 2, 3, 4] which means path_links [1, 2, 3]
['newVeh58'] arrived @ sumotime 23925.0 seconds
new vehicle59 @ 06:44:55 (sumoTime: 24295 seconds) on link 1 with path_nodes [1, 2, 3, 4] which means path_links [1, 2, 3]
['newVeh59'] arrived @ sumotime 24322.0 seconds
new vehicle60 @ 06:45:37 (sumoTime: 24337 seconds) on link 1 with path_nodes [1, 2, 3, 4] which means path_links [1, 2, 3]
['newVeh60'] arrived @ sumotime 24366.0 seconds
new vehicle61 @ 06:46:32 (sumoTime: 24392 seconds) on link 1 with path_nodes [1, 2, 3, 4] which means path_links [1, 2, 3]
['newVeh61'] arrived @ sumotime 24422.0 seconds
new vehicle62 @ 06:47:32 (sumoTime: 24452 seconds) on link 1 with path_nodes [1, 2, 3, 4] which means path_links [1, 2, 3]
['newVeh62'] arrived @ sumotime 24482.0 seconds
new vehicle63 @ 06:53:44 (sumoTime: 24824 seconds) on link 1 with path_nodes [1, 2, 3, 4] which means path_links [1, 2, 3]
['newVeh63'] arrived @ sumotime 24850.0 seconds
['newVeh63'] arrived @ sumotime 24851.0 seconds
new vehicle64 @ 06:57:04 (sumoTime: 25024 seconds) on link 1 with path_nodes [1, 2, 3, 4] which means path_links [1, 2, 3]
['newVeh64'] arrived @ sumotime 25050.0 seconds
new vehicle65 @ 06:59:06 (sumoTime: 25146 seconds) on link 1 with path_nodes [1, 2, 3, 4] which means path_links [1, 2, 3]
['newVeh65'] arrived @ sumotime 25172.0 seconds
07:00:00
Umlegung ausgeführt
curVolumes: (70000, [(3, 17, 0)])
new vehicle66 @ 07:04:31 (sumoTime: 25471 seconds) on link 1 with path_nodes [1, 2, 3, 4] which means path_links [1, 2, 3]
['newVeh66'] arrived @ sumotime 25499.0 seconds
new vehicle67 @ 07:05:40 (sumoTime: 25540 seconds) on link 1 with path_nodes [1, 2, 3, 4] which means path_links [1, 2, 3]
['newVeh67'] arrived @ sumotime 25567.0 seconds
new vehicle68 @ 07:08:21 (sumoTime: 25701 seconds) on link 1 with path_nodes [1, 2, 3, 4] which means path_links [1, 2, 3]
new vehicle69 @ 07:08:27 (sumoTime: 25707 seconds) on link 1 with path_nodes [1, 2, 3, 4] which means path_links [1, 2, 3]
['newVeh68'] arrived @ sumotime 25727.0 seconds
['newVeh69'] arrived @ sumotime 25734.0 seconds
new vehicle70 @ 07:10:10 (sumoTime: 25810 seconds) on link 1 with path_nodes [1, 2, 3, 4] which means path_links [1, 2, 3]
new vehicle71 @ 07:10:12 (sumoTime: 25812 seconds) on link 1 with path_nodes [1, 2, 3, 4] which means path_links [1, 2, 3]
['newVeh70'] arrived @ sumotime 25836.0 seconds
['newVeh71'] arrived @ sumotime 25840.0 seconds
new vehicle72 @ 07:10:46 (sumoTime: 25846 seconds) on link 1 with path_nodes [1, 2, 3, 4] which means path_links [1, 2, 3]
['newVeh72'] arrived @ sumotime 25873.0 seconds
new vehicle73 @ 07:20:29 (sumoTime: 26429 seconds) on link 1 with path_nodes [1, 2, 3, 4] which means path_links [1, 2, 3]
['newVeh73'] arrived @ sumotime 26456.0 seconds
new vehicle74 @ 07:22:47 (sumoTime: 26567 seconds) on link 1 with path_nodes [1, 2, 3, 4] which means path_links [1, 2, 3]
['newVeh74'] arrived @ sumotime 26595.0 seconds
new vehicle75 @ 07:24:22 (sumoTime: 26662 seconds) on link 1 with path_nodes [1, 2, 3, 4] which means path_links [1, 2, 3]
['newVeh75'] arrived @ sumotime 26690.0 seconds
new vehicle76 @ 07:26:28 (sumoTime: 26788 seconds) on link 1 with path_nodes [1, 2, 3, 4] which means path_links [1, 2, 3]
new vehicle77 @ 07:26:52 (sumoTime: 26812 seconds) on link 1 with path_nodes [1, 2, 3, 4] which means path_links [1, 2, 3]
['newVeh76'] arrived @ sumotime 26813.0 seconds
['newVeh77'] arrived @ sumotime 26843.0 seconds
new vehicle78 @ 07:34:01 (sumoTime: 27241 seconds) on link 1 with path_nodes [1, 2, 3, 4] which means path_links [1, 2, 3]
['newVeh78'] arrived @ sumotime 27269.0 seconds
new vehicle79 @ 07:35:24 (sumoTime: 27324 seconds) on link 1 with path_nodes [1, 2, 3, 4] which means path_links [1, 2, 3]
['newVeh79'] arrived @ sumotime 27354.0 seconds
new vehicle80 @ 07:37:54 (sumoTime: 27474 seconds) on link 1 with path_nodes [1, 2, 3, 4] which means path_links [1, 2, 3]
['newVeh80'] arrived @ sumotime 27506.0 seconds
new vehicle81 @ 07:42:22 (sumoTime: 27742 seconds) on link 1 with path_nodes [1, 2, 3, 4] which means path_links [1, 2, 3]
['newVeh81'] arrived @ sumotime 27768.0 seconds
new vehicle82 @ 07:43:31 (sumoTime: 27811 seconds) on link 1 with path_nodes [1, 2, 3, 4] which means path_links [1, 2, 3]
['newVeh82'] arrived @ sumotime 27839.0 seconds
new vehicle83 @ 07:45:33 (sumoTime: 27933 seconds) on link 1 with path_nodes [1, 2, 3, 4] which means path_links [1, 2, 3]
['newVeh83'] arrived @ sumotime 27961.0 seconds
new vehicle84 @ 07:49:46 (sumoTime: 28186 seconds) on link 1 with path_nodes [1, 2, 3, 4] which means path_links [1, 2, 3]
['newVeh84'] arrived @ sumotime 28212.0 seconds
new vehicle85 @ 07:56:09 (sumoTime: 28569 seconds) on link 1 with path_nodes [1, 2, 3, 4] which means path_links [1, 2, 3]
new vehicle86 @ 07:56:24 (sumoTime: 28584 seconds) on link 1 with path_nodes [1, 2, 3, 4] which means path_links [1, 2, 3]
['newVeh85'] arrived @ sumotime 28595.0 seconds
['newVeh86'] arrived @ sumotime 28612.0 seconds
08:00:00
Umlegung ausgeführt
curVolumes: (80000, [(3, 21, 0)])
new vehicle87 @ 08:01:18 (sumoTime: 28878 seconds) on link 1 with path_nodes [1, 2, 3, 4] which means path_links [1, 2, 3]
['newVeh87'] arrived @ sumotime 28927.0 seconds
new vehicle88 @ 08:05:31 (sumoTime: 29131 seconds) on link 1 with path_nodes [1, 2, 3, 4] which means path_links [1, 2, 3]
['newVeh88'] arrived @ sumotime 29180.0 seconds
new vehicle89 @ 08:12:38 (sumoTime: 29558 seconds) on link 1 with path_nodes [1, 2, 3, 4] which means path_links [1, 2, 3]
['newVeh89'] arrived @ sumotime 29616.0 seconds
new vehicle90 @ 08:20:01 (sumoTime: 30001 seconds) on link 1 with path_nodes [1, 2, 3, 4] which means path_links [1, 2, 3]
['newVeh90'] arrived @ sumotime 30052.0 seconds
new vehicle91 @ 08:21:21 (sumoTime: 30081 seconds) on link 1 with path_nodes [1, 2, 3, 4] which means path_links [1, 2, 3]
new vehicle92 @ 08:21:22 (sumoTime: 30082 seconds) on link 1 with path_nodes [1, 2, 3, 4] which means path_links [1, 2, 3]
['newVeh91'] arrived @ sumotime 30133.0 seconds
['newVeh92'] arrived @ sumotime 30137.0 seconds
new vehicle93 @ 08:26:25 (sumoTime: 30385 seconds) on link 1 with path_nodes [1, 2, 3, 4] which means path_links [1, 2, 3]
['newVeh93'] arrived @ sumotime 30438.0 seconds
new vehicle94 @ 08:28:26 (sumoTime: 30506 seconds) on link 1 with path_nodes [1, 2, 3, 4] which means path_links [1, 2, 3]
['newVeh94'] arrived @ sumotime 30559.0 seconds
new vehicle95 @ 08:30:10 (sumoTime: 30610 seconds) on link 1 with path_nodes [1, 2, 3, 4] which means path_links [1, 2, 3]
['newVeh95'] arrived @ sumotime 30667.0 seconds
new vehicle96 @ 08:34:18 (sumoTime: 30858 seconds) on link 1 with path_nodes [1, 2, 3, 4] which means path_links [1, 2, 3]
['newVeh96'] arrived @ sumotime 30907.0 seconds
new vehicle97 @ 08:35:35 (sumoTime: 30935 seconds) on link 1 with path_nodes [1, 2, 3, 4] which means path_links [1, 2, 3]
['newVeh97'] arrived @ sumotime 30985.0 seconds
new vehicle98 @ 08:38:52 (sumoTime: 31132 seconds) on link 1 with path_nodes [1, 2, 3, 4] which means path_links [1, 2, 3]
['newVeh98'] arrived @ sumotime 31182.0 seconds
new vehicle99 @ 08:41:44 (sumoTime: 31304 seconds) on link 1 with path_nodes [1, 2, 3, 4] which means path_links [1, 2, 3]
new vehicle100 @ 08:42:04 (sumoTime: 31324 seconds) on link 1 with path_nodes [1, 2, 3, 4] which means path_links [1, 2, 3]
['newVeh99'] arrived @ sumotime 31368.0 seconds
['newVeh99'] arrived @ sumotime 31369.0 seconds
['newVeh100'] arrived @ sumotime 31380.0 seconds
new vehicle101 @ 08:43:54 (sumoTime: 31434 seconds) on link 1 with path_nodes [1, 2, 3, 4] which means path_links [1, 2, 3]
['newVeh101'] arrived @ sumotime 31490.0 seconds
new vehicle102 @ 08:47:29 (sumoTime: 31649 seconds) on link 1 with path_nodes [1, 2, 3, 4] which means path_links [1, 2, 3]
new vehicle103 @ 08:47:44 (sumoTime: 31664 seconds) on link 1 with path_nodes [1, 2, 3, 4] which means path_links [1, 2, 3]
['newVeh102'] arrived @ sumotime 31703.0 seconds
['newVeh103'] arrived @ sumotime 31717.0 seconds
new vehicle104 @ 08:53:48 (sumoTime: 32028 seconds) on link 1 with path_nodes [1, 2, 3, 4] which means path_links [1, 2, 3]
['newVeh104'] arrived @ sumotime 32078.0 seconds
09:00:00
Umlegung ausgeführt
curVolumes: (90000, [(3, 19, 0)])
new vehicle105 @ 09:01:16 (sumoTime: 32476 seconds) on link 1 with path_nodes [1, 2, 3, 4] which means path_links [1, 2, 3]
['newVeh105'] arrived @ sumotime 32524.0 seconds
['newVeh105'] arrived @ sumotime 32525.0 seconds
new vehicle106 @ 09:05:04 (sumoTime: 32704 seconds) on link 1 with path_nodes [1, 2, 3, 4] which means path_links [1, 2, 3]
['newVeh106'] arrived @ sumotime 32757.0 seconds
new vehicle107 @ 09:09:40 (sumoTime: 32980 seconds) on link 1 with path_nodes [1, 2, 3, 4] which means path_links [1, 2, 3]
new vehicle108 @ 09:09:46 (sumoTime: 32986 seconds) on link 1 with path_nodes [1, 2, 3, 4] which means path_links [1, 2, 3]
['newVeh107'] arrived @ sumotime 33036.0 seconds
['newVeh108'] arrived @ sumotime 33040.0 seconds
new vehicle109 @ 09:11:12 (sumoTime: 33072 seconds) on link 1 with path_nodes [1, 2, 3, 4] which means path_links [1, 2, 3]
['newVeh109'] arrived @ sumotime 33126.0 seconds
new vehicle110 @ 09:15:50 (sumoTime: 33350 seconds) on link 1 with path_nodes [1, 2, 3, 4] which means path_links [1, 2, 3]
['newVeh110'] arrived @ sumotime 33402.0 seconds
new vehicle111 @ 09:19:04 (sumoTime: 33544 seconds) on link 1 with path_nodes [1, 2, 3, 4] which means path_links [1, 2, 3]
['newVeh111'] arrived @ sumotime 33594.0 seconds
new vehicle112 @ 09:26:50 (sumoTime: 34010 seconds) on link 1 with path_nodes [1, 2, 3, 4] which means path_links [1, 2, 3]
['newVeh112'] arrived @ sumotime 34068.0 seconds
new vehicle113 @ 09:27:49 (sumoTime: 34069 seconds) on link 1 with path_nodes [1, 2, 3, 4] which means path_links [1, 2, 3]
['newVeh113'] arrived @ sumotime 34119.0 seconds
new vehicle114 @ 09:30:55 (sumoTime: 34255 seconds) on link 1 with path_nodes [1, 2, 3, 4] which means path_links [1, 2, 3]
['newVeh114'] arrived @ sumotime 34310.0 seconds
new vehicle115 @ 09:39:01 (sumoTime: 34741 seconds) on link 1 with path_nodes [1, 2, 3, 4] which means path_links [1, 2, 3]
['newVeh115'] arrived @ sumotime 34796.0 seconds
new vehicle116 @ 09:40:27 (sumoTime: 34827 seconds) on link 1 with path_nodes [1, 2, 3, 4] which means path_links [1, 2, 3]
['newVeh116'] arrived @ sumotime 34881.0 seconds
new vehicle117 @ 09:42:19 (sumoTime: 34939 seconds) on link 1 with path_nodes [1, 2, 3, 4] which means path_links [1, 2, 3]
['newVeh117'] arrived @ sumotime 34990.0 seconds
new vehicle118 @ 09:44:01 (sumoTime: 35041 seconds) on link 1 with path_nodes [1, 2, 3, 4] which means path_links [1, 2, 3]
['newVeh118'] arrived @ sumotime 35098.0 seconds
new vehicle119 @ 09:46:33 (sumoTime: 35193 seconds) on link 1 with path_nodes [1, 2, 3, 4] which means path_links [1, 2, 3]
['newVeh119'] arrived @ sumotime 35245.0 seconds
['newVeh119'] arrived @ sumotime 35246.0 seconds
new vehicle120 @ 09:48:41 (sumoTime: 35321 seconds) on link 1 with path_nodes [1, 2, 3, 4] which means path_links [1, 2, 3]
['newVeh120'] arrived @ sumotime 35371.0 seconds
new vehicle121 @ 09:53:00 (sumoTime: 35580 seconds) on link 1 with path_nodes [1, 2, 3, 4] which means path_links [1, 2, 3]
['newVeh121'] arrived @ sumotime 35635.0 seconds
new vehicle122 @ 09:58:56 (sumoTime: 35936 seconds) on link 1 with path_nodes [1, 2, 3, 4] which means path_links [1, 2, 3]
new vehicle123 @ 09:59:17 (sumoTime: 35957 seconds) on link 1 with path_nodes [1, 2, 3, 4] which means path_links [1, 2, 3]
new vehicle124 @ 09:59:35 (sumoTime: 35975 seconds) on link 1 with path_nodes [1, 2, 3, 4] which means path_links [1, 2, 3]
['newVeh122'] arrived @ sumotime 35985.0 seconds
10:00:00
Umlegung ausgeführt
curVolumes: (100000, [(3, 20, 0)])
['newVeh123'] arrived @ sumotime 36019.0 seconds
['newVeh124'] arrived @ sumotime 36024.0 seconds
new vehicle125 @ 10:06:39 (sumoTime: 36399 seconds) on link 1 with path_nodes [1, 2, 3, 4] which means path_links [1, 2, 3]
['newVeh125'] arrived @ sumotime 36452.0 seconds
new vehicle126 @ 10:08:39 (sumoTime: 36519 seconds) on link 1 with path_nodes [1, 2, 3, 4] which means path_links [1, 2, 3]
['newVeh126'] arrived @ sumotime 36571.0 seconds
new vehicle127 @ 10:12:53 (sumoTime: 36773 seconds) on link 1 with path_nodes [1, 2, 3, 4] which means path_links [1, 2, 3]
['newVeh127'] arrived @ sumotime 36833.0 seconds
new vehicle128 @ 10:16:22 (sumoTime: 36982 seconds) on link 1 with path_nodes [1, 2, 3, 4] which means path_links [1, 2, 3]
new vehicle129 @ 10:16:48 (sumoTime: 37008 seconds) on link 1 with path_nodes [1, 2, 3, 4] which means path_links [1, 2, 3]
['newVeh128'] arrived @ sumotime 37036.0 seconds
['newVeh129'] arrived @ sumotime 37058.0 seconds
new vehicle130 @ 10:18:45 (sumoTime: 37125 seconds) on link 1 with path_nodes [1, 2, 3, 4] which means path_links [1, 2, 3]
new vehicle131 @ 10:18:55 (sumoTime: 37135 seconds) on link 1 with path_nodes [1, 2, 3, 4] which means path_links [1, 2, 3]
['newVeh130'] arrived @ sumotime 37175.0 seconds
['newVeh131'] arrived @ sumotime 37185.0 seconds
new vehicle132 @ 10:20:58 (sumoTime: 37258 seconds) on link 1 with path_nodes [1, 2, 3, 4] which means path_links [1, 2, 3]
['newVeh132'] arrived @ sumotime 37314.0 seconds
new vehicle133 @ 10:33:56 (sumoTime: 38036 seconds) on link 1 with path_nodes [1, 2, 3, 4] which means path_links [1, 2, 3]
['newVeh133'] arrived @ sumotime 38087.0 seconds
new vehicle134 @ 10:35:32 (sumoTime: 38132 seconds) on link 1 with path_nodes [1, 2, 3, 4] which means path_links [1, 2, 3]
new vehicle135 @ 10:35:42 (sumoTime: 38142 seconds) on link 1 with path_nodes [1, 2, 3, 4] which means path_links [1, 2, 3]
['newVeh134'] arrived @ sumotime 38181.0 seconds
['newVeh135'] arrived @ sumotime 38205.0 seconds
new vehicle136 @ 10:40:26 (sumoTime: 38426 seconds) on link 1 with path_nodes [1, 2, 3, 4] which means path_links [1, 2, 3]
new vehicle137 @ 10:40:44 (sumoTime: 38444 seconds) on link 1 with path_nodes [1, 2, 3, 4] which means path_links [1, 2, 3]
new vehicle138 @ 10:41:16 (sumoTime: 38476 seconds) on link 1 with path_nodes [1, 2, 3, 4] which means path_links [1, 2, 3]
['newVeh136'] arrived @ sumotime 38480.0 seconds
['newVeh137'] arrived @ sumotime 38501.0 seconds
['newVeh138'] arrived @ sumotime 38529.0 seconds
new vehicle139 @ 10:42:42 (sumoTime: 38562 seconds) on link 1 with path_nodes [1, 2, 3, 4] which means path_links [1, 2, 3]
['newVeh139'] arrived @ sumotime 38612.0 seconds
new vehicle140 @ 10:45:33 (sumoTime: 38733 seconds) on link 1 with path_nodes [1, 2, 3, 4] which means path_links [1, 2, 3]
new vehicle141 @ 10:46:08 (sumoTime: 38768 seconds) on link 1 with path_nodes [1, 2, 3, 4] which means path_links [1, 2, 3]
['newVeh140'] arrived @ sumotime 38784.0 seconds
new vehicle142 @ 10:46:53 (sumoTime: 38813 seconds) on link 1 with path_nodes [1, 2, 3, 4] which means path_links [1, 2, 3]
['newVeh141'] arrived @ sumotime 38822.0 seconds
['newVeh142'] arrived @ sumotime 38864.0 seconds
new vehicle143 @ 10:48:12 (sumoTime: 38892 seconds) on link 1 with path_nodes [1, 2, 3, 4] which means path_links [1, 2, 3]
new vehicle144 @ 10:48:48 (sumoTime: 38928 seconds) on link 1 with path_nodes [1, 2, 3, 4] which means path_links [1, 2, 3]
['newVeh143'] arrived @ sumotime 38938.0 seconds
['newVeh144'] arrived @ sumotime 38979.0 seconds
new vehicle145 @ 10:50:38 (sumoTime: 39038 seconds) on link 1 with path_nodes [1, 2, 3, 4] which means path_links [1, 2, 3]
['newVeh145'] arrived @ sumotime 39087.0 seconds
new vehicle146 @ 10:51:52 (sumoTime: 39112 seconds) on link 1 with path_nodes [1, 2, 3, 4] which means path_links [1, 2, 3]
['newVeh146'] arrived @ sumotime 39162.0 seconds
new vehicle147 @ 10:54:38 (sumoTime: 39278 seconds) on link 1 with path_nodes [1, 2, 3, 4] which means path_links [1, 2, 3]
new vehicle148 @ 10:54:56 (sumoTime: 39296 seconds) on link 1 with path_nodes [1, 2, 3, 4] which means path_links [1, 2, 3]
['newVeh147'] arrived @ sumotime 39334.0 seconds
['newVeh148'] arrived @ sumotime 39350.0 seconds
new vehicle149 @ 10:57:47 (sumoTime: 39467 seconds) on link 1 with path_nodes [1, 2, 3, 4] which means path_links [1, 2, 3]
new vehicle150 @ 10:58:00 (sumoTime: 39480 seconds) on link 1 with path_nodes [1, 2, 3, 4] which means path_links [1, 2, 3]
['newVeh149'] arrived @ sumotime 39519.0 seconds
['newVeh150'] arrived @ sumotime 39530.0 seconds
new vehicle151 @ 10:59:13 (sumoTime: 39553 seconds) on link 1 with path_nodes [1, 2, 3, 4] which means path_links [1, 2, 3]
11:00:00
Umlegung ausgeführt
curVolumes: (110000, [(3, 28, 0)])
['newVeh151'] arrived @ sumotime 39605.0 seconds
new vehicle152 @ 11:00:47 (sumoTime: 39647 seconds) on link 1 with path_nodes [1, 2, 3, 4] which means path_links [1, 2, 3]
['newVeh152'] arrived @ sumotime 39698.0 seconds
new vehicle153 @ 11:01:45 (sumoTime: 39705 seconds) on link 1 with path_nodes [1, 2, 3, 4] which means path_links [1, 2, 3]
['newVeh153'] arrived @ sumotime 39760.0 seconds
new vehicle154 @ 11:05:18 (sumoTime: 39918 seconds) on link 1 with path_nodes [1, 2, 3, 4] which means path_links [1, 2, 3]
new vehicle155 @ 11:05:54 (sumoTime: 39954 seconds) on link 1 with path_nodes [1, 2, 3, 4] which means path_links [1, 2, 3]
new vehicle156 @ 11:05:57 (sumoTime: 39957 seconds) on link 1 with path_nodes [1, 2, 3, 4] which means path_links [1, 2, 3]
['newVeh154'] arrived @ sumotime 39969.0 seconds
['newVeh155'] arrived @ sumotime 40001.0 seconds
['newVeh156'] arrived @ sumotime 40011.0 seconds
new vehicle157 @ 11:06:58 (sumoTime: 40018 seconds) on link 1 with path_nodes [1, 2, 3, 4] which means path_links [1, 2, 3]
['newVeh157'] arrived @ sumotime 40067.0 seconds
new vehicle158 @ 11:07:56 (sumoTime: 40076 seconds) on link 1 with path_nodes [1, 2, 3, 4] which means path_links [1, 2, 3]
new vehicle159 @ 11:08:15 (sumoTime: 40095 seconds) on link 1 with path_nodes [1, 2, 3, 4] which means path_links [1, 2, 3]
['newVeh158'] arrived @ sumotime 40124.0 seconds
new vehicle160 @ 11:08:56 (sumoTime: 40136 seconds) on link 1 with path_nodes [1, 2, 3, 4] which means path_links [1, 2, 3]
['newVeh159'] arrived @ sumotime 40148.0 seconds
new vehicle161 @ 11:09:53 (sumoTime: 40193 seconds) on link 1 with path_nodes [1, 2, 3, 4] which means path_links [1, 2, 3]
['newVeh160'] arrived @ sumotime 40195.0 seconds
new vehicle162 @ 11:10:07 (sumoTime: 40207 seconds) on link 1 with path_nodes [1, 2, 3, 4] which means path_links [1, 2, 3]
['newVeh161'] arrived @ sumotime 40247.0 seconds
['newVeh162'] arrived @ sumotime 40255.0 seconds
new vehicle163 @ 11:17:30 (sumoTime: 40650 seconds) on link 1 with path_nodes [1, 2, 3, 4] which means path_links [1, 2, 3]
['newVeh163'] arrived @ sumotime 40701.0 seconds
new vehicle164 @ 11:22:07 (sumoTime: 40927 seconds) on link 1 with path_nodes [1, 2, 3, 4] which means path_links [1, 2, 3]
new vehicle165 @ 11:22:44 (sumoTime: 40964 seconds) on link 1 with path_nodes [1, 2, 3, 4] which means path_links [1, 2, 3]
['newVeh164'] arrived @ sumotime 40978.0 seconds
new vehicle166 @ 11:23:20 (sumoTime: 41000 seconds) on link 1 with path_nodes [1, 2, 3, 4] which means path_links [1, 2, 3]
['newVeh165'] arrived @ sumotime 41015.0 seconds
['newVeh166'] arrived @ sumotime 41047.0 seconds
new vehicle167 @ 11:26:00 (sumoTime: 41160 seconds) on link 1 with path_nodes [1, 2, 3, 4] which means path_links [1, 2, 3]
new vehicle168 @ 11:26:05 (sumoTime: 41165 seconds) on link 1 with path_nodes [1, 2, 3, 4] which means path_links [1, 2, 3]
new vehicle169 @ 11:26:42 (sumoTime: 41202 seconds) on link 1 with path_nodes [1, 2, 3, 4] which means path_links [1, 2, 3]
['newVeh167'] arrived @ sumotime 41213.0 seconds
['newVeh168'] arrived @ sumotime 41223.0 seconds
new vehicle170 @ 11:27:12 (sumoTime: 41232 seconds) on link 1 with path_nodes [1, 2, 3, 4] which means path_links [1, 2, 3]
['newVeh169'] arrived @ sumotime 41256.0 seconds
new vehicle171 @ 11:27:50 (sumoTime: 41270 seconds) on link 1 with path_nodes [1, 2, 3, 4] which means path_links [1, 2, 3]
['newVeh170'] arrived @ sumotime 41288.0 seconds
['newVeh170'] arrived @ sumotime 41289.0 seconds
['newVeh171'] arrived @ sumotime 41332.0 seconds
new vehicle172 @ 11:29:49 (sumoTime: 41389 seconds) on link 1 with path_nodes [1, 2, 3, 4] which means path_links [1, 2, 3]
['newVeh172'] arrived @ sumotime 41437.0 seconds
new vehicle173 @ 11:34:43 (sumoTime: 41683 seconds) on link 1 with path_nodes [1, 2, 3, 4] which means path_links [1, 2, 3]
['newVeh173'] arrived @ sumotime 41734.0 seconds
new vehicle174 @ 11:37:19 (sumoTime: 41839 seconds) on link 1 with path_nodes [1, 2, 3, 4] which means path_links [1, 2, 3]
new vehicle175 @ 11:37:50 (sumoTime: 41870 seconds) on link 1 with path_nodes [1, 2, 3, 4] which means path_links [1, 2, 3]
new vehicle176 @ 11:37:53 (sumoTime: 41873 seconds) on link 1 with path_nodes [1, 2, 3, 4] which means path_links [1, 2, 3]
new vehicle177 @ 11:38:08 (sumoTime: 41888 seconds) on link 1 with path_nodes [1, 2, 3, 4] which means path_links [1, 2, 3]
['newVeh174'] arrived @ sumotime 41890.0 seconds
['newVeh175'] arrived @ sumotime 41920.0 seconds
['newVeh176'] arrived @ sumotime 41925.0 seconds
['newVeh177'] arrived @ sumotime 41941.0 seconds
new vehicle178 @ 11:39:17 (sumoTime: 41957 seconds) on link 1 with path_nodes [1, 2, 3, 4] which means path_links [1, 2, 3]
['newVeh178'] arrived @ sumotime 42006.0 seconds
new vehicle179 @ 11:41:13 (sumoTime: 42073 seconds) on link 1 with path_nodes [1, 2, 3, 4] which means path_links [1, 2, 3]
new vehicle180 @ 11:41:34 (sumoTime: 42094 seconds) on link 1 with path_nodes [1, 2, 3, 4] which means path_links [1, 2, 3]
['newVeh179'] arrived @ sumotime 42132.0 seconds
['newVeh180'] arrived @ sumotime 42145.0 seconds
new vehicle181 @ 11:46:17 (sumoTime: 42377 seconds) on link 1 with path_nodes [1, 2, 3, 4] which means path_links [1, 2, 3]
['newVeh181'] arrived @ sumotime 42427.0 seconds
new vehicle182 @ 11:47:53 (sumoTime: 42473 seconds) on link 1 with path_nodes [1, 2, 3, 4] which means path_links [1, 2, 3]
['newVeh182'] arrived @ sumotime 42528.0 seconds
new vehicle183 @ 11:51:28 (sumoTime: 42688 seconds) on link 1 with path_nodes [1, 2, 3, 4] which means path_links [1, 2, 3]
['newVeh183'] arrived @ sumotime 42740.0 seconds
new vehicle184 @ 11:54:14 (sumoTime: 42854 seconds) on link 1 with path_nodes [1, 2, 3, 4] which means path_links [1, 2, 3]
['newVeh184'] arrived @ sumotime 42915.0 seconds
new vehicle185 @ 11:56:55 (sumoTime: 43015 seconds) on link 1 with path_nodes [1, 2, 3, 4] which means path_links [1, 2, 3]
['newVeh185'] arrived @ sumotime 43066.0 seconds
new vehicle186 @ 11:58:46 (sumoTime: 43126 seconds) on link 1 with path_nodes [1, 2, 3, 4] which means path_links [1, 2, 3]
new vehicle187 @ 11:59:37 (sumoTime: 43177 seconds) on link 1 with path_nodes [1, 2, 3, 4] which means path_links [1, 2, 3]
['newVeh186'] arrived @ sumotime 43182.0 seconds
['newVeh186'] arrived @ sumotime 43183.0 seconds
12:00:00
Umlegung ausgeführt
curVolumes: (120000, [(3, 38, 0)])
['newVeh187'] arrived @ sumotime 43230.0 seconds
new vehicle188 @ 12:02:29 (sumoTime: 43349 seconds) on link 1 with path_nodes [1, 2, 3, 4] which means path_links [1, 2, 3]
['newVeh188'] arrived @ sumotime 43375.0 seconds
new vehicle189 @ 12:07:30 (sumoTime: 43650 seconds) on link 1 with path_nodes [1, 2, 3, 4] which means path_links [1, 2, 3]
['newVeh189'] arrived @ sumotime 43681.0 seconds
['newVeh189'] arrived @ sumotime 43682.0 seconds
new vehicle190 @ 12:09:59 (sumoTime: 43799 seconds) on link 1 with path_nodes [1, 2, 3, 4] which means path_links [1, 2, 3]
['newVeh190'] arrived @ sumotime 43829.0 seconds
new vehicle191 @ 12:12:12 (sumoTime: 43932 seconds) on link 1 with path_nodes [1, 2, 3, 4] which means path_links [1, 2, 3]
['newVeh191'] arrived @ sumotime 43958.0 seconds
new vehicle192 @ 12:13:21 (sumoTime: 44001 seconds) on link 1 with path_nodes [1, 2, 3, 4] which means path_links [1, 2, 3]
['newVeh192'] arrived @ sumotime 44029.0 seconds
new vehicle193 @ 12:13:59 (sumoTime: 44039 seconds) on link 1 with path_nodes [1, 2, 3, 4] which means path_links [1, 2, 3]
['newVeh193'] arrived @ sumotime 44066.0 seconds
new vehicle194 @ 12:15:02 (sumoTime: 44102 seconds) on link 1 with path_nodes [1, 2, 3, 4] which means path_links [1, 2, 3]
['newVeh194'] arrived @ sumotime 44129.0 seconds
new vehicle195 @ 12:15:34 (sumoTime: 44134 seconds) on link 1 with path_nodes [1, 2, 3, 4] which means path_links [1, 2, 3]
['newVeh195'] arrived @ sumotime 44161.0 seconds
new vehicle196 @ 12:17:01 (sumoTime: 44221 seconds) on link 1 with path_nodes [1, 2, 3, 4] which means path_links [1, 2, 3]
new vehicle197 @ 12:17:23 (sumoTime: 44243 seconds) on link 1 with path_nodes [1, 2, 3, 4] which means path_links [1, 2, 3]
['newVeh196'] arrived @ sumotime 44249.0 seconds
['newVeh197'] arrived @ sumotime 44270.0 seconds
new vehicle198 @ 12:20:16 (sumoTime: 44416 seconds) on link 1 with path_nodes [1, 2, 3, 4] which means path_links [1, 2, 3]
['newVeh198'] arrived @ sumotime 44442.0 seconds
new vehicle199 @ 12:23:34 (sumoTime: 44614 seconds) on link 1 with path_nodes [1, 2, 3, 4] which means path_links [1, 2, 3]
['newVeh199'] arrived @ sumotime 44640.0 seconds
new vehicle200 @ 12:25:26 (sumoTime: 44726 seconds) on link 1 with path_nodes [1, 2, 3, 4] which means path_links [1, 2, 3]
['newVeh200'] arrived @ sumotime 44752.0 seconds
new vehicle201 @ 12:25:56 (sumoTime: 44756 seconds) on link 1 with path_nodes [1, 2, 3, 4] which means path_links [1, 2, 3]
['newVeh201'] arrived @ sumotime 44782.0 seconds
new vehicle202 @ 12:27:22 (sumoTime: 44842 seconds) on link 1 with path_nodes [1, 2, 3, 4] which means path_links [1, 2, 3]
['newVeh202'] arrived @ sumotime 44874.0 seconds
new vehicle203 @ 12:29:04 (sumoTime: 44944 seconds) on link 1 with path_nodes [1, 2, 3, 4] which means path_links [1, 2, 3]
['newVeh203'] arrived @ sumotime 44972.0 seconds
new vehicle204 @ 12:30:02 (sumoTime: 45002 seconds) on link 1 with path_nodes [1, 2, 3, 4] which means path_links [1, 2, 3]
['newVeh204'] arrived @ sumotime 45028.0 seconds
new vehicle205 @ 12:30:41 (sumoTime: 45041 seconds) on link 1 with path_nodes [1, 2, 3, 4] which means path_links [1, 2, 3]
new vehicle206 @ 12:30:46 (sumoTime: 45046 seconds) on link 1 with path_nodes [1, 2, 3, 4] which means path_links [1, 2, 3]
['newVeh205'] arrived @ sumotime 45067.0 seconds
new vehicle207 @ 12:31:13 (sumoTime: 45073 seconds) on link 1 with path_nodes [1, 2, 3, 4] which means path_links [1, 2, 3]
['newVeh206'] arrived @ sumotime 45073.0 seconds
['newVeh207'] arrived @ sumotime 45101.0 seconds
new vehicle208 @ 12:33:03 (sumoTime: 45183 seconds) on link 1 with path_nodes [1, 2, 3, 4] which means path_links [1, 2, 3]
['newVeh208'] arrived @ sumotime 45211.0 seconds
new vehicle209 @ 12:34:48 (sumoTime: 45288 seconds) on link 1 with path_nodes [1, 2, 3, 4] which means path_links [1, 2, 3]
['newVeh209'] arrived @ sumotime 45314.0 seconds
new vehicle210 @ 12:43:36 (sumoTime: 45816 seconds) on link 1 with path_nodes [1, 2, 3, 4] which means path_links [1, 2, 3]
['newVeh210'] arrived @ sumotime 45843.0 seconds
new vehicle211 @ 12:47:22 (sumoTime: 46042 seconds) on link 1 with path_nodes [1, 2, 3, 4] which means path_links [1, 2, 3]
['newVeh211'] arrived @ sumotime 46068.0 seconds
new vehicle212 @ 12:47:55 (sumoTime: 46075 seconds) on link 1 with path_nodes [1, 2, 3, 4] which means path_links [1, 2, 3]
['newVeh212'] arrived @ sumotime 46102.0 seconds
new vehicle213 @ 12:51:06 (sumoTime: 46266 seconds) on link 1 with path_nodes [1, 2, 3, 4] which means path_links [1, 2, 3]
new vehicle214 @ 12:51:27 (sumoTime: 46287 seconds) on link 1 with path_nodes [1, 2, 3, 4] which means path_links [1, 2, 3]
['newVeh213'] arrived @ sumotime 46297.0 seconds
['newVeh214'] arrived @ sumotime 46316.0 seconds
new vehicle215 @ 12:52:40 (sumoTime: 46360 seconds) on link 1 with path_nodes [1, 2, 3, 4] which means path_links [1, 2, 3]
['newVeh215'] arrived @ sumotime 46386.0 seconds
new vehicle216 @ 12:53:55 (sumoTime: 46435 seconds) on link 1 with path_nodes [1, 2, 3, 4] which means path_links [1, 2, 3]
['newVeh216'] arrived @ sumotime 46462.0 seconds
13:00:00
Umlegung ausgeführt
curVolumes: (130000, [(3, 31, 0)])
new vehicle217 @ 13:00:24 (sumoTime: 46824 seconds) on link 1 with path_nodes [1, 2, 3, 4] which means path_links [1, 2, 3]
['newVeh217'] arrived @ sumotime 46851.0 seconds
new vehicle218 @ 13:03:27 (sumoTime: 47007 seconds) on link 1 with path_nodes [1, 2, 3, 4] which means path_links [1, 2, 3]
['newVeh218'] arrived @ sumotime 47034.0 seconds
new vehicle219 @ 13:04:34 (sumoTime: 47074 seconds) on link 1 with path_nodes [1, 2, 3, 4] which means path_links [1, 2, 3]
new vehicle220 @ 13:04:38 (sumoTime: 47078 seconds) on link 1 with path_nodes [1, 2, 3, 4] which means path_links [1, 2, 3]
['newVeh219'] arrived @ sumotime 47102.0 seconds
['newVeh220'] arrived @ sumotime 47104.0 seconds
new vehicle221 @ 13:06:22 (sumoTime: 47182 seconds) on link 1 with path_nodes [1, 2, 3, 4] which means path_links [1, 2, 3]
['newVeh221'] arrived @ sumotime 47208.0 seconds
new vehicle222 @ 13:07:18 (sumoTime: 47238 seconds) on link 1 with path_nodes [1, 2, 3, 4] which means path_links [1, 2, 3]
['newVeh222'] arrived @ sumotime 47270.0 seconds
new vehicle223 @ 13:14:36 (sumoTime: 47676 seconds) on link 1 with path_nodes [1, 2, 3, 4] which means path_links [1, 2, 3]
['newVeh223'] arrived @ sumotime 47705.0 seconds
new vehicle224 @ 13:21:06 (sumoTime: 48066 seconds) on link 1 with path_nodes [1, 2, 3, 4] which means path_links [1, 2, 3]
['newVeh224'] arrived @ sumotime 48093.0 seconds
new vehicle225 @ 13:24:56 (sumoTime: 48296 seconds) on link 1 with path_nodes [1, 2, 3, 4] which means path_links [1, 2, 3]
['newVeh225'] arrived @ sumotime 48322.0 seconds
new vehicle226 @ 13:28:14 (sumoTime: 48494 seconds) on link 1 with path_nodes [1, 2, 3, 4] which means path_links [1, 2, 3]
new vehicle227 @ 13:28:39 (sumoTime: 48519 seconds) on link 1 with path_nodes [1, 2, 3, 4] which means path_links [1, 2, 3]
['newVeh226'] arrived @ sumotime 48519.0 seconds
['newVeh227'] arrived @ sumotime 48545.0 seconds
new vehicle228 @ 13:29:28 (sumoTime: 48568 seconds) on link 1 with path_nodes [1, 2, 3, 4] which means path_links [1, 2, 3]
['newVeh228'] arrived @ sumotime 48594.0 seconds
new vehicle229 @ 13:34:44 (sumoTime: 48884 seconds) on link 1 with path_nodes [1, 2, 3, 4] which means path_links [1, 2, 3]
['newVeh229'] arrived @ sumotime 48910.0 seconds
new vehicle230 @ 13:35:26 (sumoTime: 48926 seconds) on link 1 with path_nodes [1, 2, 3, 4] which means path_links [1, 2, 3]
['newVeh230'] arrived @ sumotime 48951.0 seconds
new vehicle231 @ 13:36:01 (sumoTime: 48961 seconds) on link 1 with path_nodes [1, 2, 3, 4] which means path_links [1, 2, 3]
['newVeh231'] arrived @ sumotime 48988.0 seconds
new vehicle232 @ 13:38:37 (sumoTime: 49117 seconds) on link 1 with path_nodes [1, 2, 3, 4] which means path_links [1, 2, 3]
new vehicle233 @ 13:38:45 (sumoTime: 49125 seconds) on link 1 with path_nodes [1, 2, 3, 4] which means path_links [1, 2, 3]
['newVeh232'] arrived @ sumotime 49145.0 seconds
['newVeh233'] arrived @ sumotime 49151.0 seconds
new vehicle234 @ 13:39:37 (sumoTime: 49177 seconds) on link 1 with path_nodes [1, 2, 3, 4] which means path_links [1, 2, 3]
['newVeh234'] arrived @ sumotime 49207.0 seconds
new vehicle235 @ 13:45:20 (sumoTime: 49520 seconds) on link 1 with path_nodes [1, 2, 3, 4] which means path_links [1, 2, 3]
['newVeh235'] arrived @ sumotime 49548.0 seconds
new vehicle236 @ 13:45:52 (sumoTime: 49552 seconds) on link 1 with path_nodes [1, 2, 3, 4] which means path_links [1, 2, 3]
['newVeh236'] arrived @ sumotime 49579.0 seconds
new vehicle237 @ 13:46:25 (sumoTime: 49585 seconds) on link 1 with path_nodes [1, 2, 3, 4] which means path_links [1, 2, 3]
['newVeh237'] arrived @ sumotime 49611.0 seconds
new vehicle238 @ 13:47:00 (sumoTime: 49620 seconds) on link 1 with path_nodes [1, 2, 3, 4] which means path_links [1, 2, 3]
['newVeh238'] arrived @ sumotime 49646.0 seconds
new vehicle239 @ 13:48:13 (sumoTime: 49693 seconds) on link 1 with path_nodes [1, 2, 3, 4] which means path_links [1, 2, 3]
['newVeh239'] arrived @ sumotime 49720.0 seconds
new vehicle240 @ 13:49:59 (sumoTime: 49799 seconds) on link 1 with path_nodes [1, 2, 3, 4] which means path_links [1, 2, 3]
['newVeh240'] arrived @ sumotime 49829.0 seconds
new vehicle241 @ 13:53:56 (sumoTime: 50036 seconds) on link 1 with path_nodes [1, 2, 3, 4] which means path_links [1, 2, 3]
new vehicle242 @ 13:54:01 (sumoTime: 50041 seconds) on link 1 with path_nodes [1, 2, 3, 4] which means path_links [1, 2, 3]
['newVeh241'] arrived @ sumotime 50065.0 seconds
['newVeh242'] arrived @ sumotime 50068.0 seconds
new vehicle243 @ 13:56:30 (sumoTime: 50190 seconds) on link 1 with path_nodes [1, 2, 3, 4] which means path_links [1, 2, 3]
['newVeh243'] arrived @ sumotime 50216.0 seconds
new vehicle244 @ 13:57:52 (sumoTime: 50272 seconds) on link 1 with path_nodes [1, 2, 3, 4] which means path_links [1, 2, 3]
new vehicle245 @ 13:58:08 (sumoTime: 50288 seconds) on link 1 with path_nodes [1, 2, 3, 4] which means path_links [1, 2, 3]
['newVeh244'] arrived @ sumotime 50300.0 seconds
['newVeh245'] arrived @ sumotime 50317.0 seconds
14:00:00
Umlegung ausgeführt
curVolumes: (140000, [(3, 29, 0)])
new vehicle246 @ 14:00:41 (sumoTime: 50441 seconds) on link 1 with path_nodes [1, 2, 3, 4] which means path_links [1, 2, 3]
['newVeh246'] arrived @ sumotime 50467.0 seconds
new vehicle247 @ 14:01:21 (sumoTime: 50481 seconds) on link 1 with path_nodes [1, 2, 3, 4] which means path_links [1, 2, 3]
['newVeh247'] arrived @ sumotime 50507.0 seconds
new vehicle248 @ 14:01:53 (sumoTime: 50513 seconds) on link 1 with path_nodes [1, 2, 3, 4] which means path_links [1, 2, 3]
['newVeh248'] arrived @ sumotime 50538.0 seconds
new vehicle249 @ 14:03:53 (sumoTime: 50633 seconds) on link 1 with path_nodes [1, 2, 3, 4] which means path_links [1, 2, 3]
['newVeh249'] arrived @ sumotime 50659.0 seconds
new vehicle250 @ 14:05:03 (sumoTime: 50703 seconds) on link 1 with path_nodes [1, 2, 3, 4] which means path_links [1, 2, 3]
['newVeh250'] arrived @ sumotime 50730.0 seconds
new vehicle251 @ 14:06:42 (sumoTime: 50802 seconds) on link 1 with path_nodes [1, 2, 3, 4] which means path_links [1, 2, 3]
['newVeh251'] arrived @ sumotime 50833.0 seconds
new vehicle252 @ 14:07:53 (sumoTime: 50873 seconds) on link 1 with path_nodes [1, 2, 3, 4] which means path_links [1, 2, 3]
['newVeh252'] arrived @ sumotime 50900.0 seconds
new vehicle253 @ 14:08:46 (sumoTime: 50926 seconds) on link 1 with path_nodes [1, 2, 3, 4] which means path_links [1, 2, 3]
new vehicle254 @ 14:09:07 (sumoTime: 50947 seconds) on link 1 with path_nodes [1, 2, 3, 4] which means path_links [1, 2, 3]
['newVeh253'] arrived @ sumotime 50953.0 seconds
['newVeh254'] arrived @ sumotime 50974.0 seconds
new vehicle255 @ 14:14:09 (sumoTime: 51249 seconds) on link 1 with path_nodes [1, 2, 3, 4] which means path_links [1, 2, 3]
['newVeh255'] arrived @ sumotime 51276.0 seconds
new vehicle256 @ 14:16:14 (sumoTime: 51374 seconds) on link 1 with path_nodes [1, 2, 3, 4] which means path_links [1, 2, 3]
['newVeh256'] arrived @ sumotime 51401.0 seconds
new vehicle257 @ 14:18:18 (sumoTime: 51498 seconds) on link 1 with path_nodes [1, 2, 3, 4] which means path_links [1, 2, 3]
['newVeh257'] arrived @ sumotime 51525.0 seconds
['newVeh257'] arrived @ sumotime 51526.0 seconds
new vehicle258 @ 14:21:31 (sumoTime: 51691 seconds) on link 1 with path_nodes [1, 2, 3, 4] which means path_links [1, 2, 3]
['newVeh258'] arrived @ sumotime 51718.0 seconds
new vehicle259 @ 14:22:33 (sumoTime: 51753 seconds) on link 1 with path_nodes [1, 2, 3, 4] which means path_links [1, 2, 3]
['newVeh259'] arrived @ sumotime 51780.0 seconds
new vehicle260 @ 14:25:12 (sumoTime: 51912 seconds) on link 1 with path_nodes [1, 2, 3, 4] which means path_links [1, 2, 3]
['newVeh260'] arrived @ sumotime 51942.0 seconds
new vehicle261 @ 14:27:27 (sumoTime: 52047 seconds) on link 1 with path_nodes [1, 2, 3, 4] which means path_links [1, 2, 3]
new vehicle262 @ 14:27:54 (sumoTime: 52074 seconds) on link 1 with path_nodes [1, 2, 3, 4] which means path_links [1, 2, 3]
['newVeh261'] arrived @ sumotime 52075.0 seconds
new vehicle263 @ 14:28:04 (sumoTime: 52084 seconds) on link 1 with path_nodes [1, 2, 3, 4] which means path_links [1, 2, 3]
['newVeh262'] arrived @ sumotime 52101.0 seconds
new vehicle264 @ 14:28:28 (sumoTime: 52108 seconds) on link 1 with path_nodes [1, 2, 3, 4] which means path_links [1, 2, 3]
['newVeh263'] arrived @ sumotime 52111.0 seconds
['newVeh264'] arrived @ sumotime 52136.0 seconds
new vehicle265 @ 14:31:21 (sumoTime: 52281 seconds) on link 1 with path_nodes [1, 2, 3, 4] which means path_links [1, 2, 3]
['newVeh265'] arrived @ sumotime 52308.0 seconds
new vehicle266 @ 14:32:40 (sumoTime: 52360 seconds) on link 1 with path_nodes [1, 2, 3, 4] which means path_links [1, 2, 3]
['newVeh266'] arrived @ sumotime 52383.0 seconds
new vehicle267 @ 14:33:40 (sumoTime: 52420 seconds) on link 1 with path_nodes [1, 2, 3, 4] which means path_links [1, 2, 3]
new vehicle268 @ 14:33:41 (sumoTime: 52421 seconds) on link 1 with path_nodes [1, 2, 3, 4] which means path_links [1, 2, 3]
new vehicle269 @ 14:33:57 (sumoTime: 52437 seconds) on link 1 with path_nodes [1, 2, 3, 4] which means path_links [1, 2, 3]
['newVeh267'] arrived @ sumotime 52447.0 seconds
['newVeh268'] arrived @ sumotime 52450.0 seconds
['newVeh269'] arrived @ sumotime 52466.0 seconds
new vehicle270 @ 14:35:57 (sumoTime: 52557 seconds) on link 1 with path_nodes [1, 2, 3, 4] which means path_links [1, 2, 3]
new vehicle271 @ 14:36:13 (sumoTime: 52573 seconds) on link 1 with path_nodes [1, 2, 3, 4] which means path_links [1, 2, 3]
['newVeh270'] arrived @ sumotime 52585.0 seconds
new vehicle272 @ 14:36:26 (sumoTime: 52586 seconds) on link 1 with path_nodes [1, 2, 3, 4] which means path_links [1, 2, 3]
['newVeh271'] arrived @ sumotime 52600.0 seconds
['newVeh272'] arrived @ sumotime 52612.0 seconds
new vehicle273 @ 14:38:01 (sumoTime: 52681 seconds) on link 1 with path_nodes [1, 2, 3, 4] which means path_links [1, 2, 3]
['newVeh273'] arrived @ sumotime 52712.0 seconds
new vehicle274 @ 14:41:05 (sumoTime: 52865 seconds) on link 1 with path_nodes [1, 2, 3, 4] which means path_links [1, 2, 3]
new vehicle275 @ 14:41:11 (sumoTime: 52871 seconds) on link 1 with path_nodes [1, 2, 3, 4] which means path_links [1, 2, 3]
['newVeh274'] arrived @ sumotime 52893.0 seconds
['newVeh275'] arrived @ sumotime 52898.0 seconds
new vehicle276 @ 14:42:43 (sumoTime: 52963 seconds) on link 1 with path_nodes [1, 2, 3, 4] which means path_links [1, 2, 3]
['newVeh276'] arrived @ sumotime 52992.0 seconds
new vehicle277 @ 14:44:03 (sumoTime: 53043 seconds) on link 1 with path_nodes [1, 2, 3, 4] which means path_links [1, 2, 3]
['newVeh277'] arrived @ sumotime 53070.0 seconds
new vehicle278 @ 14:46:02 (sumoTime: 53162 seconds) on link 1 with path_nodes [1, 2, 3, 4] which means path_links [1, 2, 3]
['newVeh278'] arrived @ sumotime 53189.0 seconds
new vehicle279 @ 14:47:31 (sumoTime: 53251 seconds) on link 1 with path_nodes [1, 2, 3, 4] which means path_links [1, 2, 3]
new vehicle280 @ 14:47:57 (sumoTime: 53277 seconds) on link 1 with path_nodes [1, 2, 3, 4] which means path_links [1, 2, 3]
['newVeh279'] arrived @ sumotime 53278.0 seconds
['newVeh280'] arrived @ sumotime 53305.0 seconds
new vehicle281 @ 14:49:42 (sumoTime: 53382 seconds) on link 1 with path_nodes [1, 2, 3, 4] which means path_links [1, 2, 3]
['newVeh281'] arrived @ sumotime 53412.0 seconds
new vehicle282 @ 14:53:54 (sumoTime: 53634 seconds) on link 1 with path_nodes [1, 2, 3, 4] which means path_links [1, 2, 3]
new vehicle283 @ 14:54:22 (sumoTime: 53662 seconds) on link 1 with path_nodes [1, 2, 3, 4] which means path_links [1, 2, 3]
['newVeh282'] arrived @ sumotime 53662.0 seconds
['newVeh283'] arrived @ sumotime 53689.0 seconds
new vehicle284 @ 14:55:13 (sumoTime: 53713 seconds) on link 1 with path_nodes [1, 2, 3, 4] which means path_links [1, 2, 3]
new vehicle285 @ 14:55:36 (sumoTime: 53736 seconds) on link 1 with path_nodes [1, 2, 3, 4] which means path_links [1, 2, 3]
['newVeh284'] arrived @ sumotime 53741.0 seconds
new vehicle286 @ 14:55:52 (sumoTime: 53752 seconds) on link 1 with path_nodes [1, 2, 3, 4] which means path_links [1, 2, 3]
['newVeh285'] arrived @ sumotime 53767.0 seconds
new vehicle287 @ 14:56:16 (sumoTime: 53776 seconds) on link 1 with path_nodes [1, 2, 3, 4] which means path_links [1, 2, 3]
['newVeh286'] arrived @ sumotime 53778.0 seconds
new vehicle288 @ 14:56:28 (sumoTime: 53788 seconds) on link 1 with path_nodes [1, 2, 3, 4] which means path_links [1, 2, 3]
['newVeh287'] arrived @ sumotime 53804.0 seconds
['newVeh288'] arrived @ sumotime 53819.0 seconds
new vehicle289 @ 14:59:10 (sumoTime: 53950 seconds) on link 1 with path_nodes [1, 2, 3, 4] which means path_links [1, 2, 3]
['newVeh289'] arrived @ sumotime 53979.0 seconds
Gesamte Auslastung: 296
Summe erzeugter Fahrzeuge: 290
-> Fahrzeuge verloren: 6
Tupel bestehend aus: VolVisum, geplantesVolSumo, avgArrTimeVisum, avgArrTimeSumo
Link: 1 -> [(2, 4, 1800, 974), (5, 11, 720, 718), (7, 6, 514, 781), (10, 11, 360, 401), (12, 10, 300, 425), (15, 15, 240, 272), (17, 16, 211, 219), (20, 22, 180, 159), (22, 19, 163, 201), (25, 21, 144, 180), (27, 28, 133, 122), (30, 37, 120, 102), (32, 30, 112, 123), (35, 30, 102, 125), (37, 45, 97, 81)]
Link: 3 -> []
Link: 5 -> []
VolumenInSumo: [(2126, ['1', '2', '3']), (4247, ['1', '2', '3']), (5135, ['1', '2', '3']), (10653, ['1', '2', '3']), (11442, ['1', '2', '3']), (11751, ['1', '2', '3']), (11933, ['1', '2', '3']), (12729, ['1', '2', '3']), (13036, ['1', '2', '3']), (13530, ['1', '2', '3']), (14037, ['1', '2', '3']), (15125, ['1', '2', '3']), (15315, ['1', '2', '3']), (20753, ['1', '2', '3']), (23235, ['1', '2', '3']), (23637, ['1', '2', '3']), (24401, ['1', '2', '3']), (24833, ['1', '2', '3']), (30403, ['1', '2', '3']), (30445, ['1', '2', '3']), (30725, ['1', '2', '3']), (31432, ['1', '2', '3']), (31629, ['1', '2', '3']), (34720, ['1', '2', '3']), (34946, ['1', '2', '3']), (35245, ['1', '2', '3']), (35246, ['1', '2', '3']), (35931, ['1', '2', '3']), (40020, ['1', '2', '3']), (41609, ['1', '2', '3']), (42357, ['1', '2', '3']), (42449, ['1', '2', '3']), (43043, ['1', '2', '3']), (43809, ['1', '2', '3']), (44321, ['1', '2', '3']), (44530, ['1', '2', '3']), (45240, ['1', '2', '3']), (50025, ['1', '2', '3']), (50815, ['1', '2', '3']), (51325, ['1', '2', '3']), (51740, ['1', '2', '3']), (52238, ['1', '2', '3']), (52444, ['1', '2', '3']), (52501, ['1', '2', '3']), (52509, ['1', '2', '3']), (53611, ['1', '2', '3']), (54332, ['1', '2', '3']), (54334, ['1', '2', '3']), (54809, ['1', '2', '3']), (55403, ['1', '2', '3']), (55406, ['1', '2', '3']), (60720, ['1', '2', '3']), (60840, ['1', '2', '3']), (61214, ['1', '2', '3']), (61228, ['1', '2', '3']), (61743, ['1', '2', '3']), (62031, ['1', '2', '3']), (62147, ['1', '2', '3']), (63819, ['1', '2', '3']), (64455, ['1', '2', '3']), (64537, ['1', '2', '3']), (64632, ['1', '2', '3']), (64732, ['1', '2', '3']), (65344, ['1', '2', '3']), (65704, ['1', '2', '3']), (65906, ['1', '2', '3']), (70431, ['1', '2', '3']), (70540, ['1', '2', '3']), (70821, ['1', '2', '3']), (70827, ['1', '2', '3']), (71010, ['1', '2', '3']), (71012, ['1', '2', '3']), (71046, ['1', '2', '3']), (72029, ['1', '2', '3']), (72247, ['1', '2', '3']), (72422, ['1', '2', '3']), (72628, ['1', '2', '3']), (72652, ['1', '2', '3']), (73401, ['1', '2', '3']), (73524, ['1', '2', '3']), (73754, ['1', '2', '3']), (74222, ['1', '2', '3']), (74331, ['1', '2', '3']), (74533, ['1', '2', '3']), (74946, ['1', '2', '3']), (75609, ['1', '2', '3']), (75624, ['1', '2', '3']), (80118, ['1', '6', '7', '-8', '3']), (80531, ['1', '6', '7', '-8', '3']), (81238, ['1', '6', '7', '-8', '3']), (82001, ['1', '6', '7', '-8', '3']), (82121, ['1', '6', '7', '-8', '3']), (82122, ['1', '6', '7', '-8', '3']), (82625, ['1', '6', '7', '-8', '3']), (82826, ['1', '6', '7', '-8', '3']), (83010, ['1', '6', '7', '-8', '3']), (83418, ['1', '6', '7', '-8', '3']), (83535, ['1', '6', '7', '-8', '3']), (83852, ['1', '6', '7', '-8', '3']), (84144, ['1', '6', '7', '-8', '3']), (84204, ['1', '6', '7', '-8', '3']), (84354, ['1', '6', '7', '-8', '3']), (84729, ['1', '6', '7', '-8', '3']), (84744, ['1', '6', '7', '-8', '3']), (85348, ['1', '6', '7', '-8', '3']), (90116, ['1', '6', '7', '-8', '3']), (90504, ['1', '6', '7', '-8', '3']), (90940, ['1', '6', '7', '-8', '3']), (90946, ['1', '6', '7', '-8', '3']), (91112, ['1', '6', '7', '-8', '3']), (91550, ['1', '6', '7', '-8', '3']), (91904, ['1', '6', '7', '-8', '3']), (92650, ['1', '6', '7', '-8', '3']), (92749, ['1', '6', '7', '-8', '3']), (93055, ['1', '6', '7', '-8', '3']), (93901, ['1', '6', '7', '-8', '3']), (94027, ['1', '6', '7', '-8', '3']), (94219, ['1', '6', '7', '-8', '3']), (94401, ['1', '6', '7', '-8', '3']), (94633, ['1', '6', '7', '-8', '3']), (94841, ['1', '6', '7', '-8', '3']), (95300, ['1', '6', '7', '-8', '3']), (95856, ['1', '6', '7', '-8', '3']), (95917, ['1', '6', '7', '-8', '3']), (95935, ['1', '6', '7', '-8', '3']), (100639, ['1', '6', '7', '-8', '3']), (100839, ['1', '6', '7', '-8', '3']), (101253, ['1', '6', '7', '-8', '3']), (101622, ['1', '6', '7', '-8', '3']), (101648, ['1', '6', '7', '-8', '3']), (101845, ['1', '6', '7', '-8', '3']), (101855, ['1', '6', '7', '-8', '3']), (102058, ['1', '6', '7', '-8', '3']), (103356, ['1', '6', '7', '-8', '3']), (103532, ['1', '6', '7', '-8', '3']), (103542, ['1', '6', '7', '-8', '3']), (104026, ['1', '6', '7', '-8', '3']), (104044, ['1', '6', '7', '-8', '3']), (104116, ['1', '6', '7', '-8', '3']), (104242, ['1', '6', '7', '-8', '3']), (104533, ['1', '6', '7', '-8', '3']), (104608, ['1', '6', '7', '-8', '3']), (104653, ['1', '6', '7', '-8', '3']), (104812, ['1', '6', '7', '-8', '3']), (104848, ['1', '6', '7', '-8', '3']), (105038, ['1', '6', '7', '-8', '3']), (105152, ['1', '6', '7', '-8', '3']), (105438, ['1', '6', '7', '-8', '3']), (105456, ['1', '6', '7', '-8', '3']), (105747, ['1', '6', '7', '-8', '3']), (105800, ['1', '6', '7', '-8', '3']), (105913, ['1', '6', '7', '-8', '3']), (110047, ['1', '6', '7', '-8', '3']), (110145, ['1', '6', '7', '-8', '3']), (110518, ['1', '6', '7', '-8', '3']), (110554, ['1', '6', '7', '-8', '3']), (110557, ['1', '6', '7', '-8', '3']), (110658, ['1', '6', '7', '-8', '3']), (110756, ['1', '6', '7', '-8', '3']), (110815, ['1', '6', '7', '-8', '3']), (110856, ['1', '6', '7', '-8', '3']), (110953, ['1', '6', '7', '-8', '3']), (111007, ['1', '6', '7', '-8', '3']), (111730, ['1', '6', '7', '-8', '3']), (112207, ['1', '6', '7', '-8', '3']), (112244, ['1', '6', '7', '-8', '3']), (112320, ['1', '6', '7', '-8', '3']), (112600, ['1', '6', '7', '-8', '3']), (112605, ['1', '6', '7', '-8', '3']), (112642, ['1', '6', '7', '-8', '3']), (112712, ['1', '6', '7', '-8', '3']), (112750, ['1', '6', '7', '-8', '3']), (112949, ['1', '6', '7', '-8', '3']), (113443, ['1', '6', '7', '-8', '3']), (113719, ['1', '6', '7', '-8', '3']), (113750, ['1', '6', '7', '-8', '3']), (113753, ['1', '6', '7', '-8', '3']), (113808, ['1', '6', '7', '-8', '3']), (113917, ['1', '6', '7', '-8', '3']), (114113, ['1', '6', '7', '-8', '3']), (114134, ['1', '6', '7', '-8', '3']), (114617, ['1', '6', '7', '-8', '3']), (114753, ['1', '6', '7', '-8', '3']), (115128, ['1', '6', '7', '-8', '3']), (115414, ['1', '6', '7', '-8', '3']), (115655, ['1', '6', '7', '-8', '3']), (115846, ['1', '6', '7', '-8', '3']), (115937, ['1', '6', '7', '-8', '3']), (120229, ['1', '2', '3']), (120730, ['1', '2', '3']), (120959, ['1', '2', '3']), (121212, ['1', '2', '3']), (121321, ['1', '2', '3']), (121359, ['1', '2', '3']), (121502, ['1', '2', '3']), (121534, ['1', '2', '3']), (121701, ['1', '2', '3']), (121723, ['1', '2', '3']), (122016, ['1', '2', '3']), (122334, ['1', '2', '3']), (122526, ['1', '2', '3']), (122556, ['1', '2', '3']), (122722, ['1', '2', '3']), (122904, ['1', '2', '3']), (123002, ['1', '2', '3']), (123041, ['1', '2', '3']), (123046, ['1', '2', '3']), (123113, ['1', '2', '3']), (123303, ['1', '2', '3']), (123448, ['1', '2', '3']), (124336, ['1', '2', '3']), (124722, ['1', '2', '3']), (124755, ['1', '2', '3']), (125106, ['1', '2', '3']), (125127, ['1', '2', '3']), (125240, ['1', '2', '3']), (125355, ['1', '2', '3']), (130024, ['1', '2', '3']), (130327, ['1', '2', '3']), (130434, ['1', '2', '3']), (130438, ['1', '2', '3']), (130622, ['1', '2', '3']), (130718, ['1', '2', '3']), (131436, ['1', '2', '3']), (132106, ['1', '2', '3']), (132456, ['1', '2', '3']), (132814, ['1', '2', '3']), (132839, ['1', '2', '3']), (132928, ['1', '2', '3']), (133444, ['1', '2', '3']), (133526, ['1', '2', '3']), (133601, ['1', '2', '3']), (133837, ['1', '2', '3']), (133845, ['1', '2', '3']), (133937, ['1', '2', '3']), (134520, ['1', '2', '3']), (134552, ['1', '2', '3']), (134625, ['1', '2', '3']), (134700, ['1', '2', '3']), (134813, ['1', '2', '3']), (134959, ['1', '2', '3']), (135356, ['1', '2', '3']), (135401, ['1', '2', '3']), (135630, ['1', '2', '3']), (135752, ['1', '2', '3']), (135808, ['1', '2', '3']), (140041, ['1', '2', '3']), (140121, ['1', '2', '3']), (140153, ['1', '2', '3']), (140353, ['1', '2', '3']), (140503, ['1', '2', '3']), (140642, ['1', '2', '3']), (140753, ['1', '2', '3']), (140846, ['1', '2', '3']), (140907, ['1', '2', '3']), (141409, ['1', '2', '3']), (141614, ['1', '2', '3']), (141818, ['1', '2', '3']), (142131, ['1', '2', '3']), (142233, ['1', '2', '3']), (142512, ['1', '2', '3']), (142727, ['1', '2', '3']), (142754, ['1', '2', '3']), (142804, ['1', '2', '3']), (142828, ['1', '2', '3']), (143121, ['1', '2', '3']), (143240, ['1', '2', '3']), (143340, ['1', '2', '3']), (143341, ['1', '2', '3']), (143357, ['1', '2', '3']), (143557, ['1', '2', '3']), (143613, ['1', '2', '3']), (143626, ['1', '2', '3']), (143801, ['1', '2', '3']), (144105, ['1', '2', '3']), (144111, ['1', '2', '3']), (144243, ['1', '2', '3']), (144403, ['1', '2', '3']), (144602, ['1', '2', '3']), (144731, ['1', '2', '3']), (144757, ['1', '2', '3']), (144942, ['1', '2', '3']), (145354, ['1', '2', '3']), (145422, ['1', '2', '3']), (145513, ['1', '2', '3']), (145536, ['1', '2', '3']), (145552, ['1', '2', '3']), (145616, ['1', '2', '3']), (145628, ['1', '2', '3']), (145910, ['1', '2', '3'])]
2 -> 3 : [(0, 2), (10000, 5), (20000, 7), (30000, 10), (40000, 12), (50000, 15), (60000, 17), (70000, 20), (80000, 22), (90000, 25), (100000, 27), (110000, 30), (120000, 32), (130000, 35), (140000, 37)]
2 -> 5 : [(0, 0), (10000, 0), (20000, 0), (30000, 0), (40000, 0), (50000, 0), (60000, 0), (70000, 0), (80000, 0), (90000, 0), (100000, 0), (110000, 0), (120000, 0), (130000, 0), (140000, 0)]
2 -> 6 : [(0, 0), (10000, 0), (20000, 0), (30000, 0), (40000, 0), (50000, 0), (60000, 0), (70000, 0), (80000, 0), (90000, 0), (100000, 0), (110000, 0), (120000, 0), (130000, 0), (140000, 0)]
3 -> 2 : [(0, 0), (10000, 0), (20000, 0), (30000, 0), (40000, 0), (50000, 0), (60000, 0), (70000, 0), (80000, 0), (90000, 0), (100000, 0), (110000, 0), (120000, 0), (130000, 0), (140000, 0)]
3 -> 4 : [(0, 2), (10000, 5), (20000, 7), (30000, 10), (40000, 12), (50000, 15), (60000, 17), (70000, 20), (80000, 22), (90000, 25), (100000, 27), (110000, 30), (120000, 32), (130000, 35), (140000, 37)]
3 -> 7 : [(0, 0), (10000, 0), (20000, 0), (30000, 0), (40000, 0), (50000, 0), (60000, 0), (70000, 0), (80000, 0), (90000, 0), (100000, 0), (110000, 0), (120000, 0), (130000, 0), (140000, 0)]
4 -> 3 : [(0, 0), (10000, 0), (20000, 0), (30000, 0), (40000, 0), (50000, 0), (60000, 0), (70000, 0), (80000, 0), (90000, 0), (100000, 0), (110000, 0), (120000, 0), (130000, 0), (140000, 0)]
4 -> 5 : [(0, 0), (10000, 0), (20000, 0), (30000, 0), (40000, 0), (50000, 0), (60000, 0), (70000, 0), (80000, 0), (90000, 0), (100000, 0), (110000, 0), (120000, 0), (130000, 0), (140000, 0)]
5 -> 2 : [(0, 0), (10000, 0), (20000, 0), (30000, 0), (40000, 0), (50000, 0), (60000, 0), (70000, 0), (80000, 0), (90000, 0), (100000, 0), (110000, 0), (120000, 0), (130000, 0), (140000, 0)]
5 -> 4 : [(0, 0), (10000, 0), (20000, 0), (30000, 0), (40000, 0), (50000, 0), (60000, 0), (70000, 0), (80000, 0), (90000, 0), (100000, 0), (110000, 0), (120000, 0), (130000, 0), (140000, 0)]
6 -> 2 : [(0, 0), (10000, 0), (20000, 0), (30000, 0), (40000, 0), (50000, 0), (60000, 0), (70000, 0), (80000, 0), (90000, 0), (100000, 0), (110000, 0), (120000, 0), (130000, 0), (140000, 0)]
6 -> 7 : [(0, 0), (10000, 0), (20000, 0), (30000, 0), (40000, 0), (50000, 0), (60000, 0), (70000, 0), (80000, 0), (90000, 0), (100000, 0), (110000, 0), (120000, 0), (130000, 0), (140000, 0)]
7 -> 3 : [(0, 0), (10000, 0), (20000, 0), (30000, 0), (40000, 0), (50000, 0), (60000, 0), (70000, 0), (80000, 0), (90000, 0), (100000, 0), (110000, 0), (120000, 0), (130000, 0), (140000, 0)]
7 -> 6 : [(0, 0), (10000, 0), (20000, 0), (30000, 0), (40000, 0), (50000, 0), (60000, 0), (70000, 0), (80000, 0), (90000, 0), (100000, 0), (110000, 0), (120000, 0), (130000, 0), (140000, 0)]
