00:00:00
new vehicle0 @ 00:17:03 (sumoTime: 1023 seconds) on link 1 with path_nodes [1, 2, 3, 4] which means path_links [1, 2, 3]
['newVeh0'] arrived @ sumotime 1051.0 seconds
new vehicle1 @ 00:24:48 (sumoTime: 1488 seconds) on link 1 with path_nodes [1, 2, 3, 4] which means path_links [1, 2, 3]
['newVeh1'] arrived @ sumotime 1514.0 seconds
01:00:00
Umlegung ausgeführt
curVolumes: (10000, [(3, 2, 0)])
new vehicle2 @ 01:00:13 (sumoTime: 3613 seconds) on link 1 with path_nodes [1, 2, 3, 4] which means path_links [1, 2, 3]
['newVeh2'] arrived @ sumotime 3639.0 seconds
new vehicle3 @ 01:34:46 (sumoTime: 5686 seconds) on link 1 with path_nodes [1, 2, 3, 4] which means path_links [1, 2, 3]
['newVeh3'] arrived @ sumotime 5715.0 seconds
new vehicle4 @ 01:36:11 (sumoTime: 5771 seconds) on link 1 with path_nodes [1, 2, 3, 4] which means path_links [1, 2, 3]
['newVeh4'] arrived @ sumotime 5799.0 seconds
new vehicle5 @ 01:47:19 (sumoTime: 6439 seconds) on link 1 with path_nodes [1, 2, 3, 4] which means path_links [1, 2, 3]
['newVeh5'] arrived @ sumotime 6465.0 seconds
new vehicle6 @ 01:49:41 (sumoTime: 6581 seconds) on link 1 with path_nodes [1, 2, 3, 4] which means path_links [1, 2, 3]
['newVeh6'] arrived @ sumotime 6607.0 seconds
['newVeh6'] arrived @ sumotime 6608.0 seconds
new vehicle7 @ 01:53:47 (sumoTime: 6827 seconds) on link 1 with path_nodes [1, 2, 3, 4] which means path_links [1, 2, 3]
['newVeh7'] arrived @ sumotime 6852.0 seconds
new vehicle8 @ 01:55:15 (sumoTime: 6915 seconds) on link 1 with path_nodes [1, 2, 3, 4] which means path_links [1, 2, 3]
['newVeh8'] arrived @ sumotime 6945.0 seconds
new vehicle9 @ 01:56:59 (sumoTime: 7019 seconds) on link 1 with path_nodes [1, 2, 3, 4] which means path_links [1, 2, 3]
['newVeh9'] arrived @ sumotime 7049.0 seconds
02:00:00
Umlegung ausgeführt
curVolumes: (20000, [(3, 9, 0)])
new vehicle10 @ 02:04:07 (sumoTime: 7447 seconds) on link 1 with path_nodes [1, 2, 3, 4] which means path_links [1, 2, 3]
['newVeh10'] arrived @ sumotime 7474.0 seconds
new vehicle11 @ 02:07:39 (sumoTime: 7659 seconds) on link 1 with path_nodes [1, 2, 3, 4] which means path_links [1, 2, 3]
['newVeh11'] arrived @ sumotime 7687.0 seconds
new vehicle12 @ 02:23:50 (sumoTime: 8630 seconds) on link 1 with path_nodes [1, 2, 3, 4] which means path_links [1, 2, 3]
['newVeh12'] arrived @ sumotime 8661.0 seconds
new vehicle13 @ 02:32:05 (sumoTime: 9125 seconds) on link 1 with path_nodes [1, 2, 3, 4] which means path_links [1, 2, 3]
['newVeh13'] arrived @ sumotime 9152.0 seconds
new vehicle14 @ 02:38:41 (sumoTime: 9521 seconds) on link 1 with path_nodes [1, 2, 3, 4] which means path_links [1, 2, 3]
['newVeh14'] arrived @ sumotime 9549.0 seconds
new vehicle15 @ 02:49:48 (sumoTime: 10188 seconds) on link 1 with path_nodes [1, 2, 3, 4] which means path_links [1, 2, 3]
['newVeh15'] arrived @ sumotime 10215.0 seconds
03:00:00
Umlegung ausgeführt
curVolumes: (30000, [(3, 6, 0)])
new vehicle16 @ 03:11:25 (sumoTime: 11485 seconds) on link 1 with path_nodes [1, 2, 3, 4] which means path_links [1, 2, 3]
['newVeh16'] arrived @ sumotime 11511.0 seconds
new vehicle17 @ 03:17:43 (sumoTime: 11863 seconds) on link 1 with path_nodes [1, 2, 3, 4] which means path_links [1, 2, 3]
['newVeh17'] arrived @ sumotime 11893.0 seconds
new vehicle18 @ 03:22:01 (sumoTime: 12121 seconds) on link 1 with path_nodes [1, 2, 3, 4] which means path_links [1, 2, 3]
['newVeh18'] arrived @ sumotime 12148.0 seconds
new vehicle19 @ 03:22:48 (sumoTime: 12168 seconds) on link 1 with path_nodes [1, 2, 3, 4] which means path_links [1, 2, 3]
['newVeh19'] arrived @ sumotime 12193.0 seconds
new vehicle20 @ 03:25:19 (sumoTime: 12319 seconds) on link 1 with path_nodes [1, 2, 3, 4] which means path_links [1, 2, 3]
['newVeh20'] arrived @ sumotime 12345.0 seconds
new vehicle21 @ 03:26:51 (sumoTime: 12411 seconds) on link 1 with path_nodes [1, 2, 3, 4] which means path_links [1, 2, 3]
['newVeh21'] arrived @ sumotime 12441.0 seconds
new vehicle22 @ 03:29:51 (sumoTime: 12591 seconds) on link 1 with path_nodes [1, 2, 3, 4] which means path_links [1, 2, 3]
['newVeh22'] arrived @ sumotime 12617.0 seconds
new vehicle23 @ 03:35:34 (sumoTime: 12934 seconds) on link 1 with path_nodes [1, 2, 3, 4] which means path_links [1, 2, 3]
['newVeh23'] arrived @ sumotime 12960.0 seconds
new vehicle24 @ 03:36:27 (sumoTime: 12987 seconds) on link 1 with path_nodes [1, 2, 3, 4] which means path_links [1, 2, 3]
['newVeh24'] arrived @ sumotime 13016.0 seconds
04:00:00
Umlegung ausgeführt
curVolumes: (40000, [(3, 9, 0)])
new vehicle25 @ 04:10:56 (sumoTime: 15056 seconds) on link 1 with path_nodes [1, 2, 3, 4] which means path_links [1, 2, 3]
['newVeh25'] arrived @ sumotime 15082.0 seconds
new vehicle26 @ 04:12:03 (sumoTime: 15123 seconds) on link 1 with path_nodes [1, 2, 3, 4] which means path_links [1, 2, 3]
['newVeh26'] arrived @ sumotime 15152.0 seconds
new vehicle27 @ 04:16:39 (sumoTime: 15399 seconds) on link 1 with path_nodes [1, 2, 3, 4] which means path_links [1, 2, 3]
['newVeh27'] arrived @ sumotime 15427.0 seconds
new vehicle28 @ 04:19:51 (sumoTime: 15591 seconds) on link 1 with path_nodes [1, 2, 3, 4] which means path_links [1, 2, 3]
['newVeh28'] arrived @ sumotime 15618.0 seconds
new vehicle29 @ 04:30:53 (sumoTime: 16253 seconds) on link 1 with path_nodes [1, 2, 3, 4] which means path_links [1, 2, 3]
['newVeh29'] arrived @ sumotime 16279.0 seconds
new vehicle30 @ 04:34:52 (sumoTime: 16492 seconds) on link 1 with path_nodes [1, 2, 3, 4] which means path_links [1, 2, 3]
['newVeh30'] arrived @ sumotime 16520.0 seconds
new vehicle31 @ 04:35:58 (sumoTime: 16558 seconds) on link 1 with path_nodes [1, 2, 3, 4] which means path_links [1, 2, 3]
['newVeh31'] arrived @ sumotime 16584.0 seconds
new vehicle32 @ 04:37:11 (sumoTime: 16631 seconds) on link 1 with path_nodes [1, 2, 3, 4] which means path_links [1, 2, 3]
['newVeh32'] arrived @ sumotime 16661.0 seconds
new vehicle33 @ 04:59:07 (sumoTime: 17947 seconds) on link 1 with path_nodes [1, 2, 3, 4] which means path_links [1, 2, 3]
['newVeh33'] arrived @ sumotime 17975.0 seconds
05:00:00
Umlegung ausgeführt
curVolumes: (50000, [(3, 9, 0)])
new vehicle34 @ 05:03:52 (sumoTime: 18232 seconds) on link 1 with path_nodes [1, 2, 3, 4] which means path_links [1, 2, 3]
['newVeh34'] arrived @ sumotime 18257.0 seconds
new vehicle35 @ 05:05:02 (sumoTime: 18302 seconds) on link 1 with path_nodes [1, 2, 3, 4] which means path_links [1, 2, 3]
['newVeh35'] arrived @ sumotime 18328.0 seconds
new vehicle36 @ 05:05:57 (sumoTime: 18357 seconds) on link 1 with path_nodes [1, 2, 3, 4] which means path_links [1, 2, 3]
['newVeh36'] arrived @ sumotime 18383.0 seconds
new vehicle37 @ 05:12:21 (sumoTime: 18741 seconds) on link 1 with path_nodes [1, 2, 3, 4] which means path_links [1, 2, 3]
new vehicle38 @ 05:12:29 (sumoTime: 18749 seconds) on link 1 with path_nodes [1, 2, 3, 4] which means path_links [1, 2, 3]
['newVeh37'] arrived @ sumotime 18767.0 seconds
['newVeh38'] arrived @ sumotime 18777.0 seconds
new vehicle39 @ 05:29:05 (sumoTime: 19745 seconds) on link 1 with path_nodes [1, 2, 3, 4] which means path_links [1, 2, 3]
['newVeh39'] arrived @ sumotime 19773.0 seconds
new vehicle40 @ 05:30:12 (sumoTime: 19812 seconds) on link 1 with path_nodes [1, 2, 3, 4] which means path_links [1, 2, 3]
['newVeh40'] arrived @ sumotime 19841.0 seconds
new vehicle41 @ 05:34:58 (sumoTime: 20098 seconds) on link 1 with path_nodes [1, 2, 3, 4] which means path_links [1, 2, 3]
['newVeh41'] arrived @ sumotime 20126.0 seconds
new vehicle42 @ 05:40:31 (sumoTime: 20431 seconds) on link 1 with path_nodes [1, 2, 3, 4] which means path_links [1, 2, 3]
['newVeh42'] arrived @ sumotime 20459.0 seconds
new vehicle43 @ 05:47:13 (sumoTime: 20833 seconds) on link 1 with path_nodes [1, 2, 3, 4] which means path_links [1, 2, 3]
['newVeh43'] arrived @ sumotime 20864.0 seconds
new vehicle44 @ 05:53:51 (sumoTime: 21231 seconds) on link 1 with path_nodes [1, 2, 3, 4] which means path_links [1, 2, 3]
['newVeh44'] arrived @ sumotime 21255.0 seconds
06:00:00
Umlegung ausgeführt
curVolumes: (60000, [(3, 11, 0)])
new vehicle45 @ 06:02:08 (sumoTime: 21728 seconds) on link 1 with path_nodes [1, 2, 3, 4] which means path_links [1, 2, 3]
['newVeh45'] arrived @ sumotime 21755.0 seconds
new vehicle46 @ 06:04:17 (sumoTime: 21857 seconds) on link 1 with path_nodes [1, 2, 3, 4] which means path_links [1, 2, 3]
['newVeh46'] arrived @ sumotime 21886.0 seconds
new vehicle47 @ 06:05:08 (sumoTime: 21908 seconds) on link 1 with path_nodes [1, 2, 3, 4] which means path_links [1, 2, 3]
['newVeh47'] arrived @ sumotime 21934.0 seconds
['newVeh47'] arrived @ sumotime 21935.0 seconds
new vehicle48 @ 06:12:14 (sumoTime: 22334 seconds) on link 1 with path_nodes [1, 2, 3, 4] which means path_links [1, 2, 3]
['newVeh48'] arrived @ sumotime 22363.0 seconds
new vehicle49 @ 06:25:11 (sumoTime: 23111 seconds) on link 1 with path_nodes [1, 2, 3, 4] which means path_links [1, 2, 3]
['newVeh49'] arrived @ sumotime 23139.0 seconds
new vehicle50 @ 06:27:30 (sumoTime: 23250 seconds) on link 1 with path_nodes [1, 2, 3, 4] which means path_links [1, 2, 3]
['newVeh50'] arrived @ sumotime 23276.0 seconds
new vehicle51 @ 06:28:21 (sumoTime: 23301 seconds) on link 1 with path_nodes [1, 2, 3, 4] which means path_links [1, 2, 3]
new vehicle52 @ 06:28:26 (sumoTime: 23306 seconds) on link 1 with path_nodes [1, 2, 3, 4] which means path_links [1, 2, 3]
['newVeh51'] arrived @ sumotime 23326.0 seconds
['newVeh52'] arrived @ sumotime 23335.0 seconds
new vehicle53 @ 06:30:27 (sumoTime: 23427 seconds) on link 1 with path_nodes [1, 2, 3, 4] which means path_links [1, 2, 3]
new vehicle54 @ 06:30:45 (sumoTime: 23445 seconds) on link 1 with path_nodes [1, 2, 3, 4] which means path_links [1, 2, 3]
['newVeh53'] arrived @ sumotime 23453.0 seconds
new vehicle55 @ 06:30:57 (sumoTime: 23457 seconds) on link 1 with path_nodes [1, 2, 3, 4] which means path_links [1, 2, 3]
['newVeh54'] arrived @ sumotime 23471.0 seconds
['newVeh55'] arrived @ sumotime 23483.0 seconds
new vehicle56 @ 06:31:33 (sumoTime: 23493 seconds) on link 1 with path_nodes [1, 2, 3, 4] which means path_links [1, 2, 3]
['newVeh56'] arrived @ sumotime 23520.0 seconds
new vehicle57 @ 06:34:36 (sumoTime: 23676 seconds) on link 1 with path_nodes [1, 2, 3, 4] which means path_links [1, 2, 3]
['newVeh57'] arrived @ sumotime 23705.0 seconds
new vehicle58 @ 06:35:13 (sumoTime: 23713 seconds) on link 1 with path_nodes [1, 2, 3, 4] which means path_links [1, 2, 3]
['newVeh58'] arrived @ sumotime 23738.0 seconds
new vehicle59 @ 06:38:44 (sumoTime: 23924 seconds) on link 1 with path_nodes [1, 2, 3, 4] which means path_links [1, 2, 3]
['newVeh59'] arrived @ sumotime 23953.0 seconds
new vehicle60 @ 06:39:50 (sumoTime: 23990 seconds) on link 1 with path_nodes [1, 2, 3, 4] which means path_links [1, 2, 3]
['newVeh60'] arrived @ sumotime 24019.0 seconds
new vehicle61 @ 06:42:16 (sumoTime: 24136 seconds) on link 1 with path_nodes [1, 2, 3, 4] which means path_links [1, 2, 3]
['newVeh61'] arrived @ sumotime 24166.0 seconds
new vehicle62 @ 06:49:09 (sumoTime: 24549 seconds) on link 1 with path_nodes [1, 2, 3, 4] which means path_links [1, 2, 3]
['newVeh62'] arrived @ sumotime 24579.0 seconds
new vehicle63 @ 06:53:19 (sumoTime: 24799 seconds) on link 1 with path_nodes [1, 2, 3, 4] which means path_links [1, 2, 3]
['newVeh63'] arrived @ sumotime 24826.0 seconds
new vehicle64 @ 06:58:05 (sumoTime: 25085 seconds) on link 1 with path_nodes [1, 2, 3, 4] which means path_links [1, 2, 3]
['newVeh64'] arrived @ sumotime 25111.0 seconds
07:00:00
Umlegung ausgeführt
curVolumes: (70000, [(3, 21, 0)])
new vehicle65 @ 07:12:44 (sumoTime: 25964 seconds) on link 1 with path_nodes [1, 2, 3, 4] which means path_links [1, 2, 3]
['newVeh65'] arrived @ sumotime 25990.0 seconds
new vehicle66 @ 07:14:56 (sumoTime: 26096 seconds) on link 1 with path_nodes [1, 2, 3, 4] which means path_links [1, 2, 3]
['newVeh66'] arrived @ sumotime 26124.0 seconds
new vehicle67 @ 07:24:48 (sumoTime: 26688 seconds) on link 1 with path_nodes [1, 2, 3, 4] which means path_links [1, 2, 3]
['newVeh67'] arrived @ sumotime 26715.0 seconds
new vehicle68 @ 07:26:27 (sumoTime: 26787 seconds) on link 1 with path_nodes [1, 2, 3, 4] which means path_links [1, 2, 3]
['newVeh68'] arrived @ sumotime 26813.0 seconds
new vehicle69 @ 07:29:09 (sumoTime: 26949 seconds) on link 1 with path_nodes [1, 2, 3, 4] which means path_links [1, 2, 3]
['newVeh69'] arrived @ sumotime 26976.0 seconds
new vehicle70 @ 07:31:55 (sumoTime: 27115 seconds) on link 1 with path_nodes [1, 2, 3, 4] which means path_links [1, 2, 3]
new vehicle71 @ 07:32:15 (sumoTime: 27135 seconds) on link 1 with path_nodes [1, 2, 3, 4] which means path_links [1, 2, 3]
['newVeh70'] arrived @ sumotime 27141.0 seconds
new vehicle72 @ 07:32:37 (sumoTime: 27157 seconds) on link 1 with path_nodes [1, 2, 3, 4] which means path_links [1, 2, 3]
['newVeh71'] arrived @ sumotime 27162.0 seconds
['newVeh72'] arrived @ sumotime 27184.0 seconds
new vehicle73 @ 07:33:13 (sumoTime: 27193 seconds) on link 1 with path_nodes [1, 2, 3, 4] which means path_links [1, 2, 3]
['newVeh73'] arrived @ sumotime 27220.0 seconds
new vehicle74 @ 07:33:48 (sumoTime: 27228 seconds) on link 1 with path_nodes [1, 2, 3, 4] which means path_links [1, 2, 3]
['newVeh74'] arrived @ sumotime 27257.0 seconds
new vehicle75 @ 07:34:43 (sumoTime: 27283 seconds) on link 1 with path_nodes [1, 2, 3, 4] which means path_links [1, 2, 3]
['newVeh75'] arrived @ sumotime 27311.0 seconds
new vehicle76 @ 07:36:12 (sumoTime: 27372 seconds) on link 1 with path_nodes [1, 2, 3, 4] which means path_links [1, 2, 3]
['newVeh76'] arrived @ sumotime 27397.0 seconds
new vehicle77 @ 07:37:04 (sumoTime: 27424 seconds) on link 1 with path_nodes [1, 2, 3, 4] which means path_links [1, 2, 3]
new vehicle78 @ 07:37:18 (sumoTime: 27438 seconds) on link 1 with path_nodes [1, 2, 3, 4] which means path_links [1, 2, 3]
['newVeh77'] arrived @ sumotime 27455.0 seconds
['newVeh78'] arrived @ sumotime 27466.0 seconds
new vehicle79 @ 07:40:56 (sumoTime: 27656 seconds) on link 1 with path_nodes [1, 2, 3, 4] which means path_links [1, 2, 3]
['newVeh79'] arrived @ sumotime 27686.0 seconds
new vehicle80 @ 07:41:40 (sumoTime: 27700 seconds) on link 1 with path_nodes [1, 2, 3, 4] which means path_links [1, 2, 3]
['newVeh80'] arrived @ sumotime 27732.0 seconds
new vehicle81 @ 07:42:48 (sumoTime: 27768 seconds) on link 1 with path_nodes [1, 2, 3, 4] which means path_links [1, 2, 3]
['newVeh81'] arrived @ sumotime 27794.0 seconds
new vehicle82 @ 07:43:23 (sumoTime: 27803 seconds) on link 1 with path_nodes [1, 2, 3, 4] which means path_links [1, 2, 3]
['newVeh82'] arrived @ sumotime 27831.0 seconds
new vehicle83 @ 07:47:48 (sumoTime: 28068 seconds) on link 1 with path_nodes [1, 2, 3, 4] which means path_links [1, 2, 3]
['newVeh83'] arrived @ sumotime 28096.0 seconds
new vehicle84 @ 07:51:33 (sumoTime: 28293 seconds) on link 1 with path_nodes [1, 2, 3, 4] which means path_links [1, 2, 3]
['newVeh84'] arrived @ sumotime 28319.0 seconds
new vehicle85 @ 07:53:22 (sumoTime: 28402 seconds) on link 1 with path_nodes [1, 2, 3, 4] which means path_links [1, 2, 3]
['newVeh85'] arrived @ sumotime 28428.0 seconds
08:00:00
Umlegung ausgeführt
curVolumes: (80000, [(3, 21, 0)])
new vehicle86 @ 08:01:20 (sumoTime: 28880 seconds) on link 1 with path_nodes [1, 2, 3, 4] which means path_links [1, 2, 3]
['newVeh86'] arrived @ sumotime 28932.0 seconds
new vehicle87 @ 08:02:34 (sumoTime: 28954 seconds) on link 1 with path_nodes [1, 2, 3, 4] which means path_links [1, 2, 3]
['newVeh87'] arrived @ sumotime 29003.0 seconds
new vehicle88 @ 08:05:53 (sumoTime: 29153 seconds) on link 1 with path_nodes [1, 2, 3, 4] which means path_links [1, 2, 3]
new vehicle89 @ 08:06:05 (sumoTime: 29165 seconds) on link 1 with path_nodes [1, 2, 3, 4] which means path_links [1, 2, 3]
['newVeh88'] arrived @ sumotime 29203.0 seconds
['newVeh89'] arrived @ sumotime 29223.0 seconds
new vehicle90 @ 08:16:04 (sumoTime: 29764 seconds) on link 1 with path_nodes [1, 2, 3, 4] which means path_links [1, 2, 3]
['newVeh90'] arrived @ sumotime 29815.0 seconds
new vehicle91 @ 08:17:48 (sumoTime: 29868 seconds) on link 1 with path_nodes [1, 2, 3, 4] which means path_links [1, 2, 3]
new vehicle92 @ 08:18:10 (sumoTime: 29890 seconds) on link 1 with path_nodes [1, 2, 3, 4] which means path_links [1, 2, 3]
['newVeh91'] arrived @ sumotime 29920.0 seconds
['newVeh92'] arrived @ sumotime 29940.0 seconds
new vehicle93 @ 08:19:56 (sumoTime: 29996 seconds) on link 1 with path_nodes [1, 2, 3, 4] which means path_links [1, 2, 3]
['newVeh93'] arrived @ sumotime 30049.0 seconds
new vehicle94 @ 08:23:18 (sumoTime: 30198 seconds) on link 1 with path_nodes [1, 2, 3, 4] which means path_links [1, 2, 3]
['newVeh94'] arrived @ sumotime 30251.0 seconds
new vehicle95 @ 08:28:17 (sumoTime: 30497 seconds) on link 1 with path_nodes [1, 2, 3, 4] which means path_links [1, 2, 3]
new vehicle96 @ 08:28:27 (sumoTime: 30507 seconds) on link 1 with path_nodes [1, 2, 3, 4] which means path_links [1, 2, 3]
['newVeh95'] arrived @ sumotime 30555.0 seconds
['newVeh96'] arrived @ sumotime 30557.0 seconds
new vehicle97 @ 08:31:38 (sumoTime: 30698 seconds) on link 1 with path_nodes [1, 2, 3, 4] which means path_links [1, 2, 3]
['newVeh97'] arrived @ sumotime 30749.0 seconds
new vehicle98 @ 08:37:43 (sumoTime: 31063 seconds) on link 1 with path_nodes [1, 2, 3, 4] which means path_links [1, 2, 3]
['newVeh98'] arrived @ sumotime 31112.0 seconds
new vehicle99 @ 08:39:31 (sumoTime: 31171 seconds) on link 1 with path_nodes [1, 2, 3, 4] which means path_links [1, 2, 3]
['newVeh99'] arrived @ sumotime 31235.0 seconds
new vehicle100 @ 08:42:22 (sumoTime: 31342 seconds) on link 1 with path_nodes [1, 2, 3, 4] which means path_links [1, 2, 3]
['newVeh100'] arrived @ sumotime 31399.0 seconds
new vehicle101 @ 08:50:14 (sumoTime: 31814 seconds) on link 1 with path_nodes [1, 2, 3, 4] which means path_links [1, 2, 3]
['newVeh101'] arrived @ sumotime 31870.0 seconds
09:00:00
Umlegung ausgeführt
curVolumes: (90000, [(3, 16, 0)])
new vehicle102 @ 09:00:29 (sumoTime: 32429 seconds) on link 1 with path_nodes [1, 2, 3, 4] which means path_links [1, 2, 3]
['newVeh102'] arrived @ sumotime 32483.0 seconds
new vehicle103 @ 09:01:56 (sumoTime: 32516 seconds) on link 1 with path_nodes [1, 2, 3, 4] which means path_links [1, 2, 3]
['newVeh103'] arrived @ sumotime 32571.0 seconds
new vehicle104 @ 09:05:03 (sumoTime: 32703 seconds) on link 1 with path_nodes [1, 2, 3, 4] which means path_links [1, 2, 3]
['newVeh104'] arrived @ sumotime 32754.0 seconds
new vehicle105 @ 09:07:24 (sumoTime: 32844 seconds) on link 1 with path_nodes [1, 2, 3, 4] which means path_links [1, 2, 3]
new vehicle106 @ 09:07:36 (sumoTime: 32856 seconds) on link 1 with path_nodes [1, 2, 3, 4] which means path_links [1, 2, 3]
['newVeh105'] arrived @ sumotime 32893.0 seconds
['newVeh106'] arrived @ sumotime 32909.0 seconds
new vehicle107 @ 09:09:09 (sumoTime: 32949 seconds) on link 1 with path_nodes [1, 2, 3, 4] which means path_links [1, 2, 3]
['newVeh107'] arrived @ sumotime 33005.0 seconds
new vehicle108 @ 09:12:00 (sumoTime: 33120 seconds) on link 1 with path_nodes [1, 2, 3, 4] which means path_links [1, 2, 3]
['newVeh108'] arrived @ sumotime 33173.0 seconds
new vehicle109 @ 09:19:00 (sumoTime: 33540 seconds) on link 1 with path_nodes [1, 2, 3, 4] which means path_links [1, 2, 3]
new vehicle110 @ 09:19:20 (sumoTime: 33560 seconds) on link 1 with path_nodes [1, 2, 3, 4] which means path_links [1, 2, 3]
new vehicle111 @ 09:19:51 (sumoTime: 33591 seconds) on link 1 with path_nodes [1, 2, 3, 4] which means path_links [1, 2, 3]
['newVeh109'] arrived @ sumotime 33594.0 seconds
['newVeh110'] arrived @ sumotime 33611.0 seconds
['newVeh111'] arrived @ sumotime 33643.0 seconds
['newVeh111'] arrived @ sumotime 33644.0 seconds
new vehicle112 @ 09:21:59 (sumoTime: 33719 seconds) on link 1 with path_nodes [1, 2, 3, 4] which means path_links [1, 2, 3]
['newVeh112'] arrived @ sumotime 33776.0 seconds
new vehicle113 @ 09:25:57 (sumoTime: 33957 seconds) on link 1 with path_nodes [1, 2, 3, 4] which means path_links [1, 2, 3]
['newVeh113'] arrived @ sumotime 34007.0 seconds
new vehicle114 @ 09:30:35 (sumoTime: 34235 seconds) on link 1 with path_nodes [1, 2, 3, 4] which means path_links [1, 2, 3]
new vehicle115 @ 09:31:14 (sumoTime: 34274 seconds) on link 1 with path_nodes [1, 2, 3, 4] which means path_links [1, 2, 3]
['newVeh114'] arrived @ sumotime 34291.0 seconds
['newVeh115'] arrived @ sumotime 34329.0 seconds
new vehicle116 @ 09:34:43 (sumoTime: 34483 seconds) on link 1 with path_nodes [1, 2, 3, 4] which means path_links [1, 2, 3]
new vehicle117 @ 09:35:20 (sumoTime: 34520 seconds) on link 1 with path_nodes [1, 2, 3, 4] which means path_links [1, 2, 3]
['newVeh116'] arrived @ sumotime 34537.0 seconds
['newVeh117'] arrived @ sumotime 34571.0 seconds
new vehicle118 @ 09:43:31 (sumoTime: 35011 seconds) on link 1 with path_nodes [1, 2, 3, 4] which means path_links [1, 2, 3]
['newVeh118'] arrived @ sumotime 35069.0 seconds
new vehicle119 @ 09:47:07 (sumoTime: 35227 seconds) on link 1 with path_nodes [1, 2, 3, 4] which means path_links [1, 2, 3]
['newVeh119'] arrived @ sumotime 35278.0 seconds
new vehicle120 @ 09:55:52 (sumoTime: 35752 seconds) on link 1 with path_nodes [1, 2, 3, 4] which means path_links [1, 2, 3]
['newVeh120'] arrived @ sumotime 35800.0 seconds
new vehicle121 @ 09:58:21 (sumoTime: 35901 seconds) on link 1 with path_nodes [1, 2, 3, 4] which means path_links [1, 2, 3]
['newVeh121'] arrived @ sumotime 35955.0 seconds
10:00:00
Umlegung ausgeführt
curVolumes: (100000, [(3, 21, 0)])
new vehicle122 @ 10:00:12 (sumoTime: 36012 seconds) on link 1 with path_nodes [1, 2, 3, 4] which means path_links [1, 2, 3]
['newVeh122'] arrived @ sumotime 36062.0 seconds
['newVeh122'] arrived @ sumotime 36063.0 seconds
new vehicle123 @ 10:01:35 (sumoTime: 36095 seconds) on link 1 with path_nodes [1, 2, 3, 4] which means path_links [1, 2, 3]
new vehicle124 @ 10:02:31 (sumoTime: 36151 seconds) on link 1 with path_nodes [1, 2, 3, 4] which means path_links [1, 2, 3]
['newVeh123'] arrived @ sumotime 36157.0 seconds
['newVeh124'] arrived @ sumotime 36197.0 seconds
['newVeh124'] arrived @ sumotime 36198.0 seconds
new vehicle125 @ 10:04:22 (sumoTime: 36262 seconds) on link 1 with path_nodes [1, 2, 3, 4] which means path_links [1, 2, 3]
['newVeh125'] arrived @ sumotime 36314.0 seconds
['newVeh125'] arrived @ sumotime 36315.0 seconds
new vehicle126 @ 10:05:25 (sumoTime: 36325 seconds) on link 1 with path_nodes [1, 2, 3, 4] which means path_links [1, 2, 3]
new vehicle127 @ 10:05:57 (sumoTime: 36357 seconds) on link 1 with path_nodes [1, 2, 3, 4] which means path_links [1, 2, 3]
['newVeh126'] arrived @ sumotime 36377.0 seconds
['newVeh127'] arrived @ sumotime 36417.0 seconds
new vehicle128 @ 10:09:18 (sumoTime: 36558 seconds) on link 1 with path_nodes [1, 2, 3, 4] which means path_links [1, 2, 3]
['newVeh128'] arrived @ sumotime 36613.0 seconds
new vehicle129 @ 10:10:18 (sumoTime: 36618 seconds) on link 1 with path_nodes [1, 2, 3, 4] which means path_links [1, 2, 3]
['newVeh129'] arrived @ sumotime 36668.0 seconds
new vehicle130 @ 10:11:26 (sumoTime: 36686 seconds) on link 1 with path_nodes [1, 2, 3, 4] which means path_links [1, 2, 3]
['newVeh130'] arrived @ sumotime 36735.0 seconds
new vehicle131 @ 10:14:26 (sumoTime: 36866 seconds) on link 1 with path_nodes [1, 2, 3, 4] which means path_links [1, 2, 3]
new vehicle132 @ 10:14:59 (sumoTime: 36899 seconds) on link 1 with path_nodes [1, 2, 3, 4] which means path_links [1, 2, 3]
['newVeh131'] arrived @ sumotime 36916.0 seconds
['newVeh132'] arrived @ sumotime 36957.0 seconds
new vehicle133 @ 10:25:08 (sumoTime: 37508 seconds) on link 1 with path_nodes [1, 2, 3, 4] which means path_links [1, 2, 3]
['newVeh133'] arrived @ sumotime 37560.0 seconds
new vehicle134 @ 10:36:39 (sumoTime: 38199 seconds) on link 1 with path_nodes [1, 2, 3, 4] which means path_links [1, 2, 3]
['newVeh134'] arrived @ sumotime 38247.0 seconds
new vehicle135 @ 10:38:08 (sumoTime: 38288 seconds) on link 1 with path_nodes [1, 2, 3, 4] which means path_links [1, 2, 3]
['newVeh135'] arrived @ sumotime 38350.0 seconds
new vehicle136 @ 10:41:48 (sumoTime: 38508 seconds) on link 1 with path_nodes [1, 2, 3, 4] which means path_links [1, 2, 3]
new vehicle137 @ 10:41:53 (sumoTime: 38513 seconds) on link 1 with path_nodes [1, 2, 3, 4] which means path_links [1, 2, 3]
['newVeh136'] arrived @ sumotime 38563.0 seconds
['newVeh137'] arrived @ sumotime 38568.0 seconds
new vehicle138 @ 10:45:44 (sumoTime: 38744 seconds) on link 1 with path_nodes [1, 2, 3, 4] which means path_links [1, 2, 3]
new vehicle139 @ 10:46:13 (sumoTime: 38773 seconds) on link 1 with path_nodes [1, 2, 3, 4] which means path_links [1, 2, 3]
['newVeh138'] arrived @ sumotime 38796.0 seconds
['newVeh139'] arrived @ sumotime 38823.0 seconds
new vehicle140 @ 10:54:34 (sumoTime: 39274 seconds) on link 1 with path_nodes [1, 2, 3, 4] which means path_links [1, 2, 3]
['newVeh140'] arrived @ sumotime 39326.0 seconds
new vehicle141 @ 10:55:34 (sumoTime: 39334 seconds) on link 1 with path_nodes [1, 2, 3, 4] which means path_links [1, 2, 3]
['newVeh141'] arrived @ sumotime 39388.0 seconds
new vehicle142 @ 10:56:30 (sumoTime: 39390 seconds) on link 1 with path_nodes [1, 2, 3, 4] which means path_links [1, 2, 3]
new vehicle143 @ 10:57:12 (sumoTime: 39432 seconds) on link 1 with path_nodes [1, 2, 3, 4] which means path_links [1, 2, 3]
['newVeh142'] arrived @ sumotime 39440.0 seconds
['newVeh143'] arrived @ sumotime 39479.0 seconds
11:00:00
Umlegung ausgeführt
curVolumes: (110000, [(3, 25, 0)])
new vehicle144 @ 11:01:24 (sumoTime: 39684 seconds) on link 1 with path_nodes [1, 2, 3, 4] which means path_links [1, 2, 3]
['newVeh144'] arrived @ sumotime 39736.0 seconds
new vehicle145 @ 11:02:18 (sumoTime: 39738 seconds) on link 1 with path_nodes [1, 2, 3, 4] which means path_links [1, 2, 3]
['newVeh145'] arrived @ sumotime 39787.0 seconds
new vehicle146 @ 11:03:09 (sumoTime: 39789 seconds) on link 1 with path_nodes [1, 2, 3, 4] which means path_links [1, 2, 3]
['newVeh146'] arrived @ sumotime 39839.0 seconds
new vehicle147 @ 11:09:38 (sumoTime: 40178 seconds) on link 1 with path_nodes [1, 2, 3, 4] which means path_links [1, 2, 3]
new vehicle148 @ 11:10:17 (sumoTime: 40217 seconds) on link 1 with path_nodes [1, 2, 3, 4] which means path_links [1, 2, 3]
['newVeh147'] arrived @ sumotime 40233.0 seconds
['newVeh148'] arrived @ sumotime 40272.0 seconds
new vehicle149 @ 11:13:24 (sumoTime: 40404 seconds) on link 1 with path_nodes [1, 2, 3, 4] which means path_links [1, 2, 3]
['newVeh149'] arrived @ sumotime 40455.0 seconds
new vehicle150 @ 11:21:30 (sumoTime: 40890 seconds) on link 1 with path_nodes [1, 2, 3, 4] which means path_links [1, 2, 3]
['newVeh150'] arrived @ sumotime 40941.0 seconds
new vehicle151 @ 11:22:22 (sumoTime: 40942 seconds) on link 1 with path_nodes [1, 2, 3, 4] which means path_links [1, 2, 3]
new vehicle152 @ 11:23:06 (sumoTime: 40986 seconds) on link 1 with path_nodes [1, 2, 3, 4] which means path_links [1, 2, 3]
['newVeh151'] arrived @ sumotime 40993.0 seconds
new vehicle153 @ 11:23:33 (sumoTime: 41013 seconds) on link 1 with path_nodes [1, 2, 3, 4] which means path_links [1, 2, 3]
['newVeh152'] arrived @ sumotime 41037.0 seconds
['newVeh153'] arrived @ sumotime 41067.0 seconds
new vehicle154 @ 11:28:15 (sumoTime: 41295 seconds) on link 1 with path_nodes [1, 2, 3, 4] which means path_links [1, 2, 3]
['newVeh154'] arrived @ sumotime 41344.0 seconds
new vehicle155 @ 11:30:42 (sumoTime: 41442 seconds) on link 1 with path_nodes [1, 2, 3, 4] which means path_links [1, 2, 3]
['newVeh155'] arrived @ sumotime 41491.0 seconds
new vehicle156 @ 11:32:02 (sumoTime: 41522 seconds) on link 1 with path_nodes [1, 2, 3, 4] which means path_links [1, 2, 3]
['newVeh156'] arrived @ sumotime 41575.0 seconds
new vehicle157 @ 11:35:19 (sumoTime: 41719 seconds) on link 1 with path_nodes [1, 2, 3, 4] which means path_links [1, 2, 3]
new vehicle158 @ 11:35:48 (sumoTime: 41748 seconds) on link 1 with path_nodes [1, 2, 3, 4] which means path_links [1, 2, 3]
['newVeh157'] arrived @ sumotime 41768.0 seconds
['newVeh158'] arrived @ sumotime 41796.0 seconds
new vehicle159 @ 11:37:26 (sumoTime: 41846 seconds) on link 1 with path_nodes [1, 2, 3, 4] which means path_links [1, 2, 3]
new vehicle160 @ 11:38:14 (sumoTime: 41894 seconds) on link 1 with path_nodes [1, 2, 3, 4] which means path_links [1, 2, 3]
['newVeh159'] arrived @ sumotime 41898.0 seconds
new vehicle161 @ 11:39:00 (sumoTime: 41940 seconds) on link 1 with path_nodes [1, 2, 3, 4] which means path_links [1, 2, 3]
['newVeh160'] arrived @ sumotime 41953.0 seconds
['newVeh161'] arrived @ sumotime 41993.0 seconds
new vehicle162 @ 11:39:58 (sumoTime: 41998 seconds) on link 1 with path_nodes [1, 2, 3, 4] which means path_links [1, 2, 3]
['newVeh162'] arrived @ sumotime 42047.0 seconds
new vehicle163 @ 11:44:01 (sumoTime: 42241 seconds) on link 1 with path_nodes [1, 2, 3, 4] which means path_links [1, 2, 3]
['newVeh163'] arrived @ sumotime 42292.0 seconds
new vehicle164 @ 11:45:39 (sumoTime: 42339 seconds) on link 1 with path_nodes [1, 2, 3, 4] which means path_links [1, 2, 3]
['newVeh164'] arrived @ sumotime 42390.0 seconds
new vehicle165 @ 11:47:08 (sumoTime: 42428 seconds) on link 1 with path_nodes [1, 2, 3, 4] which means path_links [1, 2, 3]
new vehicle166 @ 11:47:43 (sumoTime: 42463 seconds) on link 1 with path_nodes [1, 2, 3, 4] which means path_links [1, 2, 3]
['newVeh165'] arrived @ sumotime 42479.0 seconds
new vehicle167 @ 11:48:05 (sumoTime: 42485 seconds) on link 1 with path_nodes [1, 2, 3, 4] which means path_links [1, 2, 3]
['newVeh166'] arrived @ sumotime 42509.0 seconds
['newVeh167'] arrived @ sumotime 42539.0 seconds
new vehicle168 @ 11:50:43 (sumoTime: 42643 seconds) on link 1 with path_nodes [1, 2, 3, 4] which means path_links [1, 2, 3]
['newVeh168'] arrived @ sumotime 42702.0 seconds
new vehicle169 @ 11:57:31 (sumoTime: 43051 seconds) on link 1 with path_nodes [1, 2, 3, 4] which means path_links [1, 2, 3]
['newVeh169'] arrived @ sumotime 43107.0 seconds
12:00:00
Umlegung ausgeführt
curVolumes: (120000, [(3, 26, 0)])
new vehicle170 @ 12:00:56 (sumoTime: 43256 seconds) on link 1 with path_nodes [1, 2, 3, 4] which means path_links [1, 2, 3]
['newVeh170'] arrived @ sumotime 43285.0 seconds
new vehicle171 @ 12:06:45 (sumoTime: 43605 seconds) on link 1 with path_nodes [1, 2, 3, 4] which means path_links [1, 2, 3]
['newVeh171'] arrived @ sumotime 43638.0 seconds
new vehicle172 @ 12:09:06 (sumoTime: 43746 seconds) on link 1 with path_nodes [1, 2, 3, 4] which means path_links [1, 2, 3]
['newVeh172'] arrived @ sumotime 43771.0 seconds
new vehicle173 @ 12:10:04 (sumoTime: 43804 seconds) on link 1 with path_nodes [1, 2, 3, 4] which means path_links [1, 2, 3]
['newVeh173'] arrived @ sumotime 43831.0 seconds
new vehicle174 @ 12:11:01 (sumoTime: 43861 seconds) on link 1 with path_nodes [1, 2, 3, 4] which means path_links [1, 2, 3]
['newVeh174'] arrived @ sumotime 43888.0 seconds
new vehicle175 @ 12:11:50 (sumoTime: 43910 seconds) on link 1 with path_nodes [1, 2, 3, 4] which means path_links [1, 2, 3]
new vehicle176 @ 12:11:53 (sumoTime: 43913 seconds) on link 1 with path_nodes [1, 2, 3, 4] which means path_links [1, 2, 3]
['newVeh175'] arrived @ sumotime 43936.0 seconds
['newVeh176'] arrived @ sumotime 43941.0 seconds
new vehicle177 @ 12:13:33 (sumoTime: 44013 seconds) on link 1 with path_nodes [1, 2, 3, 4] which means path_links [1, 2, 3]
['newVeh177'] arrived @ sumotime 44041.0 seconds
new vehicle178 @ 12:15:30 (sumoTime: 44130 seconds) on link 1 with path_nodes [1, 2, 3, 4] which means path_links [1, 2, 3]
['newVeh178'] arrived @ sumotime 44156.0 seconds
new vehicle179 @ 12:16:01 (sumoTime: 44161 seconds) on link 1 with path_nodes [1, 2, 3, 4] which means path_links [1, 2, 3]
['newVeh179'] arrived @ sumotime 44192.0 seconds
new vehicle180 @ 12:17:48 (sumoTime: 44268 seconds) on link 1 with path_nodes [1, 2, 3, 4] which means path_links [1, 2, 3]
['newVeh180'] arrived @ sumotime 44295.0 seconds
new vehicle181 @ 12:18:43 (sumoTime: 44323 seconds) on link 1 with path_nodes [1, 2, 3, 4] which means path_links [1, 2, 3]
['newVeh181'] arrived @ sumotime 44350.0 seconds
new vehicle182 @ 12:22:16 (sumoTime: 44536 seconds) on link 1 with path_nodes [1, 2, 3, 4] which means path_links [1, 2, 3]
new vehicle183 @ 12:22:29 (sumoTime: 44549 seconds) on link 1 with path_nodes [1, 2, 3, 4] which means path_links [1, 2, 3]
new vehicle184 @ 12:22:38 (sumoTime: 44558 seconds) on link 1 with path_nodes [1, 2, 3, 4] which means path_links [1, 2, 3]
['newVeh182'] arrived @ sumotime 44564.0 seconds
['newVeh183'] arrived @ sumotime 44575.0 seconds
['newVeh184'] arrived @ sumotime 44590.0 seconds
new vehicle185 @ 12:27:37 (sumoTime: 44857 seconds) on link 1 with path_nodes [1, 2, 3, 4] which means path_links [1, 2, 3]
new vehicle186 @ 12:27:54 (sumoTime: 44874 seconds) on link 1 with path_nodes [1, 2, 3, 4] which means path_links [1, 2, 3]
['newVeh185'] arrived @ sumotime 44883.0 seconds
new vehicle187 @ 12:28:17 (sumoTime: 44897 seconds) on link 1 with path_nodes [1, 2, 3, 4] which means path_links [1, 2, 3]
['newVeh186'] arrived @ sumotime 44904.0 seconds
['newVeh187'] arrived @ sumotime 44925.0 seconds
new vehicle188 @ 12:29:24 (sumoTime: 44964 seconds) on link 1 with path_nodes [1, 2, 3, 4] which means path_links [1, 2, 3]
['newVeh188'] arrived @ sumotime 44990.0 seconds
new vehicle189 @ 12:31:08 (sumoTime: 45068 seconds) on link 1 with path_nodes [1, 2, 3, 4] which means path_links [1, 2, 3]
['newVeh189'] arrived @ sumotime 45100.0 seconds
new vehicle190 @ 12:32:10 (sumoTime: 45130 seconds) on link 1 with path_nodes [1, 2, 3, 4] which means path_links [1, 2, 3]
['newVeh190'] arrived @ sumotime 45160.0 seconds
new vehicle191 @ 12:33:10 (sumoTime: 45190 seconds) on link 1 with path_nodes [1, 2, 3, 4] which means path_links [1, 2, 3]
['newVeh191'] arrived @ sumotime 45216.0 seconds
new vehicle192 @ 12:34:03 (sumoTime: 45243 seconds) on link 1 with path_nodes [1, 2, 3, 4] which means path_links [1, 2, 3]
['newVeh192'] arrived @ sumotime 45271.0 seconds
new vehicle193 @ 12:35:19 (sumoTime: 45319 seconds) on link 1 with path_nodes [1, 2, 3, 4] which means path_links [1, 2, 3]
new vehicle194 @ 12:35:29 (sumoTime: 45329 seconds) on link 1 with path_nodes [1, 2, 3, 4] which means path_links [1, 2, 3]
['newVeh193'] arrived @ sumotime 45346.0 seconds
['newVeh194'] arrived @ sumotime 45356.0 seconds
new vehicle195 @ 12:39:02 (sumoTime: 45542 seconds) on link 1 with path_nodes [1, 2, 3, 4] which means path_links [1, 2, 3]
['newVeh195'] arrived @ sumotime 45569.0 seconds
new vehicle196 @ 12:43:09 (sumoTime: 45789 seconds) on link 1 with path_nodes [1, 2, 3, 4] which means path_links [1, 2, 3]
['newVeh196'] arrived @ sumotime 45817.0 seconds
new vehicle197 @ 12:44:41 (sumoTime: 45881 seconds) on link 1 with path_nodes [1, 2, 3, 4] which means path_links [1, 2, 3]
new vehicle198 @ 12:44:57 (sumoTime: 45897 seconds) on link 1 with path_nodes [1, 2, 3, 4] which means path_links [1, 2, 3]
['newVeh197'] arrived @ sumotime 45908.0 seconds
['newVeh198'] arrived @ sumotime 45923.0 seconds
new vehicle199 @ 12:48:07 (sumoTime: 46087 seconds) on link 1 with path_nodes [1, 2, 3, 4] which means path_links [1, 2, 3]
new vehicle200 @ 12:48:15 (sumoTime: 46095 seconds) on link 1 with path_nodes [1, 2, 3, 4] which means path_links [1, 2, 3]
['newVeh199'] arrived @ sumotime 46114.0 seconds
new vehicle201 @ 12:48:36 (sumoTime: 46116 seconds) on link 1 with path_nodes [1, 2, 3, 4] which means path_links [1, 2, 3]
['newVeh200'] arrived @ sumotime 46122.0 seconds
['newVeh201'] arrived @ sumotime 46142.0 seconds
new vehicle202 @ 12:50:41 (sumoTime: 46241 seconds) on link 1 with path_nodes [1, 2, 3, 4] which means path_links [1, 2, 3]
['newVeh202'] arrived @ sumotime 46272.0 seconds
['newVeh202'] arrived @ sumotime 46273.0 seconds
new vehicle203 @ 12:51:31 (sumoTime: 46291 seconds) on link 1 with path_nodes [1, 2, 3, 4] which means path_links [1, 2, 3]
['newVeh203'] arrived @ sumotime 46319.0 seconds
new vehicle204 @ 12:52:36 (sumoTime: 46356 seconds) on link 1 with path_nodes [1, 2, 3, 4] which means path_links [1, 2, 3]
new vehicle205 @ 12:52:54 (sumoTime: 46374 seconds) on link 1 with path_nodes [1, 2, 3, 4] which means path_links [1, 2, 3]
['newVeh204'] arrived @ sumotime 46382.0 seconds
new vehicle206 @ 12:53:16 (sumoTime: 46396 seconds) on link 1 with path_nodes [1, 2, 3, 4] which means path_links [1, 2, 3]
['newVeh205'] arrived @ sumotime 46400.0 seconds
['newVeh206'] arrived @ sumotime 46423.0 seconds
new vehicle207 @ 12:54:08 (sumoTime: 46448 seconds) on link 1 with path_nodes [1, 2, 3, 4] which means path_links [1, 2, 3]
['newVeh207'] arrived @ sumotime 46477.0 seconds
new vehicle208 @ 12:56:01 (sumoTime: 46561 seconds) on link 1 with path_nodes [1, 2, 3, 4] which means path_links [1, 2, 3]
new vehicle209 @ 12:56:05 (sumoTime: 46565 seconds) on link 1 with path_nodes [1, 2, 3, 4] which means path_links [1, 2, 3]
['newVeh208'] arrived @ sumotime 46588.0 seconds
['newVeh209'] arrived @ sumotime 46591.0 seconds
new vehicle210 @ 12:57:05 (sumoTime: 46625 seconds) on link 1 with path_nodes [1, 2, 3, 4] which means path_links [1, 2, 3]
['newVeh210'] arrived @ sumotime 46652.0 seconds
new vehicle211 @ 12:58:44 (sumoTime: 46724 seconds) on link 1 with path_nodes [1, 2, 3, 4] which means path_links [1, 2, 3]
['newVeh211'] arrived @ sumotime 46750.0 seconds
13:00:00
Umlegung ausgeführt
curVolumes: (130000, [(3, 43, 0)])
new vehicle212 @ 13:00:38 (sumoTime: 46838 seconds) on link 1 with path_nodes [1, 2, 3, 4] which means path_links [1, 2, 3]
['newVeh212'] arrived @ sumotime 46865.0 seconds
new vehicle213 @ 13:01:39 (sumoTime: 46899 seconds) on link 1 with path_nodes [1, 2, 3, 4] which means path_links [1, 2, 3]
new vehicle214 @ 13:01:43 (sumoTime: 46903 seconds) on link 1 with path_nodes [1, 2, 3, 4] which means path_links [1, 2, 3]
['newVeh213'] arrived @ sumotime 46931.0 seconds
['newVeh214'] arrived @ sumotime 46932.0 seconds
new vehicle215 @ 13:02:48 (sumoTime: 46968 seconds) on link 1 with path_nodes [1, 2, 3, 4] which means path_links [1, 2, 3]
['newVeh215'] arrived @ sumotime 46994.0 seconds
new vehicle216 @ 13:07:23 (sumoTime: 47243 seconds) on link 1 with path_nodes [1, 2, 3, 4] which means path_links [1, 2, 3]
new vehicle217 @ 13:07:28 (sumoTime: 47248 seconds) on link 1 with path_nodes [1, 2, 3, 4] which means path_links [1, 2, 3]
['newVeh216'] arrived @ sumotime 47272.0 seconds
['newVeh217'] arrived @ sumotime 47275.0 seconds
new vehicle218 @ 13:08:17 (sumoTime: 47297 seconds) on link 1 with path_nodes [1, 2, 3, 4] which means path_links [1, 2, 3]
['newVeh218'] arrived @ sumotime 47324.0 seconds
new vehicle219 @ 13:09:07 (sumoTime: 47347 seconds) on link 1 with path_nodes [1, 2, 3, 4] which means path_links [1, 2, 3]
['newVeh219'] arrived @ sumotime 47375.0 seconds
new vehicle220 @ 13:10:04 (sumoTime: 47404 seconds) on link 1 with path_nodes [1, 2, 3, 4] which means path_links [1, 2, 3]
['newVeh220'] arrived @ sumotime 47430.0 seconds
['newVeh220'] arrived @ sumotime 47431.0 seconds
new vehicle221 @ 13:12:18 (sumoTime: 47538 seconds) on link 1 with path_nodes [1, 2, 3, 4] which means path_links [1, 2, 3]
['newVeh221'] arrived @ sumotime 47564.0 seconds
new vehicle222 @ 13:12:56 (sumoTime: 47576 seconds) on link 1 with path_nodes [1, 2, 3, 4] which means path_links [1, 2, 3]
['newVeh222'] arrived @ sumotime 47608.0 seconds
new vehicle223 @ 13:14:09 (sumoTime: 47649 seconds) on link 1 with path_nodes [1, 2, 3, 4] which means path_links [1, 2, 3]
['newVeh223'] arrived @ sumotime 47677.0 seconds
new vehicle224 @ 13:17:08 (sumoTime: 47828 seconds) on link 1 with path_nodes [1, 2, 3, 4] which means path_links [1, 2, 3]
['newVeh224'] arrived @ sumotime 47855.0 seconds
new vehicle225 @ 13:18:02 (sumoTime: 47882 seconds) on link 1 with path_nodes [1, 2, 3, 4] which means path_links [1, 2, 3]
new vehicle226 @ 13:18:22 (sumoTime: 47902 seconds) on link 1 with path_nodes [1, 2, 3, 4] which means path_links [1, 2, 3]
['newVeh225'] arrived @ sumotime 47908.0 seconds
['newVeh226'] arrived @ sumotime 47927.0 seconds
new vehicle227 @ 13:22:17 (sumoTime: 48137 seconds) on link 1 with path_nodes [1, 2, 3, 4] which means path_links [1, 2, 3]
['newVeh227'] arrived @ sumotime 48163.0 seconds
new vehicle228 @ 13:23:05 (sumoTime: 48185 seconds) on link 1 with path_nodes [1, 2, 3, 4] which means path_links [1, 2, 3]
['newVeh228'] arrived @ sumotime 48211.0 seconds
new vehicle229 @ 13:24:20 (sumoTime: 48260 seconds) on link 1 with path_nodes [1, 2, 3, 4] which means path_links [1, 2, 3]
['newVeh229'] arrived @ sumotime 48286.0 seconds
new vehicle230 @ 13:29:13 (sumoTime: 48553 seconds) on link 1 with path_nodes [1, 2, 3, 4] which means path_links [1, 2, 3]
['newVeh230'] arrived @ sumotime 48578.0 seconds
new vehicle231 @ 13:34:19 (sumoTime: 48859 seconds) on link 1 with path_nodes [1, 2, 3, 4] which means path_links [1, 2, 3]
['newVeh231'] arrived @ sumotime 48886.0 seconds
new vehicle232 @ 13:34:57 (sumoTime: 48897 seconds) on link 1 with path_nodes [1, 2, 3, 4] which means path_links [1, 2, 3]
['newVeh232'] arrived @ sumotime 48925.0 seconds
new vehicle233 @ 13:35:26 (sumoTime: 48926 seconds) on link 1 with path_nodes [1, 2, 3, 4] which means path_links [1, 2, 3]
['newVeh233'] arrived @ sumotime 48952.0 seconds
new vehicle234 @ 13:35:54 (sumoTime: 48954 seconds) on link 1 with path_nodes [1, 2, 3, 4] which means path_links [1, 2, 3]
new vehicle235 @ 13:36:20 (sumoTime: 48980 seconds) on link 1 with path_nodes [1, 2, 3, 4] which means path_links [1, 2, 3]
['newVeh234'] arrived @ sumotime 48984.0 seconds
['newVeh235'] arrived @ sumotime 49007.0 seconds
new vehicle236 @ 13:37:39 (sumoTime: 49059 seconds) on link 1 with path_nodes [1, 2, 3, 4] which means path_links [1, 2, 3]
new vehicle237 @ 13:37:56 (sumoTime: 49076 seconds) on link 1 with path_nodes [1, 2, 3, 4] which means path_links [1, 2, 3]
['newVeh236'] arrived @ sumotime 49086.0 seconds
new vehicle238 @ 13:38:10 (sumoTime: 49090 seconds) on link 1 with path_nodes [1, 2, 3, 4] which means path_links [1, 2, 3]
['newVeh237'] arrived @ sumotime 49102.0 seconds
['newVeh238'] arrived @ sumotime 49116.0 seconds
new vehicle239 @ 13:41:39 (sumoTime: 49299 seconds) on link 1 with path_nodes [1, 2, 3, 4] which means path_links [1, 2, 3]
['newVeh239'] arrived @ sumotime 49326.0 seconds
new vehicle240 @ 13:43:39 (sumoTime: 49419 seconds) on link 1 with path_nodes [1, 2, 3, 4] which means path_links [1, 2, 3]
['newVeh240'] arrived @ sumotime 49449.0 seconds
new vehicle241 @ 13:45:10 (sumoTime: 49510 seconds) on link 1 with path_nodes [1, 2, 3, 4] which means path_links [1, 2, 3]
['newVeh241'] arrived @ sumotime 49539.0 seconds
new vehicle242 @ 13:46:11 (sumoTime: 49571 seconds) on link 1 with path_nodes [1, 2, 3, 4] which means path_links [1, 2, 3]
['newVeh242'] arrived @ sumotime 49598.0 seconds
new vehicle243 @ 13:47:30 (sumoTime: 49650 seconds) on link 1 with path_nodes [1, 2, 3, 4] which means path_links [1, 2, 3]
['newVeh243'] arrived @ sumotime 49676.0 seconds
new vehicle244 @ 13:48:19 (sumoTime: 49699 seconds) on link 1 with path_nodes [1, 2, 3, 4] which means path_links [1, 2, 3]
new vehicle245 @ 13:48:24 (sumoTime: 49704 seconds) on link 1 with path_nodes [1, 2, 3, 4] which means path_links [1, 2, 3]
['newVeh244'] arrived @ sumotime 49727.0 seconds
['newVeh245'] arrived @ sumotime 49734.0 seconds
new vehicle246 @ 13:51:10 (sumoTime: 49870 seconds) on link 1 with path_nodes [1, 2, 3, 4] which means path_links [1, 2, 3]
['newVeh246'] arrived @ sumotime 49896.0 seconds
new vehicle247 @ 13:53:16 (sumoTime: 49996 seconds) on link 1 with path_nodes [1, 2, 3, 4] which means path_links [1, 2, 3]
['newVeh247'] arrived @ sumotime 50022.0 seconds
new vehicle248 @ 13:53:59 (sumoTime: 50039 seconds) on link 1 with path_nodes [1, 2, 3, 4] which means path_links [1, 2, 3]
['newVeh248'] arrived @ sumotime 50064.0 seconds
new vehicle249 @ 13:54:42 (sumoTime: 50082 seconds) on link 1 with path_nodes [1, 2, 3, 4] which means path_links [1, 2, 3]
new vehicle250 @ 13:55:03 (sumoTime: 50103 seconds) on link 1 with path_nodes [1, 2, 3, 4] which means path_links [1, 2, 3]
['newVeh249'] arrived @ sumotime 50108.0 seconds
['newVeh250'] arrived @ sumotime 50130.0 seconds
new vehicle251 @ 13:56:22 (sumoTime: 50182 seconds) on link 1 with path_nodes [1, 2, 3, 4] which means path_links [1, 2, 3]
['newVeh251'] arrived @ sumotime 50213.0 seconds
14:00:00
Umlegung ausgeführt
curVolumes: (140000, [(3, 41, 0)])
new vehicle252 @ 14:00:04 (sumoTime: 50404 seconds) on link 1 with path_nodes [1, 2, 3, 4] which means path_links [1, 2, 3]
new vehicle253 @ 14:00:13 (sumoTime: 50413 seconds) on link 1 with path_nodes [1, 2, 3, 4] which means path_links [1, 2, 3]
['newVeh252'] arrived @ sumotime 50432.0 seconds
['newVeh253'] arrived @ sumotime 50440.0 seconds
new vehicle254 @ 14:04:57 (sumoTime: 50697 seconds) on link 1 with path_nodes [1, 2, 3, 4] which means path_links [1, 2, 3]
['newVeh254'] arrived @ sumotime 50725.0 seconds
new vehicle255 @ 14:06:35 (sumoTime: 50795 seconds) on link 1 with path_nodes [1, 2, 3, 4] which means path_links [1, 2, 3]
['newVeh255'] arrived @ sumotime 50823.0 seconds
new vehicle256 @ 14:07:12 (sumoTime: 50832 seconds) on link 1 with path_nodes [1, 2, 3, 4] which means path_links [1, 2, 3]
new vehicle257 @ 14:07:33 (sumoTime: 50853 seconds) on link 1 with path_nodes [1, 2, 3, 4] which means path_links [1, 2, 3]
['newVeh256'] arrived @ sumotime 50859.0 seconds
['newVeh257'] arrived @ sumotime 50880.0 seconds
['newVeh257'] arrived @ sumotime 50881.0 seconds
new vehicle258 @ 14:11:40 (sumoTime: 51100 seconds) on link 1 with path_nodes [1, 2, 3, 4] which means path_links [1, 2, 3]
new vehicle259 @ 14:12:02 (sumoTime: 51122 seconds) on link 1 with path_nodes [1, 2, 3, 4] which means path_links [1, 2, 3]
['newVeh258'] arrived @ sumotime 51128.0 seconds
new vehicle260 @ 14:12:30 (sumoTime: 51150 seconds) on link 1 with path_nodes [1, 2, 3, 4] which means path_links [1, 2, 3]
['newVeh259'] arrived @ sumotime 51150.0 seconds
['newVeh260'] arrived @ sumotime 51180.0 seconds
new vehicle261 @ 14:13:54 (sumoTime: 51234 seconds) on link 1 with path_nodes [1, 2, 3, 4] which means path_links [1, 2, 3]
['newVeh261'] arrived @ sumotime 51263.0 seconds
new vehicle262 @ 14:15:42 (sumoTime: 51342 seconds) on link 1 with path_nodes [1, 2, 3, 4] which means path_links [1, 2, 3]
['newVeh262'] arrived @ sumotime 51369.0 seconds
new vehicle263 @ 14:17:30 (sumoTime: 51450 seconds) on link 1 with path_nodes [1, 2, 3, 4] which means path_links [1, 2, 3]
['newVeh263'] arrived @ sumotime 51478.0 seconds
new vehicle264 @ 14:18:29 (sumoTime: 51509 seconds) on link 1 with path_nodes [1, 2, 3, 4] which means path_links [1, 2, 3]
['newVeh264'] arrived @ sumotime 51536.0 seconds
new vehicle265 @ 14:19:13 (sumoTime: 51553 seconds) on link 1 with path_nodes [1, 2, 3, 4] which means path_links [1, 2, 3]
['newVeh265'] arrived @ sumotime 51580.0 seconds
new vehicle266 @ 14:20:29 (sumoTime: 51629 seconds) on link 1 with path_nodes [1, 2, 3, 4] which means path_links [1, 2, 3]
['newVeh266'] arrived @ sumotime 51653.0 seconds
new vehicle267 @ 14:22:41 (sumoTime: 51761 seconds) on link 1 with path_nodes [1, 2, 3, 4] which means path_links [1, 2, 3]
new vehicle268 @ 14:22:44 (sumoTime: 51764 seconds) on link 1 with path_nodes [1, 2, 3, 4] which means path_links [1, 2, 3]
new vehicle269 @ 14:22:56 (sumoTime: 51776 seconds) on link 1 with path_nodes [1, 2, 3, 4] which means path_links [1, 2, 3]
['newVeh267'] arrived @ sumotime 51787.0 seconds
['newVeh268'] arrived @ sumotime 51789.0 seconds
['newVeh269'] arrived @ sumotime 51805.0 seconds
new vehicle270 @ 14:23:28 (sumoTime: 51808 seconds) on link 1 with path_nodes [1, 2, 3, 4] which means path_links [1, 2, 3]
['newVeh270'] arrived @ sumotime 51836.0 seconds
new vehicle271 @ 14:24:01 (sumoTime: 51841 seconds) on link 1 with path_nodes [1, 2, 3, 4] which means path_links [1, 2, 3]
['newVeh271'] arrived @ sumotime 51868.0 seconds
new vehicle272 @ 14:25:15 (sumoTime: 51915 seconds) on link 1 with path_nodes [1, 2, 3, 4] which means path_links [1, 2, 3]
['newVeh272'] arrived @ sumotime 51941.0 seconds
new vehicle273 @ 14:28:10 (sumoTime: 52090 seconds) on link 1 with path_nodes [1, 2, 3, 4] which means path_links [1, 2, 3]
['newVeh273'] arrived @ sumotime 52121.0 seconds
new vehicle274 @ 14:32:23 (sumoTime: 52343 seconds) on link 1 with path_nodes [1, 2, 3, 4] which means path_links [1, 2, 3]
['newVeh274'] arrived @ sumotime 52369.0 seconds
new vehicle275 @ 14:34:19 (sumoTime: 52459 seconds) on link 1 with path_nodes [1, 2, 3, 4] which means path_links [1, 2, 3]
new vehicle276 @ 14:34:38 (sumoTime: 52478 seconds) on link 1 with path_nodes [1, 2, 3, 4] which means path_links [1, 2, 3]
['newVeh275'] arrived @ sumotime 52488.0 seconds
new vehicle277 @ 14:34:56 (sumoTime: 52496 seconds) on link 1 with path_nodes [1, 2, 3, 4] which means path_links [1, 2, 3]
['newVeh276'] arrived @ sumotime 52507.0 seconds
['newVeh277'] arrived @ sumotime 52523.0 seconds
new vehicle278 @ 14:36:45 (sumoTime: 52605 seconds) on link 1 with path_nodes [1, 2, 3, 4] which means path_links [1, 2, 3]
['newVeh278'] arrived @ sumotime 52633.0 seconds
new vehicle279 @ 14:38:51 (sumoTime: 52731 seconds) on link 1 with path_nodes [1, 2, 3, 4] which means path_links [1, 2, 3]
['newVeh279'] arrived @ sumotime 52758.0 seconds
new vehicle280 @ 14:39:20 (sumoTime: 52760 seconds) on link 1 with path_nodes [1, 2, 3, 4] which means path_links [1, 2, 3]
['newVeh280'] arrived @ sumotime 52788.0 seconds
new vehicle281 @ 14:40:03 (sumoTime: 52803 seconds) on link 1 with path_nodes [1, 2, 3, 4] which means path_links [1, 2, 3]
new vehicle282 @ 14:40:30 (sumoTime: 52830 seconds) on link 1 with path_nodes [1, 2, 3, 4] which means path_links [1, 2, 3]
['newVeh281'] arrived @ sumotime 52832.0 seconds
new vehicle283 @ 14:40:45 (sumoTime: 52845 seconds) on link 1 with path_nodes [1, 2, 3, 4] which means path_links [1, 2, 3]
['newVeh282'] arrived @ sumotime 52858.0 seconds
['newVeh283'] arrived @ sumotime 52872.0 seconds
new vehicle284 @ 14:41:43 (sumoTime: 52903 seconds) on link 1 with path_nodes [1, 2, 3, 4] which means path_links [1, 2, 3]
['newVeh284'] arrived @ sumotime 52931.0 seconds
new vehicle285 @ 14:42:35 (sumoTime: 52955 seconds) on link 1 with path_nodes [1, 2, 3, 4] which means path_links [1, 2, 3]
new vehicle286 @ 14:42:56 (sumoTime: 52976 seconds) on link 1 with path_nodes [1, 2, 3, 4] which means path_links [1, 2, 3]
['newVeh285'] arrived @ sumotime 52986.0 seconds
['newVeh286'] arrived @ sumotime 53002.0 seconds
new vehicle287 @ 14:44:03 (sumoTime: 53043 seconds) on link 1 with path_nodes [1, 2, 3, 4] which means path_links [1, 2, 3]
['newVeh287'] arrived @ sumotime 53070.0 seconds
['newVeh287'] arrived @ sumotime 53071.0 seconds
new vehicle288 @ 14:46:11 (sumoTime: 53171 seconds) on link 1 with path_nodes [1, 2, 3, 4] which means path_links [1, 2, 3]
['newVeh288'] arrived @ sumotime 53202.0 seconds
new vehicle289 @ 14:47:33 (sumoTime: 53253 seconds) on link 1 with path_nodes [1, 2, 3, 4] which means path_links [1, 2, 3]
['newVeh289'] arrived @ sumotime 53282.0 seconds
new vehicle290 @ 14:48:52 (sumoTime: 53332 seconds) on link 1 with path_nodes [1, 2, 3, 4] which means path_links [1, 2, 3]
new vehicle291 @ 14:48:56 (sumoTime: 53336 seconds) on link 1 with path_nodes [1, 2, 3, 4] which means path_links [1, 2, 3]
['newVeh290'] arrived @ sumotime 53357.0 seconds
['newVeh291'] arrived @ sumotime 53363.0 seconds
new vehicle292 @ 14:49:56 (sumoTime: 53396 seconds) on link 1 with path_nodes [1, 2, 3, 4] which means path_links [1, 2, 3]
['newVeh292'] arrived @ sumotime 53422.0 seconds
new vehicle293 @ 14:51:37 (sumoTime: 53497 seconds) on link 1 with path_nodes [1, 2, 3, 4] which means path_links [1, 2, 3]
['newVeh293'] arrived @ sumotime 53528.0 seconds
new vehicle294 @ 14:54:08 (sumoTime: 53648 seconds) on link 1 with path_nodes [1, 2, 3, 4] which means path_links [1, 2, 3]
['newVeh294'] arrived @ sumotime 53678.0 seconds
new vehicle295 @ 14:55:21 (sumoTime: 53721 seconds) on link 1 with path_nodes [1, 2, 3, 4] which means path_links [1, 2, 3]
new vehicle296 @ 14:55:43 (sumoTime: 53743 seconds) on link 1 with path_nodes [1, 2, 3, 4] which means path_links [1, 2, 3]
['newVeh295'] arrived @ sumotime 53747.0 seconds
new vehicle297 @ 14:55:57 (sumoTime: 53757 seconds) on link 1 with path_nodes [1, 2, 3, 4] which means path_links [1, 2, 3]
['newVeh296'] arrived @ sumotime 53770.0 seconds
['newVeh297'] arrived @ sumotime 53784.0 seconds
Gesamte Auslastung: 296
Summe erzeugter Fahrzeuge: 298
-> Fahrzeuge verloren: -2
Tupel bestehend aus: VolVisum, geplantesVolSumo, avgArrTimeVisum, avgArrTimeSumo
Link: 1 -> [(2, 3, 1800, 2372), (5, 9, 720, 493), (7, 7, 514, 967), (10, 10, 360, 331), (12, 10, 300, 341), (15, 12, 240, 319), (17, 21, 211, 190), (20, 22, 180, 147), (22, 17, 163, 236), (25, 21, 144, 182), (27, 23, 133, 173), (30, 27, 120, 135), (32, 43, 112, 86), (35, 41, 102, 91), (37, 47, 97, 84)]
Link: 3 -> []
Link: 5 -> []
VolumenInSumo: [(1703, ['1', '2', '3']), (2448, ['1', '2', '3']), (10013, ['1', '2', '3']), (13446, ['1', '2', '3']), (13611, ['1', '2', '3']), (14719, ['1', '2', '3']), (14941, ['1', '2', '3']), (15347, ['1', '2', '3']), (15515, ['1', '2', '3']), (15659, ['1', '2', '3']), (20407, ['1', '2', '3']), (20739, ['1', '2', '3']), (22350, ['1', '2', '3']), (23205, ['1', '2', '3']), (23841, ['1', '2', '3']), (24948, ['1', '2', '3']), (31125, ['1', '2', '3']), (31743, ['1', '2', '3']), (32201, ['1', '2', '3']), (32248, ['1', '2', '3']), (32519, ['1', '2', '3']), (32651, ['1', '2', '3']), (32951, ['1', '2', '3']), (33534, ['1', '2', '3']), (33627, ['1', '2', '3']), (41056, ['1', '2', '3']), (41203, ['1', '2', '3']), (41639, ['1', '2', '3']), (41951, ['1', '2', '3']), (43053, ['1', '2', '3']), (43452, ['1', '2', '3']), (43558, ['1', '2', '3']), (43711, ['1', '2', '3']), (45907, ['1', '2', '3']), (50352, ['1', '2', '3']), (50502, ['1', '2', '3']), (50557, ['1', '2', '3']), (51221, ['1', '2', '3']), (51229, ['1', '2', '3']), (52905, ['1', '2', '3']), (53012, ['1', '2', '3']), (53458, ['1', '2', '3']), (54031, ['1', '2', '3']), (54713, ['1', '2', '3']), (55351, ['1', '2', '3']), (60208, ['1', '2', '3']), (60417, ['1', '2', '3']), (60508, ['1', '2', '3']), (61214, ['1', '2', '3']), (62511, ['1', '2', '3']), (62730, ['1', '2', '3']), (62821, ['1', '2', '3']), (62826, ['1', '2', '3']), (63027, ['1', '2', '3']), (63045, ['1', '2', '3']), (63057, ['1', '2', '3']), (63133, ['1', '2', '3']), (63436, ['1', '2', '3']), (63513, ['1', '2', '3']), (63844, ['1', '2', '3']), (63950, ['1', '2', '3']), (64216, ['1', '2', '3']), (64909, ['1', '2', '3']), (65319, ['1', '2', '3']), (65805, ['1', '2', '3']), (71244, ['1', '2', '3']), (71456, ['1', '2', '3']), (72448, ['1', '2', '3']), (72627, ['1', '2', '3']), (72909, ['1', '2', '3']), (73155, ['1', '2', '3']), (73215, ['1', '2', '3']), (73237, ['1', '2', '3']), (73313, ['1', '2', '3']), (73348, ['1', '2', '3']), (73443, ['1', '2', '3']), (73612, ['1', '2', '3']), (73704, ['1', '2', '3']), (73718, ['1', '2', '3']), (74056, ['1', '2', '3']), (74140, ['1', '2', '3']), (74248, ['1', '2', '3']), (74323, ['1', '2', '3']), (74748, ['1', '2', '3']), (75133, ['1', '2', '3']), (75322, ['1', '2', '3']), (80120, ['1', '6', '7', '-8', '3']), (80234, ['1', '6', '7', '-8', '3']), (80553, ['1', '6', '7', '-8', '3']), (80605, ['1', '6', '7', '-8', '3']), (81604, ['1', '6', '7', '-8', '3']), (81748, ['1', '6', '7', '-8', '3']), (81810, ['1', '6', '7', '-8', '3']), (81956, ['1', '6', '7', '-8', '3']), (82318, ['1', '6', '7', '-8', '3']), (82817, ['1', '6', '7', '-8', '3']), (82827, ['1', '6', '7', '-8', '3']), (83138, ['1', '6', '7', '-8', '3']), (83743, ['1', '6', '7', '-8', '3']), (83931, ['1', '6', '7', '-8', '3']), (84222, ['1', '6', '7', '-8', '3']), (85014, ['1', '6', '7', '-8', '3']), (90029, ['1', '6', '7', '-8', '3']), (90156, ['1', '6', '7', '-8', '3']), (90503, ['1', '6', '7', '-8', '3']), (90724, ['1', '6', '7', '-8', '3']), (90736, ['1', '6', '7', '-8', '3']), (90909, ['1', '6', '7', '-8', '3']), (91200, ['1', '6', '7', '-8', '3']), (91900, ['1', '6', '7', '-8', '3']), (91920, ['1', '6', '7', '-8', '3']), (91951, ['1', '6', '7', '-8', '3']), (92159, ['1', '6', '7', '-8', '3']), (92557, ['1', '6', '7', '-8', '3']), (93035, ['1', '6', '7', '-8', '3']), (93114, ['1', '6', '7', '-8', '3']), (93443, ['1', '6', '7', '-8', '3']), (93520, ['1', '6', '7', '-8', '3']), (94331, ['1', '6', '7', '-8', '3']), (94707, ['1', '6', '7', '-8', '3']), (95552, ['1', '6', '7', '-8', '3']), (95821, ['1', '6', '7', '-8', '3']), (100012, ['1', '6', '7', '-8', '3']), (100135, ['1', '6', '7', '-8', '3']), (100231, ['1', '6', '7', '-8', '3']), (100422, ['1', '6', '7', '-8', '3']), (100525, ['1', '6', '7', '-8', '3']), (100557, ['1', '6', '7', '-8', '3']), (100918, ['1', '6', '7', '-8', '3']), (101018, ['1', '6', '7', '-8', '3']), (101126, ['1', '6', '7', '-8', '3']), (101426, ['1', '6', '7', '-8', '3']), (101459, ['1', '6', '7', '-8', '3']), (102508, ['1', '6', '7', '-8', '3']), (103639, ['1', '6', '7', '-8', '3']), (103808, ['1', '6', '7', '-8', '3']), (104148, ['1', '6', '7', '-8', '3']), (104153, ['1', '6', '7', '-8', '3']), (104544, ['1', '6', '7', '-8', '3']), (104613, ['1', '6', '7', '-8', '3']), (105434, ['1', '6', '7', '-8', '3']), (105534, ['1', '6', '7', '-8', '3']), (105630, ['1', '6', '7', '-8', '3']), (105712, ['1', '6', '7', '-8', '3']), (110124, ['1', '6', '7', '-8', '3']), (110218, ['1', '6', '7', '-8', '3']), (110309, ['1', '6', '7', '-8', '3']), (110938, ['1', '6', '7', '-8', '3']), (111017, ['1', '6', '7', '-8', '3']), (111324, ['1', '6', '7', '-8', '3']), (112130, ['1', '6', '7', '-8', '3']), (112222, ['1', '6', '7', '-8', '3']), (112306, ['1', '6', '7', '-8', '3']), (112333, ['1', '6', '7', '-8', '3']), (112815, ['1', '6', '7', '-8', '3']), (113042, ['1', '6', '7', '-8', '3']), (113202, ['1', '6', '7', '-8', '3']), (113519, ['1', '6', '7', '-8', '3']), (113548, ['1', '6', '7', '-8', '3']), (113726, ['1', '6', '7', '-8', '3']), (113814, ['1', '6', '7', '-8', '3']), (113900, ['1', '6', '7', '-8', '3']), (113958, ['1', '6', '7', '-8', '3']), (114401, ['1', '6', '7', '-8', '3']), (114539, ['1', '6', '7', '-8', '3']), (114708, ['1', '6', '7', '-8', '3']), (114743, ['1', '6', '7', '-8', '3']), (114805, ['1', '6', '7', '-8', '3']), (115043, ['1', '6', '7', '-8', '3']), (115731, ['1', '6', '7', '-8', '3']), (120056, ['1', '2', '3']), (120645, ['1', '2', '3']), (120906, ['1', '2', '3']), (121004, ['1', '2', '3']), (121101, ['1', '2', '3']), (121150, ['1', '2', '3']), (121153, ['1', '2', '3']), (121333, ['1', '2', '3']), (121530, ['1', '2', '3']), (121601, ['1', '2', '3']), (121748, ['1', '2', '3']), (121843, ['1', '2', '3']), (122216, ['1', '2', '3']), (122229, ['1', '2', '3']), (122238, ['1', '2', '3']), (122737, ['1', '2', '3']), (122754, ['1', '2', '3']), (122817, ['1', '2', '3']), (122924, ['1', '2', '3']), (123108, ['1', '2', '3']), (123210, ['1', '2', '3']), (123310, ['1', '2', '3']), (123403, ['1', '2', '3']), (123519, ['1', '2', '3']), (123529, ['1', '2', '3']), (123902, ['1', '2', '3']), (124309, ['1', '2', '3']), (124441, ['1', '2', '3']), (124457, ['1', '2', '3']), (124807, ['1', '2', '3']), (124815, ['1', '2', '3']), (124836, ['1', '2', '3']), (125041, ['1', '2', '3']), (125131, ['1', '2', '3']), (125236, ['1', '2', '3']), (125254, ['1', '2', '3']), (125316, ['1', '2', '3']), (125408, ['1', '2', '3']), (125601, ['1', '2', '3']), (125605, ['1', '2', '3']), (125705, ['1', '2', '3']), (125844, ['1', '2', '3']), (130038, ['1', '2', '3']), (130139, ['1', '2', '3']), (130143, ['1', '2', '3']), (130248, ['1', '2', '3']), (130723, ['1', '2', '3']), (130728, ['1', '2', '3']), (130817, ['1', '2', '3']), (130907, ['1', '2', '3']), (131004, ['1', '2', '3']), (131218, ['1', '2', '3']), (131256, ['1', '2', '3']), (131409, ['1', '2', '3']), (131708, ['1', '2', '3']), (131802, ['1', '2', '3']), (131822, ['1', '2', '3']), (132217, ['1', '2', '3']), (132305, ['1', '2', '3']), (132420, ['1', '2', '3']), (132913, ['1', '2', '3']), (133419, ['1', '2', '3']), (133457, ['1', '2', '3']), (133526, ['1', '2', '3']), (133554, ['1', '2', '3']), (133620, ['1', '2', '3']), (133739, ['1', '2', '3']), (133756, ['1', '2', '3']), (133810, ['1', '2', '3']), (134139, ['1', '2', '3']), (134339, ['1', '2', '3']), (134510, ['1', '2', '3']), (134611, ['1', '2', '3']), (134730, ['1', '2', '3']), (134819, ['1', '2', '3']), (134824, ['1', '2', '3']), (135110, ['1', '2', '3']), (135316, ['1', '2', '3']), (135359, ['1', '2', '3']), (135442, ['1', '2', '3']), (135503, ['1', '2', '3']), (135622, ['1', '2', '3']), (140004, ['1', '2', '3']), (140013, ['1', '2', '3']), (140457, ['1', '2', '3']), (140635, ['1', '2', '3']), (140712, ['1', '2', '3']), (140733, ['1', '2', '3']), (141140, ['1', '2', '3']), (141202, ['1', '2', '3']), (141230, ['1', '2', '3']), (141354, ['1', '2', '3']), (141542, ['1', '2', '3']), (141730, ['1', '2', '3']), (141829, ['1', '2', '3']), (141913, ['1', '2', '3']), (142029, ['1', '2', '3']), (142241, ['1', '2', '3']), (142244, ['1', '2', '3']), (142256, ['1', '2', '3']), (142328, ['1', '2', '3']), (142401, ['1', '2', '3']), (142515, ['1', '2', '3']), (142810, ['1', '2', '3']), (143223, ['1', '2', '3']), (143419, ['1', '2', '3']), (143438, ['1', '2', '3']), (143456, ['1', '2', '3']), (143645, ['1', '2', '3']), (143851, ['1', '2', '3']), (143920, ['1', '2', '3']), (144003, ['1', '2', '3']), (144030, ['1', '2', '3']), (144045, ['1', '2', '3']), (144143, ['1', '2', '3']), (144235, ['1', '2', '3']), (144256, ['1', '2', '3']), (144403, ['1', '2', '3']), (144611, ['1', '2', '3']), (144733, ['1', '2', '3']), (144852, ['1', '2', '3']), (144856, ['1', '2', '3']), (144956, ['1', '2', '3']), (145137, ['1', '2', '3']), (145408, ['1', '2', '3']), (145521, ['1', '2', '3']), (145543, ['1', '2', '3']), (145557, ['1', '2', '3'])]
2 -> 3 : [(0, 2), (10000, 5), (20000, 7), (30000, 10), (40000, 12), (50000, 15), (60000, 17), (70000, 20), (80000, 22), (90000, 25), (100000, 27), (110000, 30), (120000, 32), (130000, 35), (140000, 37)]
2 -> 5 : [(0, 0), (10000, 0), (20000, 0), (30000, 0), (40000, 0), (50000, 0), (60000, 0), (70000, 0), (80000, 0), (90000, 0), (100000, 0), (110000, 0), (120000, 0), (130000, 0), (140000, 0)]
2 -> 6 : [(0, 0), (10000, 0), (20000, 0), (30000, 0), (40000, 0), (50000, 0), (60000, 0), (70000, 0), (80000, 0), (90000, 0), (100000, 0), (110000, 0), (120000, 0), (130000, 0), (140000, 0)]
3 -> 2 : [(0, 0), (10000, 0), (20000, 0), (30000, 0), (40000, 0), (50000, 0), (60000, 0), (70000, 0), (80000, 0), (90000, 0), (100000, 0), (110000, 0), (120000, 0), (130000, 0), (140000, 0)]
3 -> 4 : [(0, 2), (10000, 5), (20000, 7), (30000, 10), (40000, 12), (50000, 15), (60000, 17), (70000, 20), (80000, 22), (90000, 25), (100000, 27), (110000, 30), (120000, 32), (130000, 35), (140000, 37)]
3 -> 7 : [(0, 0), (10000, 0), (20000, 0), (30000, 0), (40000, 0), (50000, 0), (60000, 0), (70000, 0), (80000, 0), (90000, 0), (100000, 0), (110000, 0), (120000, 0), (130000, 0), (140000, 0)]
4 -> 3 : [(0, 0), (10000, 0), (20000, 0), (30000, 0), (40000, 0), (50000, 0), (60000, 0), (70000, 0), (80000, 0), (90000, 0), (100000, 0), (110000, 0), (120000, 0), (130000, 0), (140000, 0)]
4 -> 5 : [(0, 0), (10000, 0), (20000, 0), (30000, 0), (40000, 0), (50000, 0), (60000, 0), (70000, 0), (80000, 0), (90000, 0), (100000, 0), (110000, 0), (120000, 0), (130000, 0), (140000, 0)]
5 -> 2 : [(0, 0), (10000, 0), (20000, 0), (30000, 0), (40000, 0), (50000, 0), (60000, 0), (70000, 0), (80000, 0), (90000, 0), (100000, 0), (110000, 0), (120000, 0), (130000, 0), (140000, 0)]
5 -> 4 : [(0, 0), (10000, 0), (20000, 0), (30000, 0), (40000, 0), (50000, 0), (60000, 0), (70000, 0), (80000, 0), (90000, 0), (100000, 0), (110000, 0), (120000, 0), (130000, 0), (140000, 0)]
6 -> 2 : [(0, 0), (10000, 0), (20000, 0), (30000, 0), (40000, 0), (50000, 0), (60000, 0), (70000, 0), (80000, 0), (90000, 0), (100000, 0), (110000, 0), (120000, 0), (130000, 0), (140000, 0)]
6 -> 7 : [(0, 0), (10000, 0), (20000, 0), (30000, 0), (40000, 0), (50000, 0), (60000, 0), (70000, 0), (80000, 0), (90000, 0), (100000, 0), (110000, 0), (120000, 0), (130000, 0), (140000, 0)]
7 -> 3 : [(0, 0), (10000, 0), (20000, 0), (30000, 0), (40000, 0), (50000, 0), (60000, 0), (70000, 0), (80000, 0), (90000, 0), (100000, 0), (110000, 0), (120000, 0), (130000, 0), (140000, 0)]
7 -> 6 : [(0, 0), (10000, 0), (20000, 0), (30000, 0), (40000, 0), (50000, 0), (60000, 0), (70000, 0), (80000, 0), (90000, 0), (100000, 0), (110000, 0), (120000, 0), (130000, 0), (140000, 0)]
