00:00:00
new vehicle0 @ 00:51:27 (sumoTime: 3087 seconds) on link 1 with path_nodes [1, 2, 3, 4] which means path_links [1, 2, 3]
['newVeh0'] arrived @ sumotime 3115.0 seconds
new vehicle1 @ 00:59:33 (sumoTime: 3573 seconds) on link 1 with path_nodes [1, 2, 3, 4] which means path_links [1, 2, 3]
['newVeh1'] arrived @ sumotime 3599.0 seconds
01:00:00
Umlegung ausgeführt
curVolumes: (10000, [(3, 2, 0)])
new vehicle2 @ 01:47:38 (sumoTime: 6458 seconds) on link 1 with path_nodes [1, 2, 3, 4] which means path_links [1, 2, 3]
['newVeh2'] arrived @ sumotime 6484.0 seconds
new vehicle3 @ 01:58:53 (sumoTime: 7133 seconds) on link 1 with path_nodes [1, 2, 3, 4] which means path_links [1, 2, 3]
['newVeh3'] arrived @ sumotime 7162.0 seconds
02:00:00
Umlegung ausgeführt
curVolumes: (20000, [(3, 2, 0)])
new vehicle4 @ 02:04:40 (sumoTime: 7480 seconds) on link 1 with path_nodes [1, 2, 3, 4] which means path_links [1, 2, 3]
['newVeh4'] arrived @ sumotime 7508.0 seconds
new vehicle5 @ 02:31:21 (sumoTime: 9081 seconds) on link 1 with path_nodes [1, 2, 3, 4] which means path_links [1, 2, 3]
['newVeh5'] arrived @ sumotime 9107.0 seconds
new vehicle6 @ 02:40:07 (sumoTime: 9607 seconds) on link 1 with path_nodes [1, 2, 3, 4] which means path_links [1, 2, 3]
['newVeh6'] arrived @ sumotime 9633.0 seconds
['newVeh6'] arrived @ sumotime 9634.0 seconds
new vehicle7 @ 02:50:13 (sumoTime: 10213 seconds) on link 1 with path_nodes [1, 2, 3, 4] which means path_links [1, 2, 3]
['newVeh7'] arrived @ sumotime 10238.0 seconds
03:00:00
Umlegung ausgeführt
curVolumes: (30000, [(3, 5, 0)])
new vehicle8 @ 03:05:34 (sumoTime: 11134 seconds) on link 1 with path_nodes [1, 2, 3, 4] which means path_links [1, 2, 3]
['newVeh8'] arrived @ sumotime 11164.0 seconds
new vehicle9 @ 03:06:05 (sumoTime: 11165 seconds) on link 1 with path_nodes [1, 2, 3, 4] which means path_links [1, 2, 3]
['newVeh9'] arrived @ sumotime 11195.0 seconds
new vehicle10 @ 03:24:51 (sumoTime: 12291 seconds) on link 1 with path_nodes [1, 2, 3, 4] which means path_links [1, 2, 3]
['newVeh10'] arrived @ sumotime 12318.0 seconds
new vehicle11 @ 03:25:20 (sumoTime: 12320 seconds) on link 1 with path_nodes [1, 2, 3, 4] which means path_links [1, 2, 3]
['newVeh11'] arrived @ sumotime 12348.0 seconds
new vehicle12 @ 03:33:28 (sumoTime: 12808 seconds) on link 1 with path_nodes [1, 2, 3, 4] which means path_links [1, 2, 3]
['newVeh12'] arrived @ sumotime 12839.0 seconds
new vehicle13 @ 03:34:42 (sumoTime: 12882 seconds) on link 1 with path_nodes [1, 2, 3, 4] which means path_links [1, 2, 3]
['newVeh13'] arrived @ sumotime 12909.0 seconds
new vehicle14 @ 03:36:07 (sumoTime: 12967 seconds) on link 1 with path_nodes [1, 2, 3, 4] which means path_links [1, 2, 3]
['newVeh14'] arrived @ sumotime 12995.0 seconds
new vehicle15 @ 03:37:54 (sumoTime: 13074 seconds) on link 1 with path_nodes [1, 2, 3, 4] which means path_links [1, 2, 3]
['newVeh15'] arrived @ sumotime 13101.0 seconds
new vehicle16 @ 03:39:06 (sumoTime: 13146 seconds) on link 1 with path_nodes [1, 2, 3, 4] which means path_links [1, 2, 3]
new vehicle17 @ 03:39:29 (sumoTime: 13169 seconds) on link 1 with path_nodes [1, 2, 3, 4] which means path_links [1, 2, 3]
['newVeh16'] arrived @ sumotime 13172.0 seconds
['newVeh17'] arrived @ sumotime 13199.0 seconds
new vehicle18 @ 03:41:30 (sumoTime: 13290 seconds) on link 1 with path_nodes [1, 2, 3, 4] which means path_links [1, 2, 3]
['newVeh18'] arrived @ sumotime 13317.0 seconds
new vehicle19 @ 03:53:43 (sumoTime: 14023 seconds) on link 1 with path_nodes [1, 2, 3, 4] which means path_links [1, 2, 3]
['newVeh19'] arrived @ sumotime 14048.0 seconds
new vehicle20 @ 03:57:55 (sumoTime: 14275 seconds) on link 1 with path_nodes [1, 2, 3, 4] which means path_links [1, 2, 3]
['newVeh20'] arrived @ sumotime 14301.0 seconds
04:00:00
Umlegung ausgeführt
curVolumes: (40000, [(3, 13, 0)])
new vehicle21 @ 04:02:06 (sumoTime: 14526 seconds) on link 1 with path_nodes [1, 2, 3, 4] which means path_links [1, 2, 3]
['newVeh21'] arrived @ sumotime 14556.0 seconds
new vehicle22 @ 04:11:08 (sumoTime: 15068 seconds) on link 1 with path_nodes [1, 2, 3, 4] which means path_links [1, 2, 3]
['newVeh22'] arrived @ sumotime 15094.0 seconds
new vehicle23 @ 04:19:16 (sumoTime: 15556 seconds) on link 1 with path_nodes [1, 2, 3, 4] which means path_links [1, 2, 3]
['newVeh23'] arrived @ sumotime 15582.0 seconds
new vehicle24 @ 04:21:44 (sumoTime: 15704 seconds) on link 1 with path_nodes [1, 2, 3, 4] which means path_links [1, 2, 3]
['newVeh24'] arrived @ sumotime 15733.0 seconds
new vehicle25 @ 04:22:28 (sumoTime: 15748 seconds) on link 1 with path_nodes [1, 2, 3, 4] which means path_links [1, 2, 3]
['newVeh25'] arrived @ sumotime 15774.0 seconds
new vehicle26 @ 04:47:24 (sumoTime: 17244 seconds) on link 1 with path_nodes [1, 2, 3, 4] which means path_links [1, 2, 3]
['newVeh26'] arrived @ sumotime 17273.0 seconds
new vehicle27 @ 04:54:05 (sumoTime: 17645 seconds) on link 1 with path_nodes [1, 2, 3, 4] which means path_links [1, 2, 3]
['newVeh27'] arrived @ sumotime 17673.0 seconds
05:00:00
Umlegung ausgeführt
curVolumes: (50000, [(3, 7, 0)])
new vehicle28 @ 05:01:57 (sumoTime: 18117 seconds) on link 1 with path_nodes [1, 2, 3, 4] which means path_links [1, 2, 3]
['newVeh28'] arrived @ sumotime 18144.0 seconds
new vehicle29 @ 05:03:03 (sumoTime: 18183 seconds) on link 1 with path_nodes [1, 2, 3, 4] which means path_links [1, 2, 3]
['newVeh29'] arrived @ sumotime 18209.0 seconds
new vehicle30 @ 05:06:19 (sumoTime: 18379 seconds) on link 1 with path_nodes [1, 2, 3, 4] which means path_links [1, 2, 3]
['newVeh30'] arrived @ sumotime 18407.0 seconds
new vehicle31 @ 05:12:22 (sumoTime: 18742 seconds) on link 1 with path_nodes [1, 2, 3, 4] which means path_links [1, 2, 3]
new vehicle32 @ 05:12:32 (sumoTime: 18752 seconds) on link 1 with path_nodes [1, 2, 3, 4] which means path_links [1, 2, 3]
['newVeh31'] arrived @ sumotime 18768.0 seconds
['newVeh32'] arrived @ sumotime 18782.0 seconds
new vehicle33 @ 05:14:16 (sumoTime: 18856 seconds) on link 1 with path_nodes [1, 2, 3, 4] which means path_links [1, 2, 3]
['newVeh33'] arrived @ sumotime 18884.0 seconds
new vehicle34 @ 05:23:07 (sumoTime: 19387 seconds) on link 1 with path_nodes [1, 2, 3, 4] which means path_links [1, 2, 3]
['newVeh34'] arrived @ sumotime 19412.0 seconds
new vehicle35 @ 05:27:39 (sumoTime: 19659 seconds) on link 1 with path_nodes [1, 2, 3, 4] which means path_links [1, 2, 3]
['newVeh35'] arrived @ sumotime 19685.0 seconds
new vehicle36 @ 05:29:29 (sumoTime: 19769 seconds) on link 1 with path_nodes [1, 2, 3, 4] which means path_links [1, 2, 3]
['newVeh36'] arrived @ sumotime 19795.0 seconds
new vehicle37 @ 05:35:12 (sumoTime: 20112 seconds) on link 1 with path_nodes [1, 2, 3, 4] which means path_links [1, 2, 3]
['newVeh37'] arrived @ sumotime 20138.0 seconds
new vehicle38 @ 05:38:36 (sumoTime: 20316 seconds) on link 1 with path_nodes [1, 2, 3, 4] which means path_links [1, 2, 3]
['newVeh38'] arrived @ sumotime 20343.0 seconds
new vehicle39 @ 05:47:05 (sumoTime: 20825 seconds) on link 1 with path_nodes [1, 2, 3, 4] which means path_links [1, 2, 3]
['newVeh39'] arrived @ sumotime 20853.0 seconds
new vehicle40 @ 05:48:30 (sumoTime: 20910 seconds) on link 1 with path_nodes [1, 2, 3, 4] which means path_links [1, 2, 3]
['newVeh40'] arrived @ sumotime 20939.0 seconds
new vehicle41 @ 05:53:48 (sumoTime: 21228 seconds) on link 1 with path_nodes [1, 2, 3, 4] which means path_links [1, 2, 3]
['newVeh41'] arrived @ sumotime 21256.0 seconds
new vehicle42 @ 05:58:17 (sumoTime: 21497 seconds) on link 1 with path_nodes [1, 2, 3, 4] which means path_links [1, 2, 3]
['newVeh42'] arrived @ sumotime 21525.0 seconds
06:00:00
Umlegung ausgeführt
curVolumes: (60000, [(3, 15, 0)])
new vehicle43 @ 06:02:29 (sumoTime: 21749 seconds) on link 1 with path_nodes [1, 2, 3, 4] which means path_links [1, 2, 3]
['newVeh43'] arrived @ sumotime 21780.0 seconds
new vehicle44 @ 06:05:24 (sumoTime: 21924 seconds) on link 1 with path_nodes [1, 2, 3, 4] which means path_links [1, 2, 3]
['newVeh44'] arrived @ sumotime 21948.0 seconds
new vehicle45 @ 06:13:08 (sumoTime: 22388 seconds) on link 1 with path_nodes [1, 2, 3, 4] which means path_links [1, 2, 3]
new vehicle46 @ 06:13:20 (sumoTime: 22400 seconds) on link 1 with path_nodes [1, 2, 3, 4] which means path_links [1, 2, 3]
['newVeh45'] arrived @ sumotime 22415.0 seconds
['newVeh46'] arrived @ sumotime 22429.0 seconds
new vehicle47 @ 06:15:56 (sumoTime: 22556 seconds) on link 1 with path_nodes [1, 2, 3, 4] which means path_links [1, 2, 3]
['newVeh47'] arrived @ sumotime 22582.0 seconds
['newVeh47'] arrived @ sumotime 22583.0 seconds
new vehicle48 @ 06:16:52 (sumoTime: 22612 seconds) on link 1 with path_nodes [1, 2, 3, 4] which means path_links [1, 2, 3]
['newVeh48'] arrived @ sumotime 22641.0 seconds
new vehicle49 @ 06:20:25 (sumoTime: 22825 seconds) on link 1 with path_nodes [1, 2, 3, 4] which means path_links [1, 2, 3]
new vehicle50 @ 06:20:39 (sumoTime: 22839 seconds) on link 1 with path_nodes [1, 2, 3, 4] which means path_links [1, 2, 3]
new vehicle51 @ 06:20:53 (sumoTime: 22853 seconds) on link 1 with path_nodes [1, 2, 3, 4] which means path_links [1, 2, 3]
['newVeh49'] arrived @ sumotime 22853.0 seconds
['newVeh50'] arrived @ sumotime 22865.0 seconds
['newVeh50'] arrived @ sumotime 22866.0 seconds
['newVeh51'] arrived @ sumotime 22878.0 seconds
new vehicle52 @ 06:21:37 (sumoTime: 22897 seconds) on link 1 with path_nodes [1, 2, 3, 4] which means path_links [1, 2, 3]
['newVeh52'] arrived @ sumotime 22925.0 seconds
['newVeh52'] arrived @ sumotime 22926.0 seconds
new vehicle53 @ 06:22:12 (sumoTime: 22932 seconds) on link 1 with path_nodes [1, 2, 3, 4] which means path_links [1, 2, 3]
['newVeh53'] arrived @ sumotime 22958.0 seconds
new vehicle54 @ 06:23:08 (sumoTime: 22988 seconds) on link 1 with path_nodes [1, 2, 3, 4] which means path_links [1, 2, 3]
['newVeh54'] arrived @ sumotime 23014.0 seconds
new vehicle55 @ 06:23:52 (sumoTime: 23032 seconds) on link 1 with path_nodes [1, 2, 3, 4] which means path_links [1, 2, 3]
['newVeh55'] arrived @ sumotime 23058.0 seconds
new vehicle56 @ 06:25:05 (sumoTime: 23105 seconds) on link 1 with path_nodes [1, 2, 3, 4] which means path_links [1, 2, 3]
['newVeh56'] arrived @ sumotime 23132.0 seconds
new vehicle57 @ 06:36:44 (sumoTime: 23804 seconds) on link 1 with path_nodes [1, 2, 3, 4] which means path_links [1, 2, 3]
['newVeh57'] arrived @ sumotime 23833.0 seconds
new vehicle58 @ 06:42:00 (sumoTime: 24120 seconds) on link 1 with path_nodes [1, 2, 3, 4] which means path_links [1, 2, 3]
['newVeh58'] arrived @ sumotime 24145.0 seconds
new vehicle59 @ 06:45:36 (sumoTime: 24336 seconds) on link 1 with path_nodes [1, 2, 3, 4] which means path_links [1, 2, 3]
['newVeh59'] arrived @ sumotime 24365.0 seconds
new vehicle60 @ 06:49:43 (sumoTime: 24583 seconds) on link 1 with path_nodes [1, 2, 3, 4] which means path_links [1, 2, 3]
['newVeh60'] arrived @ sumotime 24612.0 seconds
new vehicle61 @ 06:51:06 (sumoTime: 24666 seconds) on link 1 with path_nodes [1, 2, 3, 4] which means path_links [1, 2, 3]
['newVeh61'] arrived @ sumotime 24696.0 seconds
new vehicle62 @ 06:54:34 (sumoTime: 24874 seconds) on link 1 with path_nodes [1, 2, 3, 4] which means path_links [1, 2, 3]
['newVeh62'] arrived @ sumotime 24904.0 seconds
07:00:00
Umlegung ausgeführt
curVolumes: (70000, [(3, 23, 0)])
new vehicle63 @ 07:00:04 (sumoTime: 25204 seconds) on link 1 with path_nodes [1, 2, 3, 4] which means path_links [1, 2, 3]
['newVeh63'] arrived @ sumotime 25231.0 seconds
new vehicle64 @ 07:01:45 (sumoTime: 25305 seconds) on link 1 with path_nodes [1, 2, 3, 4] which means path_links [1, 2, 3]
new vehicle65 @ 07:01:53 (sumoTime: 25313 seconds) on link 1 with path_nodes [1, 2, 3, 4] which means path_links [1, 2, 3]
['newVeh64'] arrived @ sumotime 25331.0 seconds
['newVeh65'] arrived @ sumotime 25339.0 seconds
new vehicle66 @ 07:05:01 (sumoTime: 25501 seconds) on link 1 with path_nodes [1, 2, 3, 4] which means path_links [1, 2, 3]
['newVeh66'] arrived @ sumotime 25529.0 seconds
new vehicle67 @ 07:06:30 (sumoTime: 25590 seconds) on link 1 with path_nodes [1, 2, 3, 4] which means path_links [1, 2, 3]
['newVeh67'] arrived @ sumotime 25617.0 seconds
new vehicle68 @ 07:08:18 (sumoTime: 25698 seconds) on link 1 with path_nodes [1, 2, 3, 4] which means path_links [1, 2, 3]
['newVeh68'] arrived @ sumotime 25724.0 seconds
new vehicle69 @ 07:10:01 (sumoTime: 25801 seconds) on link 1 with path_nodes [1, 2, 3, 4] which means path_links [1, 2, 3]
['newVeh69'] arrived @ sumotime 25828.0 seconds
new vehicle70 @ 07:14:58 (sumoTime: 26098 seconds) on link 1 with path_nodes [1, 2, 3, 4] which means path_links [1, 2, 3]
['newVeh70'] arrived @ sumotime 26124.0 seconds
new vehicle71 @ 07:17:58 (sumoTime: 26278 seconds) on link 1 with path_nodes [1, 2, 3, 4] which means path_links [1, 2, 3]
['newVeh71'] arrived @ sumotime 26305.0 seconds
new vehicle72 @ 07:25:38 (sumoTime: 26738 seconds) on link 1 with path_nodes [1, 2, 3, 4] which means path_links [1, 2, 3]
['newVeh72'] arrived @ sumotime 26765.0 seconds
new vehicle73 @ 07:32:23 (sumoTime: 27143 seconds) on link 1 with path_nodes [1, 2, 3, 4] which means path_links [1, 2, 3]
['newVeh73'] arrived @ sumotime 27170.0 seconds
new vehicle74 @ 07:38:32 (sumoTime: 27512 seconds) on link 1 with path_nodes [1, 2, 3, 4] which means path_links [1, 2, 3]
['newVeh74'] arrived @ sumotime 27541.0 seconds
new vehicle75 @ 07:39:25 (sumoTime: 27565 seconds) on link 1 with path_nodes [1, 2, 3, 4] which means path_links [1, 2, 3]
['newVeh75'] arrived @ sumotime 27593.0 seconds
new vehicle76 @ 07:41:58 (sumoTime: 27718 seconds) on link 1 with path_nodes [1, 2, 3, 4] which means path_links [1, 2, 3]
['newVeh76'] arrived @ sumotime 27743.0 seconds
new vehicle77 @ 07:43:55 (sumoTime: 27835 seconds) on link 1 with path_nodes [1, 2, 3, 4] which means path_links [1, 2, 3]
['newVeh77'] arrived @ sumotime 27866.0 seconds
new vehicle78 @ 07:47:21 (sumoTime: 28041 seconds) on link 1 with path_nodes [1, 2, 3, 4] which means path_links [1, 2, 3]
['newVeh78'] arrived @ sumotime 28069.0 seconds
new vehicle79 @ 07:49:03 (sumoTime: 28143 seconds) on link 1 with path_nodes [1, 2, 3, 4] which means path_links [1, 2, 3]
['newVeh79'] arrived @ sumotime 28173.0 seconds
new vehicle80 @ 07:49:48 (sumoTime: 28188 seconds) on link 1 with path_nodes [1, 2, 3, 4] which means path_links [1, 2, 3]
['newVeh80'] arrived @ sumotime 28220.0 seconds
new vehicle81 @ 07:53:14 (sumoTime: 28394 seconds) on link 1 with path_nodes [1, 2, 3, 4] which means path_links [1, 2, 3]
['newVeh81'] arrived @ sumotime 28420.0 seconds
new vehicle82 @ 07:54:10 (sumoTime: 28450 seconds) on link 1 with path_nodes [1, 2, 3, 4] which means path_links [1, 2, 3]
['newVeh82'] arrived @ sumotime 28478.0 seconds
new vehicle83 @ 07:57:28 (sumoTime: 28648 seconds) on link 1 with path_nodes [1, 2, 3, 4] which means path_links [1, 2, 3]
['newVeh83'] arrived @ sumotime 28676.0 seconds
08:00:00
Umlegung ausgeführt
curVolumes: (80000, [(3, 21, 0)])
new vehicle84 @ 08:02:21 (sumoTime: 28941 seconds) on link 1 with path_nodes [1, 2, 3, 4] which means path_links [1, 2, 3]
['newVeh84'] arrived @ sumotime 28991.0 seconds
new vehicle85 @ 08:05:39 (sumoTime: 29139 seconds) on link 1 with path_nodes [1, 2, 3, 4] which means path_links [1, 2, 3]
['newVeh85'] arrived @ sumotime 29188.0 seconds
new vehicle86 @ 08:07:41 (sumoTime: 29261 seconds) on link 1 with path_nodes [1, 2, 3, 4] which means path_links [1, 2, 3]
new vehicle87 @ 08:08:04 (sumoTime: 29284 seconds) on link 1 with path_nodes [1, 2, 3, 4] which means path_links [1, 2, 3]
['newVeh86'] arrived @ sumotime 29313.0 seconds
new vehicle88 @ 08:08:47 (sumoTime: 29327 seconds) on link 1 with path_nodes [1, 2, 3, 4] which means path_links [1, 2, 3]
['newVeh87'] arrived @ sumotime 29335.0 seconds
['newVeh88'] arrived @ sumotime 29378.0 seconds
new vehicle89 @ 08:10:44 (sumoTime: 29444 seconds) on link 1 with path_nodes [1, 2, 3, 4] which means path_links [1, 2, 3]
new vehicle90 @ 08:11:22 (sumoTime: 29482 seconds) on link 1 with path_nodes [1, 2, 3, 4] which means path_links [1, 2, 3]
new vehicle91 @ 08:11:25 (sumoTime: 29485 seconds) on link 1 with path_nodes [1, 2, 3, 4] which means path_links [1, 2, 3]
new vehicle92 @ 08:11:29 (sumoTime: 29489 seconds) on link 1 with path_nodes [1, 2, 3, 4] which means path_links [1, 2, 3]
['newVeh89'] arrived @ sumotime 29500.0 seconds
['newVeh90'] arrived @ sumotime 29533.0 seconds
['newVeh91'] arrived @ sumotime 29537.0 seconds
['newVeh92'] arrived @ sumotime 29541.0 seconds
new vehicle93 @ 08:13:21 (sumoTime: 29601 seconds) on link 1 with path_nodes [1, 2, 3, 4] which means path_links [1, 2, 3]
['newVeh93'] arrived @ sumotime 29654.0 seconds
new vehicle94 @ 08:19:54 (sumoTime: 29994 seconds) on link 1 with path_nodes [1, 2, 3, 4] which means path_links [1, 2, 3]
['newVeh94'] arrived @ sumotime 30048.0 seconds
new vehicle95 @ 08:25:54 (sumoTime: 30354 seconds) on link 1 with path_nodes [1, 2, 3, 4] which means path_links [1, 2, 3]
new vehicle96 @ 08:26:06 (sumoTime: 30366 seconds) on link 1 with path_nodes [1, 2, 3, 4] which means path_links [1, 2, 3]
['newVeh95'] arrived @ sumotime 30411.0 seconds
['newVeh96'] arrived @ sumotime 30416.0 seconds
new vehicle97 @ 08:27:25 (sumoTime: 30445 seconds) on link 1 with path_nodes [1, 2, 3, 4] which means path_links [1, 2, 3]
['newVeh97'] arrived @ sumotime 30495.0 seconds
new vehicle98 @ 08:28:58 (sumoTime: 30538 seconds) on link 1 with path_nodes [1, 2, 3, 4] which means path_links [1, 2, 3]
['newVeh98'] arrived @ sumotime 30588.0 seconds
new vehicle99 @ 08:30:55 (sumoTime: 30655 seconds) on link 1 with path_nodes [1, 2, 3, 4] which means path_links [1, 2, 3]
['newVeh99'] arrived @ sumotime 30719.0 seconds
new vehicle100 @ 08:32:03 (sumoTime: 30723 seconds) on link 1 with path_nodes [1, 2, 3, 4] which means path_links [1, 2, 3]
new vehicle101 @ 08:32:46 (sumoTime: 30766 seconds) on link 1 with path_nodes [1, 2, 3, 4] which means path_links [1, 2, 3]
['newVeh100'] arrived @ sumotime 30780.0 seconds
['newVeh101'] arrived @ sumotime 30819.0 seconds
new vehicle102 @ 08:35:41 (sumoTime: 30941 seconds) on link 1 with path_nodes [1, 2, 3, 4] which means path_links [1, 2, 3]
new vehicle103 @ 08:36:14 (sumoTime: 30974 seconds) on link 1 with path_nodes [1, 2, 3, 4] which means path_links [1, 2, 3]
['newVeh102'] arrived @ sumotime 30996.0 seconds
['newVeh103'] arrived @ sumotime 31031.0 seconds
new vehicle104 @ 08:38:16 (sumoTime: 31096 seconds) on link 1 with path_nodes [1, 2, 3, 4] which means path_links [1, 2, 3]
['newVeh104'] arrived @ sumotime 31147.0 seconds
new vehicle105 @ 08:41:49 (sumoTime: 31309 seconds) on link 1 with path_nodes [1, 2, 3, 4] which means path_links [1, 2, 3]
['newVeh105'] arrived @ sumotime 31356.0 seconds
new vehicle106 @ 08:52:22 (sumoTime: 31942 seconds) on link 1 with path_nodes [1, 2, 3, 4] which means path_links [1, 2, 3]
new vehicle107 @ 08:52:47 (sumoTime: 31967 seconds) on link 1 with path_nodes [1, 2, 3, 4] which means path_links [1, 2, 3]
['newVeh106'] arrived @ sumotime 31995.0 seconds
['newVeh107'] arrived @ sumotime 32024.0 seconds
new vehicle108 @ 08:54:36 (sumoTime: 32076 seconds) on link 1 with path_nodes [1, 2, 3, 4] which means path_links [1, 2, 3]
['newVeh108'] arrived @ sumotime 32127.0 seconds
09:00:00
Umlegung ausgeführt
curVolumes: (90000, [(3, 25, 0)])
new vehicle109 @ 09:02:19 (sumoTime: 32539 seconds) on link 1 with path_nodes [1, 2, 3, 4] which means path_links [1, 2, 3]
['newVeh109'] arrived @ sumotime 32594.0 seconds
new vehicle110 @ 09:03:36 (sumoTime: 32616 seconds) on link 1 with path_nodes [1, 2, 3, 4] which means path_links [1, 2, 3]
['newVeh110'] arrived @ sumotime 32667.0 seconds
new vehicle111 @ 09:05:13 (sumoTime: 32713 seconds) on link 1 with path_nodes [1, 2, 3, 4] which means path_links [1, 2, 3]
new vehicle112 @ 09:05:58 (sumoTime: 32758 seconds) on link 1 with path_nodes [1, 2, 3, 4] which means path_links [1, 2, 3]
['newVeh111'] arrived @ sumotime 32764.0 seconds
new vehicle113 @ 09:06:48 (sumoTime: 32808 seconds) on link 1 with path_nodes [1, 2, 3, 4] which means path_links [1, 2, 3]
new vehicle114 @ 09:06:52 (sumoTime: 32812 seconds) on link 1 with path_nodes [1, 2, 3, 4] which means path_links [1, 2, 3]
['newVeh112'] arrived @ sumotime 32814.0 seconds
new vehicle115 @ 09:07:21 (sumoTime: 32841 seconds) on link 1 with path_nodes [1, 2, 3, 4] which means path_links [1, 2, 3]
['newVeh113'] arrived @ sumotime 32859.0 seconds
['newVeh114'] arrived @ sumotime 32868.0 seconds
['newVeh115'] arrived @ sumotime 32897.0 seconds
new vehicle116 @ 09:16:18 (sumoTime: 33378 seconds) on link 1 with path_nodes [1, 2, 3, 4] which means path_links [1, 2, 3]
['newVeh116'] arrived @ sumotime 33432.0 seconds
new vehicle117 @ 09:26:47 (sumoTime: 34007 seconds) on link 1 with path_nodes [1, 2, 3, 4] which means path_links [1, 2, 3]
['newVeh117'] arrived @ sumotime 34058.0 seconds
new vehicle118 @ 09:33:18 (sumoTime: 34398 seconds) on link 1 with path_nodes [1, 2, 3, 4] which means path_links [1, 2, 3]
['newVeh118'] arrived @ sumotime 34455.0 seconds
['newVeh118'] arrived @ sumotime 34456.0 seconds
new vehicle119 @ 09:41:20 (sumoTime: 34880 seconds) on link 1 with path_nodes [1, 2, 3, 4] which means path_links [1, 2, 3]
new vehicle120 @ 09:41:32 (sumoTime: 34892 seconds) on link 1 with path_nodes [1, 2, 3, 4] which means path_links [1, 2, 3]
['newVeh119'] arrived @ sumotime 34931.0 seconds
['newVeh120'] arrived @ sumotime 34941.0 seconds
new vehicle121 @ 09:43:45 (sumoTime: 35025 seconds) on link 1 with path_nodes [1, 2, 3, 4] which means path_links [1, 2, 3]
new vehicle122 @ 09:43:47 (sumoTime: 35027 seconds) on link 1 with path_nodes [1, 2, 3, 4] which means path_links [1, 2, 3]
['newVeh121'] arrived @ sumotime 35079.0 seconds
['newVeh122'] arrived @ sumotime 35081.0 seconds
new vehicle123 @ 09:47:10 (sumoTime: 35230 seconds) on link 1 with path_nodes [1, 2, 3, 4] which means path_links [1, 2, 3]
['newVeh123'] arrived @ sumotime 35292.0 seconds
new vehicle124 @ 09:49:24 (sumoTime: 35364 seconds) on link 1 with path_nodes [1, 2, 3, 4] which means path_links [1, 2, 3]
['newVeh124'] arrived @ sumotime 35412.0 seconds
new vehicle125 @ 09:53:33 (sumoTime: 35613 seconds) on link 1 with path_nodes [1, 2, 3, 4] which means path_links [1, 2, 3]
['newVeh125'] arrived @ sumotime 35665.0 seconds
new vehicle126 @ 09:59:18 (sumoTime: 35958 seconds) on link 1 with path_nodes [1, 2, 3, 4] which means path_links [1, 2, 3]
10:00:00
Umlegung ausgeführt
curVolumes: (100000, [(3, 18, 0)])
['newVeh126'] arrived @ sumotime 36011.0 seconds
new vehicle127 @ 10:00:29 (sumoTime: 36029 seconds) on link 1 with path_nodes [1, 2, 3, 4] which means path_links [1, 2, 3]
['newVeh127'] arrived @ sumotime 36089.0 seconds
new vehicle128 @ 10:01:41 (sumoTime: 36101 seconds) on link 1 with path_nodes [1, 2, 3, 4] which means path_links [1, 2, 3]
['newVeh128'] arrived @ sumotime 36156.0 seconds
new vehicle129 @ 10:03:00 (sumoTime: 36180 seconds) on link 1 with path_nodes [1, 2, 3, 4] which means path_links [1, 2, 3]
new vehicle130 @ 10:03:45 (sumoTime: 36225 seconds) on link 1 with path_nodes [1, 2, 3, 4] which means path_links [1, 2, 3]
['newVeh129'] arrived @ sumotime 36230.0 seconds
['newVeh130'] arrived @ sumotime 36275.0 seconds
new vehicle131 @ 10:09:27 (sumoTime: 36567 seconds) on link 1 with path_nodes [1, 2, 3, 4] which means path_links [1, 2, 3]
new vehicle132 @ 10:09:38 (sumoTime: 36578 seconds) on link 1 with path_nodes [1, 2, 3, 4] which means path_links [1, 2, 3]
new vehicle133 @ 10:10:02 (sumoTime: 36602 seconds) on link 1 with path_nodes [1, 2, 3, 4] which means path_links [1, 2, 3]
new vehicle134 @ 10:10:11 (sumoTime: 36611 seconds) on link 1 with path_nodes [1, 2, 3, 4] which means path_links [1, 2, 3]
['newVeh131'] arrived @ sumotime 36618.0 seconds
new vehicle135 @ 10:10:31 (sumoTime: 36631 seconds) on link 1 with path_nodes [1, 2, 3, 4] which means path_links [1, 2, 3]
['newVeh132'] arrived @ sumotime 36633.0 seconds
['newVeh132'] arrived @ sumotime 36634.0 seconds
['newVeh133'] arrived @ sumotime 36653.0 seconds
['newVeh133'] arrived @ sumotime 36654.0 seconds
['newVeh134'] arrived @ sumotime 36660.0 seconds
new vehicle136 @ 10:11:23 (sumoTime: 36683 seconds) on link 1 with path_nodes [1, 2, 3, 4] which means path_links [1, 2, 3]
['newVeh135'] arrived @ sumotime 36694.0 seconds
['newVeh136'] arrived @ sumotime 36737.0 seconds
new vehicle137 @ 10:12:55 (sumoTime: 36775 seconds) on link 1 with path_nodes [1, 2, 3, 4] which means path_links [1, 2, 3]
['newVeh137'] arrived @ sumotime 36830.0 seconds
new vehicle138 @ 10:16:24 (sumoTime: 36984 seconds) on link 1 with path_nodes [1, 2, 3, 4] which means path_links [1, 2, 3]
new vehicle139 @ 10:16:26 (sumoTime: 36986 seconds) on link 1 with path_nodes [1, 2, 3, 4] which means path_links [1, 2, 3]
['newVeh138'] arrived @ sumotime 37037.0 seconds
['newVeh139'] arrived @ sumotime 37040.0 seconds
new vehicle140 @ 10:18:22 (sumoTime: 37102 seconds) on link 1 with path_nodes [1, 2, 3, 4] which means path_links [1, 2, 3]
new vehicle141 @ 10:18:54 (sumoTime: 37134 seconds) on link 1 with path_nodes [1, 2, 3, 4] which means path_links [1, 2, 3]
['newVeh140'] arrived @ sumotime 37152.0 seconds
new vehicle142 @ 10:19:34 (sumoTime: 37174 seconds) on link 1 with path_nodes [1, 2, 3, 4] which means path_links [1, 2, 3]
['newVeh141'] arrived @ sumotime 37188.0 seconds
['newVeh142'] arrived @ sumotime 37225.0 seconds
new vehicle143 @ 10:24:37 (sumoTime: 37477 seconds) on link 1 with path_nodes [1, 2, 3, 4] which means path_links [1, 2, 3]
['newVeh143'] arrived @ sumotime 37523.0 seconds
new vehicle144 @ 10:25:38 (sumoTime: 37538 seconds) on link 1 with path_nodes [1, 2, 3, 4] which means path_links [1, 2, 3]
new vehicle145 @ 10:25:47 (sumoTime: 37547 seconds) on link 1 with path_nodes [1, 2, 3, 4] which means path_links [1, 2, 3]
['newVeh144'] arrived @ sumotime 37590.0 seconds
['newVeh145'] arrived @ sumotime 37597.0 seconds
new vehicle146 @ 10:29:46 (sumoTime: 37786 seconds) on link 1 with path_nodes [1, 2, 3, 4] which means path_links [1, 2, 3]
new vehicle147 @ 10:30:25 (sumoTime: 37825 seconds) on link 1 with path_nodes [1, 2, 3, 4] which means path_links [1, 2, 3]
['newVeh146'] arrived @ sumotime 37837.0 seconds
['newVeh147'] arrived @ sumotime 37880.0 seconds
new vehicle148 @ 10:32:56 (sumoTime: 37976 seconds) on link 1 with path_nodes [1, 2, 3, 4] which means path_links [1, 2, 3]
['newVeh148'] arrived @ sumotime 38031.0 seconds
new vehicle149 @ 10:42:23 (sumoTime: 38543 seconds) on link 1 with path_nodes [1, 2, 3, 4] which means path_links [1, 2, 3]
['newVeh149'] arrived @ sumotime 38592.0 seconds
new vehicle150 @ 10:44:05 (sumoTime: 38645 seconds) on link 1 with path_nodes [1, 2, 3, 4] which means path_links [1, 2, 3]
['newVeh150'] arrived @ sumotime 38697.0 seconds
new vehicle151 @ 10:47:42 (sumoTime: 38862 seconds) on link 1 with path_nodes [1, 2, 3, 4] which means path_links [1, 2, 3]
['newVeh151'] arrived @ sumotime 38914.0 seconds
new vehicle152 @ 10:51:33 (sumoTime: 39093 seconds) on link 1 with path_nodes [1, 2, 3, 4] which means path_links [1, 2, 3]
['newVeh152'] arrived @ sumotime 39143.0 seconds
new vehicle153 @ 10:52:25 (sumoTime: 39145 seconds) on link 1 with path_nodes [1, 2, 3, 4] which means path_links [1, 2, 3]
new vehicle154 @ 10:53:12 (sumoTime: 39192 seconds) on link 1 with path_nodes [1, 2, 3, 4] which means path_links [1, 2, 3]
['newVeh153'] arrived @ sumotime 39199.0 seconds
['newVeh154'] arrived @ sumotime 39243.0 seconds
new vehicle155 @ 10:56:46 (sumoTime: 39406 seconds) on link 1 with path_nodes [1, 2, 3, 4] which means path_links [1, 2, 3]
['newVeh155'] arrived @ sumotime 39455.0 seconds
new vehicle156 @ 10:59:21 (sumoTime: 39561 seconds) on link 1 with path_nodes [1, 2, 3, 4] which means path_links [1, 2, 3]
new vehicle157 @ 10:59:50 (sumoTime: 39590 seconds) on link 1 with path_nodes [1, 2, 3, 4] which means path_links [1, 2, 3]
11:00:00
Umlegung ausgeführt
curVolumes: (110000, [(3, 32, 0)])
['newVeh156'] arrived @ sumotime 39616.0 seconds
new vehicle158 @ 11:00:22 (sumoTime: 39622 seconds) on link 1 with path_nodes [1, 2, 3, 4] which means path_links [1, 2, 3]
['newVeh157'] arrived @ sumotime 39637.0 seconds
['newVeh158'] arrived @ sumotime 39670.0 seconds
new vehicle159 @ 11:04:54 (sumoTime: 39894 seconds) on link 1 with path_nodes [1, 2, 3, 4] which means path_links [1, 2, 3]
new vehicle160 @ 11:05:10 (sumoTime: 39910 seconds) on link 1 with path_nodes [1, 2, 3, 4] which means path_links [1, 2, 3]
new vehicle161 @ 11:05:22 (sumoTime: 39922 seconds) on link 1 with path_nodes [1, 2, 3, 4] which means path_links [1, 2, 3]
['newVeh159'] arrived @ sumotime 39946.0 seconds
['newVeh160'] arrived @ sumotime 39968.0 seconds
new vehicle162 @ 11:06:13 (sumoTime: 39973 seconds) on link 1 with path_nodes [1, 2, 3, 4] which means path_links [1, 2, 3]
['newVeh161'] arrived @ sumotime 39975.0 seconds
new vehicle163 @ 11:06:22 (sumoTime: 39982 seconds) on link 1 with path_nodes [1, 2, 3, 4] which means path_links [1, 2, 3]
['newVeh162'] arrived @ sumotime 40023.0 seconds
new vehicle164 @ 11:07:07 (sumoTime: 40027 seconds) on link 1 with path_nodes [1, 2, 3, 4] which means path_links [1, 2, 3]
['newVeh163'] arrived @ sumotime 40032.0 seconds
['newVeh164'] arrived @ sumotime 40077.0 seconds
new vehicle165 @ 11:09:30 (sumoTime: 40170 seconds) on link 1 with path_nodes [1, 2, 3, 4] which means path_links [1, 2, 3]
['newVeh165'] arrived @ sumotime 40220.0 seconds
new vehicle166 @ 11:13:25 (sumoTime: 40405 seconds) on link 1 with path_nodes [1, 2, 3, 4] which means path_links [1, 2, 3]
['newVeh166'] arrived @ sumotime 40454.0 seconds
new vehicle167 @ 11:16:39 (sumoTime: 40599 seconds) on link 1 with path_nodes [1, 2, 3, 4] which means path_links [1, 2, 3]
['newVeh167'] arrived @ sumotime 40654.0 seconds
new vehicle168 @ 11:22:01 (sumoTime: 40921 seconds) on link 1 with path_nodes [1, 2, 3, 4] which means path_links [1, 2, 3]
new vehicle169 @ 11:22:13 (sumoTime: 40933 seconds) on link 1 with path_nodes [1, 2, 3, 4] which means path_links [1, 2, 3]
['newVeh168'] arrived @ sumotime 40978.0 seconds
['newVeh169'] arrived @ sumotime 40988.0 seconds
new vehicle170 @ 11:23:48 (sumoTime: 41028 seconds) on link 1 with path_nodes [1, 2, 3, 4] which means path_links [1, 2, 3]
['newVeh170'] arrived @ sumotime 41086.0 seconds
new vehicle171 @ 11:25:13 (sumoTime: 41113 seconds) on link 1 with path_nodes [1, 2, 3, 4] which means path_links [1, 2, 3]
new vehicle172 @ 11:25:33 (sumoTime: 41133 seconds) on link 1 with path_nodes [1, 2, 3, 4] which means path_links [1, 2, 3]
['newVeh171'] arrived @ sumotime 41174.0 seconds
['newVeh172'] arrived @ sumotime 41181.0 seconds
new vehicle173 @ 11:27:36 (sumoTime: 41256 seconds) on link 1 with path_nodes [1, 2, 3, 4] which means path_links [1, 2, 3]
new vehicle174 @ 11:27:51 (sumoTime: 41271 seconds) on link 1 with path_nodes [1, 2, 3, 4] which means path_links [1, 2, 3]
['newVeh173'] arrived @ sumotime 41305.0 seconds
['newVeh174'] arrived @ sumotime 41322.0 seconds
new vehicle175 @ 11:32:56 (sumoTime: 41576 seconds) on link 1 with path_nodes [1, 2, 3, 4] which means path_links [1, 2, 3]
['newVeh175'] arrived @ sumotime 41626.0 seconds
new vehicle176 @ 11:34:27 (sumoTime: 41667 seconds) on link 1 with path_nodes [1, 2, 3, 4] which means path_links [1, 2, 3]
new vehicle177 @ 11:35:13 (sumoTime: 41713 seconds) on link 1 with path_nodes [1, 2, 3, 4] which means path_links [1, 2, 3]
new vehicle178 @ 11:35:17 (sumoTime: 41717 seconds) on link 1 with path_nodes [1, 2, 3, 4] which means path_links [1, 2, 3]
['newVeh176'] arrived @ sumotime 41719.0 seconds
new vehicle179 @ 11:36:01 (sumoTime: 41761 seconds) on link 1 with path_nodes [1, 2, 3, 4] which means path_links [1, 2, 3]
['newVeh177'] arrived @ sumotime 41766.0 seconds
['newVeh178'] arrived @ sumotime 41769.0 seconds
new vehicle180 @ 11:36:29 (sumoTime: 41789 seconds) on link 1 with path_nodes [1, 2, 3, 4] which means path_links [1, 2, 3]
['newVeh179'] arrived @ sumotime 41819.0 seconds
['newVeh180'] arrived @ sumotime 41841.0 seconds
new vehicle181 @ 11:40:47 (sumoTime: 42047 seconds) on link 1 with path_nodes [1, 2, 3, 4] which means path_links [1, 2, 3]
['newVeh181'] arrived @ sumotime 42096.0 seconds
new vehicle182 @ 11:42:33 (sumoTime: 42153 seconds) on link 1 with path_nodes [1, 2, 3, 4] which means path_links [1, 2, 3]
['newVeh182'] arrived @ sumotime 42206.0 seconds
new vehicle183 @ 11:45:25 (sumoTime: 42325 seconds) on link 1 with path_nodes [1, 2, 3, 4] which means path_links [1, 2, 3]
new vehicle184 @ 11:45:27 (sumoTime: 42327 seconds) on link 1 with path_nodes [1, 2, 3, 4] which means path_links [1, 2, 3]
['newVeh183'] arrived @ sumotime 42375.0 seconds
['newVeh184'] arrived @ sumotime 42388.0 seconds
new vehicle185 @ 11:46:38 (sumoTime: 42398 seconds) on link 1 with path_nodes [1, 2, 3, 4] which means path_links [1, 2, 3]
['newVeh185'] arrived @ sumotime 42448.0 seconds
new vehicle186 @ 11:48:00 (sumoTime: 42480 seconds) on link 1 with path_nodes [1, 2, 3, 4] which means path_links [1, 2, 3]
new vehicle187 @ 11:48:53 (sumoTime: 42533 seconds) on link 1 with path_nodes [1, 2, 3, 4] which means path_links [1, 2, 3]
['newVeh186'] arrived @ sumotime 42536.0 seconds
['newVeh186'] arrived @ sumotime 42537.0 seconds
['newVeh187'] arrived @ sumotime 42585.0 seconds
new vehicle188 @ 11:50:09 (sumoTime: 42609 seconds) on link 1 with path_nodes [1, 2, 3, 4] which means path_links [1, 2, 3]
['newVeh188'] arrived @ sumotime 42659.0 seconds
12:00:00
Umlegung ausgeführt
curVolumes: (120000, [(3, 34, 0)])
new vehicle189 @ 12:01:03 (sumoTime: 43263 seconds) on link 1 with path_nodes [1, 2, 3, 4] which means path_links [1, 2, 3]
new vehicle190 @ 12:01:29 (sumoTime: 43289 seconds) on link 1 with path_nodes [1, 2, 3, 4] which means path_links [1, 2, 3]
['newVeh189'] arrived @ sumotime 43295.0 seconds
['newVeh190'] arrived @ sumotime 43318.0 seconds
['newVeh190'] arrived @ sumotime 43319.0 seconds
new vehicle191 @ 12:02:44 (sumoTime: 43364 seconds) on link 1 with path_nodes [1, 2, 3, 4] which means path_links [1, 2, 3]
['newVeh191'] arrived @ sumotime 43390.0 seconds
new vehicle192 @ 12:04:56 (sumoTime: 43496 seconds) on link 1 with path_nodes [1, 2, 3, 4] which means path_links [1, 2, 3]
['newVeh192'] arrived @ sumotime 43522.0 seconds
['newVeh192'] arrived @ sumotime 43523.0 seconds
new vehicle193 @ 12:05:56 (sumoTime: 43556 seconds) on link 1 with path_nodes [1, 2, 3, 4] which means path_links [1, 2, 3]
['newVeh193'] arrived @ sumotime 43583.0 seconds
new vehicle194 @ 12:06:59 (sumoTime: 43619 seconds) on link 1 with path_nodes [1, 2, 3, 4] which means path_links [1, 2, 3]
['newVeh194'] arrived @ sumotime 43646.0 seconds
new vehicle195 @ 12:10:29 (sumoTime: 43829 seconds) on link 1 with path_nodes [1, 2, 3, 4] which means path_links [1, 2, 3]
['newVeh195'] arrived @ sumotime 43856.0 seconds
new vehicle196 @ 12:14:49 (sumoTime: 44089 seconds) on link 1 with path_nodes [1, 2, 3, 4] which means path_links [1, 2, 3]
['newVeh196'] arrived @ sumotime 44117.0 seconds
new vehicle197 @ 12:15:28 (sumoTime: 44128 seconds) on link 1 with path_nodes [1, 2, 3, 4] which means path_links [1, 2, 3]
['newVeh197'] arrived @ sumotime 44155.0 seconds
new vehicle198 @ 12:19:53 (sumoTime: 44393 seconds) on link 1 with path_nodes [1, 2, 3, 4] which means path_links [1, 2, 3]
['newVeh198'] arrived @ sumotime 44419.0 seconds
new vehicle199 @ 12:21:21 (sumoTime: 44481 seconds) on link 1 with path_nodes [1, 2, 3, 4] which means path_links [1, 2, 3]
['newVeh199'] arrived @ sumotime 44507.0 seconds
new vehicle200 @ 12:24:10 (sumoTime: 44650 seconds) on link 1 with path_nodes [1, 2, 3, 4] which means path_links [1, 2, 3]
new vehicle201 @ 12:24:19 (sumoTime: 44659 seconds) on link 1 with path_nodes [1, 2, 3, 4] which means path_links [1, 2, 3]
['newVeh200'] arrived @ sumotime 44677.0 seconds
['newVeh201'] arrived @ sumotime 44686.0 seconds
new vehicle202 @ 12:26:03 (sumoTime: 44763 seconds) on link 1 with path_nodes [1, 2, 3, 4] which means path_links [1, 2, 3]
['newVeh202'] arrived @ sumotime 44795.0 seconds
new vehicle203 @ 12:26:59 (sumoTime: 44819 seconds) on link 1 with path_nodes [1, 2, 3, 4] which means path_links [1, 2, 3]
['newVeh203'] arrived @ sumotime 44847.0 seconds
new vehicle204 @ 12:28:49 (sumoTime: 44929 seconds) on link 1 with path_nodes [1, 2, 3, 4] which means path_links [1, 2, 3]
['newVeh204'] arrived @ sumotime 44955.0 seconds
new vehicle205 @ 12:29:47 (sumoTime: 44987 seconds) on link 1 with path_nodes [1, 2, 3, 4] which means path_links [1, 2, 3]
new vehicle206 @ 12:30:05 (sumoTime: 45005 seconds) on link 1 with path_nodes [1, 2, 3, 4] which means path_links [1, 2, 3]
['newVeh205'] arrived @ sumotime 45013.0 seconds
new vehicle207 @ 12:30:24 (sumoTime: 45024 seconds) on link 1 with path_nodes [1, 2, 3, 4] which means path_links [1, 2, 3]
['newVeh206'] arrived @ sumotime 45032.0 seconds
['newVeh206'] arrived @ sumotime 45033.0 seconds
['newVeh207'] arrived @ sumotime 45052.0 seconds
new vehicle208 @ 12:33:33 (sumoTime: 45213 seconds) on link 1 with path_nodes [1, 2, 3, 4] which means path_links [1, 2, 3]
['newVeh208'] arrived @ sumotime 45240.0 seconds
['newVeh208'] arrived @ sumotime 45241.0 seconds
new vehicle209 @ 12:36:01 (sumoTime: 45361 seconds) on link 1 with path_nodes [1, 2, 3, 4] which means path_links [1, 2, 3]
['newVeh209'] arrived @ sumotime 45387.0 seconds
new vehicle210 @ 12:38:02 (sumoTime: 45482 seconds) on link 1 with path_nodes [1, 2, 3, 4] which means path_links [1, 2, 3]
['newVeh210'] arrived @ sumotime 45509.0 seconds
new vehicle211 @ 12:42:07 (sumoTime: 45727 seconds) on link 1 with path_nodes [1, 2, 3, 4] which means path_links [1, 2, 3]
['newVeh211'] arrived @ sumotime 45753.0 seconds
new vehicle212 @ 12:44:32 (sumoTime: 45872 seconds) on link 1 with path_nodes [1, 2, 3, 4] which means path_links [1, 2, 3]
['newVeh212'] arrived @ sumotime 45899.0 seconds
new vehicle213 @ 12:45:24 (sumoTime: 45924 seconds) on link 1 with path_nodes [1, 2, 3, 4] which means path_links [1, 2, 3]
new vehicle214 @ 12:45:55 (sumoTime: 45955 seconds) on link 1 with path_nodes [1, 2, 3, 4] which means path_links [1, 2, 3]
['newVeh213'] arrived @ sumotime 45956.0 seconds
['newVeh214'] arrived @ sumotime 45984.0 seconds
new vehicle215 @ 12:48:36 (sumoTime: 46116 seconds) on link 1 with path_nodes [1, 2, 3, 4] which means path_links [1, 2, 3]
new vehicle216 @ 12:48:42 (sumoTime: 46122 seconds) on link 1 with path_nodes [1, 2, 3, 4] which means path_links [1, 2, 3]
['newVeh215'] arrived @ sumotime 46142.0 seconds
['newVeh216'] arrived @ sumotime 46149.0 seconds
new vehicle217 @ 12:50:06 (sumoTime: 46206 seconds) on link 1 with path_nodes [1, 2, 3, 4] which means path_links [1, 2, 3]
['newVeh217'] arrived @ sumotime 46233.0 seconds
new vehicle218 @ 12:52:35 (sumoTime: 46355 seconds) on link 1 with path_nodes [1, 2, 3, 4] which means path_links [1, 2, 3]
['newVeh218'] arrived @ sumotime 46382.0 seconds
new vehicle219 @ 12:55:58 (sumoTime: 46558 seconds) on link 1 with path_nodes [1, 2, 3, 4] which means path_links [1, 2, 3]
new vehicle220 @ 12:56:00 (sumoTime: 46560 seconds) on link 1 with path_nodes [1, 2, 3, 4] which means path_links [1, 2, 3]
['newVeh219'] arrived @ sumotime 46586.0 seconds
['newVeh220'] arrived @ sumotime 46588.0 seconds
new vehicle221 @ 12:57:57 (sumoTime: 46677 seconds) on link 1 with path_nodes [1, 2, 3, 4] which means path_links [1, 2, 3]
['newVeh221'] arrived @ sumotime 46704.0 seconds
new vehicle222 @ 12:59:09 (sumoTime: 46749 seconds) on link 1 with path_nodes [1, 2, 3, 4] which means path_links [1, 2, 3]
['newVeh222'] arrived @ sumotime 46781.0 seconds
13:00:00
Umlegung ausgeführt
curVolumes: (130000, [(3, 38, 0)])
new vehicle223 @ 13:04:27 (sumoTime: 47067 seconds) on link 1 with path_nodes [1, 2, 3, 4] which means path_links [1, 2, 3]
['newVeh223'] arrived @ sumotime 47096.0 seconds
new vehicle224 @ 13:10:00 (sumoTime: 47400 seconds) on link 1 with path_nodes [1, 2, 3, 4] which means path_links [1, 2, 3]
['newVeh224'] arrived @ sumotime 47427.0 seconds
new vehicle225 @ 13:11:42 (sumoTime: 47502 seconds) on link 1 with path_nodes [1, 2, 3, 4] which means path_links [1, 2, 3]
['newVeh225'] arrived @ sumotime 47528.0 seconds
new vehicle226 @ 13:13:35 (sumoTime: 47615 seconds) on link 1 with path_nodes [1, 2, 3, 4] which means path_links [1, 2, 3]
['newVeh226'] arrived @ sumotime 47640.0 seconds
new vehicle227 @ 13:18:08 (sumoTime: 47888 seconds) on link 1 with path_nodes [1, 2, 3, 4] which means path_links [1, 2, 3]
['newVeh227'] arrived @ sumotime 47914.0 seconds
new vehicle228 @ 13:20:23 (sumoTime: 48023 seconds) on link 1 with path_nodes [1, 2, 3, 4] which means path_links [1, 2, 3]
['newVeh228'] arrived @ sumotime 48049.0 seconds
new vehicle229 @ 13:21:07 (sumoTime: 48067 seconds) on link 1 with path_nodes [1, 2, 3, 4] which means path_links [1, 2, 3]
['newVeh229'] arrived @ sumotime 48093.0 seconds
new vehicle230 @ 13:21:47 (sumoTime: 48107 seconds) on link 1 with path_nodes [1, 2, 3, 4] which means path_links [1, 2, 3]
['newVeh230'] arrived @ sumotime 48132.0 seconds
new vehicle231 @ 13:22:32 (sumoTime: 48152 seconds) on link 1 with path_nodes [1, 2, 3, 4] which means path_links [1, 2, 3]
['newVeh231'] arrived @ sumotime 48179.0 seconds
new vehicle232 @ 13:25:13 (sumoTime: 48313 seconds) on link 1 with path_nodes [1, 2, 3, 4] which means path_links [1, 2, 3]
['newVeh232'] arrived @ sumotime 48341.0 seconds
new vehicle233 @ 13:27:53 (sumoTime: 48473 seconds) on link 1 with path_nodes [1, 2, 3, 4] which means path_links [1, 2, 3]
['newVeh233'] arrived @ sumotime 48499.0 seconds
new vehicle234 @ 13:31:24 (sumoTime: 48684 seconds) on link 1 with path_nodes [1, 2, 3, 4] which means path_links [1, 2, 3]
new vehicle235 @ 13:31:27 (sumoTime: 48687 seconds) on link 1 with path_nodes [1, 2, 3, 4] which means path_links [1, 2, 3]
['newVeh234'] arrived @ sumotime 48715.0 seconds
['newVeh235'] arrived @ sumotime 48717.0 seconds
new vehicle236 @ 13:33:05 (sumoTime: 48785 seconds) on link 1 with path_nodes [1, 2, 3, 4] which means path_links [1, 2, 3]
new vehicle237 @ 13:33:32 (sumoTime: 48812 seconds) on link 1 with path_nodes [1, 2, 3, 4] which means path_links [1, 2, 3]
['newVeh236'] arrived @ sumotime 48812.0 seconds
['newVeh236'] arrived @ sumotime 48813.0 seconds
['newVeh237'] arrived @ sumotime 48838.0 seconds
new vehicle238 @ 13:34:19 (sumoTime: 48859 seconds) on link 1 with path_nodes [1, 2, 3, 4] which means path_links [1, 2, 3]
['newVeh238'] arrived @ sumotime 48885.0 seconds
new vehicle239 @ 13:37:34 (sumoTime: 49054 seconds) on link 1 with path_nodes [1, 2, 3, 4] which means path_links [1, 2, 3]
['newVeh239'] arrived @ sumotime 49081.0 seconds
new vehicle240 @ 13:40:30 (sumoTime: 49230 seconds) on link 1 with path_nodes [1, 2, 3, 4] which means path_links [1, 2, 3]
new vehicle241 @ 13:40:33 (sumoTime: 49233 seconds) on link 1 with path_nodes [1, 2, 3, 4] which means path_links [1, 2, 3]
['newVeh240'] arrived @ sumotime 49260.0 seconds
['newVeh241'] arrived @ sumotime 49263.0 seconds
new vehicle242 @ 13:47:47 (sumoTime: 49667 seconds) on link 1 with path_nodes [1, 2, 3, 4] which means path_links [1, 2, 3]
['newVeh242'] arrived @ sumotime 49694.0 seconds
new vehicle243 @ 13:50:35 (sumoTime: 49835 seconds) on link 1 with path_nodes [1, 2, 3, 4] which means path_links [1, 2, 3]
['newVeh243'] arrived @ sumotime 49862.0 seconds
new vehicle244 @ 13:54:51 (sumoTime: 50091 seconds) on link 1 with path_nodes [1, 2, 3, 4] which means path_links [1, 2, 3]
['newVeh244'] arrived @ sumotime 50119.0 seconds
new vehicle245 @ 13:58:41 (sumoTime: 50321 seconds) on link 1 with path_nodes [1, 2, 3, 4] which means path_links [1, 2, 3]
['newVeh245'] arrived @ sumotime 50350.0 seconds
new vehicle246 @ 13:59:32 (sumoTime: 50372 seconds) on link 1 with path_nodes [1, 2, 3, 4] which means path_links [1, 2, 3]
['newVeh246'] arrived @ sumotime 50399.0 seconds
14:00:00
Umlegung ausgeführt
curVolumes: (140000, [(3, 25, 0)])
new vehicle247 @ 14:01:28 (sumoTime: 50488 seconds) on link 1 with path_nodes [1, 2, 3, 4] which means path_links [1, 2, 3]
['newVeh247'] arrived @ sumotime 50514.0 seconds
new vehicle248 @ 14:03:16 (sumoTime: 50596 seconds) on link 1 with path_nodes [1, 2, 3, 4] which means path_links [1, 2, 3]
['newVeh248'] arrived @ sumotime 50621.0 seconds
new vehicle249 @ 14:04:03 (sumoTime: 50643 seconds) on link 1 with path_nodes [1, 2, 3, 4] which means path_links [1, 2, 3]
['newVeh249'] arrived @ sumotime 50671.0 seconds
new vehicle250 @ 14:05:44 (sumoTime: 50744 seconds) on link 1 with path_nodes [1, 2, 3, 4] which means path_links [1, 2, 3]
new vehicle251 @ 14:06:03 (sumoTime: 50763 seconds) on link 1 with path_nodes [1, 2, 3, 4] which means path_links [1, 2, 3]
['newVeh250'] arrived @ sumotime 50771.0 seconds
['newVeh251'] arrived @ sumotime 50793.0 seconds
new vehicle252 @ 14:11:27 (sumoTime: 51087 seconds) on link 1 with path_nodes [1, 2, 3, 4] which means path_links [1, 2, 3]
['newVeh252'] arrived @ sumotime 51114.0 seconds
new vehicle253 @ 14:12:45 (sumoTime: 51165 seconds) on link 1 with path_nodes [1, 2, 3, 4] which means path_links [1, 2, 3]
['newVeh253'] arrived @ sumotime 51191.0 seconds
new vehicle254 @ 14:14:38 (sumoTime: 51278 seconds) on link 1 with path_nodes [1, 2, 3, 4] which means path_links [1, 2, 3]
['newVeh254'] arrived @ sumotime 51305.0 seconds
new vehicle255 @ 14:18:24 (sumoTime: 51504 seconds) on link 1 with path_nodes [1, 2, 3, 4] which means path_links [1, 2, 3]
['newVeh255'] arrived @ sumotime 51530.0 seconds
new vehicle256 @ 14:21:18 (sumoTime: 51678 seconds) on link 1 with path_nodes [1, 2, 3, 4] which means path_links [1, 2, 3]
['newVeh256'] arrived @ sumotime 51705.0 seconds
new vehicle257 @ 14:22:16 (sumoTime: 51736 seconds) on link 1 with path_nodes [1, 2, 3, 4] which means path_links [1, 2, 3]
['newVeh257'] arrived @ sumotime 51763.0 seconds
new vehicle258 @ 14:25:25 (sumoTime: 51925 seconds) on link 1 with path_nodes [1, 2, 3, 4] which means path_links [1, 2, 3]
['newVeh258'] arrived @ sumotime 51953.0 seconds
new vehicle259 @ 14:29:36 (sumoTime: 52176 seconds) on link 1 with path_nodes [1, 2, 3, 4] which means path_links [1, 2, 3]
['newVeh259'] arrived @ sumotime 52204.0 seconds
new vehicle260 @ 14:30:42 (sumoTime: 52242 seconds) on link 1 with path_nodes [1, 2, 3, 4] which means path_links [1, 2, 3]
['newVeh260'] arrived @ sumotime 52272.0 seconds
new vehicle261 @ 14:31:38 (sumoTime: 52298 seconds) on link 1 with path_nodes [1, 2, 3, 4] which means path_links [1, 2, 3]
['newVeh261'] arrived @ sumotime 52327.0 seconds
new vehicle262 @ 14:34:28 (sumoTime: 52468 seconds) on link 1 with path_nodes [1, 2, 3, 4] which means path_links [1, 2, 3]
['newVeh262'] arrived @ sumotime 52495.0 seconds
new vehicle263 @ 14:37:44 (sumoTime: 52664 seconds) on link 1 with path_nodes [1, 2, 3, 4] which means path_links [1, 2, 3]
['newVeh263'] arrived @ sumotime 52691.0 seconds
new vehicle264 @ 14:42:12 (sumoTime: 52932 seconds) on link 1 with path_nodes [1, 2, 3, 4] which means path_links [1, 2, 3]
new vehicle265 @ 14:42:25 (sumoTime: 52945 seconds) on link 1 with path_nodes [1, 2, 3, 4] which means path_links [1, 2, 3]
['newVeh264'] arrived @ sumotime 52960.0 seconds
new vehicle266 @ 14:42:41 (sumoTime: 52961 seconds) on link 1 with path_nodes [1, 2, 3, 4] which means path_links [1, 2, 3]
new vehicle267 @ 14:42:41 (sumoTime: 52961 seconds) on link 1 with path_nodes [1, 2, 3, 4] which means path_links [1, 2, 3]
['newVeh265'] arrived @ sumotime 52972.0 seconds
['newVeh266'] arrived @ sumotime 52985.0 seconds
['newVeh267'] arrived @ sumotime 52990.0 seconds
new vehicle268 @ 14:44:58 (sumoTime: 53098 seconds) on link 1 with path_nodes [1, 2, 3, 4] which means path_links [1, 2, 3]
['newVeh268'] arrived @ sumotime 53124.0 seconds
new vehicle269 @ 14:45:53 (sumoTime: 53153 seconds) on link 1 with path_nodes [1, 2, 3, 4] which means path_links [1, 2, 3]
['newVeh269'] arrived @ sumotime 53183.0 seconds
new vehicle270 @ 14:48:24 (sumoTime: 53304 seconds) on link 1 with path_nodes [1, 2, 3, 4] which means path_links [1, 2, 3]
new vehicle271 @ 14:48:41 (sumoTime: 53321 seconds) on link 1 with path_nodes [1, 2, 3, 4] which means path_links [1, 2, 3]
['newVeh270'] arrived @ sumotime 53332.0 seconds
['newVeh271'] arrived @ sumotime 53348.0 seconds
new vehicle272 @ 14:49:38 (sumoTime: 53378 seconds) on link 1 with path_nodes [1, 2, 3, 4] which means path_links [1, 2, 3]
['newVeh272'] arrived @ sumotime 53404.0 seconds
new vehicle273 @ 14:50:22 (sumoTime: 53422 seconds) on link 1 with path_nodes [1, 2, 3, 4] which means path_links [1, 2, 3]
new vehicle274 @ 14:50:38 (sumoTime: 53438 seconds) on link 1 with path_nodes [1, 2, 3, 4] which means path_links [1, 2, 3]
new vehicle275 @ 14:50:43 (sumoTime: 53443 seconds) on link 1 with path_nodes [1, 2, 3, 4] which means path_links [1, 2, 3]
['newVeh273'] arrived @ sumotime 53454.0 seconds
['newVeh274'] arrived @ sumotime 53465.0 seconds
['newVeh275'] arrived @ sumotime 53470.0 seconds
new vehicle276 @ 14:53:23 (sumoTime: 53603 seconds) on link 1 with path_nodes [1, 2, 3, 4] which means path_links [1, 2, 3]
['newVeh276'] arrived @ sumotime 53631.0 seconds
new vehicle277 @ 14:55:01 (sumoTime: 53701 seconds) on link 1 with path_nodes [1, 2, 3, 4] which means path_links [1, 2, 3]
new vehicle278 @ 14:55:24 (sumoTime: 53724 seconds) on link 1 with path_nodes [1, 2, 3, 4] which means path_links [1, 2, 3]
['newVeh277'] arrived @ sumotime 53727.0 seconds
['newVeh278'] arrived @ sumotime 53751.0 seconds
new vehicle279 @ 14:55:52 (sumoTime: 53752 seconds) on link 1 with path_nodes [1, 2, 3, 4] which means path_links [1, 2, 3]
['newVeh279'] arrived @ sumotime 53779.0 seconds
new vehicle280 @ 14:57:26 (sumoTime: 53846 seconds) on link 1 with path_nodes [1, 2, 3, 4] which means path_links [1, 2, 3]
new vehicle281 @ 14:57:46 (sumoTime: 53866 seconds) on link 1 with path_nodes [1, 2, 3, 4] which means path_links [1, 2, 3]
['newVeh280'] arrived @ sumotime 53874.0 seconds
['newVeh280'] arrived @ sumotime 53875.0 seconds
['newVeh281'] arrived @ sumotime 53895.0 seconds
Gesamte Auslastung: 296
Summe erzeugter Fahrzeuge: 282
-> Fahrzeuge verloren: 14
Tupel bestehend aus: VolVisum, geplantesVolSumo, avgArrTimeVisum, avgArrTimeSumo
Link: 1 -> [(2, 3, 1800, 302), (5, 3, 720, 388), (7, 5, 514, 971), (10, 14, 360, 278), (12, 8, 300, 530), (15, 16, 240, 237), (17, 21, 211, 181), (20, 22, 180, 179), (22, 26, 163, 153), (25, 19, 144, 192), (27, 32, 133, 117), (30, 32, 120, 121), (32, 35, 112, 104), (35, 25, 102, 156), (37, 36, 97, 101)]
Link: 3 -> []
Link: 5 -> []
VolumenInSumo: [(5127, ['1', '2', '3']), (5933, ['1', '2', '3']), (14738, ['1', '2', '3']), (15853, ['1', '2', '3']), (20440, ['1', '2', '3']), (23121, ['1', '2', '3']), (24007, ['1', '2', '3']), (25013, ['1', '2', '3']), (30534, ['1', '2', '3']), (30605, ['1', '2', '3']), (32451, ['1', '2', '3']), (32520, ['1', '2', '3']), (33328, ['1', '2', '3']), (33442, ['1', '2', '3']), (33607, ['1', '2', '3']), (33754, ['1', '2', '3']), (33906, ['1', '2', '3']), (33929, ['1', '2', '3']), (34130, ['1', '2', '3']), (35343, ['1', '2', '3']), (35755, ['1', '2', '3']), (40206, ['1', '2', '3']), (41108, ['1', '2', '3']), (41916, ['1', '2', '3']), (42144, ['1', '2', '3']), (42228, ['1', '2', '3']), (44724, ['1', '2', '3']), (45405, ['1', '2', '3']), (50157, ['1', '2', '3']), (50303, ['1', '2', '3']), (50619, ['1', '2', '3']), (51222, ['1', '2', '3']), (51232, ['1', '2', '3']), (51416, ['1', '2', '3']), (52307, ['1', '2', '3']), (52739, ['1', '2', '3']), (52929, ['1', '2', '3']), (53512, ['1', '2', '3']), (53836, ['1', '2', '3']), (54705, ['1', '2', '3']), (54830, ['1', '2', '3']), (55348, ['1', '2', '3']), (55817, ['1', '2', '3']), (60229, ['1', '2', '3']), (60524, ['1', '2', '3']), (61308, ['1', '2', '3']), (61320, ['1', '2', '3']), (61556, ['1', '2', '3']), (61652, ['1', '2', '3']), (62025, ['1', '2', '3']), (62039, ['1', '2', '3']), (62053, ['1', '2', '3']), (62137, ['1', '2', '3']), (62212, ['1', '2', '3']), (62308, ['1', '2', '3']), (62352, ['1', '2', '3']), (62505, ['1', '2', '3']), (63644, ['1', '2', '3']), (64200, ['1', '2', '3']), (64536, ['1', '2', '3']), (64943, ['1', '2', '3']), (65106, ['1', '2', '3']), (65434, ['1', '2', '3']), (70004, ['1', '2', '3']), (70145, ['1', '2', '3']), (70153, ['1', '2', '3']), (70501, ['1', '2', '3']), (70630, ['1', '2', '3']), (70818, ['1', '2', '3']), (71001, ['1', '2', '3']), (71458, ['1', '2', '3']), (71758, ['1', '2', '3']), (72538, ['1', '2', '3']), (73223, ['1', '2', '3']), (73832, ['1', '2', '3']), (73925, ['1', '2', '3']), (74158, ['1', '2', '3']), (74355, ['1', '2', '3']), (74721, ['1', '2', '3']), (74903, ['1', '2', '3']), (74948, ['1', '2', '3']), (75314, ['1', '2', '3']), (75410, ['1', '2', '3']), (75728, ['1', '2', '3']), (80221, ['1', '6', '7', '-8', '3']), (80539, ['1', '6', '7', '-8', '3']), (80741, ['1', '6', '7', '-8', '3']), (80804, ['1', '6', '7', '-8', '3']), (80847, ['1', '6', '7', '-8', '3']), (81044, ['1', '6', '7', '-8', '3']), (81122, ['1', '6', '7', '-8', '3']), (81125, ['1', '6', '7', '-8', '3']), (81129, ['1', '6', '7', '-8', '3']), (81321, ['1', '6', '7', '-8', '3']), (81954, ['1', '6', '7', '-8', '3']), (82554, ['1', '6', '7', '-8', '3']), (82606, ['1', '6', '7', '-8', '3']), (82725, ['1', '6', '7', '-8', '3']), (82858, ['1', '6', '7', '-8', '3']), (83055, ['1', '6', '7', '-8', '3']), (83203, ['1', '6', '7', '-8', '3']), (83246, ['1', '6', '7', '-8', '3']), (83541, ['1', '6', '7', '-8', '3']), (83614, ['1', '6', '7', '-8', '3']), (83816, ['1', '6', '7', '-8', '3']), (84149, ['1', '6', '7', '-8', '3']), (85222, ['1', '6', '7', '-8', '3']), (85247, ['1', '6', '7', '-8', '3']), (85436, ['1', '6', '7', '-8', '3']), (90219, ['1', '6', '7', '-8', '3']), (90336, ['1', '6', '7', '-8', '3']), (90513, ['1', '6', '7', '-8', '3']), (90558, ['1', '6', '7', '-8', '3']), (90648, ['1', '6', '7', '-8', '3']), (90652, ['1', '6', '7', '-8', '3']), (90721, ['1', '6', '7', '-8', '3']), (91618, ['1', '6', '7', '-8', '3']), (92647, ['1', '6', '7', '-8', '3']), (93318, ['1', '6', '7', '-8', '3']), (94120, ['1', '6', '7', '-8', '3']), (94132, ['1', '6', '7', '-8', '3']), (94345, ['1', '6', '7', '-8', '3']), (94347, ['1', '6', '7', '-8', '3']), (94710, ['1', '6', '7', '-8', '3']), (94924, ['1', '6', '7', '-8', '3']), (95333, ['1', '6', '7', '-8', '3']), (95918, ['1', '6', '7', '-8', '3']), (100029, ['1', '6', '7', '-8', '3']), (100141, ['1', '6', '7', '-8', '3']), (100300, ['1', '6', '7', '-8', '3']), (100345, ['1', '6', '7', '-8', '3']), (100927, ['1', '6', '7', '-8', '3']), (100938, ['1', '6', '7', '-8', '3']), (101002, ['1', '6', '7', '-8', '3']), (101011, ['1', '6', '7', '-8', '3']), (101031, ['1', '6', '7', '-8', '3']), (101123, ['1', '6', '7', '-8', '3']), (101255, ['1', '6', '7', '-8', '3']), (101624, ['1', '6', '7', '-8', '3']), (101626, ['1', '6', '7', '-8', '3']), (101822, ['1', '6', '7', '-8', '3']), (101854, ['1', '6', '7', '-8', '3']), (101934, ['1', '6', '7', '-8', '3']), (102437, ['1', '6', '7', '-8', '3']), (102538, ['1', '6', '7', '-8', '3']), (102547, ['1', '6', '7', '-8', '3']), (102946, ['1', '6', '7', '-8', '3']), (103025, ['1', '6', '7', '-8', '3']), (103256, ['1', '6', '7', '-8', '3']), (104223, ['1', '6', '7', '-8', '3']), (104405, ['1', '6', '7', '-8', '3']), (104742, ['1', '6', '7', '-8', '3']), (105133, ['1', '6', '7', '-8', '3']), (105225, ['1', '6', '7', '-8', '3']), (105312, ['1', '6', '7', '-8', '3']), (105646, ['1', '6', '7', '-8', '3']), (105921, ['1', '6', '7', '-8', '3']), (105950, ['1', '6', '7', '-8', '3']), (110022, ['1', '6', '7', '-8', '3']), (110454, ['1', '6', '7', '-8', '3']), (110510, ['1', '6', '7', '-8', '3']), (110522, ['1', '6', '7', '-8', '3']), (110613, ['1', '6', '7', '-8', '3']), (110622, ['1', '6', '7', '-8', '3']), (110707, ['1', '6', '7', '-8', '3']), (110930, ['1', '6', '7', '-8', '3']), (111325, ['1', '6', '7', '-8', '3']), (111639, ['1', '6', '7', '-8', '3']), (112201, ['1', '6', '7', '-8', '3']), (112213, ['1', '6', '7', '-8', '3']), (112348, ['1', '6', '7', '-8', '3']), (112513, ['1', '6', '7', '-8', '3']), (112533, ['1', '6', '7', '-8', '3']), (112736, ['1', '6', '7', '-8', '3']), (112751, ['1', '6', '7', '-8', '3']), (113256, ['1', '6', '7', '-8', '3']), (113427, ['1', '6', '7', '-8', '3']), (113513, ['1', '6', '7', '-8', '3']), (113517, ['1', '6', '7', '-8', '3']), (113601, ['1', '6', '7', '-8', '3']), (113629, ['1', '6', '7', '-8', '3']), (114047, ['1', '6', '7', '-8', '3']), (114233, ['1', '6', '7', '-8', '3']), (114525, ['1', '6', '7', '-8', '3']), (114527, ['1', '6', '7', '-8', '3']), (114638, ['1', '6', '7', '-8', '3']), (114800, ['1', '6', '7', '-8', '3']), (114853, ['1', '6', '7', '-8', '3']), (115009, ['1', '6', '7', '-8', '3']), (120103, ['1', '2', '3']), (120129, ['1', '2', '3']), (120244, ['1', '2', '3']), (120456, ['1', '2', '3']), (120556, ['1', '2', '3']), (120659, ['1', '2', '3']), (121029, ['1', '2', '3']), (121449, ['1', '2', '3']), (121528, ['1', '2', '3']), (121953, ['1', '2', '3']), (122121, ['1', '2', '3']), (122410, ['1', '2', '3']), (122419, ['1', '2', '3']), (122603, ['1', '2', '3']), (122659, ['1', '2', '3']), (122849, ['1', '2', '3']), (122947, ['1', '2', '3']), (123005, ['1', '2', '3']), (123024, ['1', '2', '3']), (123333, ['1', '2', '3']), (123601, ['1', '2', '3']), (123802, ['1', '2', '3']), (124207, ['1', '2', '3']), (124432, ['1', '2', '3']), (124524, ['1', '2', '3']), (124555, ['1', '2', '3']), (124836, ['1', '2', '3']), (124842, ['1', '2', '3']), (125006, ['1', '2', '3']), (125235, ['1', '2', '3']), (125558, ['1', '2', '3']), (125600, ['1', '2', '3']), (125757, ['1', '2', '3']), (125909, ['1', '2', '3']), (130427, ['1', '2', '3']), (131000, ['1', '2', '3']), (131142, ['1', '2', '3']), (131335, ['1', '2', '3']), (131808, ['1', '2', '3']), (132023, ['1', '2', '3']), (132107, ['1', '2', '3']), (132147, ['1', '2', '3']), (132232, ['1', '2', '3']), (132513, ['1', '2', '3']), (132753, ['1', '2', '3']), (133124, ['1', '2', '3']), (133127, ['1', '2', '3']), (133305, ['1', '2', '3']), (133332, ['1', '2', '3']), (133419, ['1', '2', '3']), (133734, ['1', '2', '3']), (134030, ['1', '2', '3']), (134033, ['1', '2', '3']), (134747, ['1', '2', '3']), (135035, ['1', '2', '3']), (135451, ['1', '2', '3']), (135841, ['1', '2', '3']), (135932, ['1', '2', '3']), (140128, ['1', '2', '3']), (140316, ['1', '2', '3']), (140403, ['1', '2', '3']), (140544, ['1', '2', '3']), (140603, ['1', '2', '3']), (141127, ['1', '2', '3']), (141245, ['1', '2', '3']), (141438, ['1', '2', '3']), (141824, ['1', '2', '3']), (142118, ['1', '2', '3']), (142216, ['1', '2', '3']), (142525, ['1', '2', '3']), (142936, ['1', '2', '3']), (143042, ['1', '2', '3']), (143138, ['1', '2', '3']), (143428, ['1', '2', '3']), (143744, ['1', '2', '3']), (144212, ['1', '2', '3']), (144225, ['1', '2', '3']), (144241, ['1', '2', '3']), (144241, ['1', '2', '3']), (144458, ['1', '2', '3']), (144553, ['1', '2', '3']), (144824, ['1', '2', '3']), (144841, ['1', '2', '3']), (144938, ['1', '2', '3']), (145022, ['1', '2', '3']), (145038, ['1', '2', '3']), (145043, ['1', '2', '3']), (145323, ['1', '2', '3']), (145501, ['1', '2', '3']), (145524, ['1', '2', '3']), (145552, ['1', '2', '3']), (145726, ['1', '2', '3']), (145746, ['1', '2', '3'])]
2 -> 3 : [(0, 2), (10000, 5), (20000, 7), (30000, 10), (40000, 12), (50000, 15), (60000, 17), (70000, 20), (80000, 22), (90000, 25), (100000, 27), (110000, 30), (120000, 32), (130000, 35), (140000, 37)]
2 -> 5 : [(0, 0), (10000, 0), (20000, 0), (30000, 0), (40000, 0), (50000, 0), (60000, 0), (70000, 0), (80000, 0), (90000, 0), (100000, 0), (110000, 0), (120000, 0), (130000, 0), (140000, 0)]
2 -> 6 : [(0, 0), (10000, 0), (20000, 0), (30000, 0), (40000, 0), (50000, 0), (60000, 0), (70000, 0), (80000, 0), (90000, 0), (100000, 0), (110000, 0), (120000, 0), (130000, 0), (140000, 0)]
3 -> 2 : [(0, 0), (10000, 0), (20000, 0), (30000, 0), (40000, 0), (50000, 0), (60000, 0), (70000, 0), (80000, 0), (90000, 0), (100000, 0), (110000, 0), (120000, 0), (130000, 0), (140000, 0)]
3 -> 4 : [(0, 2), (10000, 5), (20000, 7), (30000, 10), (40000, 12), (50000, 15), (60000, 17), (70000, 20), (80000, 22), (90000, 25), (100000, 27), (110000, 30), (120000, 32), (130000, 35), (140000, 37)]
3 -> 7 : [(0, 0), (10000, 0), (20000, 0), (30000, 0), (40000, 0), (50000, 0), (60000, 0), (70000, 0), (80000, 0), (90000, 0), (100000, 0), (110000, 0), (120000, 0), (130000, 0), (140000, 0)]
4 -> 3 : [(0, 0), (10000, 0), (20000, 0), (30000, 0), (40000, 0), (50000, 0), (60000, 0), (70000, 0), (80000, 0), (90000, 0), (100000, 0), (110000, 0), (120000, 0), (130000, 0), (140000, 0)]
4 -> 5 : [(0, 0), (10000, 0), (20000, 0), (30000, 0), (40000, 0), (50000, 0), (60000, 0), (70000, 0), (80000, 0), (90000, 0), (100000, 0), (110000, 0), (120000, 0), (130000, 0), (140000, 0)]
5 -> 2 : [(0, 0), (10000, 0), (20000, 0), (30000, 0), (40000, 0), (50000, 0), (60000, 0), (70000, 0), (80000, 0), (90000, 0), (100000, 0), (110000, 0), (120000, 0), (130000, 0), (140000, 0)]
5 -> 4 : [(0, 0), (10000, 0), (20000, 0), (30000, 0), (40000, 0), (50000, 0), (60000, 0), (70000, 0), (80000, 0), (90000, 0), (100000, 0), (110000, 0), (120000, 0), (130000, 0), (140000, 0)]
6 -> 2 : [(0, 0), (10000, 0), (20000, 0), (30000, 0), (40000, 0), (50000, 0), (60000, 0), (70000, 0), (80000, 0), (90000, 0), (100000, 0), (110000, 0), (120000, 0), (130000, 0), (140000, 0)]
6 -> 7 : [(0, 0), (10000, 0), (20000, 0), (30000, 0), (40000, 0), (50000, 0), (60000, 0), (70000, 0), (80000, 0), (90000, 0), (100000, 0), (110000, 0), (120000, 0), (130000, 0), (140000, 0)]
7 -> 3 : [(0, 0), (10000, 0), (20000, 0), (30000, 0), (40000, 0), (50000, 0), (60000, 0), (70000, 0), (80000, 0), (90000, 0), (100000, 0), (110000, 0), (120000, 0), (130000, 0), (140000, 0)]
7 -> 6 : [(0, 0), (10000, 0), (20000, 0), (30000, 0), (40000, 0), (50000, 0), (60000, 0), (70000, 0), (80000, 0), (90000, 0), (100000, 0), (110000, 0), (120000, 0), (130000, 0), (140000, 0)]
