00:00:00
new vehicle0 @ 00:18:45 (sumoTime: 1125 seconds) on link 1 with path_nodes [1, 2, 3, 4] which means path_links [1, 2, 3]
['newVeh0'] arrived @ sumotime 1153.0 seconds
01:00:00
Umlegung ausgeführt
curVolumes: (10000, [(3, 1, 0)])
new vehicle1 @ 01:02:45 (sumoTime: 3765 seconds) on link 1 with path_nodes [1, 2, 3, 4] which means path_links [1, 2, 3]
['newVeh1'] arrived @ sumotime 3791.0 seconds
new vehicle2 @ 01:16:07 (sumoTime: 4567 seconds) on link 1 with path_nodes [1, 2, 3, 4] which means path_links [1, 2, 3]
['newVeh2'] arrived @ sumotime 4593.0 seconds
new vehicle3 @ 01:24:08 (sumoTime: 5048 seconds) on link 1 with path_nodes [1, 2, 3, 4] which means path_links [1, 2, 3]
['newVeh3'] arrived @ sumotime 5077.0 seconds
02:00:00
Umlegung ausgeführt
curVolumes: (20000, [(3, 3, 0)])
new vehicle4 @ 02:00:06 (sumoTime: 7206 seconds) on link 1 with path_nodes [1, 2, 3, 4] which means path_links [1, 2, 3]
['newVeh4'] arrived @ sumotime 7234.0 seconds
new vehicle5 @ 02:04:04 (sumoTime: 7444 seconds) on link 1 with path_nodes [1, 2, 3, 4] which means path_links [1, 2, 3]
['newVeh5'] arrived @ sumotime 7470.0 seconds
new vehicle6 @ 02:18:14 (sumoTime: 8294 seconds) on link 1 with path_nodes [1, 2, 3, 4] which means path_links [1, 2, 3]
['newVeh6'] arrived @ sumotime 8320.0 seconds
['newVeh6'] arrived @ sumotime 8321.0 seconds
new vehicle7 @ 02:19:04 (sumoTime: 8344 seconds) on link 1 with path_nodes [1, 2, 3, 4] which means path_links [1, 2, 3]
['newVeh7'] arrived @ sumotime 8369.0 seconds
new vehicle8 @ 02:22:30 (sumoTime: 8550 seconds) on link 1 with path_nodes [1, 2, 3, 4] which means path_links [1, 2, 3]
['newVeh8'] arrived @ sumotime 8580.0 seconds
new vehicle9 @ 02:46:38 (sumoTime: 9998 seconds) on link 1 with path_nodes [1, 2, 3, 4] which means path_links [1, 2, 3]
['newVeh9'] arrived @ sumotime 10028.0 seconds
new vehicle10 @ 02:47:40 (sumoTime: 10060 seconds) on link 1 with path_nodes [1, 2, 3, 4] which means path_links [1, 2, 3]
['newVeh10'] arrived @ sumotime 10087.0 seconds
new vehicle11 @ 02:52:16 (sumoTime: 10336 seconds) on link 1 with path_nodes [1, 2, 3, 4] which means path_links [1, 2, 3]
['newVeh11'] arrived @ sumotime 10364.0 seconds
new vehicle12 @ 02:52:57 (sumoTime: 10377 seconds) on link 1 with path_nodes [1, 2, 3, 4] which means path_links [1, 2, 3]
['newVeh12'] arrived @ sumotime 10408.0 seconds
03:00:00
Umlegung ausgeführt
curVolumes: (30000, [(3, 10, 0)])
new vehicle13 @ 03:05:18 (sumoTime: 11118 seconds) on link 1 with path_nodes [1, 2, 3, 4] which means path_links [1, 2, 3]
['newVeh13'] arrived @ sumotime 11145.0 seconds
new vehicle14 @ 03:17:02 (sumoTime: 11822 seconds) on link 1 with path_nodes [1, 2, 3, 4] which means path_links [1, 2, 3]
['newVeh14'] arrived @ sumotime 11850.0 seconds
new vehicle15 @ 03:21:06 (sumoTime: 12066 seconds) on link 1 with path_nodes [1, 2, 3, 4] which means path_links [1, 2, 3]
['newVeh15'] arrived @ sumotime 12093.0 seconds
new vehicle16 @ 03:21:34 (sumoTime: 12094 seconds) on link 1 with path_nodes [1, 2, 3, 4] which means path_links [1, 2, 3]
new vehicle17 @ 03:21:59 (sumoTime: 12119 seconds) on link 1 with path_nodes [1, 2, 3, 4] which means path_links [1, 2, 3]
['newVeh16'] arrived @ sumotime 12120.0 seconds
['newVeh17'] arrived @ sumotime 12149.0 seconds
new vehicle18 @ 03:23:36 (sumoTime: 12216 seconds) on link 1 with path_nodes [1, 2, 3, 4] which means path_links [1, 2, 3]
['newVeh18'] arrived @ sumotime 12243.0 seconds
new vehicle19 @ 03:26:02 (sumoTime: 12362 seconds) on link 1 with path_nodes [1, 2, 3, 4] which means path_links [1, 2, 3]
['newVeh19'] arrived @ sumotime 12387.0 seconds
new vehicle20 @ 03:49:59 (sumoTime: 13799 seconds) on link 1 with path_nodes [1, 2, 3, 4] which means path_links [1, 2, 3]
['newVeh20'] arrived @ sumotime 13825.0 seconds
new vehicle21 @ 03:52:45 (sumoTime: 13965 seconds) on link 1 with path_nodes [1, 2, 3, 4] which means path_links [1, 2, 3]
['newVeh21'] arrived @ sumotime 13995.0 seconds
new vehicle22 @ 03:55:05 (sumoTime: 14105 seconds) on link 1 with path_nodes [1, 2, 3, 4] which means path_links [1, 2, 3]
['newVeh22'] arrived @ sumotime 14131.0 seconds
04:00:00
Umlegung ausgeführt
curVolumes: (40000, [(3, 10, 0)])
new vehicle23 @ 04:05:21 (sumoTime: 14721 seconds) on link 1 with path_nodes [1, 2, 3, 4] which means path_links [1, 2, 3]
['newVeh23'] arrived @ sumotime 14747.0 seconds
new vehicle24 @ 04:16:05 (sumoTime: 15365 seconds) on link 1 with path_nodes [1, 2, 3, 4] which means path_links [1, 2, 3]
['newVeh24'] arrived @ sumotime 15394.0 seconds
new vehicle25 @ 04:19:08 (sumoTime: 15548 seconds) on link 1 with path_nodes [1, 2, 3, 4] which means path_links [1, 2, 3]
['newVeh25'] arrived @ sumotime 15574.0 seconds
new vehicle26 @ 04:37:36 (sumoTime: 16656 seconds) on link 1 with path_nodes [1, 2, 3, 4] which means path_links [1, 2, 3]
['newVeh26'] arrived @ sumotime 16685.0 seconds
new vehicle27 @ 04:39:06 (sumoTime: 16746 seconds) on link 1 with path_nodes [1, 2, 3, 4] which means path_links [1, 2, 3]
['newVeh27'] arrived @ sumotime 16774.0 seconds
new vehicle28 @ 04:40:37 (sumoTime: 16837 seconds) on link 1 with path_nodes [1, 2, 3, 4] which means path_links [1, 2, 3]
['newVeh28'] arrived @ sumotime 16864.0 seconds
new vehicle29 @ 04:47:37 (sumoTime: 17257 seconds) on link 1 with path_nodes [1, 2, 3, 4] which means path_links [1, 2, 3]
['newVeh29'] arrived @ sumotime 17283.0 seconds
new vehicle30 @ 04:49:28 (sumoTime: 17368 seconds) on link 1 with path_nodes [1, 2, 3, 4] which means path_links [1, 2, 3]
['newVeh30'] arrived @ sumotime 17396.0 seconds
new vehicle31 @ 04:51:44 (sumoTime: 17504 seconds) on link 1 with path_nodes [1, 2, 3, 4] which means path_links [1, 2, 3]
['newVeh31'] arrived @ sumotime 17530.0 seconds
new vehicle32 @ 04:55:40 (sumoTime: 17740 seconds) on link 1 with path_nodes [1, 2, 3, 4] which means path_links [1, 2, 3]
new vehicle33 @ 04:55:56 (sumoTime: 17756 seconds) on link 1 with path_nodes [1, 2, 3, 4] which means path_links [1, 2, 3]
['newVeh32'] arrived @ sumotime 17770.0 seconds
['newVeh33'] arrived @ sumotime 17784.0 seconds
05:00:00
Umlegung ausgeführt
curVolumes: (50000, [(3, 11, 0)])
new vehicle34 @ 05:13:36 (sumoTime: 18816 seconds) on link 1 with path_nodes [1, 2, 3, 4] which means path_links [1, 2, 3]
['newVeh34'] arrived @ sumotime 18841.0 seconds
new vehicle35 @ 05:16:49 (sumoTime: 19009 seconds) on link 1 with path_nodes [1, 2, 3, 4] which means path_links [1, 2, 3]
['newVeh35'] arrived @ sumotime 19035.0 seconds
new vehicle36 @ 05:19:25 (sumoTime: 19165 seconds) on link 1 with path_nodes [1, 2, 3, 4] which means path_links [1, 2, 3]
['newVeh36'] arrived @ sumotime 19191.0 seconds
new vehicle37 @ 05:22:00 (sumoTime: 19320 seconds) on link 1 with path_nodes [1, 2, 3, 4] which means path_links [1, 2, 3]
['newVeh37'] arrived @ sumotime 19346.0 seconds
new vehicle38 @ 05:30:36 (sumoTime: 19836 seconds) on link 1 with path_nodes [1, 2, 3, 4] which means path_links [1, 2, 3]
['newVeh38'] arrived @ sumotime 19863.0 seconds
new vehicle39 @ 05:33:38 (sumoTime: 20018 seconds) on link 1 with path_nodes [1, 2, 3, 4] which means path_links [1, 2, 3]
['newVeh39'] arrived @ sumotime 20046.0 seconds
new vehicle40 @ 05:36:11 (sumoTime: 20171 seconds) on link 1 with path_nodes [1, 2, 3, 4] which means path_links [1, 2, 3]
['newVeh40'] arrived @ sumotime 20200.0 seconds
new vehicle41 @ 05:48:45 (sumoTime: 20925 seconds) on link 1 with path_nodes [1, 2, 3, 4] which means path_links [1, 2, 3]
['newVeh41'] arrived @ sumotime 20953.0 seconds
new vehicle42 @ 05:56:06 (sumoTime: 21366 seconds) on link 1 with path_nodes [1, 2, 3, 4] which means path_links [1, 2, 3]
['newVeh42'] arrived @ sumotime 21394.0 seconds
new vehicle43 @ 05:57:52 (sumoTime: 21472 seconds) on link 1 with path_nodes [1, 2, 3, 4] which means path_links [1, 2, 3]
['newVeh43'] arrived @ sumotime 21503.0 seconds
06:00:00
Umlegung ausgeführt
curVolumes: (60000, [(3, 10, 0)])
new vehicle44 @ 06:08:18 (sumoTime: 22098 seconds) on link 1 with path_nodes [1, 2, 3, 4] which means path_links [1, 2, 3]
new vehicle45 @ 06:08:23 (sumoTime: 22103 seconds) on link 1 with path_nodes [1, 2, 3, 4] which means path_links [1, 2, 3]
['newVeh44'] arrived @ sumotime 22124.0 seconds
['newVeh45'] arrived @ sumotime 22130.0 seconds
new vehicle46 @ 06:11:53 (sumoTime: 22313 seconds) on link 1 with path_nodes [1, 2, 3, 4] which means path_links [1, 2, 3]
['newVeh46'] arrived @ sumotime 22342.0 seconds
new vehicle47 @ 06:16:56 (sumoTime: 22616 seconds) on link 1 with path_nodes [1, 2, 3, 4] which means path_links [1, 2, 3]
['newVeh47'] arrived @ sumotime 22643.0 seconds
new vehicle48 @ 06:18:47 (sumoTime: 22727 seconds) on link 1 with path_nodes [1, 2, 3, 4] which means path_links [1, 2, 3]
['newVeh48'] arrived @ sumotime 22756.0 seconds
new vehicle49 @ 06:23:26 (sumoTime: 23006 seconds) on link 1 with path_nodes [1, 2, 3, 4] which means path_links [1, 2, 3]
new vehicle50 @ 06:23:42 (sumoTime: 23022 seconds) on link 1 with path_nodes [1, 2, 3, 4] which means path_links [1, 2, 3]
['newVeh49'] arrived @ sumotime 23034.0 seconds
['newVeh49'] arrived @ sumotime 23035.0 seconds
['newVeh50'] arrived @ sumotime 23048.0 seconds
['newVeh50'] arrived @ sumotime 23049.0 seconds
new vehicle51 @ 06:29:04 (sumoTime: 23344 seconds) on link 1 with path_nodes [1, 2, 3, 4] which means path_links [1, 2, 3]
['newVeh51'] arrived @ sumotime 23369.0 seconds
new vehicle52 @ 06:29:36 (sumoTime: 23376 seconds) on link 1 with path_nodes [1, 2, 3, 4] which means path_links [1, 2, 3]
['newVeh52'] arrived @ sumotime 23404.0 seconds
new vehicle53 @ 06:34:51 (sumoTime: 23691 seconds) on link 1 with path_nodes [1, 2, 3, 4] which means path_links [1, 2, 3]
['newVeh53'] arrived @ sumotime 23717.0 seconds
new vehicle54 @ 06:41:48 (sumoTime: 24108 seconds) on link 1 with path_nodes [1, 2, 3, 4] which means path_links [1, 2, 3]
['newVeh54'] arrived @ sumotime 24134.0 seconds
new vehicle55 @ 06:53:16 (sumoTime: 24796 seconds) on link 1 with path_nodes [1, 2, 3, 4] which means path_links [1, 2, 3]
new vehicle56 @ 06:53:22 (sumoTime: 24802 seconds) on link 1 with path_nodes [1, 2, 3, 4] which means path_links [1, 2, 3]
['newVeh55'] arrived @ sumotime 24821.0 seconds
['newVeh56'] arrived @ sumotime 24828.0 seconds
07:00:00
Umlegung ausgeführt
curVolumes: (70000, [(3, 15, 0)])
new vehicle57 @ 07:00:44 (sumoTime: 25244 seconds) on link 1 with path_nodes [1, 2, 3, 4] which means path_links [1, 2, 3]
['newVeh57'] arrived @ sumotime 25274.0 seconds
new vehicle58 @ 07:02:37 (sumoTime: 25357 seconds) on link 1 with path_nodes [1, 2, 3, 4] which means path_links [1, 2, 3]
['newVeh58'] arrived @ sumotime 25382.0 seconds
new vehicle59 @ 07:04:21 (sumoTime: 25461 seconds) on link 1 with path_nodes [1, 2, 3, 4] which means path_links [1, 2, 3]
['newVeh59'] arrived @ sumotime 25490.0 seconds
new vehicle60 @ 07:11:59 (sumoTime: 25919 seconds) on link 1 with path_nodes [1, 2, 3, 4] which means path_links [1, 2, 3]
['newVeh60'] arrived @ sumotime 25948.0 seconds
new vehicle61 @ 07:15:03 (sumoTime: 26103 seconds) on link 1 with path_nodes [1, 2, 3, 4] which means path_links [1, 2, 3]
['newVeh61'] arrived @ sumotime 26133.0 seconds
new vehicle62 @ 07:20:07 (sumoTime: 26407 seconds) on link 1 with path_nodes [1, 2, 3, 4] which means path_links [1, 2, 3]
['newVeh62'] arrived @ sumotime 26437.0 seconds
new vehicle63 @ 07:25:45 (sumoTime: 26745 seconds) on link 1 with path_nodes [1, 2, 3, 4] which means path_links [1, 2, 3]
['newVeh63'] arrived @ sumotime 26772.0 seconds
new vehicle64 @ 07:28:40 (sumoTime: 26920 seconds) on link 1 with path_nodes [1, 2, 3, 4] which means path_links [1, 2, 3]
['newVeh64'] arrived @ sumotime 26946.0 seconds
new vehicle65 @ 07:31:04 (sumoTime: 27064 seconds) on link 1 with path_nodes [1, 2, 3, 4] which means path_links [1, 2, 3]
['newVeh65'] arrived @ sumotime 27090.0 seconds
new vehicle66 @ 07:32:26 (sumoTime: 27146 seconds) on link 1 with path_nodes [1, 2, 3, 4] which means path_links [1, 2, 3]
['newVeh66'] arrived @ sumotime 27174.0 seconds
new vehicle67 @ 07:34:35 (sumoTime: 27275 seconds) on link 1 with path_nodes [1, 2, 3, 4] which means path_links [1, 2, 3]
['newVeh67'] arrived @ sumotime 27302.0 seconds
new vehicle68 @ 07:40:42 (sumoTime: 27642 seconds) on link 1 with path_nodes [1, 2, 3, 4] which means path_links [1, 2, 3]
['newVeh68'] arrived @ sumotime 27668.0 seconds
new vehicle69 @ 07:41:37 (sumoTime: 27697 seconds) on link 1 with path_nodes [1, 2, 3, 4] which means path_links [1, 2, 3]
['newVeh69'] arrived @ sumotime 27724.0 seconds
new vehicle70 @ 07:42:22 (sumoTime: 27742 seconds) on link 1 with path_nodes [1, 2, 3, 4] which means path_links [1, 2, 3]
['newVeh70'] arrived @ sumotime 27768.0 seconds
new vehicle71 @ 07:43:02 (sumoTime: 27782 seconds) on link 1 with path_nodes [1, 2, 3, 4] which means path_links [1, 2, 3]
['newVeh71'] arrived @ sumotime 27809.0 seconds
new vehicle72 @ 07:47:44 (sumoTime: 28064 seconds) on link 1 with path_nodes [1, 2, 3, 4] which means path_links [1, 2, 3]
['newVeh72'] arrived @ sumotime 28091.0 seconds
new vehicle73 @ 07:48:54 (sumoTime: 28134 seconds) on link 1 with path_nodes [1, 2, 3, 4] which means path_links [1, 2, 3]
['newVeh73'] arrived @ sumotime 28161.0 seconds
new vehicle74 @ 07:50:07 (sumoTime: 28207 seconds) on link 1 with path_nodes [1, 2, 3, 4] which means path_links [1, 2, 3]
['newVeh74'] arrived @ sumotime 28236.0 seconds
new vehicle75 @ 07:51:43 (sumoTime: 28303 seconds) on link 1 with path_nodes [1, 2, 3, 4] which means path_links [1, 2, 3]
['newVeh75'] arrived @ sumotime 28331.0 seconds
new vehicle76 @ 07:53:01 (sumoTime: 28381 seconds) on link 1 with path_nodes [1, 2, 3, 4] which means path_links [1, 2, 3]
['newVeh76'] arrived @ sumotime 28406.0 seconds
new vehicle77 @ 07:53:57 (sumoTime: 28437 seconds) on link 1 with path_nodes [1, 2, 3, 4] which means path_links [1, 2, 3]
['newVeh77'] arrived @ sumotime 28468.0 seconds
new vehicle78 @ 07:59:32 (sumoTime: 28772 seconds) on link 1 with path_nodes [1, 2, 3, 4] which means path_links [1, 2, 3]
08:00:00
Umlegung ausgeführt
curVolumes: (80000, [(3, 21, 0)])
['newVeh78'] arrived @ sumotime 28800.0 seconds
new vehicle79 @ 08:00:21 (sumoTime: 28821 seconds) on link 1 with path_nodes [1, 2, 3, 4] which means path_links [1, 2, 3]
['newVeh79'] arrived @ sumotime 28879.0 seconds
new vehicle80 @ 08:01:29 (sumoTime: 28889 seconds) on link 1 with path_nodes [1, 2, 3, 4] which means path_links [1, 2, 3]
['newVeh80'] arrived @ sumotime 28952.0 seconds
new vehicle81 @ 08:13:18 (sumoTime: 29598 seconds) on link 1 with path_nodes [1, 2, 3, 4] which means path_links [1, 2, 3]
['newVeh81'] arrived @ sumotime 29647.0 seconds
new vehicle82 @ 08:15:30 (sumoTime: 29730 seconds) on link 1 with path_nodes [1, 2, 3, 4] which means path_links [1, 2, 3]
['newVeh82'] arrived @ sumotime 29785.0 seconds
new vehicle83 @ 08:17:20 (sumoTime: 29840 seconds) on link 1 with path_nodes [1, 2, 3, 4] which means path_links [1, 2, 3]
['newVeh83'] arrived @ sumotime 29896.0 seconds
new vehicle84 @ 08:23:36 (sumoTime: 30216 seconds) on link 1 with path_nodes [1, 2, 3, 4] which means path_links [1, 2, 3]
['newVeh84'] arrived @ sumotime 30265.0 seconds
new vehicle85 @ 08:24:30 (sumoTime: 30270 seconds) on link 1 with path_nodes [1, 2, 3, 4] which means path_links [1, 2, 3]
['newVeh85'] arrived @ sumotime 30320.0 seconds
new vehicle86 @ 08:25:44 (sumoTime: 30344 seconds) on link 1 with path_nodes [1, 2, 3, 4] which means path_links [1, 2, 3]
new vehicle87 @ 08:26:34 (sumoTime: 30394 seconds) on link 1 with path_nodes [1, 2, 3, 4] which means path_links [1, 2, 3]
['newVeh86'] arrived @ sumotime 30397.0 seconds
['newVeh87'] arrived @ sumotime 30445.0 seconds
new vehicle88 @ 08:28:45 (sumoTime: 30525 seconds) on link 1 with path_nodes [1, 2, 3, 4] which means path_links [1, 2, 3]
['newVeh88'] arrived @ sumotime 30575.0 seconds
new vehicle89 @ 08:30:53 (sumoTime: 30653 seconds) on link 1 with path_nodes [1, 2, 3, 4] which means path_links [1, 2, 3]
['newVeh89'] arrived @ sumotime 30710.0 seconds
['newVeh89'] arrived @ sumotime 30711.0 seconds
new vehicle90 @ 08:32:14 (sumoTime: 30734 seconds) on link 1 with path_nodes [1, 2, 3, 4] which means path_links [1, 2, 3]
['newVeh90'] arrived @ sumotime 30785.0 seconds
new vehicle91 @ 08:44:29 (sumoTime: 31469 seconds) on link 1 with path_nodes [1, 2, 3, 4] which means path_links [1, 2, 3]
['newVeh91'] arrived @ sumotime 31520.0 seconds
new vehicle92 @ 08:48:01 (sumoTime: 31681 seconds) on link 1 with path_nodes [1, 2, 3, 4] which means path_links [1, 2, 3]
['newVeh92'] arrived @ sumotime 31731.0 seconds
new vehicle93 @ 08:51:40 (sumoTime: 31900 seconds) on link 1 with path_nodes [1, 2, 3, 4] which means path_links [1, 2, 3]
new vehicle94 @ 08:52:30 (sumoTime: 31950 seconds) on link 1 with path_nodes [1, 2, 3, 4] which means path_links [1, 2, 3]
['newVeh93'] arrived @ sumotime 31954.0 seconds
['newVeh94'] arrived @ sumotime 32005.0 seconds
new vehicle95 @ 08:54:19 (sumoTime: 32059 seconds) on link 1 with path_nodes [1, 2, 3, 4] which means path_links [1, 2, 3]
['newVeh95'] arrived @ sumotime 32114.0 seconds
09:00:00
Umlegung ausgeführt
curVolumes: (90000, [(3, 19, 0)])
new vehicle96 @ 09:00:28 (sumoTime: 32428 seconds) on link 1 with path_nodes [1, 2, 3, 4] which means path_links [1, 2, 3]
['newVeh96'] arrived @ sumotime 32478.0 seconds
new vehicle97 @ 09:03:24 (sumoTime: 32604 seconds) on link 1 with path_nodes [1, 2, 3, 4] which means path_links [1, 2, 3]
new vehicle98 @ 09:03:58 (sumoTime: 32638 seconds) on link 1 with path_nodes [1, 2, 3, 4] which means path_links [1, 2, 3]
['newVeh97'] arrived @ sumotime 32654.0 seconds
['newVeh98'] arrived @ sumotime 32689.0 seconds
new vehicle99 @ 09:10:32 (sumoTime: 33032 seconds) on link 1 with path_nodes [1, 2, 3, 4] which means path_links [1, 2, 3]
['newVeh99'] arrived @ sumotime 33097.0 seconds
new vehicle100 @ 09:15:03 (sumoTime: 33303 seconds) on link 1 with path_nodes [1, 2, 3, 4] which means path_links [1, 2, 3]
['newVeh100'] arrived @ sumotime 33359.0 seconds
new vehicle101 @ 09:16:37 (sumoTime: 33397 seconds) on link 1 with path_nodes [1, 2, 3, 4] which means path_links [1, 2, 3]
['newVeh101'] arrived @ sumotime 33451.0 seconds
new vehicle102 @ 09:22:52 (sumoTime: 33772 seconds) on link 1 with path_nodes [1, 2, 3, 4] which means path_links [1, 2, 3]
['newVeh102'] arrived @ sumotime 33829.0 seconds
new vehicle103 @ 09:24:59 (sumoTime: 33899 seconds) on link 1 with path_nodes [1, 2, 3, 4] which means path_links [1, 2, 3]
new vehicle104 @ 09:25:49 (sumoTime: 33949 seconds) on link 1 with path_nodes [1, 2, 3, 4] which means path_links [1, 2, 3]
['newVeh103'] arrived @ sumotime 33953.0 seconds
['newVeh104'] arrived @ sumotime 33999.0 seconds
new vehicle105 @ 09:32:28 (sumoTime: 34348 seconds) on link 1 with path_nodes [1, 2, 3, 4] which means path_links [1, 2, 3]
['newVeh105'] arrived @ sumotime 34397.0 seconds
new vehicle106 @ 09:35:04 (sumoTime: 34504 seconds) on link 1 with path_nodes [1, 2, 3, 4] which means path_links [1, 2, 3]
['newVeh106'] arrived @ sumotime 34558.0 seconds
new vehicle107 @ 09:36:32 (sumoTime: 34592 seconds) on link 1 with path_nodes [1, 2, 3, 4] which means path_links [1, 2, 3]
['newVeh107'] arrived @ sumotime 34647.0 seconds
['newVeh107'] arrived @ sumotime 34648.0 seconds
new vehicle108 @ 09:38:37 (sumoTime: 34717 seconds) on link 1 with path_nodes [1, 2, 3, 4] which means path_links [1, 2, 3]
['newVeh108'] arrived @ sumotime 34767.0 seconds
new vehicle109 @ 09:39:57 (sumoTime: 34797 seconds) on link 1 with path_nodes [1, 2, 3, 4] which means path_links [1, 2, 3]
['newVeh109'] arrived @ sumotime 34849.0 seconds
['newVeh109'] arrived @ sumotime 34850.0 seconds
new vehicle110 @ 09:47:36 (sumoTime: 35256 seconds) on link 1 with path_nodes [1, 2, 3, 4] which means path_links [1, 2, 3]
['newVeh110'] arrived @ sumotime 35308.0 seconds
new vehicle111 @ 09:48:41 (sumoTime: 35321 seconds) on link 1 with path_nodes [1, 2, 3, 4] which means path_links [1, 2, 3]
new vehicle112 @ 09:49:03 (sumoTime: 35343 seconds) on link 1 with path_nodes [1, 2, 3, 4] which means path_links [1, 2, 3]
['newVeh111'] arrived @ sumotime 35373.0 seconds
['newVeh111'] arrived @ sumotime 35374.0 seconds
new vehicle113 @ 09:49:49 (sumoTime: 35389 seconds) on link 1 with path_nodes [1, 2, 3, 4] which means path_links [1, 2, 3]
['newVeh112'] arrived @ sumotime 35400.0 seconds
['newVeh113'] arrived @ sumotime 35439.0 seconds
new vehicle114 @ 09:50:57 (sumoTime: 35457 seconds) on link 1 with path_nodes [1, 2, 3, 4] which means path_links [1, 2, 3]
new vehicle115 @ 09:51:35 (sumoTime: 35495 seconds) on link 1 with path_nodes [1, 2, 3, 4] which means path_links [1, 2, 3]
['newVeh114'] arrived @ sumotime 35512.0 seconds
['newVeh115'] arrived @ sumotime 35551.0 seconds
['newVeh115'] arrived @ sumotime 35552.0 seconds
new vehicle116 @ 09:54:18 (sumoTime: 35658 seconds) on link 1 with path_nodes [1, 2, 3, 4] which means path_links [1, 2, 3]
new vehicle117 @ 09:54:50 (sumoTime: 35690 seconds) on link 1 with path_nodes [1, 2, 3, 4] which means path_links [1, 2, 3]
new vehicle118 @ 09:55:05 (sumoTime: 35705 seconds) on link 1 with path_nodes [1, 2, 3, 4] which means path_links [1, 2, 3]
['newVeh116'] arrived @ sumotime 35713.0 seconds
['newVeh117'] arrived @ sumotime 35744.0 seconds
['newVeh118'] arrived @ sumotime 35762.0 seconds
new vehicle119 @ 09:56:31 (sumoTime: 35791 seconds) on link 1 with path_nodes [1, 2, 3, 4] which means path_links [1, 2, 3]
new vehicle120 @ 09:57:01 (sumoTime: 35821 seconds) on link 1 with path_nodes [1, 2, 3, 4] which means path_links [1, 2, 3]
['newVeh119'] arrived @ sumotime 35844.0 seconds
['newVeh120'] arrived @ sumotime 35870.0 seconds
new vehicle121 @ 09:57:54 (sumoTime: 35874 seconds) on link 1 with path_nodes [1, 2, 3, 4] which means path_links [1, 2, 3]
['newVeh121'] arrived @ sumotime 35929.0 seconds
new vehicle122 @ 09:59:30 (sumoTime: 35970 seconds) on link 1 with path_nodes [1, 2, 3, 4] which means path_links [1, 2, 3]
new vehicle123 @ 09:59:54 (sumoTime: 35994 seconds) on link 1 with path_nodes [1, 2, 3, 4] which means path_links [1, 2, 3]
10:00:00
Umlegung ausgeführt
curVolumes: (100000, [(3, 30, 0)])
['newVeh122'] arrived @ sumotime 36021.0 seconds
new vehicle124 @ 10:00:42 (sumoTime: 36042 seconds) on link 1 with path_nodes [1, 2, 3, 4] which means path_links [1, 2, 3]
['newVeh123'] arrived @ sumotime 36056.0 seconds
new vehicle125 @ 10:01:06 (sumoTime: 36066 seconds) on link 1 with path_nodes [1, 2, 3, 4] which means path_links [1, 2, 3]
['newVeh124'] arrived @ sumotime 36088.0 seconds
['newVeh125'] arrived @ sumotime 36120.0 seconds
new vehicle126 @ 10:08:53 (sumoTime: 36533 seconds) on link 1 with path_nodes [1, 2, 3, 4] which means path_links [1, 2, 3]
new vehicle127 @ 10:09:27 (sumoTime: 36567 seconds) on link 1 with path_nodes [1, 2, 3, 4] which means path_links [1, 2, 3]
['newVeh126'] arrived @ sumotime 36587.0 seconds
['newVeh127'] arrived @ sumotime 36626.0 seconds
new vehicle128 @ 10:15:07 (sumoTime: 36907 seconds) on link 1 with path_nodes [1, 2, 3, 4] which means path_links [1, 2, 3]
['newVeh128'] arrived @ sumotime 36963.0 seconds
new vehicle129 @ 10:16:50 (sumoTime: 37010 seconds) on link 1 with path_nodes [1, 2, 3, 4] which means path_links [1, 2, 3]
new vehicle130 @ 10:17:02 (sumoTime: 37022 seconds) on link 1 with path_nodes [1, 2, 3, 4] which means path_links [1, 2, 3]
new vehicle131 @ 10:17:36 (sumoTime: 37056 seconds) on link 1 with path_nodes [1, 2, 3, 4] which means path_links [1, 2, 3]
['newVeh129'] arrived @ sumotime 37059.0 seconds
['newVeh130'] arrived @ sumotime 37071.0 seconds
['newVeh131'] arrived @ sumotime 37107.0 seconds
new vehicle132 @ 10:19:10 (sumoTime: 37150 seconds) on link 1 with path_nodes [1, 2, 3, 4] which means path_links [1, 2, 3]
new vehicle133 @ 10:20:03 (sumoTime: 37203 seconds) on link 1 with path_nodes [1, 2, 3, 4] which means path_links [1, 2, 3]
['newVeh132'] arrived @ sumotime 37208.0 seconds
['newVeh132'] arrived @ sumotime 37209.0 seconds
['newVeh133'] arrived @ sumotime 37254.0 seconds
['newVeh133'] arrived @ sumotime 37255.0 seconds
new vehicle134 @ 10:25:12 (sumoTime: 37512 seconds) on link 1 with path_nodes [1, 2, 3, 4] which means path_links [1, 2, 3]
['newVeh134'] arrived @ sumotime 37561.0 seconds
new vehicle135 @ 10:27:19 (sumoTime: 37639 seconds) on link 1 with path_nodes [1, 2, 3, 4] which means path_links [1, 2, 3]
['newVeh135'] arrived @ sumotime 37702.0 seconds
new vehicle136 @ 10:33:38 (sumoTime: 38018 seconds) on link 1 with path_nodes [1, 2, 3, 4] which means path_links [1, 2, 3]
['newVeh136'] arrived @ sumotime 38072.0 seconds
new vehicle137 @ 10:36:08 (sumoTime: 38168 seconds) on link 1 with path_nodes [1, 2, 3, 4] which means path_links [1, 2, 3]
['newVeh137'] arrived @ sumotime 38222.0 seconds
new vehicle138 @ 10:38:45 (sumoTime: 38325 seconds) on link 1 with path_nodes [1, 2, 3, 4] which means path_links [1, 2, 3]
['newVeh138'] arrived @ sumotime 38378.0 seconds
new vehicle139 @ 10:40:59 (sumoTime: 38459 seconds) on link 1 with path_nodes [1, 2, 3, 4] which means path_links [1, 2, 3]
new vehicle140 @ 10:41:03 (sumoTime: 38463 seconds) on link 1 with path_nodes [1, 2, 3, 4] which means path_links [1, 2, 3]
new vehicle141 @ 10:41:36 (sumoTime: 38496 seconds) on link 1 with path_nodes [1, 2, 3, 4] which means path_links [1, 2, 3]
new vehicle142 @ 10:41:46 (sumoTime: 38506 seconds) on link 1 with path_nodes [1, 2, 3, 4] which means path_links [1, 2, 3]
['newVeh139'] arrived @ sumotime 38509.0 seconds
['newVeh140'] arrived @ sumotime 38515.0 seconds
['newVeh141'] arrived @ sumotime 38550.0 seconds
['newVeh142'] arrived @ sumotime 38557.0 seconds
new vehicle143 @ 10:44:13 (sumoTime: 38653 seconds) on link 1 with path_nodes [1, 2, 3, 4] which means path_links [1, 2, 3]
['newVeh143'] arrived @ sumotime 38700.0 seconds
new vehicle144 @ 10:46:13 (sumoTime: 38773 seconds) on link 1 with path_nodes [1, 2, 3, 4] which means path_links [1, 2, 3]
['newVeh144'] arrived @ sumotime 38824.0 seconds
new vehicle145 @ 10:48:46 (sumoTime: 38926 seconds) on link 1 with path_nodes [1, 2, 3, 4] which means path_links [1, 2, 3]
['newVeh145'] arrived @ sumotime 38977.0 seconds
new vehicle146 @ 10:50:08 (sumoTime: 39008 seconds) on link 1 with path_nodes [1, 2, 3, 4] which means path_links [1, 2, 3]
['newVeh146'] arrived @ sumotime 39058.0 seconds
new vehicle147 @ 10:53:16 (sumoTime: 39196 seconds) on link 1 with path_nodes [1, 2, 3, 4] which means path_links [1, 2, 3]
['newVeh147'] arrived @ sumotime 39250.0 seconds
new vehicle148 @ 10:56:18 (sumoTime: 39378 seconds) on link 1 with path_nodes [1, 2, 3, 4] which means path_links [1, 2, 3]
['newVeh148'] arrived @ sumotime 39433.0 seconds
new vehicle149 @ 10:58:54 (sumoTime: 39534 seconds) on link 1 with path_nodes [1, 2, 3, 4] which means path_links [1, 2, 3]
new vehicle150 @ 10:59:02 (sumoTime: 39542 seconds) on link 1 with path_nodes [1, 2, 3, 4] which means path_links [1, 2, 3]
['newVeh149'] arrived @ sumotime 39585.0 seconds
['newVeh150'] arrived @ sumotime 39591.0 seconds
11:00:00
Umlegung ausgeführt
curVolumes: (110000, [(3, 31, 0)])
new vehicle151 @ 11:01:04 (sumoTime: 39664 seconds) on link 1 with path_nodes [1, 2, 3, 4] which means path_links [1, 2, 3]
['newVeh151'] arrived @ sumotime 39716.0 seconds
['newVeh151'] arrived @ sumotime 39717.0 seconds
new vehicle152 @ 11:03:15 (sumoTime: 39795 seconds) on link 1 with path_nodes [1, 2, 3, 4] which means path_links [1, 2, 3]
['newVeh152'] arrived @ sumotime 39845.0 seconds
new vehicle153 @ 11:04:39 (sumoTime: 39879 seconds) on link 1 with path_nodes [1, 2, 3, 4] which means path_links [1, 2, 3]
['newVeh153'] arrived @ sumotime 39931.0 seconds
new vehicle154 @ 11:06:18 (sumoTime: 39978 seconds) on link 1 with path_nodes [1, 2, 3, 4] which means path_links [1, 2, 3]
new vehicle155 @ 11:06:31 (sumoTime: 39991 seconds) on link 1 with path_nodes [1, 2, 3, 4] which means path_links [1, 2, 3]
['newVeh154'] arrived @ sumotime 40028.0 seconds
['newVeh155'] arrived @ sumotime 40040.0 seconds
new vehicle156 @ 11:08:28 (sumoTime: 40108 seconds) on link 1 with path_nodes [1, 2, 3, 4] which means path_links [1, 2, 3]
['newVeh156'] arrived @ sumotime 40163.0 seconds
new vehicle157 @ 11:10:35 (sumoTime: 40235 seconds) on link 1 with path_nodes [1, 2, 3, 4] which means path_links [1, 2, 3]
new vehicle158 @ 11:11:20 (sumoTime: 40280 seconds) on link 1 with path_nodes [1, 2, 3, 4] which means path_links [1, 2, 3]
['newVeh157'] arrived @ sumotime 40282.0 seconds
new vehicle159 @ 11:11:44 (sumoTime: 40304 seconds) on link 1 with path_nodes [1, 2, 3, 4] which means path_links [1, 2, 3]
['newVeh158'] arrived @ sumotime 40328.0 seconds
new vehicle160 @ 11:12:10 (sumoTime: 40330 seconds) on link 1 with path_nodes [1, 2, 3, 4] which means path_links [1, 2, 3]
['newVeh159'] arrived @ sumotime 40357.0 seconds
['newVeh160'] arrived @ sumotime 40388.0 seconds
new vehicle161 @ 11:13:47 (sumoTime: 40427 seconds) on link 1 with path_nodes [1, 2, 3, 4] which means path_links [1, 2, 3]
new vehicle162 @ 11:14:40 (sumoTime: 40480 seconds) on link 1 with path_nodes [1, 2, 3, 4] which means path_links [1, 2, 3]
['newVeh161'] arrived @ sumotime 40481.0 seconds
['newVeh162'] arrived @ sumotime 40530.0 seconds
new vehicle163 @ 11:16:05 (sumoTime: 40565 seconds) on link 1 with path_nodes [1, 2, 3, 4] which means path_links [1, 2, 3]
['newVeh163'] arrived @ sumotime 40615.0 seconds
new vehicle164 @ 11:19:40 (sumoTime: 40780 seconds) on link 1 with path_nodes [1, 2, 3, 4] which means path_links [1, 2, 3]
new vehicle165 @ 11:20:00 (sumoTime: 40800 seconds) on link 1 with path_nodes [1, 2, 3, 4] which means path_links [1, 2, 3]
['newVeh164'] arrived @ sumotime 40831.0 seconds
['newVeh165'] arrived @ sumotime 40852.0 seconds
new vehicle166 @ 11:22:04 (sumoTime: 40924 seconds) on link 1 with path_nodes [1, 2, 3, 4] which means path_links [1, 2, 3]
['newVeh166'] arrived @ sumotime 40971.0 seconds
new vehicle167 @ 11:25:46 (sumoTime: 41146 seconds) on link 1 with path_nodes [1, 2, 3, 4] which means path_links [1, 2, 3]
['newVeh167'] arrived @ sumotime 41200.0 seconds
new vehicle168 @ 11:30:56 (sumoTime: 41456 seconds) on link 1 with path_nodes [1, 2, 3, 4] which means path_links [1, 2, 3]
['newVeh168'] arrived @ sumotime 41512.0 seconds
['newVeh168'] arrived @ sumotime 41513.0 seconds
new vehicle169 @ 11:39:31 (sumoTime: 41971 seconds) on link 1 with path_nodes [1, 2, 3, 4] which means path_links [1, 2, 3]
new vehicle170 @ 11:39:51 (sumoTime: 41991 seconds) on link 1 with path_nodes [1, 2, 3, 4] which means path_links [1, 2, 3]
['newVeh169'] arrived @ sumotime 42025.0 seconds
['newVeh170'] arrived @ sumotime 42048.0 seconds
new vehicle171 @ 11:41:52 (sumoTime: 42112 seconds) on link 1 with path_nodes [1, 2, 3, 4] which means path_links [1, 2, 3]
['newVeh171'] arrived @ sumotime 42175.0 seconds
new vehicle172 @ 11:45:02 (sumoTime: 42302 seconds) on link 1 with path_nodes [1, 2, 3, 4] which means path_links [1, 2, 3]
new vehicle173 @ 11:45:19 (sumoTime: 42319 seconds) on link 1 with path_nodes [1, 2, 3, 4] which means path_links [1, 2, 3]
['newVeh172'] arrived @ sumotime 42348.0 seconds
['newVeh173'] arrived @ sumotime 42370.0 seconds
new vehicle174 @ 11:48:52 (sumoTime: 42532 seconds) on link 1 with path_nodes [1, 2, 3, 4] which means path_links [1, 2, 3]
['newVeh174'] arrived @ sumotime 42585.0 seconds
new vehicle175 @ 11:52:51 (sumoTime: 42771 seconds) on link 1 with path_nodes [1, 2, 3, 4] which means path_links [1, 2, 3]
['newVeh175'] arrived @ sumotime 42822.0 seconds
new vehicle176 @ 11:53:57 (sumoTime: 42837 seconds) on link 1 with path_nodes [1, 2, 3, 4] which means path_links [1, 2, 3]
new vehicle177 @ 11:53:57 (sumoTime: 42837 seconds) on link 1 with path_nodes [1, 2, 3, 4] which means path_links [1, 2, 3]
new vehicle178 @ 11:54:06 (sumoTime: 42846 seconds) on link 1 with path_nodes [1, 2, 3, 4] which means path_links [1, 2, 3]
['newVeh176'] arrived @ sumotime 42888.0 seconds
['newVeh177'] arrived @ sumotime 42896.0 seconds
['newVeh178'] arrived @ sumotime 42898.0 seconds
12:00:00
Umlegung ausgeführt
curVolumes: (120000, [(3, 30, 0)])
new vehicle179 @ 12:00:14 (sumoTime: 43214 seconds) on link 1 with path_nodes [1, 2, 3, 4] which means path_links [1, 2, 3]
['newVeh179'] arrived @ sumotime 43245.0 seconds
new vehicle180 @ 12:01:57 (sumoTime: 43317 seconds) on link 1 with path_nodes [1, 2, 3, 4] which means path_links [1, 2, 3]
['newVeh180'] arrived @ sumotime 43344.0 seconds
new vehicle181 @ 12:05:53 (sumoTime: 43553 seconds) on link 1 with path_nodes [1, 2, 3, 4] which means path_links [1, 2, 3]
new vehicle182 @ 12:06:01 (sumoTime: 43561 seconds) on link 1 with path_nodes [1, 2, 3, 4] which means path_links [1, 2, 3]
new vehicle183 @ 12:06:06 (sumoTime: 43566 seconds) on link 1 with path_nodes [1, 2, 3, 4] which means path_links [1, 2, 3]
new vehicle184 @ 12:06:11 (sumoTime: 43571 seconds) on link 1 with path_nodes [1, 2, 3, 4] which means path_links [1, 2, 3]
['newVeh181'] arrived @ sumotime 43579.0 seconds
['newVeh182'] arrived @ sumotime 43590.0 seconds
['newVeh183'] arrived @ sumotime 43592.0 seconds
new vehicle185 @ 12:06:40 (sumoTime: 43600 seconds) on link 1 with path_nodes [1, 2, 3, 4] which means path_links [1, 2, 3]
['newVeh184'] arrived @ sumotime 43603.0 seconds
['newVeh185'] arrived @ sumotime 43626.0 seconds
new vehicle186 @ 12:08:13 (sumoTime: 43693 seconds) on link 1 with path_nodes [1, 2, 3, 4] which means path_links [1, 2, 3]
new vehicle187 @ 12:08:15 (sumoTime: 43695 seconds) on link 1 with path_nodes [1, 2, 3, 4] which means path_links [1, 2, 3]
['newVeh186'] arrived @ sumotime 43723.0 seconds
['newVeh187'] arrived @ sumotime 43725.0 seconds
new vehicle188 @ 12:10:02 (sumoTime: 43802 seconds) on link 1 with path_nodes [1, 2, 3, 4] which means path_links [1, 2, 3]
['newVeh188'] arrived @ sumotime 43828.0 seconds
new vehicle189 @ 12:21:09 (sumoTime: 44469 seconds) on link 1 with path_nodes [1, 2, 3, 4] which means path_links [1, 2, 3]
['newVeh189'] arrived @ sumotime 44500.0 seconds
['newVeh189'] arrived @ sumotime 44501.0 seconds
new vehicle190 @ 12:22:50 (sumoTime: 44570 seconds) on link 1 with path_nodes [1, 2, 3, 4] which means path_links [1, 2, 3]
['newVeh190'] arrived @ sumotime 44599.0 seconds
new vehicle191 @ 12:26:00 (sumoTime: 44760 seconds) on link 1 with path_nodes [1, 2, 3, 4] which means path_links [1, 2, 3]
['newVeh191'] arrived @ sumotime 44786.0 seconds
new vehicle192 @ 12:27:45 (sumoTime: 44865 seconds) on link 1 with path_nodes [1, 2, 3, 4] which means path_links [1, 2, 3]
['newVeh192'] arrived @ sumotime 44892.0 seconds
new vehicle193 @ 12:30:40 (sumoTime: 45040 seconds) on link 1 with path_nodes [1, 2, 3, 4] which means path_links [1, 2, 3]
['newVeh193'] arrived @ sumotime 45067.0 seconds
new vehicle194 @ 12:31:18 (sumoTime: 45078 seconds) on link 1 with path_nodes [1, 2, 3, 4] which means path_links [1, 2, 3]
['newVeh194'] arrived @ sumotime 45105.0 seconds
new vehicle195 @ 12:31:49 (sumoTime: 45109 seconds) on link 1 with path_nodes [1, 2, 3, 4] which means path_links [1, 2, 3]
['newVeh195'] arrived @ sumotime 45136.0 seconds
new vehicle196 @ 12:33:01 (sumoTime: 45181 seconds) on link 1 with path_nodes [1, 2, 3, 4] which means path_links [1, 2, 3]
['newVeh196'] arrived @ sumotime 45209.0 seconds
new vehicle197 @ 12:33:54 (sumoTime: 45234 seconds) on link 1 with path_nodes [1, 2, 3, 4] which means path_links [1, 2, 3]
['newVeh197'] arrived @ sumotime 45261.0 seconds
new vehicle198 @ 12:34:54 (sumoTime: 45294 seconds) on link 1 with path_nodes [1, 2, 3, 4] which means path_links [1, 2, 3]
['newVeh198'] arrived @ sumotime 45320.0 seconds
new vehicle199 @ 12:40:38 (sumoTime: 45638 seconds) on link 1 with path_nodes [1, 2, 3, 4] which means path_links [1, 2, 3]
['newVeh199'] arrived @ sumotime 45664.0 seconds
new vehicle200 @ 12:43:36 (sumoTime: 45816 seconds) on link 1 with path_nodes [1, 2, 3, 4] which means path_links [1, 2, 3]
['newVeh200'] arrived @ sumotime 45843.0 seconds
new vehicle201 @ 12:45:50 (sumoTime: 45950 seconds) on link 1 with path_nodes [1, 2, 3, 4] which means path_links [1, 2, 3]
['newVeh201'] arrived @ sumotime 45976.0 seconds
new vehicle202 @ 12:50:17 (sumoTime: 46217 seconds) on link 1 with path_nodes [1, 2, 3, 4] which means path_links [1, 2, 3]
['newVeh202'] arrived @ sumotime 46249.0 seconds
new vehicle203 @ 12:51:42 (sumoTime: 46302 seconds) on link 1 with path_nodes [1, 2, 3, 4] which means path_links [1, 2, 3]
['newVeh203'] arrived @ sumotime 46330.0 seconds
new vehicle204 @ 12:53:58 (sumoTime: 46438 seconds) on link 1 with path_nodes [1, 2, 3, 4] which means path_links [1, 2, 3]
['newVeh204'] arrived @ sumotime 46464.0 seconds
new vehicle205 @ 12:59:08 (sumoTime: 46748 seconds) on link 1 with path_nodes [1, 2, 3, 4] which means path_links [1, 2, 3]
new vehicle206 @ 12:59:16 (sumoTime: 46756 seconds) on link 1 with path_nodes [1, 2, 3, 4] which means path_links [1, 2, 3]
['newVeh205'] arrived @ sumotime 46774.0 seconds
['newVeh206'] arrived @ sumotime 46784.0 seconds
13:00:00
Umlegung ausgeführt
curVolumes: (130000, [(3, 29, 0)])
new vehicle207 @ 13:00:03 (sumoTime: 46803 seconds) on link 1 with path_nodes [1, 2, 3, 4] which means path_links [1, 2, 3]
new vehicle208 @ 13:00:20 (sumoTime: 46820 seconds) on link 1 with path_nodes [1, 2, 3, 4] which means path_links [1, 2, 3]
['newVeh207'] arrived @ sumotime 46831.0 seconds
['newVeh208'] arrived @ sumotime 46848.0 seconds
new vehicle209 @ 13:02:24 (sumoTime: 46944 seconds) on link 1 with path_nodes [1, 2, 3, 4] which means path_links [1, 2, 3]
['newVeh209'] arrived @ sumotime 46970.0 seconds
new vehicle210 @ 13:03:15 (sumoTime: 46995 seconds) on link 1 with path_nodes [1, 2, 3, 4] which means path_links [1, 2, 3]
new vehicle211 @ 13:03:34 (sumoTime: 47014 seconds) on link 1 with path_nodes [1, 2, 3, 4] which means path_links [1, 2, 3]
['newVeh210'] arrived @ sumotime 47022.0 seconds
['newVeh211'] arrived @ sumotime 47040.0 seconds
new vehicle212 @ 13:06:11 (sumoTime: 47171 seconds) on link 1 with path_nodes [1, 2, 3, 4] which means path_links [1, 2, 3]
['newVeh212'] arrived @ sumotime 47198.0 seconds
new vehicle213 @ 13:08:26 (sumoTime: 47306 seconds) on link 1 with path_nodes [1, 2, 3, 4] which means path_links [1, 2, 3]
['newVeh213'] arrived @ sumotime 47338.0 seconds
new vehicle214 @ 13:10:01 (sumoTime: 47401 seconds) on link 1 with path_nodes [1, 2, 3, 4] which means path_links [1, 2, 3]
new vehicle215 @ 13:10:16 (sumoTime: 47416 seconds) on link 1 with path_nodes [1, 2, 3, 4] which means path_links [1, 2, 3]
['newVeh214'] arrived @ sumotime 47430.0 seconds
['newVeh215'] arrived @ sumotime 47442.0 seconds
new vehicle216 @ 13:13:57 (sumoTime: 47637 seconds) on link 1 with path_nodes [1, 2, 3, 4] which means path_links [1, 2, 3]
['newVeh216'] arrived @ sumotime 47664.0 seconds
new vehicle217 @ 13:17:52 (sumoTime: 47872 seconds) on link 1 with path_nodes [1, 2, 3, 4] which means path_links [1, 2, 3]
['newVeh217'] arrived @ sumotime 47899.0 seconds
new vehicle218 @ 13:21:36 (sumoTime: 48096 seconds) on link 1 with path_nodes [1, 2, 3, 4] which means path_links [1, 2, 3]
['newVeh218'] arrived @ sumotime 48123.0 seconds
new vehicle219 @ 13:22:55 (sumoTime: 48175 seconds) on link 1 with path_nodes [1, 2, 3, 4] which means path_links [1, 2, 3]
['newVeh219'] arrived @ sumotime 48203.0 seconds
new vehicle220 @ 13:26:25 (sumoTime: 48385 seconds) on link 1 with path_nodes [1, 2, 3, 4] which means path_links [1, 2, 3]
new vehicle221 @ 13:26:46 (sumoTime: 48406 seconds) on link 1 with path_nodes [1, 2, 3, 4] which means path_links [1, 2, 3]
['newVeh220'] arrived @ sumotime 48411.0 seconds
['newVeh221'] arrived @ sumotime 48432.0 seconds
new vehicle222 @ 13:27:13 (sumoTime: 48433 seconds) on link 1 with path_nodes [1, 2, 3, 4] which means path_links [1, 2, 3]
new vehicle223 @ 13:27:15 (sumoTime: 48435 seconds) on link 1 with path_nodes [1, 2, 3, 4] which means path_links [1, 2, 3]
['newVeh222'] arrived @ sumotime 48465.0 seconds
['newVeh223'] arrived @ sumotime 48466.0 seconds
new vehicle224 @ 13:29:07 (sumoTime: 48547 seconds) on link 1 with path_nodes [1, 2, 3, 4] which means path_links [1, 2, 3]
new vehicle225 @ 13:29:26 (sumoTime: 48566 seconds) on link 1 with path_nodes [1, 2, 3, 4] which means path_links [1, 2, 3]
['newVeh224'] arrived @ sumotime 48574.0 seconds
['newVeh225'] arrived @ sumotime 48592.0 seconds
new vehicle226 @ 13:30:13 (sumoTime: 48613 seconds) on link 1 with path_nodes [1, 2, 3, 4] which means path_links [1, 2, 3]
['newVeh226'] arrived @ sumotime 48638.0 seconds
new vehicle227 @ 13:33:26 (sumoTime: 48806 seconds) on link 1 with path_nodes [1, 2, 3, 4] which means path_links [1, 2, 3]
['newVeh227'] arrived @ sumotime 48832.0 seconds
new vehicle228 @ 13:34:44 (sumoTime: 48884 seconds) on link 1 with path_nodes [1, 2, 3, 4] which means path_links [1, 2, 3]
new vehicle229 @ 13:34:47 (sumoTime: 48887 seconds) on link 1 with path_nodes [1, 2, 3, 4] which means path_links [1, 2, 3]
new vehicle230 @ 13:35:02 (sumoTime: 48902 seconds) on link 1 with path_nodes [1, 2, 3, 4] which means path_links [1, 2, 3]
['newVeh228'] arrived @ sumotime 48910.0 seconds
['newVeh229'] arrived @ sumotime 48913.0 seconds
['newVeh230'] arrived @ sumotime 48927.0 seconds
new vehicle231 @ 13:36:41 (sumoTime: 49001 seconds) on link 1 with path_nodes [1, 2, 3, 4] which means path_links [1, 2, 3]
['newVeh231'] arrived @ sumotime 49028.0 seconds
new vehicle232 @ 13:39:17 (sumoTime: 49157 seconds) on link 1 with path_nodes [1, 2, 3, 4] which means path_links [1, 2, 3]
['newVeh232'] arrived @ sumotime 49185.0 seconds
new vehicle233 @ 13:44:39 (sumoTime: 49479 seconds) on link 1 with path_nodes [1, 2, 3, 4] which means path_links [1, 2, 3]
['newVeh233'] arrived @ sumotime 49505.0 seconds
new vehicle234 @ 13:46:21 (sumoTime: 49581 seconds) on link 1 with path_nodes [1, 2, 3, 4] which means path_links [1, 2, 3]
['newVeh234'] arrived @ sumotime 49611.0 seconds
new vehicle235 @ 13:47:11 (sumoTime: 49631 seconds) on link 1 with path_nodes [1, 2, 3, 4] which means path_links [1, 2, 3]
['newVeh235'] arrived @ sumotime 49658.0 seconds
['newVeh235'] arrived @ sumotime 49659.0 seconds
new vehicle236 @ 13:48:03 (sumoTime: 49683 seconds) on link 1 with path_nodes [1, 2, 3, 4] which means path_links [1, 2, 3]
['newVeh236'] arrived @ sumotime 49710.0 seconds
new vehicle237 @ 13:48:53 (sumoTime: 49733 seconds) on link 1 with path_nodes [1, 2, 3, 4] which means path_links [1, 2, 3]
['newVeh237'] arrived @ sumotime 49759.0 seconds
new vehicle238 @ 13:50:27 (sumoTime: 49827 seconds) on link 1 with path_nodes [1, 2, 3, 4] which means path_links [1, 2, 3]
['newVeh238'] arrived @ sumotime 49853.0 seconds
new vehicle239 @ 13:52:45 (sumoTime: 49965 seconds) on link 1 with path_nodes [1, 2, 3, 4] which means path_links [1, 2, 3]
['newVeh239'] arrived @ sumotime 49992.0 seconds
new vehicle240 @ 13:55:28 (sumoTime: 50128 seconds) on link 1 with path_nodes [1, 2, 3, 4] which means path_links [1, 2, 3]
new vehicle241 @ 13:55:30 (sumoTime: 50130 seconds) on link 1 with path_nodes [1, 2, 3, 4] which means path_links [1, 2, 3]
['newVeh240'] arrived @ sumotime 50158.0 seconds
['newVeh241'] arrived @ sumotime 50160.0 seconds
new vehicle242 @ 13:57:12 (sumoTime: 50232 seconds) on link 1 with path_nodes [1, 2, 3, 4] which means path_links [1, 2, 3]
new vehicle243 @ 13:57:18 (sumoTime: 50238 seconds) on link 1 with path_nodes [1, 2, 3, 4] which means path_links [1, 2, 3]
new vehicle244 @ 13:57:32 (sumoTime: 50252 seconds) on link 1 with path_nodes [1, 2, 3, 4] which means path_links [1, 2, 3]
['newVeh242'] arrived @ sumotime 50258.0 seconds
['newVeh243'] arrived @ sumotime 50265.0 seconds
['newVeh244'] arrived @ sumotime 50280.0 seconds
14:00:00
Umlegung ausgeführt
curVolumes: (140000, [(3, 39, 0)])
new vehicle245 @ 14:00:27 (sumoTime: 50427 seconds) on link 1 with path_nodes [1, 2, 3, 4] which means path_links [1, 2, 3]
new vehicle246 @ 14:00:40 (sumoTime: 50440 seconds) on link 1 with path_nodes [1, 2, 3, 4] which means path_links [1, 2, 3]
['newVeh245'] arrived @ sumotime 50456.0 seconds
new vehicle247 @ 14:00:57 (sumoTime: 50457 seconds) on link 1 with path_nodes [1, 2, 3, 4] which means path_links [1, 2, 3]
['newVeh246'] arrived @ sumotime 50466.0 seconds
['newVeh247'] arrived @ sumotime 50483.0 seconds
new vehicle248 @ 14:07:01 (sumoTime: 50821 seconds) on link 1 with path_nodes [1, 2, 3, 4] which means path_links [1, 2, 3]
new vehicle249 @ 14:07:23 (sumoTime: 50843 seconds) on link 1 with path_nodes [1, 2, 3, 4] which means path_links [1, 2, 3]
['newVeh248'] arrived @ sumotime 50846.0 seconds
['newVeh248'] arrived @ sumotime 50847.0 seconds
['newVeh249'] arrived @ sumotime 50870.0 seconds
new vehicle250 @ 14:09:31 (sumoTime: 50971 seconds) on link 1 with path_nodes [1, 2, 3, 4] which means path_links [1, 2, 3]
['newVeh250'] arrived @ sumotime 50998.0 seconds
new vehicle251 @ 14:12:31 (sumoTime: 51151 seconds) on link 1 with path_nodes [1, 2, 3, 4] which means path_links [1, 2, 3]
new vehicle252 @ 14:12:37 (sumoTime: 51157 seconds) on link 1 with path_nodes [1, 2, 3, 4] which means path_links [1, 2, 3]
['newVeh251'] arrived @ sumotime 51181.0 seconds
['newVeh252'] arrived @ sumotime 51184.0 seconds
new vehicle253 @ 14:13:43 (sumoTime: 51223 seconds) on link 1 with path_nodes [1, 2, 3, 4] which means path_links [1, 2, 3]
['newVeh253'] arrived @ sumotime 51250.0 seconds
new vehicle254 @ 14:20:33 (sumoTime: 51633 seconds) on link 1 with path_nodes [1, 2, 3, 4] which means path_links [1, 2, 3]
['newVeh254'] arrived @ sumotime 51660.0 seconds
new vehicle255 @ 14:23:01 (sumoTime: 51781 seconds) on link 1 with path_nodes [1, 2, 3, 4] which means path_links [1, 2, 3]
['newVeh255'] arrived @ sumotime 51808.0 seconds
['newVeh255'] arrived @ sumotime 51809.0 seconds
new vehicle256 @ 14:24:05 (sumoTime: 51845 seconds) on link 1 with path_nodes [1, 2, 3, 4] which means path_links [1, 2, 3]
['newVeh256'] arrived @ sumotime 51872.0 seconds
new vehicle257 @ 14:25:54 (sumoTime: 51954 seconds) on link 1 with path_nodes [1, 2, 3, 4] which means path_links [1, 2, 3]
['newVeh257'] arrived @ sumotime 51982.0 seconds
new vehicle258 @ 14:28:00 (sumoTime: 52080 seconds) on link 1 with path_nodes [1, 2, 3, 4] which means path_links [1, 2, 3]
['newVeh258'] arrived @ sumotime 52107.0 seconds
new vehicle259 @ 14:30:18 (sumoTime: 52218 seconds) on link 1 with path_nodes [1, 2, 3, 4] which means path_links [1, 2, 3]
['newVeh259'] arrived @ sumotime 52245.0 seconds
new vehicle260 @ 14:31:11 (sumoTime: 52271 seconds) on link 1 with path_nodes [1, 2, 3, 4] which means path_links [1, 2, 3]
['newVeh260'] arrived @ sumotime 52301.0 seconds
new vehicle261 @ 14:35:22 (sumoTime: 52522 seconds) on link 1 with path_nodes [1, 2, 3, 4] which means path_links [1, 2, 3]
['newVeh261'] arrived @ sumotime 52550.0 seconds
new vehicle262 @ 14:36:38 (sumoTime: 52598 seconds) on link 1 with path_nodes [1, 2, 3, 4] which means path_links [1, 2, 3]
new vehicle263 @ 14:36:51 (sumoTime: 52611 seconds) on link 1 with path_nodes [1, 2, 3, 4] which means path_links [1, 2, 3]
['newVeh262'] arrived @ sumotime 52625.0 seconds
new vehicle264 @ 14:37:14 (sumoTime: 52634 seconds) on link 1 with path_nodes [1, 2, 3, 4] which means path_links [1, 2, 3]
['newVeh263'] arrived @ sumotime 52638.0 seconds
['newVeh264'] arrived @ sumotime 52662.0 seconds
new vehicle265 @ 14:39:16 (sumoTime: 52756 seconds) on link 1 with path_nodes [1, 2, 3, 4] which means path_links [1, 2, 3]
new vehicle266 @ 14:39:31 (sumoTime: 52771 seconds) on link 1 with path_nodes [1, 2, 3, 4] which means path_links [1, 2, 3]
['newVeh265'] arrived @ sumotime 52783.0 seconds
['newVeh266'] arrived @ sumotime 52794.0 seconds
new vehicle267 @ 14:41:01 (sumoTime: 52861 seconds) on link 1 with path_nodes [1, 2, 3, 4] which means path_links [1, 2, 3]
['newVeh267'] arrived @ sumotime 52887.0 seconds
new vehicle268 @ 14:43:21 (sumoTime: 53001 seconds) on link 1 with path_nodes [1, 2, 3, 4] which means path_links [1, 2, 3]
['newVeh268'] arrived @ sumotime 53027.0 seconds
new vehicle269 @ 14:46:06 (sumoTime: 53166 seconds) on link 1 with path_nodes [1, 2, 3, 4] which means path_links [1, 2, 3]
['newVeh269'] arrived @ sumotime 53195.0 seconds
new vehicle270 @ 14:47:31 (sumoTime: 53251 seconds) on link 1 with path_nodes [1, 2, 3, 4] which means path_links [1, 2, 3]
['newVeh270'] arrived @ sumotime 53279.0 seconds
new vehicle271 @ 14:50:37 (sumoTime: 53437 seconds) on link 1 with path_nodes [1, 2, 3, 4] which means path_links [1, 2, 3]
new vehicle272 @ 14:50:52 (sumoTime: 53452 seconds) on link 1 with path_nodes [1, 2, 3, 4] which means path_links [1, 2, 3]
['newVeh271'] arrived @ sumotime 53464.0 seconds
['newVeh272'] arrived @ sumotime 53478.0 seconds
new vehicle273 @ 14:52:21 (sumoTime: 53541 seconds) on link 1 with path_nodes [1, 2, 3, 4] which means path_links [1, 2, 3]
['newVeh273'] arrived @ sumotime 53572.0 seconds
new vehicle274 @ 14:55:29 (sumoTime: 53729 seconds) on link 1 with path_nodes [1, 2, 3, 4] which means path_links [1, 2, 3]
['newVeh274'] arrived @ sumotime 53755.0 seconds
new vehicle275 @ 14:59:52 (sumoTime: 53992 seconds) on link 1 with path_nodes [1, 2, 3, 4] which means path_links [1, 2, 3]
Gesamte Auslastung: 296
Summe erzeugter Fahrzeuge: 276
-> Fahrzeuge verloren: 20
Tupel bestehend aus: VolVisum, geplantesVolSumo, avgArrTimeVisum, avgArrTimeSumo
Link: 1 -> [(2, 2, 1800, 2892), (5, 4, 720, 1916), (7, 10, 514, 518), (10, 11, 360, 343), (12, 12, 300, 330), (15, 11, 240, 284), (17, 14, 211, 247), (20, 23, 180, 164), (22, 18, 163, 210), (25, 29, 144, 128), (27, 28, 133, 137), (30, 29, 120, 128), (32, 29, 112, 128), (35, 39, 102, 100), (37, 32, 97, 117)]
Link: 3 -> []
Link: 5 -> []
VolumenInSumo: [(1845, ['1', '2', '3']), (10245, ['1', '2', '3']), (11607, ['1', '2', '3']), (12408, ['1', '2', '3']), (20006, ['1', '2', '3']), (20404, ['1', '2', '3']), (21814, ['1', '2', '3']), (21904, ['1', '2', '3']), (22230, ['1', '2', '3']), (24638, ['1', '2', '3']), (24740, ['1', '2', '3']), (25216, ['1', '2', '3']), (25257, ['1', '2', '3']), (30518, ['1', '2', '3']), (31702, ['1', '2', '3']), (32106, ['1', '2', '3']), (32134, ['1', '2', '3']), (32159, ['1', '2', '3']), (32336, ['1', '2', '3']), (32602, ['1', '2', '3']), (34959, ['1', '2', '3']), (35245, ['1', '2', '3']), (35505, ['1', '2', '3']), (40521, ['1', '2', '3']), (41605, ['1', '2', '3']), (41908, ['1', '2', '3']), (43736, ['1', '2', '3']), (43906, ['1', '2', '3']), (44037, ['1', '2', '3']), (44737, ['1', '2', '3']), (44928, ['1', '2', '3']), (45144, ['1', '2', '3']), (45540, ['1', '2', '3']), (45556, ['1', '2', '3']), (51336, ['1', '2', '3']), (51649, ['1', '2', '3']), (51925, ['1', '2', '3']), (52200, ['1', '2', '3']), (53036, ['1', '2', '3']), (53338, ['1', '2', '3']), (53611, ['1', '2', '3']), (54845, ['1', '2', '3']), (55606, ['1', '2', '3']), (55752, ['1', '2', '3']), (60818, ['1', '2', '3']), (60823, ['1', '2', '3']), (61153, ['1', '2', '3']), (61656, ['1', '2', '3']), (61847, ['1', '2', '3']), (62326, ['1', '2', '3']), (62342, ['1', '2', '3']), (62904, ['1', '2', '3']), (62936, ['1', '2', '3']), (63451, ['1', '2', '3']), (64148, ['1', '2', '3']), (65316, ['1', '2', '3']), (65322, ['1', '2', '3']), (70044, ['1', '2', '3']), (70237, ['1', '2', '3']), (70421, ['1', '2', '3']), (71159, ['1', '2', '3']), (71503, ['1', '2', '3']), (72007, ['1', '2', '3']), (72545, ['1', '2', '3']), (72840, ['1', '2', '3']), (73104, ['1', '2', '3']), (73226, ['1', '2', '3']), (73435, ['1', '2', '3']), (74042, ['1', '2', '3']), (74137, ['1', '2', '3']), (74222, ['1', '2', '3']), (74302, ['1', '2', '3']), (74744, ['1', '2', '3']), (74854, ['1', '2', '3']), (75007, ['1', '2', '3']), (75143, ['1', '2', '3']), (75301, ['1', '2', '3']), (75357, ['1', '2', '3']), (75932, ['1', '2', '3']), (80021, ['1', '6', '7', '-8', '3']), (80129, ['1', '6', '7', '-8', '3']), (81318, ['1', '6', '7', '-8', '3']), (81530, ['1', '6', '7', '-8', '3']), (81720, ['1', '6', '7', '-8', '3']), (82336, ['1', '6', '7', '-8', '3']), (82430, ['1', '6', '7', '-8', '3']), (82544, ['1', '6', '7', '-8', '3']), (82634, ['1', '6', '7', '-8', '3']), (82845, ['1', '6', '7', '-8', '3']), (83053, ['1', '6', '7', '-8', '3']), (83214, ['1', '6', '7', '-8', '3']), (84429, ['1', '6', '7', '-8', '3']), (84801, ['1', '6', '7', '-8', '3']), (85140, ['1', '6', '7', '-8', '3']), (85230, ['1', '6', '7', '-8', '3']), (85419, ['1', '6', '7', '-8', '3']), (90028, ['1', '6', '7', '-8', '3']), (90324, ['1', '6', '7', '-8', '3']), (90358, ['1', '6', '7', '-8', '3']), (91032, ['1', '6', '7', '-8', '3']), (91503, ['1', '6', '7', '-8', '3']), (91637, ['1', '6', '7', '-8', '3']), (92252, ['1', '6', '7', '-8', '3']), (92459, ['1', '6', '7', '-8', '3']), (92549, ['1', '6', '7', '-8', '3']), (93228, ['1', '6', '7', '-8', '3']), (93504, ['1', '6', '7', '-8', '3']), (93632, ['1', '6', '7', '-8', '3']), (93837, ['1', '6', '7', '-8', '3']), (93957, ['1', '6', '7', '-8', '3']), (94736, ['1', '6', '7', '-8', '3']), (94841, ['1', '6', '7', '-8', '3']), (94903, ['1', '6', '7', '-8', '3']), (94949, ['1', '6', '7', '-8', '3']), (95057, ['1', '6', '7', '-8', '3']), (95135, ['1', '6', '7', '-8', '3']), (95418, ['1', '6', '7', '-8', '3']), (95450, ['1', '6', '7', '-8', '3']), (95505, ['1', '6', '7', '-8', '3']), (95631, ['1', '6', '7', '-8', '3']), (95701, ['1', '6', '7', '-8', '3']), (95754, ['1', '6', '7', '-8', '3']), (95930, ['1', '6', '7', '-8', '3']), (95954, ['1', '6', '7', '-8', '3']), (100042, ['1', '6', '7', '-8', '3']), (100106, ['1', '6', '7', '-8', '3']), (100853, ['1', '6', '7', '-8', '3']), (100927, ['1', '6', '7', '-8', '3']), (101507, ['1', '6', '7', '-8', '3']), (101650, ['1', '6', '7', '-8', '3']), (101702, ['1', '6', '7', '-8', '3']), (101736, ['1', '6', '7', '-8', '3']), (101910, ['1', '6', '7', '-8', '3']), (102003, ['1', '6', '7', '-8', '3']), (102512, ['1', '6', '7', '-8', '3']), (102719, ['1', '6', '7', '-8', '3']), (103338, ['1', '6', '7', '-8', '3']), (103608, ['1', '6', '7', '-8', '3']), (103845, ['1', '6', '7', '-8', '3']), (104059, ['1', '6', '7', '-8', '3']), (104103, ['1', '6', '7', '-8', '3']), (104136, ['1', '6', '7', '-8', '3']), (104146, ['1', '6', '7', '-8', '3']), (104413, ['1', '6', '7', '-8', '3']), (104613, ['1', '6', '7', '-8', '3']), (104846, ['1', '6', '7', '-8', '3']), (105008, ['1', '6', '7', '-8', '3']), (105316, ['1', '6', '7', '-8', '3']), (105618, ['1', '6', '7', '-8', '3']), (105854, ['1', '6', '7', '-8', '3']), (105902, ['1', '6', '7', '-8', '3']), (110104, ['1', '6', '7', '-8', '3']), (110315, ['1', '6', '7', '-8', '3']), (110439, ['1', '6', '7', '-8', '3']), (110618, ['1', '6', '7', '-8', '3']), (110631, ['1', '6', '7', '-8', '3']), (110828, ['1', '6', '7', '-8', '3']), (111035, ['1', '6', '7', '-8', '3']), (111120, ['1', '6', '7', '-8', '3']), (111144, ['1', '6', '7', '-8', '3']), (111210, ['1', '6', '7', '-8', '3']), (111347, ['1', '6', '7', '-8', '3']), (111440, ['1', '6', '7', '-8', '3']), (111605, ['1', '6', '7', '-8', '3']), (111940, ['1', '6', '7', '-8', '3']), (112000, ['1', '6', '7', '-8', '3']), (112204, ['1', '6', '7', '-8', '3']), (112546, ['1', '6', '7', '-8', '3']), (113056, ['1', '6', '7', '-8', '3']), (113931, ['1', '6', '7', '-8', '3']), (113951, ['1', '6', '7', '-8', '3']), (114152, ['1', '6', '7', '-8', '3']), (114502, ['1', '6', '7', '-8', '3']), (114519, ['1', '6', '7', '-8', '3']), (114852, ['1', '6', '7', '-8', '3']), (115251, ['1', '6', '7', '-8', '3']), (115357, ['1', '6', '7', '-8', '3']), (115357, ['1', '6', '7', '-8', '3']), (115406, ['1', '6', '7', '-8', '3']), (120014, ['1', '2', '3']), (120157, ['1', '2', '3']), (120553, ['1', '2', '3']), (120601, ['1', '2', '3']), (120606, ['1', '2', '3']), (120611, ['1', '2', '3']), (120640, ['1', '2', '3']), (120813, ['1', '2', '3']), (120815, ['1', '2', '3']), (121002, ['1', '2', '3']), (122109, ['1', '2', '3']), (122250, ['1', '2', '3']), (122600, ['1', '2', '3']), (122745, ['1', '2', '3']), (123040, ['1', '2', '3']), (123118, ['1', '2', '3']), (123149, ['1', '2', '3']), (123301, ['1', '2', '3']), (123354, ['1', '2', '3']), (123454, ['1', '2', '3']), (124038, ['1', '2', '3']), (124336, ['1', '2', '3']), (124550, ['1', '2', '3']), (125017, ['1', '2', '3']), (125142, ['1', '2', '3']), (125358, ['1', '2', '3']), (125908, ['1', '2', '3']), (125916, ['1', '2', '3']), (130003, ['1', '2', '3']), (130020, ['1', '2', '3']), (130224, ['1', '2', '3']), (130315, ['1', '2', '3']), (130334, ['1', '2', '3']), (130611, ['1', '2', '3']), (130826, ['1', '2', '3']), (131001, ['1', '2', '3']), (131016, ['1', '2', '3']), (131357, ['1', '2', '3']), (131752, ['1', '2', '3']), (132136, ['1', '2', '3']), (132255, ['1', '2', '3']), (132625, ['1', '2', '3']), (132646, ['1', '2', '3']), (132713, ['1', '2', '3']), (132715, ['1', '2', '3']), (132907, ['1', '2', '3']), (132926, ['1', '2', '3']), (133013, ['1', '2', '3']), (133326, ['1', '2', '3']), (133444, ['1', '2', '3']), (133447, ['1', '2', '3']), (133502, ['1', '2', '3']), (133641, ['1', '2', '3']), (133917, ['1', '2', '3']), (134439, ['1', '2', '3']), (134621, ['1', '2', '3']), (134711, ['1', '2', '3']), (134803, ['1', '2', '3']), (134853, ['1', '2', '3']), (135027, ['1', '2', '3']), (135245, ['1', '2', '3']), (135528, ['1', '2', '3']), (135530, ['1', '2', '3']), (135712, ['1', '2', '3']), (135718, ['1', '2', '3']), (135732, ['1', '2', '3']), (140027, ['1', '2', '3']), (140040, ['1', '2', '3']), (140057, ['1', '2', '3']), (140701, ['1', '2', '3']), (140723, ['1', '2', '3']), (140931, ['1', '2', '3']), (141231, ['1', '2', '3']), (141237, ['1', '2', '3']), (141343, ['1', '2', '3']), (142033, ['1', '2', '3']), (142301, ['1', '2', '3']), (142405, ['1', '2', '3']), (142554, ['1', '2', '3']), (142800, ['1', '2', '3']), (143018, ['1', '2', '3']), (143111, ['1', '2', '3']), (143522, ['1', '2', '3']), (143638, ['1', '2', '3']), (143651, ['1', '2', '3']), (143714, ['1', '2', '3']), (143916, ['1', '2', '3']), (143931, ['1', '2', '3']), (144101, ['1', '2', '3']), (144321, ['1', '2', '3']), (144606, ['1', '2', '3']), (144731, ['1', '2', '3']), (145037, ['1', '2', '3']), (145052, ['1', '2', '3']), (145221, ['1', '2', '3']), (145529, ['1', '2', '3']), (145952, ['1', '2', '3'])]
2 -> 3 : [(0, 2), (10000, 5), (20000, 7), (30000, 10), (40000, 12), (50000, 15), (60000, 17), (70000, 20), (80000, 22), (90000, 25), (100000, 27), (110000, 30), (120000, 32), (130000, 35), (140000, 37)]
2 -> 5 : [(0, 0), (10000, 0), (20000, 0), (30000, 0), (40000, 0), (50000, 0), (60000, 0), (70000, 0), (80000, 0), (90000, 0), (100000, 0), (110000, 0), (120000, 0), (130000, 0), (140000, 0)]
2 -> 6 : [(0, 0), (10000, 0), (20000, 0), (30000, 0), (40000, 0), (50000, 0), (60000, 0), (70000, 0), (80000, 0), (90000, 0), (100000, 0), (110000, 0), (120000, 0), (130000, 0), (140000, 0)]
3 -> 2 : [(0, 0), (10000, 0), (20000, 0), (30000, 0), (40000, 0), (50000, 0), (60000, 0), (70000, 0), (80000, 0), (90000, 0), (100000, 0), (110000, 0), (120000, 0), (130000, 0), (140000, 0)]
3 -> 4 : [(0, 2), (10000, 5), (20000, 7), (30000, 10), (40000, 12), (50000, 15), (60000, 17), (70000, 20), (80000, 22), (90000, 25), (100000, 27), (110000, 30), (120000, 32), (130000, 35), (140000, 37)]
3 -> 7 : [(0, 0), (10000, 0), (20000, 0), (30000, 0), (40000, 0), (50000, 0), (60000, 0), (70000, 0), (80000, 0), (90000, 0), (100000, 0), (110000, 0), (120000, 0), (130000, 0), (140000, 0)]
4 -> 3 : [(0, 0), (10000, 0), (20000, 0), (30000, 0), (40000, 0), (50000, 0), (60000, 0), (70000, 0), (80000, 0), (90000, 0), (100000, 0), (110000, 0), (120000, 0), (130000, 0), (140000, 0)]
4 -> 5 : [(0, 0), (10000, 0), (20000, 0), (30000, 0), (40000, 0), (50000, 0), (60000, 0), (70000, 0), (80000, 0), (90000, 0), (100000, 0), (110000, 0), (120000, 0), (130000, 0), (140000, 0)]
5 -> 2 : [(0, 0), (10000, 0), (20000, 0), (30000, 0), (40000, 0), (50000, 0), (60000, 0), (70000, 0), (80000, 0), (90000, 0), (100000, 0), (110000, 0), (120000, 0), (130000, 0), (140000, 0)]
5 -> 4 : [(0, 0), (10000, 0), (20000, 0), (30000, 0), (40000, 0), (50000, 0), (60000, 0), (70000, 0), (80000, 0), (90000, 0), (100000, 0), (110000, 0), (120000, 0), (130000, 0), (140000, 0)]
6 -> 2 : [(0, 0), (10000, 0), (20000, 0), (30000, 0), (40000, 0), (50000, 0), (60000, 0), (70000, 0), (80000, 0), (90000, 0), (100000, 0), (110000, 0), (120000, 0), (130000, 0), (140000, 0)]
6 -> 7 : [(0, 0), (10000, 0), (20000, 0), (30000, 0), (40000, 0), (50000, 0), (60000, 0), (70000, 0), (80000, 0), (90000, 0), (100000, 0), (110000, 0), (120000, 0), (130000, 0), (140000, 0)]
7 -> 3 : [(0, 0), (10000, 0), (20000, 0), (30000, 0), (40000, 0), (50000, 0), (60000, 0), (70000, 0), (80000, 0), (90000, 0), (100000, 0), (110000, 0), (120000, 0), (130000, 0), (140000, 0)]
7 -> 6 : [(0, 0), (10000, 0), (20000, 0), (30000, 0), (40000, 0), (50000, 0), (60000, 0), (70000, 0), (80000, 0), (90000, 0), (100000, 0), (110000, 0), (120000, 0), (130000, 0), (140000, 0)]
