00:00:00
new vehicle0 @ 00:40:52 (sumoTime: 2452 seconds) on link 1 with path_nodes [1, 2, 3, 4] which means path_links [1, 2, 3]
['newVeh0'] arrived @ sumotime 2480.0 seconds
new vehicle1 @ 00:47:14 (sumoTime: 2834 seconds) on link 1 with path_nodes [1, 2, 3, 4] which means path_links [1, 2, 3]
['newVeh1'] arrived @ sumotime 2860.0 seconds
01:00:00
Umlegung ausgeführt
curVolumes: (10000, [(3, 2, 0)])
new vehicle2 @ 01:04:37 (sumoTime: 3877 seconds) on link 1 with path_nodes [1, 2, 3, 4] which means path_links [1, 2, 3]
['newVeh2'] arrived @ sumotime 3903.0 seconds
new vehicle3 @ 01:10:25 (sumoTime: 4225 seconds) on link 1 with path_nodes [1, 2, 3, 4] which means path_links [1, 2, 3]
['newVeh3'] arrived @ sumotime 4254.0 seconds
new vehicle4 @ 01:30:40 (sumoTime: 5440 seconds) on link 1 with path_nodes [1, 2, 3, 4] which means path_links [1, 2, 3]
['newVeh4'] arrived @ sumotime 5468.0 seconds
new vehicle5 @ 01:32:02 (sumoTime: 5522 seconds) on link 1 with path_nodes [1, 2, 3, 4] which means path_links [1, 2, 3]
['newVeh5'] arrived @ sumotime 5548.0 seconds
new vehicle6 @ 01:39:32 (sumoTime: 5972 seconds) on link 1 with path_nodes [1, 2, 3, 4] which means path_links [1, 2, 3]
['newVeh6'] arrived @ sumotime 5998.0 seconds
['newVeh6'] arrived @ sumotime 5999.0 seconds
new vehicle7 @ 01:54:10 (sumoTime: 6850 seconds) on link 1 with path_nodes [1, 2, 3, 4] which means path_links [1, 2, 3]
['newVeh7'] arrived @ sumotime 6875.0 seconds
02:00:00
Umlegung ausgeführt
curVolumes: (20000, [(3, 7, 0)])
new vehicle8 @ 02:04:58 (sumoTime: 7498 seconds) on link 1 with path_nodes [1, 2, 3, 4] which means path_links [1, 2, 3]
new vehicle9 @ 02:05:12 (sumoTime: 7512 seconds) on link 1 with path_nodes [1, 2, 3, 4] which means path_links [1, 2, 3]
['newVeh8'] arrived @ sumotime 7528.0 seconds
['newVeh9'] arrived @ sumotime 7542.0 seconds
new vehicle10 @ 02:06:48 (sumoTime: 7608 seconds) on link 1 with path_nodes [1, 2, 3, 4] which means path_links [1, 2, 3]
['newVeh10'] arrived @ sumotime 7635.0 seconds
new vehicle11 @ 02:11:39 (sumoTime: 7899 seconds) on link 1 with path_nodes [1, 2, 3, 4] which means path_links [1, 2, 3]
['newVeh11'] arrived @ sumotime 7927.0 seconds
new vehicle12 @ 02:15:01 (sumoTime: 8101 seconds) on link 1 with path_nodes [1, 2, 3, 4] which means path_links [1, 2, 3]
['newVeh12'] arrived @ sumotime 8132.0 seconds
new vehicle13 @ 02:22:29 (sumoTime: 8549 seconds) on link 1 with path_nodes [1, 2, 3, 4] which means path_links [1, 2, 3]
['newVeh13'] arrived @ sumotime 8576.0 seconds
new vehicle14 @ 02:24:24 (sumoTime: 8664 seconds) on link 1 with path_nodes [1, 2, 3, 4] which means path_links [1, 2, 3]
['newVeh14'] arrived @ sumotime 8692.0 seconds
new vehicle15 @ 02:36:43 (sumoTime: 9403 seconds) on link 1 with path_nodes [1, 2, 3, 4] which means path_links [1, 2, 3]
['newVeh15'] arrived @ sumotime 9430.0 seconds
new vehicle16 @ 02:46:00 (sumoTime: 9960 seconds) on link 1 with path_nodes [1, 2, 3, 4] which means path_links [1, 2, 3]
['newVeh16'] arrived @ sumotime 9986.0 seconds
new vehicle17 @ 02:47:27 (sumoTime: 10047 seconds) on link 1 with path_nodes [1, 2, 3, 4] which means path_links [1, 2, 3]
['newVeh17'] arrived @ sumotime 10077.0 seconds
new vehicle18 @ 02:52:30 (sumoTime: 10350 seconds) on link 1 with path_nodes [1, 2, 3, 4] which means path_links [1, 2, 3]
['newVeh18'] arrived @ sumotime 10377.0 seconds
new vehicle19 @ 02:54:04 (sumoTime: 10444 seconds) on link 1 with path_nodes [1, 2, 3, 4] which means path_links [1, 2, 3]
['newVeh19'] arrived @ sumotime 10469.0 seconds
03:00:00
Umlegung ausgeführt
curVolumes: (30000, [(3, 12, 0)])
new vehicle20 @ 03:04:03 (sumoTime: 11043 seconds) on link 1 with path_nodes [1, 2, 3, 4] which means path_links [1, 2, 3]
['newVeh20'] arrived @ sumotime 11069.0 seconds
new vehicle21 @ 03:08:51 (sumoTime: 11331 seconds) on link 1 with path_nodes [1, 2, 3, 4] which means path_links [1, 2, 3]
['newVeh21'] arrived @ sumotime 11361.0 seconds
new vehicle22 @ 03:13:27 (sumoTime: 11607 seconds) on link 1 with path_nodes [1, 2, 3, 4] which means path_links [1, 2, 3]
['newVeh22'] arrived @ sumotime 11633.0 seconds
new vehicle23 @ 03:28:48 (sumoTime: 12528 seconds) on link 1 with path_nodes [1, 2, 3, 4] which means path_links [1, 2, 3]
['newVeh23'] arrived @ sumotime 12554.0 seconds
new vehicle24 @ 03:32:43 (sumoTime: 12763 seconds) on link 1 with path_nodes [1, 2, 3, 4] which means path_links [1, 2, 3]
['newVeh24'] arrived @ sumotime 12792.0 seconds
new vehicle25 @ 03:38:52 (sumoTime: 13132 seconds) on link 1 with path_nodes [1, 2, 3, 4] which means path_links [1, 2, 3]
['newVeh25'] arrived @ sumotime 13158.0 seconds
new vehicle26 @ 03:42:45 (sumoTime: 13365 seconds) on link 1 with path_nodes [1, 2, 3, 4] which means path_links [1, 2, 3]
['newVeh26'] arrived @ sumotime 13394.0 seconds
new vehicle27 @ 03:49:35 (sumoTime: 13775 seconds) on link 1 with path_nodes [1, 2, 3, 4] which means path_links [1, 2, 3]
['newVeh27'] arrived @ sumotime 13803.0 seconds
new vehicle28 @ 03:54:14 (sumoTime: 14054 seconds) on link 1 with path_nodes [1, 2, 3, 4] which means path_links [1, 2, 3]
['newVeh28'] arrived @ sumotime 14081.0 seconds
04:00:00
Umlegung ausgeführt
curVolumes: (40000, [(3, 9, 0)])
new vehicle29 @ 04:00:48 (sumoTime: 14448 seconds) on link 1 with path_nodes [1, 2, 3, 4] which means path_links [1, 2, 3]
['newVeh29'] arrived @ sumotime 14474.0 seconds
new vehicle30 @ 04:07:27 (sumoTime: 14847 seconds) on link 1 with path_nodes [1, 2, 3, 4] which means path_links [1, 2, 3]
['newVeh30'] arrived @ sumotime 14875.0 seconds
new vehicle31 @ 04:08:37 (sumoTime: 14917 seconds) on link 1 with path_nodes [1, 2, 3, 4] which means path_links [1, 2, 3]
['newVeh31'] arrived @ sumotime 14943.0 seconds
new vehicle32 @ 04:25:19 (sumoTime: 15919 seconds) on link 1 with path_nodes [1, 2, 3, 4] which means path_links [1, 2, 3]
['newVeh32'] arrived @ sumotime 15949.0 seconds
new vehicle33 @ 04:26:33 (sumoTime: 15993 seconds) on link 1 with path_nodes [1, 2, 3, 4] which means path_links [1, 2, 3]
['newVeh33'] arrived @ sumotime 16021.0 seconds
new vehicle34 @ 04:27:28 (sumoTime: 16048 seconds) on link 1 with path_nodes [1, 2, 3, 4] which means path_links [1, 2, 3]
['newVeh34'] arrived @ sumotime 16073.0 seconds
new vehicle35 @ 04:30:03 (sumoTime: 16203 seconds) on link 1 with path_nodes [1, 2, 3, 4] which means path_links [1, 2, 3]
['newVeh35'] arrived @ sumotime 16229.0 seconds
new vehicle36 @ 04:32:00 (sumoTime: 16320 seconds) on link 1 with path_nodes [1, 2, 3, 4] which means path_links [1, 2, 3]
['newVeh36'] arrived @ sumotime 16346.0 seconds
new vehicle37 @ 04:33:19 (sumoTime: 16399 seconds) on link 1 with path_nodes [1, 2, 3, 4] which means path_links [1, 2, 3]
['newVeh37'] arrived @ sumotime 16425.0 seconds
new vehicle38 @ 04:35:37 (sumoTime: 16537 seconds) on link 1 with path_nodes [1, 2, 3, 4] which means path_links [1, 2, 3]
['newVeh38'] arrived @ sumotime 16564.0 seconds
new vehicle39 @ 04:38:47 (sumoTime: 16727 seconds) on link 1 with path_nodes [1, 2, 3, 4] which means path_links [1, 2, 3]
['newVeh39'] arrived @ sumotime 16755.0 seconds
new vehicle40 @ 04:49:16 (sumoTime: 17356 seconds) on link 1 with path_nodes [1, 2, 3, 4] which means path_links [1, 2, 3]
['newVeh40'] arrived @ sumotime 17385.0 seconds
new vehicle41 @ 04:55:22 (sumoTime: 17722 seconds) on link 1 with path_nodes [1, 2, 3, 4] which means path_links [1, 2, 3]
['newVeh41'] arrived @ sumotime 17750.0 seconds
new vehicle42 @ 04:57:53 (sumoTime: 17873 seconds) on link 1 with path_nodes [1, 2, 3, 4] which means path_links [1, 2, 3]
['newVeh42'] arrived @ sumotime 17901.0 seconds
05:00:00
Umlegung ausgeführt
curVolumes: (50000, [(3, 14, 0)])
new vehicle43 @ 05:06:33 (sumoTime: 18393 seconds) on link 1 with path_nodes [1, 2, 3, 4] which means path_links [1, 2, 3]
['newVeh43'] arrived @ sumotime 18424.0 seconds
new vehicle44 @ 05:08:40 (sumoTime: 18520 seconds) on link 1 with path_nodes [1, 2, 3, 4] which means path_links [1, 2, 3]
['newVeh44'] arrived @ sumotime 18544.0 seconds
new vehicle45 @ 05:12:30 (sumoTime: 18750 seconds) on link 1 with path_nodes [1, 2, 3, 4] which means path_links [1, 2, 3]
['newVeh45'] arrived @ sumotime 18777.0 seconds
new vehicle46 @ 05:14:33 (sumoTime: 18873 seconds) on link 1 with path_nodes [1, 2, 3, 4] which means path_links [1, 2, 3]
['newVeh46'] arrived @ sumotime 18902.0 seconds
new vehicle47 @ 05:17:38 (sumoTime: 19058 seconds) on link 1 with path_nodes [1, 2, 3, 4] which means path_links [1, 2, 3]
['newVeh47'] arrived @ sumotime 19084.0 seconds
['newVeh47'] arrived @ sumotime 19085.0 seconds
new vehicle48 @ 05:22:22 (sumoTime: 19342 seconds) on link 1 with path_nodes [1, 2, 3, 4] which means path_links [1, 2, 3]
['newVeh48'] arrived @ sumotime 19371.0 seconds
new vehicle49 @ 05:23:33 (sumoTime: 19413 seconds) on link 1 with path_nodes [1, 2, 3, 4] which means path_links [1, 2, 3]
['newVeh49'] arrived @ sumotime 19441.0 seconds
new vehicle50 @ 05:24:32 (sumoTime: 19472 seconds) on link 1 with path_nodes [1, 2, 3, 4] which means path_links [1, 2, 3]
['newVeh50'] arrived @ sumotime 19498.0 seconds
['newVeh50'] arrived @ sumotime 19499.0 seconds
new vehicle51 @ 05:27:47 (sumoTime: 19667 seconds) on link 1 with path_nodes [1, 2, 3, 4] which means path_links [1, 2, 3]
['newVeh51'] arrived @ sumotime 19692.0 seconds
new vehicle52 @ 05:28:41 (sumoTime: 19721 seconds) on link 1 with path_nodes [1, 2, 3, 4] which means path_links [1, 2, 3]
['newVeh52'] arrived @ sumotime 19749.0 seconds
['newVeh52'] arrived @ sumotime 19750.0 seconds
new vehicle53 @ 05:29:48 (sumoTime: 19788 seconds) on link 1 with path_nodes [1, 2, 3, 4] which means path_links [1, 2, 3]
new vehicle54 @ 05:30:14 (sumoTime: 19814 seconds) on link 1 with path_nodes [1, 2, 3, 4] which means path_links [1, 2, 3]
['newVeh53'] arrived @ sumotime 19814.0 seconds
new vehicle55 @ 05:30:29 (sumoTime: 19829 seconds) on link 1 with path_nodes [1, 2, 3, 4] which means path_links [1, 2, 3]
['newVeh54'] arrived @ sumotime 19840.0 seconds
['newVeh55'] arrived @ sumotime 19855.0 seconds
new vehicle56 @ 05:31:56 (sumoTime: 19916 seconds) on link 1 with path_nodes [1, 2, 3, 4] which means path_links [1, 2, 3]
['newVeh56'] arrived @ sumotime 19943.0 seconds
new vehicle57 @ 05:36:06 (sumoTime: 20166 seconds) on link 1 with path_nodes [1, 2, 3, 4] which means path_links [1, 2, 3]
['newVeh57'] arrived @ sumotime 20195.0 seconds
new vehicle58 @ 05:48:27 (sumoTime: 20907 seconds) on link 1 with path_nodes [1, 2, 3, 4] which means path_links [1, 2, 3]
['newVeh58'] arrived @ sumotime 20932.0 seconds
new vehicle59 @ 05:52:17 (sumoTime: 21137 seconds) on link 1 with path_nodes [1, 2, 3, 4] which means path_links [1, 2, 3]
['newVeh59'] arrived @ sumotime 21166.0 seconds
new vehicle60 @ 05:59:47 (sumoTime: 21587 seconds) on link 1 with path_nodes [1, 2, 3, 4] which means path_links [1, 2, 3]
06:00:00
Umlegung ausgeführt
curVolumes: (60000, [(3, 20, 0)])
['newVeh60'] arrived @ sumotime 21616.0 seconds
new vehicle61 @ 06:00:59 (sumoTime: 21659 seconds) on link 1 with path_nodes [1, 2, 3, 4] which means path_links [1, 2, 3]
['newVeh61'] arrived @ sumotime 21689.0 seconds
new vehicle62 @ 06:01:50 (sumoTime: 21710 seconds) on link 1 with path_nodes [1, 2, 3, 4] which means path_links [1, 2, 3]
['newVeh62'] arrived @ sumotime 21740.0 seconds
new vehicle63 @ 06:03:09 (sumoTime: 21789 seconds) on link 1 with path_nodes [1, 2, 3, 4] which means path_links [1, 2, 3]
['newVeh63'] arrived @ sumotime 21816.0 seconds
new vehicle64 @ 06:14:20 (sumoTime: 22460 seconds) on link 1 with path_nodes [1, 2, 3, 4] which means path_links [1, 2, 3]
['newVeh64'] arrived @ sumotime 22486.0 seconds
new vehicle65 @ 06:15:29 (sumoTime: 22529 seconds) on link 1 with path_nodes [1, 2, 3, 4] which means path_links [1, 2, 3]
['newVeh65'] arrived @ sumotime 22555.0 seconds
new vehicle66 @ 06:26:20 (sumoTime: 23180 seconds) on link 1 with path_nodes [1, 2, 3, 4] which means path_links [1, 2, 3]
['newVeh66'] arrived @ sumotime 23208.0 seconds
new vehicle67 @ 06:27:19 (sumoTime: 23239 seconds) on link 1 with path_nodes [1, 2, 3, 4] which means path_links [1, 2, 3]
['newVeh67'] arrived @ sumotime 23266.0 seconds
new vehicle68 @ 06:32:52 (sumoTime: 23572 seconds) on link 1 with path_nodes [1, 2, 3, 4] which means path_links [1, 2, 3]
['newVeh68'] arrived @ sumotime 23598.0 seconds
new vehicle69 @ 06:38:12 (sumoTime: 23892 seconds) on link 1 with path_nodes [1, 2, 3, 4] which means path_links [1, 2, 3]
['newVeh69'] arrived @ sumotime 23919.0 seconds
new vehicle70 @ 06:42:28 (sumoTime: 24148 seconds) on link 1 with path_nodes [1, 2, 3, 4] which means path_links [1, 2, 3]
['newVeh70'] arrived @ sumotime 24174.0 seconds
new vehicle71 @ 06:45:57 (sumoTime: 24357 seconds) on link 1 with path_nodes [1, 2, 3, 4] which means path_links [1, 2, 3]
['newVeh71'] arrived @ sumotime 24384.0 seconds
new vehicle72 @ 06:56:16 (sumoTime: 24976 seconds) on link 1 with path_nodes [1, 2, 3, 4] which means path_links [1, 2, 3]
new vehicle73 @ 06:56:19 (sumoTime: 24979 seconds) on link 1 with path_nodes [1, 2, 3, 4] which means path_links [1, 2, 3]
['newVeh72'] arrived @ sumotime 25003.0 seconds
['newVeh73'] arrived @ sumotime 25008.0 seconds
new vehicle74 @ 06:57:03 (sumoTime: 25023 seconds) on link 1 with path_nodes [1, 2, 3, 4] which means path_links [1, 2, 3]
['newVeh74'] arrived @ sumotime 25052.0 seconds
07:00:00
Umlegung ausgeführt
curVolumes: (70000, [(3, 15, 0)])
new vehicle75 @ 07:06:50 (sumoTime: 25610 seconds) on link 1 with path_nodes [1, 2, 3, 4] which means path_links [1, 2, 3]
['newVeh75'] arrived @ sumotime 25637.0 seconds
new vehicle76 @ 07:12:42 (sumoTime: 25962 seconds) on link 1 with path_nodes [1, 2, 3, 4] which means path_links [1, 2, 3]
['newVeh76'] arrived @ sumotime 25987.0 seconds
new vehicle77 @ 07:14:34 (sumoTime: 26074 seconds) on link 1 with path_nodes [1, 2, 3, 4] which means path_links [1, 2, 3]
['newVeh77'] arrived @ sumotime 26106.0 seconds
new vehicle78 @ 07:15:18 (sumoTime: 26118 seconds) on link 1 with path_nodes [1, 2, 3, 4] which means path_links [1, 2, 3]
['newVeh78'] arrived @ sumotime 26145.0 seconds
new vehicle79 @ 07:18:15 (sumoTime: 26295 seconds) on link 1 with path_nodes [1, 2, 3, 4] which means path_links [1, 2, 3]
new vehicle80 @ 07:18:28 (sumoTime: 26308 seconds) on link 1 with path_nodes [1, 2, 3, 4] which means path_links [1, 2, 3]
['newVeh79'] arrived @ sumotime 26325.0 seconds
['newVeh79'] arrived @ sumotime 26326.0 seconds
['newVeh80'] arrived @ sumotime 26340.0 seconds
new vehicle81 @ 07:20:52 (sumoTime: 26452 seconds) on link 1 with path_nodes [1, 2, 3, 4] which means path_links [1, 2, 3]
['newVeh81'] arrived @ sumotime 26478.0 seconds
new vehicle82 @ 07:21:24 (sumoTime: 26484 seconds) on link 1 with path_nodes [1, 2, 3, 4] which means path_links [1, 2, 3]
['newVeh82'] arrived @ sumotime 26512.0 seconds
new vehicle83 @ 07:24:47 (sumoTime: 26687 seconds) on link 1 with path_nodes [1, 2, 3, 4] which means path_links [1, 2, 3]
['newVeh83'] arrived @ sumotime 26715.0 seconds
new vehicle84 @ 07:30:06 (sumoTime: 27006 seconds) on link 1 with path_nodes [1, 2, 3, 4] which means path_links [1, 2, 3]
['newVeh84'] arrived @ sumotime 27032.0 seconds
new vehicle85 @ 07:34:58 (sumoTime: 27298 seconds) on link 1 with path_nodes [1, 2, 3, 4] which means path_links [1, 2, 3]
['newVeh85'] arrived @ sumotime 27324.0 seconds
new vehicle86 @ 07:35:57 (sumoTime: 27357 seconds) on link 1 with path_nodes [1, 2, 3, 4] which means path_links [1, 2, 3]
['newVeh86'] arrived @ sumotime 27385.0 seconds
new vehicle87 @ 07:36:51 (sumoTime: 27411 seconds) on link 1 with path_nodes [1, 2, 3, 4] which means path_links [1, 2, 3]
['newVeh87'] arrived @ sumotime 27437.0 seconds
new vehicle88 @ 07:46:34 (sumoTime: 27994 seconds) on link 1 with path_nodes [1, 2, 3, 4] which means path_links [1, 2, 3]
['newVeh88'] arrived @ sumotime 28020.0 seconds
new vehicle89 @ 07:59:41 (sumoTime: 28781 seconds) on link 1 with path_nodes [1, 2, 3, 4] which means path_links [1, 2, 3]
08:00:00
Umlegung ausgeführt
curVolumes: (80000, [(3, 15, 0)])
['newVeh89'] arrived @ sumotime 28811.0 seconds
new vehicle90 @ 08:05:09 (sumoTime: 29109 seconds) on link 1 with path_nodes [1, 2, 3, 4] which means path_links [1, 2, 3]
['newVeh90'] arrived @ sumotime 29159.0 seconds
new vehicle91 @ 08:08:24 (sumoTime: 29304 seconds) on link 1 with path_nodes [1, 2, 3, 4] which means path_links [1, 2, 3]
new vehicle92 @ 08:09:00 (sumoTime: 29340 seconds) on link 1 with path_nodes [1, 2, 3, 4] which means path_links [1, 2, 3]
['newVeh91'] arrived @ sumotime 29354.0 seconds
['newVeh92'] arrived @ sumotime 29390.0 seconds
new vehicle93 @ 08:11:54 (sumoTime: 29514 seconds) on link 1 with path_nodes [1, 2, 3, 4] which means path_links [1, 2, 3]
['newVeh93'] arrived @ sumotime 29568.0 seconds
new vehicle94 @ 08:16:30 (sumoTime: 29790 seconds) on link 1 with path_nodes [1, 2, 3, 4] which means path_links [1, 2, 3]
new vehicle95 @ 08:17:10 (sumoTime: 29830 seconds) on link 1 with path_nodes [1, 2, 3, 4] which means path_links [1, 2, 3]
new vehicle96 @ 08:17:12 (sumoTime: 29832 seconds) on link 1 with path_nodes [1, 2, 3, 4] which means path_links [1, 2, 3]
['newVeh94'] arrived @ sumotime 29843.0 seconds
['newVeh95'] arrived @ sumotime 29885.0 seconds
['newVeh96'] arrived @ sumotime 29886.0 seconds
new vehicle97 @ 08:20:51 (sumoTime: 30051 seconds) on link 1 with path_nodes [1, 2, 3, 4] which means path_links [1, 2, 3]
new vehicle98 @ 08:21:17 (sumoTime: 30077 seconds) on link 1 with path_nodes [1, 2, 3, 4] which means path_links [1, 2, 3]
['newVeh97'] arrived @ sumotime 30101.0 seconds
['newVeh98'] arrived @ sumotime 30126.0 seconds
new vehicle99 @ 08:22:14 (sumoTime: 30134 seconds) on link 1 with path_nodes [1, 2, 3, 4] which means path_links [1, 2, 3]
['newVeh99'] arrived @ sumotime 30198.0 seconds
new vehicle100 @ 08:26:10 (sumoTime: 30370 seconds) on link 1 with path_nodes [1, 2, 3, 4] which means path_links [1, 2, 3]
new vehicle101 @ 08:26:44 (sumoTime: 30404 seconds) on link 1 with path_nodes [1, 2, 3, 4] which means path_links [1, 2, 3]
['newVeh100'] arrived @ sumotime 30425.0 seconds
['newVeh101'] arrived @ sumotime 30459.0 seconds
new vehicle102 @ 08:29:51 (sumoTime: 30591 seconds) on link 1 with path_nodes [1, 2, 3, 4] which means path_links [1, 2, 3]
['newVeh102'] arrived @ sumotime 30645.0 seconds
new vehicle103 @ 08:31:09 (sumoTime: 30669 seconds) on link 1 with path_nodes [1, 2, 3, 4] which means path_links [1, 2, 3]
['newVeh103'] arrived @ sumotime 30725.0 seconds
new vehicle104 @ 08:35:02 (sumoTime: 30902 seconds) on link 1 with path_nodes [1, 2, 3, 4] which means path_links [1, 2, 3]
['newVeh104'] arrived @ sumotime 30953.0 seconds
new vehicle105 @ 08:40:57 (sumoTime: 31257 seconds) on link 1 with path_nodes [1, 2, 3, 4] which means path_links [1, 2, 3]
['newVeh105'] arrived @ sumotime 31305.0 seconds
new vehicle106 @ 08:41:52 (sumoTime: 31312 seconds) on link 1 with path_nodes [1, 2, 3, 4] which means path_links [1, 2, 3]
['newVeh106'] arrived @ sumotime 31364.0 seconds
new vehicle107 @ 08:42:54 (sumoTime: 31374 seconds) on link 1 with path_nodes [1, 2, 3, 4] which means path_links [1, 2, 3]
['newVeh107'] arrived @ sumotime 31429.0 seconds
new vehicle108 @ 08:43:50 (sumoTime: 31430 seconds) on link 1 with path_nodes [1, 2, 3, 4] which means path_links [1, 2, 3]
['newVeh108'] arrived @ sumotime 31482.0 seconds
new vehicle109 @ 08:45:40 (sumoTime: 31540 seconds) on link 1 with path_nodes [1, 2, 3, 4] which means path_links [1, 2, 3]
['newVeh109'] arrived @ sumotime 31594.0 seconds
new vehicle110 @ 08:56:02 (sumoTime: 32162 seconds) on link 1 with path_nodes [1, 2, 3, 4] which means path_links [1, 2, 3]
['newVeh110'] arrived @ sumotime 32214.0 seconds
new vehicle111 @ 08:57:36 (sumoTime: 32256 seconds) on link 1 with path_nodes [1, 2, 3, 4] which means path_links [1, 2, 3]
new vehicle112 @ 08:57:49 (sumoTime: 32269 seconds) on link 1 with path_nodes [1, 2, 3, 4] which means path_links [1, 2, 3]
['newVeh111'] arrived @ sumotime 32308.0 seconds
['newVeh112'] arrived @ sumotime 32327.0 seconds
new vehicle113 @ 08:59:50 (sumoTime: 32390 seconds) on link 1 with path_nodes [1, 2, 3, 4] which means path_links [1, 2, 3]
09:00:00
Umlegung ausgeführt
curVolumes: (90000, [(3, 24, 0)])
['newVeh113'] arrived @ sumotime 32439.0 seconds
new vehicle114 @ 09:02:36 (sumoTime: 32556 seconds) on link 1 with path_nodes [1, 2, 3, 4] which means path_links [1, 2, 3]
['newVeh114'] arrived @ sumotime 32611.0 seconds
['newVeh114'] arrived @ sumotime 32612.0 seconds
new vehicle115 @ 09:05:20 (sumoTime: 32720 seconds) on link 1 with path_nodes [1, 2, 3, 4] which means path_links [1, 2, 3]
['newVeh115'] arrived @ sumotime 32776.0 seconds
new vehicle116 @ 09:06:32 (sumoTime: 32792 seconds) on link 1 with path_nodes [1, 2, 3, 4] which means path_links [1, 2, 3]
new vehicle117 @ 09:06:57 (sumoTime: 32817 seconds) on link 1 with path_nodes [1, 2, 3, 4] which means path_links [1, 2, 3]
new vehicle118 @ 09:07:24 (sumoTime: 32844 seconds) on link 1 with path_nodes [1, 2, 3, 4] which means path_links [1, 2, 3]
['newVeh116'] arrived @ sumotime 32846.0 seconds
['newVeh117'] arrived @ sumotime 32867.0 seconds
['newVeh118'] arrived @ sumotime 32901.0 seconds
new vehicle119 @ 09:11:27 (sumoTime: 33087 seconds) on link 1 with path_nodes [1, 2, 3, 4] which means path_links [1, 2, 3]
['newVeh119'] arrived @ sumotime 33138.0 seconds
new vehicle120 @ 09:13:44 (sumoTime: 33224 seconds) on link 1 with path_nodes [1, 2, 3, 4] which means path_links [1, 2, 3]
new vehicle121 @ 09:13:54 (sumoTime: 33234 seconds) on link 1 with path_nodes [1, 2, 3, 4] which means path_links [1, 2, 3]
['newVeh120'] arrived @ sumotime 33274.0 seconds
new vehicle122 @ 09:14:48 (sumoTime: 33288 seconds) on link 1 with path_nodes [1, 2, 3, 4] which means path_links [1, 2, 3]
['newVeh121'] arrived @ sumotime 33289.0 seconds
new vehicle123 @ 09:15:02 (sumoTime: 33302 seconds) on link 1 with path_nodes [1, 2, 3, 4] which means path_links [1, 2, 3]
new vehicle124 @ 09:15:23 (sumoTime: 33323 seconds) on link 1 with path_nodes [1, 2, 3, 4] which means path_links [1, 2, 3]
['newVeh122'] arrived @ sumotime 33339.0 seconds
['newVeh123'] arrived @ sumotime 33363.0 seconds
['newVeh124'] arrived @ sumotime 33369.0 seconds
new vehicle125 @ 09:18:12 (sumoTime: 33492 seconds) on link 1 with path_nodes [1, 2, 3, 4] which means path_links [1, 2, 3]
['newVeh125'] arrived @ sumotime 33544.0 seconds
new vehicle126 @ 09:21:39 (sumoTime: 33699 seconds) on link 1 with path_nodes [1, 2, 3, 4] which means path_links [1, 2, 3]
['newVeh126'] arrived @ sumotime 33753.0 seconds
['newVeh126'] arrived @ sumotime 33754.0 seconds
new vehicle127 @ 09:23:07 (sumoTime: 33787 seconds) on link 1 with path_nodes [1, 2, 3, 4] which means path_links [1, 2, 3]
['newVeh127'] arrived @ sumotime 33846.0 seconds
new vehicle128 @ 09:27:09 (sumoTime: 34029 seconds) on link 1 with path_nodes [1, 2, 3, 4] which means path_links [1, 2, 3]
['newVeh128'] arrived @ sumotime 34083.0 seconds
new vehicle129 @ 09:37:32 (sumoTime: 34652 seconds) on link 1 with path_nodes [1, 2, 3, 4] which means path_links [1, 2, 3]
['newVeh129'] arrived @ sumotime 34702.0 seconds
new vehicle130 @ 09:39:57 (sumoTime: 34797 seconds) on link 1 with path_nodes [1, 2, 3, 4] which means path_links [1, 2, 3]
['newVeh130'] arrived @ sumotime 34845.0 seconds
new vehicle131 @ 09:40:50 (sumoTime: 34850 seconds) on link 1 with path_nodes [1, 2, 3, 4] which means path_links [1, 2, 3]
['newVeh131'] arrived @ sumotime 34901.0 seconds
new vehicle132 @ 09:47:56 (sumoTime: 35276 seconds) on link 1 with path_nodes [1, 2, 3, 4] which means path_links [1, 2, 3]
['newVeh132'] arrived @ sumotime 35333.0 seconds
new vehicle133 @ 09:49:45 (sumoTime: 35385 seconds) on link 1 with path_nodes [1, 2, 3, 4] which means path_links [1, 2, 3]
['newVeh133'] arrived @ sumotime 35437.0 seconds
new vehicle134 @ 09:52:10 (sumoTime: 35530 seconds) on link 1 with path_nodes [1, 2, 3, 4] which means path_links [1, 2, 3]
new vehicle135 @ 09:52:18 (sumoTime: 35538 seconds) on link 1 with path_nodes [1, 2, 3, 4] which means path_links [1, 2, 3]
['newVeh134'] arrived @ sumotime 35578.0 seconds
new vehicle136 @ 09:53:02 (sumoTime: 35582 seconds) on link 1 with path_nodes [1, 2, 3, 4] which means path_links [1, 2, 3]
['newVeh135'] arrived @ sumotime 35600.0 seconds
['newVeh136'] arrived @ sumotime 35637.0 seconds
new vehicle137 @ 09:54:30 (sumoTime: 35670 seconds) on link 1 with path_nodes [1, 2, 3, 4] which means path_links [1, 2, 3]
['newVeh137'] arrived @ sumotime 35726.0 seconds
new vehicle138 @ 09:57:33 (sumoTime: 35853 seconds) on link 1 with path_nodes [1, 2, 3, 4] which means path_links [1, 2, 3]
['newVeh138'] arrived @ sumotime 35906.0 seconds
new vehicle139 @ 09:59:39 (sumoTime: 35979 seconds) on link 1 with path_nodes [1, 2, 3, 4] which means path_links [1, 2, 3]
10:00:00
Umlegung ausgeführt
curVolumes: (100000, [(3, 28, 0)])
['newVeh139'] arrived @ sumotime 36029.0 seconds
new vehicle140 @ 10:02:37 (sumoTime: 36157 seconds) on link 1 with path_nodes [1, 2, 3, 4] which means path_links [1, 2, 3]
['newVeh140'] arrived @ sumotime 36207.0 seconds
new vehicle141 @ 10:04:17 (sumoTime: 36257 seconds) on link 1 with path_nodes [1, 2, 3, 4] which means path_links [1, 2, 3]
['newVeh141'] arrived @ sumotime 36312.0 seconds
new vehicle142 @ 10:06:23 (sumoTime: 36383 seconds) on link 1 with path_nodes [1, 2, 3, 4] which means path_links [1, 2, 3]
['newVeh142'] arrived @ sumotime 36433.0 seconds
new vehicle143 @ 10:15:17 (sumoTime: 36917 seconds) on link 1 with path_nodes [1, 2, 3, 4] which means path_links [1, 2, 3]
new vehicle144 @ 10:15:32 (sumoTime: 36932 seconds) on link 1 with path_nodes [1, 2, 3, 4] which means path_links [1, 2, 3]
['newVeh143'] arrived @ sumotime 36964.0 seconds
['newVeh143'] arrived @ sumotime 36965.0 seconds
['newVeh144'] arrived @ sumotime 36985.0 seconds
new vehicle145 @ 10:19:00 (sumoTime: 37140 seconds) on link 1 with path_nodes [1, 2, 3, 4] which means path_links [1, 2, 3]
['newVeh145'] arrived @ sumotime 37189.0 seconds
new vehicle146 @ 10:20:49 (sumoTime: 37249 seconds) on link 1 with path_nodes [1, 2, 3, 4] which means path_links [1, 2, 3]
['newVeh146'] arrived @ sumotime 37299.0 seconds
new vehicle147 @ 10:21:46 (sumoTime: 37306 seconds) on link 1 with path_nodes [1, 2, 3, 4] which means path_links [1, 2, 3]
['newVeh147'] arrived @ sumotime 37362.0 seconds
new vehicle148 @ 10:23:06 (sumoTime: 37386 seconds) on link 1 with path_nodes [1, 2, 3, 4] which means path_links [1, 2, 3]
['newVeh148'] arrived @ sumotime 37441.0 seconds
new vehicle149 @ 10:27:29 (sumoTime: 37649 seconds) on link 1 with path_nodes [1, 2, 3, 4] which means path_links [1, 2, 3]
['newVeh149'] arrived @ sumotime 37700.0 seconds
new vehicle150 @ 10:29:02 (sumoTime: 37742 seconds) on link 1 with path_nodes [1, 2, 3, 4] which means path_links [1, 2, 3]
new vehicle151 @ 10:29:22 (sumoTime: 37762 seconds) on link 1 with path_nodes [1, 2, 3, 4] which means path_links [1, 2, 3]
['newVeh150'] arrived @ sumotime 37792.0 seconds
['newVeh151'] arrived @ sumotime 37813.0 seconds
new vehicle152 @ 10:31:50 (sumoTime: 37910 seconds) on link 1 with path_nodes [1, 2, 3, 4] which means path_links [1, 2, 3]
['newVeh152'] arrived @ sumotime 37962.0 seconds
new vehicle153 @ 10:34:58 (sumoTime: 38098 seconds) on link 1 with path_nodes [1, 2, 3, 4] which means path_links [1, 2, 3]
new vehicle154 @ 10:35:19 (sumoTime: 38119 seconds) on link 1 with path_nodes [1, 2, 3, 4] which means path_links [1, 2, 3]
['newVeh153'] arrived @ sumotime 38152.0 seconds
['newVeh154'] arrived @ sumotime 38170.0 seconds
new vehicle155 @ 10:36:40 (sumoTime: 38200 seconds) on link 1 with path_nodes [1, 2, 3, 4] which means path_links [1, 2, 3]
['newVeh155'] arrived @ sumotime 38249.0 seconds
new vehicle156 @ 10:39:08 (sumoTime: 38348 seconds) on link 1 with path_nodes [1, 2, 3, 4] which means path_links [1, 2, 3]
['newVeh156'] arrived @ sumotime 38402.0 seconds
new vehicle157 @ 10:54:23 (sumoTime: 39263 seconds) on link 1 with path_nodes [1, 2, 3, 4] which means path_links [1, 2, 3]
new vehicle158 @ 10:54:38 (sumoTime: 39278 seconds) on link 1 with path_nodes [1, 2, 3, 4] which means path_links [1, 2, 3]
['newVeh157'] arrived @ sumotime 39311.0 seconds
['newVeh158'] arrived @ sumotime 39325.0 seconds
new vehicle159 @ 10:55:39 (sumoTime: 39339 seconds) on link 1 with path_nodes [1, 2, 3, 4] which means path_links [1, 2, 3]
['newVeh159'] arrived @ sumotime 39393.0 seconds
new vehicle160 @ 10:57:18 (sumoTime: 39438 seconds) on link 1 with path_nodes [1, 2, 3, 4] which means path_links [1, 2, 3]
['newVeh160'] arrived @ sumotime 39496.0 seconds
11:00:00
Umlegung ausgeführt
curVolumes: (110000, [(3, 23, 0)])
new vehicle161 @ 11:01:08 (sumoTime: 39668 seconds) on link 1 with path_nodes [1, 2, 3, 4] which means path_links [1, 2, 3]
['newVeh161'] arrived @ sumotime 39722.0 seconds
new vehicle162 @ 11:04:40 (sumoTime: 39880 seconds) on link 1 with path_nodes [1, 2, 3, 4] which means path_links [1, 2, 3]
new vehicle163 @ 11:04:49 (sumoTime: 39889 seconds) on link 1 with path_nodes [1, 2, 3, 4] which means path_links [1, 2, 3]
new vehicle164 @ 11:05:26 (sumoTime: 39926 seconds) on link 1 with path_nodes [1, 2, 3, 4] which means path_links [1, 2, 3]
['newVeh162'] arrived @ sumotime 39931.0 seconds
new vehicle165 @ 11:05:32 (sumoTime: 39932 seconds) on link 1 with path_nodes [1, 2, 3, 4] which means path_links [1, 2, 3]
['newVeh163'] arrived @ sumotime 39939.0 seconds
['newVeh164'] arrived @ sumotime 39977.0 seconds
['newVeh165'] arrived @ sumotime 39982.0 seconds
new vehicle166 @ 11:07:27 (sumoTime: 40047 seconds) on link 1 with path_nodes [1, 2, 3, 4] which means path_links [1, 2, 3]
new vehicle167 @ 11:07:32 (sumoTime: 40052 seconds) on link 1 with path_nodes [1, 2, 3, 4] which means path_links [1, 2, 3]
['newVeh166'] arrived @ sumotime 40093.0 seconds
['newVeh167'] arrived @ sumotime 40107.0 seconds
new vehicle168 @ 11:14:34 (sumoTime: 40474 seconds) on link 1 with path_nodes [1, 2, 3, 4] which means path_links [1, 2, 3]
new vehicle169 @ 11:14:52 (sumoTime: 40492 seconds) on link 1 with path_nodes [1, 2, 3, 4] which means path_links [1, 2, 3]
['newVeh168'] arrived @ sumotime 40532.0 seconds
['newVeh169'] arrived @ sumotime 40546.0 seconds
new vehicle170 @ 11:16:56 (sumoTime: 40616 seconds) on link 1 with path_nodes [1, 2, 3, 4] which means path_links [1, 2, 3]
['newVeh170'] arrived @ sumotime 40672.0 seconds
new vehicle171 @ 11:18:02 (sumoTime: 40682 seconds) on link 1 with path_nodes [1, 2, 3, 4] which means path_links [1, 2, 3]
new vehicle172 @ 11:18:28 (sumoTime: 40708 seconds) on link 1 with path_nodes [1, 2, 3, 4] which means path_links [1, 2, 3]
new vehicle173 @ 11:18:58 (sumoTime: 40738 seconds) on link 1 with path_nodes [1, 2, 3, 4] which means path_links [1, 2, 3]
['newVeh171'] arrived @ sumotime 40745.0 seconds
['newVeh172'] arrived @ sumotime 40757.0 seconds
new vehicle174 @ 11:19:48 (sumoTime: 40788 seconds) on link 1 with path_nodes [1, 2, 3, 4] which means path_links [1, 2, 3]
['newVeh173'] arrived @ sumotime 40789.0 seconds
new vehicle175 @ 11:20:02 (sumoTime: 40802 seconds) on link 1 with path_nodes [1, 2, 3, 4] which means path_links [1, 2, 3]
['newVeh174'] arrived @ sumotime 40841.0 seconds
['newVeh175'] arrived @ sumotime 40851.0 seconds
new vehicle176 @ 11:22:17 (sumoTime: 40937 seconds) on link 1 with path_nodes [1, 2, 3, 4] which means path_links [1, 2, 3]
['newVeh176'] arrived @ sumotime 40991.0 seconds
new vehicle177 @ 11:23:13 (sumoTime: 40993 seconds) on link 1 with path_nodes [1, 2, 3, 4] which means path_links [1, 2, 3]
['newVeh177'] arrived @ sumotime 41048.0 seconds
new vehicle178 @ 11:24:19 (sumoTime: 41059 seconds) on link 1 with path_nodes [1, 2, 3, 4] which means path_links [1, 2, 3]
['newVeh178'] arrived @ sumotime 41108.0 seconds
new vehicle179 @ 11:27:42 (sumoTime: 41262 seconds) on link 1 with path_nodes [1, 2, 3, 4] which means path_links [1, 2, 3]
['newVeh179'] arrived @ sumotime 41319.0 seconds
new vehicle180 @ 11:33:51 (sumoTime: 41631 seconds) on link 1 with path_nodes [1, 2, 3, 4] which means path_links [1, 2, 3]
['newVeh180'] arrived @ sumotime 41682.0 seconds
new vehicle181 @ 11:35:47 (sumoTime: 41747 seconds) on link 1 with path_nodes [1, 2, 3, 4] which means path_links [1, 2, 3]
['newVeh181'] arrived @ sumotime 41798.0 seconds
new vehicle182 @ 11:39:38 (sumoTime: 41978 seconds) on link 1 with path_nodes [1, 2, 3, 4] which means path_links [1, 2, 3]
['newVeh182'] arrived @ sumotime 42030.0 seconds
new vehicle183 @ 11:42:16 (sumoTime: 42136 seconds) on link 1 with path_nodes [1, 2, 3, 4] which means path_links [1, 2, 3]
new vehicle184 @ 11:42:53 (sumoTime: 42173 seconds) on link 1 with path_nodes [1, 2, 3, 4] which means path_links [1, 2, 3]
['newVeh183'] arrived @ sumotime 42187.0 seconds
['newVeh184'] arrived @ sumotime 42234.0 seconds
new vehicle185 @ 11:44:47 (sumoTime: 42287 seconds) on link 1 with path_nodes [1, 2, 3, 4] which means path_links [1, 2, 3]
['newVeh185'] arrived @ sumotime 42337.0 seconds
new vehicle186 @ 11:46:58 (sumoTime: 42418 seconds) on link 1 with path_nodes [1, 2, 3, 4] which means path_links [1, 2, 3]
['newVeh186'] arrived @ sumotime 42475.0 seconds
new vehicle187 @ 11:51:37 (sumoTime: 42697 seconds) on link 1 with path_nodes [1, 2, 3, 4] which means path_links [1, 2, 3]
new vehicle188 @ 11:51:50 (sumoTime: 42710 seconds) on link 1 with path_nodes [1, 2, 3, 4] which means path_links [1, 2, 3]
new vehicle189 @ 11:51:57 (sumoTime: 42717 seconds) on link 1 with path_nodes [1, 2, 3, 4] which means path_links [1, 2, 3]
['newVeh187'] arrived @ sumotime 42751.0 seconds
new vehicle190 @ 11:52:37 (sumoTime: 42757 seconds) on link 1 with path_nodes [1, 2, 3, 4] which means path_links [1, 2, 3]
['newVeh188'] arrived @ sumotime 42760.0 seconds
['newVeh189'] arrived @ sumotime 42776.0 seconds
['newVeh190'] arrived @ sumotime 42812.0 seconds
['newVeh190'] arrived @ sumotime 42813.0 seconds
new vehicle191 @ 11:53:37 (sumoTime: 42817 seconds) on link 1 with path_nodes [1, 2, 3, 4] which means path_links [1, 2, 3]
['newVeh191'] arrived @ sumotime 42867.0 seconds
new vehicle192 @ 11:54:29 (sumoTime: 42869 seconds) on link 1 with path_nodes [1, 2, 3, 4] which means path_links [1, 2, 3]
['newVeh192'] arrived @ sumotime 42921.0 seconds
new vehicle193 @ 11:58:37 (sumoTime: 43117 seconds) on link 1 with path_nodes [1, 2, 3, 4] which means path_links [1, 2, 3]
['newVeh193'] arrived @ sumotime 43168.0 seconds
['newVeh193'] arrived @ sumotime 43169.0 seconds
new vehicle194 @ 11:59:38 (sumoTime: 43178 seconds) on link 1 with path_nodes [1, 2, 3, 4] which means path_links [1, 2, 3]
12:00:00
Umlegung ausgeführt
curVolumes: (120000, [(3, 35, 0)])
['newVeh194'] arrived @ sumotime 43232.0 seconds
new vehicle195 @ 12:02:32 (sumoTime: 43352 seconds) on link 1 with path_nodes [1, 2, 3, 4] which means path_links [1, 2, 3]
['newVeh195'] arrived @ sumotime 43379.0 seconds
new vehicle196 @ 12:06:31 (sumoTime: 43591 seconds) on link 1 with path_nodes [1, 2, 3, 4] which means path_links [1, 2, 3]
['newVeh196'] arrived @ sumotime 43619.0 seconds
new vehicle197 @ 12:07:06 (sumoTime: 43626 seconds) on link 1 with path_nodes [1, 2, 3, 4] which means path_links [1, 2, 3]
['newVeh197'] arrived @ sumotime 43653.0 seconds
new vehicle198 @ 12:08:51 (sumoTime: 43731 seconds) on link 1 with path_nodes [1, 2, 3, 4] which means path_links [1, 2, 3]
new vehicle199 @ 12:09:00 (sumoTime: 43740 seconds) on link 1 with path_nodes [1, 2, 3, 4] which means path_links [1, 2, 3]
['newVeh198'] arrived @ sumotime 43757.0 seconds
['newVeh199'] arrived @ sumotime 43766.0 seconds
new vehicle200 @ 12:11:10 (sumoTime: 43870 seconds) on link 1 with path_nodes [1, 2, 3, 4] which means path_links [1, 2, 3]
['newVeh200'] arrived @ sumotime 43897.0 seconds
new vehicle201 @ 12:12:06 (sumoTime: 43926 seconds) on link 1 with path_nodes [1, 2, 3, 4] which means path_links [1, 2, 3]
['newVeh201'] arrived @ sumotime 43952.0 seconds
new vehicle202 @ 12:13:42 (sumoTime: 44022 seconds) on link 1 with path_nodes [1, 2, 3, 4] which means path_links [1, 2, 3]
new vehicle203 @ 12:14:04 (sumoTime: 44044 seconds) on link 1 with path_nodes [1, 2, 3, 4] which means path_links [1, 2, 3]
['newVeh202'] arrived @ sumotime 44054.0 seconds
['newVeh203'] arrived @ sumotime 44072.0 seconds
new vehicle204 @ 12:19:59 (sumoTime: 44399 seconds) on link 1 with path_nodes [1, 2, 3, 4] which means path_links [1, 2, 3]
['newVeh204'] arrived @ sumotime 44425.0 seconds
new vehicle205 @ 12:25:01 (sumoTime: 44701 seconds) on link 1 with path_nodes [1, 2, 3, 4] which means path_links [1, 2, 3]
['newVeh205'] arrived @ sumotime 44727.0 seconds
new vehicle206 @ 12:26:48 (sumoTime: 44808 seconds) on link 1 with path_nodes [1, 2, 3, 4] which means path_links [1, 2, 3]
['newVeh206'] arrived @ sumotime 44836.0 seconds
new vehicle207 @ 12:27:18 (sumoTime: 44838 seconds) on link 1 with path_nodes [1, 2, 3, 4] which means path_links [1, 2, 3]
['newVeh207'] arrived @ sumotime 44866.0 seconds
new vehicle208 @ 12:30:52 (sumoTime: 45052 seconds) on link 1 with path_nodes [1, 2, 3, 4] which means path_links [1, 2, 3]
['newVeh208'] arrived @ sumotime 45080.0 seconds
new vehicle209 @ 12:31:50 (sumoTime: 45110 seconds) on link 1 with path_nodes [1, 2, 3, 4] which means path_links [1, 2, 3]
['newVeh209'] arrived @ sumotime 45136.0 seconds
new vehicle210 @ 12:35:12 (sumoTime: 45312 seconds) on link 1 with path_nodes [1, 2, 3, 4] which means path_links [1, 2, 3]
['newVeh210'] arrived @ sumotime 45339.0 seconds
new vehicle211 @ 12:36:02 (sumoTime: 45362 seconds) on link 1 with path_nodes [1, 2, 3, 4] which means path_links [1, 2, 3]
['newVeh211'] arrived @ sumotime 45388.0 seconds
new vehicle212 @ 12:39:39 (sumoTime: 45579 seconds) on link 1 with path_nodes [1, 2, 3, 4] which means path_links [1, 2, 3]
['newVeh212'] arrived @ sumotime 45606.0 seconds
new vehicle213 @ 12:43:15 (sumoTime: 45795 seconds) on link 1 with path_nodes [1, 2, 3, 4] which means path_links [1, 2, 3]
['newVeh213'] arrived @ sumotime 45827.0 seconds
new vehicle214 @ 12:44:18 (sumoTime: 45858 seconds) on link 1 with path_nodes [1, 2, 3, 4] which means path_links [1, 2, 3]
['newVeh214'] arrived @ sumotime 45887.0 seconds
new vehicle215 @ 12:45:10 (sumoTime: 45910 seconds) on link 1 with path_nodes [1, 2, 3, 4] which means path_links [1, 2, 3]
['newVeh215'] arrived @ sumotime 45936.0 seconds
new vehicle216 @ 12:45:49 (sumoTime: 45949 seconds) on link 1 with path_nodes [1, 2, 3, 4] which means path_links [1, 2, 3]
['newVeh216'] arrived @ sumotime 45976.0 seconds
new vehicle217 @ 12:46:26 (sumoTime: 45986 seconds) on link 1 with path_nodes [1, 2, 3, 4] which means path_links [1, 2, 3]
new vehicle218 @ 12:46:47 (sumoTime: 46007 seconds) on link 1 with path_nodes [1, 2, 3, 4] which means path_links [1, 2, 3]
['newVeh217'] arrived @ sumotime 46013.0 seconds
new vehicle219 @ 12:46:58 (sumoTime: 46018 seconds) on link 1 with path_nodes [1, 2, 3, 4] which means path_links [1, 2, 3]
['newVeh218'] arrived @ sumotime 46034.0 seconds
['newVeh219'] arrived @ sumotime 46046.0 seconds
new vehicle220 @ 12:47:59 (sumoTime: 46079 seconds) on link 1 with path_nodes [1, 2, 3, 4] which means path_links [1, 2, 3]
['newVeh220'] arrived @ sumotime 46106.0 seconds
new vehicle221 @ 12:49:35 (sumoTime: 46175 seconds) on link 1 with path_nodes [1, 2, 3, 4] which means path_links [1, 2, 3]
new vehicle222 @ 12:49:47 (sumoTime: 46187 seconds) on link 1 with path_nodes [1, 2, 3, 4] which means path_links [1, 2, 3]
['newVeh221'] arrived @ sumotime 46202.0 seconds
['newVeh222'] arrived @ sumotime 46219.0 seconds
new vehicle223 @ 12:51:35 (sumoTime: 46295 seconds) on link 1 with path_nodes [1, 2, 3, 4] which means path_links [1, 2, 3]
['newVeh223'] arrived @ sumotime 46324.0 seconds
new vehicle224 @ 12:52:45 (sumoTime: 46365 seconds) on link 1 with path_nodes [1, 2, 3, 4] which means path_links [1, 2, 3]
['newVeh224'] arrived @ sumotime 46392.0 seconds
new vehicle225 @ 12:55:01 (sumoTime: 46501 seconds) on link 1 with path_nodes [1, 2, 3, 4] which means path_links [1, 2, 3]
['newVeh225'] arrived @ sumotime 46527.0 seconds
13:00:00
Umlegung ausgeführt
curVolumes: (130000, [(3, 32, 0)])
new vehicle226 @ 13:01:30 (sumoTime: 46890 seconds) on link 1 with path_nodes [1, 2, 3, 4] which means path_links [1, 2, 3]
new vehicle227 @ 13:01:43 (sumoTime: 46903 seconds) on link 1 with path_nodes [1, 2, 3, 4] which means path_links [1, 2, 3]
['newVeh226'] arrived @ sumotime 46915.0 seconds
['newVeh227'] arrived @ sumotime 46929.0 seconds
new vehicle228 @ 13:07:41 (sumoTime: 47261 seconds) on link 1 with path_nodes [1, 2, 3, 4] which means path_links [1, 2, 3]
['newVeh228'] arrived @ sumotime 47287.0 seconds
new vehicle229 @ 13:11:38 (sumoTime: 47498 seconds) on link 1 with path_nodes [1, 2, 3, 4] which means path_links [1, 2, 3]
['newVeh229'] arrived @ sumotime 47525.0 seconds
new vehicle230 @ 13:14:30 (sumoTime: 47670 seconds) on link 1 with path_nodes [1, 2, 3, 4] which means path_links [1, 2, 3]
['newVeh230'] arrived @ sumotime 47695.0 seconds
new vehicle231 @ 13:16:45 (sumoTime: 47805 seconds) on link 1 with path_nodes [1, 2, 3, 4] which means path_links [1, 2, 3]
['newVeh231'] arrived @ sumotime 47832.0 seconds
new vehicle232 @ 13:20:22 (sumoTime: 48022 seconds) on link 1 with path_nodes [1, 2, 3, 4] which means path_links [1, 2, 3]
['newVeh232'] arrived @ sumotime 48050.0 seconds
new vehicle233 @ 13:23:46 (sumoTime: 48226 seconds) on link 1 with path_nodes [1, 2, 3, 4] which means path_links [1, 2, 3]
new vehicle234 @ 13:23:53 (sumoTime: 48233 seconds) on link 1 with path_nodes [1, 2, 3, 4] which means path_links [1, 2, 3]
['newVeh233'] arrived @ sumotime 48251.0 seconds
['newVeh234'] arrived @ sumotime 48264.0 seconds
new vehicle235 @ 13:27:20 (sumoTime: 48440 seconds) on link 1 with path_nodes [1, 2, 3, 4] which means path_links [1, 2, 3]
['newVeh235'] arrived @ sumotime 48468.0 seconds
new vehicle236 @ 13:28:29 (sumoTime: 48509 seconds) on link 1 with path_nodes [1, 2, 3, 4] which means path_links [1, 2, 3]
new vehicle237 @ 13:28:32 (sumoTime: 48512 seconds) on link 1 with path_nodes [1, 2, 3, 4] which means path_links [1, 2, 3]
['newVeh236'] arrived @ sumotime 48536.0 seconds
['newVeh237'] arrived @ sumotime 48538.0 seconds
new vehicle238 @ 13:31:06 (sumoTime: 48666 seconds) on link 1 with path_nodes [1, 2, 3, 4] which means path_links [1, 2, 3]
['newVeh238'] arrived @ sumotime 48692.0 seconds
new vehicle239 @ 13:32:21 (sumoTime: 48741 seconds) on link 1 with path_nodes [1, 2, 3, 4] which means path_links [1, 2, 3]
['newVeh239'] arrived @ sumotime 48768.0 seconds
new vehicle240 @ 13:34:06 (sumoTime: 48846 seconds) on link 1 with path_nodes [1, 2, 3, 4] which means path_links [1, 2, 3]
['newVeh240'] arrived @ sumotime 48875.0 seconds
new vehicle241 @ 13:36:09 (sumoTime: 48969 seconds) on link 1 with path_nodes [1, 2, 3, 4] which means path_links [1, 2, 3]
['newVeh241'] arrived @ sumotime 48998.0 seconds
new vehicle242 @ 13:37:03 (sumoTime: 49023 seconds) on link 1 with path_nodes [1, 2, 3, 4] which means path_links [1, 2, 3]
['newVeh242'] arrived @ sumotime 49050.0 seconds
new vehicle243 @ 13:39:22 (sumoTime: 49162 seconds) on link 1 with path_nodes [1, 2, 3, 4] which means path_links [1, 2, 3]
new vehicle244 @ 13:39:40 (sumoTime: 49180 seconds) on link 1 with path_nodes [1, 2, 3, 4] which means path_links [1, 2, 3]
['newVeh243'] arrived @ sumotime 49188.0 seconds
['newVeh244'] arrived @ sumotime 49208.0 seconds
new vehicle245 @ 13:41:26 (sumoTime: 49286 seconds) on link 1 with path_nodes [1, 2, 3, 4] which means path_links [1, 2, 3]
['newVeh245'] arrived @ sumotime 49315.0 seconds
new vehicle246 @ 13:42:30 (sumoTime: 49350 seconds) on link 1 with path_nodes [1, 2, 3, 4] which means path_links [1, 2, 3]
['newVeh246'] arrived @ sumotime 49376.0 seconds
new vehicle247 @ 13:42:58 (sumoTime: 49378 seconds) on link 1 with path_nodes [1, 2, 3, 4] which means path_links [1, 2, 3]
new vehicle248 @ 13:43:21 (sumoTime: 49401 seconds) on link 1 with path_nodes [1, 2, 3, 4] which means path_links [1, 2, 3]
['newVeh247'] arrived @ sumotime 49404.0 seconds
['newVeh248'] arrived @ sumotime 49426.0 seconds
new vehicle249 @ 13:44:10 (sumoTime: 49450 seconds) on link 1 with path_nodes [1, 2, 3, 4] which means path_links [1, 2, 3]
['newVeh249'] arrived @ sumotime 49476.0 seconds
['newVeh249'] arrived @ sumotime 49477.0 seconds
new vehicle250 @ 13:45:06 (sumoTime: 49506 seconds) on link 1 with path_nodes [1, 2, 3, 4] which means path_links [1, 2, 3]
['newVeh250'] arrived @ sumotime 49533.0 seconds
new vehicle251 @ 13:46:54 (sumoTime: 49614 seconds) on link 1 with path_nodes [1, 2, 3, 4] which means path_links [1, 2, 3]
['newVeh251'] arrived @ sumotime 49645.0 seconds
new vehicle252 @ 13:48:20 (sumoTime: 49700 seconds) on link 1 with path_nodes [1, 2, 3, 4] which means path_links [1, 2, 3]
new vehicle253 @ 13:48:28 (sumoTime: 49708 seconds) on link 1 with path_nodes [1, 2, 3, 4] which means path_links [1, 2, 3]
['newVeh252'] arrived @ sumotime 49727.0 seconds
['newVeh253'] arrived @ sumotime 49735.0 seconds
new vehicle254 @ 13:50:14 (sumoTime: 49814 seconds) on link 1 with path_nodes [1, 2, 3, 4] which means path_links [1, 2, 3]
['newVeh254'] arrived @ sumotime 49841.0 seconds
['newVeh254'] arrived @ sumotime 49842.0 seconds
new vehicle255 @ 13:54:11 (sumoTime: 50051 seconds) on link 1 with path_nodes [1, 2, 3, 4] which means path_links [1, 2, 3]
new vehicle256 @ 13:54:26 (sumoTime: 50066 seconds) on link 1 with path_nodes [1, 2, 3, 4] which means path_links [1, 2, 3]
['newVeh255'] arrived @ sumotime 50079.0 seconds
['newVeh256'] arrived @ sumotime 50093.0 seconds
new vehicle257 @ 13:59:43 (sumoTime: 50383 seconds) on link 1 with path_nodes [1, 2, 3, 4] which means path_links [1, 2, 3]
14:00:00
Umlegung ausgeführt
curVolumes: (140000, [(3, 33, 0)])
['newVeh257'] arrived @ sumotime 50411.0 seconds
new vehicle258 @ 14:03:52 (sumoTime: 50632 seconds) on link 1 with path_nodes [1, 2, 3, 4] which means path_links [1, 2, 3]
['newVeh258'] arrived @ sumotime 50659.0 seconds
new vehicle259 @ 14:06:14 (sumoTime: 50774 seconds) on link 1 with path_nodes [1, 2, 3, 4] which means path_links [1, 2, 3]
['newVeh259'] arrived @ sumotime 50801.0 seconds
['newVeh259'] arrived @ sumotime 50802.0 seconds
new vehicle260 @ 14:08:15 (sumoTime: 50895 seconds) on link 1 with path_nodes [1, 2, 3, 4] which means path_links [1, 2, 3]
['newVeh260'] arrived @ sumotime 50925.0 seconds
new vehicle261 @ 14:08:55 (sumoTime: 50935 seconds) on link 1 with path_nodes [1, 2, 3, 4] which means path_links [1, 2, 3]
['newVeh261'] arrived @ sumotime 50963.0 seconds
new vehicle262 @ 14:10:02 (sumoTime: 51002 seconds) on link 1 with path_nodes [1, 2, 3, 4] which means path_links [1, 2, 3]
['newVeh262'] arrived @ sumotime 51029.0 seconds
new vehicle263 @ 14:10:56 (sumoTime: 51056 seconds) on link 1 with path_nodes [1, 2, 3, 4] which means path_links [1, 2, 3]
['newVeh263'] arrived @ sumotime 51083.0 seconds
new vehicle264 @ 14:14:17 (sumoTime: 51257 seconds) on link 1 with path_nodes [1, 2, 3, 4] which means path_links [1, 2, 3]
['newVeh264'] arrived @ sumotime 51285.0 seconds
new vehicle265 @ 14:14:52 (sumoTime: 51292 seconds) on link 1 with path_nodes [1, 2, 3, 4] which means path_links [1, 2, 3]
['newVeh265'] arrived @ sumotime 51319.0 seconds
new vehicle266 @ 14:16:43 (sumoTime: 51403 seconds) on link 1 with path_nodes [1, 2, 3, 4] which means path_links [1, 2, 3]
['newVeh266'] arrived @ sumotime 51426.0 seconds
new vehicle267 @ 14:21:40 (sumoTime: 51700 seconds) on link 1 with path_nodes [1, 2, 3, 4] which means path_links [1, 2, 3]
new vehicle268 @ 14:21:40 (sumoTime: 51700 seconds) on link 1 with path_nodes [1, 2, 3, 4] which means path_links [1, 2, 3]
['newVeh267'] arrived @ sumotime 51727.0 seconds
['newVeh268'] arrived @ sumotime 51730.0 seconds
new vehicle269 @ 14:22:31 (sumoTime: 51751 seconds) on link 1 with path_nodes [1, 2, 3, 4] which means path_links [1, 2, 3]
new vehicle270 @ 14:22:49 (sumoTime: 51769 seconds) on link 1 with path_nodes [1, 2, 3, 4] which means path_links [1, 2, 3]
['newVeh269'] arrived @ sumotime 51780.0 seconds
['newVeh270'] arrived @ sumotime 51797.0 seconds
new vehicle271 @ 14:24:43 (sumoTime: 51883 seconds) on link 1 with path_nodes [1, 2, 3, 4] which means path_links [1, 2, 3]
['newVeh271'] arrived @ sumotime 51910.0 seconds
new vehicle272 @ 14:25:11 (sumoTime: 51911 seconds) on link 1 with path_nodes [1, 2, 3, 4] which means path_links [1, 2, 3]
['newVeh272'] arrived @ sumotime 51937.0 seconds
new vehicle273 @ 14:25:59 (sumoTime: 51959 seconds) on link 1 with path_nodes [1, 2, 3, 4] which means path_links [1, 2, 3]
['newVeh273'] arrived @ sumotime 51990.0 seconds
new vehicle274 @ 14:31:37 (sumoTime: 52297 seconds) on link 1 with path_nodes [1, 2, 3, 4] which means path_links [1, 2, 3]
['newVeh274'] arrived @ sumotime 52323.0 seconds
new vehicle275 @ 14:33:10 (sumoTime: 52390 seconds) on link 1 with path_nodes [1, 2, 3, 4] which means path_links [1, 2, 3]
['newVeh275'] arrived @ sumotime 52418.0 seconds
new vehicle276 @ 14:36:23 (sumoTime: 52583 seconds) on link 1 with path_nodes [1, 2, 3, 4] which means path_links [1, 2, 3]
['newVeh276'] arrived @ sumotime 52611.0 seconds
new vehicle277 @ 14:38:17 (sumoTime: 52697 seconds) on link 1 with path_nodes [1, 2, 3, 4] which means path_links [1, 2, 3]
['newVeh277'] arrived @ sumotime 52724.0 seconds
new vehicle278 @ 14:38:45 (sumoTime: 52725 seconds) on link 1 with path_nodes [1, 2, 3, 4] which means path_links [1, 2, 3]
new vehicle279 @ 14:38:50 (sumoTime: 52730 seconds) on link 1 with path_nodes [1, 2, 3, 4] which means path_links [1, 2, 3]
['newVeh278'] arrived @ sumotime 52752.0 seconds
['newVeh278'] arrived @ sumotime 52753.0 seconds
['newVeh279'] arrived @ sumotime 52757.0 seconds
new vehicle280 @ 14:39:49 (sumoTime: 52789 seconds) on link 1 with path_nodes [1, 2, 3, 4] which means path_links [1, 2, 3]
['newVeh280'] arrived @ sumotime 52817.0 seconds
new vehicle281 @ 14:40:24 (sumoTime: 52824 seconds) on link 1 with path_nodes [1, 2, 3, 4] which means path_links [1, 2, 3]
['newVeh281'] arrived @ sumotime 52854.0 seconds
new vehicle282 @ 14:42:54 (sumoTime: 52974 seconds) on link 1 with path_nodes [1, 2, 3, 4] which means path_links [1, 2, 3]
['newVeh282'] arrived @ sumotime 53002.0 seconds
new vehicle283 @ 14:47:16 (sumoTime: 53236 seconds) on link 1 with path_nodes [1, 2, 3, 4] which means path_links [1, 2, 3]
['newVeh283'] arrived @ sumotime 53263.0 seconds
new vehicle284 @ 14:49:48 (sumoTime: 53388 seconds) on link 1 with path_nodes [1, 2, 3, 4] which means path_links [1, 2, 3]
['newVeh284'] arrived @ sumotime 53416.0 seconds
new vehicle285 @ 14:52:22 (sumoTime: 53542 seconds) on link 1 with path_nodes [1, 2, 3, 4] which means path_links [1, 2, 3]
['newVeh285'] arrived @ sumotime 53573.0 seconds
new vehicle286 @ 14:56:42 (sumoTime: 53802 seconds) on link 1 with path_nodes [1, 2, 3, 4] which means path_links [1, 2, 3]
new vehicle287 @ 14:56:53 (sumoTime: 53813 seconds) on link 1 with path_nodes [1, 2, 3, 4] which means path_links [1, 2, 3]
['newVeh286'] arrived @ sumotime 53828.0 seconds
['newVeh287'] arrived @ sumotime 53841.0 seconds
Gesamte Auslastung: 296
Summe erzeugter Fahrzeuge: 288
-> Fahrzeuge verloren: 8
Tupel bestehend aus: VolVisum, geplantesVolSumo, avgArrTimeVisum, avgArrTimeSumo
Link: 1 -> [(2, 3, 1800, 821), (5, 7, 720, 590), (7, 13, 514, 277), (10, 10, 360, 454), (12, 15, 300, 263), (15, 19, 240, 187), (17, 15, 211, 256), (20, 16, 180, 213), (22, 25, 163, 152), (25, 27, 144, 132), (27, 22, 133, 187), (30, 35, 120, 104), (32, 32, 112, 111), (35, 33, 102, 112), (37, 31, 97, 120)]
Link: 3 -> []
Link: 5 -> []
VolumenInSumo: [(4052, ['1', '2', '3']), (4714, ['1', '2', '3']), (10437, ['1', '2', '3']), (11025, ['1', '2', '3']), (13040, ['1', '2', '3']), (13202, ['1', '2', '3']), (13932, ['1', '2', '3']), (15410, ['1', '2', '3']), (20458, ['1', '2', '3']), (20512, ['1', '2', '3']), (20648, ['1', '2', '3']), (21139, ['1', '2', '3']), (21501, ['1', '2', '3']), (22229, ['1', '2', '3']), (22424, ['1', '2', '3']), (23643, ['1', '2', '3']), (24600, ['1', '2', '3']), (24727, ['1', '2', '3']), (25230, ['1', '2', '3']), (25404, ['1', '2', '3']), (30403, ['1', '2', '3']), (30851, ['1', '2', '3']), (31327, ['1', '2', '3']), (32848, ['1', '2', '3']), (33243, ['1', '2', '3']), (33852, ['1', '2', '3']), (34245, ['1', '2', '3']), (34935, ['1', '2', '3']), (35414, ['1', '2', '3']), (40048, ['1', '2', '3']), (40727, ['1', '2', '3']), (40837, ['1', '2', '3']), (42519, ['1', '2', '3']), (42633, ['1', '2', '3']), (42728, ['1', '2', '3']), (43003, ['1', '2', '3']), (43200, ['1', '2', '3']), (43319, ['1', '2', '3']), (43537, ['1', '2', '3']), (43847, ['1', '2', '3']), (44916, ['1', '2', '3']), (45522, ['1', '2', '3']), (45753, ['1', '2', '3']), (50633, ['1', '2', '3']), (50840, ['1', '2', '3']), (51230, ['1', '2', '3']), (51433, ['1', '2', '3']), (51738, ['1', '2', '3']), (52222, ['1', '2', '3']), (52333, ['1', '2', '3']), (52432, ['1', '2', '3']), (52747, ['1', '2', '3']), (52841, ['1', '2', '3']), (52948, ['1', '2', '3']), (53014, ['1', '2', '3']), (53029, ['1', '2', '3']), (53156, ['1', '2', '3']), (53606, ['1', '2', '3']), (54827, ['1', '2', '3']), (55217, ['1', '2', '3']), (55947, ['1', '2', '3']), (60059, ['1', '2', '3']), (60150, ['1', '2', '3']), (60309, ['1', '2', '3']), (61420, ['1', '2', '3']), (61529, ['1', '2', '3']), (62620, ['1', '2', '3']), (62719, ['1', '2', '3']), (63252, ['1', '2', '3']), (63812, ['1', '2', '3']), (64228, ['1', '2', '3']), (64557, ['1', '2', '3']), (65616, ['1', '2', '3']), (65619, ['1', '2', '3']), (65703, ['1', '2', '3']), (70650, ['1', '2', '3']), (71242, ['1', '2', '3']), (71434, ['1', '2', '3']), (71518, ['1', '2', '3']), (71815, ['1', '2', '3']), (71828, ['1', '2', '3']), (72052, ['1', '2', '3']), (72124, ['1', '2', '3']), (72447, ['1', '2', '3']), (73006, ['1', '2', '3']), (73458, ['1', '2', '3']), (73557, ['1', '2', '3']), (73651, ['1', '2', '3']), (74634, ['1', '2', '3']), (75941, ['1', '2', '3']), (80509, ['1', '6', '7', '-8', '3']), (80824, ['1', '6', '7', '-8', '3']), (80900, ['1', '6', '7', '-8', '3']), (81154, ['1', '6', '7', '-8', '3']), (81630, ['1', '6', '7', '-8', '3']), (81710, ['1', '6', '7', '-8', '3']), (81712, ['1', '6', '7', '-8', '3']), (82051, ['1', '6', '7', '-8', '3']), (82117, ['1', '6', '7', '-8', '3']), (82214, ['1', '6', '7', '-8', '3']), (82610, ['1', '6', '7', '-8', '3']), (82644, ['1', '6', '7', '-8', '3']), (82951, ['1', '6', '7', '-8', '3']), (83109, ['1', '6', '7', '-8', '3']), (83502, ['1', '6', '7', '-8', '3']), (84057, ['1', '6', '7', '-8', '3']), (84152, ['1', '6', '7', '-8', '3']), (84254, ['1', '6', '7', '-8', '3']), (84350, ['1', '6', '7', '-8', '3']), (84540, ['1', '6', '7', '-8', '3']), (85602, ['1', '6', '7', '-8', '3']), (85736, ['1', '6', '7', '-8', '3']), (85749, ['1', '6', '7', '-8', '3']), (85950, ['1', '6', '7', '-8', '3']), (90236, ['1', '6', '7', '-8', '3']), (90520, ['1', '6', '7', '-8', '3']), (90632, ['1', '6', '7', '-8', '3']), (90657, ['1', '6', '7', '-8', '3']), (90724, ['1', '6', '7', '-8', '3']), (91127, ['1', '6', '7', '-8', '3']), (91344, ['1', '6', '7', '-8', '3']), (91354, ['1', '6', '7', '-8', '3']), (91448, ['1', '6', '7', '-8', '3']), (91502, ['1', '6', '7', '-8', '3']), (91523, ['1', '6', '7', '-8', '3']), (91812, ['1', '6', '7', '-8', '3']), (92139, ['1', '6', '7', '-8', '3']), (92307, ['1', '6', '7', '-8', '3']), (92709, ['1', '6', '7', '-8', '3']), (93732, ['1', '6', '7', '-8', '3']), (93957, ['1', '6', '7', '-8', '3']), (94050, ['1', '6', '7', '-8', '3']), (94756, ['1', '6', '7', '-8', '3']), (94945, ['1', '6', '7', '-8', '3']), (95210, ['1', '6', '7', '-8', '3']), (95218, ['1', '6', '7', '-8', '3']), (95302, ['1', '6', '7', '-8', '3']), (95430, ['1', '6', '7', '-8', '3']), (95733, ['1', '6', '7', '-8', '3']), (95939, ['1', '6', '7', '-8', '3']), (100237, ['1', '6', '7', '-8', '3']), (100417, ['1', '6', '7', '-8', '3']), (100623, ['1', '6', '7', '-8', '3']), (101517, ['1', '6', '7', '-8', '3']), (101532, ['1', '6', '7', '-8', '3']), (101900, ['1', '6', '7', '-8', '3']), (102049, ['1', '6', '7', '-8', '3']), (102146, ['1', '6', '7', '-8', '3']), (102306, ['1', '6', '7', '-8', '3']), (102729, ['1', '6', '7', '-8', '3']), (102902, ['1', '6', '7', '-8', '3']), (102922, ['1', '6', '7', '-8', '3']), (103150, ['1', '6', '7', '-8', '3']), (103458, ['1', '6', '7', '-8', '3']), (103519, ['1', '6', '7', '-8', '3']), (103640, ['1', '6', '7', '-8', '3']), (103908, ['1', '6', '7', '-8', '3']), (105423, ['1', '6', '7', '-8', '3']), (105438, ['1', '6', '7', '-8', '3']), (105539, ['1', '6', '7', '-8', '3']), (105718, ['1', '6', '7', '-8', '3']), (110108, ['1', '6', '7', '-8', '3']), (110440, ['1', '6', '7', '-8', '3']), (110449, ['1', '6', '7', '-8', '3']), (110526, ['1', '6', '7', '-8', '3']), (110532, ['1', '6', '7', '-8', '3']), (110727, ['1', '6', '7', '-8', '3']), (110732, ['1', '6', '7', '-8', '3']), (111434, ['1', '6', '7', '-8', '3']), (111452, ['1', '6', '7', '-8', '3']), (111656, ['1', '6', '7', '-8', '3']), (111802, ['1', '6', '7', '-8', '3']), (111828, ['1', '6', '7', '-8', '3']), (111858, ['1', '6', '7', '-8', '3']), (111948, ['1', '6', '7', '-8', '3']), (112002, ['1', '6', '7', '-8', '3']), (112217, ['1', '6', '7', '-8', '3']), (112313, ['1', '6', '7', '-8', '3']), (112419, ['1', '6', '7', '-8', '3']), (112742, ['1', '6', '7', '-8', '3']), (113351, ['1', '6', '7', '-8', '3']), (113547, ['1', '6', '7', '-8', '3']), (113938, ['1', '6', '7', '-8', '3']), (114216, ['1', '6', '7', '-8', '3']), (114253, ['1', '6', '7', '-8', '3']), (114447, ['1', '6', '7', '-8', '3']), (114658, ['1', '6', '7', '-8', '3']), (115137, ['1', '6', '7', '-8', '3']), (115150, ['1', '6', '7', '-8', '3']), (115157, ['1', '6', '7', '-8', '3']), (115237, ['1', '6', '7', '-8', '3']), (115337, ['1', '6', '7', '-8', '3']), (115429, ['1', '6', '7', '-8', '3']), (115837, ['1', '6', '7', '-8', '3']), (115938, ['1', '6', '7', '-8', '3']), (120232, ['1', '2', '3']), (120631, ['1', '2', '3']), (120706, ['1', '2', '3']), (120851, ['1', '2', '3']), (120900, ['1', '2', '3']), (121110, ['1', '2', '3']), (121206, ['1', '2', '3']), (121342, ['1', '2', '3']), (121404, ['1', '2', '3']), (121959, ['1', '2', '3']), (122501, ['1', '2', '3']), (122648, ['1', '2', '3']), (122718, ['1', '2', '3']), (123052, ['1', '2', '3']), (123150, ['1', '2', '3']), (123512, ['1', '2', '3']), (123602, ['1', '2', '3']), (123939, ['1', '2', '3']), (124315, ['1', '2', '3']), (124418, ['1', '2', '3']), (124510, ['1', '2', '3']), (124549, ['1', '2', '3']), (124626, ['1', '2', '3']), (124647, ['1', '2', '3']), (124658, ['1', '2', '3']), (124759, ['1', '2', '3']), (124935, ['1', '2', '3']), (124947, ['1', '2', '3']), (125135, ['1', '2', '3']), (125245, ['1', '2', '3']), (125501, ['1', '2', '3']), (130130, ['1', '2', '3']), (130143, ['1', '2', '3']), (130741, ['1', '2', '3']), (131138, ['1', '2', '3']), (131430, ['1', '2', '3']), (131645, ['1', '2', '3']), (132022, ['1', '2', '3']), (132346, ['1', '2', '3']), (132353, ['1', '2', '3']), (132720, ['1', '2', '3']), (132829, ['1', '2', '3']), (132832, ['1', '2', '3']), (133106, ['1', '2', '3']), (133221, ['1', '2', '3']), (133406, ['1', '2', '3']), (133609, ['1', '2', '3']), (133703, ['1', '2', '3']), (133922, ['1', '2', '3']), (133940, ['1', '2', '3']), (134126, ['1', '2', '3']), (134230, ['1', '2', '3']), (134258, ['1', '2', '3']), (134321, ['1', '2', '3']), (134410, ['1', '2', '3']), (134506, ['1', '2', '3']), (134654, ['1', '2', '3']), (134820, ['1', '2', '3']), (134828, ['1', '2', '3']), (135014, ['1', '2', '3']), (135411, ['1', '2', '3']), (135426, ['1', '2', '3']), (135943, ['1', '2', '3']), (140352, ['1', '2', '3']), (140614, ['1', '2', '3']), (140815, ['1', '2', '3']), (140855, ['1', '2', '3']), (141002, ['1', '2', '3']), (141056, ['1', '2', '3']), (141417, ['1', '2', '3']), (141452, ['1', '2', '3']), (141643, ['1', '2', '3']), (142140, ['1', '2', '3']), (142140, ['1', '2', '3']), (142231, ['1', '2', '3']), (142249, ['1', '2', '3']), (142443, ['1', '2', '3']), (142511, ['1', '2', '3']), (142559, ['1', '2', '3']), (143137, ['1', '2', '3']), (143310, ['1', '2', '3']), (143623, ['1', '2', '3']), (143817, ['1', '2', '3']), (143845, ['1', '2', '3']), (143850, ['1', '2', '3']), (143949, ['1', '2', '3']), (144024, ['1', '2', '3']), (144254, ['1', '2', '3']), (144716, ['1', '2', '3']), (144948, ['1', '2', '3']), (145222, ['1', '2', '3']), (145642, ['1', '2', '3']), (145653, ['1', '2', '3'])]
2 -> 3 : [(0, 2), (10000, 5), (20000, 7), (30000, 10), (40000, 12), (50000, 15), (60000, 17), (70000, 20), (80000, 22), (90000, 25), (100000, 27), (110000, 30), (120000, 32), (130000, 35), (140000, 37)]
2 -> 5 : [(0, 0), (10000, 0), (20000, 0), (30000, 0), (40000, 0), (50000, 0), (60000, 0), (70000, 0), (80000, 0), (90000, 0), (100000, 0), (110000, 0), (120000, 0), (130000, 0), (140000, 0)]
2 -> 6 : [(0, 0), (10000, 0), (20000, 0), (30000, 0), (40000, 0), (50000, 0), (60000, 0), (70000, 0), (80000, 0), (90000, 0), (100000, 0), (110000, 0), (120000, 0), (130000, 0), (140000, 0)]
3 -> 2 : [(0, 0), (10000, 0), (20000, 0), (30000, 0), (40000, 0), (50000, 0), (60000, 0), (70000, 0), (80000, 0), (90000, 0), (100000, 0), (110000, 0), (120000, 0), (130000, 0), (140000, 0)]
3 -> 4 : [(0, 2), (10000, 5), (20000, 7), (30000, 10), (40000, 12), (50000, 15), (60000, 17), (70000, 20), (80000, 22), (90000, 25), (100000, 27), (110000, 30), (120000, 32), (130000, 35), (140000, 37)]
3 -> 7 : [(0, 0), (10000, 0), (20000, 0), (30000, 0), (40000, 0), (50000, 0), (60000, 0), (70000, 0), (80000, 0), (90000, 0), (100000, 0), (110000, 0), (120000, 0), (130000, 0), (140000, 0)]
4 -> 3 : [(0, 0), (10000, 0), (20000, 0), (30000, 0), (40000, 0), (50000, 0), (60000, 0), (70000, 0), (80000, 0), (90000, 0), (100000, 0), (110000, 0), (120000, 0), (130000, 0), (140000, 0)]
4 -> 5 : [(0, 0), (10000, 0), (20000, 0), (30000, 0), (40000, 0), (50000, 0), (60000, 0), (70000, 0), (80000, 0), (90000, 0), (100000, 0), (110000, 0), (120000, 0), (130000, 0), (140000, 0)]
5 -> 2 : [(0, 0), (10000, 0), (20000, 0), (30000, 0), (40000, 0), (50000, 0), (60000, 0), (70000, 0), (80000, 0), (90000, 0), (100000, 0), (110000, 0), (120000, 0), (130000, 0), (140000, 0)]
5 -> 4 : [(0, 0), (10000, 0), (20000, 0), (30000, 0), (40000, 0), (50000, 0), (60000, 0), (70000, 0), (80000, 0), (90000, 0), (100000, 0), (110000, 0), (120000, 0), (130000, 0), (140000, 0)]
6 -> 2 : [(0, 0), (10000, 0), (20000, 0), (30000, 0), (40000, 0), (50000, 0), (60000, 0), (70000, 0), (80000, 0), (90000, 0), (100000, 0), (110000, 0), (120000, 0), (130000, 0), (140000, 0)]
6 -> 7 : [(0, 0), (10000, 0), (20000, 0), (30000, 0), (40000, 0), (50000, 0), (60000, 0), (70000, 0), (80000, 0), (90000, 0), (100000, 0), (110000, 0), (120000, 0), (130000, 0), (140000, 0)]
7 -> 3 : [(0, 0), (10000, 0), (20000, 0), (30000, 0), (40000, 0), (50000, 0), (60000, 0), (70000, 0), (80000, 0), (90000, 0), (100000, 0), (110000, 0), (120000, 0), (130000, 0), (140000, 0)]
7 -> 6 : [(0, 0), (10000, 0), (20000, 0), (30000, 0), (40000, 0), (50000, 0), (60000, 0), (70000, 0), (80000, 0), (90000, 0), (100000, 0), (110000, 0), (120000, 0), (130000, 0), (140000, 0)]
