00:00:00
new vehicle0 @ 00:19:54 (sumoTime: 1194 seconds) on link 1 with path_nodes [1, 2, 3, 4] which means path_links [1, 2, 3]
['newVeh0'] arrived @ sumotime 1223.0 seconds
new vehicle1 @ 00:58:27 (sumoTime: 3507 seconds) on link 1 with path_nodes [1, 2, 3, 4] which means path_links [1, 2, 3]
['newVeh1'] arrived @ sumotime 3533.0 seconds
01:00:00
[INFO: transfer Visum-Sumo]: [(1.0, 100.0, 4.995138888888889, 2.0, 1.0), (-3.0, 100.0, 0.0, 3.0, 4.0), (5.0, 100.0, 0.0, 5.0, 4.0)] 
 [(3, 2)]
Umlegung ausgeführt
curVolumes: (10000, [(3, 2, 0)])
new vehicle2 @ 01:08:17 (sumoTime: 4097 seconds) on link 1 with path_nodes [1, 2, 3, 4] which means path_links [1, 2, 3]
['newVeh2'] arrived @ sumotime 4123.0 seconds
new vehicle3 @ 01:21:46 (sumoTime: 4906 seconds) on link 1 with path_nodes [1, 2, 3, 4] which means path_links [1, 2, 3]
['newVeh3'] arrived @ sumotime 4935.0 seconds
new vehicle4 @ 01:45:40 (sumoTime: 6340 seconds) on link 1 with path_nodes [1, 2, 3, 4] which means path_links [1, 2, 3]
['newVeh4'] arrived @ sumotime 6368.0 seconds
02:00:00
[INFO: transfer Visum-Sumo]: [(1.0, 100.0, 7.495138888888889, 2.0, 1.0), (-3.0, 100.0, 0.0, 3.0, 4.0), (5.0, 100.0, 0.0, 5.0, 4.0)] 
 [(3, 3)]
Umlegung ausgeführt
curVolumes: (20000, [(3, 3, 0)])
new vehicle5 @ 02:01:04 (sumoTime: 7264 seconds) on link 1 with path_nodes [1, 2, 3, 4] which means path_links [1, 2, 3]
['newVeh5'] arrived @ sumotime 7290.0 seconds
new vehicle6 @ 02:05:23 (sumoTime: 7523 seconds) on link 1 with path_nodes [1, 2, 3, 4] which means path_links [1, 2, 3]
['newVeh6'] arrived @ sumotime 7549.0 seconds
new vehicle7 @ 02:14:34 (sumoTime: 8074 seconds) on link 1 with path_nodes [1, 2, 3, 4] which means path_links [1, 2, 3]
['newVeh7'] arrived @ sumotime 8100.0 seconds
new vehicle8 @ 02:21:31 (sumoTime: 8491 seconds) on link 1 with path_nodes [1, 2, 3, 4] which means path_links [1, 2, 3]
['newVeh8'] arrived @ sumotime 8520.0 seconds
new vehicle9 @ 02:32:19 (sumoTime: 9139 seconds) on link 1 with path_nodes [1, 2, 3, 4] which means path_links [1, 2, 3]
['newVeh9'] arrived @ sumotime 9170.0 seconds
new vehicle10 @ 02:40:02 (sumoTime: 9602 seconds) on link 1 with path_nodes [1, 2, 3, 4] which means path_links [1, 2, 3]
['newVeh10'] arrived @ sumotime 9630.0 seconds
new vehicle11 @ 02:43:46 (sumoTime: 9826 seconds) on link 1 with path_nodes [1, 2, 3, 4] which means path_links [1, 2, 3]
['newVeh11'] arrived @ sumotime 9853.0 seconds
new vehicle12 @ 02:48:59 (sumoTime: 10139 seconds) on link 1 with path_nodes [1, 2, 3, 4] which means path_links [1, 2, 3]
['newVeh12'] arrived @ sumotime 10169.0 seconds
new vehicle13 @ 02:51:37 (sumoTime: 10297 seconds) on link 1 with path_nodes [1, 2, 3, 4] which means path_links [1, 2, 3]
['newVeh13'] arrived @ sumotime 10323.0 seconds
03:00:00
[INFO: transfer Visum-Sumo]: [(1.0, 100.0, 9.995138888888889, 2.0, 1.0), (-3.0, 100.0, 0.0, 3.0, 4.0), (5.0, 100.0, 0.0, 5.0, 4.0)] 
 [(3, 9)]
Umlegung ausgeführt
curVolumes: (30000, [(3, 9, 0)])
new vehicle14 @ 03:09:35 (sumoTime: 11375 seconds) on link 1 with path_nodes [1, 2, 3, 4] which means path_links [1, 2, 3]
['newVeh14'] arrived @ sumotime 11403.0 seconds
new vehicle15 @ 03:26:42 (sumoTime: 12402 seconds) on link 1 with path_nodes [1, 2, 3, 4] which means path_links [1, 2, 3]
['newVeh15'] arrived @ sumotime 12429.0 seconds
new vehicle16 @ 03:30:01 (sumoTime: 12601 seconds) on link 1 with path_nodes [1, 2, 3, 4] which means path_links [1, 2, 3]
['newVeh16'] arrived @ sumotime 12628.0 seconds
new vehicle17 @ 03:34:24 (sumoTime: 12864 seconds) on link 1 with path_nodes [1, 2, 3, 4] which means path_links [1, 2, 3]
['newVeh17'] arrived @ sumotime 12893.0 seconds
new vehicle18 @ 03:39:11 (sumoTime: 13151 seconds) on link 1 with path_nodes [1, 2, 3, 4] which means path_links [1, 2, 3]
['newVeh18'] arrived @ sumotime 13178.0 seconds
new vehicle19 @ 03:40:16 (sumoTime: 13216 seconds) on link 1 with path_nodes [1, 2, 3, 4] which means path_links [1, 2, 3]
['newVeh19'] arrived @ sumotime 13241.0 seconds
new vehicle20 @ 03:43:58 (sumoTime: 13438 seconds) on link 1 with path_nodes [1, 2, 3, 4] which means path_links [1, 2, 3]
['newVeh20'] arrived @ sumotime 13464.0 seconds
new vehicle21 @ 03:49:21 (sumoTime: 13761 seconds) on link 1 with path_nodes [1, 2, 3, 4] which means path_links [1, 2, 3]
['newVeh21'] arrived @ sumotime 13791.0 seconds
04:00:00
[INFO: transfer Visum-Sumo]: [(1.0, 100.0, 12.495138888888889, 2.0, 1.0), (-3.0, 100.0, 0.0, 3.0, 4.0), (5.0, 100.0, 0.0, 5.0, 4.0)] 
 [(3, 8)]
Umlegung ausgeführt
curVolumes: (40000, [(3, 8, 0)])
new vehicle22 @ 04:02:18 (sumoTime: 14538 seconds) on link 1 with path_nodes [1, 2, 3, 4] which means path_links [1, 2, 3]
['newVeh22'] arrived @ sumotime 14565.0 seconds
new vehicle23 @ 04:08:06 (sumoTime: 14886 seconds) on link 1 with path_nodes [1, 2, 3, 4] which means path_links [1, 2, 3]
['newVeh23'] arrived @ sumotime 14910.0 seconds
new vehicle24 @ 04:13:32 (sumoTime: 15212 seconds) on link 1 with path_nodes [1, 2, 3, 4] which means path_links [1, 2, 3]
['newVeh24'] arrived @ sumotime 15239.0 seconds
new vehicle25 @ 04:18:29 (sumoTime: 15509 seconds) on link 1 with path_nodes [1, 2, 3, 4] which means path_links [1, 2, 3]
['newVeh25'] arrived @ sumotime 15536.0 seconds
new vehicle26 @ 04:31:07 (sumoTime: 16267 seconds) on link 1 with path_nodes [1, 2, 3, 4] which means path_links [1, 2, 3]
['newVeh26'] arrived @ sumotime 16295.0 seconds
new vehicle27 @ 04:33:42 (sumoTime: 16422 seconds) on link 1 with path_nodes [1, 2, 3, 4] which means path_links [1, 2, 3]
['newVeh27'] arrived @ sumotime 16451.0 seconds
['newVeh27'] arrived @ sumotime 16452.0 seconds
new vehicle28 @ 04:44:05 (sumoTime: 17045 seconds) on link 1 with path_nodes [1, 2, 3, 4] which means path_links [1, 2, 3]
['newVeh28'] arrived @ sumotime 17073.0 seconds
new vehicle29 @ 04:44:47 (sumoTime: 17087 seconds) on link 1 with path_nodes [1, 2, 3, 4] which means path_links [1, 2, 3]
['newVeh29'] arrived @ sumotime 17113.0 seconds
new vehicle30 @ 04:45:57 (sumoTime: 17157 seconds) on link 1 with path_nodes [1, 2, 3, 4] which means path_links [1, 2, 3]
['newVeh30'] arrived @ sumotime 17185.0 seconds
new vehicle31 @ 04:50:04 (sumoTime: 17404 seconds) on link 1 with path_nodes [1, 2, 3, 4] which means path_links [1, 2, 3]
['newVeh31'] arrived @ sumotime 17431.0 seconds
new vehicle32 @ 04:52:21 (sumoTime: 17541 seconds) on link 1 with path_nodes [1, 2, 3, 4] which means path_links [1, 2, 3]
new vehicle33 @ 04:52:43 (sumoTime: 17563 seconds) on link 1 with path_nodes [1, 2, 3, 4] which means path_links [1, 2, 3]
['newVeh32'] arrived @ sumotime 17572.0 seconds
new vehicle34 @ 04:52:59 (sumoTime: 17579 seconds) on link 1 with path_nodes [1, 2, 3, 4] which means path_links [1, 2, 3]
['newVeh33'] arrived @ sumotime 17590.0 seconds
['newVeh34'] arrived @ sumotime 17606.0 seconds
new vehicle35 @ 04:57:21 (sumoTime: 17841 seconds) on link 1 with path_nodes [1, 2, 3, 4] which means path_links [1, 2, 3]
['newVeh35'] arrived @ sumotime 17866.0 seconds
05:00:00
[INFO: transfer Visum-Sumo]: [(1.0, 100.0, 14.995138888888889, 2.0, 1.0), (-3.0, 100.0, 0.0, 3.0, 4.0), (5.0, 100.0, 0.0, 5.0, 4.0)] 
 [(3, 15)]
Umlegung ausgeführt
curVolumes: (50000, [(3, 15, 0)])
new vehicle36 @ 05:04:56 (sumoTime: 18296 seconds) on link 1 with path_nodes [1, 2, 3, 4] which means path_links [1, 2, 3]
['newVeh36'] arrived @ sumotime 18322.0 seconds
['newVeh36'] arrived @ sumotime 18323.0 seconds
new vehicle37 @ 05:06:10 (sumoTime: 18370 seconds) on link 1 with path_nodes [1, 2, 3, 4] which means path_links [1, 2, 3]
['newVeh37'] arrived @ sumotime 18398.0 seconds
new vehicle38 @ 05:06:55 (sumoTime: 18415 seconds) on link 1 with path_nodes [1, 2, 3, 4] which means path_links [1, 2, 3]
['newVeh38'] arrived @ sumotime 18441.0 seconds
new vehicle39 @ 05:09:31 (sumoTime: 18571 seconds) on link 1 with path_nodes [1, 2, 3, 4] which means path_links [1, 2, 3]
['newVeh39'] arrived @ sumotime 18599.0 seconds
new vehicle40 @ 05:10:42 (sumoTime: 18642 seconds) on link 1 with path_nodes [1, 2, 3, 4] which means path_links [1, 2, 3]
['newVeh40'] arrived @ sumotime 18673.0 seconds
new vehicle41 @ 05:16:25 (sumoTime: 18985 seconds) on link 1 with path_nodes [1, 2, 3, 4] which means path_links [1, 2, 3]
new vehicle42 @ 05:16:48 (sumoTime: 19008 seconds) on link 1 with path_nodes [1, 2, 3, 4] which means path_links [1, 2, 3]
['newVeh41'] arrived @ sumotime 19013.0 seconds
['newVeh42'] arrived @ sumotime 19036.0 seconds
new vehicle43 @ 05:18:47 (sumoTime: 19127 seconds) on link 1 with path_nodes [1, 2, 3, 4] which means path_links [1, 2, 3]
['newVeh43'] arrived @ sumotime 19158.0 seconds
new vehicle44 @ 05:23:07 (sumoTime: 19387 seconds) on link 1 with path_nodes [1, 2, 3, 4] which means path_links [1, 2, 3]
['newVeh44'] arrived @ sumotime 19413.0 seconds
new vehicle45 @ 05:30:12 (sumoTime: 19812 seconds) on link 1 with path_nodes [1, 2, 3, 4] which means path_links [1, 2, 3]
['newVeh45'] arrived @ sumotime 19839.0 seconds
new vehicle46 @ 05:31:31 (sumoTime: 19891 seconds) on link 1 with path_nodes [1, 2, 3, 4] which means path_links [1, 2, 3]
['newVeh46'] arrived @ sumotime 19921.0 seconds
['newVeh46'] arrived @ sumotime 19922.0 seconds
new vehicle47 @ 05:38:14 (sumoTime: 20294 seconds) on link 1 with path_nodes [1, 2, 3, 4] which means path_links [1, 2, 3]
['newVeh47'] arrived @ sumotime 20320.0 seconds
new vehicle48 @ 05:39:52 (sumoTime: 20392 seconds) on link 1 with path_nodes [1, 2, 3, 4] which means path_links [1, 2, 3]
['newVeh48'] arrived @ sumotime 20420.0 seconds
new vehicle49 @ 05:42:30 (sumoTime: 20550 seconds) on link 1 with path_nodes [1, 2, 3, 4] which means path_links [1, 2, 3]
new vehicle50 @ 05:42:46 (sumoTime: 20566 seconds) on link 1 with path_nodes [1, 2, 3, 4] which means path_links [1, 2, 3]
['newVeh49'] arrived @ sumotime 20577.0 seconds
['newVeh50'] arrived @ sumotime 20595.0 seconds
new vehicle51 @ 05:44:50 (sumoTime: 20690 seconds) on link 1 with path_nodes [1, 2, 3, 4] which means path_links [1, 2, 3]
['newVeh51'] arrived @ sumotime 20716.0 seconds
new vehicle52 @ 05:45:53 (sumoTime: 20753 seconds) on link 1 with path_nodes [1, 2, 3, 4] which means path_links [1, 2, 3]
['newVeh52'] arrived @ sumotime 20782.0 seconds
['newVeh52'] arrived @ sumotime 20783.0 seconds
new vehicle53 @ 05:50:33 (sumoTime: 21033 seconds) on link 1 with path_nodes [1, 2, 3, 4] which means path_links [1, 2, 3]
['newVeh53'] arrived @ sumotime 21059.0 seconds
06:00:00
[INFO: transfer Visum-Sumo]: [(1.0, 100.0, 17.49513888888889, 2.0, 1.0), (-3.0, 100.0, 0.0, 3.0, 4.0), (5.0, 100.0, 0.0, 5.0, 4.0)] 
 [(3, 21)]
Umlegung ausgeführt
curVolumes: (60000, [(3, 21, 0)])
new vehicle54 @ 06:02:16 (sumoTime: 21736 seconds) on link 1 with path_nodes [1, 2, 3, 4] which means path_links [1, 2, 3]
['newVeh54'] arrived @ sumotime 21762.0 seconds
new vehicle55 @ 06:06:26 (sumoTime: 21986 seconds) on link 1 with path_nodes [1, 2, 3, 4] which means path_links [1, 2, 3]
['newVeh55'] arrived @ sumotime 22012.0 seconds
new vehicle56 @ 06:15:12 (sumoTime: 22512 seconds) on link 1 with path_nodes [1, 2, 3, 4] which means path_links [1, 2, 3]
['newVeh56'] arrived @ sumotime 22537.0 seconds
new vehicle57 @ 06:22:40 (sumoTime: 22960 seconds) on link 1 with path_nodes [1, 2, 3, 4] which means path_links [1, 2, 3]
['newVeh57'] arrived @ sumotime 22989.0 seconds
new vehicle58 @ 06:24:13 (sumoTime: 23053 seconds) on link 1 with path_nodes [1, 2, 3, 4] which means path_links [1, 2, 3]
['newVeh58'] arrived @ sumotime 23078.0 seconds
new vehicle59 @ 06:26:14 (sumoTime: 23174 seconds) on link 1 with path_nodes [1, 2, 3, 4] which means path_links [1, 2, 3]
['newVeh59'] arrived @ sumotime 23201.0 seconds
new vehicle60 @ 06:31:09 (sumoTime: 23469 seconds) on link 1 with path_nodes [1, 2, 3, 4] which means path_links [1, 2, 3]
['newVeh60'] arrived @ sumotime 23497.0 seconds
new vehicle61 @ 06:34:22 (sumoTime: 23662 seconds) on link 1 with path_nodes [1, 2, 3, 4] which means path_links [1, 2, 3]
['newVeh61'] arrived @ sumotime 23692.0 seconds
new vehicle62 @ 06:36:47 (sumoTime: 23807 seconds) on link 1 with path_nodes [1, 2, 3, 4] which means path_links [1, 2, 3]
['newVeh62'] arrived @ sumotime 23836.0 seconds
new vehicle63 @ 06:38:34 (sumoTime: 23914 seconds) on link 1 with path_nodes [1, 2, 3, 4] which means path_links [1, 2, 3]
['newVeh63'] arrived @ sumotime 23939.0 seconds
new vehicle64 @ 06:41:40 (sumoTime: 24100 seconds) on link 1 with path_nodes [1, 2, 3, 4] which means path_links [1, 2, 3]
['newVeh64'] arrived @ sumotime 24126.0 seconds
new vehicle65 @ 06:44:41 (sumoTime: 24281 seconds) on link 1 with path_nodes [1, 2, 3, 4] which means path_links [1, 2, 3]
['newVeh65'] arrived @ sumotime 24307.0 seconds
new vehicle66 @ 06:47:48 (sumoTime: 24468 seconds) on link 1 with path_nodes [1, 2, 3, 4] which means path_links [1, 2, 3]
['newVeh66'] arrived @ sumotime 24496.0 seconds
new vehicle67 @ 06:48:22 (sumoTime: 24502 seconds) on link 1 with path_nodes [1, 2, 3, 4] which means path_links [1, 2, 3]
['newVeh67'] arrived @ sumotime 24528.0 seconds
new vehicle68 @ 06:58:00 (sumoTime: 25080 seconds) on link 1 with path_nodes [1, 2, 3, 4] which means path_links [1, 2, 3]
['newVeh68'] arrived @ sumotime 25106.0 seconds
07:00:00
[INFO: transfer Visum-Sumo]: [(1.0, 100.0, 19.99513888888889, 2.0, 1.0), (-3.0, 100.0, 0.0, 3.0, 4.0), (5.0, 100.0, 0.0, 5.0, 4.0)] 
 [(3, 15)]
Umlegung ausgeführt
curVolumes: (70000, [(3, 15, 0)])
new vehicle69 @ 07:03:22 (sumoTime: 25402 seconds) on link 1 with path_nodes [1, 2, 3, 4] which means path_links [1, 2, 3]
['newVeh69'] arrived @ sumotime 25429.0 seconds
new vehicle70 @ 07:05:31 (sumoTime: 25531 seconds) on link 1 with path_nodes [1, 2, 3, 4] which means path_links [1, 2, 3]
['newVeh70'] arrived @ sumotime 25557.0 seconds
['newVeh70'] arrived @ sumotime 25558.0 seconds
new vehicle71 @ 07:09:45 (sumoTime: 25785 seconds) on link 1 with path_nodes [1, 2, 3, 4] which means path_links [1, 2, 3]
['newVeh71'] arrived @ sumotime 25812.0 seconds
new vehicle72 @ 07:10:49 (sumoTime: 25849 seconds) on link 1 with path_nodes [1, 2, 3, 4] which means path_links [1, 2, 3]
['newVeh72'] arrived @ sumotime 25876.0 seconds
new vehicle73 @ 07:12:14 (sumoTime: 25934 seconds) on link 1 with path_nodes [1, 2, 3, 4] which means path_links [1, 2, 3]
['newVeh73'] arrived @ sumotime 25961.0 seconds
new vehicle74 @ 07:14:03 (sumoTime: 26043 seconds) on link 1 with path_nodes [1, 2, 3, 4] which means path_links [1, 2, 3]
['newVeh74'] arrived @ sumotime 26072.0 seconds
new vehicle75 @ 07:14:57 (sumoTime: 26097 seconds) on link 1 with path_nodes [1, 2, 3, 4] which means path_links [1, 2, 3]
['newVeh75'] arrived @ sumotime 26124.0 seconds
new vehicle76 @ 07:15:25 (sumoTime: 26125 seconds) on link 1 with path_nodes [1, 2, 3, 4] which means path_links [1, 2, 3]
['newVeh76'] arrived @ sumotime 26150.0 seconds
new vehicle77 @ 07:17:20 (sumoTime: 26240 seconds) on link 1 with path_nodes [1, 2, 3, 4] which means path_links [1, 2, 3]
['newVeh77'] arrived @ sumotime 26270.0 seconds
new vehicle78 @ 07:20:14 (sumoTime: 26414 seconds) on link 1 with path_nodes [1, 2, 3, 4] which means path_links [1, 2, 3]
new vehicle79 @ 07:20:20 (sumoTime: 26420 seconds) on link 1 with path_nodes [1, 2, 3, 4] which means path_links [1, 2, 3]
['newVeh78'] arrived @ sumotime 26441.0 seconds
['newVeh79'] arrived @ sumotime 26451.0 seconds
new vehicle80 @ 07:20:52 (sumoTime: 26452 seconds) on link 1 with path_nodes [1, 2, 3, 4] which means path_links [1, 2, 3]
new vehicle81 @ 07:21:09 (sumoTime: 26469 seconds) on link 1 with path_nodes [1, 2, 3, 4] which means path_links [1, 2, 3]
['newVeh80'] arrived @ sumotime 26484.0 seconds
['newVeh81'] arrived @ sumotime 26495.0 seconds
['newVeh81'] arrived @ sumotime 26496.0 seconds
new vehicle82 @ 07:22:04 (sumoTime: 26524 seconds) on link 1 with path_nodes [1, 2, 3, 4] which means path_links [1, 2, 3]
['newVeh82'] arrived @ sumotime 26552.0 seconds
new vehicle83 @ 07:23:21 (sumoTime: 26601 seconds) on link 1 with path_nodes [1, 2, 3, 4] which means path_links [1, 2, 3]
['newVeh83'] arrived @ sumotime 26629.0 seconds
new vehicle84 @ 07:24:58 (sumoTime: 26698 seconds) on link 1 with path_nodes [1, 2, 3, 4] which means path_links [1, 2, 3]
new vehicle85 @ 07:25:21 (sumoTime: 26721 seconds) on link 1 with path_nodes [1, 2, 3, 4] which means path_links [1, 2, 3]
['newVeh84'] arrived @ sumotime 26725.0 seconds
['newVeh85'] arrived @ sumotime 26747.0 seconds
new vehicle86 @ 07:30:31 (sumoTime: 27031 seconds) on link 1 with path_nodes [1, 2, 3, 4] which means path_links [1, 2, 3]
['newVeh86'] arrived @ sumotime 27057.0 seconds
['newVeh86'] arrived @ sumotime 27058.0 seconds
new vehicle87 @ 07:31:42 (sumoTime: 27102 seconds) on link 1 with path_nodes [1, 2, 3, 4] which means path_links [1, 2, 3]
new vehicle88 @ 07:31:57 (sumoTime: 27117 seconds) on link 1 with path_nodes [1, 2, 3, 4] which means path_links [1, 2, 3]
['newVeh87'] arrived @ sumotime 27128.0 seconds
['newVeh88'] arrived @ sumotime 27143.0 seconds
['newVeh88'] arrived @ sumotime 27144.0 seconds
new vehicle89 @ 07:37:57 (sumoTime: 27477 seconds) on link 1 with path_nodes [1, 2, 3, 4] which means path_links [1, 2, 3]
['newVeh89'] arrived @ sumotime 27506.0 seconds
new vehicle90 @ 07:40:19 (sumoTime: 27619 seconds) on link 1 with path_nodes [1, 2, 3, 4] which means path_links [1, 2, 3]
['newVeh90'] arrived @ sumotime 27646.0 seconds
new vehicle91 @ 07:41:32 (sumoTime: 27692 seconds) on link 1 with path_nodes [1, 2, 3, 4] which means path_links [1, 2, 3]
new vehicle92 @ 07:41:56 (sumoTime: 27716 seconds) on link 1 with path_nodes [1, 2, 3, 4] which means path_links [1, 2, 3]
['newVeh91'] arrived @ sumotime 27720.0 seconds
['newVeh92'] arrived @ sumotime 27743.0 seconds
['newVeh92'] arrived @ sumotime 27744.0 seconds
new vehicle93 @ 07:44:58 (sumoTime: 27898 seconds) on link 1 with path_nodes [1, 2, 3, 4] which means path_links [1, 2, 3]
['newVeh93'] arrived @ sumotime 27927.0 seconds
new vehicle94 @ 07:47:43 (sumoTime: 28063 seconds) on link 1 with path_nodes [1, 2, 3, 4] which means path_links [1, 2, 3]
['newVeh94'] arrived @ sumotime 28091.0 seconds
new vehicle95 @ 07:50:30 (sumoTime: 28230 seconds) on link 1 with path_nodes [1, 2, 3, 4] which means path_links [1, 2, 3]
['newVeh95'] arrived @ sumotime 28260.0 seconds
new vehicle96 @ 07:51:40 (sumoTime: 28300 seconds) on link 1 with path_nodes [1, 2, 3, 4] which means path_links [1, 2, 3]
new vehicle97 @ 07:51:42 (sumoTime: 28302 seconds) on link 1 with path_nodes [1, 2, 3, 4] which means path_links [1, 2, 3]
['newVeh96'] arrived @ sumotime 28326.0 seconds
['newVeh97'] arrived @ sumotime 28329.0 seconds
new vehicle98 @ 07:52:20 (sumoTime: 28340 seconds) on link 1 with path_nodes [1, 2, 3, 4] which means path_links [1, 2, 3]
['newVeh98'] arrived @ sumotime 28367.0 seconds
new vehicle99 @ 07:54:17 (sumoTime: 28457 seconds) on link 1 with path_nodes [1, 2, 3, 4] which means path_links [1, 2, 3]
new vehicle100 @ 07:54:34 (sumoTime: 28474 seconds) on link 1 with path_nodes [1, 2, 3, 4] which means path_links [1, 2, 3]
['newVeh99'] arrived @ sumotime 28490.0 seconds
['newVeh100'] arrived @ sumotime 28502.0 seconds
new vehicle101 @ 07:58:22 (sumoTime: 28702 seconds) on link 1 with path_nodes [1, 2, 3, 4] which means path_links [1, 2, 3]
['newVeh101'] arrived @ sumotime 28730.0 seconds
new vehicle102 @ 07:59:17 (sumoTime: 28757 seconds) on link 1 with path_nodes [1, 2, 3, 4] which means path_links [1, 2, 3]
['newVeh102'] arrived @ sumotime 28786.0 seconds
08:00:00
[INFO: transfer Visum-Sumo]: [(1.0, 100.0, 22.49513888888889, 2.0, 1.0), (-3.0, 100.0, 0.0, 3.0, 4.0), (5.0, 100.0, 0.0, 5.0, 4.0)] 
 [(3, 39)]
Umlegung ausgeführt
curVolumes: (80000, [(3, 39, 0)])
new vehicle103 @ 08:00:15 (sumoTime: 28815 seconds) on link 1 with path_nodes [1, 2, 3, 4] which means path_links [1, 2, 3]
['newVeh103'] arrived @ sumotime 28857.0 seconds
['newVeh103'] arrived @ sumotime 28858.0 seconds
['newVeh103'] arrived @ sumotime 28879.0 seconds
new vehicle104 @ 08:03:21 (sumoTime: 29001 seconds) on link 1 with path_nodes [1, 2, 3, 4] which means path_links [1, 2, 3]
new vehicle105 @ 08:03:35 (sumoTime: 29015 seconds) on link 1 with path_nodes [1, 2, 3, 4] which means path_links [1, 2, 3]
['newVeh104'] arrived @ sumotime 29039.0 seconds
['newVeh104'] arrived @ sumotime 29040.0 seconds
['newVeh105'] arrived @ sumotime 29054.0 seconds
['newVeh105'] arrived @ sumotime 29055.0 seconds
['newVeh104'] arrived @ sumotime 29059.0 seconds
['newVeh105'] arrived @ sumotime 29073.0 seconds
new vehicle106 @ 08:04:51 (sumoTime: 29091 seconds) on link 1 with path_nodes [1, 2, 3, 4] which means path_links [1, 2, 3]
['newVeh106'] arrived @ sumotime 29133.0 seconds
['newVeh106'] arrived @ sumotime 29134.0 seconds
['newVeh106'] arrived @ sumotime 29154.0 seconds
new vehicle107 @ 08:09:18 (sumoTime: 29358 seconds) on link 1 with path_nodes [1, 2, 3, 4] which means path_links [1, 2, 3]
['newVeh107'] arrived @ sumotime 29401.0 seconds
['newVeh107'] arrived @ sumotime 29402.0 seconds
['newVeh107'] arrived @ sumotime 29423.0 seconds
new vehicle108 @ 08:11:35 (sumoTime: 29495 seconds) on link 1 with path_nodes [1, 2, 3, 4] which means path_links [1, 2, 3]
['newVeh108'] arrived @ sumotime 29536.0 seconds
['newVeh108'] arrived @ sumotime 29537.0 seconds
['newVeh108'] arrived @ sumotime 29557.0 seconds
new vehicle109 @ 08:13:48 (sumoTime: 29628 seconds) on link 1 with path_nodes [1, 2, 3, 4] which means path_links [1, 2, 3]
new vehicle110 @ 08:14:25 (sumoTime: 29665 seconds) on link 1 with path_nodes [1, 2, 3, 4] which means path_links [1, 2, 3]
['newVeh109'] arrived @ sumotime 29669.0 seconds
['newVeh109'] arrived @ sumotime 29670.0 seconds
['newVeh109'] arrived @ sumotime 29690.0 seconds
new vehicle111 @ 08:14:58 (sumoTime: 29698 seconds) on link 1 with path_nodes [1, 2, 3, 4] which means path_links [1, 2, 3]
['newVeh110'] arrived @ sumotime 29705.0 seconds
['newVeh110'] arrived @ sumotime 29706.0 seconds
['newVeh110'] arrived @ sumotime 29726.0 seconds
['newVeh111'] arrived @ sumotime 29738.0 seconds
['newVeh111'] arrived @ sumotime 29739.0 seconds
['newVeh111'] arrived @ sumotime 29758.0 seconds
new vehicle112 @ 08:21:19 (sumoTime: 30079 seconds) on link 1 with path_nodes [1, 2, 3, 4] which means path_links [1, 2, 3]
['newVeh112'] arrived @ sumotime 30124.0 seconds
['newVeh112'] arrived @ sumotime 30125.0 seconds
['newVeh112'] arrived @ sumotime 30146.0 seconds
new vehicle113 @ 08:23:16 (sumoTime: 30196 seconds) on link 1 with path_nodes [1, 2, 3, 4] which means path_links [1, 2, 3]
['newVeh113'] arrived @ sumotime 30235.0 seconds
['newVeh113'] arrived @ sumotime 30236.0 seconds
['newVeh113'] arrived @ sumotime 30254.0 seconds
new vehicle114 @ 08:30:10 (sumoTime: 30610 seconds) on link 1 with path_nodes [1, 2, 3, 4] which means path_links [1, 2, 3]
['newVeh114'] arrived @ sumotime 30654.0 seconds
['newVeh114'] arrived @ sumotime 30655.0 seconds
['newVeh114'] arrived @ sumotime 30675.0 seconds
new vehicle115 @ 08:34:43 (sumoTime: 30883 seconds) on link 1 with path_nodes [1, 2, 3, 4] which means path_links [1, 2, 3]
['newVeh115'] arrived @ sumotime 30929.0 seconds
['newVeh115'] arrived @ sumotime 30930.0 seconds
['newVeh115'] arrived @ sumotime 30950.0 seconds
['newVeh115'] arrived @ sumotime 30951.0 seconds
new vehicle116 @ 08:36:34 (sumoTime: 30994 seconds) on link 1 with path_nodes [1, 2, 3, 4] which means path_links [1, 2, 3]
['newVeh116'] arrived @ sumotime 31036.0 seconds
['newVeh116'] arrived @ sumotime 31037.0 seconds
new vehicle117 @ 08:37:26 (sumoTime: 31046 seconds) on link 1 with path_nodes [1, 2, 3, 4] which means path_links [1, 2, 3]
['newVeh116'] arrived @ sumotime 31057.0 seconds
['newVeh116'] arrived @ sumotime 31058.0 seconds
['newVeh117'] arrived @ sumotime 31085.0 seconds
['newVeh117'] arrived @ sumotime 31086.0 seconds
['newVeh117'] arrived @ sumotime 31106.0 seconds
new vehicle118 @ 08:42:02 (sumoTime: 31322 seconds) on link 1 with path_nodes [1, 2, 3, 4] which means path_links [1, 2, 3]
['newVeh118'] arrived @ sumotime 31369.0 seconds
['newVeh118'] arrived @ sumotime 31370.0 seconds
['newVeh118'] arrived @ sumotime 31391.0 seconds
['newVeh118'] arrived @ sumotime 31392.0 seconds
new vehicle119 @ 08:46:14 (sumoTime: 31574 seconds) on link 1 with path_nodes [1, 2, 3, 4] which means path_links [1, 2, 3]
['newVeh119'] arrived @ sumotime 31614.0 seconds
['newVeh119'] arrived @ sumotime 31615.0 seconds
new vehicle120 @ 08:47:09 (sumoTime: 31629 seconds) on link 1 with path_nodes [1, 2, 3, 4] which means path_links [1, 2, 3]
['newVeh119'] arrived @ sumotime 31634.0 seconds
['newVeh120'] arrived @ sumotime 31666.0 seconds
['newVeh120'] arrived @ sumotime 31667.0 seconds
['newVeh120'] arrived @ sumotime 31686.0 seconds
new vehicle121 @ 08:51:26 (sumoTime: 31886 seconds) on link 1 with path_nodes [1, 2, 3, 4] which means path_links [1, 2, 3]
['newVeh121'] arrived @ sumotime 31929.0 seconds
['newVeh121'] arrived @ sumotime 31930.0 seconds
['newVeh121'] arrived @ sumotime 31931.0 seconds
['newVeh121'] arrived @ sumotime 31951.0 seconds
new vehicle122 @ 08:55:40 (sumoTime: 32140 seconds) on link 1 with path_nodes [1, 2, 3, 4] which means path_links [1, 2, 3]
new vehicle123 @ 08:55:57 (sumoTime: 32157 seconds) on link 1 with path_nodes [1, 2, 3, 4] which means path_links [1, 2, 3]
['newVeh122'] arrived @ sumotime 32180.0 seconds
['newVeh122'] arrived @ sumotime 32181.0 seconds
new vehicle124 @ 08:56:33 (sumoTime: 32193 seconds) on link 1 with path_nodes [1, 2, 3, 4] which means path_links [1, 2, 3]
['newVeh122'] arrived @ sumotime 32200.0 seconds
['newVeh123'] arrived @ sumotime 32206.0 seconds
['newVeh123'] arrived @ sumotime 32207.0 seconds
['newVeh123'] arrived @ sumotime 32208.0 seconds
['newVeh124'] arrived @ sumotime 32230.0 seconds
['newVeh124'] arrived @ sumotime 32231.0 seconds
['newVeh123'] arrived @ sumotime 32232.0 seconds
['newVeh124'] arrived @ sumotime 32249.0 seconds
09:00:00
[INFO: transfer Visum-Sumo]: [(1.0, 100.0, 24.99513888888889, 2.0, 1.0), (-3.0, 100.0, 0.0, 3.0, 4.0), (5.0, 100.0, 0.0, 5.0, 4.0)] 
 [(3, 71)]
Umlegung ausgeführt
curVolumes: (90000, [(3, 71, 0)])
new vehicle125 @ 09:03:16 (sumoTime: 32596 seconds) on link 1 with path_nodes [1, 2, 3, 4] which means path_links [1, 2, 3]
['newVeh125'] arrived @ sumotime 32637.0 seconds
['newVeh125'] arrived @ sumotime 32638.0 seconds
['newVeh125'] arrived @ sumotime 32658.0 seconds
new vehicle126 @ 09:13:33 (sumoTime: 33213 seconds) on link 1 with path_nodes [1, 2, 3, 4] which means path_links [1, 2, 3]
['newVeh126'] arrived @ sumotime 33253.0 seconds
['newVeh126'] arrived @ sumotime 33254.0 seconds
['newVeh126'] arrived @ sumotime 33274.0 seconds
new vehicle127 @ 09:14:59 (sumoTime: 33299 seconds) on link 1 with path_nodes [1, 2, 3, 4] which means path_links [1, 2, 3]
['newVeh127'] arrived @ sumotime 33347.0 seconds
['newVeh127'] arrived @ sumotime 33348.0 seconds
['newVeh127'] arrived @ sumotime 33349.0 seconds
['newVeh127'] arrived @ sumotime 33371.0 seconds
new vehicle128 @ 09:22:13 (sumoTime: 33733 seconds) on link 1 with path_nodes [1, 2, 3, 4] which means path_links [1, 2, 3]
new vehicle129 @ 09:22:52 (sumoTime: 33772 seconds) on link 1 with path_nodes [1, 2, 3, 4] which means path_links [1, 2, 3]
['newVeh128'] arrived @ sumotime 33777.0 seconds
['newVeh128'] arrived @ sumotime 33778.0 seconds
['newVeh128'] arrived @ sumotime 33798.0 seconds
['newVeh129'] arrived @ sumotime 33811.0 seconds
['newVeh129'] arrived @ sumotime 33812.0 seconds
['newVeh129'] arrived @ sumotime 33831.0 seconds
new vehicle130 @ 09:24:36 (sumoTime: 33876 seconds) on link 1 with path_nodes [1, 2, 3, 4] which means path_links [1, 2, 3]
['newVeh130'] arrived @ sumotime 33915.0 seconds
['newVeh130'] arrived @ sumotime 33916.0 seconds
['newVeh130'] arrived @ sumotime 33935.0 seconds
new vehicle131 @ 09:32:33 (sumoTime: 34353 seconds) on link 1 with path_nodes [1, 2, 3, 4] which means path_links [1, 2, 3]
new vehicle132 @ 09:33:07 (sumoTime: 34387 seconds) on link 1 with path_nodes [1, 2, 3, 4] which means path_links [1, 2, 3]
['newVeh131'] arrived @ sumotime 34393.0 seconds
['newVeh131'] arrived @ sumotime 34394.0 seconds
['newVeh131'] arrived @ sumotime 34415.0 seconds
['newVeh132'] arrived @ sumotime 34431.0 seconds
['newVeh132'] arrived @ sumotime 34432.0 seconds
['newVeh132'] arrived @ sumotime 34433.0 seconds
['newVeh132'] arrived @ sumotime 34453.0 seconds
new vehicle133 @ 09:34:39 (sumoTime: 34479 seconds) on link 1 with path_nodes [1, 2, 3, 4] which means path_links [1, 2, 3]
['newVeh133'] arrived @ sumotime 34519.0 seconds
['newVeh133'] arrived @ sumotime 34520.0 seconds
['newVeh133'] arrived @ sumotime 34541.0 seconds
new vehicle134 @ 09:42:31 (sumoTime: 34951 seconds) on link 1 with path_nodes [1, 2, 3, 4] which means path_links [1, 2, 3]
['newVeh134'] arrived @ sumotime 34989.0 seconds
['newVeh134'] arrived @ sumotime 34990.0 seconds
['newVeh134'] arrived @ sumotime 35008.0 seconds
new vehicle135 @ 09:45:40 (sumoTime: 35140 seconds) on link 1 with path_nodes [1, 2, 3, 4] which means path_links [1, 2, 3]
new vehicle136 @ 09:45:42 (sumoTime: 35142 seconds) on link 1 with path_nodes [1, 2, 3, 4] which means path_links [1, 2, 3]
['newVeh135'] arrived @ sumotime 35189.0 seconds
['newVeh135'] arrived @ sumotime 35190.0 seconds
['newVeh135'] arrived @ sumotime 35191.0 seconds
['newVeh136'] arrived @ sumotime 35193.0 seconds
['newVeh136'] arrived @ sumotime 35194.0 seconds
['newVeh135'] arrived @ sumotime 35215.0 seconds
['newVeh136'] arrived @ sumotime 35217.0 seconds
new vehicle137 @ 09:47:38 (sumoTime: 35258 seconds) on link 1 with path_nodes [1, 2, 3, 4] which means path_links [1, 2, 3]
['newVeh137'] arrived @ sumotime 35301.0 seconds
['newVeh137'] arrived @ sumotime 35302.0 seconds
['newVeh137'] arrived @ sumotime 35323.0 seconds
new vehicle138 @ 09:49:27 (sumoTime: 35367 seconds) on link 1 with path_nodes [1, 2, 3, 4] which means path_links [1, 2, 3]
new vehicle139 @ 09:49:49 (sumoTime: 35389 seconds) on link 1 with path_nodes [1, 2, 3, 4] which means path_links [1, 2, 3]
['newVeh138'] arrived @ sumotime 35409.0 seconds
['newVeh138'] arrived @ sumotime 35410.0 seconds
['newVeh138'] arrived @ sumotime 35411.0 seconds
['newVeh139'] arrived @ sumotime 35428.0 seconds
['newVeh139'] arrived @ sumotime 35429.0 seconds
['newVeh138'] arrived @ sumotime 35430.0 seconds
['newVeh139'] arrived @ sumotime 35448.0 seconds
new vehicle140 @ 09:53:12 (sumoTime: 35592 seconds) on link 1 with path_nodes [1, 2, 3, 4] which means path_links [1, 2, 3]
['newVeh140'] arrived @ sumotime 35631.0 seconds
['newVeh140'] arrived @ sumotime 35632.0 seconds
new vehicle141 @ 09:53:59 (sumoTime: 35639 seconds) on link 1 with path_nodes [1, 2, 3, 4] which means path_links [1, 2, 3]
['newVeh140'] arrived @ sumotime 35651.0 seconds
new vehicle142 @ 09:54:32 (sumoTime: 35672 seconds) on link 1 with path_nodes [1, 2, 3, 4] which means path_links [1, 2, 3]
new vehicle143 @ 09:54:40 (sumoTime: 35680 seconds) on link 1 with path_nodes [1, 2, 3, 4] which means path_links [1, 2, 3]
['newVeh141'] arrived @ sumotime 35682.0 seconds
['newVeh141'] arrived @ sumotime 35683.0 seconds
['newVeh141'] arrived @ sumotime 35703.0 seconds
['newVeh142'] arrived @ sumotime 35711.0 seconds
['newVeh142'] arrived @ sumotime 35712.0 seconds
['newVeh143'] arrived @ sumotime 35716.0 seconds
['newVeh143'] arrived @ sumotime 35717.0 seconds
['newVeh142'] arrived @ sumotime 35731.0 seconds
['newVeh143'] arrived @ sumotime 35734.0 seconds
new vehicle144 @ 09:57:55 (sumoTime: 35875 seconds) on link 1 with path_nodes [1, 2, 3, 4] which means path_links [1, 2, 3]
['newVeh144'] arrived @ sumotime 35917.0 seconds
['newVeh144'] arrived @ sumotime 35936.0 seconds
10:00:00
[INFO: transfer Visum-Sumo]: [(1.0, 100.0, 27.49513888888889, 2.0, 1.0), (-3.0, 100.0, 0.0, 3.0, 4.0), (5.0, 100.0, 0.0, 5.0, 4.0)] 
 [(3, 63)]
Umlegung ausgeführt
curVolumes: (100000, [(3, 63, 0)])
new vehicle145 @ 10:00:33 (sumoTime: 36033 seconds) on link 1 with path_nodes [1, 2, 3, 4] which means path_links [1, 2, 3]
new vehicle146 @ 10:00:48 (sumoTime: 36048 seconds) on link 1 with path_nodes [1, 2, 3, 4] which means path_links [1, 2, 3]
new vehicle147 @ 10:00:59 (sumoTime: 36059 seconds) on link 1 with path_nodes [1, 2, 3, 4] which means path_links [1, 2, 3]
['newVeh145'] arrived @ sumotime 36071.0 seconds
['newVeh145'] arrived @ sumotime 36072.0 seconds
new vehicle148 @ 10:01:15 (sumoTime: 36075 seconds) on link 1 with path_nodes [1, 2, 3, 4] which means path_links [1, 2, 3]
new vehicle149 @ 10:01:18 (sumoTime: 36078 seconds) on link 1 with path_nodes [1, 2, 3, 4] which means path_links [1, 2, 3]
['newVeh146'] arrived @ sumotime 36087.0 seconds
['newVeh146'] arrived @ sumotime 36088.0 seconds
['newVeh145'] arrived @ sumotime 36091.0 seconds
['newVeh147'] arrived @ sumotime 36103.0 seconds
['newVeh147'] arrived @ sumotime 36104.0 seconds
['newVeh146'] arrived @ sumotime 36107.0 seconds
['newVeh148'] arrived @ sumotime 36118.0 seconds
['newVeh148'] arrived @ sumotime 36119.0 seconds
['newVeh149'] arrived @ sumotime 36121.0 seconds
['newVeh149'] arrived @ sumotime 36122.0 seconds
['newVeh147'] arrived @ sumotime 36125.0 seconds
['newVeh148'] arrived @ sumotime 36140.0 seconds
['newVeh149'] arrived @ sumotime 36143.0 seconds
new vehicle150 @ 10:02:41 (sumoTime: 36161 seconds) on link 1 with path_nodes [1, 2, 3, 4] which means path_links [1, 2, 3]
['newVeh150'] arrived @ sumotime 36200.0 seconds
['newVeh150'] arrived @ sumotime 36201.0 seconds
['newVeh150'] arrived @ sumotime 36219.0 seconds
new vehicle151 @ 10:05:17 (sumoTime: 36317 seconds) on link 1 with path_nodes [1, 2, 3, 4] which means path_links [1, 2, 3]
['newVeh151'] arrived @ sumotime 36357.0 seconds
['newVeh151'] arrived @ sumotime 36358.0 seconds
new vehicle152 @ 10:06:10 (sumoTime: 36370 seconds) on link 1 with path_nodes [1, 2, 3, 4] which means path_links [1, 2, 3]
new vehicle153 @ 10:06:12 (sumoTime: 36372 seconds) on link 1 with path_nodes [1, 2, 3, 4] which means path_links [1, 2, 3]
['newVeh151'] arrived @ sumotime 36377.0 seconds
['newVeh152'] arrived @ sumotime 36410.0 seconds
['newVeh152'] arrived @ sumotime 36411.0 seconds
['newVeh153'] arrived @ sumotime 36416.0 seconds
['newVeh153'] arrived @ sumotime 36417.0 seconds
['newVeh152'] arrived @ sumotime 36429.0 seconds
['newVeh153'] arrived @ sumotime 36437.0 seconds
new vehicle154 @ 10:07:31 (sumoTime: 36451 seconds) on link 1 with path_nodes [1, 2, 3, 4] which means path_links [1, 2, 3]
['newVeh154'] arrived @ sumotime 36490.0 seconds
['newVeh154'] arrived @ sumotime 36491.0 seconds
['newVeh154'] arrived @ sumotime 36510.0 seconds
['newVeh154'] arrived @ sumotime 36511.0 seconds
new vehicle155 @ 10:09:50 (sumoTime: 36590 seconds) on link 1 with path_nodes [1, 2, 3, 4] which means path_links [1, 2, 3]
['newVeh155'] arrived @ sumotime 36628.0 seconds
['newVeh155'] arrived @ sumotime 36629.0 seconds
['newVeh155'] arrived @ sumotime 36646.0 seconds
new vehicle156 @ 10:11:25 (sumoTime: 36685 seconds) on link 1 with path_nodes [1, 2, 3, 4] which means path_links [1, 2, 3]
new vehicle157 @ 10:11:28 (sumoTime: 36688 seconds) on link 1 with path_nodes [1, 2, 3, 4] which means path_links [1, 2, 3]
new vehicle158 @ 10:11:56 (sumoTime: 36716 seconds) on link 1 with path_nodes [1, 2, 3, 4] which means path_links [1, 2, 3]
['newVeh156'] arrived @ sumotime 36728.0 seconds
['newVeh156'] arrived @ sumotime 36729.0 seconds
['newVeh157'] arrived @ sumotime 36731.0 seconds
['newVeh157'] arrived @ sumotime 36732.0 seconds
new vehicle159 @ 10:12:13 (sumoTime: 36733 seconds) on link 1 with path_nodes [1, 2, 3, 4] which means path_links [1, 2, 3]
['newVeh156'] arrived @ sumotime 36749.0 seconds
['newVeh157'] arrived @ sumotime 36751.0 seconds
['newVeh158'] arrived @ sumotime 36753.0 seconds
['newVeh158'] arrived @ sumotime 36754.0 seconds
new vehicle160 @ 10:12:37 (sumoTime: 36757 seconds) on link 1 with path_nodes [1, 2, 3, 4] which means path_links [1, 2, 3]
new vehicle161 @ 10:12:38 (sumoTime: 36758 seconds) on link 1 with path_nodes [1, 2, 3, 4] which means path_links [1, 2, 3]
['newVeh158'] arrived @ sumotime 36771.0 seconds
['newVeh159'] arrived @ sumotime 36774.0 seconds
['newVeh159'] arrived @ sumotime 36775.0 seconds
['newVeh159'] arrived @ sumotime 36795.0 seconds
['newVeh160'] arrived @ sumotime 36803.0 seconds
['newVeh160'] arrived @ sumotime 36804.0 seconds
['newVeh161'] arrived @ sumotime 36806.0 seconds
['newVeh161'] arrived @ sumotime 36807.0 seconds
['newVeh160'] arrived @ sumotime 36826.0 seconds
['newVeh161'] arrived @ sumotime 36829.0 seconds
new vehicle162 @ 10:14:03 (sumoTime: 36843 seconds) on link 1 with path_nodes [1, 2, 3, 4] which means path_links [1, 2, 3]
['newVeh162'] arrived @ sumotime 36881.0 seconds
['newVeh162'] arrived @ sumotime 36882.0 seconds
['newVeh162'] arrived @ sumotime 36899.0 seconds
new vehicle163 @ 10:16:07 (sumoTime: 36967 seconds) on link 1 with path_nodes [1, 2, 3, 4] which means path_links [1, 2, 3]
['newVeh163'] arrived @ sumotime 37005.0 seconds
['newVeh163'] arrived @ sumotime 37006.0 seconds
['newVeh163'] arrived @ sumotime 37025.0 seconds
new vehicle164 @ 10:25:07 (sumoTime: 37507 seconds) on link 1 with path_nodes [1, 2, 3, 4] which means path_links [1, 2, 3]
['newVeh164'] arrived @ sumotime 37546.0 seconds
['newVeh164'] arrived @ sumotime 37547.0 seconds
['newVeh164'] arrived @ sumotime 37565.0 seconds
new vehicle165 @ 10:28:25 (sumoTime: 37705 seconds) on link 1 with path_nodes [1, 2, 3, 4] which means path_links [1, 2, 3]
['newVeh165'] arrived @ sumotime 37743.0 seconds
['newVeh165'] arrived @ sumotime 37744.0 seconds
['newVeh165'] arrived @ sumotime 37763.0 seconds
new vehicle166 @ 10:29:48 (sumoTime: 37788 seconds) on link 1 with path_nodes [1, 2, 3, 4] which means path_links [1, 2, 3]
['newVeh166'] arrived @ sumotime 37824.0 seconds
['newVeh166'] arrived @ sumotime 37825.0 seconds
new vehicle167 @ 10:30:38 (sumoTime: 37838 seconds) on link 1 with path_nodes [1, 2, 3, 4] which means path_links [1, 2, 3]
['newVeh166'] arrived @ sumotime 37844.0 seconds
['newVeh167'] arrived @ sumotime 37881.0 seconds
['newVeh167'] arrived @ sumotime 37882.0 seconds
['newVeh167'] arrived @ sumotime 37883.0 seconds
['newVeh167'] arrived @ sumotime 37902.0 seconds
new vehicle168 @ 10:37:33 (sumoTime: 38253 seconds) on link 1 with path_nodes [1, 2, 3, 4] which means path_links [1, 2, 3]
['newVeh168'] arrived @ sumotime 38298.0 seconds
['newVeh168'] arrived @ sumotime 38299.0 seconds
['newVeh168'] arrived @ sumotime 38321.0 seconds
new vehicle169 @ 10:39:24 (sumoTime: 38364 seconds) on link 1 with path_nodes [1, 2, 3, 4] which means path_links [1, 2, 3]
['newVeh169'] arrived @ sumotime 38407.0 seconds
['newVeh169'] arrived @ sumotime 38408.0 seconds
['newVeh169'] arrived @ sumotime 38429.0 seconds
new vehicle170 @ 10:46:02 (sumoTime: 38762 seconds) on link 1 with path_nodes [1, 2, 3, 4] which means path_links [1, 2, 3]
['newVeh170'] arrived @ sumotime 38807.0 seconds
['newVeh170'] arrived @ sumotime 38808.0 seconds
['newVeh170'] arrived @ sumotime 38809.0 seconds
['newVeh170'] arrived @ sumotime 38830.0 seconds
new vehicle171 @ 10:47:35 (sumoTime: 38855 seconds) on link 1 with path_nodes [1, 2, 3, 4] which means path_links [1, 2, 3]
['newVeh171'] arrived @ sumotime 38904.0 seconds
['newVeh171'] arrived @ sumotime 38905.0 seconds
['newVeh171'] arrived @ sumotime 38906.0 seconds
['newVeh171'] arrived @ sumotime 38929.0 seconds
new vehicle172 @ 10:52:05 (sumoTime: 39125 seconds) on link 1 with path_nodes [1, 2, 3, 4] which means path_links [1, 2, 3]
['newVeh172'] arrived @ sumotime 39161.0 seconds
['newVeh172'] arrived @ sumotime 39162.0 seconds
['newVeh172'] arrived @ sumotime 39180.0 seconds
new vehicle173 @ 10:55:47 (sumoTime: 39347 seconds) on link 1 with path_nodes [1, 2, 3, 4] which means path_links [1, 2, 3]
new vehicle174 @ 10:55:55 (sumoTime: 39355 seconds) on link 1 with path_nodes [1, 2, 3, 4] which means path_links [1, 2, 3]
new vehicle175 @ 10:56:24 (sumoTime: 39384 seconds) on link 1 with path_nodes [1, 2, 3, 4] which means path_links [1, 2, 3]
['newVeh173'] arrived @ sumotime 39384.0 seconds
['newVeh173'] arrived @ sumotime 39385.0 seconds
['newVeh174'] arrived @ sumotime 39396.0 seconds
['newVeh174'] arrived @ sumotime 39397.0 seconds
['newVeh173'] arrived @ sumotime 39403.0 seconds
['newVeh174'] arrived @ sumotime 39416.0 seconds
['newVeh175'] arrived @ sumotime 39423.0 seconds
['newVeh175'] arrived @ sumotime 39424.0 seconds
['newVeh175'] arrived @ sumotime 39442.0 seconds
['newVeh175'] arrived @ sumotime 39443.0 seconds
new vehicle176 @ 10:58:52 (sumoTime: 39532 seconds) on link 1 with path_nodes [1, 2, 3, 4] which means path_links [1, 2, 3]
new vehicle177 @ 10:59:33 (sumoTime: 39573 seconds) on link 1 with path_nodes [1, 2, 3, 4] which means path_links [1, 2, 3]
['newVeh176'] arrived @ sumotime 39573.0 seconds
['newVeh176'] arrived @ sumotime 39574.0 seconds
['newVeh176'] arrived @ sumotime 39593.0 seconds
11:00:00
[INFO: transfer Visum-Sumo]: [(1.0, 100.0, 29.99513888888889, 2.0, 1.0), (-3.0, 100.0, 0.0, 3.0, 4.0), (5.0, 100.0, 0.0, 5.0, 4.0)] 
 [(3, 101)]
Umlegung ausgeführt
curVolumes: (110000, [(3, 101, 0)])
['newVeh177'] arrived @ sumotime 39617.0 seconds
['newVeh177'] arrived @ sumotime 39618.0 seconds
['newVeh177'] arrived @ sumotime 39637.0 seconds
new vehicle178 @ 11:02:13 (sumoTime: 39733 seconds) on link 1 with path_nodes [1, 2, 3, 4] which means path_links [1, 2, 3]
['newVeh178'] arrived @ sumotime 39771.0 seconds
['newVeh178'] arrived @ sumotime 39772.0 seconds
['newVeh178'] arrived @ sumotime 39792.0 seconds
new vehicle179 @ 11:05:21 (sumoTime: 39921 seconds) on link 1 with path_nodes [1, 2, 3, 4] which means path_links [1, 2, 3]
['newVeh179'] arrived @ sumotime 39968.0 seconds
['newVeh179'] arrived @ sumotime 39969.0 seconds
new vehicle180 @ 11:06:28 (sumoTime: 39988 seconds) on link 1 with path_nodes [1, 2, 3, 4] which means path_links [1, 2, 3]
['newVeh179'] arrived @ sumotime 39992.0 seconds
new vehicle181 @ 11:06:53 (sumoTime: 40013 seconds) on link 1 with path_nodes [1, 2, 3, 4] which means path_links [1, 2, 3]
['newVeh180'] arrived @ sumotime 40028.0 seconds
['newVeh180'] arrived @ sumotime 40029.0 seconds
['newVeh180'] arrived @ sumotime 40048.0 seconds
['newVeh181'] arrived @ sumotime 40052.0 seconds
['newVeh181'] arrived @ sumotime 40053.0 seconds
['newVeh181'] arrived @ sumotime 40071.0 seconds
['newVeh181'] arrived @ sumotime 40072.0 seconds
new vehicle182 @ 11:10:57 (sumoTime: 40257 seconds) on link 1 with path_nodes [1, 2, 3, 4] which means path_links [1, 2, 3]
['newVeh182'] arrived @ sumotime 40300.0 seconds
['newVeh182'] arrived @ sumotime 40301.0 seconds
['newVeh182'] arrived @ sumotime 40302.0 seconds
['newVeh182'] arrived @ sumotime 40321.0 seconds
new vehicle183 @ 11:14:49 (sumoTime: 40489 seconds) on link 1 with path_nodes [1, 2, 3, 4] which means path_links [1, 2, 3]
['newVeh183'] arrived @ sumotime 40528.0 seconds
['newVeh183'] arrived @ sumotime 40529.0 seconds
['newVeh183'] arrived @ sumotime 40548.0 seconds
new vehicle184 @ 11:16:23 (sumoTime: 40583 seconds) on link 1 with path_nodes [1, 2, 3, 4] which means path_links [1, 2, 3]
new vehicle185 @ 11:16:33 (sumoTime: 40593 seconds) on link 1 with path_nodes [1, 2, 3, 4] which means path_links [1, 2, 3]
new vehicle186 @ 11:16:36 (sumoTime: 40596 seconds) on link 1 with path_nodes [1, 2, 3, 4] which means path_links [1, 2, 3]
['newVeh184'] arrived @ sumotime 40631.0 seconds
['newVeh184'] arrived @ sumotime 40632.0 seconds
['newVeh184'] arrived @ sumotime 40633.0 seconds
['newVeh185'] arrived @ sumotime 40635.0 seconds
['newVeh185'] arrived @ sumotime 40636.0 seconds
['newVeh186'] arrived @ sumotime 40640.0 seconds
['newVeh186'] arrived @ sumotime 40641.0 seconds
['newVeh184'] arrived @ sumotime 40656.0 seconds
['newVeh185'] arrived @ sumotime 40658.0 seconds
['newVeh186'] arrived @ sumotime 40663.0 seconds
['newVeh186'] arrived @ sumotime 40664.0 seconds
new vehicle187 @ 11:19:02 (sumoTime: 40742 seconds) on link 1 with path_nodes [1, 2, 3, 4] which means path_links [1, 2, 3]
new vehicle188 @ 11:19:35 (sumoTime: 40775 seconds) on link 1 with path_nodes [1, 2, 3, 4] which means path_links [1, 2, 3]
['newVeh187'] arrived @ sumotime 40785.0 seconds
['newVeh187'] arrived @ sumotime 40786.0 seconds
['newVeh187'] arrived @ sumotime 40805.0 seconds
['newVeh187'] arrived @ sumotime 40806.0 seconds
['newVeh188'] arrived @ sumotime 40814.0 seconds
['newVeh188'] arrived @ sumotime 40815.0 seconds
new vehicle189 @ 11:20:18 (sumoTime: 40818 seconds) on link 1 with path_nodes [1, 2, 3, 4] which means path_links [1, 2, 3]
['newVeh188'] arrived @ sumotime 40834.0 seconds
['newVeh189'] arrived @ sumotime 40866.0 seconds
['newVeh189'] arrived @ sumotime 40867.0 seconds
['newVeh189'] arrived @ sumotime 40889.0 seconds
new vehicle190 @ 11:22:33 (sumoTime: 40953 seconds) on link 1 with path_nodes [1, 2, 3, 4] which means path_links [1, 2, 3]
['newVeh190'] arrived @ sumotime 40997.0 seconds
['newVeh190'] arrived @ sumotime 40998.0 seconds
new vehicle191 @ 11:23:20 (sumoTime: 41000 seconds) on link 1 with path_nodes [1, 2, 3, 4] which means path_links [1, 2, 3]
['newVeh190'] arrived @ sumotime 41019.0 seconds
['newVeh191'] arrived @ sumotime 41039.0 seconds
['newVeh191'] arrived @ sumotime 41040.0 seconds
['newVeh191'] arrived @ sumotime 41058.0 seconds
new vehicle192 @ 11:25:16 (sumoTime: 41116 seconds) on link 1 with path_nodes [1, 2, 3, 4] which means path_links [1, 2, 3]
['newVeh192'] arrived @ sumotime 41157.0 seconds
['newVeh192'] arrived @ sumotime 41177.0 seconds
new vehicle193 @ 11:27:09 (sumoTime: 41229 seconds) on link 1 with path_nodes [1, 2, 3, 4] which means path_links [1, 2, 3]
['newVeh193'] arrived @ sumotime 41270.0 seconds
['newVeh193'] arrived @ sumotime 41271.0 seconds
['newVeh193'] arrived @ sumotime 41291.0 seconds
new vehicle194 @ 11:34:11 (sumoTime: 41651 seconds) on link 1 with path_nodes [1, 2, 3, 4] which means path_links [1, 2, 3]
['newVeh194'] arrived @ sumotime 41693.0 seconds
['newVeh194'] arrived @ sumotime 41694.0 seconds
['newVeh194'] arrived @ sumotime 41714.0 seconds
new vehicle195 @ 11:47:56 (sumoTime: 42476 seconds) on link 1 with path_nodes [1, 2, 3, 4] which means path_links [1, 2, 3]
['newVeh195'] arrived @ sumotime 42513.0 seconds
['newVeh195'] arrived @ sumotime 42514.0 seconds
['newVeh195'] arrived @ sumotime 42533.0 seconds
new vehicle196 @ 11:49:00 (sumoTime: 42540 seconds) on link 1 with path_nodes [1, 2, 3, 4] which means path_links [1, 2, 3]
new vehicle197 @ 11:49:19 (sumoTime: 42559 seconds) on link 1 with path_nodes [1, 2, 3, 4] which means path_links [1, 2, 3]
['newVeh196'] arrived @ sumotime 42583.0 seconds
new vehicle198 @ 11:49:44 (sumoTime: 42584 seconds) on link 1 with path_nodes [1, 2, 3, 4] which means path_links [1, 2, 3]
['newVeh196'] arrived @ sumotime 42584.0 seconds
['newVeh197'] arrived @ sumotime 42599.0 seconds
['newVeh197'] arrived @ sumotime 42600.0 seconds
['newVeh196'] arrived @ sumotime 42604.0 seconds
['newVeh197'] arrived @ sumotime 42619.0 seconds
['newVeh198'] arrived @ sumotime 42622.0 seconds
['newVeh198'] arrived @ sumotime 42623.0 seconds
['newVeh198'] arrived @ sumotime 42642.0 seconds
new vehicle199 @ 11:54:07 (sumoTime: 42847 seconds) on link 1 with path_nodes [1, 2, 3, 4] which means path_links [1, 2, 3]
['newVeh199'] arrived @ sumotime 42886.0 seconds
['newVeh199'] arrived @ sumotime 42887.0 seconds
new vehicle200 @ 11:55:06 (sumoTime: 42906 seconds) on link 1 with path_nodes [1, 2, 3, 4] which means path_links [1, 2, 3]
['newVeh199'] arrived @ sumotime 42906.0 seconds
new vehicle201 @ 11:55:19 (sumoTime: 42919 seconds) on link 1 with path_nodes [1, 2, 3, 4] which means path_links [1, 2, 3]
new vehicle202 @ 11:55:32 (sumoTime: 42932 seconds) on link 1 with path_nodes [1, 2, 3, 4] which means path_links [1, 2, 3]
['newVeh200'] arrived @ sumotime 42945.0 seconds
['newVeh200'] arrived @ sumotime 42946.0 seconds
new vehicle203 @ 11:55:55 (sumoTime: 42955 seconds) on link 1 with path_nodes [1, 2, 3, 4] which means path_links [1, 2, 3]
['newVeh201'] arrived @ sumotime 42957.0 seconds
['newVeh201'] arrived @ sumotime 42958.0 seconds
['newVeh200'] arrived @ sumotime 42965.0 seconds
['newVeh201'] arrived @ sumotime 42976.0 seconds
['newVeh202'] arrived @ sumotime 42979.0 seconds
['newVeh202'] arrived @ sumotime 42980.0 seconds
['newVeh202'] arrived @ sumotime 42981.0 seconds
['newVeh203'] arrived @ sumotime 42998.0 seconds
['newVeh203'] arrived @ sumotime 42999.0 seconds
['newVeh202'] arrived @ sumotime 43005.0 seconds
['newVeh203'] arrived @ sumotime 43021.0 seconds
new vehicle204 @ 11:58:03 (sumoTime: 43083 seconds) on link 1 with path_nodes [1, 2, 3, 4] which means path_links [1, 2, 3]
['newVeh204'] arrived @ sumotime 43120.0 seconds
['newVeh204'] arrived @ sumotime 43121.0 seconds
['newVeh204'] arrived @ sumotime 43140.0 seconds
new vehicle205 @ 11:59:01 (sumoTime: 43141 seconds) on link 1 with path_nodes [1, 2, 3, 4] which means path_links [1, 2, 3]
['newVeh205'] arrived @ sumotime 43181.0 seconds
new vehicle206 @ 11:59:50 (sumoTime: 43190 seconds) on link 1 with path_nodes [1, 2, 3, 4] which means path_links [1, 2, 3]
12:00:00
[INFO: transfer Visum-Sumo]: [(1.0, 100.0, 32.49513888888889, 2.0, 1.0), (-3.0, 100.0, 0.0, 3.0, 4.0), (5.0, 100.0, 0.0, 5.0, 4.0)] 
 [(3, 90)]
Umlegung ausgeführt
curVolumes: (120000, [(3, 90, 0)])
['newVeh205'] arrived @ sumotime 43201.0 seconds
new vehicle207 @ 12:00:16 (sumoTime: 43216 seconds) on link 1 with path_nodes [1, 2, 3, 4] which means path_links [1, 2, 3]
['newVeh206'] arrived @ sumotime 43228.0 seconds
['newVeh206'] arrived @ sumotime 43229.0 seconds
['newVeh207'] arrived @ sumotime 43243.0 seconds
['newVeh206'] arrived @ sumotime 43248.0 seconds
new vehicle208 @ 12:02:22 (sumoTime: 43342 seconds) on link 1 with path_nodes [1, 2, 3, 4] which means path_links [1, 2, 3]
['newVeh208'] arrived @ sumotime 43369.0 seconds
new vehicle209 @ 12:03:41 (sumoTime: 43421 seconds) on link 1 with path_nodes [1, 2, 3, 4] which means path_links [1, 2, 3]
['newVeh209'] arrived @ sumotime 43448.0 seconds
new vehicle210 @ 12:05:35 (sumoTime: 43535 seconds) on link 1 with path_nodes [1, 2, 3, 4] which means path_links [1, 2, 3]
new vehicle211 @ 12:06:02 (sumoTime: 43562 seconds) on link 1 with path_nodes [1, 2, 3, 4] which means path_links [1, 2, 3]
['newVeh210'] arrived @ sumotime 43562.0 seconds
['newVeh211'] arrived @ sumotime 43587.0 seconds
['newVeh211'] arrived @ sumotime 43588.0 seconds
new vehicle212 @ 12:10:56 (sumoTime: 43856 seconds) on link 1 with path_nodes [1, 2, 3, 4] which means path_links [1, 2, 3]
['newVeh212'] arrived @ sumotime 43883.0 seconds
new vehicle213 @ 12:12:08 (sumoTime: 43928 seconds) on link 1 with path_nodes [1, 2, 3, 4] which means path_links [1, 2, 3]
new vehicle214 @ 12:12:25 (sumoTime: 43945 seconds) on link 1 with path_nodes [1, 2, 3, 4] which means path_links [1, 2, 3]
['newVeh213'] arrived @ sumotime 43960.0 seconds
['newVeh214'] arrived @ sumotime 43975.0 seconds
new vehicle215 @ 12:17:29 (sumoTime: 44249 seconds) on link 1 with path_nodes [1, 2, 3, 4] which means path_links [1, 2, 3]
new vehicle216 @ 12:17:55 (sumoTime: 44275 seconds) on link 1 with path_nodes [1, 2, 3, 4] which means path_links [1, 2, 3]
['newVeh215'] arrived @ sumotime 44275.0 seconds
['newVeh216'] arrived @ sumotime 44302.0 seconds
new vehicle217 @ 12:18:33 (sumoTime: 44313 seconds) on link 1 with path_nodes [1, 2, 3, 4] which means path_links [1, 2, 3]
['newVeh217'] arrived @ sumotime 44340.0 seconds
new vehicle218 @ 12:20:48 (sumoTime: 44448 seconds) on link 1 with path_nodes [1, 2, 3, 4] which means path_links [1, 2, 3]
['newVeh218'] arrived @ sumotime 44475.0 seconds
new vehicle219 @ 12:22:46 (sumoTime: 44566 seconds) on link 1 with path_nodes [1, 2, 3, 4] which means path_links [1, 2, 3]
['newVeh219'] arrived @ sumotime 44594.0 seconds
new vehicle220 @ 12:23:48 (sumoTime: 44628 seconds) on link 1 with path_nodes [1, 2, 3, 4] which means path_links [1, 2, 3]
['newVeh220'] arrived @ sumotime 44655.0 seconds
new vehicle221 @ 12:30:23 (sumoTime: 45023 seconds) on link 1 with path_nodes [1, 2, 3, 4] which means path_links [1, 2, 3]
['newVeh221'] arrived @ sumotime 45049.0 seconds
new vehicle222 @ 12:33:10 (sumoTime: 45190 seconds) on link 1 with path_nodes [1, 2, 3, 4] which means path_links [1, 2, 3]
new vehicle223 @ 12:33:13 (sumoTime: 45193 seconds) on link 1 with path_nodes [1, 2, 3, 4] which means path_links [1, 2, 3]
['newVeh222'] arrived @ sumotime 45222.0 seconds
['newVeh223'] arrived @ sumotime 45224.0 seconds
new vehicle224 @ 12:34:19 (sumoTime: 45259 seconds) on link 1 with path_nodes [1, 2, 3, 4] which means path_links [1, 2, 3]
['newVeh224'] arrived @ sumotime 45286.0 seconds
new vehicle225 @ 12:37:06 (sumoTime: 45426 seconds) on link 1 with path_nodes [1, 2, 3, 4] which means path_links [1, 2, 3]
['newVeh225'] arrived @ sumotime 45452.0 seconds
new vehicle226 @ 12:37:47 (sumoTime: 45467 seconds) on link 1 with path_nodes [1, 2, 3, 4] which means path_links [1, 2, 3]
['newVeh226'] arrived @ sumotime 45491.0 seconds
['newVeh226'] arrived @ sumotime 45492.0 seconds
new vehicle227 @ 12:40:26 (sumoTime: 45626 seconds) on link 1 with path_nodes [1, 2, 3, 4] which means path_links [1, 2, 3]
['newVeh227'] arrived @ sumotime 45652.0 seconds
new vehicle228 @ 12:44:51 (sumoTime: 45891 seconds) on link 1 with path_nodes [1, 2, 3, 4] which means path_links [1, 2, 3]
['newVeh228'] arrived @ sumotime 45918.0 seconds
new vehicle229 @ 12:49:02 (sumoTime: 46142 seconds) on link 1 with path_nodes [1, 2, 3, 4] which means path_links [1, 2, 3]
new vehicle230 @ 12:49:06 (sumoTime: 46146 seconds) on link 1 with path_nodes [1, 2, 3, 4] which means path_links [1, 2, 3]
['newVeh229'] arrived @ sumotime 46168.0 seconds
['newVeh230'] arrived @ sumotime 46172.0 seconds
new vehicle231 @ 12:51:52 (sumoTime: 46312 seconds) on link 1 with path_nodes [1, 2, 3, 4] which means path_links [1, 2, 3]
['newVeh231'] arrived @ sumotime 46339.0 seconds
new vehicle232 @ 12:54:03 (sumoTime: 46443 seconds) on link 1 with path_nodes [1, 2, 3, 4] which means path_links [1, 2, 3]
['newVeh232'] arrived @ sumotime 46470.0 seconds
new vehicle233 @ 12:56:33 (sumoTime: 46593 seconds) on link 1 with path_nodes [1, 2, 3, 4] which means path_links [1, 2, 3]
['newVeh233'] arrived @ sumotime 46620.0 seconds
new vehicle234 @ 12:57:24 (sumoTime: 46644 seconds) on link 1 with path_nodes [1, 2, 3, 4] which means path_links [1, 2, 3]
['newVeh234'] arrived @ sumotime 46675.0 seconds
13:00:00
[INFO: transfer Visum-Sumo]: [(1.0, 100.0, 34.99513888888889, 2.0, 1.0), (-3.0, 100.0, 0.0, 3.0, 4.0), (5.0, 100.0, 0.0, 5.0, 4.0)] 
 [(3, 34)]
Umlegung ausgeführt
curVolumes: (130000, [(3, 34, 0)])
new vehicle235 @ 13:04:08 (sumoTime: 47048 seconds) on link 1 with path_nodes [1, 2, 3, 4] which means path_links [1, 2, 3]
new vehicle236 @ 13:04:19 (sumoTime: 47059 seconds) on link 1 with path_nodes [1, 2, 3, 4] which means path_links [1, 2, 3]
['newVeh235'] arrived @ sumotime 47077.0 seconds
['newVeh236'] arrived @ sumotime 47087.0 seconds
new vehicle237 @ 13:06:35 (sumoTime: 47195 seconds) on link 1 with path_nodes [1, 2, 3, 4] which means path_links [1, 2, 3]
['newVeh237'] arrived @ sumotime 47221.0 seconds
new vehicle238 @ 13:07:55 (sumoTime: 47275 seconds) on link 1 with path_nodes [1, 2, 3, 4] which means path_links [1, 2, 3]
new vehicle239 @ 13:07:59 (sumoTime: 47279 seconds) on link 1 with path_nodes [1, 2, 3, 4] which means path_links [1, 2, 3]
['newVeh238'] arrived @ sumotime 47301.0 seconds
['newVeh239'] arrived @ sumotime 47307.0 seconds
new vehicle240 @ 13:09:11 (sumoTime: 47351 seconds) on link 1 with path_nodes [1, 2, 3, 4] which means path_links [1, 2, 3]
['newVeh240'] arrived @ sumotime 47380.0 seconds
new vehicle241 @ 13:11:31 (sumoTime: 47491 seconds) on link 1 with path_nodes [1, 2, 3, 4] which means path_links [1, 2, 3]
new vehicle242 @ 13:11:41 (sumoTime: 47501 seconds) on link 1 with path_nodes [1, 2, 3, 4] which means path_links [1, 2, 3]
['newVeh241'] arrived @ sumotime 47519.0 seconds
['newVeh242'] arrived @ sumotime 47528.0 seconds
new vehicle243 @ 13:16:11 (sumoTime: 47771 seconds) on link 1 with path_nodes [1, 2, 3, 4] which means path_links [1, 2, 3]
['newVeh243'] arrived @ sumotime 47797.0 seconds
new vehicle244 @ 13:17:48 (sumoTime: 47868 seconds) on link 1 with path_nodes [1, 2, 3, 4] which means path_links [1, 2, 3]
['newVeh244'] arrived @ sumotime 47895.0 seconds
new vehicle245 @ 13:18:17 (sumoTime: 47897 seconds) on link 1 with path_nodes [1, 2, 3, 4] which means path_links [1, 2, 3]
['newVeh245'] arrived @ sumotime 47928.0 seconds
new vehicle246 @ 13:19:01 (sumoTime: 47941 seconds) on link 1 with path_nodes [1, 2, 3, 4] which means path_links [1, 2, 3]
new vehicle247 @ 13:19:13 (sumoTime: 47953 seconds) on link 1 with path_nodes [1, 2, 3, 4] which means path_links [1, 2, 3]
['newVeh246'] arrived @ sumotime 47967.0 seconds
['newVeh247'] arrived @ sumotime 47979.0 seconds
new vehicle248 @ 13:20:43 (sumoTime: 48043 seconds) on link 1 with path_nodes [1, 2, 3, 4] which means path_links [1, 2, 3]
['newVeh248'] arrived @ sumotime 48068.0 seconds
new vehicle249 @ 13:21:15 (sumoTime: 48075 seconds) on link 1 with path_nodes [1, 2, 3, 4] which means path_links [1, 2, 3]
['newVeh249'] arrived @ sumotime 48101.0 seconds
new vehicle250 @ 13:22:22 (sumoTime: 48142 seconds) on link 1 with path_nodes [1, 2, 3, 4] which means path_links [1, 2, 3]
new vehicle251 @ 13:22:42 (sumoTime: 48162 seconds) on link 1 with path_nodes [1, 2, 3, 4] which means path_links [1, 2, 3]
['newVeh250'] arrived @ sumotime 48170.0 seconds
new vehicle252 @ 13:23:01 (sumoTime: 48181 seconds) on link 1 with path_nodes [1, 2, 3, 4] which means path_links [1, 2, 3]
['newVeh251'] arrived @ sumotime 48193.0 seconds
['newVeh252'] arrived @ sumotime 48209.0 seconds
new vehicle253 @ 13:23:36 (sumoTime: 48216 seconds) on link 1 with path_nodes [1, 2, 3, 4] which means path_links [1, 2, 3]
['newVeh253'] arrived @ sumotime 48243.0 seconds
new vehicle254 @ 13:27:19 (sumoTime: 48439 seconds) on link 1 with path_nodes [1, 2, 3, 4] which means path_links [1, 2, 3]
['newVeh254'] arrived @ sumotime 48466.0 seconds
['newVeh254'] arrived @ sumotime 48467.0 seconds
new vehicle255 @ 13:29:06 (sumoTime: 48546 seconds) on link 1 with path_nodes [1, 2, 3, 4] which means path_links [1, 2, 3]
['newVeh255'] arrived @ sumotime 48572.0 seconds
new vehicle256 @ 13:29:44 (sumoTime: 48584 seconds) on link 1 with path_nodes [1, 2, 3, 4] which means path_links [1, 2, 3]
new vehicle257 @ 13:29:54 (sumoTime: 48594 seconds) on link 1 with path_nodes [1, 2, 3, 4] which means path_links [1, 2, 3]
new vehicle258 @ 13:30:07 (sumoTime: 48607 seconds) on link 1 with path_nodes [1, 2, 3, 4] which means path_links [1, 2, 3]
['newVeh256'] arrived @ sumotime 48611.0 seconds
['newVeh257'] arrived @ sumotime 48622.0 seconds
new vehicle259 @ 13:30:24 (sumoTime: 48624 seconds) on link 1 with path_nodes [1, 2, 3, 4] which means path_links [1, 2, 3]
['newVeh258'] arrived @ sumotime 48635.0 seconds
['newVeh259'] arrived @ sumotime 48651.0 seconds
new vehicle260 @ 13:31:03 (sumoTime: 48663 seconds) on link 1 with path_nodes [1, 2, 3, 4] which means path_links [1, 2, 3]
['newVeh260'] arrived @ sumotime 48693.0 seconds
new vehicle261 @ 13:31:39 (sumoTime: 48699 seconds) on link 1 with path_nodes [1, 2, 3, 4] which means path_links [1, 2, 3]
new vehicle262 @ 13:32:03 (sumoTime: 48723 seconds) on link 1 with path_nodes [1, 2, 3, 4] which means path_links [1, 2, 3]
['newVeh261'] arrived @ sumotime 48727.0 seconds
['newVeh262'] arrived @ sumotime 48750.0 seconds
new vehicle263 @ 13:32:32 (sumoTime: 48752 seconds) on link 1 with path_nodes [1, 2, 3, 4] which means path_links [1, 2, 3]
['newVeh263'] arrived @ sumotime 48779.0 seconds
new vehicle264 @ 13:34:22 (sumoTime: 48862 seconds) on link 1 with path_nodes [1, 2, 3, 4] which means path_links [1, 2, 3]
new vehicle265 @ 13:34:39 (sumoTime: 48879 seconds) on link 1 with path_nodes [1, 2, 3, 4] which means path_links [1, 2, 3]
['newVeh264'] arrived @ sumotime 48889.0 seconds
['newVeh265'] arrived @ sumotime 48906.0 seconds
new vehicle266 @ 13:36:16 (sumoTime: 48976 seconds) on link 1 with path_nodes [1, 2, 3, 4] which means path_links [1, 2, 3]
['newVeh266'] arrived @ sumotime 48998.0 seconds
new vehicle267 @ 13:40:46 (sumoTime: 49246 seconds) on link 1 with path_nodes [1, 2, 3, 4] which means path_links [1, 2, 3]
['newVeh267'] arrived @ sumotime 49271.0 seconds
new vehicle268 @ 13:44:56 (sumoTime: 49496 seconds) on link 1 with path_nodes [1, 2, 3, 4] which means path_links [1, 2, 3]
['newVeh268'] arrived @ sumotime 49522.0 seconds
new vehicle269 @ 13:45:47 (sumoTime: 49547 seconds) on link 1 with path_nodes [1, 2, 3, 4] which means path_links [1, 2, 3]
new vehicle270 @ 13:46:03 (sumoTime: 49563 seconds) on link 1 with path_nodes [1, 2, 3, 4] which means path_links [1, 2, 3]
['newVeh269'] arrived @ sumotime 49577.0 seconds
['newVeh270'] arrived @ sumotime 49590.0 seconds
new vehicle271 @ 13:48:41 (sumoTime: 49721 seconds) on link 1 with path_nodes [1, 2, 3, 4] which means path_links [1, 2, 3]
new vehicle272 @ 13:49:00 (sumoTime: 49740 seconds) on link 1 with path_nodes [1, 2, 3, 4] which means path_links [1, 2, 3]
['newVeh271'] arrived @ sumotime 49747.0 seconds
['newVeh272'] arrived @ sumotime 49766.0 seconds
new vehicle273 @ 13:50:51 (sumoTime: 49851 seconds) on link 1 with path_nodes [1, 2, 3, 4] which means path_links [1, 2, 3]
['newVeh273'] arrived @ sumotime 49882.0 seconds
new vehicle274 @ 13:52:37 (sumoTime: 49957 seconds) on link 1 with path_nodes [1, 2, 3, 4] which means path_links [1, 2, 3]
new vehicle275 @ 13:52:41 (sumoTime: 49961 seconds) on link 1 with path_nodes [1, 2, 3, 4] which means path_links [1, 2, 3]
['newVeh274'] arrived @ sumotime 49984.0 seconds
['newVeh275'] arrived @ sumotime 49990.0 seconds
new vehicle276 @ 13:53:28 (sumoTime: 50008 seconds) on link 1 with path_nodes [1, 2, 3, 4] which means path_links [1, 2, 3]
new vehicle277 @ 13:53:38 (sumoTime: 50018 seconds) on link 1 with path_nodes [1, 2, 3, 4] which means path_links [1, 2, 3]
['newVeh276'] arrived @ sumotime 50035.0 seconds
['newVeh277'] arrived @ sumotime 50045.0 seconds
new vehicle278 @ 13:54:19 (sumoTime: 50059 seconds) on link 1 with path_nodes [1, 2, 3, 4] which means path_links [1, 2, 3]
new vehicle279 @ 13:54:45 (sumoTime: 50085 seconds) on link 1 with path_nodes [1, 2, 3, 4] which means path_links [1, 2, 3]
['newVeh278'] arrived @ sumotime 50086.0 seconds
['newVeh279'] arrived @ sumotime 50113.0 seconds
new vehicle280 @ 13:56:08 (sumoTime: 50168 seconds) on link 1 with path_nodes [1, 2, 3, 4] which means path_links [1, 2, 3]
new vehicle281 @ 13:56:25 (sumoTime: 50185 seconds) on link 1 with path_nodes [1, 2, 3, 4] which means path_links [1, 2, 3]
['newVeh280'] arrived @ sumotime 50198.0 seconds
['newVeh281'] arrived @ sumotime 50213.0 seconds
new vehicle282 @ 13:57:34 (sumoTime: 50254 seconds) on link 1 with path_nodes [1, 2, 3, 4] which means path_links [1, 2, 3]
['newVeh282'] arrived @ sumotime 50282.0 seconds
new vehicle283 @ 13:58:41 (sumoTime: 50321 seconds) on link 1 with path_nodes [1, 2, 3, 4] which means path_links [1, 2, 3]
['newVeh283'] arrived @ sumotime 50346.0 seconds
14:00:00
[INFO: transfer Visum-Sumo]: [(1.0, 100.0, 37.49513888888889, 2.0, 1.0), (-3.0, 100.0, 0.0, 3.0, 4.0), (5.0, 100.0, 0.0, 5.0, 4.0)] 
 [(3, 50)]
Umlegung ausgeführt
curVolumes: (140000, [(3, 50, 0)])
new vehicle284 @ 14:03:29 (sumoTime: 50609 seconds) on link 1 with path_nodes [1, 2, 3, 4] which means path_links [1, 2, 3]
['newVeh284'] arrived @ sumotime 50637.0 seconds
new vehicle285 @ 14:05:03 (sumoTime: 50703 seconds) on link 1 with path_nodes [1, 2, 3, 4] which means path_links [1, 2, 3]
['newVeh285'] arrived @ sumotime 50733.0 seconds
new vehicle286 @ 14:06:13 (sumoTime: 50773 seconds) on link 1 with path_nodes [1, 2, 3, 4] which means path_links [1, 2, 3]
['newVeh286'] arrived @ sumotime 50799.0 seconds
new vehicle287 @ 14:06:51 (sumoTime: 50811 seconds) on link 1 with path_nodes [1, 2, 3, 4] which means path_links [1, 2, 3]
['newVeh287'] arrived @ sumotime 50837.0 seconds
new vehicle288 @ 14:10:48 (sumoTime: 51048 seconds) on link 1 with path_nodes [1, 2, 3, 4] which means path_links [1, 2, 3]
new vehicle289 @ 14:11:00 (sumoTime: 51060 seconds) on link 1 with path_nodes [1, 2, 3, 4] which means path_links [1, 2, 3]
['newVeh288'] arrived @ sumotime 51079.0 seconds
['newVeh289'] arrived @ sumotime 51088.0 seconds
new vehicle290 @ 14:13:43 (sumoTime: 51223 seconds) on link 1 with path_nodes [1, 2, 3, 4] which means path_links [1, 2, 3]
['newVeh290'] arrived @ sumotime 51249.0 seconds
new vehicle291 @ 14:15:17 (sumoTime: 51317 seconds) on link 1 with path_nodes [1, 2, 3, 4] which means path_links [1, 2, 3]
['newVeh291'] arrived @ sumotime 51345.0 seconds
new vehicle292 @ 14:17:12 (sumoTime: 51432 seconds) on link 1 with path_nodes [1, 2, 3, 4] which means path_links [1, 2, 3]
new vehicle293 @ 14:17:26 (sumoTime: 51446 seconds) on link 1 with path_nodes [1, 2, 3, 4] which means path_links [1, 2, 3]
['newVeh292'] arrived @ sumotime 51457.0 seconds
new vehicle294 @ 14:17:47 (sumoTime: 51467 seconds) on link 1 with path_nodes [1, 2, 3, 4] which means path_links [1, 2, 3]
new vehicle295 @ 14:17:52 (sumoTime: 51472 seconds) on link 1 with path_nodes [1, 2, 3, 4] which means path_links [1, 2, 3]
['newVeh293'] arrived @ sumotime 51477.0 seconds
['newVeh294'] arrived @ sumotime 51496.0 seconds
['newVeh295'] arrived @ sumotime 51498.0 seconds
new vehicle296 @ 14:21:53 (sumoTime: 51713 seconds) on link 1 with path_nodes [1, 2, 3, 4] which means path_links [1, 2, 3]
['newVeh296'] arrived @ sumotime 51738.0 seconds
new vehicle297 @ 14:23:12 (sumoTime: 51792 seconds) on link 1 with path_nodes [1, 2, 3, 4] which means path_links [1, 2, 3]
['newVeh297'] arrived @ sumotime 51819.0 seconds
new vehicle298 @ 14:24:12 (sumoTime: 51852 seconds) on link 1 with path_nodes [1, 2, 3, 4] which means path_links [1, 2, 3]
new vehicle299 @ 14:24:26 (sumoTime: 51866 seconds) on link 1 with path_nodes [1, 2, 3, 4] which means path_links [1, 2, 3]
['newVeh298'] arrived @ sumotime 51880.0 seconds
['newVeh299'] arrived @ sumotime 51891.0 seconds
new vehicle300 @ 14:25:51 (sumoTime: 51951 seconds) on link 1 with path_nodes [1, 2, 3, 4] which means path_links [1, 2, 3]
['newVeh300'] arrived @ sumotime 51978.0 seconds
['newVeh300'] arrived @ sumotime 51979.0 seconds
new vehicle301 @ 14:27:14 (sumoTime: 52034 seconds) on link 1 with path_nodes [1, 2, 3, 4] which means path_links [1, 2, 3]
['newVeh301'] arrived @ sumotime 52060.0 seconds
new vehicle302 @ 14:29:49 (sumoTime: 52189 seconds) on link 1 with path_nodes [1, 2, 3, 4] which means path_links [1, 2, 3]
['newVeh302'] arrived @ sumotime 52216.0 seconds
new vehicle303 @ 14:31:58 (sumoTime: 52318 seconds) on link 1 with path_nodes [1, 2, 3, 4] which means path_links [1, 2, 3]
new vehicle304 @ 14:32:15 (sumoTime: 52335 seconds) on link 1 with path_nodes [1, 2, 3, 4] which means path_links [1, 2, 3]
['newVeh303'] arrived @ sumotime 52346.0 seconds
new vehicle305 @ 14:32:42 (sumoTime: 52362 seconds) on link 1 with path_nodes [1, 2, 3, 4] which means path_links [1, 2, 3]
['newVeh304'] arrived @ sumotime 52362.0 seconds
['newVeh305'] arrived @ sumotime 52389.0 seconds
new vehicle306 @ 14:33:54 (sumoTime: 52434 seconds) on link 1 with path_nodes [1, 2, 3, 4] which means path_links [1, 2, 3]
['newVeh306'] arrived @ sumotime 52462.0 seconds
new vehicle307 @ 14:38:09 (sumoTime: 52689 seconds) on link 1 with path_nodes [1, 2, 3, 4] which means path_links [1, 2, 3]
['newVeh307'] arrived @ sumotime 52715.0 seconds
new vehicle308 @ 14:39:38 (sumoTime: 52778 seconds) on link 1 with path_nodes [1, 2, 3, 4] which means path_links [1, 2, 3]
new vehicle309 @ 14:39:46 (sumoTime: 52786 seconds) on link 1 with path_nodes [1, 2, 3, 4] which means path_links [1, 2, 3]
['newVeh308'] arrived @ sumotime 52802.0 seconds
['newVeh309'] arrived @ sumotime 52811.0 seconds
new vehicle310 @ 14:42:38 (sumoTime: 52958 seconds) on link 1 with path_nodes [1, 2, 3, 4] which means path_links [1, 2, 3]
new vehicle311 @ 14:42:45 (sumoTime: 52965 seconds) on link 1 with path_nodes [1, 2, 3, 4] which means path_links [1, 2, 3]
['newVeh310'] arrived @ sumotime 52988.0 seconds
['newVeh311'] arrived @ sumotime 52992.0 seconds
new vehicle312 @ 14:43:46 (sumoTime: 53026 seconds) on link 1 with path_nodes [1, 2, 3, 4] which means path_links [1, 2, 3]
new vehicle313 @ 14:43:55 (sumoTime: 53035 seconds) on link 1 with path_nodes [1, 2, 3, 4] which means path_links [1, 2, 3]
new vehicle314 @ 14:44:10 (sumoTime: 53050 seconds) on link 1 with path_nodes [1, 2, 3, 4] which means path_links [1, 2, 3]
['newVeh312'] arrived @ sumotime 53054.0 seconds
['newVeh313'] arrived @ sumotime 53062.0 seconds
['newVeh314'] arrived @ sumotime 53077.0 seconds
new vehicle315 @ 14:50:14 (sumoTime: 53414 seconds) on link 1 with path_nodes [1, 2, 3, 4] which means path_links [1, 2, 3]
['newVeh315'] arrived @ sumotime 53440.0 seconds
new vehicle316 @ 14:51:23 (sumoTime: 53483 seconds) on link 1 with path_nodes [1, 2, 3, 4] which means path_links [1, 2, 3]
['newVeh316'] arrived @ sumotime 53507.0 seconds
new vehicle317 @ 14:55:07 (sumoTime: 53707 seconds) on link 1 with path_nodes [1, 2, 3, 4] which means path_links [1, 2, 3]
['newVeh317'] arrived @ sumotime 53734.0 seconds
new vehicle318 @ 14:55:44 (sumoTime: 53744 seconds) on link 1 with path_nodes [1, 2, 3, 4] which means path_links [1, 2, 3]
['newVeh318'] arrived @ sumotime 53772.0 seconds
new vehicle319 @ 14:59:41 (sumoTime: 53981 seconds) on link 1 with path_nodes [1, 2, 3, 4] which means path_links [1, 2, 3]
Gesamte Auslastung: 296
Summe erzeugter Fahrzeuge: 320
-> Fahrzeuge verloren: -24
Tupel bestehend aus: VolVisum, geplantesVolSumo, avgArrTimeVisum, avgArrTimeSumo
Link: 1 -> [(2, 3, 1800, 2017), (5, 4, 720, 1068), (7, 10, 514, 427), (10, 9, 360, 406), (12, 15, 300, 273), (15, 19, 240, 194), (17, 16, 211, 262), (20, 35, 180, 100), (22, 23, 163, 163), (25, 21, 144, 184), (27, 34, 133, 123), (30, 30, 120, 119), (32, 29, 112, 131), (35, 50, 102, 70), (37, 37, 97, 94)]
Link: 3 -> []
Link: 5 -> []
VolumenInSumo: [(1954, ['1', '2', '3']), (5827, ['1', '2', '3']), (10817, ['1', '2', '3']), (12146, ['1', '2', '3']), (14540, ['1', '2', '3']), (20104, ['1', '2', '3']), (20523, ['1', '2', '3']), (21434, ['1', '2', '3']), (22131, ['1', '2', '3']), (23219, ['1', '2', '3']), (24002, ['1', '2', '3']), (24346, ['1', '2', '3']), (24859, ['1', '2', '3']), (25137, ['1', '2', '3']), (30935, ['1', '2', '3']), (32642, ['1', '2', '3']), (33001, ['1', '2', '3']), (33424, ['1', '2', '3']), (33911, ['1', '2', '3']), (34016, ['1', '2', '3']), (34358, ['1', '2', '3']), (34921, ['1', '2', '3']), (40218, ['1', '2', '3']), (40806, ['1', '2', '3']), (41332, ['1', '2', '3']), (41829, ['1', '2', '3']), (43107, ['1', '2', '3']), (43342, ['1', '2', '3']), (44405, ['1', '2', '3']), (44447, ['1', '2', '3']), (44557, ['1', '2', '3']), (45004, ['1', '2', '3']), (45221, ['1', '2', '3']), (45243, ['1', '2', '3']), (45259, ['1', '2', '3']), (45721, ['1', '2', '3']), (50456, ['1', '2', '3']), (50610, ['1', '2', '3']), (50655, ['1', '2', '3']), (50931, ['1', '2', '3']), (51042, ['1', '2', '3']), (51625, ['1', '2', '3']), (51648, ['1', '2', '3']), (51847, ['1', '2', '3']), (52307, ['1', '2', '3']), (53012, ['1', '2', '3']), (53131, ['1', '2', '3']), (53814, ['1', '2', '3']), (53952, ['1', '2', '3']), (54230, ['1', '2', '3']), (54246, ['1', '2', '3']), (54450, ['1', '2', '3']), (54553, ['1', '2', '3']), (55033, ['1', '2', '3']), (60216, ['1', '2', '3']), (60626, ['1', '2', '3']), (61512, ['1', '2', '3']), (62240, ['1', '2', '3']), (62413, ['1', '2', '3']), (62614, ['1', '2', '3']), (63109, ['1', '2', '3']), (63422, ['1', '2', '3']), (63647, ['1', '2', '3']), (63834, ['1', '2', '3']), (64140, ['1', '2', '3']), (64441, ['1', '2', '3']), (64748, ['1', '2', '3']), (64822, ['1', '2', '3']), (65800, ['1', '2', '3']), (70322, ['1', '2', '3']), (70531, ['1', '2', '3']), (70945, ['1', '2', '3']), (71049, ['1', '2', '3']), (71214, ['1', '2', '3']), (71403, ['1', '2', '3']), (71457, ['1', '2', '3']), (71525, ['1', '2', '3']), (71720, ['1', '2', '3']), (72014, ['1', '2', '3']), (72020, ['1', '2', '3']), (72052, ['1', '2', '3']), (72109, ['1', '2', '3']), (72204, ['1', '2', '3']), (72321, ['1', '2', '3']), (72458, ['1', '2', '3']), (72521, ['1', '2', '3']), (73031, ['1', '2', '3']), (73142, ['1', '2', '3']), (73157, ['1', '2', '3']), (73757, ['1', '2', '3']), (74019, ['1', '2', '3']), (74132, ['1', '2', '3']), (74156, ['1', '2', '3']), (74458, ['1', '2', '3']), (74743, ['1', '2', '3']), (75030, ['1', '2', '3']), (75140, ['1', '2', '3']), (75142, ['1', '2', '3']), (75220, ['1', '2', '3']), (75417, ['1', '2', '3']), (75434, ['1', '2', '3']), (75822, ['1', '2', '3']), (75917, ['1', '2', '3']), (80015, ['1', '9', '-5', '-3', '3']), (80321, ['1', '9', '-5', '-3', '3']), (80335, ['1', '9', '-5', '-3', '3']), (80451, ['1', '9', '-5', '-3', '3']), (80918, ['1', '9', '-5', '-3', '3']), (81135, ['1', '9', '-5', '-3', '3']), (81348, ['1', '9', '-5', '-3', '3']), (81425, ['1', '9', '-5', '-3', '3']), (81458, ['1', '9', '-5', '-3', '3']), (82119, ['1', '9', '-5', '-3', '3']), (82316, ['1', '9', '-5', '-3', '3']), (83010, ['1', '9', '-5', '-3', '3']), (83443, ['1', '9', '-5', '-3', '3']), (83634, ['1', '9', '-5', '-3', '3']), (83726, ['1', '9', '-5', '-3', '3']), (84202, ['1', '9', '-5', '-3', '3']), (84614, ['1', '9', '-5', '-3', '3']), (84709, ['1', '9', '-5', '-3', '3']), (85126, ['1', '9', '-5', '-3', '3']), (85540, ['1', '9', '-5', '-3', '3']), (85557, ['1', '9', '-5', '-3', '3']), (85633, ['1', '9', '-5', '-3', '3']), (90316, ['1', '9', '-5', '-3', '3']), (91333, ['1', '9', '-5', '-3', '3']), (91459, ['1', '9', '-5', '-3', '3']), (92213, ['1', '9', '-5', '-3', '3']), (92252, ['1', '9', '-5', '-3', '3']), (92436, ['1', '9', '-5', '-3', '3']), (93233, ['1', '9', '-5', '-3', '3']), (93307, ['1', '9', '-5', '-3', '3']), (93439, ['1', '9', '-5', '-3', '3']), (94231, ['1', '9', '-5', '-3', '3']), (94540, ['1', '9', '-5', '-3', '3']), (94542, ['1', '9', '-5', '-3', '3']), (94738, ['1', '9', '-5', '-3', '3']), (94927, ['1', '9', '-5', '-3', '3']), (94949, ['1', '9', '-5', '-3', '3']), (95312, ['1', '9', '-5', '-3', '3']), (95359, ['1', '9', '-5', '-3', '3']), (95432, ['1', '9', '-5', '-3', '3']), (95440, ['1', '9', '-5', '-3', '3']), (95755, ['1', '9', '-5', '-3', '3']), (100033, ['1', '9', '-5', '-3', '3']), (100048, ['1', '9', '-5', '-3', '3']), (100059, ['1', '9', '-5', '-3', '3']), (100115, ['1', '9', '-5', '-3', '3']), (100118, ['1', '9', '-5', '-3', '3']), (100241, ['1', '9', '-5', '-3', '3']), (100517, ['1', '9', '-5', '-3', '3']), (100610, ['1', '9', '-5', '-3', '3']), (100612, ['1', '9', '-5', '-3', '3']), (100731, ['1', '9', '-5', '-3', '3']), (100950, ['1', '9', '-5', '-3', '3']), (101125, ['1', '9', '-5', '-3', '3']), (101128, ['1', '9', '-5', '-3', '3']), (101156, ['1', '9', '-5', '-3', '3']), (101213, ['1', '9', '-5', '-3', '3']), (101237, ['1', '9', '-5', '-3', '3']), (101238, ['1', '9', '-5', '-3', '3']), (101403, ['1', '9', '-5', '-3', '3']), (101607, ['1', '9', '-5', '-3', '3']), (102507, ['1', '9', '-5', '-3', '3']), (102825, ['1', '9', '-5', '-3', '3']), (102948, ['1', '9', '-5', '-3', '3']), (103038, ['1', '9', '-5', '-3', '3']), (103733, ['1', '9', '-5', '-3', '3']), (103924, ['1', '9', '-5', '-3', '3']), (104602, ['1', '9', '-5', '-3', '3']), (104735, ['1', '9', '-5', '-3', '3']), (105205, ['1', '9', '-5', '-3', '3']), (105547, ['1', '9', '-5', '-3', '3']), (105555, ['1', '9', '-5', '-3', '3']), (105624, ['1', '9', '-5', '-3', '3']), (105852, ['1', '9', '-5', '-3', '3']), (105933, ['1', '9', '-5', '-3', '3']), (110213, ['1', '9', '-5', '-3', '3']), (110521, ['1', '9', '-5', '-3', '3']), (110628, ['1', '9', '-5', '-3', '3']), (110653, ['1', '9', '-5', '-3', '3']), (111057, ['1', '9', '-5', '-3', '3']), (111449, ['1', '9', '-5', '-3', '3']), (111623, ['1', '9', '-5', '-3', '3']), (111633, ['1', '9', '-5', '-3', '3']), (111636, ['1', '9', '-5', '-3', '3']), (111902, ['1', '9', '-5', '-3', '3']), (111935, ['1', '9', '-5', '-3', '3']), (112018, ['1', '9', '-5', '-3', '3']), (112233, ['1', '9', '-5', '-3', '3']), (112320, ['1', '9', '-5', '-3', '3']), (112516, ['1', '9', '-5', '-3', '3']), (112709, ['1', '9', '-5', '-3', '3']), (113411, ['1', '9', '-5', '-3', '3']), (114756, ['1', '9', '-5', '-3', '3']), (114900, ['1', '9', '-5', '-3', '3']), (114919, ['1', '9', '-5', '-3', '3']), (114944, ['1', '9', '-5', '-3', '3']), (115407, ['1', '9', '-5', '-3', '3']), (115506, ['1', '9', '-5', '-3', '3']), (115519, ['1', '9', '-5', '-3', '3']), (115532, ['1', '9', '-5', '-3', '3']), (115555, ['1', '9', '-5', '-3', '3']), (115803, ['1', '9', '-5', '-3', '3']), (115901, ['1', '9', '-5', '-3', '3']), (115950, ['1', '9', '-5', '-3', '3']), (120016, ['1', '2', '3']), (120222, ['1', '2', '3']), (120341, ['1', '2', '3']), (120535, ['1', '2', '3']), (120602, ['1', '2', '3']), (121056, ['1', '2', '3']), (121208, ['1', '2', '3']), (121225, ['1', '2', '3']), (121729, ['1', '2', '3']), (121755, ['1', '2', '3']), (121833, ['1', '2', '3']), (122048, ['1', '2', '3']), (122246, ['1', '2', '3']), (122348, ['1', '2', '3']), (123023, ['1', '2', '3']), (123310, ['1', '2', '3']), (123313, ['1', '2', '3']), (123419, ['1', '2', '3']), (123706, ['1', '2', '3']), (123747, ['1', '2', '3']), (124026, ['1', '2', '3']), (124451, ['1', '2', '3']), (124902, ['1', '2', '3']), (124906, ['1', '2', '3']), (125152, ['1', '2', '3']), (125403, ['1', '2', '3']), (125633, ['1', '2', '3']), (125724, ['1', '2', '3']), (130408, ['1', '2', '3']), (130419, ['1', '2', '3']), (130635, ['1', '2', '3']), (130755, ['1', '2', '3']), (130759, ['1', '2', '3']), (130911, ['1', '2', '3']), (131131, ['1', '2', '3']), (131141, ['1', '2', '3']), (131611, ['1', '2', '3']), (131748, ['1', '2', '3']), (131817, ['1', '2', '3']), (131901, ['1', '2', '3']), (131913, ['1', '2', '3']), (132043, ['1', '2', '3']), (132115, ['1', '2', '3']), (132222, ['1', '2', '3']), (132242, ['1', '2', '3']), (132301, ['1', '2', '3']), (132336, ['1', '2', '3']), (132719, ['1', '2', '3']), (132906, ['1', '2', '3']), (132944, ['1', '2', '3']), (132954, ['1', '2', '3']), (133007, ['1', '2', '3']), (133024, ['1', '2', '3']), (133103, ['1', '2', '3']), (133139, ['1', '2', '3']), (133203, ['1', '2', '3']), (133232, ['1', '2', '3']), (133422, ['1', '2', '3']), (133439, ['1', '2', '3']), (133616, ['1', '2', '3']), (134046, ['1', '2', '3']), (134456, ['1', '2', '3']), (134547, ['1', '2', '3']), (134603, ['1', '2', '3']), (134841, ['1', '2', '3']), (134900, ['1', '2', '3']), (135051, ['1', '2', '3']), (135237, ['1', '2', '3']), (135241, ['1', '2', '3']), (135328, ['1', '2', '3']), (135338, ['1', '2', '3']), (135419, ['1', '2', '3']), (135445, ['1', '2', '3']), (135608, ['1', '2', '3']), (135625, ['1', '2', '3']), (135734, ['1', '2', '3']), (135841, ['1', '2', '3']), (140329, ['1', '2', '3']), (140503, ['1', '2', '3']), (140613, ['1', '2', '3']), (140651, ['1', '2', '3']), (141048, ['1', '2', '3']), (141100, ['1', '2', '3']), (141343, ['1', '2', '3']), (141517, ['1', '2', '3']), (141712, ['1', '2', '3']), (141726, ['1', '2', '3']), (141747, ['1', '2', '3']), (141752, ['1', '2', '3']), (142153, ['1', '2', '3']), (142312, ['1', '2', '3']), (142412, ['1', '2', '3']), (142426, ['1', '2', '3']), (142551, ['1', '2', '3']), (142714, ['1', '2', '3']), (142949, ['1', '2', '3']), (143158, ['1', '2', '3']), (143215, ['1', '2', '3']), (143242, ['1', '2', '3']), (143354, ['1', '2', '3']), (143809, ['1', '2', '3']), (143938, ['1', '2', '3']), (143946, ['1', '2', '3']), (144238, ['1', '2', '3']), (144245, ['1', '2', '3']), (144346, ['1', '2', '3']), (144355, ['1', '2', '3']), (144410, ['1', '2', '3']), (145014, ['1', '2', '3']), (145123, ['1', '2', '3']), (145507, ['1', '2', '3']), (145544, ['1', '2', '3']), (145941, ['1', '2', '3'])]
2 -> 3 : [(10000, 2), (20000, 3), (30000, 7), (40000, 8), (50000, 12), (60000, 15), (70000, 15), (80000, 20), (90000, 22), (100000, 25), (110000, 27), (120000, 30), (130000, 32), (140000, 35)]
2 -> 5 : [(10000, 0), (20000, 2), (30000, 0), (40000, 2), (50000, 0), (60000, 0), (70000, 2), (80000, 0), (90000, 0), (100000, 0), (110000, 0), (120000, 0), (130000, 0), (140000, 0)]
2 -> 6 : [(10000, 0), (20000, 0), (30000, 0), (40000, 0), (50000, 0), (60000, 0), (70000, 0), (80000, 0), (90000, 0), (100000, 0), (110000, 0), (120000, 0), (130000, 0), (140000, 0)]
3 -> 2 : [(10000, 0), (20000, 0), (30000, 0), (40000, 0), (50000, 0), (60000, 0), (70000, 0), (80000, 0), (90000, 0), (100000, 0), (110000, 0), (120000, 0), (130000, 0), (140000, 0)]
3 -> 4 : [(10000, 2), (20000, 3), (30000, 7), (40000, 8), (50000, 12), (60000, 15), (70000, 15), (80000, 20), (90000, 22), (100000, 25), (110000, 27), (120000, 30), (130000, 32), (140000, 35)]
3 -> 7 : [(10000, 0), (20000, 0), (30000, 0), (40000, 0), (50000, 0), (60000, 0), (70000, 0), (80000, 0), (90000, 0), (100000, 0), (110000, 0), (120000, 0), (130000, 0), (140000, 0)]
4 -> 3 : [(10000, 0), (20000, 0), (30000, 0), (40000, 0), (50000, 0), (60000, 0), (70000, 0), (80000, 0), (90000, 0), (100000, 0), (110000, 0), (120000, 0), (130000, 0), (140000, 0)]
4 -> 5 : [(10000, 0), (20000, 0), (30000, 0), (40000, 0), (50000, 0), (60000, 0), (70000, 0), (80000, 0), (90000, 0), (100000, 0), (110000, 0), (120000, 0), (130000, 0), (140000, 0)]
5 -> 2 : [(10000, 0), (20000, 0), (30000, 0), (40000, 0), (50000, 0), (60000, 0), (70000, 0), (80000, 0), (90000, 0), (100000, 0), (110000, 0), (120000, 0), (130000, 0), (140000, 0)]
5 -> 4 : [(10000, 0), (20000, 2), (30000, 0), (40000, 2), (50000, 0), (60000, 0), (70000, 2), (80000, 0), (90000, 0), (100000, 0), (110000, 0), (120000, 0), (130000, 0), (140000, 0)]
6 -> 2 : [(10000, 0), (20000, 0), (30000, 0), (40000, 0), (50000, 0), (60000, 0), (70000, 0), (80000, 0), (90000, 0), (100000, 0), (110000, 0), (120000, 0), (130000, 0), (140000, 0)]
6 -> 7 : [(10000, 0), (20000, 0), (30000, 0), (40000, 0), (50000, 0), (60000, 0), (70000, 0), (80000, 0), (90000, 0), (100000, 0), (110000, 0), (120000, 0), (130000, 0), (140000, 0)]
7 -> 3 : [(10000, 0), (20000, 0), (30000, 0), (40000, 0), (50000, 0), (60000, 0), (70000, 0), (80000, 0), (90000, 0), (100000, 0), (110000, 0), (120000, 0), (130000, 0), (140000, 0)]
7 -> 6 : [(10000, 0), (20000, 0), (30000, 0), (40000, 0), (50000, 0), (60000, 0), (70000, 0), (80000, 0), (90000, 0), (100000, 0), (110000, 0), (120000, 0), (130000, 0), (140000, 0)]
