00:00:00
01:00:00
[INFO: transfer Visum-Sumo]: [(1.0, 100.0, 4.995138888888889, 2.0, 1.0), (-3.0, 100.0, 0.0, 3.0, 4.0), (5.0, 100.0, 0.0, 5.0, 4.0)] 
 []
curVolumes: (10000, [])
new vehicle0 @ 01:01:06 (sumoTime: 3666 seconds) on link 1 with path_nodes [1, 2, 3, 4] which means path_links [1, 2, 3]
['newVeh0'] arrived @ sumotime 3695.0 seconds
new vehicle1 @ 01:08:25 (sumoTime: 4105 seconds) on link 1 with path_nodes [1, 2, 3, 4] which means path_links [1, 2, 3]
['newVeh1'] arrived @ sumotime 4131.0 seconds
new vehicle2 @ 01:33:41 (sumoTime: 5621 seconds) on link 1 with path_nodes [1, 2, 3, 4] which means path_links [1, 2, 3]
['newVeh2'] arrived @ sumotime 5647.0 seconds
new vehicle3 @ 01:47:08 (sumoTime: 6428 seconds) on link 1 with path_nodes [1, 2, 3, 4] which means path_links [1, 2, 3]
['newVeh3'] arrived @ sumotime 6457.0 seconds
new vehicle4 @ 01:49:39 (sumoTime: 6579 seconds) on link 1 with path_nodes [1, 2, 3, 4] which means path_links [1, 2, 3]
['newVeh4'] arrived @ sumotime 6607.0 seconds
02:00:00
[INFO: transfer Visum-Sumo]: [(1.0, 100.0, 7.495138888888889, 2.0, 1.0), (-3.0, 100.0, 0.0, 3.0, 4.0), (5.0, 100.0, 0.0, 5.0, 4.0)] 
 [(3, 5)]
Umlegung ausgeführt
curVolumes: (20000, [(3, 5, 0)])
new vehicle5 @ 02:04:21 (sumoTime: 7461 seconds) on link 1 with path_nodes [1, 2, 3, 4] which means path_links [1, 2, 3]
['newVeh5'] arrived @ sumotime 7487.0 seconds
new vehicle6 @ 02:28:57 (sumoTime: 8937 seconds) on link 1 with path_nodes [1, 2, 3, 4] which means path_links [1, 2, 3]
new vehicle7 @ 02:29:14 (sumoTime: 8954 seconds) on link 1 with path_nodes [1, 2, 3, 4] which means path_links [1, 2, 3]
['newVeh6'] arrived @ sumotime 8963.0 seconds
['newVeh7'] arrived @ sumotime 8980.0 seconds
03:00:00
[INFO: transfer Visum-Sumo]: [(1.0, 100.0, 9.995138888888889, 2.0, 1.0), (-3.0, 100.0, 0.0, 3.0, 4.0), (5.0, 100.0, 0.0, 5.0, 4.0)] 
 [(3, 3)]
Umlegung ausgeführt
curVolumes: (30000, [(3, 3, 0)])
new vehicle8 @ 03:02:22 (sumoTime: 10942 seconds) on link 1 with path_nodes [1, 2, 3, 4] which means path_links [1, 2, 3]
['newVeh8'] arrived @ sumotime 10971.0 seconds
new vehicle9 @ 03:14:14 (sumoTime: 11654 seconds) on link 1 with path_nodes [1, 2, 3, 4] which means path_links [1, 2, 3]
new vehicle10 @ 03:14:30 (sumoTime: 11670 seconds) on link 1 with path_nodes [1, 2, 3, 4] which means path_links [1, 2, 3]
['newVeh9'] arrived @ sumotime 11685.0 seconds
['newVeh10'] arrived @ sumotime 11698.0 seconds
new vehicle11 @ 03:18:41 (sumoTime: 11921 seconds) on link 1 with path_nodes [1, 2, 3, 4] which means path_links [1, 2, 3]
['newVeh11'] arrived @ sumotime 11948.0 seconds
new vehicle12 @ 03:30:12 (sumoTime: 12612 seconds) on link 1 with path_nodes [1, 2, 3, 4] which means path_links [1, 2, 3]
new vehicle13 @ 03:30:34 (sumoTime: 12634 seconds) on link 1 with path_nodes [1, 2, 3, 4] which means path_links [1, 2, 3]
['newVeh12'] arrived @ sumotime 12642.0 seconds
new vehicle14 @ 03:31:00 (sumoTime: 12660 seconds) on link 1 with path_nodes [1, 2, 3, 4] which means path_links [1, 2, 3]
['newVeh13'] arrived @ sumotime 12660.0 seconds
['newVeh14'] arrived @ sumotime 12688.0 seconds
new vehicle15 @ 03:37:59 (sumoTime: 13079 seconds) on link 1 with path_nodes [1, 2, 3, 4] which means path_links [1, 2, 3]
['newVeh15'] arrived @ sumotime 13106.0 seconds
new vehicle16 @ 03:38:45 (sumoTime: 13125 seconds) on link 1 with path_nodes [1, 2, 3, 4] which means path_links [1, 2, 3]
['newVeh16'] arrived @ sumotime 13152.0 seconds
new vehicle17 @ 03:40:13 (sumoTime: 13213 seconds) on link 1 with path_nodes [1, 2, 3, 4] which means path_links [1, 2, 3]
['newVeh17'] arrived @ sumotime 13242.0 seconds
new vehicle18 @ 03:46:38 (sumoTime: 13598 seconds) on link 1 with path_nodes [1, 2, 3, 4] which means path_links [1, 2, 3]
['newVeh18'] arrived @ sumotime 13625.0 seconds
new vehicle19 @ 03:51:59 (sumoTime: 13919 seconds) on link 1 with path_nodes [1, 2, 3, 4] which means path_links [1, 2, 3]
['newVeh19'] arrived @ sumotime 13944.0 seconds
04:00:00
[INFO: transfer Visum-Sumo]: [(1.0, 100.0, 12.495138888888889, 2.0, 1.0), (-3.0, 100.0, 0.0, 3.0, 4.0), (5.0, 100.0, 0.0, 5.0, 4.0)] 
 [(3, 12)]
Umlegung ausgeführt
curVolumes: (40000, [(3, 12, 0)])
new vehicle20 @ 04:09:48 (sumoTime: 14988 seconds) on link 1 with path_nodes [1, 2, 3, 4] which means path_links [1, 2, 3]
['newVeh20'] arrived @ sumotime 15014.0 seconds
new vehicle21 @ 04:16:45 (sumoTime: 15405 seconds) on link 1 with path_nodes [1, 2, 3, 4] which means path_links [1, 2, 3]
['newVeh21'] arrived @ sumotime 15435.0 seconds
new vehicle22 @ 04:18:02 (sumoTime: 15482 seconds) on link 1 with path_nodes [1, 2, 3, 4] which means path_links [1, 2, 3]
['newVeh22'] arrived @ sumotime 15509.0 seconds
new vehicle23 @ 04:19:36 (sumoTime: 15576 seconds) on link 1 with path_nodes [1, 2, 3, 4] which means path_links [1, 2, 3]
['newVeh23'] arrived @ sumotime 15600.0 seconds
new vehicle24 @ 04:24:56 (sumoTime: 15896 seconds) on link 1 with path_nodes [1, 2, 3, 4] which means path_links [1, 2, 3]
['newVeh24'] arrived @ sumotime 15923.0 seconds
new vehicle25 @ 04:28:20 (sumoTime: 16100 seconds) on link 1 with path_nodes [1, 2, 3, 4] which means path_links [1, 2, 3]
new vehicle26 @ 04:28:24 (sumoTime: 16104 seconds) on link 1 with path_nodes [1, 2, 3, 4] which means path_links [1, 2, 3]
['newVeh25'] arrived @ sumotime 16126.0 seconds
['newVeh26'] arrived @ sumotime 16132.0 seconds
new vehicle27 @ 04:30:05 (sumoTime: 16205 seconds) on link 1 with path_nodes [1, 2, 3, 4] which means path_links [1, 2, 3]
['newVeh27'] arrived @ sumotime 16233.0 seconds
new vehicle28 @ 04:31:33 (sumoTime: 16293 seconds) on link 1 with path_nodes [1, 2, 3, 4] which means path_links [1, 2, 3]
['newVeh28'] arrived @ sumotime 16320.0 seconds
new vehicle29 @ 04:39:23 (sumoTime: 16763 seconds) on link 1 with path_nodes [1, 2, 3, 4] which means path_links [1, 2, 3]
['newVeh29'] arrived @ sumotime 16790.0 seconds
new vehicle30 @ 04:45:12 (sumoTime: 17112 seconds) on link 1 with path_nodes [1, 2, 3, 4] which means path_links [1, 2, 3]
['newVeh30'] arrived @ sumotime 17140.0 seconds
new vehicle31 @ 04:47:39 (sumoTime: 17259 seconds) on link 1 with path_nodes [1, 2, 3, 4] which means path_links [1, 2, 3]
['newVeh31'] arrived @ sumotime 17286.0 seconds
new vehicle32 @ 04:54:28 (sumoTime: 17668 seconds) on link 1 with path_nodes [1, 2, 3, 4] which means path_links [1, 2, 3]
['newVeh32'] arrived @ sumotime 17699.0 seconds
new vehicle33 @ 04:58:28 (sumoTime: 17908 seconds) on link 1 with path_nodes [1, 2, 3, 4] which means path_links [1, 2, 3]
['newVeh33'] arrived @ sumotime 17935.0 seconds
05:00:00
[INFO: transfer Visum-Sumo]: [(1.0, 100.0, 14.995138888888889, 2.0, 1.0), (-3.0, 100.0, 0.0, 3.0, 4.0), (5.0, 100.0, 0.0, 5.0, 4.0)] 
 [(3, 14)]
Umlegung ausgeführt
curVolumes: (50000, [(3, 14, 0)])
new vehicle34 @ 05:09:36 (sumoTime: 18576 seconds) on link 1 with path_nodes [1, 2, 3, 4] which means path_links [1, 2, 3]
['newVeh34'] arrived @ sumotime 18601.0 seconds
new vehicle35 @ 05:12:36 (sumoTime: 18756 seconds) on link 1 with path_nodes [1, 2, 3, 4] which means path_links [1, 2, 3]
new vehicle36 @ 05:12:57 (sumoTime: 18777 seconds) on link 1 with path_nodes [1, 2, 3, 4] which means path_links [1, 2, 3]
new vehicle37 @ 05:13:01 (sumoTime: 18781 seconds) on link 1 with path_nodes [1, 2, 3, 4] which means path_links [1, 2, 3]
['newVeh35'] arrived @ sumotime 18781.0 seconds
['newVeh36'] arrived @ sumotime 18802.0 seconds
['newVeh37'] arrived @ sumotime 18807.0 seconds
new vehicle38 @ 05:13:41 (sumoTime: 18821 seconds) on link 1 with path_nodes [1, 2, 3, 4] which means path_links [1, 2, 3]
['newVeh38'] arrived @ sumotime 18847.0 seconds
new vehicle39 @ 05:14:10 (sumoTime: 18850 seconds) on link 1 with path_nodes [1, 2, 3, 4] which means path_links [1, 2, 3]
['newVeh39'] arrived @ sumotime 18878.0 seconds
new vehicle40 @ 05:15:11 (sumoTime: 18911 seconds) on link 1 with path_nodes [1, 2, 3, 4] which means path_links [1, 2, 3]
['newVeh40'] arrived @ sumotime 18942.0 seconds
new vehicle41 @ 05:16:02 (sumoTime: 18962 seconds) on link 1 with path_nodes [1, 2, 3, 4] which means path_links [1, 2, 3]
['newVeh41'] arrived @ sumotime 18989.0 seconds
['newVeh41'] arrived @ sumotime 18990.0 seconds
new vehicle42 @ 05:21:20 (sumoTime: 19280 seconds) on link 1 with path_nodes [1, 2, 3, 4] which means path_links [1, 2, 3]
['newVeh42'] arrived @ sumotime 19308.0 seconds
new vehicle43 @ 05:23:28 (sumoTime: 19408 seconds) on link 1 with path_nodes [1, 2, 3, 4] which means path_links [1, 2, 3]
['newVeh43'] arrived @ sumotime 19438.0 seconds
new vehicle44 @ 05:25:47 (sumoTime: 19547 seconds) on link 1 with path_nodes [1, 2, 3, 4] which means path_links [1, 2, 3]
['newVeh44'] arrived @ sumotime 19573.0 seconds
new vehicle45 @ 05:29:15 (sumoTime: 19755 seconds) on link 1 with path_nodes [1, 2, 3, 4] which means path_links [1, 2, 3]
['newVeh45'] arrived @ sumotime 19782.0 seconds
new vehicle46 @ 05:33:26 (sumoTime: 20006 seconds) on link 1 with path_nodes [1, 2, 3, 4] which means path_links [1, 2, 3]
['newVeh46'] arrived @ sumotime 20037.0 seconds
new vehicle47 @ 05:43:30 (sumoTime: 20610 seconds) on link 1 with path_nodes [1, 2, 3, 4] which means path_links [1, 2, 3]
['newVeh47'] arrived @ sumotime 20637.0 seconds
new vehicle48 @ 05:44:01 (sumoTime: 20641 seconds) on link 1 with path_nodes [1, 2, 3, 4] which means path_links [1, 2, 3]
['newVeh48'] arrived @ sumotime 20669.0 seconds
new vehicle49 @ 05:49:49 (sumoTime: 20989 seconds) on link 1 with path_nodes [1, 2, 3, 4] which means path_links [1, 2, 3]
new vehicle50 @ 05:50:07 (sumoTime: 21007 seconds) on link 1 with path_nodes [1, 2, 3, 4] which means path_links [1, 2, 3]
['newVeh49'] arrived @ sumotime 21016.0 seconds
['newVeh50'] arrived @ sumotime 21035.0 seconds
new vehicle51 @ 05:51:01 (sumoTime: 21061 seconds) on link 1 with path_nodes [1, 2, 3, 4] which means path_links [1, 2, 3]
['newVeh51'] arrived @ sumotime 21086.0 seconds
['newVeh51'] arrived @ sumotime 21087.0 seconds
new vehicle52 @ 05:55:21 (sumoTime: 21321 seconds) on link 1 with path_nodes [1, 2, 3, 4] which means path_links [1, 2, 3]
['newVeh52'] arrived @ sumotime 21349.0 seconds
new vehicle53 @ 05:57:17 (sumoTime: 21437 seconds) on link 1 with path_nodes [1, 2, 3, 4] which means path_links [1, 2, 3]
['newVeh53'] arrived @ sumotime 21463.0 seconds
06:00:00
[INFO: transfer Visum-Sumo]: [(1.0, 100.0, 17.49513888888889, 2.0, 1.0), (-3.0, 100.0, 0.0, 3.0, 4.0), (5.0, 100.0, 0.0, 5.0, 4.0)] 
 [(3, 22)]
Umlegung ausgeführt
curVolumes: (60000, [(3, 22, 0)])
new vehicle54 @ 06:06:20 (sumoTime: 21980 seconds) on link 1 with path_nodes [1, 2, 3, 4] which means path_links [1, 2, 3]
['newVeh54'] arrived @ sumotime 22006.0 seconds
new vehicle55 @ 06:18:03 (sumoTime: 22683 seconds) on link 1 with path_nodes [1, 2, 3, 4] which means path_links [1, 2, 3]
['newVeh55'] arrived @ sumotime 22709.0 seconds
new vehicle56 @ 06:20:12 (sumoTime: 22812 seconds) on link 1 with path_nodes [1, 2, 3, 4] which means path_links [1, 2, 3]
['newVeh56'] arrived @ sumotime 22839.0 seconds
new vehicle57 @ 06:20:40 (sumoTime: 22840 seconds) on link 1 with path_nodes [1, 2, 3, 4] which means path_links [1, 2, 3]
['newVeh57'] arrived @ sumotime 22870.0 seconds
new vehicle58 @ 06:23:46 (sumoTime: 23026 seconds) on link 1 with path_nodes [1, 2, 3, 4] which means path_links [1, 2, 3]
['newVeh58'] arrived @ sumotime 23051.0 seconds
new vehicle59 @ 06:26:09 (sumoTime: 23169 seconds) on link 1 with path_nodes [1, 2, 3, 4] which means path_links [1, 2, 3]
['newVeh59'] arrived @ sumotime 23196.0 seconds
new vehicle60 @ 06:30:04 (sumoTime: 23404 seconds) on link 1 with path_nodes [1, 2, 3, 4] which means path_links [1, 2, 3]
['newVeh60'] arrived @ sumotime 23432.0 seconds
new vehicle61 @ 06:35:00 (sumoTime: 23700 seconds) on link 1 with path_nodes [1, 2, 3, 4] which means path_links [1, 2, 3]
['newVeh61'] arrived @ sumotime 23729.0 seconds
new vehicle62 @ 06:38:03 (sumoTime: 23883 seconds) on link 1 with path_nodes [1, 2, 3, 4] which means path_links [1, 2, 3]
['newVeh62'] arrived @ sumotime 23913.0 seconds
new vehicle63 @ 06:39:59 (sumoTime: 23999 seconds) on link 1 with path_nodes [1, 2, 3, 4] which means path_links [1, 2, 3]
new vehicle64 @ 06:40:14 (sumoTime: 24014 seconds) on link 1 with path_nodes [1, 2, 3, 4] which means path_links [1, 2, 3]
['newVeh63'] arrived @ sumotime 24024.0 seconds
['newVeh64'] arrived @ sumotime 24040.0 seconds
new vehicle65 @ 06:40:47 (sumoTime: 24047 seconds) on link 1 with path_nodes [1, 2, 3, 4] which means path_links [1, 2, 3]
['newVeh65'] arrived @ sumotime 24074.0 seconds
new vehicle66 @ 06:41:40 (sumoTime: 24100 seconds) on link 1 with path_nodes [1, 2, 3, 4] which means path_links [1, 2, 3]
['newVeh66'] arrived @ sumotime 24128.0 seconds
new vehicle67 @ 06:43:32 (sumoTime: 24212 seconds) on link 1 with path_nodes [1, 2, 3, 4] which means path_links [1, 2, 3]
['newVeh67'] arrived @ sumotime 24238.0 seconds
new vehicle68 @ 06:46:06 (sumoTime: 24366 seconds) on link 1 with path_nodes [1, 2, 3, 4] which means path_links [1, 2, 3]
['newVeh68'] arrived @ sumotime 24392.0 seconds
new vehicle69 @ 06:55:17 (sumoTime: 24917 seconds) on link 1 with path_nodes [1, 2, 3, 4] which means path_links [1, 2, 3]
['newVeh69'] arrived @ sumotime 24943.0 seconds
new vehicle70 @ 06:59:23 (sumoTime: 25163 seconds) on link 1 with path_nodes [1, 2, 3, 4] which means path_links [1, 2, 3]
['newVeh70'] arrived @ sumotime 25189.0 seconds
07:00:00
[INFO: transfer Visum-Sumo]: [(1.0, 100.0, 19.99513888888889, 2.0, 1.0), (-3.0, 100.0, 0.0, 3.0, 4.0), (5.0, 100.0, 0.0, 5.0, 4.0)] 
 [(3, 17)]
Umlegung ausgeführt
curVolumes: (70000, [(3, 17, 0)])
new vehicle71 @ 07:01:02 (sumoTime: 25262 seconds) on link 1 with path_nodes [1, 2, 3, 4] which means path_links [1, 2, 3]
['newVeh71'] arrived @ sumotime 25289.0 seconds
new vehicle72 @ 07:02:35 (sumoTime: 25355 seconds) on link 1 with path_nodes [1, 2, 3, 4] which means path_links [1, 2, 3]
['newVeh72'] arrived @ sumotime 25383.0 seconds
new vehicle73 @ 07:06:07 (sumoTime: 25567 seconds) on link 1 with path_nodes [1, 2, 3, 4] which means path_links [1, 2, 3]
['newVeh73'] arrived @ sumotime 25594.0 seconds
new vehicle74 @ 07:11:47 (sumoTime: 25907 seconds) on link 1 with path_nodes [1, 2, 3, 4] which means path_links [1, 2, 3]
['newVeh74'] arrived @ sumotime 25934.0 seconds
new vehicle75 @ 07:14:57 (sumoTime: 26097 seconds) on link 1 with path_nodes [1, 2, 3, 4] which means path_links [1, 2, 3]
['newVeh75'] arrived @ sumotime 26124.0 seconds
new vehicle76 @ 07:15:40 (sumoTime: 26140 seconds) on link 1 with path_nodes [1, 2, 3, 4] which means path_links [1, 2, 3]
['newVeh76'] arrived @ sumotime 26165.0 seconds
new vehicle77 @ 07:24:56 (sumoTime: 26696 seconds) on link 1 with path_nodes [1, 2, 3, 4] which means path_links [1, 2, 3]
new vehicle78 @ 07:25:02 (sumoTime: 26702 seconds) on link 1 with path_nodes [1, 2, 3, 4] which means path_links [1, 2, 3]
new vehicle79 @ 07:25:15 (sumoTime: 26715 seconds) on link 1 with path_nodes [1, 2, 3, 4] which means path_links [1, 2, 3]
['newVeh77'] arrived @ sumotime 26727.0 seconds
['newVeh78'] arrived @ sumotime 26729.0 seconds
['newVeh79'] arrived @ sumotime 26745.0 seconds
new vehicle80 @ 07:27:39 (sumoTime: 26859 seconds) on link 1 with path_nodes [1, 2, 3, 4] which means path_links [1, 2, 3]
['newVeh80'] arrived @ sumotime 26891.0 seconds
new vehicle81 @ 07:30:18 (sumoTime: 27018 seconds) on link 1 with path_nodes [1, 2, 3, 4] which means path_links [1, 2, 3]
['newVeh81'] arrived @ sumotime 27044.0 seconds
new vehicle82 @ 07:36:20 (sumoTime: 27380 seconds) on link 1 with path_nodes [1, 2, 3, 4] which means path_links [1, 2, 3]
['newVeh82'] arrived @ sumotime 27408.0 seconds
new vehicle83 @ 07:37:46 (sumoTime: 27466 seconds) on link 1 with path_nodes [1, 2, 3, 4] which means path_links [1, 2, 3]
['newVeh83'] arrived @ sumotime 27496.0 seconds
new vehicle84 @ 07:40:14 (sumoTime: 27614 seconds) on link 1 with path_nodes [1, 2, 3, 4] which means path_links [1, 2, 3]
['newVeh84'] arrived @ sumotime 27641.0 seconds
['newVeh84'] arrived @ sumotime 27642.0 seconds
new vehicle85 @ 07:41:22 (sumoTime: 27682 seconds) on link 1 with path_nodes [1, 2, 3, 4] which means path_links [1, 2, 3]
['newVeh85'] arrived @ sumotime 27708.0 seconds
new vehicle86 @ 07:41:53 (sumoTime: 27713 seconds) on link 1 with path_nodes [1, 2, 3, 4] which means path_links [1, 2, 3]
['newVeh86'] arrived @ sumotime 27740.0 seconds
new vehicle87 @ 07:42:50 (sumoTime: 27770 seconds) on link 1 with path_nodes [1, 2, 3, 4] which means path_links [1, 2, 3]
['newVeh87'] arrived @ sumotime 27796.0 seconds
new vehicle88 @ 07:43:55 (sumoTime: 27835 seconds) on link 1 with path_nodes [1, 2, 3, 4] which means path_links [1, 2, 3]
new vehicle89 @ 07:44:15 (sumoTime: 27855 seconds) on link 1 with path_nodes [1, 2, 3, 4] which means path_links [1, 2, 3]
['newVeh88'] arrived @ sumotime 27860.0 seconds
['newVeh89'] arrived @ sumotime 27884.0 seconds
new vehicle90 @ 07:44:54 (sumoTime: 27894 seconds) on link 1 with path_nodes [1, 2, 3, 4] which means path_links [1, 2, 3]
['newVeh90'] arrived @ sumotime 27921.0 seconds
new vehicle91 @ 07:48:26 (sumoTime: 28106 seconds) on link 1 with path_nodes [1, 2, 3, 4] which means path_links [1, 2, 3]
['newVeh91'] arrived @ sumotime 28134.0 seconds
new vehicle92 @ 07:53:04 (sumoTime: 28384 seconds) on link 1 with path_nodes [1, 2, 3, 4] which means path_links [1, 2, 3]
['newVeh92'] arrived @ sumotime 28411.0 seconds
new vehicle93 @ 07:56:00 (sumoTime: 28560 seconds) on link 1 with path_nodes [1, 2, 3, 4] which means path_links [1, 2, 3]
['newVeh93'] arrived @ sumotime 28587.0 seconds
new vehicle94 @ 07:57:52 (sumoTime: 28672 seconds) on link 1 with path_nodes [1, 2, 3, 4] which means path_links [1, 2, 3]
new vehicle95 @ 07:57:52 (sumoTime: 28672 seconds) on link 1 with path_nodes [1, 2, 3, 4] which means path_links [1, 2, 3]
new vehicle96 @ 07:58:14 (sumoTime: 28694 seconds) on link 1 with path_nodes [1, 2, 3, 4] which means path_links [1, 2, 3]
['newVeh94'] arrived @ sumotime 28701.0 seconds
['newVeh95'] arrived @ sumotime 28705.0 seconds
['newVeh96'] arrived @ sumotime 28720.0 seconds
08:00:00
[INFO: transfer Visum-Sumo]: [(1.0, 100.0, 22.49513888888889, 2.0, 1.0), (-3.0, 100.0, 0.0, 3.0, 4.0), (5.0, 100.0, 0.0, 5.0, 4.0)] 
 [(3, 27)]
Umlegung ausgeführt
curVolumes: (80000, [(3, 27, 0)])
new vehicle97 @ 08:00:04 (sumoTime: 28804 seconds) on link 1 with path_nodes [1, 2, 3, 4] which means path_links [1, 2, 3]
new vehicle98 @ 08:00:11 (sumoTime: 28811 seconds) on link 1 with path_nodes [1, 2, 3, 4] which means path_links [1, 2, 3]
['newVeh97'] arrived @ sumotime 28843.0 seconds
['newVeh97'] arrived @ sumotime 28844.0 seconds
['newVeh98'] arrived @ sumotime 28849.0 seconds
['newVeh98'] arrived @ sumotime 28850.0 seconds
['newVeh97'] arrived @ sumotime 28863.0 seconds
['newVeh98'] arrived @ sumotime 28869.0 seconds
new vehicle99 @ 08:04:01 (sumoTime: 29041 seconds) on link 1 with path_nodes [1, 2, 3, 4] which means path_links [1, 2, 3]
['newVeh99'] arrived @ sumotime 29093.0 seconds
['newVeh99'] arrived @ sumotime 29094.0 seconds
['newVeh99'] arrived @ sumotime 29095.0 seconds
['newVeh99'] arrived @ sumotime 29119.0 seconds
new vehicle100 @ 08:05:53 (sumoTime: 29153 seconds) on link 1 with path_nodes [1, 2, 3, 4] which means path_links [1, 2, 3]
new vehicle101 @ 08:06:14 (sumoTime: 29174 seconds) on link 1 with path_nodes [1, 2, 3, 4] which means path_links [1, 2, 3]
['newVeh100'] arrived @ sumotime 29197.0 seconds
['newVeh100'] arrived @ sumotime 29198.0 seconds
['newVeh101'] arrived @ sumotime 29215.0 seconds
['newVeh101'] arrived @ sumotime 29216.0 seconds
['newVeh100'] arrived @ sumotime 29220.0 seconds
new vehicle102 @ 08:07:11 (sumoTime: 29231 seconds) on link 1 with path_nodes [1, 2, 3, 4] which means path_links [1, 2, 3]
['newVeh101'] arrived @ sumotime 29236.0 seconds
['newVeh102'] arrived @ sumotime 29275.0 seconds
['newVeh102'] arrived @ sumotime 29276.0 seconds
['newVeh102'] arrived @ sumotime 29296.0 seconds
new vehicle103 @ 08:09:56 (sumoTime: 29396 seconds) on link 1 with path_nodes [1, 2, 3, 4] which means path_links [1, 2, 3]
['newVeh103'] arrived @ sumotime 29439.0 seconds
['newVeh103'] arrived @ sumotime 29440.0 seconds
['newVeh103'] arrived @ sumotime 29461.0 seconds
new vehicle104 @ 08:11:18 (sumoTime: 29478 seconds) on link 1 with path_nodes [1, 2, 3, 4] which means path_links [1, 2, 3]
['newVeh104'] arrived @ sumotime 29517.0 seconds
['newVeh104'] arrived @ sumotime 29518.0 seconds
['newVeh104'] arrived @ sumotime 29536.0 seconds
new vehicle105 @ 08:14:23 (sumoTime: 29663 seconds) on link 1 with path_nodes [1, 2, 3, 4] which means path_links [1, 2, 3]
['newVeh105'] arrived @ sumotime 29701.0 seconds
['newVeh105'] arrived @ sumotime 29702.0 seconds
['newVeh105'] arrived @ sumotime 29719.0 seconds
new vehicle106 @ 08:23:22 (sumoTime: 30202 seconds) on link 1 with path_nodes [1, 2, 3, 4] which means path_links [1, 2, 3]
['newVeh106'] arrived @ sumotime 30244.0 seconds
['newVeh106'] arrived @ sumotime 30245.0 seconds
['newVeh106'] arrived @ sumotime 30265.0 seconds
new vehicle107 @ 08:25:50 (sumoTime: 30350 seconds) on link 1 with path_nodes [1, 2, 3, 4] which means path_links [1, 2, 3]
['newVeh107'] arrived @ sumotime 30394.0 seconds
['newVeh107'] arrived @ sumotime 30395.0 seconds
['newVeh107'] arrived @ sumotime 30415.0 seconds
['newVeh107'] arrived @ sumotime 30416.0 seconds
new vehicle108 @ 08:27:01 (sumoTime: 30421 seconds) on link 1 with path_nodes [1, 2, 3, 4] which means path_links [1, 2, 3]
['newVeh108'] arrived @ sumotime 30462.0 seconds
['newVeh108'] arrived @ sumotime 30463.0 seconds
['newVeh108'] arrived @ sumotime 30482.0 seconds
new vehicle109 @ 08:29:02 (sumoTime: 30542 seconds) on link 1 with path_nodes [1, 2, 3, 4] which means path_links [1, 2, 3]
['newVeh109'] arrived @ sumotime 30585.0 seconds
['newVeh109'] arrived @ sumotime 30586.0 seconds
['newVeh109'] arrived @ sumotime 30605.0 seconds
new vehicle110 @ 08:30:37 (sumoTime: 30637 seconds) on link 1 with path_nodes [1, 2, 3, 4] which means path_links [1, 2, 3]
['newVeh110'] arrived @ sumotime 30676.0 seconds
['newVeh110'] arrived @ sumotime 30677.0 seconds
['newVeh110'] arrived @ sumotime 30697.0 seconds
new vehicle111 @ 08:33:25 (sumoTime: 30805 seconds) on link 1 with path_nodes [1, 2, 3, 4] which means path_links [1, 2, 3]
['newVeh111'] arrived @ sumotime 30845.0 seconds
['newVeh111'] arrived @ sumotime 30846.0 seconds
['newVeh111'] arrived @ sumotime 30865.0 seconds
new vehicle112 @ 08:37:07 (sumoTime: 31027 seconds) on link 1 with path_nodes [1, 2, 3, 4] which means path_links [1, 2, 3]
['newVeh112'] arrived @ sumotime 31074.0 seconds
['newVeh112'] arrived @ sumotime 31075.0 seconds
['newVeh112'] arrived @ sumotime 31096.0 seconds
new vehicle113 @ 08:39:02 (sumoTime: 31142 seconds) on link 1 with path_nodes [1, 2, 3, 4] which means path_links [1, 2, 3]
['newVeh113'] arrived @ sumotime 31180.0 seconds
['newVeh113'] arrived @ sumotime 31181.0 seconds
['newVeh113'] arrived @ sumotime 31199.0 seconds
['newVeh113'] arrived @ sumotime 31200.0 seconds
new vehicle114 @ 08:42:33 (sumoTime: 31353 seconds) on link 1 with path_nodes [1, 2, 3, 4] which means path_links [1, 2, 3]
['newVeh114'] arrived @ sumotime 31397.0 seconds
['newVeh114'] arrived @ sumotime 31398.0 seconds
['newVeh114'] arrived @ sumotime 31419.0 seconds
new vehicle115 @ 08:46:14 (sumoTime: 31574 seconds) on link 1 with path_nodes [1, 2, 3, 4] which means path_links [1, 2, 3]
['newVeh115'] arrived @ sumotime 31618.0 seconds
['newVeh115'] arrived @ sumotime 31619.0 seconds
['newVeh115'] arrived @ sumotime 31639.0 seconds
new vehicle116 @ 08:49:41 (sumoTime: 31781 seconds) on link 1 with path_nodes [1, 2, 3, 4] which means path_links [1, 2, 3]
new vehicle117 @ 08:50:24 (sumoTime: 31824 seconds) on link 1 with path_nodes [1, 2, 3, 4] which means path_links [1, 2, 3]
['newVeh116'] arrived @ sumotime 31824.0 seconds
['newVeh116'] arrived @ sumotime 31825.0 seconds
['newVeh116'] arrived @ sumotime 31845.0 seconds
['newVeh117'] arrived @ sumotime 31864.0 seconds
['newVeh117'] arrived @ sumotime 31883.0 seconds
new vehicle118 @ 08:52:07 (sumoTime: 31927 seconds) on link 1 with path_nodes [1, 2, 3, 4] which means path_links [1, 2, 3]
['newVeh118'] arrived @ sumotime 31973.0 seconds
['newVeh118'] arrived @ sumotime 31974.0 seconds
['newVeh118'] arrived @ sumotime 31975.0 seconds
['newVeh118'] arrived @ sumotime 31996.0 seconds
new vehicle119 @ 08:53:41 (sumoTime: 32021 seconds) on link 1 with path_nodes [1, 2, 3, 4] which means path_links [1, 2, 3]
['newVeh119'] arrived @ sumotime 32061.0 seconds
['newVeh119'] arrived @ sumotime 32062.0 seconds
['newVeh119'] arrived @ sumotime 32081.0 seconds
new vehicle120 @ 08:55:18 (sumoTime: 32118 seconds) on link 1 with path_nodes [1, 2, 3, 4] which means path_links [1, 2, 3]
new vehicle121 @ 08:55:45 (sumoTime: 32145 seconds) on link 1 with path_nodes [1, 2, 3, 4] which means path_links [1, 2, 3]
['newVeh120'] arrived @ sumotime 32156.0 seconds
['newVeh120'] arrived @ sumotime 32157.0 seconds
['newVeh120'] arrived @ sumotime 32175.0 seconds
['newVeh121'] arrived @ sumotime 32188.0 seconds
['newVeh121'] arrived @ sumotime 32189.0 seconds
['newVeh121'] arrived @ sumotime 32210.0 seconds
new vehicle122 @ 08:57:31 (sumoTime: 32251 seconds) on link 1 with path_nodes [1, 2, 3, 4] which means path_links [1, 2, 3]
['newVeh122'] arrived @ sumotime 32291.0 seconds
['newVeh122'] arrived @ sumotime 32292.0 seconds
['newVeh122'] arrived @ sumotime 32311.0 seconds
new vehicle123 @ 08:58:37 (sumoTime: 32317 seconds) on link 1 with path_nodes [1, 2, 3, 4] which means path_links [1, 2, 3]
['newVeh123'] arrived @ sumotime 32366.0 seconds
['newVeh123'] arrived @ sumotime 32367.0 seconds
['newVeh123'] arrived @ sumotime 32368.0 seconds
['newVeh123'] arrived @ sumotime 32391.0 seconds
09:00:00
[INFO: transfer Visum-Sumo]: [(1.0, 100.0, 24.99513888888889, 2.0, 1.0), (-3.0, 100.0, 0.0, 3.0, 4.0), (5.0, 100.0, 0.0, 5.0, 4.0)] 
 [(3, 85)]
Umlegung ausgeführt
curVolumes: (90000, [(3, 85, 0)])
new vehicle124 @ 09:18:32 (sumoTime: 33512 seconds) on link 1 with path_nodes [1, 2, 3, 4] which means path_links [1, 2, 3]
['newVeh124'] arrived @ sumotime 33549.0 seconds
['newVeh124'] arrived @ sumotime 33550.0 seconds
['newVeh124'] arrived @ sumotime 33567.0 seconds
new vehicle125 @ 09:20:38 (sumoTime: 33638 seconds) on link 1 with path_nodes [1, 2, 3, 4] which means path_links [1, 2, 3]
['newVeh125'] arrived @ sumotime 33679.0 seconds
['newVeh125'] arrived @ sumotime 33680.0 seconds
['newVeh125'] arrived @ sumotime 33700.0 seconds
new vehicle126 @ 09:21:56 (sumoTime: 33716 seconds) on link 1 with path_nodes [1, 2, 3, 4] which means path_links [1, 2, 3]
['newVeh126'] arrived @ sumotime 33757.0 seconds
['newVeh126'] arrived @ sumotime 33777.0 seconds
new vehicle127 @ 09:23:23 (sumoTime: 33803 seconds) on link 1 with path_nodes [1, 2, 3, 4] which means path_links [1, 2, 3]
['newVeh127'] arrived @ sumotime 33852.0 seconds
['newVeh127'] arrived @ sumotime 33853.0 seconds
['newVeh127'] arrived @ sumotime 33875.0 seconds
new vehicle128 @ 09:25:03 (sumoTime: 33903 seconds) on link 1 with path_nodes [1, 2, 3, 4] which means path_links [1, 2, 3]
['newVeh128'] arrived @ sumotime 33946.0 seconds
['newVeh128'] arrived @ sumotime 33947.0 seconds
['newVeh128'] arrived @ sumotime 33968.0 seconds
new vehicle129 @ 09:29:41 (sumoTime: 34181 seconds) on link 1 with path_nodes [1, 2, 3, 4] which means path_links [1, 2, 3]
['newVeh129'] arrived @ sumotime 34220.0 seconds
['newVeh129'] arrived @ sumotime 34221.0 seconds
new vehicle130 @ 09:30:26 (sumoTime: 34226 seconds) on link 1 with path_nodes [1, 2, 3, 4] which means path_links [1, 2, 3]
['newVeh129'] arrived @ sumotime 34240.0 seconds
['newVeh130'] arrived @ sumotime 34265.0 seconds
['newVeh130'] arrived @ sumotime 34266.0 seconds
['newVeh130'] arrived @ sumotime 34284.0 seconds
new vehicle131 @ 09:34:10 (sumoTime: 34450 seconds) on link 1 with path_nodes [1, 2, 3, 4] which means path_links [1, 2, 3]
['newVeh131'] arrived @ sumotime 34491.0 seconds
['newVeh131'] arrived @ sumotime 34492.0 seconds
['newVeh131'] arrived @ sumotime 34511.0 seconds
new vehicle132 @ 09:39:12 (sumoTime: 34752 seconds) on link 1 with path_nodes [1, 2, 3, 4] which means path_links [1, 2, 3]
['newVeh132'] arrived @ sumotime 34797.0 seconds
['newVeh132'] arrived @ sumotime 34798.0 seconds
['newVeh132'] arrived @ sumotime 34819.0 seconds
new vehicle133 @ 09:41:48 (sumoTime: 34908 seconds) on link 1 with path_nodes [1, 2, 3, 4] which means path_links [1, 2, 3]
['newVeh133'] arrived @ sumotime 34948.0 seconds
['newVeh133'] arrived @ sumotime 34968.0 seconds
new vehicle134 @ 09:44:47 (sumoTime: 35087 seconds) on link 1 with path_nodes [1, 2, 3, 4] which means path_links [1, 2, 3]
['newVeh134'] arrived @ sumotime 35125.0 seconds
['newVeh134'] arrived @ sumotime 35126.0 seconds
['newVeh134'] arrived @ sumotime 35144.0 seconds
['newVeh134'] arrived @ sumotime 35145.0 seconds
new vehicle135 @ 09:47:03 (sumoTime: 35223 seconds) on link 1 with path_nodes [1, 2, 3, 4] which means path_links [1, 2, 3]
['newVeh135'] arrived @ sumotime 35273.0 seconds
['newVeh135'] arrived @ sumotime 35274.0 seconds
['newVeh135'] arrived @ sumotime 35275.0 seconds
new vehicle136 @ 09:47:57 (sumoTime: 35277 seconds) on link 1 with path_nodes [1, 2, 3, 4] which means path_links [1, 2, 3]
['newVeh135'] arrived @ sumotime 35299.0 seconds
['newVeh136'] arrived @ sumotime 35321.0 seconds
['newVeh136'] arrived @ sumotime 35322.0 seconds
['newVeh136'] arrived @ sumotime 35342.0 seconds
new vehicle137 @ 09:49:59 (sumoTime: 35399 seconds) on link 1 with path_nodes [1, 2, 3, 4] which means path_links [1, 2, 3]
new vehicle138 @ 09:50:05 (sumoTime: 35405 seconds) on link 1 with path_nodes [1, 2, 3, 4] which means path_links [1, 2, 3]
['newVeh137'] arrived @ sumotime 35443.0 seconds
['newVeh137'] arrived @ sumotime 35444.0 seconds
['newVeh138'] arrived @ sumotime 35447.0 seconds
['newVeh138'] arrived @ sumotime 35448.0 seconds
['newVeh137'] arrived @ sumotime 35464.0 seconds
['newVeh138'] arrived @ sumotime 35468.0 seconds
new vehicle139 @ 09:53:15 (sumoTime: 35595 seconds) on link 1 with path_nodes [1, 2, 3, 4] which means path_links [1, 2, 3]
['newVeh139'] arrived @ sumotime 35635.0 seconds
['newVeh139'] arrived @ sumotime 35636.0 seconds
['newVeh139'] arrived @ sumotime 35654.0 seconds
new vehicle140 @ 09:56:44 (sumoTime: 35804 seconds) on link 1 with path_nodes [1, 2, 3, 4] which means path_links [1, 2, 3]
['newVeh140'] arrived @ sumotime 35843.0 seconds
['newVeh140'] arrived @ sumotime 35844.0 seconds
['newVeh140'] arrived @ sumotime 35862.0 seconds
new vehicle141 @ 09:58:05 (sumoTime: 35885 seconds) on link 1 with path_nodes [1, 2, 3, 4] which means path_links [1, 2, 3]
['newVeh141'] arrived @ sumotime 35928.0 seconds
['newVeh141'] arrived @ sumotime 35929.0 seconds
['newVeh141'] arrived @ sumotime 35950.0 seconds
10:00:00
[INFO: transfer Visum-Sumo]: [(1.0, 100.0, 27.49513888888889, 2.0, 1.0), (-3.0, 100.0, 0.0, 3.0, 4.0), (5.0, 100.0, 0.0, 5.0, 4.0)] 
 [(3, 54)]
Umlegung ausgeführt
curVolumes: (100000, [(3, 54, 0)])
new vehicle142 @ 10:03:23 (sumoTime: 36203 seconds) on link 1 with path_nodes [1, 2, 3, 4] which means path_links [1, 2, 3]
['newVeh142'] arrived @ sumotime 36242.0 seconds
['newVeh142'] arrived @ sumotime 36243.0 seconds
['newVeh142'] arrived @ sumotime 36263.0 seconds
new vehicle143 @ 10:12:03 (sumoTime: 36723 seconds) on link 1 with path_nodes [1, 2, 3, 4] which means path_links [1, 2, 3]
new vehicle144 @ 10:12:12 (sumoTime: 36732 seconds) on link 1 with path_nodes [1, 2, 3, 4] which means path_links [1, 2, 3]
['newVeh143'] arrived @ sumotime 36759.0 seconds
['newVeh143'] arrived @ sumotime 36760.0 seconds
['newVeh144'] arrived @ sumotime 36772.0 seconds
['newVeh144'] arrived @ sumotime 36773.0 seconds
['newVeh143'] arrived @ sumotime 36777.0 seconds
['newVeh144'] arrived @ sumotime 36792.0 seconds
new vehicle145 @ 10:14:28 (sumoTime: 36868 seconds) on link 1 with path_nodes [1, 2, 3, 4] which means path_links [1, 2, 3]
new vehicle146 @ 10:14:31 (sumoTime: 36871 seconds) on link 1 with path_nodes [1, 2, 3, 4] which means path_links [1, 2, 3]
new vehicle147 @ 10:14:39 (sumoTime: 36879 seconds) on link 1 with path_nodes [1, 2, 3, 4] which means path_links [1, 2, 3]
['newVeh145'] arrived @ sumotime 36906.0 seconds
['newVeh145'] arrived @ sumotime 36907.0 seconds
['newVeh146'] arrived @ sumotime 36910.0 seconds
['newVeh146'] arrived @ sumotime 36911.0 seconds
['newVeh147'] arrived @ sumotime 36922.0 seconds
['newVeh147'] arrived @ sumotime 36923.0 seconds
['newVeh147', 'newVeh145'] arrived @ sumotime 36924.0 seconds
['newVeh146'] arrived @ sumotime 36930.0 seconds
['newVeh147'] arrived @ sumotime 36944.0 seconds
['newVeh147'] arrived @ sumotime 36945.0 seconds
new vehicle148 @ 10:16:38 (sumoTime: 36998 seconds) on link 1 with path_nodes [1, 2, 3, 4] which means path_links [1, 2, 3]
new vehicle149 @ 10:16:44 (sumoTime: 37004 seconds) on link 1 with path_nodes [1, 2, 3, 4] which means path_links [1, 2, 3]
new vehicle150 @ 10:17:14 (sumoTime: 37034 seconds) on link 1 with path_nodes [1, 2, 3, 4] which means path_links [1, 2, 3]
['newVeh148'] arrived @ sumotime 37042.0 seconds
['newVeh148'] arrived @ sumotime 37043.0 seconds
['newVeh149'] arrived @ sumotime 37045.0 seconds
['newVeh149'] arrived @ sumotime 37046.0 seconds
['newVeh148'] arrived @ sumotime 37064.0 seconds
['newVeh149'] arrived @ sumotime 37067.0 seconds
['newVeh150'] arrived @ sumotime 37073.0 seconds
['newVeh150'] arrived @ sumotime 37074.0 seconds
['newVeh150'] arrived @ sumotime 37092.0 seconds
new vehicle151 @ 10:21:00 (sumoTime: 37260 seconds) on link 1 with path_nodes [1, 2, 3, 4] which means path_links [1, 2, 3]
['newVeh151'] arrived @ sumotime 37300.0 seconds
['newVeh151'] arrived @ sumotime 37301.0 seconds
['newVeh151'] arrived @ sumotime 37321.0 seconds
new vehicle152 @ 10:29:23 (sumoTime: 37763 seconds) on link 1 with path_nodes [1, 2, 3, 4] which means path_links [1, 2, 3]
['newVeh152'] arrived @ sumotime 37802.0 seconds
['newVeh152'] arrived @ sumotime 37803.0 seconds
['newVeh152'] arrived @ sumotime 37823.0 seconds
new vehicle153 @ 10:31:35 (sumoTime: 37895 seconds) on link 1 with path_nodes [1, 2, 3, 4] which means path_links [1, 2, 3]
['newVeh153'] arrived @ sumotime 37939.0 seconds
['newVeh153'] arrived @ sumotime 37940.0 seconds
['newVeh153'] arrived @ sumotime 37960.0 seconds
['newVeh153'] arrived @ sumotime 37961.0 seconds
new vehicle154 @ 10:34:24 (sumoTime: 38064 seconds) on link 1 with path_nodes [1, 2, 3, 4] which means path_links [1, 2, 3]
new vehicle155 @ 10:34:55 (sumoTime: 38095 seconds) on link 1 with path_nodes [1, 2, 3, 4] which means path_links [1, 2, 3]
['newVeh154'] arrived @ sumotime 38104.0 seconds
['newVeh154'] arrived @ sumotime 38105.0 seconds
['newVeh154'] arrived @ sumotime 38123.0 seconds
new vehicle156 @ 10:35:27 (sumoTime: 38127 seconds) on link 1 with path_nodes [1, 2, 3, 4] which means path_links [1, 2, 3]
['newVeh155'] arrived @ sumotime 38133.0 seconds
['newVeh155'] arrived @ sumotime 38134.0 seconds
['newVeh155'] arrived @ sumotime 38151.0 seconds
['newVeh156'] arrived @ sumotime 38170.0 seconds
['newVeh156'] arrived @ sumotime 38171.0 seconds
['newVeh156'] arrived @ sumotime 38191.0 seconds
new vehicle157 @ 10:36:32 (sumoTime: 38192 seconds) on link 1 with path_nodes [1, 2, 3, 4] which means path_links [1, 2, 3]
new vehicle158 @ 10:36:44 (sumoTime: 38204 seconds) on link 1 with path_nodes [1, 2, 3, 4] which means path_links [1, 2, 3]
['newVeh157'] arrived @ sumotime 38228.0 seconds
['newVeh157'] arrived @ sumotime 38229.0 seconds
['newVeh158'] arrived @ sumotime 38242.0 seconds
['newVeh157'] arrived @ sumotime 38246.0 seconds
['newVeh158'] arrived @ sumotime 38260.0 seconds
new vehicle159 @ 10:38:28 (sumoTime: 38308 seconds) on link 1 with path_nodes [1, 2, 3, 4] which means path_links [1, 2, 3]
new vehicle160 @ 10:38:30 (sumoTime: 38310 seconds) on link 1 with path_nodes [1, 2, 3, 4] which means path_links [1, 2, 3]
['newVeh159'] arrived @ sumotime 38350.0 seconds
['newVeh159'] arrived @ sumotime 38351.0 seconds
['newVeh160'] arrived @ sumotime 38356.0 seconds
['newVeh160'] arrived @ sumotime 38357.0 seconds
['newVeh160'] arrived @ sumotime 38358.0 seconds
['newVeh159'] arrived @ sumotime 38371.0 seconds
new vehicle161 @ 10:39:34 (sumoTime: 38374 seconds) on link 1 with path_nodes [1, 2, 3, 4] which means path_links [1, 2, 3]
['newVeh160'] arrived @ sumotime 38380.0 seconds
new vehicle162 @ 10:40:14 (sumoTime: 38414 seconds) on link 1 with path_nodes [1, 2, 3, 4] which means path_links [1, 2, 3]
['newVeh161'] arrived @ sumotime 38417.0 seconds
['newVeh161'] arrived @ sumotime 38418.0 seconds
new vehicle163 @ 10:40:28 (sumoTime: 38428 seconds) on link 1 with path_nodes [1, 2, 3, 4] which means path_links [1, 2, 3]
['newVeh161'] arrived @ sumotime 38438.0 seconds
new vehicle164 @ 10:40:49 (sumoTime: 38449 seconds) on link 1 with path_nodes [1, 2, 3, 4] which means path_links [1, 2, 3]
['newVeh162'] arrived @ sumotime 38451.0 seconds
['newVeh162'] arrived @ sumotime 38452.0 seconds
['newVeh163'] arrived @ sumotime 38466.0 seconds
new vehicle165 @ 10:41:07 (sumoTime: 38467 seconds) on link 1 with path_nodes [1, 2, 3, 4] which means path_links [1, 2, 3]
['newVeh163'] arrived @ sumotime 38467.0 seconds
['newVeh162'] arrived @ sumotime 38470.0 seconds
['newVeh163'] arrived @ sumotime 38486.0 seconds
['newVeh164'] arrived @ sumotime 38489.0 seconds
['newVeh164'] arrived @ sumotime 38490.0 seconds
['newVeh165'] arrived @ sumotime 38505.0 seconds
['newVeh164'] arrived @ sumotime 38508.0 seconds
['newVeh165'] arrived @ sumotime 38524.0 seconds
new vehicle166 @ 10:43:12 (sumoTime: 38592 seconds) on link 1 with path_nodes [1, 2, 3, 4] which means path_links [1, 2, 3]
['newVeh166'] arrived @ sumotime 38628.0 seconds
['newVeh166'] arrived @ sumotime 38629.0 seconds
['newVeh166'] arrived @ sumotime 38646.0 seconds
new vehicle167 @ 10:44:13 (sumoTime: 38653 seconds) on link 1 with path_nodes [1, 2, 3, 4] which means path_links [1, 2, 3]
new vehicle168 @ 10:44:28 (sumoTime: 38668 seconds) on link 1 with path_nodes [1, 2, 3, 4] which means path_links [1, 2, 3]
['newVeh167'] arrived @ sumotime 38696.0 seconds
['newVeh167'] arrived @ sumotime 38697.0 seconds
['newVeh167'] arrived @ sumotime 38698.0 seconds
['newVeh168'] arrived @ sumotime 38713.0 seconds
['newVeh168'] arrived @ sumotime 38714.0 seconds
['newVeh167'] arrived @ sumotime 38718.0 seconds
['newVeh168'] arrived @ sumotime 38737.0 seconds
new vehicle169 @ 10:46:16 (sumoTime: 38776 seconds) on link 1 with path_nodes [1, 2, 3, 4] which means path_links [1, 2, 3]
['newVeh169'] arrived @ sumotime 38819.0 seconds
['newVeh169'] arrived @ sumotime 38820.0 seconds
['newVeh169'] arrived @ sumotime 38841.0 seconds
new vehicle170 @ 10:48:31 (sumoTime: 38911 seconds) on link 1 with path_nodes [1, 2, 3, 4] which means path_links [1, 2, 3]
new vehicle171 @ 10:48:58 (sumoTime: 38938 seconds) on link 1 with path_nodes [1, 2, 3, 4] which means path_links [1, 2, 3]
new vehicle172 @ 10:49:11 (sumoTime: 38951 seconds) on link 1 with path_nodes [1, 2, 3, 4] which means path_links [1, 2, 3]
['newVeh170'] arrived @ sumotime 38956.0 seconds
['newVeh170'] arrived @ sumotime 38957.0 seconds
['newVeh170'] arrived @ sumotime 38958.0 seconds
['newVeh170'] arrived @ sumotime 38978.0 seconds
['newVeh171'] arrived @ sumotime 38989.0 seconds
['newVeh171'] arrived @ sumotime 38990.0 seconds
['newVeh172'] arrived @ sumotime 38992.0 seconds
['newVeh172'] arrived @ sumotime 38993.0 seconds
['newVeh171'] arrived @ sumotime 39014.0 seconds
['newVeh172'] arrived @ sumotime 39016.0 seconds
new vehicle173 @ 10:52:59 (sumoTime: 39179 seconds) on link 1 with path_nodes [1, 2, 3, 4] which means path_links [1, 2, 3]
new vehicle174 @ 10:53:09 (sumoTime: 39189 seconds) on link 1 with path_nodes [1, 2, 3, 4] which means path_links [1, 2, 3]
['newVeh173'] arrived @ sumotime 39216.0 seconds
['newVeh173'] arrived @ sumotime 39217.0 seconds
['newVeh174'] arrived @ sumotime 39229.0 seconds
['newVeh174'] arrived @ sumotime 39230.0 seconds
['newVeh173'] arrived @ sumotime 39235.0 seconds
['newVeh174'] arrived @ sumotime 39250.0 seconds
new vehicle175 @ 10:56:41 (sumoTime: 39401 seconds) on link 1 with path_nodes [1, 2, 3, 4] which means path_links [1, 2, 3]
['newVeh175'] arrived @ sumotime 39440.0 seconds
['newVeh175'] arrived @ sumotime 39441.0 seconds
['newVeh175'] arrived @ sumotime 39459.0 seconds
new vehicle176 @ 10:58:06 (sumoTime: 39486 seconds) on link 1 with path_nodes [1, 2, 3, 4] which means path_links [1, 2, 3]
['newVeh176'] arrived @ sumotime 39528.0 seconds
['newVeh176'] arrived @ sumotime 39548.0 seconds
11:00:00
[INFO: transfer Visum-Sumo]: [(1.0, 100.0, 29.99513888888889, 2.0, 1.0), (-3.0, 100.0, 0.0, 3.0, 4.0), (5.0, 100.0, 0.0, 5.0, 4.0)] 
 [(3, 108)]
Umlegung ausgeführt
curVolumes: (110000, [(3, 108, 0)])
new vehicle177 @ 11:00:02 (sumoTime: 39602 seconds) on link 1 with path_nodes [1, 2, 3, 4] which means path_links [1, 2, 3]
['newVeh177'] arrived @ sumotime 39646.0 seconds
['newVeh177'] arrived @ sumotime 39667.0 seconds
new vehicle178 @ 11:05:13 (sumoTime: 39913 seconds) on link 1 with path_nodes [1, 2, 3, 4] which means path_links [1, 2, 3]
new vehicle179 @ 11:05:15 (sumoTime: 39915 seconds) on link 1 with path_nodes [1, 2, 3, 4] which means path_links [1, 2, 3]
['newVeh178'] arrived @ sumotime 39950.0 seconds
['newVeh178'] arrived @ sumotime 39951.0 seconds
['newVeh179'] arrived @ sumotime 39963.0 seconds
['newVeh179'] arrived @ sumotime 39964.0 seconds
['newVeh179'] arrived @ sumotime 39965.0 seconds
['newVeh178'] arrived @ sumotime 39969.0 seconds
['newVeh179'] arrived @ sumotime 39986.0 seconds
['newVeh179'] arrived @ sumotime 39987.0 seconds
new vehicle180 @ 11:08:34 (sumoTime: 40114 seconds) on link 1 with path_nodes [1, 2, 3, 4] which means path_links [1, 2, 3]
new vehicle181 @ 11:08:40 (sumoTime: 40120 seconds) on link 1 with path_nodes [1, 2, 3, 4] which means path_links [1, 2, 3]
['newVeh180'] arrived @ sumotime 40154.0 seconds
['newVeh180'] arrived @ sumotime 40155.0 seconds
['newVeh181'] arrived @ sumotime 40159.0 seconds
['newVeh181'] arrived @ sumotime 40160.0 seconds
['newVeh180'] arrived @ sumotime 40175.0 seconds
['newVeh181'] arrived @ sumotime 40179.0 seconds
new vehicle182 @ 11:12:20 (sumoTime: 40340 seconds) on link 1 with path_nodes [1, 2, 3, 4] which means path_links [1, 2, 3]
['newVeh182'] arrived @ sumotime 40383.0 seconds
['newVeh182'] arrived @ sumotime 40384.0 seconds
['newVeh182'] arrived @ sumotime 40404.0 seconds
new vehicle183 @ 11:15:39 (sumoTime: 40539 seconds) on link 1 with path_nodes [1, 2, 3, 4] which means path_links [1, 2, 3]
new vehicle184 @ 11:15:41 (sumoTime: 40541 seconds) on link 1 with path_nodes [1, 2, 3, 4] which means path_links [1, 2, 3]
['newVeh183'] arrived @ sumotime 40579.0 seconds
['newVeh183'] arrived @ sumotime 40580.0 seconds
['newVeh184'] arrived @ sumotime 40591.0 seconds
['newVeh184'] arrived @ sumotime 40592.0 seconds
new vehicle185 @ 11:16:33 (sumoTime: 40593 seconds) on link 1 with path_nodes [1, 2, 3, 4] which means path_links [1, 2, 3]
['newVeh183'] arrived @ sumotime 40599.0 seconds
['newVeh184'] arrived @ sumotime 40615.0 seconds
['newVeh185'] arrived @ sumotime 40632.0 seconds
['newVeh185'] arrived @ sumotime 40633.0 seconds
['newVeh185'] arrived @ sumotime 40652.0 seconds
new vehicle186 @ 11:17:57 (sumoTime: 40677 seconds) on link 1 with path_nodes [1, 2, 3, 4] which means path_links [1, 2, 3]
new vehicle187 @ 11:18:15 (sumoTime: 40695 seconds) on link 1 with path_nodes [1, 2, 3, 4] which means path_links [1, 2, 3]
new vehicle188 @ 11:18:16 (sumoTime: 40696 seconds) on link 1 with path_nodes [1, 2, 3, 4] which means path_links [1, 2, 3]
['newVeh186'] arrived @ sumotime 40721.0 seconds
['newVeh186'] arrived @ sumotime 40722.0 seconds
['newVeh187'] arrived @ sumotime 40738.0 seconds
['newVeh187'] arrived @ sumotime 40739.0 seconds
['newVeh188'] arrived @ sumotime 40741.0 seconds
['newVeh188'] arrived @ sumotime 40742.0 seconds
['newVeh186'] arrived @ sumotime 40743.0 seconds
['newVeh187'] arrived @ sumotime 40759.0 seconds
['newVeh188'] arrived @ sumotime 40762.0 seconds
['newVeh188'] arrived @ sumotime 40763.0 seconds
new vehicle189 @ 11:28:07 (sumoTime: 41287 seconds) on link 1 with path_nodes [1, 2, 3, 4] which means path_links [1, 2, 3]
['newVeh189'] arrived @ sumotime 41335.0 seconds
['newVeh189'] arrived @ sumotime 41336.0 seconds
new vehicle190 @ 11:29:15 (sumoTime: 41355 seconds) on link 1 with path_nodes [1, 2, 3, 4] which means path_links [1, 2, 3]
['newVeh189'] arrived @ sumotime 41359.0 seconds
['newVeh190'] arrived @ sumotime 41399.0 seconds
['newVeh190'] arrived @ sumotime 41400.0 seconds
['newVeh190'] arrived @ sumotime 41401.0 seconds
new vehicle191 @ 11:30:20 (sumoTime: 41420 seconds) on link 1 with path_nodes [1, 2, 3, 4] which means path_links [1, 2, 3]
['newVeh190'] arrived @ sumotime 41422.0 seconds
new vehicle192 @ 11:30:38 (sumoTime: 41438 seconds) on link 1 with path_nodes [1, 2, 3, 4] which means path_links [1, 2, 3]
['newVeh191'] arrived @ sumotime 41459.0 seconds
['newVeh191'] arrived @ sumotime 41460.0 seconds
['newVeh191'] arrived @ sumotime 41477.0 seconds
['newVeh192'] arrived @ sumotime 41478.0 seconds
['newVeh192'] arrived @ sumotime 41479.0 seconds
['newVeh192'] arrived @ sumotime 41498.0 seconds
new vehicle193 @ 11:32:45 (sumoTime: 41565 seconds) on link 1 with path_nodes [1, 2, 3, 4] which means path_links [1, 2, 3]
['newVeh193'] arrived @ sumotime 41605.0 seconds
['newVeh193'] arrived @ sumotime 41606.0 seconds
new vehicle194 @ 11:33:40 (sumoTime: 41620 seconds) on link 1 with path_nodes [1, 2, 3, 4] which means path_links [1, 2, 3]
['newVeh193'] arrived @ sumotime 41626.0 seconds
['newVeh194'] arrived @ sumotime 41662.0 seconds
['newVeh194'] arrived @ sumotime 41663.0 seconds
['newVeh194'] arrived @ sumotime 41682.0 seconds
new vehicle195 @ 11:40:47 (sumoTime: 42047 seconds) on link 1 with path_nodes [1, 2, 3, 4] which means path_links [1, 2, 3]
['newVeh195'] arrived @ sumotime 42084.0 seconds
['newVeh195'] arrived @ sumotime 42085.0 seconds
['newVeh195'] arrived @ sumotime 42105.0 seconds
new vehicle196 @ 11:44:16 (sumoTime: 42256 seconds) on link 1 with path_nodes [1, 2, 3, 4] which means path_links [1, 2, 3]
['newVeh196'] arrived @ sumotime 42298.0 seconds
['newVeh196'] arrived @ sumotime 42299.0 seconds
['newVeh196'] arrived @ sumotime 42300.0 seconds
['newVeh196'] arrived @ sumotime 42320.0 seconds
new vehicle197 @ 11:46:09 (sumoTime: 42369 seconds) on link 1 with path_nodes [1, 2, 3, 4] which means path_links [1, 2, 3]
['newVeh197'] arrived @ sumotime 42410.0 seconds
['newVeh197'] arrived @ sumotime 42411.0 seconds
['newVeh197'] arrived @ sumotime 42431.0 seconds
new vehicle198 @ 11:49:56 (sumoTime: 42596 seconds) on link 1 with path_nodes [1, 2, 3, 4] which means path_links [1, 2, 3]
['newVeh198'] arrived @ sumotime 42635.0 seconds
['newVeh198'] arrived @ sumotime 42636.0 seconds
['newVeh198'] arrived @ sumotime 42655.0 seconds
new vehicle199 @ 11:51:23 (sumoTime: 42683 seconds) on link 1 with path_nodes [1, 2, 3, 4] which means path_links [1, 2, 3]
new vehicle200 @ 11:51:40 (sumoTime: 42700 seconds) on link 1 with path_nodes [1, 2, 3, 4] which means path_links [1, 2, 3]
['newVeh199'] arrived @ sumotime 42722.0 seconds
['newVeh199'] arrived @ sumotime 42723.0 seconds
['newVeh200'] arrived @ sumotime 42739.0 seconds
['newVeh200'] arrived @ sumotime 42740.0 seconds
['newVeh199'] arrived @ sumotime 42743.0 seconds
['newVeh200'] arrived @ sumotime 42759.0 seconds
new vehicle201 @ 11:54:57 (sumoTime: 42897 seconds) on link 1 with path_nodes [1, 2, 3, 4] which means path_links [1, 2, 3]
new vehicle202 @ 11:55:34 (sumoTime: 42934 seconds) on link 1 with path_nodes [1, 2, 3, 4] which means path_links [1, 2, 3]
['newVeh201'] arrived @ sumotime 42935.0 seconds
['newVeh201'] arrived @ sumotime 42936.0 seconds
['newVeh201'] arrived @ sumotime 42954.0 seconds
['newVeh202'] arrived @ sumotime 42982.0 seconds
['newVeh202'] arrived @ sumotime 42983.0 seconds
['newVeh202'] arrived @ sumotime 42984.0 seconds
['newVeh202'] arrived @ sumotime 43008.0 seconds
new vehicle203 @ 11:57:52 (sumoTime: 43072 seconds) on link 1 with path_nodes [1, 2, 3, 4] which means path_links [1, 2, 3]
['newVeh203'] arrived @ sumotime 43116.0 seconds
['newVeh203'] arrived @ sumotime 43117.0 seconds
['newVeh203'] arrived @ sumotime 43139.0 seconds
12:00:00
[INFO: transfer Visum-Sumo]: [(1.0, 100.0, 32.49513888888889, 2.0, 1.0), (-3.0, 100.0, 0.0, 3.0, 4.0), (5.0, 100.0, 0.0, 5.0, 4.0)] 
 [(3, 86)]
Umlegung ausgeführt
curVolumes: (120000, [(3, 86, 0)])
new vehicle204 @ 12:02:07 (sumoTime: 43327 seconds) on link 1 with path_nodes [1, 2, 3, 4] which means path_links [1, 2, 3]
new vehicle205 @ 12:02:18 (sumoTime: 43338 seconds) on link 1 with path_nodes [1, 2, 3, 4] which means path_links [1, 2, 3]
['newVeh204'] arrived @ sumotime 43354.0 seconds
['newVeh204'] arrived @ sumotime 43355.0 seconds
['newVeh205'] arrived @ sumotime 43364.0 seconds
new vehicle206 @ 12:02:50 (sumoTime: 43370 seconds) on link 1 with path_nodes [1, 2, 3, 4] which means path_links [1, 2, 3]
['newVeh206'] arrived @ sumotime 43396.0 seconds
new vehicle207 @ 12:03:21 (sumoTime: 43401 seconds) on link 1 with path_nodes [1, 2, 3, 4] which means path_links [1, 2, 3]
new vehicle208 @ 12:03:32 (sumoTime: 43412 seconds) on link 1 with path_nodes [1, 2, 3, 4] which means path_links [1, 2, 3]
['newVeh207'] arrived @ sumotime 43428.0 seconds
['newVeh208'] arrived @ sumotime 43439.0 seconds
new vehicle209 @ 12:05:13 (sumoTime: 43513 seconds) on link 1 with path_nodes [1, 2, 3, 4] which means path_links [1, 2, 3]
['newVeh209'] arrived @ sumotime 43539.0 seconds
['newVeh209'] arrived @ sumotime 43540.0 seconds
new vehicle210 @ 12:06:53 (sumoTime: 43613 seconds) on link 1 with path_nodes [1, 2, 3, 4] which means path_links [1, 2, 3]
['newVeh210'] arrived @ sumotime 43640.0 seconds
new vehicle211 @ 12:09:23 (sumoTime: 43763 seconds) on link 1 with path_nodes [1, 2, 3, 4] which means path_links [1, 2, 3]
new vehicle212 @ 12:09:35 (sumoTime: 43775 seconds) on link 1 with path_nodes [1, 2, 3, 4] which means path_links [1, 2, 3]
['newVeh211'] arrived @ sumotime 43788.0 seconds
['newVeh211'] arrived @ sumotime 43789.0 seconds
['newVeh212'] arrived @ sumotime 43802.0 seconds
new vehicle213 @ 12:11:42 (sumoTime: 43902 seconds) on link 1 with path_nodes [1, 2, 3, 4] which means path_links [1, 2, 3]
['newVeh213'] arrived @ sumotime 43933.0 seconds
new vehicle214 @ 12:12:34 (sumoTime: 43954 seconds) on link 1 with path_nodes [1, 2, 3, 4] which means path_links [1, 2, 3]
['newVeh214'] arrived @ sumotime 43983.0 seconds
new vehicle215 @ 12:15:59 (sumoTime: 44159 seconds) on link 1 with path_nodes [1, 2, 3, 4] which means path_links [1, 2, 3]
['newVeh215'] arrived @ sumotime 44185.0 seconds
new vehicle216 @ 12:17:08 (sumoTime: 44228 seconds) on link 1 with path_nodes [1, 2, 3, 4] which means path_links [1, 2, 3]
new vehicle217 @ 12:17:36 (sumoTime: 44256 seconds) on link 1 with path_nodes [1, 2, 3, 4] which means path_links [1, 2, 3]
['newVeh216'] arrived @ sumotime 44256.0 seconds
['newVeh217'] arrived @ sumotime 44283.0 seconds
['newVeh217'] arrived @ sumotime 44284.0 seconds
new vehicle218 @ 12:19:38 (sumoTime: 44378 seconds) on link 1 with path_nodes [1, 2, 3, 4] which means path_links [1, 2, 3]
['newVeh218'] arrived @ sumotime 44407.0 seconds
new vehicle219 @ 12:21:07 (sumoTime: 44467 seconds) on link 1 with path_nodes [1, 2, 3, 4] which means path_links [1, 2, 3]
['newVeh219'] arrived @ sumotime 44496.0 seconds
new vehicle220 @ 12:31:02 (sumoTime: 45062 seconds) on link 1 with path_nodes [1, 2, 3, 4] which means path_links [1, 2, 3]
['newVeh220'] arrived @ sumotime 45088.0 seconds
['newVeh220'] arrived @ sumotime 45089.0 seconds
new vehicle221 @ 12:34:41 (sumoTime: 45281 seconds) on link 1 with path_nodes [1, 2, 3, 4] which means path_links [1, 2, 3]
['newVeh221'] arrived @ sumotime 45307.0 seconds
['newVeh221'] arrived @ sumotime 45308.0 seconds
new vehicle222 @ 12:39:03 (sumoTime: 45543 seconds) on link 1 with path_nodes [1, 2, 3, 4] which means path_links [1, 2, 3]
new vehicle223 @ 12:39:13 (sumoTime: 45553 seconds) on link 1 with path_nodes [1, 2, 3, 4] which means path_links [1, 2, 3]
new vehicle224 @ 12:39:25 (sumoTime: 45565 seconds) on link 1 with path_nodes [1, 2, 3, 4] which means path_links [1, 2, 3]
['newVeh222'] arrived @ sumotime 45575.0 seconds
['newVeh223'] arrived @ sumotime 45581.0 seconds
['newVeh224'] arrived @ sumotime 45594.0 seconds
new vehicle225 @ 12:40:10 (sumoTime: 45610 seconds) on link 1 with path_nodes [1, 2, 3, 4] which means path_links [1, 2, 3]
['newVeh225'] arrived @ sumotime 45636.0 seconds
new vehicle226 @ 12:41:00 (sumoTime: 45660 seconds) on link 1 with path_nodes [1, 2, 3, 4] which means path_links [1, 2, 3]
new vehicle227 @ 12:41:12 (sumoTime: 45672 seconds) on link 1 with path_nodes [1, 2, 3, 4] which means path_links [1, 2, 3]
['newVeh226'] arrived @ sumotime 45685.0 seconds
new vehicle228 @ 12:41:34 (sumoTime: 45694 seconds) on link 1 with path_nodes [1, 2, 3, 4] which means path_links [1, 2, 3]
['newVeh227'] arrived @ sumotime 45698.0 seconds
['newVeh228'] arrived @ sumotime 45721.0 seconds
new vehicle229 @ 12:46:23 (sumoTime: 45983 seconds) on link 1 with path_nodes [1, 2, 3, 4] which means path_links [1, 2, 3]
['newVeh229'] arrived @ sumotime 46011.0 seconds
new vehicle230 @ 12:47:44 (sumoTime: 46064 seconds) on link 1 with path_nodes [1, 2, 3, 4] which means path_links [1, 2, 3]
['newVeh230'] arrived @ sumotime 46091.0 seconds
new vehicle231 @ 12:52:52 (sumoTime: 46372 seconds) on link 1 with path_nodes [1, 2, 3, 4] which means path_links [1, 2, 3]
['newVeh231'] arrived @ sumotime 46399.0 seconds
new vehicle232 @ 12:59:26 (sumoTime: 46766 seconds) on link 1 with path_nodes [1, 2, 3, 4] which means path_links [1, 2, 3]
['newVeh232'] arrived @ sumotime 46793.0 seconds
13:00:00
[INFO: transfer Visum-Sumo]: [(1.0, 100.0, 34.99513888888889, 2.0, 1.0), (-3.0, 100.0, 0.0, 3.0, 4.0), (5.0, 100.0, 0.0, 5.0, 4.0)] 
 [(3, 35)]
Umlegung ausgeführt
curVolumes: (130000, [(3, 35, 0)])
new vehicle233 @ 13:07:04 (sumoTime: 47224 seconds) on link 1 with path_nodes [1, 2, 3, 4] which means path_links [1, 2, 3]
['newVeh233'] arrived @ sumotime 47250.0 seconds
new vehicle234 @ 13:08:26 (sumoTime: 47306 seconds) on link 1 with path_nodes [1, 2, 3, 4] which means path_links [1, 2, 3]
['newVeh234'] arrived @ sumotime 47337.0 seconds
new vehicle235 @ 13:11:40 (sumoTime: 47500 seconds) on link 1 with path_nodes [1, 2, 3, 4] which means path_links [1, 2, 3]
['newVeh235'] arrived @ sumotime 47527.0 seconds
['newVeh235'] arrived @ sumotime 47528.0 seconds
new vehicle236 @ 13:12:28 (sumoTime: 47548 seconds) on link 1 with path_nodes [1, 2, 3, 4] which means path_links [1, 2, 3]
['newVeh236'] arrived @ sumotime 47575.0 seconds
new vehicle237 @ 13:13:27 (sumoTime: 47607 seconds) on link 1 with path_nodes [1, 2, 3, 4] which means path_links [1, 2, 3]
new vehicle238 @ 13:13:41 (sumoTime: 47621 seconds) on link 1 with path_nodes [1, 2, 3, 4] which means path_links [1, 2, 3]
['newVeh237'] arrived @ sumotime 47634.0 seconds
['newVeh238'] arrived @ sumotime 47647.0 seconds
new vehicle239 @ 13:14:23 (sumoTime: 47663 seconds) on link 1 with path_nodes [1, 2, 3, 4] which means path_links [1, 2, 3]
['newVeh239'] arrived @ sumotime 47690.0 seconds
new vehicle240 @ 13:15:34 (sumoTime: 47734 seconds) on link 1 with path_nodes [1, 2, 3, 4] which means path_links [1, 2, 3]
['newVeh240'] arrived @ sumotime 47764.0 seconds
new vehicle241 @ 13:21:26 (sumoTime: 48086 seconds) on link 1 with path_nodes [1, 2, 3, 4] which means path_links [1, 2, 3]
['newVeh241'] arrived @ sumotime 48114.0 seconds
new vehicle242 @ 13:21:58 (sumoTime: 48118 seconds) on link 1 with path_nodes [1, 2, 3, 4] which means path_links [1, 2, 3]
['newVeh242'] arrived @ sumotime 48145.0 seconds
new vehicle243 @ 13:22:33 (sumoTime: 48153 seconds) on link 1 with path_nodes [1, 2, 3, 4] which means path_links [1, 2, 3]
['newVeh243'] arrived @ sumotime 48180.0 seconds
new vehicle244 @ 13:27:44 (sumoTime: 48464 seconds) on link 1 with path_nodes [1, 2, 3, 4] which means path_links [1, 2, 3]
['newVeh244'] arrived @ sumotime 48491.0 seconds
new vehicle245 @ 13:28:56 (sumoTime: 48536 seconds) on link 1 with path_nodes [1, 2, 3, 4] which means path_links [1, 2, 3]
['newVeh245'] arrived @ sumotime 48565.0 seconds
new vehicle246 @ 13:32:28 (sumoTime: 48748 seconds) on link 1 with path_nodes [1, 2, 3, 4] which means path_links [1, 2, 3]
['newVeh246'] arrived @ sumotime 48774.0 seconds
new vehicle247 @ 13:35:59 (sumoTime: 48959 seconds) on link 1 with path_nodes [1, 2, 3, 4] which means path_links [1, 2, 3]
new vehicle248 @ 13:36:04 (sumoTime: 48964 seconds) on link 1 with path_nodes [1, 2, 3, 4] which means path_links [1, 2, 3]
['newVeh247'] arrived @ sumotime 48985.0 seconds
['newVeh248'] arrived @ sumotime 48991.0 seconds
new vehicle249 @ 13:36:57 (sumoTime: 49017 seconds) on link 1 with path_nodes [1, 2, 3, 4] which means path_links [1, 2, 3]
new vehicle250 @ 13:37:05 (sumoTime: 49025 seconds) on link 1 with path_nodes [1, 2, 3, 4] which means path_links [1, 2, 3]
['newVeh249'] arrived @ sumotime 49043.0 seconds
['newVeh250'] arrived @ sumotime 49052.0 seconds
new vehicle251 @ 13:38:50 (sumoTime: 49130 seconds) on link 1 with path_nodes [1, 2, 3, 4] which means path_links [1, 2, 3]
['newVeh251'] arrived @ sumotime 49161.0 seconds
new vehicle252 @ 13:40:35 (sumoTime: 49235 seconds) on link 1 with path_nodes [1, 2, 3, 4] which means path_links [1, 2, 3]
['newVeh252'] arrived @ sumotime 49262.0 seconds
new vehicle253 @ 13:41:36 (sumoTime: 49296 seconds) on link 1 with path_nodes [1, 2, 3, 4] which means path_links [1, 2, 3]
['newVeh253'] arrived @ sumotime 49322.0 seconds
new vehicle254 @ 13:49:00 (sumoTime: 49740 seconds) on link 1 with path_nodes [1, 2, 3, 4] which means path_links [1, 2, 3]
new vehicle255 @ 13:49:06 (sumoTime: 49746 seconds) on link 1 with path_nodes [1, 2, 3, 4] which means path_links [1, 2, 3]
['newVeh254'] arrived @ sumotime 49767.0 seconds
['newVeh254'] arrived @ sumotime 49768.0 seconds
['newVeh255'] arrived @ sumotime 49773.0 seconds
new vehicle256 @ 13:52:09 (sumoTime: 49929 seconds) on link 1 with path_nodes [1, 2, 3, 4] which means path_links [1, 2, 3]
new vehicle257 @ 13:52:35 (sumoTime: 49955 seconds) on link 1 with path_nodes [1, 2, 3, 4] which means path_links [1, 2, 3]
['newVeh256'] arrived @ sumotime 49956.0 seconds
['newVeh257'] arrived @ sumotime 49982.0 seconds
['newVeh257'] arrived @ sumotime 49983.0 seconds
new vehicle258 @ 13:54:56 (sumoTime: 50096 seconds) on link 1 with path_nodes [1, 2, 3, 4] which means path_links [1, 2, 3]
new vehicle259 @ 13:55:16 (sumoTime: 50116 seconds) on link 1 with path_nodes [1, 2, 3, 4] which means path_links [1, 2, 3]
['newVeh258'] arrived @ sumotime 50124.0 seconds
['newVeh259'] arrived @ sumotime 50144.0 seconds
new vehicle260 @ 13:56:12 (sumoTime: 50172 seconds) on link 1 with path_nodes [1, 2, 3, 4] which means path_links [1, 2, 3]
new vehicle261 @ 13:56:21 (sumoTime: 50181 seconds) on link 1 with path_nodes [1, 2, 3, 4] which means path_links [1, 2, 3]
new vehicle262 @ 13:56:41 (sumoTime: 50201 seconds) on link 1 with path_nodes [1, 2, 3, 4] which means path_links [1, 2, 3]
['newVeh260'] arrived @ sumotime 50202.0 seconds
['newVeh261'] arrived @ sumotime 50209.0 seconds
new vehicle263 @ 13:56:59 (sumoTime: 50219 seconds) on link 1 with path_nodes [1, 2, 3, 4] which means path_links [1, 2, 3]
['newVeh262'] arrived @ sumotime 50228.0 seconds
['newVeh263'] arrived @ sumotime 50246.0 seconds
new vehicle264 @ 13:58:13 (sumoTime: 50293 seconds) on link 1 with path_nodes [1, 2, 3, 4] which means path_links [1, 2, 3]
new vehicle265 @ 13:58:28 (sumoTime: 50308 seconds) on link 1 with path_nodes [1, 2, 3, 4] which means path_links [1, 2, 3]
['newVeh264'] arrived @ sumotime 50320.0 seconds
['newVeh265'] arrived @ sumotime 50335.0 seconds
14:00:00
[INFO: transfer Visum-Sumo]: [(1.0, 100.0, 37.49513888888889, 2.0, 1.0), (-3.0, 100.0, 0.0, 3.0, 4.0), (5.0, 100.0, 0.0, 5.0, 4.0)] 
 [(3, 36)]
Umlegung ausgeführt
curVolumes: (140000, [(3, 36, 0)])
new vehicle266 @ 14:00:03 (sumoTime: 50403 seconds) on link 1 with path_nodes [1, 2, 3, 4] which means path_links [1, 2, 3]
['newVeh266'] arrived @ sumotime 50427.0 seconds
new vehicle267 @ 14:01:23 (sumoTime: 50483 seconds) on link 1 with path_nodes [1, 2, 3, 4] which means path_links [1, 2, 3]
['newVeh267'] arrived @ sumotime 50510.0 seconds
new vehicle268 @ 14:04:28 (sumoTime: 50668 seconds) on link 1 with path_nodes [1, 2, 3, 4] which means path_links [1, 2, 3]
['newVeh268'] arrived @ sumotime 50694.0 seconds
new vehicle269 @ 14:07:24 (sumoTime: 50844 seconds) on link 1 with path_nodes [1, 2, 3, 4] which means path_links [1, 2, 3]
new vehicle270 @ 14:07:32 (sumoTime: 50852 seconds) on link 1 with path_nodes [1, 2, 3, 4] which means path_links [1, 2, 3]
['newVeh269'] arrived @ sumotime 50874.0 seconds
['newVeh270'] arrived @ sumotime 50879.0 seconds
new vehicle271 @ 14:09:30 (sumoTime: 50970 seconds) on link 1 with path_nodes [1, 2, 3, 4] which means path_links [1, 2, 3]
new vehicle272 @ 14:09:30 (sumoTime: 50970 seconds) on link 1 with path_nodes [1, 2, 3, 4] which means path_links [1, 2, 3]
new vehicle273 @ 14:09:41 (sumoTime: 50981 seconds) on link 1 with path_nodes [1, 2, 3, 4] which means path_links [1, 2, 3]
['newVeh271'] arrived @ sumotime 50996.0 seconds
['newVeh272'] arrived @ sumotime 51000.0 seconds
['newVeh272'] arrived @ sumotime 51001.0 seconds
['newVeh273'] arrived @ sumotime 51012.0 seconds
new vehicle274 @ 14:11:57 (sumoTime: 51117 seconds) on link 1 with path_nodes [1, 2, 3, 4] which means path_links [1, 2, 3]
new vehicle275 @ 14:12:12 (sumoTime: 51132 seconds) on link 1 with path_nodes [1, 2, 3, 4] which means path_links [1, 2, 3]
new vehicle276 @ 14:12:19 (sumoTime: 51139 seconds) on link 1 with path_nodes [1, 2, 3, 4] which means path_links [1, 2, 3]
['newVeh274'] arrived @ sumotime 51143.0 seconds
['newVeh275'] arrived @ sumotime 51159.0 seconds
['newVeh276'] arrived @ sumotime 51166.0 seconds
new vehicle277 @ 14:14:42 (sumoTime: 51282 seconds) on link 1 with path_nodes [1, 2, 3, 4] which means path_links [1, 2, 3]
['newVeh277'] arrived @ sumotime 51309.0 seconds
new vehicle278 @ 14:18:28 (sumoTime: 51508 seconds) on link 1 with path_nodes [1, 2, 3, 4] which means path_links [1, 2, 3]
new vehicle279 @ 14:18:39 (sumoTime: 51519 seconds) on link 1 with path_nodes [1, 2, 3, 4] which means path_links [1, 2, 3]
['newVeh278'] arrived @ sumotime 51536.0 seconds
['newVeh279'] arrived @ sumotime 51547.0 seconds
new vehicle280 @ 14:19:10 (sumoTime: 51550 seconds) on link 1 with path_nodes [1, 2, 3, 4] which means path_links [1, 2, 3]
['newVeh280'] arrived @ sumotime 51580.0 seconds
new vehicle281 @ 14:20:03 (sumoTime: 51603 seconds) on link 1 with path_nodes [1, 2, 3, 4] which means path_links [1, 2, 3]
new vehicle282 @ 14:20:06 (sumoTime: 51606 seconds) on link 1 with path_nodes [1, 2, 3, 4] which means path_links [1, 2, 3]
['newVeh281'] arrived @ sumotime 51632.0 seconds
['newVeh282'] arrived @ sumotime 51635.0 seconds
new vehicle283 @ 14:21:04 (sumoTime: 51664 seconds) on link 1 with path_nodes [1, 2, 3, 4] which means path_links [1, 2, 3]
['newVeh283'] arrived @ sumotime 51689.0 seconds
new vehicle284 @ 14:21:42 (sumoTime: 51702 seconds) on link 1 with path_nodes [1, 2, 3, 4] which means path_links [1, 2, 3]
['newVeh284'] arrived @ sumotime 51730.0 seconds
new vehicle285 @ 14:25:52 (sumoTime: 51952 seconds) on link 1 with path_nodes [1, 2, 3, 4] which means path_links [1, 2, 3]
new vehicle286 @ 14:26:01 (sumoTime: 51961 seconds) on link 1 with path_nodes [1, 2, 3, 4] which means path_links [1, 2, 3]
new vehicle287 @ 14:26:13 (sumoTime: 51973 seconds) on link 1 with path_nodes [1, 2, 3, 4] which means path_links [1, 2, 3]
['newVeh285'] arrived @ sumotime 51981.0 seconds
['newVeh286'] arrived @ sumotime 51987.0 seconds
['newVeh287'] arrived @ sumotime 51999.0 seconds
new vehicle288 @ 14:26:40 (sumoTime: 52000 seconds) on link 1 with path_nodes [1, 2, 3, 4] which means path_links [1, 2, 3]
['newVeh288'] arrived @ sumotime 52031.0 seconds
new vehicle289 @ 14:28:37 (sumoTime: 52117 seconds) on link 1 with path_nodes [1, 2, 3, 4] which means path_links [1, 2, 3]
['newVeh289'] arrived @ sumotime 52145.0 seconds
new vehicle290 @ 14:29:12 (sumoTime: 52152 seconds) on link 1 with path_nodes [1, 2, 3, 4] which means path_links [1, 2, 3]
['newVeh290'] arrived @ sumotime 52178.0 seconds
new vehicle291 @ 14:30:11 (sumoTime: 52211 seconds) on link 1 with path_nodes [1, 2, 3, 4] which means path_links [1, 2, 3]
['newVeh291'] arrived @ sumotime 52238.0 seconds
new vehicle292 @ 14:31:43 (sumoTime: 52303 seconds) on link 1 with path_nodes [1, 2, 3, 4] which means path_links [1, 2, 3]
new vehicle293 @ 14:32:05 (sumoTime: 52325 seconds) on link 1 with path_nodes [1, 2, 3, 4] which means path_links [1, 2, 3]
['newVeh292'] arrived @ sumotime 52328.0 seconds
['newVeh293'] arrived @ sumotime 52356.0 seconds
new vehicle294 @ 14:36:37 (sumoTime: 52597 seconds) on link 1 with path_nodes [1, 2, 3, 4] which means path_links [1, 2, 3]
['newVeh294'] arrived @ sumotime 52626.0 seconds
new vehicle295 @ 14:39:11 (sumoTime: 52751 seconds) on link 1 with path_nodes [1, 2, 3, 4] which means path_links [1, 2, 3]
['newVeh295'] arrived @ sumotime 52777.0 seconds
new vehicle296 @ 14:40:10 (sumoTime: 52810 seconds) on link 1 with path_nodes [1, 2, 3, 4] which means path_links [1, 2, 3]
['newVeh296'] arrived @ sumotime 52835.0 seconds
['newVeh296'] arrived @ sumotime 52836.0 seconds
new vehicle297 @ 14:41:03 (sumoTime: 52863 seconds) on link 1 with path_nodes [1, 2, 3, 4] which means path_links [1, 2, 3]
['newVeh297'] arrived @ sumotime 52890.0 seconds
new vehicle298 @ 14:41:39 (sumoTime: 52899 seconds) on link 1 with path_nodes [1, 2, 3, 4] which means path_links [1, 2, 3]
['newVeh298'] arrived @ sumotime 52927.0 seconds
new vehicle299 @ 14:42:36 (sumoTime: 52956 seconds) on link 1 with path_nodes [1, 2, 3, 4] which means path_links [1, 2, 3]
['newVeh299'] arrived @ sumotime 52981.0 seconds
new vehicle300 @ 14:43:59 (sumoTime: 53039 seconds) on link 1 with path_nodes [1, 2, 3, 4] which means path_links [1, 2, 3]
['newVeh300'] arrived @ sumotime 53066.0 seconds
new vehicle301 @ 14:45:17 (sumoTime: 53117 seconds) on link 1 with path_nodes [1, 2, 3, 4] which means path_links [1, 2, 3]
['newVeh301'] arrived @ sumotime 53143.0 seconds
new vehicle302 @ 14:45:53 (sumoTime: 53153 seconds) on link 1 with path_nodes [1, 2, 3, 4] which means path_links [1, 2, 3]
['newVeh302'] arrived @ sumotime 53180.0 seconds
new vehicle303 @ 14:48:20 (sumoTime: 53300 seconds) on link 1 with path_nodes [1, 2, 3, 4] which means path_links [1, 2, 3]
['newVeh303'] arrived @ sumotime 53328.0 seconds
new vehicle304 @ 14:49:32 (sumoTime: 53372 seconds) on link 1 with path_nodes [1, 2, 3, 4] which means path_links [1, 2, 3]
['newVeh304'] arrived @ sumotime 53399.0 seconds
new vehicle305 @ 14:50:55 (sumoTime: 53455 seconds) on link 1 with path_nodes [1, 2, 3, 4] which means path_links [1, 2, 3]
['newVeh305'] arrived @ sumotime 53481.0 seconds
['newVeh305'] arrived @ sumotime 53482.0 seconds
new vehicle306 @ 14:53:03 (sumoTime: 53583 seconds) on link 1 with path_nodes [1, 2, 3, 4] which means path_links [1, 2, 3]
['newVeh306'] arrived @ sumotime 53611.0 seconds
new vehicle307 @ 14:56:56 (sumoTime: 53816 seconds) on link 1 with path_nodes [1, 2, 3, 4] which means path_links [1, 2, 3]
new vehicle308 @ 14:57:10 (sumoTime: 53830 seconds) on link 1 with path_nodes [1, 2, 3, 4] which means path_links [1, 2, 3]
['newVeh307'] arrived @ sumotime 53842.0 seconds
['newVeh308'] arrived @ sumotime 53854.0 seconds
new vehicle309 @ 14:58:49 (sumoTime: 53929 seconds) on link 1 with path_nodes [1, 2, 3, 4] which means path_links [1, 2, 3]
new vehicle310 @ 14:59:13 (sumoTime: 53953 seconds) on link 1 with path_nodes [1, 2, 3, 4] which means path_links [1, 2, 3]
['newVeh309'] arrived @ sumotime 53954.0 seconds
['newVeh310'] arrived @ sumotime 53983.0 seconds
Gesamte Auslastung: 296
Summe erzeugter Fahrzeuge: 311
-> Fahrzeuge verloren: -15
Tupel bestehend aus: VolVisum, geplantesVolSumo, avgArrTimeVisum, avgArrTimeSumo
Link: 1 -> [(2, 1, 1800, 0), (5, 6, 720, 712), (7, 4, 514, 1298), (10, 13, 360, 357), (12, 15, 300, 227), (15, 21, 240, 154), (17, 18, 211, 203), (20, 27, 180, 138), (22, 28, 163, 137), (25, 19, 144, 145), (27, 36, 133, 107), (30, 28, 120, 136), (32, 30, 112, 120), (35, 34, 102, 98), (37, 46, 97, 83)]
Link: 3 -> []
Link: 5 -> []
VolumenInSumo: [(10106, ['1', '2', '3']), (10825, ['1', '2', '3']), (13341, ['1', '2', '3']), (14708, ['1', '2', '3']), (14939, ['1', '2', '3']), (20421, ['1', '2', '3']), (22857, ['1', '2', '3']), (22914, ['1', '2', '3']), (30222, ['1', '2', '3']), (31414, ['1', '2', '3']), (31430, ['1', '2', '3']), (31841, ['1', '2', '3']), (33012, ['1', '2', '3']), (33034, ['1', '2', '3']), (33100, ['1', '2', '3']), (33759, ['1', '2', '3']), (33845, ['1', '2', '3']), (34013, ['1', '2', '3']), (34638, ['1', '2', '3']), (35159, ['1', '2', '3']), (40948, ['1', '2', '3']), (41645, ['1', '2', '3']), (41802, ['1', '2', '3']), (41936, ['1', '2', '3']), (42456, ['1', '2', '3']), (42820, ['1', '2', '3']), (42824, ['1', '2', '3']), (43005, ['1', '2', '3']), (43133, ['1', '2', '3']), (43923, ['1', '2', '3']), (44512, ['1', '2', '3']), (44739, ['1', '2', '3']), (45428, ['1', '2', '3']), (45828, ['1', '2', '3']), (50936, ['1', '2', '3']), (51236, ['1', '2', '3']), (51257, ['1', '2', '3']), (51301, ['1', '2', '3']), (51341, ['1', '2', '3']), (51410, ['1', '2', '3']), (51511, ['1', '2', '3']), (51602, ['1', '2', '3']), (52120, ['1', '2', '3']), (52328, ['1', '2', '3']), (52547, ['1', '2', '3']), (52915, ['1', '2', '3']), (53326, ['1', '2', '3']), (54330, ['1', '2', '3']), (54401, ['1', '2', '3']), (54949, ['1', '2', '3']), (55007, ['1', '2', '3']), (55101, ['1', '2', '3']), (55521, ['1', '2', '3']), (55717, ['1', '2', '3']), (60620, ['1', '2', '3']), (61803, ['1', '2', '3']), (62012, ['1', '2', '3']), (62040, ['1', '2', '3']), (62346, ['1', '2', '3']), (62609, ['1', '2', '3']), (63004, ['1', '2', '3']), (63500, ['1', '2', '3']), (63803, ['1', '2', '3']), (63959, ['1', '2', '3']), (64014, ['1', '2', '3']), (64047, ['1', '2', '3']), (64140, ['1', '2', '3']), (64332, ['1', '2', '3']), (64606, ['1', '2', '3']), (65517, ['1', '2', '3']), (65923, ['1', '2', '3']), (70102, ['1', '2', '3']), (70235, ['1', '2', '3']), (70607, ['1', '2', '3']), (71147, ['1', '2', '3']), (71457, ['1', '2', '3']), (71540, ['1', '2', '3']), (72456, ['1', '2', '3']), (72502, ['1', '2', '3']), (72515, ['1', '2', '3']), (72739, ['1', '2', '3']), (73018, ['1', '2', '3']), (73620, ['1', '2', '3']), (73746, ['1', '2', '3']), (74014, ['1', '2', '3']), (74122, ['1', '2', '3']), (74153, ['1', '2', '3']), (74250, ['1', '2', '3']), (74355, ['1', '2', '3']), (74415, ['1', '2', '3']), (74454, ['1', '2', '3']), (74826, ['1', '2', '3']), (75304, ['1', '2', '3']), (75600, ['1', '2', '3']), (75752, ['1', '2', '3']), (75752, ['1', '2', '3']), (75814, ['1', '2', '3']), (80004, ['1', '9', '-5', '-3', '3']), (80011, ['1', '9', '-5', '-3', '3']), (80401, ['1', '9', '-5', '-3', '3']), (80553, ['1', '9', '-5', '-3', '3']), (80614, ['1', '9', '-5', '-3', '3']), (80711, ['1', '9', '-5', '-3', '3']), (80956, ['1', '9', '-5', '-3', '3']), (81118, ['1', '9', '-5', '-3', '3']), (81423, ['1', '9', '-5', '-3', '3']), (82322, ['1', '9', '-5', '-3', '3']), (82550, ['1', '9', '-5', '-3', '3']), (82701, ['1', '9', '-5', '-3', '3']), (82902, ['1', '9', '-5', '-3', '3']), (83037, ['1', '9', '-5', '-3', '3']), (83325, ['1', '9', '-5', '-3', '3']), (83707, ['1', '9', '-5', '-3', '3']), (83902, ['1', '9', '-5', '-3', '3']), (84233, ['1', '9', '-5', '-3', '3']), (84614, ['1', '9', '-5', '-3', '3']), (84941, ['1', '9', '-5', '-3', '3']), (85024, ['1', '9', '-5', '-3', '3']), (85207, ['1', '9', '-5', '-3', '3']), (85341, ['1', '9', '-5', '-3', '3']), (85518, ['1', '9', '-5', '-3', '3']), (85545, ['1', '9', '-5', '-3', '3']), (85731, ['1', '9', '-5', '-3', '3']), (85837, ['1', '9', '-5', '-3', '3']), (91832, ['1', '9', '-5', '-3', '3']), (92038, ['1', '9', '-5', '-3', '3']), (92156, ['1', '9', '-5', '-3', '3']), (92323, ['1', '9', '-5', '-3', '3']), (92503, ['1', '9', '-5', '-3', '3']), (92941, ['1', '9', '-5', '-3', '3']), (93026, ['1', '9', '-5', '-3', '3']), (93410, ['1', '9', '-5', '-3', '3']), (93912, ['1', '9', '-5', '-3', '3']), (94148, ['1', '9', '-5', '-3', '3']), (94447, ['1', '9', '-5', '-3', '3']), (94703, ['1', '9', '-5', '-3', '3']), (94757, ['1', '9', '-5', '-3', '3']), (94959, ['1', '9', '-5', '-3', '3']), (95005, ['1', '9', '-5', '-3', '3']), (95315, ['1', '9', '-5', '-3', '3']), (95644, ['1', '9', '-5', '-3', '3']), (95805, ['1', '9', '-5', '-3', '3']), (100323, ['1', '9', '-5', '-3', '3']), (101203, ['1', '9', '-5', '-3', '3']), (101212, ['1', '9', '-5', '-3', '3']), (101428, ['1', '9', '-5', '-3', '3']), (101431, ['1', '9', '-5', '-3', '3']), (101439, ['1', '9', '-5', '-3', '3']), (101638, ['1', '9', '-5', '-3', '3']), (101644, ['1', '9', '-5', '-3', '3']), (101714, ['1', '9', '-5', '-3', '3']), (102100, ['1', '9', '-5', '-3', '3']), (102923, ['1', '9', '-5', '-3', '3']), (103135, ['1', '9', '-5', '-3', '3']), (103424, ['1', '9', '-5', '-3', '3']), (103455, ['1', '9', '-5', '-3', '3']), (103527, ['1', '9', '-5', '-3', '3']), (103632, ['1', '9', '-5', '-3', '3']), (103644, ['1', '9', '-5', '-3', '3']), (103828, ['1', '9', '-5', '-3', '3']), (103830, ['1', '9', '-5', '-3', '3']), (103934, ['1', '9', '-5', '-3', '3']), (104014, ['1', '9', '-5', '-3', '3']), (104028, ['1', '9', '-5', '-3', '3']), (104049, ['1', '9', '-5', '-3', '3']), (104107, ['1', '9', '-5', '-3', '3']), (104312, ['1', '9', '-5', '-3', '3']), (104413, ['1', '9', '-5', '-3', '3']), (104428, ['1', '9', '-5', '-3', '3']), (104616, ['1', '9', '-5', '-3', '3']), (104831, ['1', '9', '-5', '-3', '3']), (104858, ['1', '9', '-5', '-3', '3']), (104911, ['1', '9', '-5', '-3', '3']), (105259, ['1', '9', '-5', '-3', '3']), (105309, ['1', '9', '-5', '-3', '3']), (105641, ['1', '9', '-5', '-3', '3']), (105806, ['1', '9', '-5', '-3', '3']), (110002, ['1', '9', '-5', '-3', '3']), (110513, ['1', '9', '-5', '-3', '3']), (110515, ['1', '9', '-5', '-3', '3']), (110834, ['1', '9', '-5', '-3', '3']), (110840, ['1', '9', '-5', '-3', '3']), (111220, ['1', '9', '-5', '-3', '3']), (111539, ['1', '9', '-5', '-3', '3']), (111541, ['1', '9', '-5', '-3', '3']), (111633, ['1', '9', '-5', '-3', '3']), (111757, ['1', '9', '-5', '-3', '3']), (111815, ['1', '9', '-5', '-3', '3']), (111816, ['1', '9', '-5', '-3', '3']), (112807, ['1', '9', '-5', '-3', '3']), (112915, ['1', '9', '-5', '-3', '3']), (113020, ['1', '9', '-5', '-3', '3']), (113038, ['1', '9', '-5', '-3', '3']), (113245, ['1', '9', '-5', '-3', '3']), (113340, ['1', '9', '-5', '-3', '3']), (114047, ['1', '9', '-5', '-3', '3']), (114416, ['1', '9', '-5', '-3', '3']), (114609, ['1', '9', '-5', '-3', '3']), (114956, ['1', '9', '-5', '-3', '3']), (115123, ['1', '9', '-5', '-3', '3']), (115140, ['1', '9', '-5', '-3', '3']), (115457, ['1', '9', '-5', '-3', '3']), (115534, ['1', '9', '-5', '-3', '3']), (115752, ['1', '9', '-5', '-3', '3']), (120207, ['1', '2', '3']), (120218, ['1', '2', '3']), (120250, ['1', '2', '3']), (120321, ['1', '2', '3']), (120332, ['1', '2', '3']), (120513, ['1', '2', '3']), (120653, ['1', '2', '3']), (120923, ['1', '2', '3']), (120935, ['1', '2', '3']), (121142, ['1', '2', '3']), (121234, ['1', '2', '3']), (121559, ['1', '2', '3']), (121708, ['1', '2', '3']), (121736, ['1', '2', '3']), (121938, ['1', '2', '3']), (122107, ['1', '2', '3']), (123102, ['1', '2', '3']), (123441, ['1', '2', '3']), (123903, ['1', '2', '3']), (123913, ['1', '2', '3']), (123925, ['1', '2', '3']), (124010, ['1', '2', '3']), (124100, ['1', '2', '3']), (124112, ['1', '2', '3']), (124134, ['1', '2', '3']), (124623, ['1', '2', '3']), (124744, ['1', '2', '3']), (125252, ['1', '2', '3']), (125926, ['1', '2', '3']), (130704, ['1', '2', '3']), (130826, ['1', '2', '3']), (131140, ['1', '2', '3']), (131228, ['1', '2', '3']), (131327, ['1', '2', '3']), (131341, ['1', '2', '3']), (131423, ['1', '2', '3']), (131534, ['1', '2', '3']), (132126, ['1', '2', '3']), (132158, ['1', '2', '3']), (132233, ['1', '2', '3']), (132744, ['1', '2', '3']), (132856, ['1', '2', '3']), (133228, ['1', '2', '3']), (133559, ['1', '2', '3']), (133604, ['1', '2', '3']), (133657, ['1', '2', '3']), (133705, ['1', '2', '3']), (133850, ['1', '2', '3']), (134035, ['1', '2', '3']), (134136, ['1', '2', '3']), (134900, ['1', '2', '3']), (134906, ['1', '2', '3']), (135209, ['1', '2', '3']), (135235, ['1', '2', '3']), (135456, ['1', '2', '3']), (135516, ['1', '2', '3']), (135612, ['1', '2', '3']), (135621, ['1', '2', '3']), (135641, ['1', '2', '3']), (135659, ['1', '2', '3']), (135813, ['1', '2', '3']), (135828, ['1', '2', '3']), (140003, ['1', '2', '3']), (140123, ['1', '2', '3']), (140428, ['1', '2', '3']), (140724, ['1', '2', '3']), (140732, ['1', '2', '3']), (140930, ['1', '2', '3']), (140930, ['1', '2', '3']), (140941, ['1', '2', '3']), (141157, ['1', '2', '3']), (141212, ['1', '2', '3']), (141219, ['1', '2', '3']), (141442, ['1', '2', '3']), (141828, ['1', '2', '3']), (141839, ['1', '2', '3']), (141910, ['1', '2', '3']), (142003, ['1', '2', '3']), (142006, ['1', '2', '3']), (142104, ['1', '2', '3']), (142142, ['1', '2', '3']), (142552, ['1', '2', '3']), (142601, ['1', '2', '3']), (142613, ['1', '2', '3']), (142640, ['1', '2', '3']), (142837, ['1', '2', '3']), (142912, ['1', '2', '3']), (143011, ['1', '2', '3']), (143143, ['1', '2', '3']), (143205, ['1', '2', '3']), (143637, ['1', '2', '3']), (143911, ['1', '2', '3']), (144010, ['1', '2', '3']), (144103, ['1', '2', '3']), (144139, ['1', '2', '3']), (144236, ['1', '2', '3']), (144359, ['1', '2', '3']), (144517, ['1', '2', '3']), (144553, ['1', '2', '3']), (144820, ['1', '2', '3']), (144932, ['1', '2', '3']), (145055, ['1', '2', '3']), (145303, ['1', '2', '3']), (145656, ['1', '2', '3']), (145710, ['1', '2', '3']), (145849, ['1', '2', '3']), (145913, ['1', '2', '3'])]
2 -> 3 : [(10000, 2), (20000, 5), (30000, 3), (40000, 10), (50000, 12), (60000, 15), (70000, 17), (80000, 20), (90000, 22), (100000, 25), (110000, 27), (120000, 30), (130000, 32), (140000, 35)]
2 -> 5 : [(10000, 0), (20000, 0), (30000, 4), (40000, 0), (50000, 0), (60000, 0), (70000, 0), (80000, 0), (90000, 0), (100000, 0), (110000, 0), (120000, 0), (130000, 0), (140000, 0)]
2 -> 6 : [(10000, 0), (20000, 0), (30000, 0), (40000, 0), (50000, 0), (60000, 0), (70000, 0), (80000, 0), (90000, 0), (100000, 0), (110000, 0), (120000, 0), (130000, 0), (140000, 0)]
3 -> 2 : [(10000, 0), (20000, 0), (30000, 0), (40000, 0), (50000, 0), (60000, 0), (70000, 0), (80000, 0), (90000, 0), (100000, 0), (110000, 0), (120000, 0), (130000, 0), (140000, 0)]
3 -> 4 : [(10000, 2), (20000, 5), (30000, 3), (40000, 10), (50000, 12), (60000, 15), (70000, 17), (80000, 20), (90000, 22), (100000, 25), (110000, 27), (120000, 30), (130000, 32), (140000, 35)]
3 -> 7 : [(10000, 0), (20000, 0), (30000, 0), (40000, 0), (50000, 0), (60000, 0), (70000, 0), (80000, 0), (90000, 0), (100000, 0), (110000, 0), (120000, 0), (130000, 0), (140000, 0)]
4 -> 3 : [(10000, 0), (20000, 0), (30000, 0), (40000, 0), (50000, 0), (60000, 0), (70000, 0), (80000, 0), (90000, 0), (100000, 0), (110000, 0), (120000, 0), (130000, 0), (140000, 0)]
4 -> 5 : [(10000, 0), (20000, 0), (30000, 0), (40000, 0), (50000, 0), (60000, 0), (70000, 0), (80000, 0), (90000, 0), (100000, 0), (110000, 0), (120000, 0), (130000, 0), (140000, 0)]
5 -> 2 : [(10000, 0), (20000, 0), (30000, 0), (40000, 0), (50000, 0), (60000, 0), (70000, 0), (80000, 0), (90000, 0), (100000, 0), (110000, 0), (120000, 0), (130000, 0), (140000, 0)]
5 -> 4 : [(10000, 0), (20000, 0), (30000, 4), (40000, 0), (50000, 0), (60000, 0), (70000, 0), (80000, 0), (90000, 0), (100000, 0), (110000, 0), (120000, 0), (130000, 0), (140000, 0)]
6 -> 2 : [(10000, 0), (20000, 0), (30000, 0), (40000, 0), (50000, 0), (60000, 0), (70000, 0), (80000, 0), (90000, 0), (100000, 0), (110000, 0), (120000, 0), (130000, 0), (140000, 0)]
6 -> 7 : [(10000, 0), (20000, 0), (30000, 0), (40000, 0), (50000, 0), (60000, 0), (70000, 0), (80000, 0), (90000, 0), (100000, 0), (110000, 0), (120000, 0), (130000, 0), (140000, 0)]
7 -> 3 : [(10000, 0), (20000, 0), (30000, 0), (40000, 0), (50000, 0), (60000, 0), (70000, 0), (80000, 0), (90000, 0), (100000, 0), (110000, 0), (120000, 0), (130000, 0), (140000, 0)]
7 -> 6 : [(10000, 0), (20000, 0), (30000, 0), (40000, 0), (50000, 0), (60000, 0), (70000, 0), (80000, 0), (90000, 0), (100000, 0), (110000, 0), (120000, 0), (130000, 0), (140000, 0)]
