00:00:00
new vehicle0 @ 00:42:48 (sumoTime: 2568 seconds) on link 1 with path_nodes [1, 2, 3, 4] which means path_links [1, 2, 3]
['newVeh0'] arrived @ sumotime 2597.0 seconds
new vehicle1 @ 00:50:36 (sumoTime: 3036 seconds) on link 1 with path_nodes [1, 2, 3, 4] which means path_links [1, 2, 3]
['newVeh1'] arrived @ sumotime 3062.0 seconds
new vehicle2 @ 00:58:19 (sumoTime: 3499 seconds) on link 1 with path_nodes [1, 2, 3, 4] which means path_links [1, 2, 3]
['newVeh2'] arrived @ sumotime 3525.0 seconds
01:00:00
[INFO: transfer Visum-Sumo]: [(1.0, 100.0, 4.995138888888889, 2.0, 1.0), (-3.0, 100.0, 0.0, 3.0, 4.0), (5.0, 100.0, 0.0, 5.0, 4.0)] 
 [(3, 3)]
Umlegung ausgeführt
curVolumes: (10000, [(3, 3, 0)])
new vehicle3 @ 01:34:46 (sumoTime: 5686 seconds) on link 1 with path_nodes [1, 2, 3, 4] which means path_links [1, 2, 3]
['newVeh3'] arrived @ sumotime 5715.0 seconds
new vehicle4 @ 01:46:19 (sumoTime: 6379 seconds) on link 1 with path_nodes [1, 2, 3, 4] which means path_links [1, 2, 3]
new vehicle5 @ 01:46:20 (sumoTime: 6380 seconds) on link 1 with path_nodes [1, 2, 3, 4] which means path_links [1, 2, 3]
['newVeh4'] arrived @ sumotime 6407.0 seconds
['newVeh5'] arrived @ sumotime 6408.0 seconds
['newVeh5'] arrived @ sumotime 6409.0 seconds
02:00:00
[INFO: transfer Visum-Sumo]: [(1.0, 100.0, 7.495138888888889, 2.0, 1.0), (-3.0, 100.0, 0.0, 3.0, 4.0), (5.0, 100.0, 0.0, 5.0, 4.0)] 
 [(3, 4)]
Umlegung ausgeführt
curVolumes: (20000, [(3, 4, 0)])
new vehicle6 @ 02:00:47 (sumoTime: 7247 seconds) on link 1 with path_nodes [1, 2, 3, 4] which means path_links [1, 2, 3]
['newVeh6'] arrived @ sumotime 7273.0 seconds
new vehicle7 @ 02:14:28 (sumoTime: 8068 seconds) on link 1 with path_nodes [1, 2, 3, 4] which means path_links [1, 2, 3]
['newVeh7'] arrived @ sumotime 8094.0 seconds
new vehicle8 @ 02:29:08 (sumoTime: 8948 seconds) on link 1 with path_nodes [1, 2, 3, 4] which means path_links [1, 2, 3]
['newVeh8'] arrived @ sumotime 8977.0 seconds
new vehicle9 @ 02:31:13 (sumoTime: 9073 seconds) on link 1 with path_nodes [1, 2, 3, 4] which means path_links [1, 2, 3]
new vehicle10 @ 02:31:43 (sumoTime: 9103 seconds) on link 1 with path_nodes [1, 2, 3, 4] which means path_links [1, 2, 3]
['newVeh9'] arrived @ sumotime 9104.0 seconds
['newVeh10'] arrived @ sumotime 9131.0 seconds
new vehicle11 @ 02:40:19 (sumoTime: 9619 seconds) on link 1 with path_nodes [1, 2, 3, 4] which means path_links [1, 2, 3]
['newVeh11'] arrived @ sumotime 9646.0 seconds
new vehicle12 @ 02:51:40 (sumoTime: 10300 seconds) on link 1 with path_nodes [1, 2, 3, 4] which means path_links [1, 2, 3]
['newVeh12'] arrived @ sumotime 10330.0 seconds
03:00:00
[INFO: transfer Visum-Sumo]: [(1.0, 100.0, 9.995138888888889, 2.0, 1.0), (-3.0, 100.0, 0.0, 3.0, 4.0), (5.0, 100.0, 0.0, 5.0, 4.0)] 
 [(3, 7)]
Umlegung ausgeführt
curVolumes: (30000, [(3, 7, 0)])
new vehicle13 @ 03:05:05 (sumoTime: 11105 seconds) on link 1 with path_nodes [1, 2, 3, 4] which means path_links [1, 2, 3]
['newVeh13'] arrived @ sumotime 11131.0 seconds
new vehicle14 @ 03:22:55 (sumoTime: 12175 seconds) on link 1 with path_nodes [1, 2, 3, 4] which means path_links [1, 2, 3]
['newVeh14'] arrived @ sumotime 12203.0 seconds
new vehicle15 @ 03:28:51 (sumoTime: 12531 seconds) on link 1 with path_nodes [1, 2, 3, 4] which means path_links [1, 2, 3]
['newVeh15'] arrived @ sumotime 12558.0 seconds
new vehicle16 @ 03:37:25 (sumoTime: 13045 seconds) on link 1 with path_nodes [1, 2, 3, 4] which means path_links [1, 2, 3]
['newVeh16'] arrived @ sumotime 13072.0 seconds
new vehicle17 @ 03:40:24 (sumoTime: 13224 seconds) on link 1 with path_nodes [1, 2, 3, 4] which means path_links [1, 2, 3]
['newVeh17'] arrived @ sumotime 13253.0 seconds
new vehicle18 @ 03:47:36 (sumoTime: 13656 seconds) on link 1 with path_nodes [1, 2, 3, 4] which means path_links [1, 2, 3]
new vehicle19 @ 03:48:00 (sumoTime: 13680 seconds) on link 1 with path_nodes [1, 2, 3, 4] which means path_links [1, 2, 3]
['newVeh18'] arrived @ sumotime 13683.0 seconds
['newVeh19'] arrived @ sumotime 13705.0 seconds
new vehicle20 @ 03:53:11 (sumoTime: 13991 seconds) on link 1 with path_nodes [1, 2, 3, 4] which means path_links [1, 2, 3]
['newVeh20'] arrived @ sumotime 14017.0 seconds
04:00:00
[INFO: transfer Visum-Sumo]: [(1.0, 100.0, 12.495138888888889, 2.0, 1.0), (-3.0, 100.0, 0.0, 3.0, 4.0), (5.0, 100.0, 0.0, 5.0, 4.0)] 
 [(3, 8)]
Umlegung ausgeführt
curVolumes: (40000, [(3, 8, 0)])
new vehicle21 @ 04:06:04 (sumoTime: 14764 seconds) on link 1 with path_nodes [1, 2, 3, 4] which means path_links [1, 2, 3]
['newVeh21'] arrived @ sumotime 14794.0 seconds
new vehicle22 @ 04:22:45 (sumoTime: 15765 seconds) on link 1 with path_nodes [1, 2, 3, 4] which means path_links [1, 2, 3]
['newVeh22'] arrived @ sumotime 15792.0 seconds
new vehicle23 @ 04:25:07 (sumoTime: 15907 seconds) on link 1 with path_nodes [1, 2, 3, 4] which means path_links [1, 2, 3]
new vehicle24 @ 04:25:13 (sumoTime: 15913 seconds) on link 1 with path_nodes [1, 2, 3, 4] which means path_links [1, 2, 3]
['newVeh23'] arrived @ sumotime 15931.0 seconds
['newVeh24'] arrived @ sumotime 15940.0 seconds
['newVeh24'] arrived @ sumotime 15941.0 seconds
new vehicle25 @ 04:28:27 (sumoTime: 16107 seconds) on link 1 with path_nodes [1, 2, 3, 4] which means path_links [1, 2, 3]
['newVeh25'] arrived @ sumotime 16134.0 seconds
new vehicle26 @ 04:37:17 (sumoTime: 16637 seconds) on link 1 with path_nodes [1, 2, 3, 4] which means path_links [1, 2, 3]
['newVeh26'] arrived @ sumotime 16665.0 seconds
new vehicle27 @ 04:39:54 (sumoTime: 16794 seconds) on link 1 with path_nodes [1, 2, 3, 4] which means path_links [1, 2, 3]
['newVeh27'] arrived @ sumotime 16823.0 seconds
new vehicle28 @ 04:43:35 (sumoTime: 17015 seconds) on link 1 with path_nodes [1, 2, 3, 4] which means path_links [1, 2, 3]
['newVeh28'] arrived @ sumotime 17043.0 seconds
new vehicle29 @ 04:46:34 (sumoTime: 17194 seconds) on link 1 with path_nodes [1, 2, 3, 4] which means path_links [1, 2, 3]
['newVeh29'] arrived @ sumotime 17220.0 seconds
new vehicle30 @ 04:48:39 (sumoTime: 17319 seconds) on link 1 with path_nodes [1, 2, 3, 4] which means path_links [1, 2, 3]
['newVeh30'] arrived @ sumotime 17347.0 seconds
new vehicle31 @ 04:53:58 (sumoTime: 17638 seconds) on link 1 with path_nodes [1, 2, 3, 4] which means path_links [1, 2, 3]
['newVeh31'] arrived @ sumotime 17665.0 seconds
new vehicle32 @ 04:56:32 (sumoTime: 17792 seconds) on link 1 with path_nodes [1, 2, 3, 4] which means path_links [1, 2, 3]
['newVeh32'] arrived @ sumotime 17823.0 seconds
new vehicle33 @ 04:58:21 (sumoTime: 17901 seconds) on link 1 with path_nodes [1, 2, 3, 4] which means path_links [1, 2, 3]
['newVeh33'] arrived @ sumotime 17928.0 seconds
05:00:00
[INFO: transfer Visum-Sumo]: [(1.0, 100.0, 14.995138888888889, 2.0, 1.0), (-3.0, 100.0, 0.0, 3.0, 4.0), (5.0, 100.0, 0.0, 5.0, 4.0)] 
 [(3, 14)]
Umlegung ausgeführt
curVolumes: (50000, [(3, 14, 0)])
new vehicle34 @ 05:00:37 (sumoTime: 18037 seconds) on link 1 with path_nodes [1, 2, 3, 4] which means path_links [1, 2, 3]
['newVeh34'] arrived @ sumotime 18064.0 seconds
new vehicle35 @ 05:01:13 (sumoTime: 18073 seconds) on link 1 with path_nodes [1, 2, 3, 4] which means path_links [1, 2, 3]
['newVeh35'] arrived @ sumotime 18098.0 seconds
new vehicle36 @ 05:04:33 (sumoTime: 18273 seconds) on link 1 with path_nodes [1, 2, 3, 4] which means path_links [1, 2, 3]
['newVeh36'] arrived @ sumotime 18299.0 seconds
['newVeh36'] arrived @ sumotime 18300.0 seconds
new vehicle37 @ 05:08:19 (sumoTime: 18499 seconds) on link 1 with path_nodes [1, 2, 3, 4] which means path_links [1, 2, 3]
['newVeh37'] arrived @ sumotime 18527.0 seconds
new vehicle38 @ 05:08:50 (sumoTime: 18530 seconds) on link 1 with path_nodes [1, 2, 3, 4] which means path_links [1, 2, 3]
['newVeh38'] arrived @ sumotime 18556.0 seconds
new vehicle39 @ 05:09:31 (sumoTime: 18571 seconds) on link 1 with path_nodes [1, 2, 3, 4] which means path_links [1, 2, 3]
['newVeh39'] arrived @ sumotime 18599.0 seconds
new vehicle40 @ 05:11:42 (sumoTime: 18702 seconds) on link 1 with path_nodes [1, 2, 3, 4] which means path_links [1, 2, 3]
['newVeh40'] arrived @ sumotime 18733.0 seconds
new vehicle41 @ 05:16:20 (sumoTime: 18980 seconds) on link 1 with path_nodes [1, 2, 3, 4] which means path_links [1, 2, 3]
['newVeh41'] arrived @ sumotime 19008.0 seconds
new vehicle42 @ 05:17:22 (sumoTime: 19042 seconds) on link 1 with path_nodes [1, 2, 3, 4] which means path_links [1, 2, 3]
['newVeh42'] arrived @ sumotime 19070.0 seconds
new vehicle43 @ 05:22:32 (sumoTime: 19352 seconds) on link 1 with path_nodes [1, 2, 3, 4] which means path_links [1, 2, 3]
['newVeh43'] arrived @ sumotime 19383.0 seconds
new vehicle44 @ 05:31:28 (sumoTime: 19888 seconds) on link 1 with path_nodes [1, 2, 3, 4] which means path_links [1, 2, 3]
['newVeh44'] arrived @ sumotime 19914.0 seconds
new vehicle45 @ 05:34:47 (sumoTime: 20087 seconds) on link 1 with path_nodes [1, 2, 3, 4] which means path_links [1, 2, 3]
new vehicle46 @ 05:35:08 (sumoTime: 20108 seconds) on link 1 with path_nodes [1, 2, 3, 4] which means path_links [1, 2, 3]
['newVeh45'] arrived @ sumotime 20114.0 seconds
['newVeh46'] arrived @ sumotime 20138.0 seconds
['newVeh46'] arrived @ sumotime 20139.0 seconds
new vehicle47 @ 05:38:49 (sumoTime: 20329 seconds) on link 1 with path_nodes [1, 2, 3, 4] which means path_links [1, 2, 3]
['newVeh47'] arrived @ sumotime 20355.0 seconds
new vehicle48 @ 05:40:11 (sumoTime: 20411 seconds) on link 1 with path_nodes [1, 2, 3, 4] which means path_links [1, 2, 3]
['newVeh48'] arrived @ sumotime 20439.0 seconds
new vehicle49 @ 05:43:13 (sumoTime: 20593 seconds) on link 1 with path_nodes [1, 2, 3, 4] which means path_links [1, 2, 3]
['newVeh49'] arrived @ sumotime 20620.0 seconds
new vehicle50 @ 05:48:30 (sumoTime: 20910 seconds) on link 1 with path_nodes [1, 2, 3, 4] which means path_links [1, 2, 3]
['newVeh50'] arrived @ sumotime 20939.0 seconds
new vehicle51 @ 05:51:03 (sumoTime: 21063 seconds) on link 1 with path_nodes [1, 2, 3, 4] which means path_links [1, 2, 3]
['newVeh51'] arrived @ sumotime 21089.0 seconds
new vehicle52 @ 05:52:33 (sumoTime: 21153 seconds) on link 1 with path_nodes [1, 2, 3, 4] which means path_links [1, 2, 3]
['newVeh52'] arrived @ sumotime 21183.0 seconds
new vehicle53 @ 05:53:10 (sumoTime: 21190 seconds) on link 1 with path_nodes [1, 2, 3, 4] which means path_links [1, 2, 3]
['newVeh53'] arrived @ sumotime 21216.0 seconds
new vehicle54 @ 05:56:19 (sumoTime: 21379 seconds) on link 1 with path_nodes [1, 2, 3, 4] which means path_links [1, 2, 3]
['newVeh54'] arrived @ sumotime 21405.0 seconds
06:00:00
[INFO: transfer Visum-Sumo]: [(1.0, 100.0, 17.49513888888889, 2.0, 1.0), (-3.0, 100.0, 0.0, 3.0, 4.0), (5.0, 100.0, 0.0, 5.0, 4.0)] 
 [(3, 23)]
Umlegung ausgeführt
curVolumes: (60000, [(3, 23, 0)])
new vehicle55 @ 06:03:44 (sumoTime: 21824 seconds) on link 1 with path_nodes [1, 2, 3, 4] which means path_links [1, 2, 3]
['newVeh55'] arrived @ sumotime 21850.0 seconds
new vehicle56 @ 06:08:57 (sumoTime: 22137 seconds) on link 1 with path_nodes [1, 2, 3, 4] which means path_links [1, 2, 3]
['newVeh56'] arrived @ sumotime 22162.0 seconds
new vehicle57 @ 06:10:21 (sumoTime: 22221 seconds) on link 1 with path_nodes [1, 2, 3, 4] which means path_links [1, 2, 3]
['newVeh57'] arrived @ sumotime 22250.0 seconds
new vehicle58 @ 06:12:28 (sumoTime: 22348 seconds) on link 1 with path_nodes [1, 2, 3, 4] which means path_links [1, 2, 3]
['newVeh58'] arrived @ sumotime 22373.0 seconds
new vehicle59 @ 06:16:46 (sumoTime: 22606 seconds) on link 1 with path_nodes [1, 2, 3, 4] which means path_links [1, 2, 3]
['newVeh59'] arrived @ sumotime 22633.0 seconds
new vehicle60 @ 06:21:36 (sumoTime: 22896 seconds) on link 1 with path_nodes [1, 2, 3, 4] which means path_links [1, 2, 3]
['newVeh60'] arrived @ sumotime 22924.0 seconds
new vehicle61 @ 06:24:21 (sumoTime: 23061 seconds) on link 1 with path_nodes [1, 2, 3, 4] which means path_links [1, 2, 3]
['newVeh61'] arrived @ sumotime 23091.0 seconds
new vehicle62 @ 06:26:12 (sumoTime: 23172 seconds) on link 1 with path_nodes [1, 2, 3, 4] which means path_links [1, 2, 3]
['newVeh62'] arrived @ sumotime 23201.0 seconds
new vehicle63 @ 06:30:15 (sumoTime: 23415 seconds) on link 1 with path_nodes [1, 2, 3, 4] which means path_links [1, 2, 3]
['newVeh63'] arrived @ sumotime 23440.0 seconds
new vehicle64 @ 06:42:10 (sumoTime: 24130 seconds) on link 1 with path_nodes [1, 2, 3, 4] which means path_links [1, 2, 3]
['newVeh64'] arrived @ sumotime 24156.0 seconds
new vehicle65 @ 06:44:52 (sumoTime: 24292 seconds) on link 1 with path_nodes [1, 2, 3, 4] which means path_links [1, 2, 3]
['newVeh65'] arrived @ sumotime 24318.0 seconds
new vehicle66 @ 06:46:06 (sumoTime: 24366 seconds) on link 1 with path_nodes [1, 2, 3, 4] which means path_links [1, 2, 3]
['newVeh66'] arrived @ sumotime 24394.0 seconds
new vehicle67 @ 06:46:58 (sumoTime: 24418 seconds) on link 1 with path_nodes [1, 2, 3, 4] which means path_links [1, 2, 3]
['newVeh67'] arrived @ sumotime 24444.0 seconds
new vehicle68 @ 06:49:36 (sumoTime: 24576 seconds) on link 1 with path_nodes [1, 2, 3, 4] which means path_links [1, 2, 3]
['newVeh68'] arrived @ sumotime 24602.0 seconds
new vehicle69 @ 06:52:01 (sumoTime: 24721 seconds) on link 1 with path_nodes [1, 2, 3, 4] which means path_links [1, 2, 3]
new vehicle70 @ 06:52:16 (sumoTime: 24736 seconds) on link 1 with path_nodes [1, 2, 3, 4] which means path_links [1, 2, 3]
['newVeh69'] arrived @ sumotime 24748.0 seconds
['newVeh70'] arrived @ sumotime 24762.0 seconds
['newVeh70'] arrived @ sumotime 24763.0 seconds
new vehicle71 @ 06:53:13 (sumoTime: 24793 seconds) on link 1 with path_nodes [1, 2, 3, 4] which means path_links [1, 2, 3]
['newVeh71'] arrived @ sumotime 24820.0 seconds
new vehicle72 @ 06:56:06 (sumoTime: 24966 seconds) on link 1 with path_nodes [1, 2, 3, 4] which means path_links [1, 2, 3]
['newVeh72'] arrived @ sumotime 24993.0 seconds
new vehicle73 @ 06:56:47 (sumoTime: 25007 seconds) on link 1 with path_nodes [1, 2, 3, 4] which means path_links [1, 2, 3]
['newVeh73'] arrived @ sumotime 25034.0 seconds
new vehicle74 @ 06:59:12 (sumoTime: 25152 seconds) on link 1 with path_nodes [1, 2, 3, 4] which means path_links [1, 2, 3]
['newVeh74'] arrived @ sumotime 25181.0 seconds
07:00:00
[INFO: transfer Visum-Sumo]: [(1.0, 100.0, 19.99513888888889, 2.0, 1.0), (-3.0, 100.0, 0.0, 3.0, 4.0), (5.0, 100.0, 0.0, 5.0, 4.0)] 
 [(3, 21)]
Umlegung ausgeführt
curVolumes: (70000, [(3, 21, 0)])
new vehicle75 @ 07:06:02 (sumoTime: 25562 seconds) on link 1 with path_nodes [1, 2, 3, 4] which means path_links [1, 2, 3]
['newVeh75'] arrived @ sumotime 25589.0 seconds
new vehicle76 @ 07:09:09 (sumoTime: 25749 seconds) on link 1 with path_nodes [1, 2, 3, 4] which means path_links [1, 2, 3]
['newVeh76'] arrived @ sumotime 25774.0 seconds
new vehicle77 @ 07:13:27 (sumoTime: 26007 seconds) on link 1 with path_nodes [1, 2, 3, 4] which means path_links [1, 2, 3]
['newVeh77'] arrived @ sumotime 26037.0 seconds
new vehicle78 @ 07:15:00 (sumoTime: 26100 seconds) on link 1 with path_nodes [1, 2, 3, 4] which means path_links [1, 2, 3]
['newVeh78'] arrived @ sumotime 26127.0 seconds
new vehicle79 @ 07:15:50 (sumoTime: 26150 seconds) on link 1 with path_nodes [1, 2, 3, 4] which means path_links [1, 2, 3]
new vehicle80 @ 07:16:13 (sumoTime: 26173 seconds) on link 1 with path_nodes [1, 2, 3, 4] which means path_links [1, 2, 3]
['newVeh79'] arrived @ sumotime 26181.0 seconds
['newVeh80'] arrived @ sumotime 26205.0 seconds
new vehicle81 @ 07:29:13 (sumoTime: 26953 seconds) on link 1 with path_nodes [1, 2, 3, 4] which means path_links [1, 2, 3]
new vehicle82 @ 07:29:30 (sumoTime: 26970 seconds) on link 1 with path_nodes [1, 2, 3, 4] which means path_links [1, 2, 3]
['newVeh81'] arrived @ sumotime 26980.0 seconds
['newVeh82'] arrived @ sumotime 26998.0 seconds
new vehicle83 @ 07:30:08 (sumoTime: 27008 seconds) on link 1 with path_nodes [1, 2, 3, 4] which means path_links [1, 2, 3]
new vehicle84 @ 07:30:17 (sumoTime: 27017 seconds) on link 1 with path_nodes [1, 2, 3, 4] which means path_links [1, 2, 3]
['newVeh83'] arrived @ sumotime 27036.0 seconds
['newVeh83'] arrived @ sumotime 27037.0 seconds
['newVeh84'] arrived @ sumotime 27045.0 seconds
new vehicle85 @ 07:34:42 (sumoTime: 27282 seconds) on link 1 with path_nodes [1, 2, 3, 4] which means path_links [1, 2, 3]
new vehicle86 @ 07:34:44 (sumoTime: 27284 seconds) on link 1 with path_nodes [1, 2, 3, 4] which means path_links [1, 2, 3]
['newVeh85'] arrived @ sumotime 27308.0 seconds
new vehicle87 @ 07:35:09 (sumoTime: 27309 seconds) on link 1 with path_nodes [1, 2, 3, 4] which means path_links [1, 2, 3]
['newVeh86'] arrived @ sumotime 27311.0 seconds
['newVeh87'] arrived @ sumotime 27335.0 seconds
new vehicle88 @ 07:35:45 (sumoTime: 27345 seconds) on link 1 with path_nodes [1, 2, 3, 4] which means path_links [1, 2, 3]
['newVeh88'] arrived @ sumotime 27371.0 seconds
['newVeh88'] arrived @ sumotime 27372.0 seconds
new vehicle89 @ 07:39:47 (sumoTime: 27587 seconds) on link 1 with path_nodes [1, 2, 3, 4] which means path_links [1, 2, 3]
['newVeh89'] arrived @ sumotime 27616.0 seconds
new vehicle90 @ 07:41:25 (sumoTime: 27685 seconds) on link 1 with path_nodes [1, 2, 3, 4] which means path_links [1, 2, 3]
['newVeh90'] arrived @ sumotime 27712.0 seconds
new vehicle91 @ 07:48:44 (sumoTime: 28124 seconds) on link 1 with path_nodes [1, 2, 3, 4] which means path_links [1, 2, 3]
['newVeh91'] arrived @ sumotime 28152.0 seconds
new vehicle92 @ 07:51:20 (sumoTime: 28280 seconds) on link 1 with path_nodes [1, 2, 3, 4] which means path_links [1, 2, 3]
['newVeh92'] arrived @ sumotime 28307.0 seconds
new vehicle93 @ 07:53:55 (sumoTime: 28435 seconds) on link 1 with path_nodes [1, 2, 3, 4] which means path_links [1, 2, 3]
['newVeh93'] arrived @ sumotime 28464.0 seconds
new vehicle94 @ 07:55:47 (sumoTime: 28547 seconds) on link 1 with path_nodes [1, 2, 3, 4] which means path_links [1, 2, 3]
['newVeh94'] arrived @ sumotime 28575.0 seconds
new vehicle95 @ 07:57:24 (sumoTime: 28644 seconds) on link 1 with path_nodes [1, 2, 3, 4] which means path_links [1, 2, 3]
['newVeh95'] arrived @ sumotime 28674.0 seconds
08:00:00
[INFO: transfer Visum-Sumo]: [(1.0, 100.0, 22.49513888888889, 2.0, 1.0), (-3.0, 100.0, 0.0, 3.0, 4.0), (5.0, 100.0, 0.0, 5.0, 4.0)] 
 [(3, 23)]
Umlegung ausgeführt
curVolumes: (80000, [(3, 23, 0)])
new vehicle96 @ 08:03:06 (sumoTime: 28986 seconds) on link 1 with path_nodes [1, 2, 3, 4] which means path_links [1, 2, 3]
new vehicle97 @ 08:03:10 (sumoTime: 28990 seconds) on link 1 with path_nodes [1, 2, 3, 4] which means path_links [1, 2, 3]
['newVeh96'] arrived @ sumotime 29023.0 seconds
['newVeh96'] arrived @ sumotime 29024.0 seconds
['newVeh97'] arrived @ sumotime 29029.0 seconds
['newVeh97'] arrived @ sumotime 29030.0 seconds
['newVeh96'] arrived @ sumotime 29042.0 seconds
['newVeh97'] arrived @ sumotime 29049.0 seconds
new vehicle98 @ 08:04:40 (sumoTime: 29080 seconds) on link 1 with path_nodes [1, 2, 3, 4] which means path_links [1, 2, 3]
new vehicle99 @ 08:04:40 (sumoTime: 29080 seconds) on link 1 with path_nodes [1, 2, 3, 4] which means path_links [1, 2, 3]
['newVeh98'] arrived @ sumotime 29119.0 seconds
['newVeh98'] arrived @ sumotime 29120.0 seconds
['newVeh99'] arrived @ sumotime 29134.0 seconds
['newVeh99'] arrived @ sumotime 29135.0 seconds
['newVeh99'] arrived @ sumotime 29136.0 seconds
['newVeh98'] arrived @ sumotime 29137.0 seconds
['newVeh99'] arrived @ sumotime 29160.0 seconds
new vehicle100 @ 08:08:16 (sumoTime: 29296 seconds) on link 1 with path_nodes [1, 2, 3, 4] which means path_links [1, 2, 3]
['newVeh100'] arrived @ sumotime 29340.0 seconds
['newVeh100'] arrived @ sumotime 29341.0 seconds
new vehicle101 @ 08:09:03 (sumoTime: 29343 seconds) on link 1 with path_nodes [1, 2, 3, 4] which means path_links [1, 2, 3]
['newVeh100'] arrived @ sumotime 29362.0 seconds
['newVeh101'] arrived @ sumotime 29386.0 seconds
['newVeh101'] arrived @ sumotime 29387.0 seconds
['newVeh101'] arrived @ sumotime 29407.0 seconds
new vehicle102 @ 08:12:02 (sumoTime: 29522 seconds) on link 1 with path_nodes [1, 2, 3, 4] which means path_links [1, 2, 3]
['newVeh102'] arrived @ sumotime 29566.0 seconds
['newVeh102'] arrived @ sumotime 29567.0 seconds
['newVeh102'] arrived @ sumotime 29587.0 seconds
new vehicle103 @ 08:14:11 (sumoTime: 29651 seconds) on link 1 with path_nodes [1, 2, 3, 4] which means path_links [1, 2, 3]
['newVeh103'] arrived @ sumotime 29694.0 seconds
['newVeh103'] arrived @ sumotime 29695.0 seconds
['newVeh103'] arrived @ sumotime 29715.0 seconds
new vehicle104 @ 08:16:04 (sumoTime: 29764 seconds) on link 1 with path_nodes [1, 2, 3, 4] which means path_links [1, 2, 3]
['newVeh104'] arrived @ sumotime 29802.0 seconds
['newVeh104'] arrived @ sumotime 29803.0 seconds
['newVeh104'] arrived @ sumotime 29821.0 seconds
new vehicle105 @ 08:18:58 (sumoTime: 29938 seconds) on link 1 with path_nodes [1, 2, 3, 4] which means path_links [1, 2, 3]
['newVeh105'] arrived @ sumotime 29976.0 seconds
['newVeh105'] arrived @ sumotime 29977.0 seconds
['newVeh105'] arrived @ sumotime 29995.0 seconds
['newVeh105'] arrived @ sumotime 29996.0 seconds
new vehicle106 @ 08:20:19 (sumoTime: 30019 seconds) on link 1 with path_nodes [1, 2, 3, 4] which means path_links [1, 2, 3]
['newVeh106'] arrived @ sumotime 30061.0 seconds
['newVeh106'] arrived @ sumotime 30062.0 seconds
['newVeh106'] arrived @ sumotime 30082.0 seconds
new vehicle107 @ 08:24:01 (sumoTime: 30241 seconds) on link 1 with path_nodes [1, 2, 3, 4] which means path_links [1, 2, 3]
new vehicle108 @ 08:24:21 (sumoTime: 30261 seconds) on link 1 with path_nodes [1, 2, 3, 4] which means path_links [1, 2, 3]
['newVeh107'] arrived @ sumotime 30285.0 seconds
['newVeh107'] arrived @ sumotime 30286.0 seconds
['newVeh108'] arrived @ sumotime 30302.0 seconds
['newVeh108'] arrived @ sumotime 30303.0 seconds
['newVeh107'] arrived @ sumotime 30306.0 seconds
['newVeh108'] arrived @ sumotime 30323.0 seconds
new vehicle109 @ 08:25:29 (sumoTime: 30329 seconds) on link 1 with path_nodes [1, 2, 3, 4] which means path_links [1, 2, 3]
['newVeh109'] arrived @ sumotime 30370.0 seconds
['newVeh109'] arrived @ sumotime 30371.0 seconds
['newVeh109'] arrived @ sumotime 30391.0 seconds
new vehicle110 @ 08:29:14 (sumoTime: 30554 seconds) on link 1 with path_nodes [1, 2, 3, 4] which means path_links [1, 2, 3]
new vehicle111 @ 08:29:52 (sumoTime: 30592 seconds) on link 1 with path_nodes [1, 2, 3, 4] which means path_links [1, 2, 3]
['newVeh110'] arrived @ sumotime 30594.0 seconds
['newVeh110'] arrived @ sumotime 30595.0 seconds
['newVeh110'] arrived @ sumotime 30615.0 seconds
['newVeh111'] arrived @ sumotime 30633.0 seconds
['newVeh111'] arrived @ sumotime 30634.0 seconds
['newVeh111'] arrived @ sumotime 30653.0 seconds
new vehicle112 @ 08:33:57 (sumoTime: 30837 seconds) on link 1 with path_nodes [1, 2, 3, 4] which means path_links [1, 2, 3]
['newVeh112'] arrived @ sumotime 30882.0 seconds
['newVeh112'] arrived @ sumotime 30883.0 seconds
['newVeh112'] arrived @ sumotime 30903.0 seconds
new vehicle113 @ 08:35:39 (sumoTime: 30939 seconds) on link 1 with path_nodes [1, 2, 3, 4] which means path_links [1, 2, 3]
new vehicle114 @ 08:36:06 (sumoTime: 30966 seconds) on link 1 with path_nodes [1, 2, 3, 4] which means path_links [1, 2, 3]
['newVeh113'] arrived @ sumotime 30978.0 seconds
['newVeh113'] arrived @ sumotime 30979.0 seconds
['newVeh113'] arrived @ sumotime 30998.0 seconds
['newVeh114'] arrived @ sumotime 31011.0 seconds
['newVeh114'] arrived @ sumotime 31012.0 seconds
['newVeh114'] arrived @ sumotime 31034.0 seconds
['newVeh114'] arrived @ sumotime 31035.0 seconds
new vehicle115 @ 08:38:20 (sumoTime: 31100 seconds) on link 1 with path_nodes [1, 2, 3, 4] which means path_links [1, 2, 3]
new vehicle116 @ 08:38:54 (sumoTime: 31134 seconds) on link 1 with path_nodes [1, 2, 3, 4] which means path_links [1, 2, 3]
['newVeh115'] arrived @ sumotime 31145.0 seconds
['newVeh115'] arrived @ sumotime 31146.0 seconds
new vehicle117 @ 08:39:15 (sumoTime: 31155 seconds) on link 1 with path_nodes [1, 2, 3, 4] which means path_links [1, 2, 3]
['newVeh115'] arrived @ sumotime 31169.0 seconds
['newVeh116'] arrived @ sumotime 31176.0 seconds
['newVeh116'] arrived @ sumotime 31177.0 seconds
new vehicle118 @ 08:39:38 (sumoTime: 31178 seconds) on link 1 with path_nodes [1, 2, 3, 4] which means path_links [1, 2, 3]
['newVeh117'] arrived @ sumotime 31195.0 seconds
['newVeh117'] arrived @ sumotime 31196.0 seconds
['newVeh116'] arrived @ sumotime 31197.0 seconds
new vehicle119 @ 08:40:05 (sumoTime: 31205 seconds) on link 1 with path_nodes [1, 2, 3, 4] which means path_links [1, 2, 3]
['newVeh117'] arrived @ sumotime 31214.0 seconds
['newVeh118'] arrived @ sumotime 31223.0 seconds
['newVeh118'] arrived @ sumotime 31224.0 seconds
['newVeh118'] arrived @ sumotime 31225.0 seconds
new vehicle120 @ 08:40:32 (sumoTime: 31232 seconds) on link 1 with path_nodes [1, 2, 3, 4] which means path_links [1, 2, 3]
['newVeh119', 'newVeh118'] arrived @ sumotime 31246.0 seconds
['newVeh119'] arrived @ sumotime 31247.0 seconds
['newVeh119'] arrived @ sumotime 31266.0 seconds
['newVeh120'] arrived @ sumotime 31270.0 seconds
['newVeh120'] arrived @ sumotime 31271.0 seconds
['newVeh120'] arrived @ sumotime 31290.0 seconds
new vehicle121 @ 08:57:08 (sumoTime: 32228 seconds) on link 1 with path_nodes [1, 2, 3, 4] which means path_links [1, 2, 3]
['newVeh121'] arrived @ sumotime 32271.0 seconds
['newVeh121'] arrived @ sumotime 32272.0 seconds
['newVeh121'] arrived @ sumotime 32292.0 seconds
09:00:00
[INFO: transfer Visum-Sumo]: [(1.0, 100.0, 24.99513888888889, 2.0, 1.0), (-3.0, 100.0, 0.0, 3.0, 4.0), (5.0, 100.0, 0.0, 5.0, 4.0)] 
 [(3, 82)]
Umlegung ausgeführt
curVolumes: (90000, [(3, 82, 0)])
new vehicle122 @ 09:01:10 (sumoTime: 32470 seconds) on link 1 with path_nodes [1, 2, 3, 4] which means path_links [1, 2, 3]
['newVeh122'] arrived @ sumotime 32509.0 seconds
['newVeh122'] arrived @ sumotime 32510.0 seconds
['newVeh122'] arrived @ sumotime 32529.0 seconds
new vehicle123 @ 09:05:25 (sumoTime: 32725 seconds) on link 1 with path_nodes [1, 2, 3, 4] which means path_links [1, 2, 3]
['newVeh123'] arrived @ sumotime 32773.0 seconds
['newVeh123'] arrived @ sumotime 32774.0 seconds
['newVeh123'] arrived @ sumotime 32775.0 seconds
['newVeh123'] arrived @ sumotime 32798.0 seconds
new vehicle124 @ 09:07:58 (sumoTime: 32878 seconds) on link 1 with path_nodes [1, 2, 3, 4] which means path_links [1, 2, 3]
new vehicle125 @ 09:08:02 (sumoTime: 32882 seconds) on link 1 with path_nodes [1, 2, 3, 4] which means path_links [1, 2, 3]
['newVeh124'] arrived @ sumotime 32916.0 seconds
['newVeh124'] arrived @ sumotime 32917.0 seconds
['newVeh125'] arrived @ sumotime 32923.0 seconds
['newVeh125'] arrived @ sumotime 32924.0 seconds
['newVeh124'] arrived @ sumotime 32934.0 seconds
['newVeh125'] arrived @ sumotime 32943.0 seconds
new vehicle126 @ 09:09:29 (sumoTime: 32969 seconds) on link 1 with path_nodes [1, 2, 3, 4] which means path_links [1, 2, 3]
new vehicle127 @ 09:09:59 (sumoTime: 32999 seconds) on link 1 with path_nodes [1, 2, 3, 4] which means path_links [1, 2, 3]
['newVeh126'] arrived @ sumotime 33009.0 seconds
['newVeh126'] arrived @ sumotime 33010.0 seconds
['newVeh126'] arrived @ sumotime 33029.0 seconds
['newVeh127'] arrived @ sumotime 33047.0 seconds
['newVeh127'] arrived @ sumotime 33048.0 seconds
new vehicle128 @ 09:11:08 (sumoTime: 33068 seconds) on link 1 with path_nodes [1, 2, 3, 4] which means path_links [1, 2, 3]
['newVeh127'] arrived @ sumotime 33070.0 seconds
['newVeh128'] arrived @ sumotime 33111.0 seconds
['newVeh128'] arrived @ sumotime 33112.0 seconds
['newVeh128'] arrived @ sumotime 33133.0 seconds
new vehicle129 @ 09:13:38 (sumoTime: 33218 seconds) on link 1 with path_nodes [1, 2, 3, 4] which means path_links [1, 2, 3]
['newVeh129'] arrived @ sumotime 33256.0 seconds
['newVeh129'] arrived @ sumotime 33257.0 seconds
['newVeh129'] arrived @ sumotime 33276.0 seconds
new vehicle130 @ 09:21:22 (sumoTime: 33682 seconds) on link 1 with path_nodes [1, 2, 3, 4] which means path_links [1, 2, 3]
['newVeh130'] arrived @ sumotime 33721.0 seconds
['newVeh130'] arrived @ sumotime 33722.0 seconds
['newVeh130'] arrived @ sumotime 33741.0 seconds
new vehicle131 @ 09:23:06 (sumoTime: 33786 seconds) on link 1 with path_nodes [1, 2, 3, 4] which means path_links [1, 2, 3]
['newVeh131'] arrived @ sumotime 33826.0 seconds
['newVeh131'] arrived @ sumotime 33827.0 seconds
['newVeh131'] arrived @ sumotime 33847.0 seconds
new vehicle132 @ 09:24:54 (sumoTime: 33894 seconds) on link 1 with path_nodes [1, 2, 3, 4] which means path_links [1, 2, 3]
new vehicle133 @ 09:25:10 (sumoTime: 33910 seconds) on link 1 with path_nodes [1, 2, 3, 4] which means path_links [1, 2, 3]
new vehicle134 @ 09:25:28 (sumoTime: 33928 seconds) on link 1 with path_nodes [1, 2, 3, 4] which means path_links [1, 2, 3]
['newVeh132'] arrived @ sumotime 33940.0 seconds
['newVeh132'] arrived @ sumotime 33941.0 seconds
['newVeh133'] arrived @ sumotime 33951.0 seconds
['newVeh133'] arrived @ sumotime 33952.0 seconds
['newVeh132'] arrived @ sumotime 33962.0 seconds
['newVeh132'] arrived @ sumotime 33963.0 seconds
['newVeh134'] arrived @ sumotime 33966.0 seconds
['newVeh133'] arrived @ sumotime 33972.0 seconds
['newVeh134'] arrived @ sumotime 33985.0 seconds
new vehicle135 @ 09:28:27 (sumoTime: 34107 seconds) on link 1 with path_nodes [1, 2, 3, 4] which means path_links [1, 2, 3]
['newVeh135'] arrived @ sumotime 34157.0 seconds
['newVeh135'] arrived @ sumotime 34158.0 seconds
['newVeh135'] arrived @ sumotime 34159.0 seconds
['newVeh135'] arrived @ sumotime 34181.0 seconds
new vehicle136 @ 09:31:48 (sumoTime: 34308 seconds) on link 1 with path_nodes [1, 2, 3, 4] which means path_links [1, 2, 3]
new vehicle137 @ 09:32:26 (sumoTime: 34346 seconds) on link 1 with path_nodes [1, 2, 3, 4] which means path_links [1, 2, 3]
['newVeh136'] arrived @ sumotime 34352.0 seconds
['newVeh136'] arrived @ sumotime 34353.0 seconds
['newVeh136'] arrived @ sumotime 34373.0 seconds
['newVeh137'] arrived @ sumotime 34389.0 seconds
['newVeh137'] arrived @ sumotime 34390.0 seconds
['newVeh137'] arrived @ sumotime 34410.0 seconds
['newVeh137'] arrived @ sumotime 34411.0 seconds
new vehicle138 @ 09:35:05 (sumoTime: 34505 seconds) on link 1 with path_nodes [1, 2, 3, 4] which means path_links [1, 2, 3]
['newVeh138'] arrived @ sumotime 34548.0 seconds
['newVeh138'] arrived @ sumotime 34549.0 seconds
['newVeh138'] arrived @ sumotime 34569.0 seconds
new vehicle139 @ 09:38:09 (sumoTime: 34689 seconds) on link 1 with path_nodes [1, 2, 3, 4] which means path_links [1, 2, 3]
new vehicle140 @ 09:38:26 (sumoTime: 34706 seconds) on link 1 with path_nodes [1, 2, 3, 4] which means path_links [1, 2, 3]
['newVeh139'] arrived @ sumotime 34728.0 seconds
['newVeh139'] arrived @ sumotime 34729.0 seconds
['newVeh140'] arrived @ sumotime 34744.0 seconds
['newVeh140'] arrived @ sumotime 34745.0 seconds
['newVeh139'] arrived @ sumotime 34748.0 seconds
['newVeh140'] arrived @ sumotime 34764.0 seconds
new vehicle141 @ 09:42:19 (sumoTime: 34939 seconds) on link 1 with path_nodes [1, 2, 3, 4] which means path_links [1, 2, 3]
['newVeh141'] arrived @ sumotime 34983.0 seconds
['newVeh141'] arrived @ sumotime 34984.0 seconds
['newVeh141'] arrived @ sumotime 35004.0 seconds
new vehicle142 @ 09:44:20 (sumoTime: 35060 seconds) on link 1 with path_nodes [1, 2, 3, 4] which means path_links [1, 2, 3]
['newVeh142'] arrived @ sumotime 35099.0 seconds
['newVeh142'] arrived @ sumotime 35100.0 seconds
['newVeh142'] arrived @ sumotime 35119.0 seconds
['newVeh142'] arrived @ sumotime 35120.0 seconds
new vehicle143 @ 09:53:47 (sumoTime: 35627 seconds) on link 1 with path_nodes [1, 2, 3, 4] which means path_links [1, 2, 3]
new vehicle144 @ 09:53:50 (sumoTime: 35630 seconds) on link 1 with path_nodes [1, 2, 3, 4] which means path_links [1, 2, 3]
['newVeh143'] arrived @ sumotime 35662.0 seconds
['newVeh143'] arrived @ sumotime 35663.0 seconds
['newVeh144'] arrived @ sumotime 35670.0 seconds
['newVeh144'] arrived @ sumotime 35671.0 seconds
['newVeh143'] arrived @ sumotime 35680.0 seconds
['newVeh144'] arrived @ sumotime 35690.0 seconds
new vehicle145 @ 09:57:13 (sumoTime: 35833 seconds) on link 1 with path_nodes [1, 2, 3, 4] which means path_links [1, 2, 3]
['newVeh145'] arrived @ sumotime 35871.0 seconds
['newVeh145'] arrived @ sumotime 35872.0 seconds
['newVeh145'] arrived @ sumotime 35891.0 seconds
10:00:00
[INFO: transfer Visum-Sumo]: [(1.0, 100.0, 27.49513888888889, 2.0, 1.0), (-3.0, 100.0, 0.0, 3.0, 4.0), (5.0, 100.0, 0.0, 5.0, 4.0)] 
 [(3, 76)]
Umlegung ausgeführt
curVolumes: (100000, [(3, 76, 0)])
new vehicle146 @ 10:02:01 (sumoTime: 36121 seconds) on link 1 with path_nodes [1, 2, 3, 4] which means path_links [1, 2, 3]
['newVeh146'] arrived @ sumotime 36160.0 seconds
['newVeh146'] arrived @ sumotime 36161.0 seconds
['newVeh146'] arrived @ sumotime 36181.0 seconds
new vehicle147 @ 10:03:08 (sumoTime: 36188 seconds) on link 1 with path_nodes [1, 2, 3, 4] which means path_links [1, 2, 3]
new vehicle148 @ 10:03:32 (sumoTime: 36212 seconds) on link 1 with path_nodes [1, 2, 3, 4] which means path_links [1, 2, 3]
['newVeh147'] arrived @ sumotime 36232.0 seconds
['newVeh147'] arrived @ sumotime 36233.0 seconds
['newVeh147'] arrived @ sumotime 36254.0 seconds
['newVeh148'] arrived @ sumotime 36256.0 seconds
['newVeh148'] arrived @ sumotime 36257.0 seconds
['newVeh148'] arrived @ sumotime 36279.0 seconds
new vehicle149 @ 10:07:05 (sumoTime: 36425 seconds) on link 1 with path_nodes [1, 2, 3, 4] which means path_links [1, 2, 3]
['newVeh149'] arrived @ sumotime 36464.0 seconds
['newVeh149'] arrived @ sumotime 36465.0 seconds
['newVeh149'] arrived @ sumotime 36484.0 seconds
new vehicle150 @ 10:09:55 (sumoTime: 36595 seconds) on link 1 with path_nodes [1, 2, 3, 4] which means path_links [1, 2, 3]
['newVeh150'] arrived @ sumotime 36633.0 seconds
['newVeh150'] arrived @ sumotime 36634.0 seconds
['newVeh150'] arrived @ sumotime 36654.0 seconds
new vehicle151 @ 10:12:02 (sumoTime: 36722 seconds) on link 1 with path_nodes [1, 2, 3, 4] which means path_links [1, 2, 3]
['newVeh151'] arrived @ sumotime 36762.0 seconds
['newVeh151'] arrived @ sumotime 36763.0 seconds
['newVeh151'] arrived @ sumotime 36782.0 seconds
new vehicle152 @ 10:14:28 (sumoTime: 36868 seconds) on link 1 with path_nodes [1, 2, 3, 4] which means path_links [1, 2, 3]
['newVeh152'] arrived @ sumotime 36908.0 seconds
['newVeh152'] arrived @ sumotime 36909.0 seconds
new vehicle153 @ 10:15:12 (sumoTime: 36912 seconds) on link 1 with path_nodes [1, 2, 3, 4] which means path_links [1, 2, 3]
['newVeh152'] arrived @ sumotime 36929.0 seconds
['newVeh153'] arrived @ sumotime 36955.0 seconds
['newVeh153'] arrived @ sumotime 36956.0 seconds
['newVeh153'] arrived @ sumotime 36976.0 seconds
new vehicle154 @ 10:17:45 (sumoTime: 37065 seconds) on link 1 with path_nodes [1, 2, 3, 4] which means path_links [1, 2, 3]
new vehicle155 @ 10:18:04 (sumoTime: 37084 seconds) on link 1 with path_nodes [1, 2, 3, 4] which means path_links [1, 2, 3]
['newVeh154'] arrived @ sumotime 37104.0 seconds
['newVeh154'] arrived @ sumotime 37105.0 seconds
['newVeh155'] arrived @ sumotime 37121.0 seconds
['newVeh155'] arrived @ sumotime 37122.0 seconds
['newVeh154'] arrived @ sumotime 37123.0 seconds
['newVeh155'] arrived @ sumotime 37140.0 seconds
new vehicle156 @ 10:20:55 (sumoTime: 37255 seconds) on link 1 with path_nodes [1, 2, 3, 4] which means path_links [1, 2, 3]
['newVeh156'] arrived @ sumotime 37299.0 seconds
['newVeh156'] arrived @ sumotime 37300.0 seconds
['newVeh156'] arrived @ sumotime 37320.0 seconds
new vehicle157 @ 10:25:14 (sumoTime: 37514 seconds) on link 1 with path_nodes [1, 2, 3, 4] which means path_links [1, 2, 3]
['newVeh157'] arrived @ sumotime 37549.0 seconds
['newVeh157'] arrived @ sumotime 37550.0 seconds
['newVeh157'] arrived @ sumotime 37568.0 seconds
new vehicle158 @ 10:29:44 (sumoTime: 37784 seconds) on link 1 with path_nodes [1, 2, 3, 4] which means path_links [1, 2, 3]
new vehicle159 @ 10:30:03 (sumoTime: 37803 seconds) on link 1 with path_nodes [1, 2, 3, 4] which means path_links [1, 2, 3]
['newVeh158'] arrived @ sumotime 37820.0 seconds
['newVeh158'] arrived @ sumotime 37821.0 seconds
['newVeh158'] arrived @ sumotime 37839.0 seconds
['newVeh159'] arrived @ sumotime 37844.0 seconds
['newVeh159'] arrived @ sumotime 37845.0 seconds
['newVeh159'] arrived @ sumotime 37865.0 seconds
new vehicle160 @ 10:32:24 (sumoTime: 37944 seconds) on link 1 with path_nodes [1, 2, 3, 4] which means path_links [1, 2, 3]
['newVeh160'] arrived @ sumotime 37991.0 seconds
['newVeh160'] arrived @ sumotime 37992.0 seconds
['newVeh160'] arrived @ sumotime 37993.0 seconds
['newVeh160'] arrived @ sumotime 38015.0 seconds
new vehicle161 @ 10:35:54 (sumoTime: 38154 seconds) on link 1 with path_nodes [1, 2, 3, 4] which means path_links [1, 2, 3]
new vehicle162 @ 10:36:18 (sumoTime: 38178 seconds) on link 1 with path_nodes [1, 2, 3, 4] which means path_links [1, 2, 3]
['newVeh161'] arrived @ sumotime 38196.0 seconds
['newVeh161'] arrived @ sumotime 38197.0 seconds
new vehicle163 @ 10:36:43 (sumoTime: 38203 seconds) on link 1 with path_nodes [1, 2, 3, 4] which means path_links [1, 2, 3]
['newVeh162'] arrived @ sumotime 38215.0 seconds
['newVeh162'] arrived @ sumotime 38216.0 seconds
['newVeh161'] arrived @ sumotime 38217.0 seconds
['newVeh162'] arrived @ sumotime 38234.0 seconds
['newVeh163'] arrived @ sumotime 38242.0 seconds
['newVeh163'] arrived @ sumotime 38261.0 seconds
new vehicle164 @ 10:41:49 (sumoTime: 38509 seconds) on link 1 with path_nodes [1, 2, 3, 4] which means path_links [1, 2, 3]
new vehicle165 @ 10:42:22 (sumoTime: 38542 seconds) on link 1 with path_nodes [1, 2, 3, 4] which means path_links [1, 2, 3]
['newVeh164'] arrived @ sumotime 38548.0 seconds
['newVeh164'] arrived @ sumotime 38549.0 seconds
['newVeh164'] arrived @ sumotime 38568.0 seconds
['newVeh165'] arrived @ sumotime 38579.0 seconds
['newVeh165'] arrived @ sumotime 38580.0 seconds
['newVeh165'] arrived @ sumotime 38598.0 seconds
new vehicle166 @ 10:44:38 (sumoTime: 38678 seconds) on link 1 with path_nodes [1, 2, 3, 4] which means path_links [1, 2, 3]
['newVeh166'] arrived @ sumotime 38715.0 seconds
['newVeh166'] arrived @ sumotime 38734.0 seconds
new vehicle167 @ 10:54:25 (sumoTime: 39265 seconds) on link 1 with path_nodes [1, 2, 3, 4] which means path_links [1, 2, 3]
['newVeh167'] arrived @ sumotime 39309.0 seconds
['newVeh167'] arrived @ sumotime 39310.0 seconds
['newVeh167'] arrived @ sumotime 39311.0 seconds
['newVeh167'] arrived @ sumotime 39332.0 seconds
new vehicle168 @ 10:55:53 (sumoTime: 39353 seconds) on link 1 with path_nodes [1, 2, 3, 4] which means path_links [1, 2, 3]
new vehicle169 @ 10:55:57 (sumoTime: 39357 seconds) on link 1 with path_nodes [1, 2, 3, 4] which means path_links [1, 2, 3]
new vehicle170 @ 10:56:09 (sumoTime: 39369 seconds) on link 1 with path_nodes [1, 2, 3, 4] which means path_links [1, 2, 3]
['newVeh168'] arrived @ sumotime 39398.0 seconds
['newVeh168'] arrived @ sumotime 39399.0 seconds
['newVeh168'] arrived @ sumotime 39400.0 seconds
['newVeh169'] arrived @ sumotime 39402.0 seconds
['newVeh169'] arrived @ sumotime 39403.0 seconds
['newVeh170'] arrived @ sumotime 39414.0 seconds
['newVeh170'] arrived @ sumotime 39415.0 seconds
['newVeh168'] arrived @ sumotime 39421.0 seconds
['newVeh169'] arrived @ sumotime 39424.0 seconds
['newVeh170'] arrived @ sumotime 39435.0 seconds
new vehicle171 @ 10:57:28 (sumoTime: 39448 seconds) on link 1 with path_nodes [1, 2, 3, 4] which means path_links [1, 2, 3]
['newVeh171'] arrived @ sumotime 39499.0 seconds
['newVeh171'] arrived @ sumotime 39500.0 seconds
['newVeh171'] arrived @ sumotime 39525.0 seconds
11:00:00
[INFO: transfer Visum-Sumo]: [(1.0, 100.0, 29.99513888888889, 2.0, 1.0), (-3.0, 100.0, 0.0, 3.0, 4.0), (5.0, 100.0, 0.0, 5.0, 4.0)] 
 [(3, 79)]
Umlegung ausgeführt
curVolumes: (110000, [(3, 79, 0)])
new vehicle172 @ 11:03:21 (sumoTime: 39801 seconds) on link 1 with path_nodes [1, 2, 3, 4] which means path_links [1, 2, 3]
['newVeh172'] arrived @ sumotime 39837.0 seconds
['newVeh172'] arrived @ sumotime 39838.0 seconds
['newVeh172'] arrived @ sumotime 39855.0 seconds
new vehicle173 @ 11:07:23 (sumoTime: 40043 seconds) on link 1 with path_nodes [1, 2, 3, 4] which means path_links [1, 2, 3]
['newVeh173'] arrived @ sumotime 40080.0 seconds
['newVeh173'] arrived @ sumotime 40081.0 seconds
new vehicle174 @ 11:08:11 (sumoTime: 40091 seconds) on link 1 with path_nodes [1, 2, 3, 4] which means path_links [1, 2, 3]
['newVeh173'] arrived @ sumotime 40100.0 seconds
['newVeh174'] arrived @ sumotime 40131.0 seconds
['newVeh174'] arrived @ sumotime 40132.0 seconds
['newVeh174'] arrived @ sumotime 40152.0 seconds
new vehicle175 @ 11:11:56 (sumoTime: 40316 seconds) on link 1 with path_nodes [1, 2, 3, 4] which means path_links [1, 2, 3]
['newVeh175'] arrived @ sumotime 40355.0 seconds
['newVeh175'] arrived @ sumotime 40373.0 seconds
['newVeh175'] arrived @ sumotime 40374.0 seconds
new vehicle176 @ 11:14:08 (sumoTime: 40448 seconds) on link 1 with path_nodes [1, 2, 3, 4] which means path_links [1, 2, 3]
['newVeh176'] arrived @ sumotime 40489.0 seconds
['newVeh176'] arrived @ sumotime 40490.0 seconds
['newVeh176'] arrived @ sumotime 40510.0 seconds
new vehicle177 @ 11:18:39 (sumoTime: 40719 seconds) on link 1 with path_nodes [1, 2, 3, 4] which means path_links [1, 2, 3]
['newVeh177'] arrived @ sumotime 40761.0 seconds
['newVeh177'] arrived @ sumotime 40762.0 seconds
['newVeh177'] arrived @ sumotime 40782.0 seconds
new vehicle178 @ 11:19:52 (sumoTime: 40792 seconds) on link 1 with path_nodes [1, 2, 3, 4] which means path_links [1, 2, 3]
new vehicle179 @ 11:19:56 (sumoTime: 40796 seconds) on link 1 with path_nodes [1, 2, 3, 4] which means path_links [1, 2, 3]
['newVeh178'] arrived @ sumotime 40829.0 seconds
['newVeh178'] arrived @ sumotime 40830.0 seconds
['newVeh179'] arrived @ sumotime 40843.0 seconds
['newVeh179'] arrived @ sumotime 40844.0 seconds
['newVeh178'] arrived @ sumotime 40848.0 seconds
['newVeh179'] arrived @ sumotime 40866.0 seconds
new vehicle180 @ 11:22:52 (sumoTime: 40972 seconds) on link 1 with path_nodes [1, 2, 3, 4] which means path_links [1, 2, 3]
new vehicle181 @ 11:23:01 (sumoTime: 40981 seconds) on link 1 with path_nodes [1, 2, 3, 4] which means path_links [1, 2, 3]
['newVeh180'] arrived @ sumotime 41012.0 seconds
['newVeh180'] arrived @ sumotime 41013.0 seconds
['newVeh181'] arrived @ sumotime 41020.0 seconds
['newVeh181'] arrived @ sumotime 41021.0 seconds
new vehicle182 @ 11:23:51 (sumoTime: 41031 seconds) on link 1 with path_nodes [1, 2, 3, 4] which means path_links [1, 2, 3]
['newVeh180'] arrived @ sumotime 41032.0 seconds
['newVeh181'] arrived @ sumotime 41039.0 seconds
['newVeh182'] arrived @ sumotime 41074.0 seconds
['newVeh182'] arrived @ sumotime 41075.0 seconds
['newVeh182'] arrived @ sumotime 41095.0 seconds
new vehicle183 @ 11:26:49 (sumoTime: 41209 seconds) on link 1 with path_nodes [1, 2, 3, 4] which means path_links [1, 2, 3]
['newVeh183'] arrived @ sumotime 41248.0 seconds
['newVeh183'] arrived @ sumotime 41249.0 seconds
['newVeh183'] arrived @ sumotime 41268.0 seconds
new vehicle184 @ 11:31:52 (sumoTime: 41512 seconds) on link 1 with path_nodes [1, 2, 3, 4] which means path_links [1, 2, 3]
['newVeh184'] arrived @ sumotime 41561.0 seconds
['newVeh184'] arrived @ sumotime 41562.0 seconds
new vehicle185 @ 11:32:59 (sumoTime: 41579 seconds) on link 1 with path_nodes [1, 2, 3, 4] which means path_links [1, 2, 3]
['newVeh184'] arrived @ sumotime 41584.0 seconds
['newVeh185'] arrived @ sumotime 41618.0 seconds
['newVeh185'] arrived @ sumotime 41619.0 seconds
['newVeh185'] arrived @ sumotime 41639.0 seconds
new vehicle186 @ 11:35:14 (sumoTime: 41714 seconds) on link 1 with path_nodes [1, 2, 3, 4] which means path_links [1, 2, 3]
new vehicle187 @ 11:35:29 (sumoTime: 41729 seconds) on link 1 with path_nodes [1, 2, 3, 4] which means path_links [1, 2, 3]
['newVeh186'] arrived @ sumotime 41758.0 seconds
new vehicle188 @ 11:35:59 (sumoTime: 41759 seconds) on link 1 with path_nodes [1, 2, 3, 4] which means path_links [1, 2, 3]
['newVeh186'] arrived @ sumotime 41759.0 seconds
['newVeh186'] arrived @ sumotime 41760.0 seconds
['newVeh187'] arrived @ sumotime 41772.0 seconds
['newVeh187'] arrived @ sumotime 41773.0 seconds
['newVeh186'] arrived @ sumotime 41782.0 seconds
['newVeh187'] arrived @ sumotime 41793.0 seconds
['newVeh188'] arrived @ sumotime 41799.0 seconds
['newVeh188'] arrived @ sumotime 41800.0 seconds
['newVeh188'] arrived @ sumotime 41819.0 seconds
new vehicle189 @ 11:43:15 (sumoTime: 42195 seconds) on link 1 with path_nodes [1, 2, 3, 4] which means path_links [1, 2, 3]
new vehicle190 @ 11:43:25 (sumoTime: 42205 seconds) on link 1 with path_nodes [1, 2, 3, 4] which means path_links [1, 2, 3]
new vehicle191 @ 11:44:02 (sumoTime: 42242 seconds) on link 1 with path_nodes [1, 2, 3, 4] which means path_links [1, 2, 3]
['newVeh189'] arrived @ sumotime 42244.0 seconds
['newVeh189'] arrived @ sumotime 42245.0 seconds
['newVeh189'] arrived @ sumotime 42246.0 seconds
['newVeh190'] arrived @ sumotime 42249.0 seconds
['newVeh190'] arrived @ sumotime 42250.0 seconds
['newVeh189'] arrived @ sumotime 42268.0 seconds
['newVeh190'] arrived @ sumotime 42272.0 seconds
['newVeh191'] arrived @ sumotime 42280.0 seconds
['newVeh191'] arrived @ sumotime 42281.0 seconds
['newVeh191'] arrived @ sumotime 42299.0 seconds
new vehicle192 @ 11:55:46 (sumoTime: 42946 seconds) on link 1 with path_nodes [1, 2, 3, 4] which means path_links [1, 2, 3]
new vehicle193 @ 11:55:57 (sumoTime: 42957 seconds) on link 1 with path_nodes [1, 2, 3, 4] which means path_links [1, 2, 3]
new vehicle194 @ 11:56:16 (sumoTime: 42976 seconds) on link 1 with path_nodes [1, 2, 3, 4] which means path_links [1, 2, 3]
['newVeh192'] arrived @ sumotime 42987.0 seconds
['newVeh192'] arrived @ sumotime 42988.0 seconds
['newVeh193'] arrived @ sumotime 42998.0 seconds
['newVeh193'] arrived @ sumotime 42999.0 seconds
['newVeh192'] arrived @ sumotime 43007.0 seconds
['newVeh194'] arrived @ sumotime 43017.0 seconds
['newVeh194'] arrived @ sumotime 43018.0 seconds
['newVeh193'] arrived @ sumotime 43019.0 seconds
['newVeh194'] arrived @ sumotime 43039.0 seconds
12:00:00
[INFO: transfer Visum-Sumo]: [(1.0, 100.0, 32.49513888888889, 2.0, 1.0), (-3.0, 100.0, 0.0, 3.0, 4.0), (5.0, 100.0, 0.0, 5.0, 4.0)] 
 [(3, 71)]
Umlegung ausgeführt
curVolumes: (120000, [(3, 71, 0)])
new vehicle195 @ 12:00:34 (sumoTime: 43234 seconds) on link 1 with path_nodes [1, 2, 3, 4] which means path_links [1, 2, 3]
new vehicle196 @ 12:00:54 (sumoTime: 43254 seconds) on link 1 with path_nodes [1, 2, 3, 4] which means path_links [1, 2, 3]
['newVeh195'] arrived @ sumotime 43260.0 seconds
['newVeh196'] arrived @ sumotime 43282.0 seconds
new vehicle197 @ 12:02:30 (sumoTime: 43350 seconds) on link 1 with path_nodes [1, 2, 3, 4] which means path_links [1, 2, 3]
new vehicle198 @ 12:02:33 (sumoTime: 43353 seconds) on link 1 with path_nodes [1, 2, 3, 4] which means path_links [1, 2, 3]
new vehicle199 @ 12:02:41 (sumoTime: 43361 seconds) on link 1 with path_nodes [1, 2, 3, 4] which means path_links [1, 2, 3]
['newVeh197'] arrived @ sumotime 43378.0 seconds
['newVeh198'] arrived @ sumotime 43381.0 seconds
['newVeh199'] arrived @ sumotime 43388.0 seconds
new vehicle200 @ 12:03:41 (sumoTime: 43421 seconds) on link 1 with path_nodes [1, 2, 3, 4] which means path_links [1, 2, 3]
['newVeh200'] arrived @ sumotime 43448.0 seconds
new vehicle201 @ 12:07:08 (sumoTime: 43628 seconds) on link 1 with path_nodes [1, 2, 3, 4] which means path_links [1, 2, 3]
['newVeh201'] arrived @ sumotime 43654.0 seconds
new vehicle202 @ 12:09:37 (sumoTime: 43777 seconds) on link 1 with path_nodes [1, 2, 3, 4] which means path_links [1, 2, 3]
['newVeh202'] arrived @ sumotime 43809.0 seconds
new vehicle203 @ 12:10:35 (sumoTime: 43835 seconds) on link 1 with path_nodes [1, 2, 3, 4] which means path_links [1, 2, 3]
new vehicle204 @ 12:10:53 (sumoTime: 43853 seconds) on link 1 with path_nodes [1, 2, 3, 4] which means path_links [1, 2, 3]
new vehicle205 @ 12:10:58 (sumoTime: 43858 seconds) on link 1 with path_nodes [1, 2, 3, 4] which means path_links [1, 2, 3]
['newVeh203'] arrived @ sumotime 43864.0 seconds
['newVeh204'] arrived @ sumotime 43880.0 seconds
['newVeh205'] arrived @ sumotime 43884.0 seconds
new vehicle206 @ 12:11:30 (sumoTime: 43890 seconds) on link 1 with path_nodes [1, 2, 3, 4] which means path_links [1, 2, 3]
['newVeh206'] arrived @ sumotime 43916.0 seconds
new vehicle207 @ 12:12:16 (sumoTime: 43936 seconds) on link 1 with path_nodes [1, 2, 3, 4] which means path_links [1, 2, 3]
['newVeh207'] arrived @ sumotime 43963.0 seconds
new vehicle208 @ 12:12:48 (sumoTime: 43968 seconds) on link 1 with path_nodes [1, 2, 3, 4] which means path_links [1, 2, 3]
['newVeh208'] arrived @ sumotime 43995.0 seconds
new vehicle209 @ 12:14:34 (sumoTime: 44074 seconds) on link 1 with path_nodes [1, 2, 3, 4] which means path_links [1, 2, 3]
['newVeh209'] arrived @ sumotime 44101.0 seconds
new vehicle210 @ 12:18:23 (sumoTime: 44303 seconds) on link 1 with path_nodes [1, 2, 3, 4] which means path_links [1, 2, 3]
['newVeh210'] arrived @ sumotime 44330.0 seconds
new vehicle211 @ 12:22:06 (sumoTime: 44526 seconds) on link 1 with path_nodes [1, 2, 3, 4] which means path_links [1, 2, 3]
new vehicle212 @ 12:22:06 (sumoTime: 44526 seconds) on link 1 with path_nodes [1, 2, 3, 4] which means path_links [1, 2, 3]
['newVeh211'] arrived @ sumotime 44551.0 seconds
['newVeh212'] arrived @ sumotime 44556.0 seconds
new vehicle213 @ 12:22:54 (sumoTime: 44574 seconds) on link 1 with path_nodes [1, 2, 3, 4] which means path_links [1, 2, 3]
['newVeh213'] arrived @ sumotime 44605.0 seconds
new vehicle214 @ 12:24:50 (sumoTime: 44690 seconds) on link 1 with path_nodes [1, 2, 3, 4] which means path_links [1, 2, 3]
['newVeh214'] arrived @ sumotime 44719.0 seconds
new vehicle215 @ 12:26:19 (sumoTime: 44779 seconds) on link 1 with path_nodes [1, 2, 3, 4] which means path_links [1, 2, 3]
['newVeh215'] arrived @ sumotime 44805.0 seconds
new vehicle216 @ 12:27:34 (sumoTime: 44854 seconds) on link 1 with path_nodes [1, 2, 3, 4] which means path_links [1, 2, 3]
['newVeh216'] arrived @ sumotime 44882.0 seconds
new vehicle217 @ 12:28:15 (sumoTime: 44895 seconds) on link 1 with path_nodes [1, 2, 3, 4] which means path_links [1, 2, 3]
['newVeh217'] arrived @ sumotime 44922.0 seconds
new vehicle218 @ 12:29:49 (sumoTime: 44989 seconds) on link 1 with path_nodes [1, 2, 3, 4] which means path_links [1, 2, 3]
new vehicle219 @ 12:29:52 (sumoTime: 44992 seconds) on link 1 with path_nodes [1, 2, 3, 4] which means path_links [1, 2, 3]
new vehicle220 @ 12:30:16 (sumoTime: 45016 seconds) on link 1 with path_nodes [1, 2, 3, 4] which means path_links [1, 2, 3]
['newVeh218'] arrived @ sumotime 45017.0 seconds
['newVeh219'] arrived @ sumotime 45021.0 seconds
['newVeh220'] arrived @ sumotime 45043.0 seconds
new vehicle221 @ 12:31:02 (sumoTime: 45062 seconds) on link 1 with path_nodes [1, 2, 3, 4] which means path_links [1, 2, 3]
['newVeh221'] arrived @ sumotime 45089.0 seconds
new vehicle222 @ 12:35:48 (sumoTime: 45348 seconds) on link 1 with path_nodes [1, 2, 3, 4] which means path_links [1, 2, 3]
['newVeh222'] arrived @ sumotime 45380.0 seconds
new vehicle223 @ 12:36:21 (sumoTime: 45381 seconds) on link 1 with path_nodes [1, 2, 3, 4] which means path_links [1, 2, 3]
['newVeh223'] arrived @ sumotime 45410.0 seconds
new vehicle224 @ 12:39:13 (sumoTime: 45553 seconds) on link 1 with path_nodes [1, 2, 3, 4] which means path_links [1, 2, 3]
['newVeh224'] arrived @ sumotime 45580.0 seconds
new vehicle225 @ 12:41:37 (sumoTime: 45697 seconds) on link 1 with path_nodes [1, 2, 3, 4] which means path_links [1, 2, 3]
['newVeh225'] arrived @ sumotime 45723.0 seconds
new vehicle226 @ 12:43:52 (sumoTime: 45832 seconds) on link 1 with path_nodes [1, 2, 3, 4] which means path_links [1, 2, 3]
['newVeh226'] arrived @ sumotime 45857.0 seconds
new vehicle227 @ 12:44:18 (sumoTime: 45858 seconds) on link 1 with path_nodes [1, 2, 3, 4] which means path_links [1, 2, 3]
new vehicle228 @ 12:44:26 (sumoTime: 45866 seconds) on link 1 with path_nodes [1, 2, 3, 4] which means path_links [1, 2, 3]
['newVeh227'] arrived @ sumotime 45884.0 seconds
['newVeh228'] arrived @ sumotime 45893.0 seconds
new vehicle229 @ 12:47:22 (sumoTime: 46042 seconds) on link 1 with path_nodes [1, 2, 3, 4] which means path_links [1, 2, 3]
new vehicle230 @ 12:47:42 (sumoTime: 46062 seconds) on link 1 with path_nodes [1, 2, 3, 4] which means path_links [1, 2, 3]
new vehicle231 @ 12:47:46 (sumoTime: 46066 seconds) on link 1 with path_nodes [1, 2, 3, 4] which means path_links [1, 2, 3]
['newVeh229'] arrived @ sumotime 46070.0 seconds
['newVeh230'] arrived @ sumotime 46089.0 seconds
['newVeh231'] arrived @ sumotime 46093.0 seconds
new vehicle232 @ 12:49:29 (sumoTime: 46169 seconds) on link 1 with path_nodes [1, 2, 3, 4] which means path_links [1, 2, 3]
['newVeh232'] arrived @ sumotime 46196.0 seconds
new vehicle233 @ 12:51:00 (sumoTime: 46260 seconds) on link 1 with path_nodes [1, 2, 3, 4] which means path_links [1, 2, 3]
['newVeh233'] arrived @ sumotime 46286.0 seconds
new vehicle234 @ 12:51:33 (sumoTime: 46293 seconds) on link 1 with path_nodes [1, 2, 3, 4] which means path_links [1, 2, 3]
['newVeh234'] arrived @ sumotime 46324.0 seconds
new vehicle235 @ 12:53:24 (sumoTime: 46404 seconds) on link 1 with path_nodes [1, 2, 3, 4] which means path_links [1, 2, 3]
['newVeh235'] arrived @ sumotime 46431.0 seconds
new vehicle236 @ 12:55:02 (sumoTime: 46502 seconds) on link 1 with path_nodes [1, 2, 3, 4] which means path_links [1, 2, 3]
['newVeh236'] arrived @ sumotime 46529.0 seconds
new vehicle237 @ 12:56:02 (sumoTime: 46562 seconds) on link 1 with path_nodes [1, 2, 3, 4] which means path_links [1, 2, 3]
['newVeh237'] arrived @ sumotime 46589.0 seconds
new vehicle238 @ 12:56:32 (sumoTime: 46592 seconds) on link 1 with path_nodes [1, 2, 3, 4] which means path_links [1, 2, 3]
['newVeh238'] arrived @ sumotime 46618.0 seconds
13:00:00
[INFO: transfer Visum-Sumo]: [(1.0, 100.0, 34.99513888888889, 2.0, 1.0), (-3.0, 100.0, 0.0, 3.0, 4.0), (5.0, 100.0, 0.0, 5.0, 4.0)] 
 [(3, 44)]
Umlegung ausgeführt
curVolumes: (130000, [(3, 44, 0)])
new vehicle239 @ 13:01:07 (sumoTime: 46867 seconds) on link 1 with path_nodes [1, 2, 3, 4] which means path_links [1, 2, 3]
['newVeh239'] arrived @ sumotime 46894.0 seconds
new vehicle240 @ 13:02:43 (sumoTime: 46963 seconds) on link 1 with path_nodes [1, 2, 3, 4] which means path_links [1, 2, 3]
['newVeh240'] arrived @ sumotime 46993.0 seconds
new vehicle241 @ 13:05:44 (sumoTime: 47144 seconds) on link 1 with path_nodes [1, 2, 3, 4] which means path_links [1, 2, 3]
new vehicle242 @ 13:05:59 (sumoTime: 47159 seconds) on link 1 with path_nodes [1, 2, 3, 4] which means path_links [1, 2, 3]
['newVeh241'] arrived @ sumotime 47172.0 seconds
['newVeh242'] arrived @ sumotime 47186.0 seconds
new vehicle243 @ 13:08:16 (sumoTime: 47296 seconds) on link 1 with path_nodes [1, 2, 3, 4] which means path_links [1, 2, 3]
['newVeh243'] arrived @ sumotime 47322.0 seconds
['newVeh243'] arrived @ sumotime 47323.0 seconds
new vehicle244 @ 13:09:46 (sumoTime: 47386 seconds) on link 1 with path_nodes [1, 2, 3, 4] which means path_links [1, 2, 3]
['newVeh244'] arrived @ sumotime 47413.0 seconds
new vehicle245 @ 13:10:14 (sumoTime: 47414 seconds) on link 1 with path_nodes [1, 2, 3, 4] which means path_links [1, 2, 3]
['newVeh245'] arrived @ sumotime 47443.0 seconds
new vehicle246 @ 13:11:00 (sumoTime: 47460 seconds) on link 1 with path_nodes [1, 2, 3, 4] which means path_links [1, 2, 3]
['newVeh246'] arrived @ sumotime 47486.0 seconds
new vehicle247 @ 13:12:27 (sumoTime: 47547 seconds) on link 1 with path_nodes [1, 2, 3, 4] which means path_links [1, 2, 3]
['newVeh247'] arrived @ sumotime 47573.0 seconds
new vehicle248 @ 13:20:00 (sumoTime: 48000 seconds) on link 1 with path_nodes [1, 2, 3, 4] which means path_links [1, 2, 3]
['newVeh248'] arrived @ sumotime 48025.0 seconds
new vehicle249 @ 13:24:20 (sumoTime: 48260 seconds) on link 1 with path_nodes [1, 2, 3, 4] which means path_links [1, 2, 3]
new vehicle250 @ 13:24:29 (sumoTime: 48269 seconds) on link 1 with path_nodes [1, 2, 3, 4] which means path_links [1, 2, 3]
['newVeh249'] arrived @ sumotime 48286.0 seconds
['newVeh250'] arrived @ sumotime 48296.0 seconds
new vehicle251 @ 13:29:38 (sumoTime: 48578 seconds) on link 1 with path_nodes [1, 2, 3, 4] which means path_links [1, 2, 3]
['newVeh251'] arrived @ sumotime 48609.0 seconds
new vehicle252 @ 13:30:43 (sumoTime: 48643 seconds) on link 1 with path_nodes [1, 2, 3, 4] which means path_links [1, 2, 3]
['newVeh252'] arrived @ sumotime 48670.0 seconds
['newVeh252'] arrived @ sumotime 48671.0 seconds
new vehicle253 @ 13:31:59 (sumoTime: 48719 seconds) on link 1 with path_nodes [1, 2, 3, 4] which means path_links [1, 2, 3]
['newVeh253'] arrived @ sumotime 48745.0 seconds
new vehicle254 @ 13:34:13 (sumoTime: 48853 seconds) on link 1 with path_nodes [1, 2, 3, 4] which means path_links [1, 2, 3]
['newVeh254'] arrived @ sumotime 48880.0 seconds
new vehicle255 @ 13:40:12 (sumoTime: 49212 seconds) on link 1 with path_nodes [1, 2, 3, 4] which means path_links [1, 2, 3]
['newVeh255'] arrived @ sumotime 49238.0 seconds
new vehicle256 @ 13:41:15 (sumoTime: 49275 seconds) on link 1 with path_nodes [1, 2, 3, 4] which means path_links [1, 2, 3]
['newVeh256'] arrived @ sumotime 49302.0 seconds
new vehicle257 @ 13:41:49 (sumoTime: 49309 seconds) on link 1 with path_nodes [1, 2, 3, 4] which means path_links [1, 2, 3]
['newVeh257'] arrived @ sumotime 49336.0 seconds
new vehicle258 @ 13:45:05 (sumoTime: 49505 seconds) on link 1 with path_nodes [1, 2, 3, 4] which means path_links [1, 2, 3]
['newVeh258'] arrived @ sumotime 49534.0 seconds
new vehicle259 @ 13:52:18 (sumoTime: 49938 seconds) on link 1 with path_nodes [1, 2, 3, 4] which means path_links [1, 2, 3]
['newVeh259'] arrived @ sumotime 49965.0 seconds
new vehicle260 @ 13:53:07 (sumoTime: 49987 seconds) on link 1 with path_nodes [1, 2, 3, 4] which means path_links [1, 2, 3]
['newVeh260'] arrived @ sumotime 50017.0 seconds
new vehicle261 @ 13:53:39 (sumoTime: 50019 seconds) on link 1 with path_nodes [1, 2, 3, 4] which means path_links [1, 2, 3]
new vehicle262 @ 13:53:51 (sumoTime: 50031 seconds) on link 1 with path_nodes [1, 2, 3, 4] which means path_links [1, 2, 3]
['newVeh261'] arrived @ sumotime 50049.0 seconds
['newVeh262'] arrived @ sumotime 50058.0 seconds
new vehicle263 @ 13:55:54 (sumoTime: 50154 seconds) on link 1 with path_nodes [1, 2, 3, 4] which means path_links [1, 2, 3]
['newVeh263'] arrived @ sumotime 50181.0 seconds
new vehicle264 @ 13:57:58 (sumoTime: 50278 seconds) on link 1 with path_nodes [1, 2, 3, 4] which means path_links [1, 2, 3]
['newVeh264'] arrived @ sumotime 50305.0 seconds
14:00:00
[INFO: transfer Visum-Sumo]: [(1.0, 100.0, 37.49513888888889, 2.0, 1.0), (-3.0, 100.0, 0.0, 3.0, 4.0), (5.0, 100.0, 0.0, 5.0, 4.0)] 
 [(3, 28)]
Umlegung ausgeführt
curVolumes: (140000, [(3, 28, 0)])
new vehicle265 @ 14:01:08 (sumoTime: 50468 seconds) on link 1 with path_nodes [1, 2, 3, 4] which means path_links [1, 2, 3]
['newVeh265'] arrived @ sumotime 50495.0 seconds
new vehicle266 @ 14:05:37 (sumoTime: 50737 seconds) on link 1 with path_nodes [1, 2, 3, 4] which means path_links [1, 2, 3]
['newVeh266'] arrived @ sumotime 50761.0 seconds
new vehicle267 @ 14:07:20 (sumoTime: 50840 seconds) on link 1 with path_nodes [1, 2, 3, 4] which means path_links [1, 2, 3]
['newVeh267'] arrived @ sumotime 50868.0 seconds
new vehicle268 @ 14:12:16 (sumoTime: 51136 seconds) on link 1 with path_nodes [1, 2, 3, 4] which means path_links [1, 2, 3]
['newVeh268'] arrived @ sumotime 51162.0 seconds
new vehicle269 @ 14:13:53 (sumoTime: 51233 seconds) on link 1 with path_nodes [1, 2, 3, 4] which means path_links [1, 2, 3]
['newVeh269'] arrived @ sumotime 51263.0 seconds
new vehicle270 @ 14:20:07 (sumoTime: 51607 seconds) on link 1 with path_nodes [1, 2, 3, 4] which means path_links [1, 2, 3]
['newVeh270'] arrived @ sumotime 51634.0 seconds
new vehicle271 @ 14:23:16 (sumoTime: 51796 seconds) on link 1 with path_nodes [1, 2, 3, 4] which means path_links [1, 2, 3]
new vehicle272 @ 14:23:24 (sumoTime: 51804 seconds) on link 1 with path_nodes [1, 2, 3, 4] which means path_links [1, 2, 3]
['newVeh271'] arrived @ sumotime 51823.0 seconds
['newVeh272'] arrived @ sumotime 51832.0 seconds
new vehicle273 @ 14:30:38 (sumoTime: 52238 seconds) on link 1 with path_nodes [1, 2, 3, 4] which means path_links [1, 2, 3]
new vehicle274 @ 14:31:05 (sumoTime: 52265 seconds) on link 1 with path_nodes [1, 2, 3, 4] which means path_links [1, 2, 3]
['newVeh273'] arrived @ sumotime 52269.0 seconds
['newVeh274'] arrived @ sumotime 52291.0 seconds
new vehicle275 @ 14:31:50 (sumoTime: 52310 seconds) on link 1 with path_nodes [1, 2, 3, 4] which means path_links [1, 2, 3]
['newVeh275'] arrived @ sumotime 52337.0 seconds
new vehicle276 @ 14:33:22 (sumoTime: 52402 seconds) on link 1 with path_nodes [1, 2, 3, 4] which means path_links [1, 2, 3]
['newVeh276'] arrived @ sumotime 52429.0 seconds
new vehicle277 @ 14:33:55 (sumoTime: 52435 seconds) on link 1 with path_nodes [1, 2, 3, 4] which means path_links [1, 2, 3]
new vehicle278 @ 14:34:06 (sumoTime: 52446 seconds) on link 1 with path_nodes [1, 2, 3, 4] which means path_links [1, 2, 3]
['newVeh277'] arrived @ sumotime 52461.0 seconds
['newVeh277'] arrived @ sumotime 52462.0 seconds
['newVeh278'] arrived @ sumotime 52474.0 seconds
new vehicle279 @ 14:34:36 (sumoTime: 52476 seconds) on link 1 with path_nodes [1, 2, 3, 4] which means path_links [1, 2, 3]
new vehicle280 @ 14:35:00 (sumoTime: 52500 seconds) on link 1 with path_nodes [1, 2, 3, 4] which means path_links [1, 2, 3]
['newVeh279'] arrived @ sumotime 52504.0 seconds
new vehicle281 @ 14:35:29 (sumoTime: 52529 seconds) on link 1 with path_nodes [1, 2, 3, 4] which means path_links [1, 2, 3]
['newVeh280'] arrived @ sumotime 52530.0 seconds
['newVeh281'] arrived @ sumotime 52557.0 seconds
new vehicle282 @ 14:36:52 (sumoTime: 52612 seconds) on link 1 with path_nodes [1, 2, 3, 4] which means path_links [1, 2, 3]
['newVeh282'] arrived @ sumotime 52640.0 seconds
new vehicle283 @ 14:38:48 (sumoTime: 52728 seconds) on link 1 with path_nodes [1, 2, 3, 4] which means path_links [1, 2, 3]
['newVeh283'] arrived @ sumotime 52753.0 seconds
new vehicle284 @ 14:41:26 (sumoTime: 52886 seconds) on link 1 with path_nodes [1, 2, 3, 4] which means path_links [1, 2, 3]
new vehicle285 @ 14:41:47 (sumoTime: 52907 seconds) on link 1 with path_nodes [1, 2, 3, 4] which means path_links [1, 2, 3]
['newVeh284'] arrived @ sumotime 52914.0 seconds
new vehicle286 @ 14:41:56 (sumoTime: 52916 seconds) on link 1 with path_nodes [1, 2, 3, 4] which means path_links [1, 2, 3]
new vehicle287 @ 14:41:57 (sumoTime: 52917 seconds) on link 1 with path_nodes [1, 2, 3, 4] which means path_links [1, 2, 3]
new vehicle288 @ 14:42:06 (sumoTime: 52926 seconds) on link 1 with path_nodes [1, 2, 3, 4] which means path_links [1, 2, 3]
['newVeh285'] arrived @ sumotime 52938.0 seconds
['newVeh286'] arrived @ sumotime 52942.0 seconds
['newVeh287'] arrived @ sumotime 52945.0 seconds
['newVeh288'] arrived @ sumotime 52957.0 seconds
new vehicle289 @ 14:45:42 (sumoTime: 53142 seconds) on link 1 with path_nodes [1, 2, 3, 4] which means path_links [1, 2, 3]
['newVeh289'] arrived @ sumotime 53170.0 seconds
new vehicle290 @ 14:46:31 (sumoTime: 53191 seconds) on link 1 with path_nodes [1, 2, 3, 4] which means path_links [1, 2, 3]
['newVeh290'] arrived @ sumotime 53217.0 seconds
new vehicle291 @ 14:47:39 (sumoTime: 53259 seconds) on link 1 with path_nodes [1, 2, 3, 4] which means path_links [1, 2, 3]
['newVeh291'] arrived @ sumotime 53287.0 seconds
['newVeh291'] arrived @ sumotime 53288.0 seconds
new vehicle292 @ 14:48:19 (sumoTime: 53299 seconds) on link 1 with path_nodes [1, 2, 3, 4] which means path_links [1, 2, 3]
['newVeh292'] arrived @ sumotime 53324.0 seconds
new vehicle293 @ 14:49:10 (sumoTime: 53350 seconds) on link 1 with path_nodes [1, 2, 3, 4] which means path_links [1, 2, 3]
new vehicle294 @ 14:49:41 (sumoTime: 53381 seconds) on link 1 with path_nodes [1, 2, 3, 4] which means path_links [1, 2, 3]
['newVeh293'] arrived @ sumotime 53381.0 seconds
['newVeh294'] arrived @ sumotime 53410.0 seconds
new vehicle295 @ 14:50:16 (sumoTime: 53416 seconds) on link 1 with path_nodes [1, 2, 3, 4] which means path_links [1, 2, 3]
new vehicle296 @ 14:50:38 (sumoTime: 53438 seconds) on link 1 with path_nodes [1, 2, 3, 4] which means path_links [1, 2, 3]
['newVeh295'] arrived @ sumotime 53441.0 seconds
['newVeh296'] arrived @ sumotime 53464.0 seconds
Gesamte Auslastung: 296
Summe erzeugter Fahrzeuge: 297
-> Fahrzeuge verloren: -1
Tupel bestehend aus: VolVisum, geplantesVolSumo, avgArrTimeVisum, avgArrTimeSumo
Link: 1 -> [(2, 4, 1800, 1411), (5, 4, 720, 747), (7, 8, 514, 592), (10, 9, 360, 427), (12, 14, 300, 296), (15, 22, 240, 199), (17, 21, 211, 171), (20, 22, 180, 158), (22, 27, 163, 133), (25, 25, 144, 156), (27, 27, 133, 134), (30, 24, 120, 147), (32, 45, 112, 81), (35, 27, 102, 139), (37, 33, 97, 115)]
Link: 3 -> []
Link: 5 -> []
VolumenInSumo: [(4248, ['1', '2', '3']), (5036, ['1', '2', '3']), (5819, ['1', '2', '3']), (13446, ['1', '2', '3']), (14619, ['1', '2', '3']), (14620, ['1', '2', '3']), (20047, ['1', '2', '3']), (21428, ['1', '2', '3']), (22908, ['1', '2', '3']), (23113, ['1', '2', '3']), (23143, ['1', '2', '3']), (24019, ['1', '2', '3']), (25140, ['1', '2', '3']), (30505, ['1', '2', '3']), (32255, ['1', '2', '3']), (32851, ['1', '2', '3']), (33725, ['1', '2', '3']), (34024, ['1', '2', '3']), (34736, ['1', '2', '3']), (34800, ['1', '2', '3']), (35311, ['1', '2', '3']), (40604, ['1', '2', '3']), (42245, ['1', '2', '3']), (42507, ['1', '2', '3']), (42513, ['1', '2', '3']), (42827, ['1', '2', '3']), (43717, ['1', '2', '3']), (43954, ['1', '2', '3']), (44335, ['1', '2', '3']), (44634, ['1', '2', '3']), (44839, ['1', '2', '3']), (45358, ['1', '2', '3']), (45632, ['1', '2', '3']), (45821, ['1', '2', '3']), (50037, ['1', '2', '3']), (50113, ['1', '2', '3']), (50433, ['1', '2', '3']), (50819, ['1', '2', '3']), (50850, ['1', '2', '3']), (50931, ['1', '2', '3']), (51142, ['1', '2', '3']), (51620, ['1', '2', '3']), (51722, ['1', '2', '3']), (52232, ['1', '2', '3']), (53128, ['1', '2', '3']), (53447, ['1', '2', '3']), (53508, ['1', '2', '3']), (53849, ['1', '2', '3']), (54011, ['1', '2', '3']), (54313, ['1', '2', '3']), (54830, ['1', '2', '3']), (55103, ['1', '2', '3']), (55233, ['1', '2', '3']), (55310, ['1', '2', '3']), (55619, ['1', '2', '3']), (60344, ['1', '2', '3']), (60857, ['1', '2', '3']), (61021, ['1', '2', '3']), (61228, ['1', '2', '3']), (61646, ['1', '2', '3']), (62136, ['1', '2', '3']), (62421, ['1', '2', '3']), (62612, ['1', '2', '3']), (63015, ['1', '2', '3']), (64210, ['1', '2', '3']), (64452, ['1', '2', '3']), (64606, ['1', '2', '3']), (64658, ['1', '2', '3']), (64936, ['1', '2', '3']), (65201, ['1', '2', '3']), (65216, ['1', '2', '3']), (65313, ['1', '2', '3']), (65606, ['1', '2', '3']), (65647, ['1', '2', '3']), (65912, ['1', '2', '3']), (70602, ['1', '2', '3']), (70909, ['1', '2', '3']), (71327, ['1', '2', '3']), (71500, ['1', '2', '3']), (71550, ['1', '2', '3']), (71613, ['1', '2', '3']), (72913, ['1', '2', '3']), (72930, ['1', '2', '3']), (73008, ['1', '2', '3']), (73017, ['1', '2', '3']), (73442, ['1', '2', '3']), (73444, ['1', '2', '3']), (73509, ['1', '2', '3']), (73545, ['1', '2', '3']), (73947, ['1', '2', '3']), (74125, ['1', '2', '3']), (74844, ['1', '2', '3']), (75120, ['1', '2', '3']), (75355, ['1', '2', '3']), (75547, ['1', '2', '3']), (75724, ['1', '2', '3']), (80306, ['1', '9', '-5', '-3', '3']), (80310, ['1', '9', '-5', '-3', '3']), (80440, ['1', '9', '-5', '-3', '3']), (80440, ['1', '9', '-5', '-3', '3']), (80816, ['1', '9', '-5', '-3', '3']), (80903, ['1', '9', '-5', '-3', '3']), (81202, ['1', '9', '-5', '-3', '3']), (81411, ['1', '9', '-5', '-3', '3']), (81604, ['1', '9', '-5', '-3', '3']), (81858, ['1', '9', '-5', '-3', '3']), (82019, ['1', '9', '-5', '-3', '3']), (82401, ['1', '9', '-5', '-3', '3']), (82421, ['1', '9', '-5', '-3', '3']), (82529, ['1', '9', '-5', '-3', '3']), (82914, ['1', '9', '-5', '-3', '3']), (82952, ['1', '9', '-5', '-3', '3']), (83357, ['1', '9', '-5', '-3', '3']), (83539, ['1', '9', '-5', '-3', '3']), (83606, ['1', '9', '-5', '-3', '3']), (83820, ['1', '9', '-5', '-3', '3']), (83854, ['1', '9', '-5', '-3', '3']), (83915, ['1', '9', '-5', '-3', '3']), (83938, ['1', '9', '-5', '-3', '3']), (84005, ['1', '9', '-5', '-3', '3']), (84032, ['1', '9', '-5', '-3', '3']), (85708, ['1', '9', '-5', '-3', '3']), (90110, ['1', '9', '-5', '-3', '3']), (90525, ['1', '9', '-5', '-3', '3']), (90758, ['1', '9', '-5', '-3', '3']), (90802, ['1', '9', '-5', '-3', '3']), (90929, ['1', '9', '-5', '-3', '3']), (90959, ['1', '9', '-5', '-3', '3']), (91108, ['1', '9', '-5', '-3', '3']), (91338, ['1', '9', '-5', '-3', '3']), (92122, ['1', '9', '-5', '-3', '3']), (92306, ['1', '9', '-5', '-3', '3']), (92454, ['1', '9', '-5', '-3', '3']), (92510, ['1', '9', '-5', '-3', '3']), (92528, ['1', '9', '-5', '-3', '3']), (92827, ['1', '9', '-5', '-3', '3']), (93148, ['1', '9', '-5', '-3', '3']), (93226, ['1', '9', '-5', '-3', '3']), (93505, ['1', '9', '-5', '-3', '3']), (93809, ['1', '9', '-5', '-3', '3']), (93826, ['1', '9', '-5', '-3', '3']), (94219, ['1', '9', '-5', '-3', '3']), (94420, ['1', '9', '-5', '-3', '3']), (95347, ['1', '9', '-5', '-3', '3']), (95350, ['1', '9', '-5', '-3', '3']), (95713, ['1', '9', '-5', '-3', '3']), (100201, ['1', '9', '-5', '-3', '3']), (100308, ['1', '9', '-5', '-3', '3']), (100332, ['1', '9', '-5', '-3', '3']), (100705, ['1', '9', '-5', '-3', '3']), (100955, ['1', '9', '-5', '-3', '3']), (101202, ['1', '9', '-5', '-3', '3']), (101428, ['1', '9', '-5', '-3', '3']), (101512, ['1', '9', '-5', '-3', '3']), (101745, ['1', '9', '-5', '-3', '3']), (101804, ['1', '9', '-5', '-3', '3']), (102055, ['1', '9', '-5', '-3', '3']), (102514, ['1', '9', '-5', '-3', '3']), (102944, ['1', '9', '-5', '-3', '3']), (103003, ['1', '9', '-5', '-3', '3']), (103224, ['1', '9', '-5', '-3', '3']), (103554, ['1', '9', '-5', '-3', '3']), (103618, ['1', '9', '-5', '-3', '3']), (103643, ['1', '9', '-5', '-3', '3']), (104149, ['1', '9', '-5', '-3', '3']), (104222, ['1', '9', '-5', '-3', '3']), (104438, ['1', '9', '-5', '-3', '3']), (105425, ['1', '9', '-5', '-3', '3']), (105553, ['1', '9', '-5', '-3', '3']), (105557, ['1', '9', '-5', '-3', '3']), (105609, ['1', '9', '-5', '-3', '3']), (105728, ['1', '9', '-5', '-3', '3']), (110321, ['1', '9', '-5', '-3', '3']), (110723, ['1', '9', '-5', '-3', '3']), (110811, ['1', '9', '-5', '-3', '3']), (111156, ['1', '9', '-5', '-3', '3']), (111408, ['1', '9', '-5', '-3', '3']), (111839, ['1', '9', '-5', '-3', '3']), (111952, ['1', '9', '-5', '-3', '3']), (111956, ['1', '9', '-5', '-3', '3']), (112252, ['1', '9', '-5', '-3', '3']), (112301, ['1', '9', '-5', '-3', '3']), (112351, ['1', '9', '-5', '-3', '3']), (112649, ['1', '9', '-5', '-3', '3']), (113152, ['1', '9', '-5', '-3', '3']), (113259, ['1', '9', '-5', '-3', '3']), (113514, ['1', '9', '-5', '-3', '3']), (113529, ['1', '9', '-5', '-3', '3']), (113559, ['1', '9', '-5', '-3', '3']), (114315, ['1', '9', '-5', '-3', '3']), (114325, ['1', '9', '-5', '-3', '3']), (114402, ['1', '9', '-5', '-3', '3']), (115546, ['1', '9', '-5', '-3', '3']), (115557, ['1', '9', '-5', '-3', '3']), (115616, ['1', '9', '-5', '-3', '3']), (120034, ['1', '2', '3']), (120054, ['1', '2', '3']), (120230, ['1', '2', '3']), (120233, ['1', '2', '3']), (120241, ['1', '2', '3']), (120341, ['1', '2', '3']), (120708, ['1', '2', '3']), (120937, ['1', '2', '3']), (121035, ['1', '2', '3']), (121053, ['1', '2', '3']), (121058, ['1', '2', '3']), (121130, ['1', '2', '3']), (121216, ['1', '2', '3']), (121248, ['1', '2', '3']), (121434, ['1', '2', '3']), (121823, ['1', '2', '3']), (122206, ['1', '2', '3']), (122206, ['1', '2', '3']), (122254, ['1', '2', '3']), (122450, ['1', '2', '3']), (122619, ['1', '2', '3']), (122734, ['1', '2', '3']), (122815, ['1', '2', '3']), (122949, ['1', '2', '3']), (122952, ['1', '2', '3']), (123016, ['1', '2', '3']), (123102, ['1', '2', '3']), (123548, ['1', '2', '3']), (123621, ['1', '2', '3']), (123913, ['1', '2', '3']), (124137, ['1', '2', '3']), (124352, ['1', '2', '3']), (124418, ['1', '2', '3']), (124426, ['1', '2', '3']), (124722, ['1', '2', '3']), (124742, ['1', '2', '3']), (124746, ['1', '2', '3']), (124929, ['1', '2', '3']), (125100, ['1', '2', '3']), (125133, ['1', '2', '3']), (125324, ['1', '2', '3']), (125502, ['1', '2', '3']), (125602, ['1', '2', '3']), (125632, ['1', '2', '3']), (130107, ['1', '2', '3']), (130243, ['1', '2', '3']), (130544, ['1', '2', '3']), (130559, ['1', '2', '3']), (130816, ['1', '2', '3']), (130946, ['1', '2', '3']), (131014, ['1', '2', '3']), (131100, ['1', '2', '3']), (131227, ['1', '2', '3']), (132000, ['1', '2', '3']), (132420, ['1', '2', '3']), (132429, ['1', '2', '3']), (132938, ['1', '2', '3']), (133043, ['1', '2', '3']), (133159, ['1', '2', '3']), (133413, ['1', '2', '3']), (134012, ['1', '2', '3']), (134115, ['1', '2', '3']), (134149, ['1', '2', '3']), (134505, ['1', '2', '3']), (135218, ['1', '2', '3']), (135307, ['1', '2', '3']), (135339, ['1', '2', '3']), (135351, ['1', '2', '3']), (135554, ['1', '2', '3']), (135758, ['1', '2', '3']), (140108, ['1', '2', '3']), (140537, ['1', '2', '3']), (140720, ['1', '2', '3']), (141216, ['1', '2', '3']), (141353, ['1', '2', '3']), (142007, ['1', '2', '3']), (142316, ['1', '2', '3']), (142324, ['1', '2', '3']), (143038, ['1', '2', '3']), (143105, ['1', '2', '3']), (143150, ['1', '2', '3']), (143322, ['1', '2', '3']), (143355, ['1', '2', '3']), (143406, ['1', '2', '3']), (143436, ['1', '2', '3']), (143500, ['1', '2', '3']), (143529, ['1', '2', '3']), (143652, ['1', '2', '3']), (143848, ['1', '2', '3']), (144126, ['1', '2', '3']), (144147, ['1', '2', '3']), (144156, ['1', '2', '3']), (144157, ['1', '2', '3']), (144206, ['1', '2', '3']), (144542, ['1', '2', '3']), (144631, ['1', '2', '3']), (144739, ['1', '2', '3']), (144819, ['1', '2', '3']), (144910, ['1', '2', '3']), (144941, ['1', '2', '3']), (145016, ['1', '2', '3']), (145038, ['1', '2', '3'])]
2 -> 3 : [(10000, 2), (20000, 4), (30000, 7), (40000, 8), (50000, 12), (60000, 15), (70000, 17), (80000, 20), (90000, 22), (100000, 25), (110000, 27), (120000, 30), (130000, 32), (140000, 28)]
2 -> 5 : [(10000, 0), (20000, 1), (30000, 0), (40000, 2), (50000, 0), (60000, 0), (70000, 0), (80000, 0), (90000, 0), (100000, 0), (110000, 0), (120000, 0), (130000, 0), (140000, 7)]
2 -> 6 : [(10000, 0), (20000, 0), (30000, 0), (40000, 0), (50000, 0), (60000, 0), (70000, 0), (80000, 0), (90000, 0), (100000, 0), (110000, 0), (120000, 0), (130000, 0), (140000, 0)]
3 -> 2 : [(10000, 0), (20000, 0), (30000, 0), (40000, 0), (50000, 0), (60000, 0), (70000, 0), (80000, 0), (90000, 0), (100000, 0), (110000, 0), (120000, 0), (130000, 0), (140000, 0)]
3 -> 4 : [(10000, 2), (20000, 4), (30000, 7), (40000, 8), (50000, 12), (60000, 15), (70000, 17), (80000, 20), (90000, 22), (100000, 25), (110000, 27), (120000, 30), (130000, 32), (140000, 28)]
3 -> 7 : [(10000, 0), (20000, 0), (30000, 0), (40000, 0), (50000, 0), (60000, 0), (70000, 0), (80000, 0), (90000, 0), (100000, 0), (110000, 0), (120000, 0), (130000, 0), (140000, 0)]
4 -> 3 : [(10000, 0), (20000, 0), (30000, 0), (40000, 0), (50000, 0), (60000, 0), (70000, 0), (80000, 0), (90000, 0), (100000, 0), (110000, 0), (120000, 0), (130000, 0), (140000, 0)]
4 -> 5 : [(10000, 0), (20000, 0), (30000, 0), (40000, 0), (50000, 0), (60000, 0), (70000, 0), (80000, 0), (90000, 0), (100000, 0), (110000, 0), (120000, 0), (130000, 0), (140000, 0)]
5 -> 2 : [(10000, 0), (20000, 0), (30000, 0), (40000, 0), (50000, 0), (60000, 0), (70000, 0), (80000, 0), (90000, 0), (100000, 0), (110000, 0), (120000, 0), (130000, 0), (140000, 0)]
5 -> 4 : [(10000, 0), (20000, 1), (30000, 0), (40000, 2), (50000, 0), (60000, 0), (70000, 0), (80000, 0), (90000, 0), (100000, 0), (110000, 0), (120000, 0), (130000, 0), (140000, 7)]
6 -> 2 : [(10000, 0), (20000, 0), (30000, 0), (40000, 0), (50000, 0), (60000, 0), (70000, 0), (80000, 0), (90000, 0), (100000, 0), (110000, 0), (120000, 0), (130000, 0), (140000, 0)]
6 -> 7 : [(10000, 0), (20000, 0), (30000, 0), (40000, 0), (50000, 0), (60000, 0), (70000, 0), (80000, 0), (90000, 0), (100000, 0), (110000, 0), (120000, 0), (130000, 0), (140000, 0)]
7 -> 3 : [(10000, 0), (20000, 0), (30000, 0), (40000, 0), (50000, 0), (60000, 0), (70000, 0), (80000, 0), (90000, 0), (100000, 0), (110000, 0), (120000, 0), (130000, 0), (140000, 0)]
7 -> 6 : [(10000, 0), (20000, 0), (30000, 0), (40000, 0), (50000, 0), (60000, 0), (70000, 0), (80000, 0), (90000, 0), (100000, 0), (110000, 0), (120000, 0), (130000, 0), (140000, 0)]
