00:00:00
new vehicle0 @ 00:29:49 (sumoTime: 1789 seconds) on link 1 with path_nodes [1, 2, 3, 4] which means path_links [1, 2, 3]
['newVeh0'] arrived @ sumotime 1818.0 seconds
01:00:00
[INFO: transfer Visum-Sumo]: [(1.0, 100.0, 4.995138888888889, 2.0, 1.0), (-3.0, 100.0, 0.0, 3.0, 4.0), (5.0, 100.0, 0.0, 5.0, 4.0)] 
 [(3, 1)]
Umlegung ausgeführt
curVolumes: (10000, [(3, 1, 0)])
new vehicle1 @ 01:47:55 (sumoTime: 6475 seconds) on link 1 with path_nodes [1, 2, 3, 4] which means path_links [1, 2, 3]
['newVeh1'] arrived @ sumotime 6501.0 seconds
new vehicle2 @ 01:53:08 (sumoTime: 6788 seconds) on link 1 with path_nodes [1, 2, 3, 4] which means path_links [1, 2, 3]
['newVeh2'] arrived @ sumotime 6814.0 seconds
new vehicle3 @ 01:55:58 (sumoTime: 6958 seconds) on link 1 with path_nodes [1, 2, 3, 4] which means path_links [1, 2, 3]
['newVeh3'] arrived @ sumotime 6987.0 seconds
02:00:00
[INFO: transfer Visum-Sumo]: [(1.0, 100.0, 7.495138888888889, 2.0, 1.0), (-3.0, 100.0, 0.0, 3.0, 4.0), (5.0, 100.0, 0.0, 5.0, 4.0)] 
 [(3, 3)]
Umlegung ausgeführt
curVolumes: (20000, [(3, 3, 0)])
new vehicle4 @ 02:04:03 (sumoTime: 7443 seconds) on link 1 with path_nodes [1, 2, 3, 4] which means path_links [1, 2, 3]
new vehicle5 @ 02:04:15 (sumoTime: 7455 seconds) on link 1 with path_nodes [1, 2, 3, 4] which means path_links [1, 2, 3]
['newVeh4'] arrived @ sumotime 7471.0 seconds
['newVeh5'] arrived @ sumotime 7481.0 seconds
new vehicle6 @ 02:06:36 (sumoTime: 7596 seconds) on link 1 with path_nodes [1, 2, 3, 4] which means path_links [1, 2, 3]
['newVeh6'] arrived @ sumotime 7622.0 seconds
new vehicle7 @ 02:20:27 (sumoTime: 8427 seconds) on link 1 with path_nodes [1, 2, 3, 4] which means path_links [1, 2, 3]
['newVeh7'] arrived @ sumotime 8453.0 seconds
new vehicle8 @ 02:28:51 (sumoTime: 8931 seconds) on link 1 with path_nodes [1, 2, 3, 4] which means path_links [1, 2, 3]
['newVeh8'] arrived @ sumotime 8960.0 seconds
new vehicle9 @ 02:42:31 (sumoTime: 9751 seconds) on link 1 with path_nodes [1, 2, 3, 4] which means path_links [1, 2, 3]
['newVeh9'] arrived @ sumotime 9782.0 seconds
new vehicle10 @ 02:43:27 (sumoTime: 9807 seconds) on link 1 with path_nodes [1, 2, 3, 4] which means path_links [1, 2, 3]
['newVeh10'] arrived @ sumotime 9835.0 seconds
new vehicle11 @ 02:57:50 (sumoTime: 10670 seconds) on link 1 with path_nodes [1, 2, 3, 4] which means path_links [1, 2, 3]
['newVeh11'] arrived @ sumotime 10697.0 seconds
03:00:00
[INFO: transfer Visum-Sumo]: [(1.0, 100.0, 9.995138888888889, 2.0, 1.0), (-3.0, 100.0, 0.0, 3.0, 4.0), (5.0, 100.0, 0.0, 5.0, 4.0)] 
 [(3, 8)]
Umlegung ausgeführt
curVolumes: (30000, [(3, 8, 0)])
new vehicle12 @ 03:01:03 (sumoTime: 10863 seconds) on link 1 with path_nodes [1, 2, 3, 4] which means path_links [1, 2, 3]
['newVeh12'] arrived @ sumotime 10893.0 seconds
new vehicle13 @ 03:07:51 (sumoTime: 11271 seconds) on link 1 with path_nodes [1, 2, 3, 4] which means path_links [1, 2, 3]
new vehicle14 @ 03:07:57 (sumoTime: 11277 seconds) on link 1 with path_nodes [1, 2, 3, 4] which means path_links [1, 2, 3]
['newVeh13'] arrived @ sumotime 11297.0 seconds
['newVeh14'] arrived @ sumotime 11305.0 seconds
new vehicle15 @ 03:10:14 (sumoTime: 11414 seconds) on link 1 with path_nodes [1, 2, 3, 4] which means path_links [1, 2, 3]
['newVeh15'] arrived @ sumotime 11441.0 seconds
new vehicle16 @ 03:17:39 (sumoTime: 11859 seconds) on link 1 with path_nodes [1, 2, 3, 4] which means path_links [1, 2, 3]
['newVeh16'] arrived @ sumotime 11886.0 seconds
new vehicle17 @ 03:24:46 (sumoTime: 12286 seconds) on link 1 with path_nodes [1, 2, 3, 4] which means path_links [1, 2, 3]
['newVeh17'] arrived @ sumotime 12315.0 seconds
new vehicle18 @ 03:27:29 (sumoTime: 12449 seconds) on link 1 with path_nodes [1, 2, 3, 4] which means path_links [1, 2, 3]
['newVeh18'] arrived @ sumotime 12476.0 seconds
new vehicle19 @ 03:42:57 (sumoTime: 13377 seconds) on link 1 with path_nodes [1, 2, 3, 4] which means path_links [1, 2, 3]
['newVeh19'] arrived @ sumotime 13402.0 seconds
new vehicle20 @ 03:52:24 (sumoTime: 13944 seconds) on link 1 with path_nodes [1, 2, 3, 4] which means path_links [1, 2, 3]
['newVeh20'] arrived @ sumotime 13970.0 seconds
new vehicle21 @ 03:54:19 (sumoTime: 14059 seconds) on link 1 with path_nodes [1, 2, 3, 4] which means path_links [1, 2, 3]
['newVeh21'] arrived @ sumotime 14089.0 seconds
04:00:00
[INFO: transfer Visum-Sumo]: [(1.0, 100.0, 12.495138888888889, 2.0, 1.0), (-3.0, 100.0, 0.0, 3.0, 4.0), (5.0, 100.0, 0.0, 5.0, 4.0)] 
 [(3, 10)]
Umlegung ausgeführt
curVolumes: (40000, [(3, 10, 0)])
new vehicle22 @ 04:01:37 (sumoTime: 14497 seconds) on link 1 with path_nodes [1, 2, 3, 4] which means path_links [1, 2, 3]
['newVeh22'] arrived @ sumotime 14524.0 seconds
new vehicle23 @ 04:06:43 (sumoTime: 14803 seconds) on link 1 with path_nodes [1, 2, 3, 4] which means path_links [1, 2, 3]
['newVeh23'] arrived @ sumotime 14827.0 seconds
new vehicle24 @ 04:09:13 (sumoTime: 14953 seconds) on link 1 with path_nodes [1, 2, 3, 4] which means path_links [1, 2, 3]
['newVeh24'] arrived @ sumotime 14980.0 seconds
new vehicle25 @ 04:11:33 (sumoTime: 15093 seconds) on link 1 with path_nodes [1, 2, 3, 4] which means path_links [1, 2, 3]
['newVeh25'] arrived @ sumotime 15120.0 seconds
new vehicle26 @ 04:12:01 (sumoTime: 15121 seconds) on link 1 with path_nodes [1, 2, 3, 4] which means path_links [1, 2, 3]
['newVeh26'] arrived @ sumotime 15149.0 seconds
new vehicle27 @ 04:19:36 (sumoTime: 15576 seconds) on link 1 with path_nodes [1, 2, 3, 4] which means path_links [1, 2, 3]
['newVeh27'] arrived @ sumotime 15605.0 seconds
['newVeh27'] arrived @ sumotime 15606.0 seconds
new vehicle28 @ 04:32:55 (sumoTime: 16375 seconds) on link 1 with path_nodes [1, 2, 3, 4] which means path_links [1, 2, 3]
['newVeh28'] arrived @ sumotime 16403.0 seconds
new vehicle29 @ 04:37:02 (sumoTime: 16622 seconds) on link 1 with path_nodes [1, 2, 3, 4] which means path_links [1, 2, 3]
['newVeh29'] arrived @ sumotime 16648.0 seconds
new vehicle30 @ 04:38:16 (sumoTime: 16696 seconds) on link 1 with path_nodes [1, 2, 3, 4] which means path_links [1, 2, 3]
['newVeh30'] arrived @ sumotime 16724.0 seconds
new vehicle31 @ 04:43:10 (sumoTime: 16990 seconds) on link 1 with path_nodes [1, 2, 3, 4] which means path_links [1, 2, 3]
['newVeh31'] arrived @ sumotime 17017.0 seconds
new vehicle32 @ 04:47:31 (sumoTime: 17251 seconds) on link 1 with path_nodes [1, 2, 3, 4] which means path_links [1, 2, 3]
['newVeh32'] arrived @ sumotime 17282.0 seconds
new vehicle33 @ 04:48:32 (sumoTime: 17312 seconds) on link 1 with path_nodes [1, 2, 3, 4] which means path_links [1, 2, 3]
['newVeh33'] arrived @ sumotime 17339.0 seconds
new vehicle34 @ 04:56:24 (sumoTime: 17784 seconds) on link 1 with path_nodes [1, 2, 3, 4] which means path_links [1, 2, 3]
['newVeh34'] arrived @ sumotime 17811.0 seconds
05:00:00
[INFO: transfer Visum-Sumo]: [(1.0, 100.0, 14.995138888888889, 2.0, 1.0), (-3.0, 100.0, 0.0, 3.0, 4.0), (5.0, 100.0, 0.0, 5.0, 4.0)] 
 [(3, 14)]
Umlegung ausgeführt
curVolumes: (50000, [(3, 14, 0)])
new vehicle35 @ 05:02:39 (sumoTime: 18159 seconds) on link 1 with path_nodes [1, 2, 3, 4] which means path_links [1, 2, 3]
['newVeh35'] arrived @ sumotime 18184.0 seconds
new vehicle36 @ 05:04:05 (sumoTime: 18245 seconds) on link 1 with path_nodes [1, 2, 3, 4] which means path_links [1, 2, 3]
['newVeh36'] arrived @ sumotime 18271.0 seconds
['newVeh36'] arrived @ sumotime 18272.0 seconds
new vehicle37 @ 05:05:15 (sumoTime: 18315 seconds) on link 1 with path_nodes [1, 2, 3, 4] which means path_links [1, 2, 3]
['newVeh37'] arrived @ sumotime 18343.0 seconds
new vehicle38 @ 05:12:35 (sumoTime: 18755 seconds) on link 1 with path_nodes [1, 2, 3, 4] which means path_links [1, 2, 3]
new vehicle39 @ 05:12:42 (sumoTime: 18762 seconds) on link 1 with path_nodes [1, 2, 3, 4] which means path_links [1, 2, 3]
['newVeh38'] arrived @ sumotime 18781.0 seconds
['newVeh39'] arrived @ sumotime 18790.0 seconds
new vehicle40 @ 05:14:29 (sumoTime: 18869 seconds) on link 1 with path_nodes [1, 2, 3, 4] which means path_links [1, 2, 3]
['newVeh40'] arrived @ sumotime 18900.0 seconds
new vehicle41 @ 05:28:58 (sumoTime: 19738 seconds) on link 1 with path_nodes [1, 2, 3, 4] which means path_links [1, 2, 3]
['newVeh41'] arrived @ sumotime 19766.0 seconds
new vehicle42 @ 05:31:36 (sumoTime: 19896 seconds) on link 1 with path_nodes [1, 2, 3, 4] which means path_links [1, 2, 3]
['newVeh42'] arrived @ sumotime 19924.0 seconds
new vehicle43 @ 05:36:40 (sumoTime: 20200 seconds) on link 1 with path_nodes [1, 2, 3, 4] which means path_links [1, 2, 3]
['newVeh43'] arrived @ sumotime 20231.0 seconds
new vehicle44 @ 05:41:52 (sumoTime: 20512 seconds) on link 1 with path_nodes [1, 2, 3, 4] which means path_links [1, 2, 3]
['newVeh44'] arrived @ sumotime 20538.0 seconds
new vehicle45 @ 05:44:42 (sumoTime: 20682 seconds) on link 1 with path_nodes [1, 2, 3, 4] which means path_links [1, 2, 3]
new vehicle46 @ 05:44:52 (sumoTime: 20692 seconds) on link 1 with path_nodes [1, 2, 3, 4] which means path_links [1, 2, 3]
new vehicle47 @ 05:44:52 (sumoTime: 20692 seconds) on link 1 with path_nodes [1, 2, 3, 4] which means path_links [1, 2, 3]
['newVeh45'] arrived @ sumotime 20709.0 seconds
['newVeh46'] arrived @ sumotime 20723.0 seconds
['newVeh47'] arrived @ sumotime 20724.0 seconds
new vehicle48 @ 05:49:18 (sumoTime: 20958 seconds) on link 1 with path_nodes [1, 2, 3, 4] which means path_links [1, 2, 3]
['newVeh48'] arrived @ sumotime 20986.0 seconds
new vehicle49 @ 05:55:38 (sumoTime: 21338 seconds) on link 1 with path_nodes [1, 2, 3, 4] which means path_links [1, 2, 3]
['newVeh49'] arrived @ sumotime 21365.0 seconds
06:00:00
[INFO: transfer Visum-Sumo]: [(1.0, 100.0, 17.49513888888889, 2.0, 1.0), (-3.0, 100.0, 0.0, 3.0, 4.0), (5.0, 100.0, 0.0, 5.0, 4.0)] 
 [(3, 16)]
Umlegung ausgeführt
curVolumes: (60000, [(3, 16, 0)])
new vehicle50 @ 06:02:38 (sumoTime: 21758 seconds) on link 1 with path_nodes [1, 2, 3, 4] which means path_links [1, 2, 3]
['newVeh50'] arrived @ sumotime 21785.0 seconds
new vehicle51 @ 06:07:32 (sumoTime: 22052 seconds) on link 1 with path_nodes [1, 2, 3, 4] which means path_links [1, 2, 3]
['newVeh51'] arrived @ sumotime 22078.0 seconds
new vehicle52 @ 06:16:55 (sumoTime: 22615 seconds) on link 1 with path_nodes [1, 2, 3, 4] which means path_links [1, 2, 3]
['newVeh52'] arrived @ sumotime 22645.0 seconds
new vehicle53 @ 06:17:29 (sumoTime: 22649 seconds) on link 1 with path_nodes [1, 2, 3, 4] which means path_links [1, 2, 3]
['newVeh53'] arrived @ sumotime 22675.0 seconds
new vehicle54 @ 06:18:15 (sumoTime: 22695 seconds) on link 1 with path_nodes [1, 2, 3, 4] which means path_links [1, 2, 3]
['newVeh54'] arrived @ sumotime 22721.0 seconds
new vehicle55 @ 06:21:37 (sumoTime: 22897 seconds) on link 1 with path_nodes [1, 2, 3, 4] which means path_links [1, 2, 3]
['newVeh55'] arrived @ sumotime 22923.0 seconds
new vehicle56 @ 06:22:30 (sumoTime: 22950 seconds) on link 1 with path_nodes [1, 2, 3, 4] which means path_links [1, 2, 3]
['newVeh56'] arrived @ sumotime 22975.0 seconds
new vehicle57 @ 06:24:42 (sumoTime: 23082 seconds) on link 1 with path_nodes [1, 2, 3, 4] which means path_links [1, 2, 3]
new vehicle58 @ 06:24:58 (sumoTime: 23098 seconds) on link 1 with path_nodes [1, 2, 3, 4] which means path_links [1, 2, 3]
['newVeh57'] arrived @ sumotime 23111.0 seconds
['newVeh58'] arrived @ sumotime 23123.0 seconds
new vehicle59 @ 06:29:05 (sumoTime: 23345 seconds) on link 1 with path_nodes [1, 2, 3, 4] which means path_links [1, 2, 3]
['newVeh59'] arrived @ sumotime 23372.0 seconds
new vehicle60 @ 06:33:37 (sumoTime: 23617 seconds) on link 1 with path_nodes [1, 2, 3, 4] which means path_links [1, 2, 3]
['newVeh60'] arrived @ sumotime 23645.0 seconds
new vehicle61 @ 06:35:23 (sumoTime: 23723 seconds) on link 1 with path_nodes [1, 2, 3, 4] which means path_links [1, 2, 3]
['newVeh61'] arrived @ sumotime 23753.0 seconds
new vehicle62 @ 06:40:44 (sumoTime: 24044 seconds) on link 1 with path_nodes [1, 2, 3, 4] which means path_links [1, 2, 3]
['newVeh62'] arrived @ sumotime 24073.0 seconds
new vehicle63 @ 06:43:45 (sumoTime: 24225 seconds) on link 1 with path_nodes [1, 2, 3, 4] which means path_links [1, 2, 3]
['newVeh63'] arrived @ sumotime 24250.0 seconds
new vehicle64 @ 06:44:30 (sumoTime: 24270 seconds) on link 1 with path_nodes [1, 2, 3, 4] which means path_links [1, 2, 3]
['newVeh64'] arrived @ sumotime 24296.0 seconds
new vehicle65 @ 06:46:12 (sumoTime: 24372 seconds) on link 1 with path_nodes [1, 2, 3, 4] which means path_links [1, 2, 3]
['newVeh65'] arrived @ sumotime 24398.0 seconds
new vehicle66 @ 06:51:27 (sumoTime: 24687 seconds) on link 1 with path_nodes [1, 2, 3, 4] which means path_links [1, 2, 3]
['newVeh66'] arrived @ sumotime 24715.0 seconds
new vehicle67 @ 06:54:13 (sumoTime: 24853 seconds) on link 1 with path_nodes [1, 2, 3, 4] which means path_links [1, 2, 3]
new vehicle68 @ 06:54:18 (sumoTime: 24858 seconds) on link 1 with path_nodes [1, 2, 3, 4] which means path_links [1, 2, 3]
['newVeh67'] arrived @ sumotime 24880.0 seconds
['newVeh68'] arrived @ sumotime 24884.0 seconds
new vehicle69 @ 06:55:56 (sumoTime: 24956 seconds) on link 1 with path_nodes [1, 2, 3, 4] which means path_links [1, 2, 3]
['newVeh69'] arrived @ sumotime 24983.0 seconds
new vehicle70 @ 06:59:13 (sumoTime: 25153 seconds) on link 1 with path_nodes [1, 2, 3, 4] which means path_links [1, 2, 3]
['newVeh70'] arrived @ sumotime 25180.0 seconds
07:00:00
[INFO: transfer Visum-Sumo]: [(1.0, 100.0, 19.99513888888889, 2.0, 1.0), (-3.0, 100.0, 0.0, 3.0, 4.0), (5.0, 100.0, 0.0, 5.0, 4.0)] 
 [(3, 21)]
Umlegung ausgeführt
curVolumes: (70000, [(3, 21, 0)])
new vehicle71 @ 07:04:01 (sumoTime: 25441 seconds) on link 1 with path_nodes [1, 2, 3, 4] which means path_links [1, 2, 3]
['newVeh71'] arrived @ sumotime 25468.0 seconds
new vehicle72 @ 07:06:04 (sumoTime: 25564 seconds) on link 1 with path_nodes [1, 2, 3, 4] which means path_links [1, 2, 3]
['newVeh72'] arrived @ sumotime 25591.0 seconds
new vehicle73 @ 07:06:33 (sumoTime: 25593 seconds) on link 1 with path_nodes [1, 2, 3, 4] which means path_links [1, 2, 3]
['newVeh73'] arrived @ sumotime 25620.0 seconds
new vehicle74 @ 07:07:44 (sumoTime: 25664 seconds) on link 1 with path_nodes [1, 2, 3, 4] which means path_links [1, 2, 3]
['newVeh74'] arrived @ sumotime 25693.0 seconds
new vehicle75 @ 07:10:25 (sumoTime: 25825 seconds) on link 1 with path_nodes [1, 2, 3, 4] which means path_links [1, 2, 3]
new vehicle76 @ 07:10:39 (sumoTime: 25839 seconds) on link 1 with path_nodes [1, 2, 3, 4] which means path_links [1, 2, 3]
['newVeh75'] arrived @ sumotime 25852.0 seconds
['newVeh76'] arrived @ sumotime 25864.0 seconds
new vehicle77 @ 07:11:28 (sumoTime: 25888 seconds) on link 1 with path_nodes [1, 2, 3, 4] which means path_links [1, 2, 3]
new vehicle78 @ 07:11:53 (sumoTime: 25913 seconds) on link 1 with path_nodes [1, 2, 3, 4] which means path_links [1, 2, 3]
['newVeh77'] arrived @ sumotime 25918.0 seconds
new vehicle79 @ 07:12:12 (sumoTime: 25932 seconds) on link 1 with path_nodes [1, 2, 3, 4] which means path_links [1, 2, 3]
['newVeh78'] arrived @ sumotime 25940.0 seconds
['newVeh79'] arrived @ sumotime 25962.0 seconds
new vehicle80 @ 07:13:47 (sumoTime: 26027 seconds) on link 1 with path_nodes [1, 2, 3, 4] which means path_links [1, 2, 3]
['newVeh80'] arrived @ sumotime 26059.0 seconds
new vehicle81 @ 07:17:21 (sumoTime: 26241 seconds) on link 1 with path_nodes [1, 2, 3, 4] which means path_links [1, 2, 3]
['newVeh81'] arrived @ sumotime 26268.0 seconds
new vehicle82 @ 07:21:10 (sumoTime: 26470 seconds) on link 1 with path_nodes [1, 2, 3, 4] which means path_links [1, 2, 3]
['newVeh82'] arrived @ sumotime 26498.0 seconds
new vehicle83 @ 07:23:14 (sumoTime: 26594 seconds) on link 1 with path_nodes [1, 2, 3, 4] which means path_links [1, 2, 3]
new vehicle84 @ 07:23:21 (sumoTime: 26601 seconds) on link 1 with path_nodes [1, 2, 3, 4] which means path_links [1, 2, 3]
['newVeh83'] arrived @ sumotime 26622.0 seconds
['newVeh84'] arrived @ sumotime 26629.0 seconds
new vehicle85 @ 07:28:13 (sumoTime: 26893 seconds) on link 1 with path_nodes [1, 2, 3, 4] which means path_links [1, 2, 3]
['newVeh85'] arrived @ sumotime 26919.0 seconds
new vehicle86 @ 07:29:31 (sumoTime: 26971 seconds) on link 1 with path_nodes [1, 2, 3, 4] which means path_links [1, 2, 3]
['newVeh86'] arrived @ sumotime 26997.0 seconds
new vehicle87 @ 07:30:45 (sumoTime: 27045 seconds) on link 1 with path_nodes [1, 2, 3, 4] which means path_links [1, 2, 3]
['newVeh87'] arrived @ sumotime 27071.0 seconds
new vehicle88 @ 07:34:06 (sumoTime: 27246 seconds) on link 1 with path_nodes [1, 2, 3, 4] which means path_links [1, 2, 3]
['newVeh88'] arrived @ sumotime 27273.0 seconds
new vehicle89 @ 07:34:48 (sumoTime: 27288 seconds) on link 1 with path_nodes [1, 2, 3, 4] which means path_links [1, 2, 3]
['newVeh89'] arrived @ sumotime 27317.0 seconds
new vehicle90 @ 07:38:05 (sumoTime: 27485 seconds) on link 1 with path_nodes [1, 2, 3, 4] which means path_links [1, 2, 3]
['newVeh90'] arrived @ sumotime 27512.0 seconds
new vehicle91 @ 07:41:31 (sumoTime: 27691 seconds) on link 1 with path_nodes [1, 2, 3, 4] which means path_links [1, 2, 3]
['newVeh91'] arrived @ sumotime 27719.0 seconds
new vehicle92 @ 07:48:53 (sumoTime: 28133 seconds) on link 1 with path_nodes [1, 2, 3, 4] which means path_links [1, 2, 3]
['newVeh92'] arrived @ sumotime 28160.0 seconds
new vehicle93 @ 07:54:34 (sumoTime: 28474 seconds) on link 1 with path_nodes [1, 2, 3, 4] which means path_links [1, 2, 3]
['newVeh93'] arrived @ sumotime 28503.0 seconds
new vehicle94 @ 07:58:00 (sumoTime: 28680 seconds) on link 1 with path_nodes [1, 2, 3, 4] which means path_links [1, 2, 3]
['newVeh94'] arrived @ sumotime 28708.0 seconds
new vehicle95 @ 07:59:06 (sumoTime: 28746 seconds) on link 1 with path_nodes [1, 2, 3, 4] which means path_links [1, 2, 3]
['newVeh95'] arrived @ sumotime 28776.0 seconds
08:00:00
[INFO: transfer Visum-Sumo]: [(1.0, 100.0, 22.49513888888889, 2.0, 1.0), (-3.0, 100.0, 0.0, 3.0, 4.0), (5.0, 100.0, 0.0, 5.0, 4.0)] 
 [(3, 25)]
Umlegung ausgeführt
curVolumes: (80000, [(3, 25, 0)])
new vehicle96 @ 08:03:55 (sumoTime: 29035 seconds) on link 1 with path_nodes [1, 2, 3, 4] which means path_links [1, 2, 3]
new vehicle97 @ 08:04:11 (sumoTime: 29051 seconds) on link 1 with path_nodes [1, 2, 3, 4] which means path_links [1, 2, 3]
['newVeh96'] arrived @ sumotime 29072.0 seconds
['newVeh96'] arrived @ sumotime 29073.0 seconds
new vehicle98 @ 08:04:40 (sumoTime: 29080 seconds) on link 1 with path_nodes [1, 2, 3, 4] which means path_links [1, 2, 3]
['newVeh97'] arrived @ sumotime 29089.0 seconds
['newVeh97'] arrived @ sumotime 29090.0 seconds
['newVeh96'] arrived @ sumotime 29091.0 seconds
['newVeh97'] arrived @ sumotime 29109.0 seconds
['newVeh98'] arrived @ sumotime 29119.0 seconds
['newVeh98'] arrived @ sumotime 29120.0 seconds
['newVeh98'] arrived @ sumotime 29139.0 seconds
new vehicle99 @ 08:07:21 (sumoTime: 29241 seconds) on link 1 with path_nodes [1, 2, 3, 4] which means path_links [1, 2, 3]
['newVeh99'] arrived @ sumotime 29293.0 seconds
['newVeh99'] arrived @ sumotime 29294.0 seconds
new vehicle100 @ 08:08:23 (sumoTime: 29303 seconds) on link 1 with path_nodes [1, 2, 3, 4] which means path_links [1, 2, 3]
['newVeh99'] arrived @ sumotime 29318.0 seconds
['newVeh100'] arrived @ sumotime 29347.0 seconds
['newVeh100'] arrived @ sumotime 29348.0 seconds
['newVeh100'] arrived @ sumotime 29368.0 seconds
['newVeh100'] arrived @ sumotime 29369.0 seconds
new vehicle101 @ 08:09:42 (sumoTime: 29382 seconds) on link 1 with path_nodes [1, 2, 3, 4] which means path_links [1, 2, 3]
['newVeh101'] arrived @ sumotime 29425.0 seconds
['newVeh101'] arrived @ sumotime 29426.0 seconds
['newVeh101'] arrived @ sumotime 29446.0 seconds
new vehicle102 @ 08:14:45 (sumoTime: 29685 seconds) on link 1 with path_nodes [1, 2, 3, 4] which means path_links [1, 2, 3]
['newVeh102'] arrived @ sumotime 29729.0 seconds
['newVeh102'] arrived @ sumotime 29730.0 seconds
['newVeh102'] arrived @ sumotime 29750.0 seconds
new vehicle103 @ 08:17:13 (sumoTime: 29833 seconds) on link 1 with path_nodes [1, 2, 3, 4] which means path_links [1, 2, 3]
['newVeh103'] arrived @ sumotime 29876.0 seconds
['newVeh103'] arrived @ sumotime 29877.0 seconds
['newVeh103'] arrived @ sumotime 29898.0 seconds
new vehicle104 @ 08:22:24 (sumoTime: 30144 seconds) on link 1 with path_nodes [1, 2, 3, 4] which means path_links [1, 2, 3]
['newVeh104'] arrived @ sumotime 30182.0 seconds
['newVeh104'] arrived @ sumotime 30183.0 seconds
['newVeh104'] arrived @ sumotime 30202.0 seconds
new vehicle105 @ 08:25:51 (sumoTime: 30351 seconds) on link 1 with path_nodes [1, 2, 3, 4] which means path_links [1, 2, 3]
['newVeh105'] arrived @ sumotime 30389.0 seconds
['newVeh105'] arrived @ sumotime 30390.0 seconds
['newVeh105'] arrived @ sumotime 30407.0 seconds
new vehicle106 @ 08:27:30 (sumoTime: 30450 seconds) on link 1 with path_nodes [1, 2, 3, 4] which means path_links [1, 2, 3]
['newVeh106'] arrived @ sumotime 30492.0 seconds
['newVeh106'] arrived @ sumotime 30493.0 seconds
['newVeh106'] arrived @ sumotime 30513.0 seconds
new vehicle107 @ 08:31:35 (sumoTime: 30695 seconds) on link 1 with path_nodes [1, 2, 3, 4] which means path_links [1, 2, 3]
new vehicle108 @ 08:31:39 (sumoTime: 30699 seconds) on link 1 with path_nodes [1, 2, 3, 4] which means path_links [1, 2, 3]
['newVeh107'] arrived @ sumotime 30739.0 seconds
['newVeh107'] arrived @ sumotime 30740.0 seconds
['newVeh108'] arrived @ sumotime 30742.0 seconds
['newVeh108'] arrived @ sumotime 30743.0 seconds
['newVeh108'] arrived @ sumotime 30744.0 seconds
['newVeh107'] arrived @ sumotime 30760.0 seconds
['newVeh108'] arrived @ sumotime 30764.0 seconds
new vehicle109 @ 08:38:25 (sumoTime: 31105 seconds) on link 1 with path_nodes [1, 2, 3, 4] which means path_links [1, 2, 3]
new vehicle110 @ 08:38:32 (sumoTime: 31112 seconds) on link 1 with path_nodes [1, 2, 3, 4] which means path_links [1, 2, 3]
['newVeh109'] arrived @ sumotime 31145.0 seconds
['newVeh109'] arrived @ sumotime 31146.0 seconds
['newVeh110'] arrived @ sumotime 31152.0 seconds
['newVeh110'] arrived @ sumotime 31153.0 seconds
['newVeh109'] arrived @ sumotime 31166.0 seconds
['newVeh110'] arrived @ sumotime 31173.0 seconds
new vehicle111 @ 08:44:34 (sumoTime: 31474 seconds) on link 1 with path_nodes [1, 2, 3, 4] which means path_links [1, 2, 3]
new vehicle112 @ 08:45:09 (sumoTime: 31509 seconds) on link 1 with path_nodes [1, 2, 3, 4] which means path_links [1, 2, 3]
new vehicle113 @ 08:45:14 (sumoTime: 31514 seconds) on link 1 with path_nodes [1, 2, 3, 4] which means path_links [1, 2, 3]
['newVeh111'] arrived @ sumotime 31515.0 seconds
['newVeh111'] arrived @ sumotime 31516.0 seconds
['newVeh111'] arrived @ sumotime 31534.0 seconds
['newVeh112'] arrived @ sumotime 31553.0 seconds
['newVeh112'] arrived @ sumotime 31554.0 seconds
['newVeh112'] arrived @ sumotime 31555.0 seconds
new vehicle114 @ 08:45:56 (sumoTime: 31556 seconds) on link 1 with path_nodes [1, 2, 3, 4] which means path_links [1, 2, 3]
['newVeh113'] arrived @ sumotime 31556.0 seconds
['newVeh113'] arrived @ sumotime 31557.0 seconds
['newVeh113'] arrived @ sumotime 31558.0 seconds
['newVeh112'] arrived @ sumotime 31576.0 seconds
['newVeh113'] arrived @ sumotime 31579.0 seconds
new vehicle115 @ 08:46:39 (sumoTime: 31599 seconds) on link 1 with path_nodes [1, 2, 3, 4] which means path_links [1, 2, 3]
['newVeh114'] arrived @ sumotime 31600.0 seconds
['newVeh114'] arrived @ sumotime 31601.0 seconds
['newVeh114'] arrived @ sumotime 31623.0 seconds
['newVeh115'] arrived @ sumotime 31644.0 seconds
['newVeh115'] arrived @ sumotime 31645.0 seconds
['newVeh115'] arrived @ sumotime 31667.0 seconds
new vehicle116 @ 08:48:50 (sumoTime: 31730 seconds) on link 1 with path_nodes [1, 2, 3, 4] which means path_links [1, 2, 3]
new vehicle117 @ 08:49:06 (sumoTime: 31746 seconds) on link 1 with path_nodes [1, 2, 3, 4] which means path_links [1, 2, 3]
['newVeh116'] arrived @ sumotime 31773.0 seconds
['newVeh116'] arrived @ sumotime 31774.0 seconds
['newVeh117'] arrived @ sumotime 31787.0 seconds
['newVeh117'] arrived @ sumotime 31788.0 seconds
['newVeh116'] arrived @ sumotime 31795.0 seconds
['newVeh117'] arrived @ sumotime 31806.0 seconds
new vehicle118 @ 08:51:31 (sumoTime: 31891 seconds) on link 1 with path_nodes [1, 2, 3, 4] which means path_links [1, 2, 3]
['newVeh118'] arrived @ sumotime 31937.0 seconds
['newVeh118'] arrived @ sumotime 31938.0 seconds
['newVeh118'] arrived @ sumotime 31960.0 seconds
new vehicle119 @ 08:53:07 (sumoTime: 31987 seconds) on link 1 with path_nodes [1, 2, 3, 4] which means path_links [1, 2, 3]
['newVeh119'] arrived @ sumotime 32028.0 seconds
['newVeh119'] arrived @ sumotime 32029.0 seconds
new vehicle120 @ 08:53:57 (sumoTime: 32037 seconds) on link 1 with path_nodes [1, 2, 3, 4] which means path_links [1, 2, 3]
['newVeh119'] arrived @ sumotime 32048.0 seconds
new vehicle121 @ 08:54:23 (sumoTime: 32063 seconds) on link 1 with path_nodes [1, 2, 3, 4] which means path_links [1, 2, 3]
['newVeh120'] arrived @ sumotime 32074.0 seconds
['newVeh120'] arrived @ sumotime 32075.0 seconds
['newVeh120'] arrived @ sumotime 32093.0 seconds
['newVeh121'] arrived @ sumotime 32106.0 seconds
['newVeh121'] arrived @ sumotime 32107.0 seconds
['newVeh121'] arrived @ sumotime 32128.0 seconds
09:00:00
[INFO: transfer Visum-Sumo]: [(1.0, 100.0, 24.99513888888889, 2.0, 1.0), (-3.0, 100.0, 0.0, 3.0, 4.0), (5.0, 100.0, 0.0, 5.0, 4.0)] 
 [(3, 82)]
Umlegung ausgeführt
curVolumes: (90000, [(3, 82, 0)])
new vehicle122 @ 09:02:19 (sumoTime: 32539 seconds) on link 1 with path_nodes [1, 2, 3, 4] which means path_links [1, 2, 3]
['newVeh122'] arrived @ sumotime 32577.0 seconds
['newVeh122'] arrived @ sumotime 32578.0 seconds
['newVeh122'] arrived @ sumotime 32597.0 seconds
new vehicle123 @ 09:04:05 (sumoTime: 32645 seconds) on link 1 with path_nodes [1, 2, 3, 4] which means path_links [1, 2, 3]
new vehicle124 @ 09:04:25 (sumoTime: 32665 seconds) on link 1 with path_nodes [1, 2, 3, 4] which means path_links [1, 2, 3]
['newVeh123'] arrived @ sumotime 32694.0 seconds
['newVeh123'] arrived @ sumotime 32695.0 seconds
['newVeh123'] arrived @ sumotime 32696.0 seconds
['newVeh124'] arrived @ sumotime 32701.0 seconds
['newVeh124'] arrived @ sumotime 32702.0 seconds
['newVeh123'] arrived @ sumotime 32719.0 seconds
['newVeh124'] arrived @ sumotime 32722.0 seconds
new vehicle125 @ 09:08:07 (sumoTime: 32887 seconds) on link 1 with path_nodes [1, 2, 3, 4] which means path_links [1, 2, 3]
['newVeh125'] arrived @ sumotime 32928.0 seconds
['newVeh125'] arrived @ sumotime 32929.0 seconds
['newVeh125'] arrived @ sumotime 32948.0 seconds
new vehicle126 @ 09:12:08 (sumoTime: 33128 seconds) on link 1 with path_nodes [1, 2, 3, 4] which means path_links [1, 2, 3]
['newVeh126'] arrived @ sumotime 33168.0 seconds
['newVeh126'] arrived @ sumotime 33169.0 seconds
['newVeh126'] arrived @ sumotime 33188.0 seconds
new vehicle127 @ 09:15:11 (sumoTime: 33311 seconds) on link 1 with path_nodes [1, 2, 3, 4] which means path_links [1, 2, 3]
['newVeh127'] arrived @ sumotime 33359.0 seconds
['newVeh127'] arrived @ sumotime 33360.0 seconds
['newVeh127'] arrived @ sumotime 33383.0 seconds
new vehicle128 @ 09:19:18 (sumoTime: 33558 seconds) on link 1 with path_nodes [1, 2, 3, 4] which means path_links [1, 2, 3]
['newVeh128'] arrived @ sumotime 33601.0 seconds
['newVeh128'] arrived @ sumotime 33602.0 seconds
['newVeh128'] arrived @ sumotime 33622.0 seconds
['newVeh128'] arrived @ sumotime 33623.0 seconds
new vehicle129 @ 09:20:29 (sumoTime: 33629 seconds) on link 1 with path_nodes [1, 2, 3, 4] which means path_links [1, 2, 3]
['newVeh129'] arrived @ sumotime 33668.0 seconds
['newVeh129'] arrived @ sumotime 33669.0 seconds
new vehicle130 @ 09:21:17 (sumoTime: 33677 seconds) on link 1 with path_nodes [1, 2, 3, 4] which means path_links [1, 2, 3]
['newVeh129'] arrived @ sumotime 33687.0 seconds
['newVeh130'] arrived @ sumotime 33716.0 seconds
['newVeh130'] arrived @ sumotime 33717.0 seconds
['newVeh130'] arrived @ sumotime 33735.0 seconds
new vehicle131 @ 09:27:35 (sumoTime: 34055 seconds) on link 1 with path_nodes [1, 2, 3, 4] which means path_links [1, 2, 3]
['newVeh131'] arrived @ sumotime 34096.0 seconds
['newVeh131'] arrived @ sumotime 34097.0 seconds
['newVeh131'] arrived @ sumotime 34117.0 seconds
new vehicle132 @ 09:33:11 (sumoTime: 34391 seconds) on link 1 with path_nodes [1, 2, 3, 4] which means path_links [1, 2, 3]
['newVeh132'] arrived @ sumotime 34436.0 seconds
['newVeh132'] arrived @ sumotime 34437.0 seconds
['newVeh132'] arrived @ sumotime 34438.0 seconds
['newVeh132'] arrived @ sumotime 34458.0 seconds
new vehicle133 @ 09:35:39 (sumoTime: 34539 seconds) on link 1 with path_nodes [1, 2, 3, 4] which means path_links [1, 2, 3]
['newVeh133'] arrived @ sumotime 34580.0 seconds
['newVeh133'] arrived @ sumotime 34600.0 seconds
new vehicle134 @ 09:39:41 (sumoTime: 34781 seconds) on link 1 with path_nodes [1, 2, 3, 4] which means path_links [1, 2, 3]
new vehicle135 @ 09:39:46 (sumoTime: 34786 seconds) on link 1 with path_nodes [1, 2, 3, 4] which means path_links [1, 2, 3]
['newVeh134'] arrived @ sumotime 34818.0 seconds
['newVeh134'] arrived @ sumotime 34819.0 seconds
['newVeh135', 'newVeh134'] arrived @ sumotime 34837.0 seconds
['newVeh135'] arrived @ sumotime 34838.0 seconds
new vehicle136 @ 09:40:39 (sumoTime: 34839 seconds) on link 1 with path_nodes [1, 2, 3, 4] which means path_links [1, 2, 3]
new vehicle137 @ 09:40:57 (sumoTime: 34857 seconds) on link 1 with path_nodes [1, 2, 3, 4] which means path_links [1, 2, 3]
['newVeh135'] arrived @ sumotime 34862.0 seconds
['newVeh136'] arrived @ sumotime 34883.0 seconds
['newVeh136'] arrived @ sumotime 34884.0 seconds
new vehicle138 @ 09:41:30 (sumoTime: 34890 seconds) on link 1 with path_nodes [1, 2, 3, 4] which means path_links [1, 2, 3]
['newVeh137'] arrived @ sumotime 34900.0 seconds
['newVeh137'] arrived @ sumotime 34901.0 seconds
['newVeh136'] arrived @ sumotime 34904.0 seconds
['newVeh137'] arrived @ sumotime 34921.0 seconds
['newVeh138'] arrived @ sumotime 34932.0 seconds
['newVeh138'] arrived @ sumotime 34933.0 seconds
['newVeh138'] arrived @ sumotime 34953.0 seconds
new vehicle139 @ 09:42:56 (sumoTime: 34976 seconds) on link 1 with path_nodes [1, 2, 3, 4] which means path_links [1, 2, 3]
['newVeh139'] arrived @ sumotime 35015.0 seconds
['newVeh139'] arrived @ sumotime 35016.0 seconds
['newVeh139'] arrived @ sumotime 35035.0 seconds
new vehicle140 @ 09:44:33 (sumoTime: 35073 seconds) on link 1 with path_nodes [1, 2, 3, 4] which means path_links [1, 2, 3]
['newVeh140'] arrived @ sumotime 35112.0 seconds
['newVeh140'] arrived @ sumotime 35113.0 seconds
['newVeh140'] arrived @ sumotime 35132.0 seconds
['newVeh140'] arrived @ sumotime 35133.0 seconds
new vehicle141 @ 09:48:29 (sumoTime: 35309 seconds) on link 1 with path_nodes [1, 2, 3, 4] which means path_links [1, 2, 3]
new vehicle142 @ 09:49:02 (sumoTime: 35342 seconds) on link 1 with path_nodes [1, 2, 3, 4] which means path_links [1, 2, 3]
['newVeh141'] arrived @ sumotime 35352.0 seconds
['newVeh141'] arrived @ sumotime 35353.0 seconds
['newVeh141'] arrived @ sumotime 35373.0 seconds
['newVeh142'] arrived @ sumotime 35381.0 seconds
['newVeh142'] arrived @ sumotime 35382.0 seconds
['newVeh142'] arrived @ sumotime 35401.0 seconds
new vehicle143 @ 09:50:03 (sumoTime: 35403 seconds) on link 1 with path_nodes [1, 2, 3, 4] which means path_links [1, 2, 3]
new vehicle144 @ 09:50:22 (sumoTime: 35422 seconds) on link 1 with path_nodes [1, 2, 3, 4] which means path_links [1, 2, 3]
['newVeh143'] arrived @ sumotime 35437.0 seconds
['newVeh143'] arrived @ sumotime 35438.0 seconds
new vehicle145 @ 09:50:42 (sumoTime: 35442 seconds) on link 1 with path_nodes [1, 2, 3, 4] which means path_links [1, 2, 3]
['newVeh143'] arrived @ sumotime 35454.0 seconds
['newVeh144'] arrived @ sumotime 35463.0 seconds
['newVeh145'] arrived @ sumotime 35480.0 seconds
['newVeh145'] arrived @ sumotime 35481.0 seconds
['newVeh144'] arrived @ sumotime 35482.0 seconds
['newVeh145'] arrived @ sumotime 35499.0 seconds
new vehicle146 @ 09:51:42 (sumoTime: 35502 seconds) on link 1 with path_nodes [1, 2, 3, 4] which means path_links [1, 2, 3]
['newVeh146'] arrived @ sumotime 35541.0 seconds
['newVeh146'] arrived @ sumotime 35542.0 seconds
['newVeh146'] arrived @ sumotime 35562.0 seconds
new vehicle147 @ 09:53:07 (sumoTime: 35587 seconds) on link 1 with path_nodes [1, 2, 3, 4] which means path_links [1, 2, 3]
new vehicle148 @ 09:53:25 (sumoTime: 35605 seconds) on link 1 with path_nodes [1, 2, 3, 4] which means path_links [1, 2, 3]
['newVeh147'] arrived @ sumotime 35631.0 seconds
['newVeh147'] arrived @ sumotime 35632.0 seconds
['newVeh148'] arrived @ sumotime 35649.0 seconds
['newVeh148'] arrived @ sumotime 35650.0 seconds
['newVeh147'] arrived @ sumotime 35652.0 seconds
['newVeh148'] arrived @ sumotime 35671.0 seconds
new vehicle149 @ 09:55:24 (sumoTime: 35724 seconds) on link 1 with path_nodes [1, 2, 3, 4] which means path_links [1, 2, 3]
['newVeh149'] arrived @ sumotime 35763.0 seconds
['newVeh149'] arrived @ sumotime 35764.0 seconds
['newVeh149'] arrived @ sumotime 35783.0 seconds
new vehicle150 @ 09:56:46 (sumoTime: 35806 seconds) on link 1 with path_nodes [1, 2, 3, 4] which means path_links [1, 2, 3]
['newVeh150'] arrived @ sumotime 35845.0 seconds
['newVeh150'] arrived @ sumotime 35846.0 seconds
['newVeh150'] arrived @ sumotime 35865.0 seconds
new vehicle151 @ 09:57:47 (sumoTime: 35867 seconds) on link 1 with path_nodes [1, 2, 3, 4] which means path_links [1, 2, 3]
['newVeh151'] arrived @ sumotime 35908.0 seconds
['newVeh151'] arrived @ sumotime 35909.0 seconds
['newVeh151'] arrived @ sumotime 35928.0 seconds
new vehicle152 @ 09:58:58 (sumoTime: 35938 seconds) on link 1 with path_nodes [1, 2, 3, 4] which means path_links [1, 2, 3]
new vehicle153 @ 09:59:01 (sumoTime: 35941 seconds) on link 1 with path_nodes [1, 2, 3, 4] which means path_links [1, 2, 3]
['newVeh152'] arrived @ sumotime 35978.0 seconds
['newVeh152'] arrived @ sumotime 35979.0 seconds
['newVeh153'] arrived @ sumotime 35983.0 seconds
['newVeh153'] arrived @ sumotime 35984.0 seconds
['newVeh152'] arrived @ sumotime 35998.0 seconds
['newVeh152'] arrived @ sumotime 35999.0 seconds
10:00:00
[INFO: transfer Visum-Sumo]: [(1.0, 100.0, 27.49513888888889, 2.0, 1.0), (-3.0, 100.0, 0.0, 3.0, 4.0), (5.0, 100.0, 0.0, 5.0, 4.0)] 
 [(3, 98)]
Umlegung ausgeführt
curVolumes: (100000, [(3, 98, 0)])
['newVeh153'] arrived @ sumotime 36005.0 seconds
new vehicle154 @ 10:00:15 (sumoTime: 36015 seconds) on link 1 with path_nodes [1, 2, 3, 4] which means path_links [1, 2, 3]
new vehicle155 @ 10:00:23 (sumoTime: 36023 seconds) on link 1 with path_nodes [1, 2, 3, 4] which means path_links [1, 2, 3]
['newVeh154'] arrived @ sumotime 36054.0 seconds
['newVeh154'] arrived @ sumotime 36055.0 seconds
['newVeh155'] arrived @ sumotime 36061.0 seconds
new vehicle156 @ 10:01:02 (sumoTime: 36062 seconds) on link 1 with path_nodes [1, 2, 3, 4] which means path_links [1, 2, 3]
['newVeh154'] arrived @ sumotime 36073.0 seconds
['newVeh155'] arrived @ sumotime 36079.0 seconds
['newVeh156'] arrived @ sumotime 36106.0 seconds
['newVeh156'] arrived @ sumotime 36107.0 seconds
['newVeh156'] arrived @ sumotime 36128.0 seconds
new vehicle157 @ 10:03:00 (sumoTime: 36180 seconds) on link 1 with path_nodes [1, 2, 3, 4] which means path_links [1, 2, 3]
['newVeh157'] arrived @ sumotime 36215.0 seconds
['newVeh157'] arrived @ sumotime 36216.0 seconds
['newVeh157'] arrived @ sumotime 36233.0 seconds
new vehicle158 @ 10:04:54 (sumoTime: 36294 seconds) on link 1 with path_nodes [1, 2, 3, 4] which means path_links [1, 2, 3]
['newVeh158'] arrived @ sumotime 36331.0 seconds
['newVeh158'] arrived @ sumotime 36332.0 seconds
['newVeh158'] arrived @ sumotime 36350.0 seconds
new vehicle159 @ 10:09:20 (sumoTime: 36560 seconds) on link 1 with path_nodes [1, 2, 3, 4] which means path_links [1, 2, 3]
['newVeh159'] arrived @ sumotime 36602.0 seconds
['newVeh159'] arrived @ sumotime 36603.0 seconds
['newVeh159'] arrived @ sumotime 36623.0 seconds
new vehicle160 @ 10:11:09 (sumoTime: 36669 seconds) on link 1 with path_nodes [1, 2, 3, 4] which means path_links [1, 2, 3]
['newVeh160'] arrived @ sumotime 36716.0 seconds
['newVeh160'] arrived @ sumotime 36717.0 seconds
new vehicle161 @ 10:12:05 (sumoTime: 36725 seconds) on link 1 with path_nodes [1, 2, 3, 4] which means path_links [1, 2, 3]
new vehicle162 @ 10:12:15 (sumoTime: 36735 seconds) on link 1 with path_nodes [1, 2, 3, 4] which means path_links [1, 2, 3]
['newVeh160'] arrived @ sumotime 36739.0 seconds
['newVeh161'] arrived @ sumotime 36767.0 seconds
['newVeh161'] arrived @ sumotime 36768.0 seconds
['newVeh162'] arrived @ sumotime 36773.0 seconds
['newVeh162'] arrived @ sumotime 36774.0 seconds
['newVeh161'] arrived @ sumotime 36788.0 seconds
['newVeh162'] arrived @ sumotime 36793.0 seconds
new vehicle163 @ 10:14:21 (sumoTime: 36861 seconds) on link 1 with path_nodes [1, 2, 3, 4] which means path_links [1, 2, 3]
['newVeh163'] arrived @ sumotime 36899.0 seconds
['newVeh163'] arrived @ sumotime 36900.0 seconds
['newVeh163'] arrived @ sumotime 36919.0 seconds
new vehicle164 @ 10:16:43 (sumoTime: 37003 seconds) on link 1 with path_nodes [1, 2, 3, 4] which means path_links [1, 2, 3]
['newVeh164'] arrived @ sumotime 37042.0 seconds
['newVeh164'] arrived @ sumotime 37043.0 seconds
['newVeh164'] arrived @ sumotime 37061.0 seconds
new vehicle165 @ 10:21:17 (sumoTime: 37277 seconds) on link 1 with path_nodes [1, 2, 3, 4] which means path_links [1, 2, 3]
['newVeh165'] arrived @ sumotime 37314.0 seconds
['newVeh165'] arrived @ sumotime 37315.0 seconds
['newVeh165'] arrived @ sumotime 37334.0 seconds
new vehicle166 @ 10:22:53 (sumoTime: 37373 seconds) on link 1 with path_nodes [1, 2, 3, 4] which means path_links [1, 2, 3]
new vehicle167 @ 10:23:26 (sumoTime: 37406 seconds) on link 1 with path_nodes [1, 2, 3, 4] which means path_links [1, 2, 3]
['newVeh166'] arrived @ sumotime 37410.0 seconds
['newVeh166'] arrived @ sumotime 37429.0 seconds
new vehicle168 @ 10:24:04 (sumoTime: 37444 seconds) on link 1 with path_nodes [1, 2, 3, 4] which means path_links [1, 2, 3]
['newVeh167'] arrived @ sumotime 37449.0 seconds
['newVeh167'] arrived @ sumotime 37450.0 seconds
['newVeh167'] arrived @ sumotime 37451.0 seconds
['newVeh167'] arrived @ sumotime 37471.0 seconds
['newVeh168'] arrived @ sumotime 37489.0 seconds
['newVeh168'] arrived @ sumotime 37490.0 seconds
['newVeh168'] arrived @ sumotime 37491.0 seconds
['newVeh168'] arrived @ sumotime 37512.0 seconds
new vehicle169 @ 10:27:18 (sumoTime: 37638 seconds) on link 1 with path_nodes [1, 2, 3, 4] which means path_links [1, 2, 3]
['newVeh169'] arrived @ sumotime 37681.0 seconds
['newVeh169'] arrived @ sumotime 37682.0 seconds
['newVeh169'] arrived @ sumotime 37683.0 seconds
['newVeh169'] arrived @ sumotime 37702.0 seconds
new vehicle170 @ 10:28:59 (sumoTime: 37739 seconds) on link 1 with path_nodes [1, 2, 3, 4] which means path_links [1, 2, 3]
new vehicle171 @ 10:29:26 (sumoTime: 37766 seconds) on link 1 with path_nodes [1, 2, 3, 4] which means path_links [1, 2, 3]
['newVeh170'] arrived @ sumotime 37784.0 seconds
['newVeh170'] arrived @ sumotime 37785.0 seconds
['newVeh170'] arrived @ sumotime 37806.0 seconds
['newVeh171'] arrived @ sumotime 37818.0 seconds
['newVeh171'] arrived @ sumotime 37819.0 seconds
['newVeh171'] arrived @ sumotime 37843.0 seconds
new vehicle172 @ 10:33:41 (sumoTime: 38021 seconds) on link 1 with path_nodes [1, 2, 3, 4] which means path_links [1, 2, 3]
new vehicle173 @ 10:33:42 (sumoTime: 38022 seconds) on link 1 with path_nodes [1, 2, 3, 4] which means path_links [1, 2, 3]
['newVeh172'] arrived @ sumotime 38057.0 seconds
['newVeh172'] arrived @ sumotime 38058.0 seconds
['newVeh173'] arrived @ sumotime 38062.0 seconds
['newVeh173'] arrived @ sumotime 38063.0 seconds
['newVeh172'] arrived @ sumotime 38076.0 seconds
['newVeh173'] arrived @ sumotime 38081.0 seconds
new vehicle174 @ 10:35:14 (sumoTime: 38114 seconds) on link 1 with path_nodes [1, 2, 3, 4] which means path_links [1, 2, 3]
new vehicle175 @ 10:35:54 (sumoTime: 38154 seconds) on link 1 with path_nodes [1, 2, 3, 4] which means path_links [1, 2, 3]
['newVeh174'] arrived @ sumotime 38154.0 seconds
['newVeh174'] arrived @ sumotime 38155.0 seconds
['newVeh174'] arrived @ sumotime 38174.0 seconds
['newVeh175'] arrived @ sumotime 38194.0 seconds
['newVeh175'] arrived @ sumotime 38212.0 seconds
new vehicle176 @ 10:41:06 (sumoTime: 38466 seconds) on link 1 with path_nodes [1, 2, 3, 4] which means path_links [1, 2, 3]
new vehicle177 @ 10:41:25 (sumoTime: 38485 seconds) on link 1 with path_nodes [1, 2, 3, 4] which means path_links [1, 2, 3]
['newVeh176'] arrived @ sumotime 38508.0 seconds
['newVeh176'] arrived @ sumotime 38509.0 seconds
new vehicle178 @ 10:41:56 (sumoTime: 38516 seconds) on link 1 with path_nodes [1, 2, 3, 4] which means path_links [1, 2, 3]
['newVeh177'] arrived @ sumotime 38527.0 seconds
['newVeh177', 'newVeh176'] arrived @ sumotime 38528.0 seconds
['newVeh177'] arrived @ sumotime 38548.0 seconds
['newVeh178'] arrived @ sumotime 38553.0 seconds
['newVeh178'] arrived @ sumotime 38554.0 seconds
['newVeh178'] arrived @ sumotime 38571.0 seconds
new vehicle179 @ 10:45:20 (sumoTime: 38720 seconds) on link 1 with path_nodes [1, 2, 3, 4] which means path_links [1, 2, 3]
new vehicle180 @ 10:45:50 (sumoTime: 38750 seconds) on link 1 with path_nodes [1, 2, 3, 4] which means path_links [1, 2, 3]
['newVeh179'] arrived @ sumotime 38767.0 seconds
['newVeh179'] arrived @ sumotime 38768.0 seconds
['newVeh180'] arrived @ sumotime 38790.0 seconds
['newVeh180', 'newVeh179'] arrived @ sumotime 38791.0 seconds
new vehicle181 @ 10:46:42 (sumoTime: 38802 seconds) on link 1 with path_nodes [1, 2, 3, 4] which means path_links [1, 2, 3]
new vehicle182 @ 10:46:46 (sumoTime: 38806 seconds) on link 1 with path_nodes [1, 2, 3, 4] which means path_links [1, 2, 3]
['newVeh180'] arrived @ sumotime 38810.0 seconds
['newVeh181'] arrived @ sumotime 38841.0 seconds
['newVeh181'] arrived @ sumotime 38842.0 seconds
['newVeh182'] arrived @ sumotime 38849.0 seconds
['newVeh182'] arrived @ sumotime 38850.0 seconds
['newVeh181'] arrived @ sumotime 38861.0 seconds
['newVeh182'] arrived @ sumotime 38870.0 seconds
new vehicle183 @ 10:48:24 (sumoTime: 38904 seconds) on link 1 with path_nodes [1, 2, 3, 4] which means path_links [1, 2, 3]
['newVeh183'] arrived @ sumotime 38943.0 seconds
['newVeh183'] arrived @ sumotime 38944.0 seconds
['newVeh183'] arrived @ sumotime 38963.0 seconds
new vehicle184 @ 10:51:01 (sumoTime: 39061 seconds) on link 1 with path_nodes [1, 2, 3, 4] which means path_links [1, 2, 3]
['newVeh184'] arrived @ sumotime 39110.0 seconds
['newVeh184'] arrived @ sumotime 39111.0 seconds
['newVeh184'] arrived @ sumotime 39133.0 seconds
new vehicle185 @ 10:53:09 (sumoTime: 39189 seconds) on link 1 with path_nodes [1, 2, 3, 4] which means path_links [1, 2, 3]
['newVeh185'] arrived @ sumotime 39227.0 seconds
['newVeh185'] arrived @ sumotime 39228.0 seconds
['newVeh185'] arrived @ sumotime 39247.0 seconds
new vehicle186 @ 10:59:32 (sumoTime: 39572 seconds) on link 1 with path_nodes [1, 2, 3, 4] which means path_links [1, 2, 3]
11:00:00
[INFO: transfer Visum-Sumo]: [(1.0, 100.0, 29.99513888888889, 2.0, 1.0), (-3.0, 100.0, 0.0, 3.0, 4.0), (5.0, 100.0, 0.0, 5.0, 4.0)] 
 [(3, 97)]
Umlegung ausgeführt
curVolumes: (110000, [(3, 97, 0)])
new vehicle187 @ 11:00:14 (sumoTime: 39614 seconds) on link 1 with path_nodes [1, 2, 3, 4] which means path_links [1, 2, 3]
['newVeh186'] arrived @ sumotime 39616.0 seconds
['newVeh186'] arrived @ sumotime 39617.0 seconds
['newVeh186'] arrived @ sumotime 39639.0 seconds
['newVeh187'] arrived @ sumotime 39656.0 seconds
['newVeh187'] arrived @ sumotime 39676.0 seconds
new vehicle188 @ 11:02:27 (sumoTime: 39747 seconds) on link 1 with path_nodes [1, 2, 3, 4] which means path_links [1, 2, 3]
new vehicle189 @ 11:02:54 (sumoTime: 39774 seconds) on link 1 with path_nodes [1, 2, 3, 4] which means path_links [1, 2, 3]
['newVeh188'] arrived @ sumotime 39786.0 seconds
['newVeh188'] arrived @ sumotime 39787.0 seconds
['newVeh188'] arrived @ sumotime 39806.0 seconds
['newVeh189'] arrived @ sumotime 39822.0 seconds
['newVeh189'] arrived @ sumotime 39823.0 seconds
['newVeh189'] arrived @ sumotime 39824.0 seconds
['newVeh189'] arrived @ sumotime 39847.0 seconds
new vehicle190 @ 11:04:22 (sumoTime: 39862 seconds) on link 1 with path_nodes [1, 2, 3, 4] which means path_links [1, 2, 3]
['newVeh190'] arrived @ sumotime 39906.0 seconds
['newVeh190'] arrived @ sumotime 39907.0 seconds
['newVeh190'] arrived @ sumotime 39929.0 seconds
new vehicle191 @ 11:11:05 (sumoTime: 40265 seconds) on link 1 with path_nodes [1, 2, 3, 4] which means path_links [1, 2, 3]
new vehicle192 @ 11:11:23 (sumoTime: 40283 seconds) on link 1 with path_nodes [1, 2, 3, 4] which means path_links [1, 2, 3]
['newVeh191'] arrived @ sumotime 40303.0 seconds
['newVeh191'] arrived @ sumotime 40304.0 seconds
['newVeh191'] arrived @ sumotime 40322.0 seconds
['newVeh192'] arrived @ sumotime 40324.0 seconds
['newVeh192'] arrived @ sumotime 40325.0 seconds
['newVeh192'] arrived @ sumotime 40345.0 seconds
new vehicle193 @ 11:14:39 (sumoTime: 40479 seconds) on link 1 with path_nodes [1, 2, 3, 4] which means path_links [1, 2, 3]
['newVeh193'] arrived @ sumotime 40520.0 seconds
['newVeh193'] arrived @ sumotime 40521.0 seconds
['newVeh193'] arrived @ sumotime 40540.0 seconds
new vehicle194 @ 11:16:58 (sumoTime: 40618 seconds) on link 1 with path_nodes [1, 2, 3, 4] which means path_links [1, 2, 3]
['newVeh194'] arrived @ sumotime 40659.0 seconds
['newVeh194'] arrived @ sumotime 40660.0 seconds
['newVeh194'] arrived @ sumotime 40680.0 seconds
new vehicle195 @ 11:18:34 (sumoTime: 40714 seconds) on link 1 with path_nodes [1, 2, 3, 4] which means path_links [1, 2, 3]
['newVeh195'] arrived @ sumotime 40752.0 seconds
['newVeh195'] arrived @ sumotime 40771.0 seconds
new vehicle196 @ 11:20:10 (sumoTime: 40810 seconds) on link 1 with path_nodes [1, 2, 3, 4] which means path_links [1, 2, 3]
['newVeh196'] arrived @ sumotime 40853.0 seconds
['newVeh196'] arrived @ sumotime 40854.0 seconds
['newVeh196'] arrived @ sumotime 40875.0 seconds
new vehicle197 @ 11:22:27 (sumoTime: 40947 seconds) on link 1 with path_nodes [1, 2, 3, 4] which means path_links [1, 2, 3]
new vehicle198 @ 11:22:39 (sumoTime: 40959 seconds) on link 1 with path_nodes [1, 2, 3, 4] which means path_links [1, 2, 3]
['newVeh197'] arrived @ sumotime 40988.0 seconds
['newVeh197'] arrived @ sumotime 40989.0 seconds
['newVeh198'] arrived @ sumotime 40998.0 seconds
['newVeh198'] arrived @ sumotime 40999.0 seconds
['newVeh197'] arrived @ sumotime 41008.0 seconds
['newVeh198'] arrived @ sumotime 41018.0 seconds
new vehicle199 @ 11:25:53 (sumoTime: 41153 seconds) on link 1 with path_nodes [1, 2, 3, 4] which means path_links [1, 2, 3]
['newVeh199'] arrived @ sumotime 41193.0 seconds
['newVeh199'] arrived @ sumotime 41213.0 seconds
new vehicle200 @ 11:28:31 (sumoTime: 41311 seconds) on link 1 with path_nodes [1, 2, 3, 4] which means path_links [1, 2, 3]
new vehicle201 @ 11:29:00 (sumoTime: 41340 seconds) on link 1 with path_nodes [1, 2, 3, 4] which means path_links [1, 2, 3]
['newVeh200'] arrived @ sumotime 41351.0 seconds
['newVeh200'] arrived @ sumotime 41352.0 seconds
['newVeh200'] arrived @ sumotime 41371.0 seconds
['newVeh201'] arrived @ sumotime 41378.0 seconds
['newVeh201'] arrived @ sumotime 41379.0 seconds
['newVeh201'] arrived @ sumotime 41398.0 seconds
new vehicle202 @ 11:33:08 (sumoTime: 41588 seconds) on link 1 with path_nodes [1, 2, 3, 4] which means path_links [1, 2, 3]
new vehicle203 @ 11:33:41 (sumoTime: 41621 seconds) on link 1 with path_nodes [1, 2, 3, 4] which means path_links [1, 2, 3]
new vehicle204 @ 11:33:54 (sumoTime: 41634 seconds) on link 1 with path_nodes [1, 2, 3, 4] which means path_links [1, 2, 3]
['newVeh202'] arrived @ sumotime 41636.0 seconds
['newVeh202'] arrived @ sumotime 41637.0 seconds
['newVeh202'] arrived @ sumotime 41638.0 seconds
['newVeh202'] arrived @ sumotime 41661.0 seconds
['newVeh203'] arrived @ sumotime 41665.0 seconds
['newVeh203'] arrived @ sumotime 41666.0 seconds
['newVeh204'] arrived @ sumotime 41671.0 seconds
['newVeh204'] arrived @ sumotime 41672.0 seconds
['newVeh203'] arrived @ sumotime 41686.0 seconds
new vehicle205 @ 11:34:47 (sumoTime: 41687 seconds) on link 1 with path_nodes [1, 2, 3, 4] which means path_links [1, 2, 3]
['newVeh204'] arrived @ sumotime 41690.0 seconds
['newVeh205'] arrived @ sumotime 41726.0 seconds
['newVeh205'] arrived @ sumotime 41727.0 seconds
['newVeh205'] arrived @ sumotime 41746.0 seconds
new vehicle206 @ 11:36:41 (sumoTime: 41801 seconds) on link 1 with path_nodes [1, 2, 3, 4] which means path_links [1, 2, 3]
['newVeh206'] arrived @ sumotime 41839.0 seconds
['newVeh206'] arrived @ sumotime 41840.0 seconds
['newVeh206'] arrived @ sumotime 41858.0 seconds
new vehicle207 @ 11:39:13 (sumoTime: 41953 seconds) on link 1 with path_nodes [1, 2, 3, 4] which means path_links [1, 2, 3]
['newVeh207'] arrived @ sumotime 41994.0 seconds
['newVeh207'] arrived @ sumotime 41995.0 seconds
['newVeh207'] arrived @ sumotime 42014.0 seconds
new vehicle208 @ 11:41:00 (sumoTime: 42060 seconds) on link 1 with path_nodes [1, 2, 3, 4] which means path_links [1, 2, 3]
new vehicle209 @ 11:41:34 (sumoTime: 42094 seconds) on link 1 with path_nodes [1, 2, 3, 4] which means path_links [1, 2, 3]
['newVeh208'] arrived @ sumotime 42101.0 seconds
['newVeh208'] arrived @ sumotime 42102.0 seconds
['newVeh208'] arrived @ sumotime 42123.0 seconds
['newVeh209'] arrived @ sumotime 42133.0 seconds
['newVeh209'] arrived @ sumotime 42134.0 seconds
['newVeh209'] arrived @ sumotime 42153.0 seconds
new vehicle210 @ 11:44:28 (sumoTime: 42268 seconds) on link 1 with path_nodes [1, 2, 3, 4] which means path_links [1, 2, 3]
['newVeh210'] arrived @ sumotime 42308.0 seconds
['newVeh210'] arrived @ sumotime 42309.0 seconds
['newVeh210'] arrived @ sumotime 42330.0 seconds
new vehicle211 @ 11:45:32 (sumoTime: 42332 seconds) on link 1 with path_nodes [1, 2, 3, 4] which means path_links [1, 2, 3]
['newVeh211'] arrived @ sumotime 42369.0 seconds
['newVeh211'] arrived @ sumotime 42370.0 seconds
['newVeh211'] arrived @ sumotime 42389.0 seconds
new vehicle212 @ 11:46:41 (sumoTime: 42401 seconds) on link 1 with path_nodes [1, 2, 3, 4] which means path_links [1, 2, 3]
['newVeh212'] arrived @ sumotime 42442.0 seconds
['newVeh212'] arrived @ sumotime 42443.0 seconds
['newVeh212'] arrived @ sumotime 42463.0 seconds
new vehicle213 @ 11:47:56 (sumoTime: 42476 seconds) on link 1 with path_nodes [1, 2, 3, 4] which means path_links [1, 2, 3]
['newVeh213'] arrived @ sumotime 42524.0 seconds
['newVeh213'] arrived @ sumotime 42525.0 seconds
['newVeh213'] arrived @ sumotime 42548.0 seconds
new vehicle214 @ 11:54:45 (sumoTime: 42885 seconds) on link 1 with path_nodes [1, 2, 3, 4] which means path_links [1, 2, 3]
['newVeh214'] arrived @ sumotime 42928.0 seconds
['newVeh214'] arrived @ sumotime 42929.0 seconds
['newVeh214'] arrived @ sumotime 42930.0 seconds
['newVeh214'] arrived @ sumotime 42951.0 seconds
new vehicle215 @ 11:59:17 (sumoTime: 43157 seconds) on link 1 with path_nodes [1, 2, 3, 4] which means path_links [1, 2, 3]
['newVeh215'] arrived @ sumotime 43196.0 seconds
['newVeh215'] arrived @ sumotime 43197.0 seconds
new vehicle216 @ 11:59:58 (sumoTime: 43198 seconds) on link 1 with path_nodes [1, 2, 3, 4] which means path_links [1, 2, 3]
12:00:00
[INFO: transfer Visum-Sumo]: [(1.0, 100.0, 32.49513888888889, 2.0, 1.0), (-3.0, 100.0, 0.0, 3.0, 4.0), (5.0, 100.0, 0.0, 5.0, 4.0)] 
 [(3, 89)]
Umlegung ausgeführt
curVolumes: (120000, [(3, 89, 0)])
new vehicle217 @ 12:00:09 (sumoTime: 43209 seconds) on link 1 with path_nodes [1, 2, 3, 4] which means path_links [1, 2, 3]
['newVeh215'] arrived @ sumotime 43216.0 seconds
new vehicle218 @ 12:00:32 (sumoTime: 43232 seconds) on link 1 with path_nodes [1, 2, 3, 4] which means path_links [1, 2, 3]
['newVeh217'] arrived @ sumotime 43236.0 seconds
['newVeh216'] arrived @ sumotime 43239.0 seconds
['newVeh218'] arrived @ sumotime 43259.0 seconds
['newVeh216'] arrived @ sumotime 43263.0 seconds
new vehicle219 @ 12:03:51 (sumoTime: 43431 seconds) on link 1 with path_nodes [1, 2, 3, 4] which means path_links [1, 2, 3]
new vehicle220 @ 12:04:05 (sumoTime: 43445 seconds) on link 1 with path_nodes [1, 2, 3, 4] which means path_links [1, 2, 3]
['newVeh219'] arrived @ sumotime 43460.0 seconds
new vehicle221 @ 12:04:30 (sumoTime: 43470 seconds) on link 1 with path_nodes [1, 2, 3, 4] which means path_links [1, 2, 3]
['newVeh220'] arrived @ sumotime 43472.0 seconds
['newVeh221'] arrived @ sumotime 43496.0 seconds
['newVeh221'] arrived @ sumotime 43497.0 seconds
new vehicle222 @ 12:05:15 (sumoTime: 43515 seconds) on link 1 with path_nodes [1, 2, 3, 4] which means path_links [1, 2, 3]
['newVeh222'] arrived @ sumotime 43547.0 seconds
new vehicle223 @ 12:07:30 (sumoTime: 43650 seconds) on link 1 with path_nodes [1, 2, 3, 4] which means path_links [1, 2, 3]
new vehicle224 @ 12:07:48 (sumoTime: 43668 seconds) on link 1 with path_nodes [1, 2, 3, 4] which means path_links [1, 2, 3]
['newVeh223'] arrived @ sumotime 43679.0 seconds
['newVeh224'] arrived @ sumotime 43695.0 seconds
new vehicle225 @ 12:08:35 (sumoTime: 43715 seconds) on link 1 with path_nodes [1, 2, 3, 4] which means path_links [1, 2, 3]
new vehicle226 @ 12:08:57 (sumoTime: 43737 seconds) on link 1 with path_nodes [1, 2, 3, 4] which means path_links [1, 2, 3]
['newVeh225'] arrived @ sumotime 43741.0 seconds
['newVeh226'] arrived @ sumotime 43761.0 seconds
new vehicle227 @ 12:11:35 (sumoTime: 43895 seconds) on link 1 with path_nodes [1, 2, 3, 4] which means path_links [1, 2, 3]
['newVeh227'] arrived @ sumotime 43921.0 seconds
new vehicle228 @ 12:13:43 (sumoTime: 44023 seconds) on link 1 with path_nodes [1, 2, 3, 4] which means path_links [1, 2, 3]
['newVeh228'] arrived @ sumotime 44048.0 seconds
new vehicle229 @ 12:14:14 (sumoTime: 44054 seconds) on link 1 with path_nodes [1, 2, 3, 4] which means path_links [1, 2, 3]
['newVeh229'] arrived @ sumotime 44080.0 seconds
['newVeh229'] arrived @ sumotime 44081.0 seconds
new vehicle230 @ 12:16:07 (sumoTime: 44167 seconds) on link 1 with path_nodes [1, 2, 3, 4] which means path_links [1, 2, 3]
['newVeh230'] arrived @ sumotime 44193.0 seconds
new vehicle231 @ 12:17:02 (sumoTime: 44222 seconds) on link 1 with path_nodes [1, 2, 3, 4] which means path_links [1, 2, 3]
['newVeh231'] arrived @ sumotime 44249.0 seconds
new vehicle232 @ 12:19:33 (sumoTime: 44373 seconds) on link 1 with path_nodes [1, 2, 3, 4] which means path_links [1, 2, 3]
['newVeh232'] arrived @ sumotime 44400.0 seconds
new vehicle233 @ 12:21:39 (sumoTime: 44499 seconds) on link 1 with path_nodes [1, 2, 3, 4] which means path_links [1, 2, 3]
['newVeh233'] arrived @ sumotime 44525.0 seconds
new vehicle234 @ 12:22:12 (sumoTime: 44532 seconds) on link 1 with path_nodes [1, 2, 3, 4] which means path_links [1, 2, 3]
['newVeh234'] arrived @ sumotime 44563.0 seconds
new vehicle235 @ 12:27:34 (sumoTime: 44854 seconds) on link 1 with path_nodes [1, 2, 3, 4] which means path_links [1, 2, 3]
new vehicle236 @ 12:27:36 (sumoTime: 44856 seconds) on link 1 with path_nodes [1, 2, 3, 4] which means path_links [1, 2, 3]
['newVeh235'] arrived @ sumotime 44881.0 seconds
['newVeh235'] arrived @ sumotime 44882.0 seconds
['newVeh236'] arrived @ sumotime 44884.0 seconds
new vehicle237 @ 12:30:45 (sumoTime: 45045 seconds) on link 1 with path_nodes [1, 2, 3, 4] which means path_links [1, 2, 3]
['newVeh237'] arrived @ sumotime 45072.0 seconds
new vehicle238 @ 12:31:47 (sumoTime: 45107 seconds) on link 1 with path_nodes [1, 2, 3, 4] which means path_links [1, 2, 3]
['newVeh238'] arrived @ sumotime 45133.0 seconds
new vehicle239 @ 12:32:40 (sumoTime: 45160 seconds) on link 1 with path_nodes [1, 2, 3, 4] which means path_links [1, 2, 3]
['newVeh239'] arrived @ sumotime 45187.0 seconds
new vehicle240 @ 12:39:14 (sumoTime: 45554 seconds) on link 1 with path_nodes [1, 2, 3, 4] which means path_links [1, 2, 3]
['newVeh240'] arrived @ sumotime 45584.0 seconds
new vehicle241 @ 12:40:58 (sumoTime: 45658 seconds) on link 1 with path_nodes [1, 2, 3, 4] which means path_links [1, 2, 3]
['newVeh241'] arrived @ sumotime 45686.0 seconds
new vehicle242 @ 12:42:11 (sumoTime: 45731 seconds) on link 1 with path_nodes [1, 2, 3, 4] which means path_links [1, 2, 3]
['newVeh242'] arrived @ sumotime 45758.0 seconds
new vehicle243 @ 12:43:05 (sumoTime: 45785 seconds) on link 1 with path_nodes [1, 2, 3, 4] which means path_links [1, 2, 3]
['newVeh243'] arrived @ sumotime 45811.0 seconds
new vehicle244 @ 12:44:23 (sumoTime: 45863 seconds) on link 1 with path_nodes [1, 2, 3, 4] which means path_links [1, 2, 3]
['newVeh244'] arrived @ sumotime 45890.0 seconds
new vehicle245 @ 12:47:49 (sumoTime: 46069 seconds) on link 1 with path_nodes [1, 2, 3, 4] which means path_links [1, 2, 3]
['newVeh245'] arrived @ sumotime 46099.0 seconds
new vehicle246 @ 12:50:29 (sumoTime: 46229 seconds) on link 1 with path_nodes [1, 2, 3, 4] which means path_links [1, 2, 3]
new vehicle247 @ 12:50:53 (sumoTime: 46253 seconds) on link 1 with path_nodes [1, 2, 3, 4] which means path_links [1, 2, 3]
['newVeh246'] arrived @ sumotime 46255.0 seconds
['newVeh247'] arrived @ sumotime 46279.0 seconds
new vehicle248 @ 12:51:38 (sumoTime: 46298 seconds) on link 1 with path_nodes [1, 2, 3, 4] which means path_links [1, 2, 3]
new vehicle249 @ 12:51:50 (sumoTime: 46310 seconds) on link 1 with path_nodes [1, 2, 3, 4] which means path_links [1, 2, 3]
new vehicle250 @ 12:51:59 (sumoTime: 46319 seconds) on link 1 with path_nodes [1, 2, 3, 4] which means path_links [1, 2, 3]
['newVeh248'] arrived @ sumotime 46323.0 seconds
['newVeh249'] arrived @ sumotime 46336.0 seconds
['newVeh250'] arrived @ sumotime 46347.0 seconds
['newVeh250'] arrived @ sumotime 46348.0 seconds
new vehicle251 @ 12:54:25 (sumoTime: 46465 seconds) on link 1 with path_nodes [1, 2, 3, 4] which means path_links [1, 2, 3]
new vehicle252 @ 12:54:29 (sumoTime: 46469 seconds) on link 1 with path_nodes [1, 2, 3, 4] which means path_links [1, 2, 3]
['newVeh251'] arrived @ sumotime 46496.0 seconds
['newVeh252'] arrived @ sumotime 46498.0 seconds
new vehicle253 @ 12:56:56 (sumoTime: 46616 seconds) on link 1 with path_nodes [1, 2, 3, 4] which means path_links [1, 2, 3]
new vehicle254 @ 12:57:00 (sumoTime: 46620 seconds) on link 1 with path_nodes [1, 2, 3, 4] which means path_links [1, 2, 3]
['newVeh253'] arrived @ sumotime 46642.0 seconds
['newVeh254'] arrived @ sumotime 46647.0 seconds
13:00:00
[INFO: transfer Visum-Sumo]: [(1.0, 100.0, 34.99513888888889, 2.0, 1.0), (-3.0, 100.0, 0.0, 3.0, 4.0), (5.0, 100.0, 0.0, 5.0, 4.0)] 
 [(3, 45)]
Umlegung ausgeführt
curVolumes: (130000, [(3, 45, 0)])
new vehicle255 @ 13:00:16 (sumoTime: 46816 seconds) on link 1 with path_nodes [1, 2, 3, 4] which means path_links [1, 2, 3]
['newVeh255'] arrived @ sumotime 46843.0 seconds
new vehicle256 @ 13:01:39 (sumoTime: 46899 seconds) on link 1 with path_nodes [1, 2, 3, 4] which means path_links [1, 2, 3]
new vehicle257 @ 13:01:51 (sumoTime: 46911 seconds) on link 1 with path_nodes [1, 2, 3, 4] which means path_links [1, 2, 3]
new vehicle258 @ 13:01:55 (sumoTime: 46915 seconds) on link 1 with path_nodes [1, 2, 3, 4] which means path_links [1, 2, 3]
['newVeh256'] arrived @ sumotime 46927.0 seconds
['newVeh257'] arrived @ sumotime 46940.0 seconds
['newVeh258'] arrived @ sumotime 46942.0 seconds
new vehicle259 @ 13:03:15 (sumoTime: 46995 seconds) on link 1 with path_nodes [1, 2, 3, 4] which means path_links [1, 2, 3]
['newVeh259'] arrived @ sumotime 47023.0 seconds
new vehicle260 @ 13:03:50 (sumoTime: 47030 seconds) on link 1 with path_nodes [1, 2, 3, 4] which means path_links [1, 2, 3]
['newVeh260'] arrived @ sumotime 47060.0 seconds
new vehicle261 @ 13:04:25 (sumoTime: 47065 seconds) on link 1 with path_nodes [1, 2, 3, 4] which means path_links [1, 2, 3]
['newVeh261'] arrived @ sumotime 47095.0 seconds
new vehicle262 @ 13:05:41 (sumoTime: 47141 seconds) on link 1 with path_nodes [1, 2, 3, 4] which means path_links [1, 2, 3]
['newVeh262'] arrived @ sumotime 47168.0 seconds
new vehicle263 @ 13:07:33 (sumoTime: 47253 seconds) on link 1 with path_nodes [1, 2, 3, 4] which means path_links [1, 2, 3]
new vehicle264 @ 13:07:47 (sumoTime: 47267 seconds) on link 1 with path_nodes [1, 2, 3, 4] which means path_links [1, 2, 3]
['newVeh263'] arrived @ sumotime 47280.0 seconds
['newVeh264'] arrived @ sumotime 47294.0 seconds
new vehicle265 @ 13:09:06 (sumoTime: 47346 seconds) on link 1 with path_nodes [1, 2, 3, 4] which means path_links [1, 2, 3]
['newVeh265'] arrived @ sumotime 47373.0 seconds
new vehicle266 @ 13:11:16 (sumoTime: 47476 seconds) on link 1 with path_nodes [1, 2, 3, 4] which means path_links [1, 2, 3]
new vehicle267 @ 13:11:31 (sumoTime: 47491 seconds) on link 1 with path_nodes [1, 2, 3, 4] which means path_links [1, 2, 3]
['newVeh266'] arrived @ sumotime 47500.0 seconds
['newVeh267'] arrived @ sumotime 47518.0 seconds
new vehicle268 @ 13:15:15 (sumoTime: 47715 seconds) on link 1 with path_nodes [1, 2, 3, 4] which means path_links [1, 2, 3]
['newVeh268'] arrived @ sumotime 47740.0 seconds
['newVeh268'] arrived @ sumotime 47741.0 seconds
new vehicle269 @ 13:23:21 (sumoTime: 48201 seconds) on link 1 with path_nodes [1, 2, 3, 4] which means path_links [1, 2, 3]
['newVeh269'] arrived @ sumotime 48231.0 seconds
new vehicle270 @ 13:24:15 (sumoTime: 48255 seconds) on link 1 with path_nodes [1, 2, 3, 4] which means path_links [1, 2, 3]
new vehicle271 @ 13:24:36 (sumoTime: 48276 seconds) on link 1 with path_nodes [1, 2, 3, 4] which means path_links [1, 2, 3]
['newVeh270'] arrived @ sumotime 48282.0 seconds
['newVeh271'] arrived @ sumotime 48302.0 seconds
new vehicle272 @ 13:28:31 (sumoTime: 48511 seconds) on link 1 with path_nodes [1, 2, 3, 4] which means path_links [1, 2, 3]
new vehicle273 @ 13:28:43 (sumoTime: 48523 seconds) on link 1 with path_nodes [1, 2, 3, 4] which means path_links [1, 2, 3]
['newVeh272'] arrived @ sumotime 48537.0 seconds
new vehicle274 @ 13:29:05 (sumoTime: 48545 seconds) on link 1 with path_nodes [1, 2, 3, 4] which means path_links [1, 2, 3]
['newVeh273'] arrived @ sumotime 48554.0 seconds
['newVeh274'] arrived @ sumotime 48572.0 seconds
new vehicle275 @ 13:30:26 (sumoTime: 48626 seconds) on link 1 with path_nodes [1, 2, 3, 4] which means path_links [1, 2, 3]
['newVeh275'] arrived @ sumotime 48654.0 seconds
new vehicle276 @ 13:31:16 (sumoTime: 48676 seconds) on link 1 with path_nodes [1, 2, 3, 4] which means path_links [1, 2, 3]
['newVeh276'] arrived @ sumotime 48703.0 seconds
new vehicle277 @ 13:32:00 (sumoTime: 48720 seconds) on link 1 with path_nodes [1, 2, 3, 4] which means path_links [1, 2, 3]
['newVeh277'] arrived @ sumotime 48746.0 seconds
new vehicle278 @ 13:33:03 (sumoTime: 48783 seconds) on link 1 with path_nodes [1, 2, 3, 4] which means path_links [1, 2, 3]
['newVeh278'] arrived @ sumotime 48810.0 seconds
new vehicle279 @ 13:39:36 (sumoTime: 49176 seconds) on link 1 with path_nodes [1, 2, 3, 4] which means path_links [1, 2, 3]
['newVeh279'] arrived @ sumotime 49204.0 seconds
new vehicle280 @ 13:41:23 (sumoTime: 49283 seconds) on link 1 with path_nodes [1, 2, 3, 4] which means path_links [1, 2, 3]
['newVeh280'] arrived @ sumotime 49313.0 seconds
new vehicle281 @ 13:46:40 (sumoTime: 49600 seconds) on link 1 with path_nodes [1, 2, 3, 4] which means path_links [1, 2, 3]
new vehicle282 @ 13:46:57 (sumoTime: 49617 seconds) on link 1 with path_nodes [1, 2, 3, 4] which means path_links [1, 2, 3]
['newVeh281'] arrived @ sumotime 49628.0 seconds
['newVeh282'] arrived @ sumotime 49645.0 seconds
new vehicle283 @ 13:53:08 (sumoTime: 49988 seconds) on link 1 with path_nodes [1, 2, 3, 4] which means path_links [1, 2, 3]
new vehicle284 @ 13:53:11 (sumoTime: 49991 seconds) on link 1 with path_nodes [1, 2, 3, 4] which means path_links [1, 2, 3]
['newVeh283'] arrived @ sumotime 50013.0 seconds
['newVeh284'] arrived @ sumotime 50019.0 seconds
new vehicle285 @ 13:55:13 (sumoTime: 50113 seconds) on link 1 with path_nodes [1, 2, 3, 4] which means path_links [1, 2, 3]
new vehicle286 @ 13:55:37 (sumoTime: 50137 seconds) on link 1 with path_nodes [1, 2, 3, 4] which means path_links [1, 2, 3]
['newVeh285'] arrived @ sumotime 50144.0 seconds
['newVeh286'] arrived @ sumotime 50163.0 seconds
new vehicle287 @ 13:56:51 (sumoTime: 50211 seconds) on link 1 with path_nodes [1, 2, 3, 4] which means path_links [1, 2, 3]
['newVeh287'] arrived @ sumotime 50237.0 seconds
new vehicle288 @ 13:59:22 (sumoTime: 50362 seconds) on link 1 with path_nodes [1, 2, 3, 4] which means path_links [1, 2, 3]
['newVeh288'] arrived @ sumotime 50393.0 seconds
14:00:00
[INFO: transfer Visum-Sumo]: [(1.0, 100.0, 37.49513888888889, 2.0, 1.0), (-3.0, 100.0, 0.0, 3.0, 4.0), (5.0, 100.0, 0.0, 5.0, 4.0)] 
 [(3, 35)]
Umlegung ausgeführt
curVolumes: (140000, [(3, 35, 0)])
new vehicle289 @ 14:01:09 (sumoTime: 50469 seconds) on link 1 with path_nodes [1, 2, 3, 4] which means path_links [1, 2, 3]
new vehicle290 @ 14:01:25 (sumoTime: 50485 seconds) on link 1 with path_nodes [1, 2, 3, 4] which means path_links [1, 2, 3]
new vehicle291 @ 14:01:31 (sumoTime: 50491 seconds) on link 1 with path_nodes [1, 2, 3, 4] which means path_links [1, 2, 3]
['newVeh289'] arrived @ sumotime 50497.0 seconds
['newVeh290'] arrived @ sumotime 50511.0 seconds
['newVeh291'] arrived @ sumotime 50518.0 seconds
new vehicle292 @ 14:03:04 (sumoTime: 50584 seconds) on link 1 with path_nodes [1, 2, 3, 4] which means path_links [1, 2, 3]
['newVeh292'] arrived @ sumotime 50610.0 seconds
new vehicle293 @ 14:04:45 (sumoTime: 50685 seconds) on link 1 with path_nodes [1, 2, 3, 4] which means path_links [1, 2, 3]
['newVeh293'] arrived @ sumotime 50716.0 seconds
new vehicle294 @ 14:05:35 (sumoTime: 50735 seconds) on link 1 with path_nodes [1, 2, 3, 4] which means path_links [1, 2, 3]
new vehicle295 @ 14:05:58 (sumoTime: 50758 seconds) on link 1 with path_nodes [1, 2, 3, 4] which means path_links [1, 2, 3]
['newVeh294'] arrived @ sumotime 50765.0 seconds
new vehicle296 @ 14:06:12 (sumoTime: 50772 seconds) on link 1 with path_nodes [1, 2, 3, 4] which means path_links [1, 2, 3]
new vehicle297 @ 14:06:16 (sumoTime: 50776 seconds) on link 1 with path_nodes [1, 2, 3, 4] which means path_links [1, 2, 3]
['newVeh295'] arrived @ sumotime 50783.0 seconds
['newVeh296'] arrived @ sumotime 50797.0 seconds
['newVeh297'] arrived @ sumotime 50805.0 seconds
new vehicle298 @ 14:09:32 (sumoTime: 50972 seconds) on link 1 with path_nodes [1, 2, 3, 4] which means path_links [1, 2, 3]
['newVeh298'] arrived @ sumotime 51000.0 seconds
new vehicle299 @ 14:15:45 (sumoTime: 51345 seconds) on link 1 with path_nodes [1, 2, 3, 4] which means path_links [1, 2, 3]
['newVeh299'] arrived @ sumotime 51370.0 seconds
new vehicle300 @ 14:21:14 (sumoTime: 51674 seconds) on link 1 with path_nodes [1, 2, 3, 4] which means path_links [1, 2, 3]
['newVeh300'] arrived @ sumotime 51701.0 seconds
new vehicle301 @ 14:22:17 (sumoTime: 51737 seconds) on link 1 with path_nodes [1, 2, 3, 4] which means path_links [1, 2, 3]
['newVeh301'] arrived @ sumotime 51763.0 seconds
new vehicle302 @ 14:25:10 (sumoTime: 51910 seconds) on link 1 with path_nodes [1, 2, 3, 4] which means path_links [1, 2, 3]
['newVeh302'] arrived @ sumotime 51937.0 seconds
new vehicle303 @ 14:26:20 (sumoTime: 51980 seconds) on link 1 with path_nodes [1, 2, 3, 4] which means path_links [1, 2, 3]
['newVeh303'] arrived @ sumotime 52008.0 seconds
new vehicle304 @ 14:27:59 (sumoTime: 52079 seconds) on link 1 with path_nodes [1, 2, 3, 4] which means path_links [1, 2, 3]
['newVeh304'] arrived @ sumotime 52106.0 seconds
new vehicle305 @ 14:33:41 (sumoTime: 52421 seconds) on link 1 with path_nodes [1, 2, 3, 4] which means path_links [1, 2, 3]
['newVeh305'] arrived @ sumotime 52447.0 seconds
new vehicle306 @ 14:34:23 (sumoTime: 52463 seconds) on link 1 with path_nodes [1, 2, 3, 4] which means path_links [1, 2, 3]
['newVeh306'] arrived @ sumotime 52491.0 seconds
new vehicle307 @ 14:36:44 (sumoTime: 52604 seconds) on link 1 with path_nodes [1, 2, 3, 4] which means path_links [1, 2, 3]
['newVeh307'] arrived @ sumotime 52630.0 seconds
new vehicle308 @ 14:40:14 (sumoTime: 52814 seconds) on link 1 with path_nodes [1, 2, 3, 4] which means path_links [1, 2, 3]
['newVeh308'] arrived @ sumotime 52838.0 seconds
new vehicle309 @ 14:42:11 (sumoTime: 52931 seconds) on link 1 with path_nodes [1, 2, 3, 4] which means path_links [1, 2, 3]
['newVeh309'] arrived @ sumotime 52956.0 seconds
new vehicle310 @ 14:43:39 (sumoTime: 53019 seconds) on link 1 with path_nodes [1, 2, 3, 4] which means path_links [1, 2, 3]
['newVeh310'] arrived @ sumotime 53049.0 seconds
new vehicle311 @ 14:50:14 (sumoTime: 53414 seconds) on link 1 with path_nodes [1, 2, 3, 4] which means path_links [1, 2, 3]
['newVeh311'] arrived @ sumotime 53441.0 seconds
new vehicle312 @ 14:50:50 (sumoTime: 53450 seconds) on link 1 with path_nodes [1, 2, 3, 4] which means path_links [1, 2, 3]
['newVeh312'] arrived @ sumotime 53478.0 seconds
['newVeh312'] arrived @ sumotime 53479.0 seconds
new vehicle313 @ 14:51:47 (sumoTime: 53507 seconds) on link 1 with path_nodes [1, 2, 3, 4] which means path_links [1, 2, 3]
['newVeh313'] arrived @ sumotime 53534.0 seconds
new vehicle314 @ 14:52:24 (sumoTime: 53544 seconds) on link 1 with path_nodes [1, 2, 3, 4] which means path_links [1, 2, 3]
['newVeh314'] arrived @ sumotime 53570.0 seconds
new vehicle315 @ 14:55:16 (sumoTime: 53716 seconds) on link 1 with path_nodes [1, 2, 3, 4] which means path_links [1, 2, 3]
['newVeh315'] arrived @ sumotime 53742.0 seconds
new vehicle316 @ 14:55:59 (sumoTime: 53759 seconds) on link 1 with path_nodes [1, 2, 3, 4] which means path_links [1, 2, 3]
['newVeh316'] arrived @ sumotime 53783.0 seconds
new vehicle317 @ 14:57:16 (sumoTime: 53836 seconds) on link 1 with path_nodes [1, 2, 3, 4] which means path_links [1, 2, 3]
['newVeh317'] arrived @ sumotime 53863.0 seconds
new vehicle318 @ 14:58:30 (sumoTime: 53910 seconds) on link 1 with path_nodes [1, 2, 3, 4] which means path_links [1, 2, 3]
['newVeh318'] arrived @ sumotime 53939.0 seconds
Gesamte Auslastung: 296
Summe erzeugter Fahrzeuge: 319
-> Fahrzeuge verloren: -23
Tupel bestehend aus: VolVisum, geplantesVolSumo, avgArrTimeVisum, avgArrTimeSumo
Link: 1 -> [(2, 2, 1800, 2045), (5, 4, 720, 419), (7, 9, 514, 456), (10, 11, 360, 382), (12, 14, 300, 278), (15, 16, 240, 241), (17, 22, 211, 232), (20, 26, 180, 136), (22, 27, 163, 135), (25, 33, 144, 114), (27, 34, 133, 113), (30, 31, 120, 120), (32, 39, 112, 98), (35, 35, 102, 106), (37, 31, 97, 120)]
Link: 3 -> []
Link: 5 -> []
VolumenInSumo: [(2949, ['1', '2', '3']), (14755, ['1', '2', '3']), (15308, ['1', '2', '3']), (15558, ['1', '2', '3']), (20403, ['1', '2', '3']), (20415, ['1', '2', '3']), (20636, ['1', '2', '3']), (22027, ['1', '2', '3']), (22851, ['1', '2', '3']), (24231, ['1', '2', '3']), (24327, ['1', '2', '3']), (25750, ['1', '2', '3']), (30103, ['1', '2', '3']), (30751, ['1', '2', '3']), (30757, ['1', '2', '3']), (31014, ['1', '2', '3']), (31739, ['1', '2', '3']), (32446, ['1', '2', '3']), (32729, ['1', '2', '3']), (34257, ['1', '2', '3']), (35224, ['1', '2', '3']), (35419, ['1', '2', '3']), (40137, ['1', '2', '3']), (40643, ['1', '2', '3']), (40913, ['1', '2', '3']), (41133, ['1', '2', '3']), (41201, ['1', '2', '3']), (41936, ['1', '2', '3']), (43255, ['1', '2', '3']), (43702, ['1', '2', '3']), (43816, ['1', '2', '3']), (44310, ['1', '2', '3']), (44731, ['1', '2', '3']), (44832, ['1', '2', '3']), (45624, ['1', '2', '3']), (50239, ['1', '2', '3']), (50405, ['1', '2', '3']), (50515, ['1', '2', '3']), (51235, ['1', '2', '3']), (51242, ['1', '2', '3']), (51429, ['1', '2', '3']), (52858, ['1', '2', '3']), (53136, ['1', '2', '3']), (53640, ['1', '2', '3']), (54152, ['1', '2', '3']), (54442, ['1', '2', '3']), (54452, ['1', '2', '3']), (54452, ['1', '2', '3']), (54918, ['1', '2', '3']), (55538, ['1', '2', '3']), (60238, ['1', '2', '3']), (60732, ['1', '2', '3']), (61655, ['1', '2', '3']), (61729, ['1', '2', '3']), (61815, ['1', '2', '3']), (62137, ['1', '2', '3']), (62230, ['1', '2', '3']), (62442, ['1', '2', '3']), (62458, ['1', '2', '3']), (62905, ['1', '2', '3']), (63337, ['1', '2', '3']), (63523, ['1', '2', '3']), (64044, ['1', '2', '3']), (64345, ['1', '2', '3']), (64430, ['1', '2', '3']), (64612, ['1', '2', '3']), (65127, ['1', '2', '3']), (65413, ['1', '2', '3']), (65418, ['1', '2', '3']), (65556, ['1', '2', '3']), (65913, ['1', '2', '3']), (70401, ['1', '2', '3']), (70604, ['1', '2', '3']), (70633, ['1', '2', '3']), (70744, ['1', '2', '3']), (71025, ['1', '2', '3']), (71039, ['1', '2', '3']), (71128, ['1', '2', '3']), (71153, ['1', '2', '3']), (71212, ['1', '2', '3']), (71347, ['1', '2', '3']), (71721, ['1', '2', '3']), (72110, ['1', '2', '3']), (72314, ['1', '2', '3']), (72321, ['1', '2', '3']), (72813, ['1', '2', '3']), (72931, ['1', '2', '3']), (73045, ['1', '2', '3']), (73406, ['1', '2', '3']), (73448, ['1', '2', '3']), (73805, ['1', '2', '3']), (74131, ['1', '2', '3']), (74853, ['1', '2', '3']), (75434, ['1', '2', '3']), (75800, ['1', '2', '3']), (75906, ['1', '2', '3']), (80355, ['1', '9', '-5', '-3', '3']), (80411, ['1', '9', '-5', '-3', '3']), (80440, ['1', '9', '-5', '-3', '3']), (80721, ['1', '9', '-5', '-3', '3']), (80823, ['1', '9', '-5', '-3', '3']), (80942, ['1', '9', '-5', '-3', '3']), (81445, ['1', '9', '-5', '-3', '3']), (81713, ['1', '9', '-5', '-3', '3']), (82224, ['1', '9', '-5', '-3', '3']), (82551, ['1', '9', '-5', '-3', '3']), (82730, ['1', '9', '-5', '-3', '3']), (83135, ['1', '9', '-5', '-3', '3']), (83139, ['1', '9', '-5', '-3', '3']), (83825, ['1', '9', '-5', '-3', '3']), (83832, ['1', '9', '-5', '-3', '3']), (84434, ['1', '9', '-5', '-3', '3']), (84509, ['1', '9', '-5', '-3', '3']), (84514, ['1', '9', '-5', '-3', '3']), (84556, ['1', '9', '-5', '-3', '3']), (84639, ['1', '9', '-5', '-3', '3']), (84850, ['1', '9', '-5', '-3', '3']), (84906, ['1', '9', '-5', '-3', '3']), (85131, ['1', '9', '-5', '-3', '3']), (85307, ['1', '9', '-5', '-3', '3']), (85357, ['1', '9', '-5', '-3', '3']), (85423, ['1', '9', '-5', '-3', '3']), (90219, ['1', '9', '-5', '-3', '3']), (90405, ['1', '9', '-5', '-3', '3']), (90425, ['1', '9', '-5', '-3', '3']), (90807, ['1', '9', '-5', '-3', '3']), (91208, ['1', '9', '-5', '-3', '3']), (91511, ['1', '9', '-5', '-3', '3']), (91918, ['1', '9', '-5', '-3', '3']), (92029, ['1', '9', '-5', '-3', '3']), (92117, ['1', '9', '-5', '-3', '3']), (92735, ['1', '9', '-5', '-3', '3']), (93311, ['1', '9', '-5', '-3', '3']), (93539, ['1', '9', '-5', '-3', '3']), (93941, ['1', '9', '-5', '-3', '3']), (93946, ['1', '9', '-5', '-3', '3']), (94039, ['1', '9', '-5', '-3', '3']), (94057, ['1', '9', '-5', '-3', '3']), (94130, ['1', '9', '-5', '-3', '3']), (94256, ['1', '9', '-5', '-3', '3']), (94433, ['1', '9', '-5', '-3', '3']), (94829, ['1', '9', '-5', '-3', '3']), (94902, ['1', '9', '-5', '-3', '3']), (95003, ['1', '9', '-5', '-3', '3']), (95022, ['1', '9', '-5', '-3', '3']), (95042, ['1', '9', '-5', '-3', '3']), (95142, ['1', '9', '-5', '-3', '3']), (95307, ['1', '9', '-5', '-3', '3']), (95325, ['1', '9', '-5', '-3', '3']), (95524, ['1', '9', '-5', '-3', '3']), (95646, ['1', '9', '-5', '-3', '3']), (95747, ['1', '9', '-5', '-3', '3']), (95858, ['1', '9', '-5', '-3', '3']), (95901, ['1', '9', '-5', '-3', '3']), (100015, ['1', '9', '-5', '-3', '3']), (100023, ['1', '9', '-5', '-3', '3']), (100102, ['1', '9', '-5', '-3', '3']), (100300, ['1', '9', '-5', '-3', '3']), (100454, ['1', '9', '-5', '-3', '3']), (100920, ['1', '9', '-5', '-3', '3']), (101109, ['1', '9', '-5', '-3', '3']), (101205, ['1', '9', '-5', '-3', '3']), (101215, ['1', '9', '-5', '-3', '3']), (101421, ['1', '9', '-5', '-3', '3']), (101643, ['1', '9', '-5', '-3', '3']), (102117, ['1', '9', '-5', '-3', '3']), (102253, ['1', '9', '-5', '-3', '3']), (102326, ['1', '9', '-5', '-3', '3']), (102404, ['1', '9', '-5', '-3', '3']), (102718, ['1', '9', '-5', '-3', '3']), (102859, ['1', '9', '-5', '-3', '3']), (102926, ['1', '9', '-5', '-3', '3']), (103341, ['1', '9', '-5', '-3', '3']), (103342, ['1', '9', '-5', '-3', '3']), (103514, ['1', '9', '-5', '-3', '3']), (103554, ['1', '9', '-5', '-3', '3']), (104106, ['1', '9', '-5', '-3', '3']), (104125, ['1', '9', '-5', '-3', '3']), (104156, ['1', '9', '-5', '-3', '3']), (104520, ['1', '9', '-5', '-3', '3']), (104550, ['1', '9', '-5', '-3', '3']), (104642, ['1', '9', '-5', '-3', '3']), (104646, ['1', '9', '-5', '-3', '3']), (104824, ['1', '9', '-5', '-3', '3']), (105101, ['1', '9', '-5', '-3', '3']), (105309, ['1', '9', '-5', '-3', '3']), (105932, ['1', '9', '-5', '-3', '3']), (110014, ['1', '9', '-5', '-3', '3']), (110227, ['1', '9', '-5', '-3', '3']), (110254, ['1', '9', '-5', '-3', '3']), (110422, ['1', '9', '-5', '-3', '3']), (111105, ['1', '9', '-5', '-3', '3']), (111123, ['1', '9', '-5', '-3', '3']), (111439, ['1', '9', '-5', '-3', '3']), (111658, ['1', '9', '-5', '-3', '3']), (111834, ['1', '9', '-5', '-3', '3']), (112010, ['1', '9', '-5', '-3', '3']), (112227, ['1', '9', '-5', '-3', '3']), (112239, ['1', '9', '-5', '-3', '3']), (112553, ['1', '9', '-5', '-3', '3']), (112831, ['1', '9', '-5', '-3', '3']), (112900, ['1', '9', '-5', '-3', '3']), (113308, ['1', '9', '-5', '-3', '3']), (113341, ['1', '9', '-5', '-3', '3']), (113354, ['1', '9', '-5', '-3', '3']), (113447, ['1', '9', '-5', '-3', '3']), (113641, ['1', '9', '-5', '-3', '3']), (113913, ['1', '9', '-5', '-3', '3']), (114100, ['1', '9', '-5', '-3', '3']), (114134, ['1', '9', '-5', '-3', '3']), (114428, ['1', '9', '-5', '-3', '3']), (114532, ['1', '9', '-5', '-3', '3']), (114641, ['1', '9', '-5', '-3', '3']), (114756, ['1', '9', '-5', '-3', '3']), (115445, ['1', '9', '-5', '-3', '3']), (115917, ['1', '9', '-5', '-3', '3']), (115958, ['1', '9', '-5', '-3', '3']), (120009, ['1', '2', '3']), (120032, ['1', '2', '3']), (120351, ['1', '2', '3']), (120405, ['1', '2', '3']), (120430, ['1', '2', '3']), (120515, ['1', '2', '3']), (120730, ['1', '2', '3']), (120748, ['1', '2', '3']), (120835, ['1', '2', '3']), (120857, ['1', '2', '3']), (121135, ['1', '2', '3']), (121343, ['1', '2', '3']), (121414, ['1', '2', '3']), (121607, ['1', '2', '3']), (121702, ['1', '2', '3']), (121933, ['1', '2', '3']), (122139, ['1', '2', '3']), (122212, ['1', '2', '3']), (122734, ['1', '2', '3']), (122736, ['1', '2', '3']), (123045, ['1', '2', '3']), (123147, ['1', '2', '3']), (123240, ['1', '2', '3']), (123914, ['1', '2', '3']), (124058, ['1', '2', '3']), (124211, ['1', '2', '3']), (124305, ['1', '2', '3']), (124423, ['1', '2', '3']), (124749, ['1', '2', '3']), (125029, ['1', '2', '3']), (125053, ['1', '2', '3']), (125138, ['1', '2', '3']), (125150, ['1', '2', '3']), (125159, ['1', '2', '3']), (125425, ['1', '2', '3']), (125429, ['1', '2', '3']), (125656, ['1', '2', '3']), (125700, ['1', '2', '3']), (130016, ['1', '2', '3']), (130139, ['1', '2', '3']), (130151, ['1', '2', '3']), (130155, ['1', '2', '3']), (130315, ['1', '2', '3']), (130350, ['1', '2', '3']), (130425, ['1', '2', '3']), (130541, ['1', '2', '3']), (130733, ['1', '2', '3']), (130747, ['1', '2', '3']), (130906, ['1', '2', '3']), (131116, ['1', '2', '3']), (131131, ['1', '2', '3']), (131515, ['1', '2', '3']), (132321, ['1', '2', '3']), (132415, ['1', '2', '3']), (132436, ['1', '2', '3']), (132831, ['1', '2', '3']), (132843, ['1', '2', '3']), (132905, ['1', '2', '3']), (133026, ['1', '2', '3']), (133116, ['1', '2', '3']), (133200, ['1', '2', '3']), (133303, ['1', '2', '3']), (133936, ['1', '2', '3']), (134123, ['1', '2', '3']), (134640, ['1', '2', '3']), (134657, ['1', '2', '3']), (135308, ['1', '2', '3']), (135311, ['1', '2', '3']), (135513, ['1', '2', '3']), (135537, ['1', '2', '3']), (135651, ['1', '2', '3']), (135922, ['1', '2', '3']), (140109, ['1', '2', '3']), (140125, ['1', '2', '3']), (140131, ['1', '2', '3']), (140304, ['1', '2', '3']), (140445, ['1', '2', '3']), (140535, ['1', '2', '3']), (140558, ['1', '2', '3']), (140612, ['1', '2', '3']), (140616, ['1', '2', '3']), (140932, ['1', '2', '3']), (141545, ['1', '2', '3']), (142114, ['1', '2', '3']), (142217, ['1', '2', '3']), (142510, ['1', '2', '3']), (142620, ['1', '2', '3']), (142759, ['1', '2', '3']), (143341, ['1', '2', '3']), (143423, ['1', '2', '3']), (143644, ['1', '2', '3']), (144014, ['1', '2', '3']), (144211, ['1', '2', '3']), (144339, ['1', '2', '3']), (145014, ['1', '2', '3']), (145050, ['1', '2', '3']), (145147, ['1', '2', '3']), (145224, ['1', '2', '3']), (145516, ['1', '2', '3']), (145559, ['1', '2', '3']), (145716, ['1', '2', '3']), (145830, ['1', '2', '3'])]
2 -> 3 : [(10000, 1), (20000, 3), (30000, 7), (40000, 10), (50000, 12), (60000, 15), (70000, 17), (80000, 20), (90000, 22), (100000, 25), (110000, 27), (120000, 30), (130000, 32), (140000, 35)]
2 -> 5 : [(10000, 1), (20000, 2), (30000, 0), (40000, 0), (50000, 0), (60000, 0), (70000, 0), (80000, 0), (90000, 0), (100000, 0), (110000, 0), (120000, 0), (130000, 0), (140000, 0)]
2 -> 6 : [(10000, 0), (20000, 0), (30000, 0), (40000, 0), (50000, 0), (60000, 0), (70000, 0), (80000, 0), (90000, 0), (100000, 0), (110000, 0), (120000, 0), (130000, 0), (140000, 0)]
3 -> 2 : [(10000, 0), (20000, 0), (30000, 0), (40000, 0), (50000, 0), (60000, 0), (70000, 0), (80000, 0), (90000, 0), (100000, 0), (110000, 0), (120000, 0), (130000, 0), (140000, 0)]
3 -> 4 : [(10000, 1), (20000, 3), (30000, 7), (40000, 10), (50000, 12), (60000, 15), (70000, 17), (80000, 20), (90000, 22), (100000, 25), (110000, 27), (120000, 30), (130000, 32), (140000, 35)]
3 -> 7 : [(10000, 0), (20000, 0), (30000, 0), (40000, 0), (50000, 0), (60000, 0), (70000, 0), (80000, 0), (90000, 0), (100000, 0), (110000, 0), (120000, 0), (130000, 0), (140000, 0)]
4 -> 3 : [(10000, 0), (20000, 0), (30000, 0), (40000, 0), (50000, 0), (60000, 0), (70000, 0), (80000, 0), (90000, 0), (100000, 0), (110000, 0), (120000, 0), (130000, 0), (140000, 0)]
4 -> 5 : [(10000, 0), (20000, 0), (30000, 0), (40000, 0), (50000, 0), (60000, 0), (70000, 0), (80000, 0), (90000, 0), (100000, 0), (110000, 0), (120000, 0), (130000, 0), (140000, 0)]
5 -> 2 : [(10000, 0), (20000, 0), (30000, 0), (40000, 0), (50000, 0), (60000, 0), (70000, 0), (80000, 0), (90000, 0), (100000, 0), (110000, 0), (120000, 0), (130000, 0), (140000, 0)]
5 -> 4 : [(10000, 1), (20000, 2), (30000, 0), (40000, 0), (50000, 0), (60000, 0), (70000, 0), (80000, 0), (90000, 0), (100000, 0), (110000, 0), (120000, 0), (130000, 0), (140000, 0)]
6 -> 2 : [(10000, 0), (20000, 0), (30000, 0), (40000, 0), (50000, 0), (60000, 0), (70000, 0), (80000, 0), (90000, 0), (100000, 0), (110000, 0), (120000, 0), (130000, 0), (140000, 0)]
6 -> 7 : [(10000, 0), (20000, 0), (30000, 0), (40000, 0), (50000, 0), (60000, 0), (70000, 0), (80000, 0), (90000, 0), (100000, 0), (110000, 0), (120000, 0), (130000, 0), (140000, 0)]
7 -> 3 : [(10000, 0), (20000, 0), (30000, 0), (40000, 0), (50000, 0), (60000, 0), (70000, 0), (80000, 0), (90000, 0), (100000, 0), (110000, 0), (120000, 0), (130000, 0), (140000, 0)]
7 -> 6 : [(10000, 0), (20000, 0), (30000, 0), (40000, 0), (50000, 0), (60000, 0), (70000, 0), (80000, 0), (90000, 0), (100000, 0), (110000, 0), (120000, 0), (130000, 0), (140000, 0)]
